[2023-06-27T00:00:55.544+0000] {processor.py:157} INFO - Started process (PID=473) to work on /opt/airflow/dags/spark_jobs_dag.py
[2023-06-27T00:00:55.546+0000] {processor.py:826} INFO - Processing file /opt/airflow/dags/spark_jobs_dag.py for tasks to queue
[2023-06-27T00:00:55.546+0000] {logging_mixin.py:149} INFO - [2023-06-27T00:00:55.546+0000] {dagbag.py:541} INFO - Filling up the DagBag from /opt/airflow/dags/spark_jobs_dag.py
[2023-06-27T00:00:55.576+0000] {processor.py:836} INFO - DAG(s) dict_keys(['spark_airflow_dag']) retrieved from /opt/airflow/dags/spark_jobs_dag.py
[2023-06-27T00:00:57.630+0000] {logging_mixin.py:149} INFO - [2023-06-27T00:00:57.630+0000] {dag.py:2726} INFO - Sync 1 DAGs
[2023-06-27T00:00:57.937+0000] {logging_mixin.py:149} INFO - [2023-06-27T00:00:57.937+0000] {dag.py:3486} INFO - Setting next_dagrun for spark_airflow_dag to None, run_after=None
[2023-06-27T00:00:58.142+0000] {processor.py:179} INFO - Processing /opt/airflow/dags/spark_jobs_dag.py took 2.612 seconds
[2023-06-27T01:05:30.755+0000] {processor.py:157} INFO - Started process (PID=183) to work on /opt/airflow/dags/spark_jobs_dag.py
[2023-06-27T01:05:30.862+0000] {processor.py:826} INFO - Processing file /opt/airflow/dags/spark_jobs_dag.py for tasks to queue
[2023-06-27T01:05:30.864+0000] {logging_mixin.py:149} INFO - [2023-06-27T01:05:30.864+0000] {dagbag.py:541} INFO - Filling up the DagBag from /opt/airflow/dags/spark_jobs_dag.py
[2023-06-27T01:05:31.222+0000] {processor.py:836} INFO - DAG(s) dict_keys(['spark_airflow_dag']) retrieved from /opt/airflow/dags/spark_jobs_dag.py
[2023-06-27T01:05:32.555+0000] {logging_mixin.py:149} INFO - [2023-06-27T01:05:32.554+0000] {dag.py:2726} INFO - Sync 1 DAGs
[2023-06-27T01:05:33.758+0000] {logging_mixin.py:149} INFO - [2023-06-27T01:05:33.758+0000] {dag.py:3486} INFO - Setting next_dagrun for spark_airflow_dag to None, run_after=None
[2023-06-27T01:05:34.665+0000] {processor.py:179} INFO - Processing /opt/airflow/dags/spark_jobs_dag.py took 4.053 seconds
[2023-06-27T01:37:49.468+0000] {processor.py:157} INFO - Started process (PID=102) to work on /opt/airflow/dags/spark_jobs_dag.py
[2023-06-27T01:37:49.489+0000] {processor.py:826} INFO - Processing file /opt/airflow/dags/spark_jobs_dag.py for tasks to queue
[2023-06-27T01:37:49.510+0000] {logging_mixin.py:149} INFO - [2023-06-27T01:37:49.510+0000] {dagbag.py:541} INFO - Filling up the DagBag from /opt/airflow/dags/spark_jobs_dag.py
[2023-06-27T01:37:49.516+0000] {processor.py:836} INFO - DAG(s) dict_keys(['spark_airflow_dag']) retrieved from /opt/airflow/dags/spark_jobs_dag.py
[2023-06-27T01:37:49.593+0000] {logging_mixin.py:149} INFO - [2023-06-27T01:37:49.592+0000] {dag.py:2726} INFO - Sync 1 DAGs
[2023-06-27T01:37:49.660+0000] {logging_mixin.py:149} INFO - [2023-06-27T01:37:49.660+0000] {dag.py:3486} INFO - Setting next_dagrun for spark_airflow_dag to None, run_after=None
[2023-06-27T01:37:49.745+0000] {processor.py:179} INFO - Processing /opt/airflow/dags/spark_jobs_dag.py took 0.291 seconds
[2023-06-27T01:43:05.979+0000] {processor.py:157} INFO - Started process (PID=294) to work on /opt/airflow/dags/spark_jobs_dag.py
[2023-06-27T01:43:06.142+0000] {processor.py:826} INFO - Processing file /opt/airflow/dags/spark_jobs_dag.py for tasks to queue
[2023-06-27T01:43:06.267+0000] {logging_mixin.py:149} INFO - [2023-06-27T01:43:06.267+0000] {dagbag.py:541} INFO - Filling up the DagBag from /opt/airflow/dags/spark_jobs_dag.py
[2023-06-27T01:43:08.962+0000] {processor.py:836} INFO - DAG(s) dict_keys(['spark_airflow_dag']) retrieved from /opt/airflow/dags/spark_jobs_dag.py
[2023-06-27T01:43:12.823+0000] {logging_mixin.py:149} INFO - [2023-06-27T01:43:12.822+0000] {dag.py:2726} INFO - Sync 1 DAGs
[2023-06-27T01:43:22.280+0000] {logging_mixin.py:149} INFO - [2023-06-27T01:43:22.280+0000] {dag.py:3486} INFO - Setting next_dagrun for spark_airflow_dag to None, run_after=None
[2023-06-27T01:43:27.680+0000] {processor.py:179} INFO - Processing /opt/airflow/dags/spark_jobs_dag.py took 22.689 seconds
[2023-06-27T02:20:42.360+0000] {processor.py:157} INFO - Started process (PID=192) to work on /opt/airflow/dags/spark_jobs_dag.py
[2023-06-27T02:20:42.443+0000] {processor.py:826} INFO - Processing file /opt/airflow/dags/spark_jobs_dag.py for tasks to queue
[2023-06-27T02:20:42.518+0000] {logging_mixin.py:149} INFO - [2023-06-27T02:20:42.517+0000] {dagbag.py:541} INFO - Filling up the DagBag from /opt/airflow/dags/spark_jobs_dag.py
[2023-06-27T02:20:42.764+0000] {processor.py:836} INFO - DAG(s) dict_keys(['spark_airflow_dag']) retrieved from /opt/airflow/dags/spark_jobs_dag.py
[2023-06-27T02:20:44.841+0000] {logging_mixin.py:149} INFO - [2023-06-27T02:20:44.840+0000] {dag.py:2726} INFO - Sync 1 DAGs
[2023-06-27T02:20:45.908+0000] {logging_mixin.py:149} INFO - [2023-06-27T02:20:45.908+0000] {dag.py:3486} INFO - Setting next_dagrun for spark_airflow_dag to None, run_after=None
[2023-06-27T02:20:46.585+0000] {processor.py:179} INFO - Processing /opt/airflow/dags/spark_jobs_dag.py took 4.314 seconds
[2023-06-27T08:57:04.765+0000] {processor.py:157} INFO - Started process (PID=607) to work on /opt/airflow/dags/spark_jobs_dag.py
[2023-06-27T08:57:04.790+0000] {processor.py:826} INFO - Processing file /opt/airflow/dags/spark_jobs_dag.py for tasks to queue
[2023-06-27T08:57:04.792+0000] {logging_mixin.py:149} INFO - [2023-06-27T08:57:04.792+0000] {dagbag.py:541} INFO - Filling up the DagBag from /opt/airflow/dags/spark_jobs_dag.py
[2023-06-27T08:57:04.804+0000] {processor.py:836} INFO - DAG(s) dict_keys(['spark_airflow_dag']) retrieved from /opt/airflow/dags/spark_jobs_dag.py
[2023-06-27T08:57:04.845+0000] {logging_mixin.py:149} INFO - [2023-06-27T08:57:04.844+0000] {dag.py:2726} INFO - Sync 1 DAGs
[2023-06-27T08:57:04.880+0000] {logging_mixin.py:149} INFO - [2023-06-27T08:57:04.880+0000] {dag.py:3486} INFO - Setting next_dagrun for spark_airflow_dag to None, run_after=None
[2023-06-27T08:57:04.930+0000] {processor.py:179} INFO - Processing /opt/airflow/dags/spark_jobs_dag.py took 0.170 seconds
[2023-06-27T09:00:37.906+0000] {processor.py:157} INFO - Started process (PID=746) to work on /opt/airflow/dags/spark_jobs_dag.py
[2023-06-27T09:00:38.089+0000] {processor.py:826} INFO - Processing file /opt/airflow/dags/spark_jobs_dag.py for tasks to queue
[2023-06-27T09:00:38.091+0000] {logging_mixin.py:149} INFO - [2023-06-27T09:00:38.091+0000] {dagbag.py:541} INFO - Filling up the DagBag from /opt/airflow/dags/spark_jobs_dag.py
[2023-06-27T09:00:38.566+0000] {processor.py:836} INFO - DAG(s) dict_keys(['spark_airflow_dag']) retrieved from /opt/airflow/dags/spark_jobs_dag.py
[2023-06-27T09:00:38.609+0000] {logging_mixin.py:149} INFO - [2023-06-27T09:00:38.608+0000] {dag.py:2726} INFO - Sync 1 DAGs
[2023-06-27T09:00:38.636+0000] {logging_mixin.py:149} INFO - [2023-06-27T09:00:38.636+0000] {dag.py:3486} INFO - Setting next_dagrun for spark_airflow_dag to None, run_after=None
[2023-06-27T09:00:38.740+0000] {processor.py:179} INFO - Processing /opt/airflow/dags/spark_jobs_dag.py took 0.839 seconds
[2023-06-27T09:20:57.016+0000] {processor.py:157} INFO - Started process (PID=103) to work on /opt/airflow/dags/spark_jobs_dag.py
[2023-06-27T09:20:57.031+0000] {processor.py:826} INFO - Processing file /opt/airflow/dags/spark_jobs_dag.py for tasks to queue
[2023-06-27T09:20:57.033+0000] {logging_mixin.py:149} INFO - [2023-06-27T09:20:57.033+0000] {dagbag.py:541} INFO - Filling up the DagBag from /opt/airflow/dags/spark_jobs_dag.py
[2023-06-27T09:20:57.059+0000] {processor.py:836} INFO - DAG(s) dict_keys(['spark_airflow_dag']) retrieved from /opt/airflow/dags/spark_jobs_dag.py
[2023-06-27T09:20:57.170+0000] {logging_mixin.py:149} INFO - [2023-06-27T09:20:57.166+0000] {dag.py:2726} INFO - Sync 1 DAGs
[2023-06-27T09:20:57.271+0000] {logging_mixin.py:149} INFO - [2023-06-27T09:20:57.271+0000] {dag.py:3486} INFO - Setting next_dagrun for spark_airflow_dag to None, run_after=None
[2023-06-27T09:20:57.404+0000] {processor.py:179} INFO - Processing /opt/airflow/dags/spark_jobs_dag.py took 0.408 seconds
[2023-06-27T09:21:27.661+0000] {processor.py:157} INFO - Started process (PID=157) to work on /opt/airflow/dags/spark_jobs_dag.py
[2023-06-27T09:21:27.662+0000] {processor.py:826} INFO - Processing file /opt/airflow/dags/spark_jobs_dag.py for tasks to queue
[2023-06-27T09:21:27.664+0000] {logging_mixin.py:149} INFO - [2023-06-27T09:21:27.664+0000] {dagbag.py:541} INFO - Filling up the DagBag from /opt/airflow/dags/spark_jobs_dag.py
[2023-06-27T09:21:27.671+0000] {processor.py:836} INFO - DAG(s) dict_keys(['spark_airflow_dag']) retrieved from /opt/airflow/dags/spark_jobs_dag.py
[2023-06-27T09:21:27.702+0000] {logging_mixin.py:149} INFO - [2023-06-27T09:21:27.702+0000] {dag.py:2726} INFO - Sync 1 DAGs
[2023-06-27T09:21:27.729+0000] {logging_mixin.py:149} INFO - [2023-06-27T09:21:27.729+0000] {dag.py:3486} INFO - Setting next_dagrun for spark_airflow_dag to None, run_after=None
[2023-06-27T09:21:27.754+0000] {processor.py:179} INFO - Processing /opt/airflow/dags/spark_jobs_dag.py took 0.097 seconds
[2023-06-27T09:21:58.361+0000] {processor.py:157} INFO - Started process (PID=225) to work on /opt/airflow/dags/spark_jobs_dag.py
[2023-06-27T09:21:58.396+0000] {processor.py:826} INFO - Processing file /opt/airflow/dags/spark_jobs_dag.py for tasks to queue
[2023-06-27T09:21:58.398+0000] {logging_mixin.py:149} INFO - [2023-06-27T09:21:58.397+0000] {dagbag.py:541} INFO - Filling up the DagBag from /opt/airflow/dags/spark_jobs_dag.py
[2023-06-27T09:21:58.430+0000] {processor.py:836} INFO - DAG(s) dict_keys(['spark_airflow_dag']) retrieved from /opt/airflow/dags/spark_jobs_dag.py
[2023-06-27T09:21:58.495+0000] {logging_mixin.py:149} INFO - [2023-06-27T09:21:58.495+0000] {dag.py:2726} INFO - Sync 1 DAGs
[2023-06-27T09:21:58.575+0000] {logging_mixin.py:149} INFO - [2023-06-27T09:21:58.575+0000] {dag.py:3486} INFO - Setting next_dagrun for spark_airflow_dag to None, run_after=None
[2023-06-27T09:21:58.616+0000] {processor.py:179} INFO - Processing /opt/airflow/dags/spark_jobs_dag.py took 0.266 seconds
[2023-06-27T09:22:28.805+0000] {processor.py:157} INFO - Started process (PID=292) to work on /opt/airflow/dags/spark_jobs_dag.py
[2023-06-27T09:22:28.806+0000] {processor.py:826} INFO - Processing file /opt/airflow/dags/spark_jobs_dag.py for tasks to queue
[2023-06-27T09:22:28.808+0000] {logging_mixin.py:149} INFO - [2023-06-27T09:22:28.808+0000] {dagbag.py:541} INFO - Filling up the DagBag from /opt/airflow/dags/spark_jobs_dag.py
[2023-06-27T09:22:28.814+0000] {processor.py:836} INFO - DAG(s) dict_keys(['spark_airflow_dag']) retrieved from /opt/airflow/dags/spark_jobs_dag.py
[2023-06-27T09:22:28.843+0000] {logging_mixin.py:149} INFO - [2023-06-27T09:22:28.843+0000] {dag.py:2726} INFO - Sync 1 DAGs
[2023-06-27T09:22:28.870+0000] {logging_mixin.py:149} INFO - [2023-06-27T09:22:28.870+0000] {dag.py:3486} INFO - Setting next_dagrun for spark_airflow_dag to None, run_after=None
[2023-06-27T09:22:28.896+0000] {processor.py:179} INFO - Processing /opt/airflow/dags/spark_jobs_dag.py took 0.097 seconds
[2023-06-27T09:22:59.576+0000] {processor.py:157} INFO - Started process (PID=361) to work on /opt/airflow/dags/spark_jobs_dag.py
[2023-06-27T09:22:59.578+0000] {processor.py:826} INFO - Processing file /opt/airflow/dags/spark_jobs_dag.py for tasks to queue
[2023-06-27T09:22:59.580+0000] {logging_mixin.py:149} INFO - [2023-06-27T09:22:59.580+0000] {dagbag.py:541} INFO - Filling up the DagBag from /opt/airflow/dags/spark_jobs_dag.py
[2023-06-27T09:22:59.593+0000] {processor.py:836} INFO - DAG(s) dict_keys(['spark_airflow_dag']) retrieved from /opt/airflow/dags/spark_jobs_dag.py
[2023-06-27T09:22:59.646+0000] {logging_mixin.py:149} INFO - [2023-06-27T09:22:59.646+0000] {dag.py:2726} INFO - Sync 1 DAGs
[2023-06-27T09:22:59.674+0000] {logging_mixin.py:149} INFO - [2023-06-27T09:22:59.674+0000] {dag.py:3486} INFO - Setting next_dagrun for spark_airflow_dag to None, run_after=None
[2023-06-27T09:22:59.696+0000] {processor.py:179} INFO - Processing /opt/airflow/dags/spark_jobs_dag.py took 0.125 seconds
[2023-06-27T09:23:30.502+0000] {processor.py:157} INFO - Started process (PID=427) to work on /opt/airflow/dags/spark_jobs_dag.py
[2023-06-27T09:23:30.503+0000] {processor.py:826} INFO - Processing file /opt/airflow/dags/spark_jobs_dag.py for tasks to queue
[2023-06-27T09:23:30.505+0000] {logging_mixin.py:149} INFO - [2023-06-27T09:23:30.505+0000] {dagbag.py:541} INFO - Filling up the DagBag from /opt/airflow/dags/spark_jobs_dag.py
[2023-06-27T09:23:30.540+0000] {processor.py:836} INFO - DAG(s) dict_keys(['spark_airflow_dag']) retrieved from /opt/airflow/dags/spark_jobs_dag.py
[2023-06-27T09:23:30.582+0000] {logging_mixin.py:149} INFO - [2023-06-27T09:23:30.582+0000] {dag.py:2726} INFO - Sync 1 DAGs
[2023-06-27T09:23:30.614+0000] {logging_mixin.py:149} INFO - [2023-06-27T09:23:30.614+0000] {dag.py:3486} INFO - Setting next_dagrun for spark_airflow_dag to None, run_after=None
[2023-06-27T09:23:30.635+0000] {processor.py:179} INFO - Processing /opt/airflow/dags/spark_jobs_dag.py took 0.137 seconds
[2023-06-27T09:25:57.626+0000] {processor.py:157} INFO - Started process (PID=91) to work on /opt/airflow/dags/spark_jobs_dag.py
[2023-06-27T09:25:57.628+0000] {processor.py:826} INFO - Processing file /opt/airflow/dags/spark_jobs_dag.py for tasks to queue
[2023-06-27T09:25:57.630+0000] {logging_mixin.py:149} INFO - [2023-06-27T09:25:57.630+0000] {dagbag.py:541} INFO - Filling up the DagBag from /opt/airflow/dags/spark_jobs_dag.py
[2023-06-27T09:25:57.636+0000] {processor.py:836} INFO - DAG(s) dict_keys(['spark_airflow_dag']) retrieved from /opt/airflow/dags/spark_jobs_dag.py
[2023-06-27T09:25:57.667+0000] {logging_mixin.py:149} INFO - [2023-06-27T09:25:57.666+0000] {dag.py:2726} INFO - Sync 1 DAGs
[2023-06-27T09:25:57.694+0000] {logging_mixin.py:149} INFO - [2023-06-27T09:25:57.693+0000] {dag.py:3486} INFO - Setting next_dagrun for spark_airflow_dag to None, run_after=None
[2023-06-27T09:25:57.714+0000] {processor.py:179} INFO - Processing /opt/airflow/dags/spark_jobs_dag.py took 0.092 seconds
[2023-06-27T09:26:28.211+0000] {processor.py:157} INFO - Started process (PID=153) to work on /opt/airflow/dags/spark_jobs_dag.py
[2023-06-27T09:26:28.212+0000] {processor.py:826} INFO - Processing file /opt/airflow/dags/spark_jobs_dag.py for tasks to queue
[2023-06-27T09:26:28.214+0000] {logging_mixin.py:149} INFO - [2023-06-27T09:26:28.214+0000] {dagbag.py:541} INFO - Filling up the DagBag from /opt/airflow/dags/spark_jobs_dag.py
[2023-06-27T09:26:28.249+0000] {processor.py:836} INFO - DAG(s) dict_keys(['spark_airflow_dag']) retrieved from /opt/airflow/dags/spark_jobs_dag.py
[2023-06-27T09:26:28.344+0000] {logging_mixin.py:149} INFO - [2023-06-27T09:26:28.343+0000] {dag.py:2726} INFO - Sync 1 DAGs
[2023-06-27T09:26:28.475+0000] {logging_mixin.py:149} INFO - [2023-06-27T09:26:28.475+0000] {dag.py:3486} INFO - Setting next_dagrun for spark_airflow_dag to None, run_after=None
[2023-06-27T09:26:28.544+0000] {processor.py:179} INFO - Processing /opt/airflow/dags/spark_jobs_dag.py took 0.358 seconds
[2023-06-27T09:26:59.941+0000] {processor.py:157} INFO - Started process (PID=226) to work on /opt/airflow/dags/spark_jobs_dag.py
[2023-06-27T09:26:59.945+0000] {processor.py:826} INFO - Processing file /opt/airflow/dags/spark_jobs_dag.py for tasks to queue
[2023-06-27T09:26:59.947+0000] {logging_mixin.py:149} INFO - [2023-06-27T09:26:59.946+0000] {dagbag.py:541} INFO - Filling up the DagBag from /opt/airflow/dags/spark_jobs_dag.py
[2023-06-27T09:26:59.961+0000] {processor.py:836} INFO - DAG(s) dict_keys(['spark_airflow_dag']) retrieved from /opt/airflow/dags/spark_jobs_dag.py
[2023-06-27T09:27:00.023+0000] {logging_mixin.py:149} INFO - [2023-06-27T09:27:00.023+0000] {dag.py:2726} INFO - Sync 1 DAGs
[2023-06-27T09:27:00.070+0000] {logging_mixin.py:149} INFO - [2023-06-27T09:27:00.069+0000] {dag.py:3486} INFO - Setting next_dagrun for spark_airflow_dag to None, run_after=None
[2023-06-27T09:27:00.111+0000] {processor.py:179} INFO - Processing /opt/airflow/dags/spark_jobs_dag.py took 0.179 seconds
[2023-06-27T09:27:31.075+0000] {processor.py:157} INFO - Started process (PID=291) to work on /opt/airflow/dags/spark_jobs_dag.py
[2023-06-27T09:27:31.076+0000] {processor.py:826} INFO - Processing file /opt/airflow/dags/spark_jobs_dag.py for tasks to queue
[2023-06-27T09:27:31.078+0000] {logging_mixin.py:149} INFO - [2023-06-27T09:27:31.078+0000] {dagbag.py:541} INFO - Filling up the DagBag from /opt/airflow/dags/spark_jobs_dag.py
[2023-06-27T09:27:31.106+0000] {processor.py:836} INFO - DAG(s) dict_keys(['spark_airflow_dag']) retrieved from /opt/airflow/dags/spark_jobs_dag.py
[2023-06-27T09:27:31.187+0000] {logging_mixin.py:149} INFO - [2023-06-27T09:27:31.187+0000] {dag.py:2726} INFO - Sync 1 DAGs
[2023-06-27T09:27:31.339+0000] {logging_mixin.py:149} INFO - [2023-06-27T09:27:31.339+0000] {dag.py:3486} INFO - Setting next_dagrun for spark_airflow_dag to None, run_after=None
[2023-06-27T09:27:31.415+0000] {processor.py:179} INFO - Processing /opt/airflow/dags/spark_jobs_dag.py took 0.370 seconds
[2023-06-27T09:28:02.407+0000] {processor.py:157} INFO - Started process (PID=358) to work on /opt/airflow/dags/spark_jobs_dag.py
[2023-06-27T09:28:02.411+0000] {processor.py:826} INFO - Processing file /opt/airflow/dags/spark_jobs_dag.py for tasks to queue
[2023-06-27T09:28:02.413+0000] {logging_mixin.py:149} INFO - [2023-06-27T09:28:02.412+0000] {dagbag.py:541} INFO - Filling up the DagBag from /opt/airflow/dags/spark_jobs_dag.py
[2023-06-27T09:28:02.442+0000] {processor.py:836} INFO - DAG(s) dict_keys(['spark_airflow_dag']) retrieved from /opt/airflow/dags/spark_jobs_dag.py
[2023-06-27T09:28:02.578+0000] {logging_mixin.py:149} INFO - [2023-06-27T09:28:02.577+0000] {dag.py:2726} INFO - Sync 1 DAGs
[2023-06-27T09:28:02.667+0000] {logging_mixin.py:149} INFO - [2023-06-27T09:28:02.667+0000] {dag.py:3486} INFO - Setting next_dagrun for spark_airflow_dag to None, run_after=None
[2023-06-27T09:28:02.711+0000] {processor.py:179} INFO - Processing /opt/airflow/dags/spark_jobs_dag.py took 0.328 seconds
[2023-06-27T09:28:32.921+0000] {processor.py:157} INFO - Started process (PID=425) to work on /opt/airflow/dags/spark_jobs_dag.py
[2023-06-27T09:28:32.922+0000] {processor.py:826} INFO - Processing file /opt/airflow/dags/spark_jobs_dag.py for tasks to queue
[2023-06-27T09:28:32.924+0000] {logging_mixin.py:149} INFO - [2023-06-27T09:28:32.924+0000] {dagbag.py:541} INFO - Filling up the DagBag from /opt/airflow/dags/spark_jobs_dag.py
[2023-06-27T09:28:32.930+0000] {processor.py:836} INFO - DAG(s) dict_keys(['spark_airflow_dag']) retrieved from /opt/airflow/dags/spark_jobs_dag.py
[2023-06-27T09:28:32.961+0000] {logging_mixin.py:149} INFO - [2023-06-27T09:28:32.960+0000] {dag.py:2726} INFO - Sync 1 DAGs
[2023-06-27T09:28:32.988+0000] {logging_mixin.py:149} INFO - [2023-06-27T09:28:32.988+0000] {dag.py:3486} INFO - Setting next_dagrun for spark_airflow_dag to None, run_after=None
[2023-06-27T09:28:33.009+0000] {processor.py:179} INFO - Processing /opt/airflow/dags/spark_jobs_dag.py took 0.093 seconds
[2023-06-27T09:29:03.604+0000] {processor.py:157} INFO - Started process (PID=500) to work on /opt/airflow/dags/spark_jobs_dag.py
[2023-06-27T09:29:03.619+0000] {processor.py:826} INFO - Processing file /opt/airflow/dags/spark_jobs_dag.py for tasks to queue
[2023-06-27T09:29:03.628+0000] {logging_mixin.py:149} INFO - [2023-06-27T09:29:03.627+0000] {dagbag.py:541} INFO - Filling up the DagBag from /opt/airflow/dags/spark_jobs_dag.py
[2023-06-27T09:29:03.668+0000] {processor.py:836} INFO - DAG(s) dict_keys(['spark_airflow_dag']) retrieved from /opt/airflow/dags/spark_jobs_dag.py
[2023-06-27T09:29:03.791+0000] {logging_mixin.py:149} INFO - [2023-06-27T09:29:03.791+0000] {dag.py:2726} INFO - Sync 1 DAGs
[2023-06-27T09:29:03.911+0000] {logging_mixin.py:149} INFO - [2023-06-27T09:29:03.911+0000] {dag.py:3486} INFO - Setting next_dagrun for spark_airflow_dag to None, run_after=None
[2023-06-27T09:29:03.977+0000] {processor.py:179} INFO - Processing /opt/airflow/dags/spark_jobs_dag.py took 0.433 seconds
[2023-06-27T09:29:34.131+0000] {processor.py:157} INFO - Started process (PID=569) to work on /opt/airflow/dags/spark_jobs_dag.py
[2023-06-27T09:29:34.133+0000] {processor.py:826} INFO - Processing file /opt/airflow/dags/spark_jobs_dag.py for tasks to queue
[2023-06-27T09:29:34.135+0000] {logging_mixin.py:149} INFO - [2023-06-27T09:29:34.134+0000] {dagbag.py:541} INFO - Filling up the DagBag from /opt/airflow/dags/spark_jobs_dag.py
[2023-06-27T09:29:34.141+0000] {processor.py:836} INFO - DAG(s) dict_keys(['spark_airflow_dag']) retrieved from /opt/airflow/dags/spark_jobs_dag.py
[2023-06-27T09:29:34.174+0000] {logging_mixin.py:149} INFO - [2023-06-27T09:29:34.174+0000] {dag.py:2726} INFO - Sync 1 DAGs
[2023-06-27T09:29:34.202+0000] {logging_mixin.py:149} INFO - [2023-06-27T09:29:34.201+0000] {dag.py:3486} INFO - Setting next_dagrun for spark_airflow_dag to None, run_after=None
[2023-06-27T09:29:34.222+0000] {processor.py:179} INFO - Processing /opt/airflow/dags/spark_jobs_dag.py took 0.096 seconds
[2023-06-27T09:30:04.821+0000] {processor.py:157} INFO - Started process (PID=635) to work on /opt/airflow/dags/spark_jobs_dag.py
[2023-06-27T09:30:04.826+0000] {processor.py:826} INFO - Processing file /opt/airflow/dags/spark_jobs_dag.py for tasks to queue
[2023-06-27T09:30:04.828+0000] {logging_mixin.py:149} INFO - [2023-06-27T09:30:04.828+0000] {dagbag.py:541} INFO - Filling up the DagBag from /opt/airflow/dags/spark_jobs_dag.py
[2023-06-27T09:30:04.847+0000] {processor.py:836} INFO - DAG(s) dict_keys(['spark_airflow_dag']) retrieved from /opt/airflow/dags/spark_jobs_dag.py
[2023-06-27T09:30:04.893+0000] {logging_mixin.py:149} INFO - [2023-06-27T09:30:04.893+0000] {dag.py:2726} INFO - Sync 1 DAGs
[2023-06-27T09:30:04.921+0000] {logging_mixin.py:149} INFO - [2023-06-27T09:30:04.920+0000] {dag.py:3486} INFO - Setting next_dagrun for spark_airflow_dag to None, run_after=None
[2023-06-27T09:30:04.940+0000] {processor.py:179} INFO - Processing /opt/airflow/dags/spark_jobs_dag.py took 0.124 seconds
[2023-06-27T09:30:35.503+0000] {processor.py:157} INFO - Started process (PID=716) to work on /opt/airflow/dags/spark_jobs_dag.py
[2023-06-27T09:30:35.505+0000] {processor.py:826} INFO - Processing file /opt/airflow/dags/spark_jobs_dag.py for tasks to queue
[2023-06-27T09:30:35.507+0000] {logging_mixin.py:149} INFO - [2023-06-27T09:30:35.507+0000] {dagbag.py:541} INFO - Filling up the DagBag from /opt/airflow/dags/spark_jobs_dag.py
[2023-06-27T09:30:35.512+0000] {processor.py:836} INFO - DAG(s) dict_keys(['spark_airflow_dag']) retrieved from /opt/airflow/dags/spark_jobs_dag.py
[2023-06-27T09:30:35.542+0000] {logging_mixin.py:149} INFO - [2023-06-27T09:30:35.541+0000] {dag.py:2726} INFO - Sync 1 DAGs
[2023-06-27T09:30:35.569+0000] {logging_mixin.py:149} INFO - [2023-06-27T09:30:35.569+0000] {dag.py:3486} INFO - Setting next_dagrun for spark_airflow_dag to None, run_after=None
[2023-06-27T09:30:35.592+0000] {processor.py:179} INFO - Processing /opt/airflow/dags/spark_jobs_dag.py took 0.095 seconds
[2023-06-27T09:31:05.755+0000] {processor.py:157} INFO - Started process (PID=784) to work on /opt/airflow/dags/spark_jobs_dag.py
[2023-06-27T09:31:05.756+0000] {processor.py:826} INFO - Processing file /opt/airflow/dags/spark_jobs_dag.py for tasks to queue
[2023-06-27T09:31:05.758+0000] {logging_mixin.py:149} INFO - [2023-06-27T09:31:05.758+0000] {dagbag.py:541} INFO - Filling up the DagBag from /opt/airflow/dags/spark_jobs_dag.py
[2023-06-27T09:31:05.770+0000] {processor.py:836} INFO - DAG(s) dict_keys(['spark_airflow_dag']) retrieved from /opt/airflow/dags/spark_jobs_dag.py
[2023-06-27T09:31:05.821+0000] {logging_mixin.py:149} INFO - [2023-06-27T09:31:05.821+0000] {dag.py:2726} INFO - Sync 1 DAGs
[2023-06-27T09:31:05.852+0000] {logging_mixin.py:149} INFO - [2023-06-27T09:31:05.852+0000] {dag.py:3486} INFO - Setting next_dagrun for spark_airflow_dag to None, run_after=None
[2023-06-27T09:31:05.876+0000] {processor.py:179} INFO - Processing /opt/airflow/dags/spark_jobs_dag.py took 0.126 seconds
[2023-06-27T09:31:35.918+0000] {processor.py:157} INFO - Started process (PID=850) to work on /opt/airflow/dags/spark_jobs_dag.py
[2023-06-27T09:31:35.920+0000] {processor.py:826} INFO - Processing file /opt/airflow/dags/spark_jobs_dag.py for tasks to queue
[2023-06-27T09:31:35.922+0000] {logging_mixin.py:149} INFO - [2023-06-27T09:31:35.922+0000] {dagbag.py:541} INFO - Filling up the DagBag from /opt/airflow/dags/spark_jobs_dag.py
[2023-06-27T09:31:35.928+0000] {processor.py:836} INFO - DAG(s) dict_keys(['spark_airflow_dag']) retrieved from /opt/airflow/dags/spark_jobs_dag.py
[2023-06-27T09:31:35.956+0000] {logging_mixin.py:149} INFO - [2023-06-27T09:31:35.956+0000] {dag.py:2726} INFO - Sync 1 DAGs
[2023-06-27T09:31:35.985+0000] {logging_mixin.py:149} INFO - [2023-06-27T09:31:35.985+0000] {dag.py:3486} INFO - Setting next_dagrun for spark_airflow_dag to None, run_after=None
[2023-06-27T09:31:36.005+0000] {processor.py:179} INFO - Processing /opt/airflow/dags/spark_jobs_dag.py took 0.092 seconds
[2023-06-27T09:32:06.818+0000] {processor.py:157} INFO - Started process (PID=924) to work on /opt/airflow/dags/spark_jobs_dag.py
[2023-06-27T09:32:06.819+0000] {processor.py:826} INFO - Processing file /opt/airflow/dags/spark_jobs_dag.py for tasks to queue
[2023-06-27T09:32:06.821+0000] {logging_mixin.py:149} INFO - [2023-06-27T09:32:06.820+0000] {dagbag.py:541} INFO - Filling up the DagBag from /opt/airflow/dags/spark_jobs_dag.py
[2023-06-27T09:32:06.826+0000] {processor.py:836} INFO - DAG(s) dict_keys(['spark_airflow_dag']) retrieved from /opt/airflow/dags/spark_jobs_dag.py
[2023-06-27T09:32:06.855+0000] {logging_mixin.py:149} INFO - [2023-06-27T09:32:06.855+0000] {dag.py:2726} INFO - Sync 1 DAGs
[2023-06-27T09:32:06.882+0000] {logging_mixin.py:149} INFO - [2023-06-27T09:32:06.882+0000] {dag.py:3486} INFO - Setting next_dagrun for spark_airflow_dag to None, run_after=None
[2023-06-27T09:32:06.914+0000] {processor.py:179} INFO - Processing /opt/airflow/dags/spark_jobs_dag.py took 0.108 seconds
[2023-06-27T09:32:40.432+0000] {processor.py:157} INFO - Started process (PID=992) to work on /opt/airflow/dags/spark_jobs_dag.py
[2023-06-27T09:32:40.443+0000] {processor.py:826} INFO - Processing file /opt/airflow/dags/spark_jobs_dag.py for tasks to queue
[2023-06-27T09:32:40.445+0000] {logging_mixin.py:149} INFO - [2023-06-27T09:32:40.444+0000] {dagbag.py:541} INFO - Filling up the DagBag from /opt/airflow/dags/spark_jobs_dag.py
[2023-06-27T09:32:40.459+0000] {processor.py:836} INFO - DAG(s) dict_keys(['spark_airflow_dag']) retrieved from /opt/airflow/dags/spark_jobs_dag.py
[2023-06-27T09:32:40.527+0000] {logging_mixin.py:149} INFO - [2023-06-27T09:32:40.527+0000] {dag.py:2726} INFO - Sync 1 DAGs
[2023-06-27T09:32:40.571+0000] {logging_mixin.py:149} INFO - [2023-06-27T09:32:40.571+0000] {dag.py:3486} INFO - Setting next_dagrun for spark_airflow_dag to None, run_after=None
[2023-06-27T09:32:40.618+0000] {processor.py:179} INFO - Processing /opt/airflow/dags/spark_jobs_dag.py took 0.203 seconds
[2023-06-27T09:33:11.420+0000] {processor.py:157} INFO - Started process (PID=1060) to work on /opt/airflow/dags/spark_jobs_dag.py
[2023-06-27T09:33:11.421+0000] {processor.py:826} INFO - Processing file /opt/airflow/dags/spark_jobs_dag.py for tasks to queue
[2023-06-27T09:33:11.423+0000] {logging_mixin.py:149} INFO - [2023-06-27T09:33:11.423+0000] {dagbag.py:541} INFO - Filling up the DagBag from /opt/airflow/dags/spark_jobs_dag.py
[2023-06-27T09:33:11.429+0000] {processor.py:836} INFO - DAG(s) dict_keys(['spark_airflow_dag']) retrieved from /opt/airflow/dags/spark_jobs_dag.py
[2023-06-27T09:33:11.462+0000] {logging_mixin.py:149} INFO - [2023-06-27T09:33:11.462+0000] {dag.py:2726} INFO - Sync 1 DAGs
[2023-06-27T09:33:11.491+0000] {logging_mixin.py:149} INFO - [2023-06-27T09:33:11.491+0000] {dag.py:3486} INFO - Setting next_dagrun for spark_airflow_dag to None, run_after=None
[2023-06-27T09:33:11.512+0000] {processor.py:179} INFO - Processing /opt/airflow/dags/spark_jobs_dag.py took 0.128 seconds
[2023-06-27T09:33:43.073+0000] {processor.py:157} INFO - Started process (PID=1129) to work on /opt/airflow/dags/spark_jobs_dag.py
[2023-06-27T09:33:43.078+0000] {processor.py:826} INFO - Processing file /opt/airflow/dags/spark_jobs_dag.py for tasks to queue
[2023-06-27T09:33:43.087+0000] {logging_mixin.py:149} INFO - [2023-06-27T09:33:43.087+0000] {dagbag.py:541} INFO - Filling up the DagBag from /opt/airflow/dags/spark_jobs_dag.py
[2023-06-27T09:33:43.101+0000] {processor.py:836} INFO - DAG(s) dict_keys(['spark_airflow_dag']) retrieved from /opt/airflow/dags/spark_jobs_dag.py
[2023-06-27T09:33:43.175+0000] {logging_mixin.py:149} INFO - [2023-06-27T09:33:43.175+0000] {dag.py:2726} INFO - Sync 1 DAGs
[2023-06-27T09:33:43.247+0000] {logging_mixin.py:149} INFO - [2023-06-27T09:33:43.247+0000] {dag.py:3486} INFO - Setting next_dagrun for spark_airflow_dag to None, run_after=None
[2023-06-27T09:33:43.294+0000] {processor.py:179} INFO - Processing /opt/airflow/dags/spark_jobs_dag.py took 0.234 seconds
[2023-06-27T09:34:13.913+0000] {processor.py:157} INFO - Started process (PID=1196) to work on /opt/airflow/dags/spark_jobs_dag.py
[2023-06-27T09:34:13.918+0000] {processor.py:826} INFO - Processing file /opt/airflow/dags/spark_jobs_dag.py for tasks to queue
[2023-06-27T09:34:13.922+0000] {logging_mixin.py:149} INFO - [2023-06-27T09:34:13.921+0000] {dagbag.py:541} INFO - Filling up the DagBag from /opt/airflow/dags/spark_jobs_dag.py
[2023-06-27T09:34:13.954+0000] {processor.py:836} INFO - DAG(s) dict_keys(['spark_airflow_dag']) retrieved from /opt/airflow/dags/spark_jobs_dag.py
[2023-06-27T09:34:14.023+0000] {logging_mixin.py:149} INFO - [2023-06-27T09:34:14.023+0000] {dag.py:2726} INFO - Sync 1 DAGs
[2023-06-27T09:34:14.075+0000] {logging_mixin.py:149} INFO - [2023-06-27T09:34:14.075+0000] {dag.py:3486} INFO - Setting next_dagrun for spark_airflow_dag to None, run_after=None
[2023-06-27T09:34:14.118+0000] {processor.py:179} INFO - Processing /opt/airflow/dags/spark_jobs_dag.py took 0.214 seconds
