[2023-06-27T00:00:52.035+0000] {processor.py:157} INFO - Started process (PID=461) to work on /home/airflow/.local/lib/python3.8/site-packages/airflow/example_dags/example_params_trigger_ui.py
[2023-06-27T00:00:52.036+0000] {processor.py:826} INFO - Processing file /home/airflow/.local/lib/python3.8/site-packages/airflow/example_dags/example_params_trigger_ui.py for tasks to queue
[2023-06-27T00:00:52.046+0000] {logging_mixin.py:149} INFO - [2023-06-27T00:00:52.037+0000] {dagbag.py:541} INFO - Filling up the DagBag from /home/airflow/.local/lib/python3.8/site-packages/airflow/example_dags/example_params_trigger_ui.py
[2023-06-27T00:00:52.306+0000] {processor.py:836} INFO - DAG(s) dict_keys(['example_params_trigger_ui']) retrieved from /home/airflow/.local/lib/python3.8/site-packages/airflow/example_dags/example_params_trigger_ui.py
[2023-06-27T00:00:52.952+0000] {logging_mixin.py:149} INFO - [2023-06-27T00:00:52.952+0000] {dag.py:2726} INFO - Sync 1 DAGs
[2023-06-27T00:00:53.099+0000] {logging_mixin.py:149} INFO - [2023-06-27T00:00:53.099+0000] {dag.py:3486} INFO - Setting next_dagrun for example_params_trigger_ui to None, run_after=None
[2023-06-27T00:00:53.146+0000] {processor.py:179} INFO - Processing /home/airflow/.local/lib/python3.8/site-packages/airflow/example_dags/example_params_trigger_ui.py took 1.142 seconds
[2023-06-27T00:04:31.251+0000] {processor.py:157} INFO - Started process (PID=587) to work on /home/airflow/.local/lib/python3.8/site-packages/airflow/example_dags/example_params_trigger_ui.py
[2023-06-27T00:04:31.269+0000] {processor.py:826} INFO - Processing file /home/airflow/.local/lib/python3.8/site-packages/airflow/example_dags/example_params_trigger_ui.py for tasks to queue
[2023-06-27T00:04:31.270+0000] {logging_mixin.py:149} INFO - [2023-06-27T00:04:31.270+0000] {dagbag.py:541} INFO - Filling up the DagBag from /home/airflow/.local/lib/python3.8/site-packages/airflow/example_dags/example_params_trigger_ui.py
[2023-06-27T00:04:36.377+0000] {processor.py:836} INFO - DAG(s) dict_keys(['example_params_trigger_ui']) retrieved from /home/airflow/.local/lib/python3.8/site-packages/airflow/example_dags/example_params_trigger_ui.py
[2023-06-27T00:04:52.247+0000] {logging_mixin.py:149} INFO - [2023-06-27T00:04:52.247+0000] {dag.py:2726} INFO - Sync 1 DAGs
[2023-06-27T00:04:58.248+0000] {logging_mixin.py:149} INFO - [2023-06-27T00:04:58.248+0000] {dag.py:3486} INFO - Setting next_dagrun for example_params_trigger_ui to None, run_after=None
[2023-06-27T00:05:03.887+0000] {processor.py:179} INFO - Processing /home/airflow/.local/lib/python3.8/site-packages/airflow/example_dags/example_params_trigger_ui.py took 33.018 seconds
[2023-06-27T01:01:21.702+0000] {processor.py:157} INFO - Started process (PID=42) to work on /home/airflow/.local/lib/python3.8/site-packages/airflow/example_dags/example_params_trigger_ui.py
[2023-06-27T01:01:21.751+0000] {processor.py:826} INFO - Processing file /home/airflow/.local/lib/python3.8/site-packages/airflow/example_dags/example_params_trigger_ui.py for tasks to queue
[2023-06-27T01:01:21.752+0000] {logging_mixin.py:149} INFO - [2023-06-27T01:01:21.752+0000] {dagbag.py:541} INFO - Filling up the DagBag from /home/airflow/.local/lib/python3.8/site-packages/airflow/example_dags/example_params_trigger_ui.py
[2023-06-27T01:01:22.003+0000] {processor.py:836} INFO - DAG(s) dict_keys(['example_params_trigger_ui']) retrieved from /home/airflow/.local/lib/python3.8/site-packages/airflow/example_dags/example_params_trigger_ui.py
[2023-06-27T01:01:22.368+0000] {logging_mixin.py:149} INFO - [2023-06-27T01:01:22.368+0000] {dag.py:2726} INFO - Sync 1 DAGs
[2023-06-27T01:01:22.429+0000] {logging_mixin.py:149} INFO - [2023-06-27T01:01:22.429+0000] {dag.py:3486} INFO - Setting next_dagrun for example_params_trigger_ui to None, run_after=None
[2023-06-27T01:01:22.479+0000] {processor.py:179} INFO - Processing /home/airflow/.local/lib/python3.8/site-packages/airflow/example_dags/example_params_trigger_ui.py took 0.782 seconds
[2023-06-27T01:05:44.805+0000] {processor.py:157} INFO - Started process (PID=197) to work on /home/airflow/.local/lib/python3.8/site-packages/airflow/example_dags/example_params_trigger_ui.py
[2023-06-27T01:05:44.824+0000] {processor.py:826} INFO - Processing file /home/airflow/.local/lib/python3.8/site-packages/airflow/example_dags/example_params_trigger_ui.py for tasks to queue
[2023-06-27T01:05:45.007+0000] {logging_mixin.py:149} INFO - [2023-06-27T01:05:45.007+0000] {dagbag.py:541} INFO - Filling up the DagBag from /home/airflow/.local/lib/python3.8/site-packages/airflow/example_dags/example_params_trigger_ui.py
[2023-06-27T01:05:46.720+0000] {processor.py:836} INFO - DAG(s) dict_keys(['example_params_trigger_ui']) retrieved from /home/airflow/.local/lib/python3.8/site-packages/airflow/example_dags/example_params_trigger_ui.py
[2023-06-27T01:05:57.209+0000] {logging_mixin.py:149} INFO - [2023-06-27T01:05:57.208+0000] {dag.py:2726} INFO - Sync 1 DAGs
[2023-06-27T01:06:02.074+0000] {logging_mixin.py:149} INFO - [2023-06-27T01:06:02.074+0000] {dag.py:3486} INFO - Setting next_dagrun for example_params_trigger_ui to None, run_after=None
[2023-06-27T01:06:05.655+0000] {processor.py:179} INFO - Processing /home/airflow/.local/lib/python3.8/site-packages/airflow/example_dags/example_params_trigger_ui.py took 21.105 seconds
[2023-06-27T01:37:35.716+0000] {processor.py:157} INFO - Started process (PID=51) to work on /home/airflow/.local/lib/python3.8/site-packages/airflow/example_dags/example_params_trigger_ui.py
[2023-06-27T01:37:35.721+0000] {processor.py:826} INFO - Processing file /home/airflow/.local/lib/python3.8/site-packages/airflow/example_dags/example_params_trigger_ui.py for tasks to queue
[2023-06-27T01:37:35.722+0000] {logging_mixin.py:149} INFO - [2023-06-27T01:37:35.722+0000] {dagbag.py:541} INFO - Filling up the DagBag from /home/airflow/.local/lib/python3.8/site-packages/airflow/example_dags/example_params_trigger_ui.py
[2023-06-27T01:37:35.802+0000] {processor.py:836} INFO - DAG(s) dict_keys(['example_params_trigger_ui']) retrieved from /home/airflow/.local/lib/python3.8/site-packages/airflow/example_dags/example_params_trigger_ui.py
[2023-06-27T01:37:36.082+0000] {logging_mixin.py:149} INFO - [2023-06-27T01:37:36.081+0000] {dag.py:2726} INFO - Sync 1 DAGs
[2023-06-27T01:37:36.142+0000] {logging_mixin.py:149} INFO - [2023-06-27T01:37:36.141+0000] {dag.py:3486} INFO - Setting next_dagrun for example_params_trigger_ui to None, run_after=None
[2023-06-27T01:37:36.179+0000] {processor.py:179} INFO - Processing /home/airflow/.local/lib/python3.8/site-packages/airflow/example_dags/example_params_trigger_ui.py took 0.483 seconds
[2023-06-27T01:38:19.145+0000] {processor.py:157} INFO - Started process (PID=116) to work on /home/airflow/.local/lib/python3.8/site-packages/airflow/example_dags/example_params_trigger_ui.py
[2023-06-27T01:38:19.165+0000] {processor.py:826} INFO - Processing file /home/airflow/.local/lib/python3.8/site-packages/airflow/example_dags/example_params_trigger_ui.py for tasks to queue
[2023-06-27T01:38:19.424+0000] {logging_mixin.py:149} INFO - [2023-06-27T01:38:19.424+0000] {dagbag.py:541} INFO - Filling up the DagBag from /home/airflow/.local/lib/python3.8/site-packages/airflow/example_dags/example_params_trigger_ui.py
[2023-06-27T01:38:21.250+0000] {processor.py:836} INFO - DAG(s) dict_keys(['example_params_trigger_ui']) retrieved from /home/airflow/.local/lib/python3.8/site-packages/airflow/example_dags/example_params_trigger_ui.py
[2023-06-27T01:38:27.436+0000] {logging_mixin.py:149} INFO - [2023-06-27T01:38:27.435+0000] {dag.py:2726} INFO - Sync 1 DAGs
[2023-06-27T01:38:28.741+0000] {logging_mixin.py:149} INFO - [2023-06-27T01:38:28.741+0000] {dag.py:3486} INFO - Setting next_dagrun for example_params_trigger_ui to None, run_after=None
[2023-06-27T01:38:30.445+0000] {processor.py:179} INFO - Processing /home/airflow/.local/lib/python3.8/site-packages/airflow/example_dags/example_params_trigger_ui.py took 11.521 seconds
[2023-06-27T01:40:19.405+0000] {processor.py:157} INFO - Started process (PID=194) to work on /home/airflow/.local/lib/python3.8/site-packages/airflow/example_dags/example_params_trigger_ui.py
[2023-06-27T01:40:19.509+0000] {processor.py:826} INFO - Processing file /home/airflow/.local/lib/python3.8/site-packages/airflow/example_dags/example_params_trigger_ui.py for tasks to queue
[2023-06-27T01:40:19.511+0000] {logging_mixin.py:149} INFO - [2023-06-27T01:40:19.511+0000] {dagbag.py:541} INFO - Filling up the DagBag from /home/airflow/.local/lib/python3.8/site-packages/airflow/example_dags/example_params_trigger_ui.py
[2023-06-27T01:40:20.284+0000] {processor.py:836} INFO - DAG(s) dict_keys(['example_params_trigger_ui']) retrieved from /home/airflow/.local/lib/python3.8/site-packages/airflow/example_dags/example_params_trigger_ui.py
[2023-06-27T01:40:22.590+0000] {logging_mixin.py:149} INFO - [2023-06-27T01:40:22.590+0000] {dag.py:2726} INFO - Sync 1 DAGs
[2023-06-27T01:40:23.122+0000] {logging_mixin.py:149} INFO - [2023-06-27T01:40:23.122+0000] {dag.py:3486} INFO - Setting next_dagrun for example_params_trigger_ui to None, run_after=None
[2023-06-27T01:40:23.597+0000] {processor.py:179} INFO - Processing /home/airflow/.local/lib/python3.8/site-packages/airflow/example_dags/example_params_trigger_ui.py took 4.274 seconds
[2023-06-27T01:44:31.168+0000] {processor.py:157} INFO - Started process (PID=337) to work on /home/airflow/.local/lib/python3.8/site-packages/airflow/example_dags/example_params_trigger_ui.py
[2023-06-27T01:44:31.246+0000] {processor.py:826} INFO - Processing file /home/airflow/.local/lib/python3.8/site-packages/airflow/example_dags/example_params_trigger_ui.py for tasks to queue
[2023-06-27T01:44:31.249+0000] {logging_mixin.py:149} INFO - [2023-06-27T01:44:31.248+0000] {dagbag.py:541} INFO - Filling up the DagBag from /home/airflow/.local/lib/python3.8/site-packages/airflow/example_dags/example_params_trigger_ui.py
[2023-06-27T01:44:42.931+0000] {processor.py:836} INFO - DAG(s) dict_keys(['example_params_trigger_ui']) retrieved from /home/airflow/.local/lib/python3.8/site-packages/airflow/example_dags/example_params_trigger_ui.py
[2023-06-27T01:45:10.209+0000] {logging_mixin.py:149} INFO - [2023-06-27T01:45:10.208+0000] {dag.py:2726} INFO - Sync 1 DAGs
[2023-06-27T01:45:11.206+0000] {logging_mixin.py:149} INFO - [2023-06-27T01:45:11.206+0000] {dag.py:3486} INFO - Setting next_dagrun for example_params_trigger_ui to None, run_after=None
[2023-06-27T01:45:12.220+0000] {processor.py:179} INFO - Processing /home/airflow/.local/lib/python3.8/site-packages/airflow/example_dags/example_params_trigger_ui.py took 41.234 seconds
[2023-06-27T02:16:33.224+0000] {processor.py:157} INFO - Started process (PID=40) to work on /home/airflow/.local/lib/python3.8/site-packages/airflow/example_dags/example_params_trigger_ui.py
[2023-06-27T02:16:33.226+0000] {processor.py:826} INFO - Processing file /home/airflow/.local/lib/python3.8/site-packages/airflow/example_dags/example_params_trigger_ui.py for tasks to queue
[2023-06-27T02:16:33.227+0000] {logging_mixin.py:149} INFO - [2023-06-27T02:16:33.227+0000] {dagbag.py:541} INFO - Filling up the DagBag from /home/airflow/.local/lib/python3.8/site-packages/airflow/example_dags/example_params_trigger_ui.py
[2023-06-27T02:16:33.360+0000] {processor.py:836} INFO - DAG(s) dict_keys(['example_params_trigger_ui']) retrieved from /home/airflow/.local/lib/python3.8/site-packages/airflow/example_dags/example_params_trigger_ui.py
[2023-06-27T02:16:34.770+0000] {logging_mixin.py:149} INFO - [2023-06-27T02:16:34.769+0000] {dag.py:2726} INFO - Sync 1 DAGs
[2023-06-27T02:16:35.489+0000] {logging_mixin.py:149} INFO - [2023-06-27T02:16:35.488+0000] {dag.py:3486} INFO - Setting next_dagrun for example_params_trigger_ui to None, run_after=None
[2023-06-27T02:16:36.025+0000] {processor.py:179} INFO - Processing /home/airflow/.local/lib/python3.8/site-packages/airflow/example_dags/example_params_trigger_ui.py took 2.831 seconds
[2023-06-27T02:21:47.761+0000] {processor.py:157} INFO - Started process (PID=220) to work on /home/airflow/.local/lib/python3.8/site-packages/airflow/example_dags/example_params_trigger_ui.py
[2023-06-27T02:21:47.861+0000] {processor.py:826} INFO - Processing file /home/airflow/.local/lib/python3.8/site-packages/airflow/example_dags/example_params_trigger_ui.py for tasks to queue
[2023-06-27T02:21:47.862+0000] {logging_mixin.py:149} INFO - [2023-06-27T02:21:47.862+0000] {dagbag.py:541} INFO - Filling up the DagBag from /home/airflow/.local/lib/python3.8/site-packages/airflow/example_dags/example_params_trigger_ui.py
[2023-06-27T02:21:57.841+0000] {processor.py:836} INFO - DAG(s) dict_keys(['example_params_trigger_ui']) retrieved from /home/airflow/.local/lib/python3.8/site-packages/airflow/example_dags/example_params_trigger_ui.py
[2023-06-27T02:22:22.776+0000] {logging_mixin.py:149} INFO - [2023-06-27T02:22:22.775+0000] {dag.py:2726} INFO - Sync 1 DAGs
[2023-06-27T02:22:27.762+0000] {logging_mixin.py:149} INFO - [2023-06-27T02:22:26.961+0000] {dag.py:3486} INFO - Setting next_dagrun for example_params_trigger_ui to None, run_after=None
[2023-06-27T02:22:31.827+0000] {processor.py:179} INFO - Processing /home/airflow/.local/lib/python3.8/site-packages/airflow/example_dags/example_params_trigger_ui.py took 44.888 seconds
[2023-06-27T06:15:19.795+0000] {processor.py:157} INFO - Started process (PID=287) to work on /home/airflow/.local/lib/python3.8/site-packages/airflow/example_dags/example_params_trigger_ui.py
[2023-06-27T06:15:19.861+0000] {processor.py:826} INFO - Processing file /home/airflow/.local/lib/python3.8/site-packages/airflow/example_dags/example_params_trigger_ui.py for tasks to queue
[2023-06-27T06:15:19.874+0000] {logging_mixin.py:149} INFO - [2023-06-27T06:15:19.874+0000] {dagbag.py:541} INFO - Filling up the DagBag from /home/airflow/.local/lib/python3.8/site-packages/airflow/example_dags/example_params_trigger_ui.py
[2023-06-27T06:15:20.848+0000] {processor.py:836} INFO - DAG(s) dict_keys(['example_params_trigger_ui']) retrieved from /home/airflow/.local/lib/python3.8/site-packages/airflow/example_dags/example_params_trigger_ui.py
[2023-06-27T06:15:24.470+0000] {logging_mixin.py:149} INFO - [2023-06-27T06:15:24.470+0000] {dag.py:2726} INFO - Sync 1 DAGs
[2023-06-27T06:15:25.327+0000] {logging_mixin.py:149} INFO - [2023-06-27T06:15:25.302+0000] {dag.py:3486} INFO - Setting next_dagrun for example_params_trigger_ui to None, run_after=None
[2023-06-27T06:15:26.033+0000] {processor.py:179} INFO - Processing /home/airflow/.local/lib/python3.8/site-packages/airflow/example_dags/example_params_trigger_ui.py took 6.355 seconds
[2023-06-27T08:56:10.614+0000] {processor.py:157} INFO - Started process (PID=496) to work on /home/airflow/.local/lib/python3.8/site-packages/airflow/example_dags/example_params_trigger_ui.py
[2023-06-27T08:56:10.766+0000] {processor.py:826} INFO - Processing file /home/airflow/.local/lib/python3.8/site-packages/airflow/example_dags/example_params_trigger_ui.py for tasks to queue
[2023-06-27T08:56:10.767+0000] {logging_mixin.py:149} INFO - [2023-06-27T08:56:10.766+0000] {dagbag.py:541} INFO - Filling up the DagBag from /home/airflow/.local/lib/python3.8/site-packages/airflow/example_dags/example_params_trigger_ui.py
[2023-06-27T08:56:10.948+0000] {processor.py:836} INFO - DAG(s) dict_keys(['example_params_trigger_ui']) retrieved from /home/airflow/.local/lib/python3.8/site-packages/airflow/example_dags/example_params_trigger_ui.py
[2023-06-27T08:56:11.816+0000] {logging_mixin.py:149} INFO - [2023-06-27T08:56:11.816+0000] {dag.py:2726} INFO - Sync 1 DAGs
[2023-06-27T08:56:11.975+0000] {logging_mixin.py:149} INFO - [2023-06-27T08:56:11.975+0000] {dag.py:3486} INFO - Setting next_dagrun for example_params_trigger_ui to None, run_after=None
[2023-06-27T08:56:12.300+0000] {processor.py:179} INFO - Processing /home/airflow/.local/lib/python3.8/site-packages/airflow/example_dags/example_params_trigger_ui.py took 1.690 seconds
[2023-06-27T08:56:44.303+0000] {processor.py:157} INFO - Started process (PID=549) to work on /home/airflow/.local/lib/python3.8/site-packages/airflow/example_dags/example_params_trigger_ui.py
[2023-06-27T08:56:44.322+0000] {processor.py:826} INFO - Processing file /home/airflow/.local/lib/python3.8/site-packages/airflow/example_dags/example_params_trigger_ui.py for tasks to queue
[2023-06-27T08:56:44.323+0000] {logging_mixin.py:149} INFO - [2023-06-27T08:56:44.323+0000] {dagbag.py:541} INFO - Filling up the DagBag from /home/airflow/.local/lib/python3.8/site-packages/airflow/example_dags/example_params_trigger_ui.py
[2023-06-27T08:56:44.362+0000] {processor.py:836} INFO - DAG(s) dict_keys(['example_params_trigger_ui']) retrieved from /home/airflow/.local/lib/python3.8/site-packages/airflow/example_dags/example_params_trigger_ui.py
[2023-06-27T08:56:44.474+0000] {logging_mixin.py:149} INFO - [2023-06-27T08:56:44.474+0000] {dag.py:2726} INFO - Sync 1 DAGs
[2023-06-27T08:56:44.498+0000] {logging_mixin.py:149} INFO - [2023-06-27T08:56:44.498+0000] {dag.py:3486} INFO - Setting next_dagrun for example_params_trigger_ui to None, run_after=None
[2023-06-27T08:56:44.584+0000] {processor.py:179} INFO - Processing /home/airflow/.local/lib/python3.8/site-packages/airflow/example_dags/example_params_trigger_ui.py took 0.285 seconds
[2023-06-27T08:57:30.094+0000] {processor.py:157} INFO - Started process (PID=623) to work on /home/airflow/.local/lib/python3.8/site-packages/airflow/example_dags/example_params_trigger_ui.py
[2023-06-27T08:57:30.443+0000] {processor.py:826} INFO - Processing file /home/airflow/.local/lib/python3.8/site-packages/airflow/example_dags/example_params_trigger_ui.py for tasks to queue
[2023-06-27T08:57:30.445+0000] {logging_mixin.py:149} INFO - [2023-06-27T08:57:30.445+0000] {dagbag.py:541} INFO - Filling up the DagBag from /home/airflow/.local/lib/python3.8/site-packages/airflow/example_dags/example_params_trigger_ui.py
[2023-06-27T08:57:32.832+0000] {processor.py:836} INFO - DAG(s) dict_keys(['example_params_trigger_ui']) retrieved from /home/airflow/.local/lib/python3.8/site-packages/airflow/example_dags/example_params_trigger_ui.py
[2023-06-27T08:57:39.024+0000] {logging_mixin.py:149} INFO - [2023-06-27T08:57:39.024+0000] {dag.py:2726} INFO - Sync 1 DAGs
[2023-06-27T08:57:54.971+0000] {logging_mixin.py:149} INFO - [2023-06-27T08:57:54.971+0000] {dag.py:3486} INFO - Setting next_dagrun for example_params_trigger_ui to None, run_after=None
[2023-06-27T08:57:56.656+0000] {processor.py:179} INFO - Processing /home/airflow/.local/lib/python3.8/site-packages/airflow/example_dags/example_params_trigger_ui.py took 26.781 seconds
[2023-06-27T09:00:43.718+0000] {processor.py:157} INFO - Started process (PID=763) to work on /home/airflow/.local/lib/python3.8/site-packages/airflow/example_dags/example_params_trigger_ui.py
[2023-06-27T09:00:43.853+0000] {processor.py:826} INFO - Processing file /home/airflow/.local/lib/python3.8/site-packages/airflow/example_dags/example_params_trigger_ui.py for tasks to queue
[2023-06-27T09:00:43.868+0000] {logging_mixin.py:149} INFO - [2023-06-27T09:00:43.859+0000] {dagbag.py:541} INFO - Filling up the DagBag from /home/airflow/.local/lib/python3.8/site-packages/airflow/example_dags/example_params_trigger_ui.py
[2023-06-27T09:00:44.322+0000] {processor.py:836} INFO - DAG(s) dict_keys(['example_params_trigger_ui']) retrieved from /home/airflow/.local/lib/python3.8/site-packages/airflow/example_dags/example_params_trigger_ui.py
[2023-06-27T09:00:50.196+0000] {logging_mixin.py:149} INFO - [2023-06-27T09:00:50.196+0000] {dag.py:2726} INFO - Sync 1 DAGs
[2023-06-27T09:01:30.028+0000] {logging_mixin.py:149} INFO - [2023-06-27T09:01:30.027+0000] {dag.py:3486} INFO - Setting next_dagrun for example_params_trigger_ui to None, run_after=None
[2023-06-27T09:01:32.376+0000] {processor.py:179} INFO - Processing /home/airflow/.local/lib/python3.8/site-packages/airflow/example_dags/example_params_trigger_ui.py took 48.697 seconds
[2023-06-27T09:05:06.570+0000] {processor.py:157} INFO - Started process (PID=879) to work on /home/airflow/.local/lib/python3.8/site-packages/airflow/example_dags/example_params_trigger_ui.py
[2023-06-27T09:05:06.883+0000] {processor.py:826} INFO - Processing file /home/airflow/.local/lib/python3.8/site-packages/airflow/example_dags/example_params_trigger_ui.py for tasks to queue
[2023-06-27T09:05:06.887+0000] {logging_mixin.py:149} INFO - [2023-06-27T09:05:06.887+0000] {dagbag.py:541} INFO - Filling up the DagBag from /home/airflow/.local/lib/python3.8/site-packages/airflow/example_dags/example_params_trigger_ui.py
[2023-06-27T09:05:07.822+0000] {processor.py:836} INFO - DAG(s) dict_keys(['example_params_trigger_ui']) retrieved from /home/airflow/.local/lib/python3.8/site-packages/airflow/example_dags/example_params_trigger_ui.py
[2023-06-27T09:05:13.640+0000] {logging_mixin.py:149} INFO - [2023-06-27T09:05:13.639+0000] {dag.py:2726} INFO - Sync 1 DAGs
[2023-06-27T09:05:13.696+0000] {logging_mixin.py:149} INFO - [2023-06-27T09:05:13.696+0000] {dag.py:3486} INFO - Setting next_dagrun for example_params_trigger_ui to None, run_after=None
[2023-06-27T09:05:14.025+0000] {processor.py:179} INFO - Processing /home/airflow/.local/lib/python3.8/site-packages/airflow/example_dags/example_params_trigger_ui.py took 7.463 seconds
[2023-06-27T09:20:38.248+0000] {processor.py:157} INFO - Started process (PID=50) to work on /home/airflow/.local/lib/python3.8/site-packages/airflow/example_dags/example_params_trigger_ui.py
[2023-06-27T09:20:38.288+0000] {processor.py:826} INFO - Processing file /home/airflow/.local/lib/python3.8/site-packages/airflow/example_dags/example_params_trigger_ui.py for tasks to queue
[2023-06-27T09:20:38.289+0000] {logging_mixin.py:149} INFO - [2023-06-27T09:20:38.288+0000] {dagbag.py:541} INFO - Filling up the DagBag from /home/airflow/.local/lib/python3.8/site-packages/airflow/example_dags/example_params_trigger_ui.py
[2023-06-27T09:20:38.576+0000] {processor.py:836} INFO - DAG(s) dict_keys(['example_params_trigger_ui']) retrieved from /home/airflow/.local/lib/python3.8/site-packages/airflow/example_dags/example_params_trigger_ui.py
[2023-06-27T09:20:39.335+0000] {logging_mixin.py:149} INFO - [2023-06-27T09:20:39.335+0000] {dag.py:2726} INFO - Sync 1 DAGs
[2023-06-27T09:20:39.483+0000] {logging_mixin.py:149} INFO - [2023-06-27T09:20:39.483+0000] {dag.py:3486} INFO - Setting next_dagrun for example_params_trigger_ui to None, run_after=None
[2023-06-27T09:20:39.591+0000] {processor.py:179} INFO - Processing /home/airflow/.local/lib/python3.8/site-packages/airflow/example_dags/example_params_trigger_ui.py took 1.380 seconds
[2023-06-27T09:21:10.189+0000] {processor.py:157} INFO - Started process (PID=109) to work on /home/airflow/.local/lib/python3.8/site-packages/airflow/example_dags/example_params_trigger_ui.py
[2023-06-27T09:21:10.222+0000] {processor.py:826} INFO - Processing file /home/airflow/.local/lib/python3.8/site-packages/airflow/example_dags/example_params_trigger_ui.py for tasks to queue
[2023-06-27T09:21:10.246+0000] {logging_mixin.py:149} INFO - [2023-06-27T09:21:10.245+0000] {dagbag.py:541} INFO - Filling up the DagBag from /home/airflow/.local/lib/python3.8/site-packages/airflow/example_dags/example_params_trigger_ui.py
[2023-06-27T09:21:10.355+0000] {processor.py:836} INFO - DAG(s) dict_keys(['example_params_trigger_ui']) retrieved from /home/airflow/.local/lib/python3.8/site-packages/airflow/example_dags/example_params_trigger_ui.py
[2023-06-27T09:21:10.917+0000] {logging_mixin.py:149} INFO - [2023-06-27T09:21:10.916+0000] {dag.py:2726} INFO - Sync 1 DAGs
[2023-06-27T09:21:11.067+0000] {logging_mixin.py:149} INFO - [2023-06-27T09:21:11.067+0000] {dag.py:3486} INFO - Setting next_dagrun for example_params_trigger_ui to None, run_after=None
[2023-06-27T09:21:11.177+0000] {processor.py:179} INFO - Processing /home/airflow/.local/lib/python3.8/site-packages/airflow/example_dags/example_params_trigger_ui.py took 0.998 seconds
[2023-06-27T09:21:41.280+0000] {processor.py:157} INFO - Started process (PID=176) to work on /home/airflow/.local/lib/python3.8/site-packages/airflow/example_dags/example_params_trigger_ui.py
[2023-06-27T09:21:41.281+0000] {processor.py:826} INFO - Processing file /home/airflow/.local/lib/python3.8/site-packages/airflow/example_dags/example_params_trigger_ui.py for tasks to queue
[2023-06-27T09:21:41.287+0000] {logging_mixin.py:149} INFO - [2023-06-27T09:21:41.287+0000] {dagbag.py:541} INFO - Filling up the DagBag from /home/airflow/.local/lib/python3.8/site-packages/airflow/example_dags/example_params_trigger_ui.py
[2023-06-27T09:21:41.341+0000] {processor.py:836} INFO - DAG(s) dict_keys(['example_params_trigger_ui']) retrieved from /home/airflow/.local/lib/python3.8/site-packages/airflow/example_dags/example_params_trigger_ui.py
[2023-06-27T09:21:41.561+0000] {logging_mixin.py:149} INFO - [2023-06-27T09:21:41.560+0000] {dag.py:2726} INFO - Sync 1 DAGs
[2023-06-27T09:21:41.667+0000] {logging_mixin.py:149} INFO - [2023-06-27T09:21:41.667+0000] {dag.py:3486} INFO - Setting next_dagrun for example_params_trigger_ui to None, run_after=None
[2023-06-27T09:21:41.716+0000] {processor.py:179} INFO - Processing /home/airflow/.local/lib/python3.8/site-packages/airflow/example_dags/example_params_trigger_ui.py took 0.445 seconds
[2023-06-27T09:22:11.885+0000] {processor.py:157} INFO - Started process (PID=245) to work on /home/airflow/.local/lib/python3.8/site-packages/airflow/example_dags/example_params_trigger_ui.py
[2023-06-27T09:22:11.895+0000] {processor.py:826} INFO - Processing file /home/airflow/.local/lib/python3.8/site-packages/airflow/example_dags/example_params_trigger_ui.py for tasks to queue
[2023-06-27T09:22:11.897+0000] {logging_mixin.py:149} INFO - [2023-06-27T09:22:11.897+0000] {dagbag.py:541} INFO - Filling up the DagBag from /home/airflow/.local/lib/python3.8/site-packages/airflow/example_dags/example_params_trigger_ui.py
[2023-06-27T09:22:11.997+0000] {processor.py:836} INFO - DAG(s) dict_keys(['example_params_trigger_ui']) retrieved from /home/airflow/.local/lib/python3.8/site-packages/airflow/example_dags/example_params_trigger_ui.py
[2023-06-27T09:22:12.400+0000] {logging_mixin.py:149} INFO - [2023-06-27T09:22:12.399+0000] {dag.py:2726} INFO - Sync 1 DAGs
[2023-06-27T09:22:12.483+0000] {logging_mixin.py:149} INFO - [2023-06-27T09:22:12.483+0000] {dag.py:3486} INFO - Setting next_dagrun for example_params_trigger_ui to None, run_after=None
[2023-06-27T09:22:12.544+0000] {processor.py:179} INFO - Processing /home/airflow/.local/lib/python3.8/site-packages/airflow/example_dags/example_params_trigger_ui.py took 0.668 seconds
[2023-06-27T09:22:42.948+0000] {processor.py:157} INFO - Started process (PID=312) to work on /home/airflow/.local/lib/python3.8/site-packages/airflow/example_dags/example_params_trigger_ui.py
[2023-06-27T09:22:42.949+0000] {processor.py:826} INFO - Processing file /home/airflow/.local/lib/python3.8/site-packages/airflow/example_dags/example_params_trigger_ui.py for tasks to queue
[2023-06-27T09:22:42.951+0000] {logging_mixin.py:149} INFO - [2023-06-27T09:22:42.950+0000] {dagbag.py:541} INFO - Filling up the DagBag from /home/airflow/.local/lib/python3.8/site-packages/airflow/example_dags/example_params_trigger_ui.py
[2023-06-27T09:22:42.995+0000] {processor.py:836} INFO - DAG(s) dict_keys(['example_params_trigger_ui']) retrieved from /home/airflow/.local/lib/python3.8/site-packages/airflow/example_dags/example_params_trigger_ui.py
[2023-06-27T09:22:43.200+0000] {logging_mixin.py:149} INFO - [2023-06-27T09:22:43.200+0000] {dag.py:2726} INFO - Sync 1 DAGs
[2023-06-27T09:22:43.264+0000] {logging_mixin.py:149} INFO - [2023-06-27T09:22:43.264+0000] {dag.py:3486} INFO - Setting next_dagrun for example_params_trigger_ui to None, run_after=None
[2023-06-27T09:22:43.316+0000] {processor.py:179} INFO - Processing /home/airflow/.local/lib/python3.8/site-packages/airflow/example_dags/example_params_trigger_ui.py took 0.377 seconds
[2023-06-27T09:23:13.366+0000] {processor.py:157} INFO - Started process (PID=379) to work on /home/airflow/.local/lib/python3.8/site-packages/airflow/example_dags/example_params_trigger_ui.py
[2023-06-27T09:23:13.377+0000] {processor.py:826} INFO - Processing file /home/airflow/.local/lib/python3.8/site-packages/airflow/example_dags/example_params_trigger_ui.py for tasks to queue
[2023-06-27T09:23:13.379+0000] {logging_mixin.py:149} INFO - [2023-06-27T09:23:13.379+0000] {dagbag.py:541} INFO - Filling up the DagBag from /home/airflow/.local/lib/python3.8/site-packages/airflow/example_dags/example_params_trigger_ui.py
[2023-06-27T09:23:13.438+0000] {processor.py:836} INFO - DAG(s) dict_keys(['example_params_trigger_ui']) retrieved from /home/airflow/.local/lib/python3.8/site-packages/airflow/example_dags/example_params_trigger_ui.py
[2023-06-27T09:23:13.578+0000] {logging_mixin.py:149} INFO - [2023-06-27T09:23:13.578+0000] {dag.py:2726} INFO - Sync 1 DAGs
[2023-06-27T09:23:13.615+0000] {logging_mixin.py:149} INFO - [2023-06-27T09:23:13.615+0000] {dag.py:3486} INFO - Setting next_dagrun for example_params_trigger_ui to None, run_after=None
[2023-06-27T09:23:13.655+0000] {processor.py:179} INFO - Processing /home/airflow/.local/lib/python3.8/site-packages/airflow/example_dags/example_params_trigger_ui.py took 0.296 seconds
[2023-06-27T09:23:44.183+0000] {processor.py:157} INFO - Started process (PID=445) to work on /home/airflow/.local/lib/python3.8/site-packages/airflow/example_dags/example_params_trigger_ui.py
[2023-06-27T09:23:44.184+0000] {processor.py:826} INFO - Processing file /home/airflow/.local/lib/python3.8/site-packages/airflow/example_dags/example_params_trigger_ui.py for tasks to queue
[2023-06-27T09:23:44.186+0000] {logging_mixin.py:149} INFO - [2023-06-27T09:23:44.186+0000] {dagbag.py:541} INFO - Filling up the DagBag from /home/airflow/.local/lib/python3.8/site-packages/airflow/example_dags/example_params_trigger_ui.py
[2023-06-27T09:23:44.272+0000] {processor.py:836} INFO - DAG(s) dict_keys(['example_params_trigger_ui']) retrieved from /home/airflow/.local/lib/python3.8/site-packages/airflow/example_dags/example_params_trigger_ui.py
[2023-06-27T09:23:44.531+0000] {logging_mixin.py:149} INFO - [2023-06-27T09:23:44.531+0000] {dag.py:2726} INFO - Sync 1 DAGs
[2023-06-27T09:23:44.627+0000] {logging_mixin.py:149} INFO - [2023-06-27T09:23:44.627+0000] {dag.py:3486} INFO - Setting next_dagrun for example_params_trigger_ui to None, run_after=None
[2023-06-27T09:23:44.751+0000] {processor.py:179} INFO - Processing /home/airflow/.local/lib/python3.8/site-packages/airflow/example_dags/example_params_trigger_ui.py took 0.577 seconds
[2023-06-27T09:25:44.789+0000] {processor.py:157} INFO - Started process (PID=47) to work on /home/airflow/.local/lib/python3.8/site-packages/airflow/example_dags/example_params_trigger_ui.py
[2023-06-27T09:25:44.815+0000] {processor.py:826} INFO - Processing file /home/airflow/.local/lib/python3.8/site-packages/airflow/example_dags/example_params_trigger_ui.py for tasks to queue
[2023-06-27T09:25:44.816+0000] {logging_mixin.py:149} INFO - [2023-06-27T09:25:44.815+0000] {dagbag.py:541} INFO - Filling up the DagBag from /home/airflow/.local/lib/python3.8/site-packages/airflow/example_dags/example_params_trigger_ui.py
[2023-06-27T09:25:45.055+0000] {processor.py:836} INFO - DAG(s) dict_keys(['example_params_trigger_ui']) retrieved from /home/airflow/.local/lib/python3.8/site-packages/airflow/example_dags/example_params_trigger_ui.py
[2023-06-27T09:25:45.795+0000] {logging_mixin.py:149} INFO - [2023-06-27T09:25:45.795+0000] {dag.py:2726} INFO - Sync 1 DAGs
[2023-06-27T09:25:45.951+0000] {logging_mixin.py:149} INFO - [2023-06-27T09:25:45.951+0000] {dag.py:3486} INFO - Setting next_dagrun for example_params_trigger_ui to None, run_after=None
[2023-06-27T09:25:46.112+0000] {processor.py:179} INFO - Processing /home/airflow/.local/lib/python3.8/site-packages/airflow/example_dags/example_params_trigger_ui.py took 1.337 seconds
[2023-06-27T09:26:16.717+0000] {processor.py:157} INFO - Started process (PID=104) to work on /home/airflow/.local/lib/python3.8/site-packages/airflow/example_dags/example_params_trigger_ui.py
[2023-06-27T09:26:16.719+0000] {processor.py:826} INFO - Processing file /home/airflow/.local/lib/python3.8/site-packages/airflow/example_dags/example_params_trigger_ui.py for tasks to queue
[2023-06-27T09:26:16.720+0000] {logging_mixin.py:149} INFO - [2023-06-27T09:26:16.720+0000] {dagbag.py:541} INFO - Filling up the DagBag from /home/airflow/.local/lib/python3.8/site-packages/airflow/example_dags/example_params_trigger_ui.py
[2023-06-27T09:26:16.784+0000] {processor.py:836} INFO - DAG(s) dict_keys(['example_params_trigger_ui']) retrieved from /home/airflow/.local/lib/python3.8/site-packages/airflow/example_dags/example_params_trigger_ui.py
[2023-06-27T09:26:16.920+0000] {logging_mixin.py:149} INFO - [2023-06-27T09:26:16.919+0000] {dag.py:2726} INFO - Sync 1 DAGs
[2023-06-27T09:26:16.956+0000] {logging_mixin.py:149} INFO - [2023-06-27T09:26:16.956+0000] {dag.py:3486} INFO - Setting next_dagrun for example_params_trigger_ui to None, run_after=None
[2023-06-27T09:26:16.986+0000] {processor.py:179} INFO - Processing /home/airflow/.local/lib/python3.8/site-packages/airflow/example_dags/example_params_trigger_ui.py took 0.282 seconds
[2023-06-27T09:26:47.833+0000] {processor.py:157} INFO - Started process (PID=179) to work on /home/airflow/.local/lib/python3.8/site-packages/airflow/example_dags/example_params_trigger_ui.py
[2023-06-27T09:26:47.843+0000] {processor.py:826} INFO - Processing file /home/airflow/.local/lib/python3.8/site-packages/airflow/example_dags/example_params_trigger_ui.py for tasks to queue
[2023-06-27T09:26:47.845+0000] {logging_mixin.py:149} INFO - [2023-06-27T09:26:47.844+0000] {dagbag.py:541} INFO - Filling up the DagBag from /home/airflow/.local/lib/python3.8/site-packages/airflow/example_dags/example_params_trigger_ui.py
[2023-06-27T09:26:47.921+0000] {processor.py:836} INFO - DAG(s) dict_keys(['example_params_trigger_ui']) retrieved from /home/airflow/.local/lib/python3.8/site-packages/airflow/example_dags/example_params_trigger_ui.py
[2023-06-27T09:26:48.216+0000] {logging_mixin.py:149} INFO - [2023-06-27T09:26:48.215+0000] {dag.py:2726} INFO - Sync 1 DAGs
[2023-06-27T09:26:48.275+0000] {logging_mixin.py:149} INFO - [2023-06-27T09:26:48.275+0000] {dag.py:3486} INFO - Setting next_dagrun for example_params_trigger_ui to None, run_after=None
[2023-06-27T09:26:48.329+0000] {processor.py:179} INFO - Processing /home/airflow/.local/lib/python3.8/site-packages/airflow/example_dags/example_params_trigger_ui.py took 0.500 seconds
[2023-06-27T09:27:19.306+0000] {processor.py:157} INFO - Started process (PID=245) to work on /home/airflow/.local/lib/python3.8/site-packages/airflow/example_dags/example_params_trigger_ui.py
[2023-06-27T09:27:19.307+0000] {processor.py:826} INFO - Processing file /home/airflow/.local/lib/python3.8/site-packages/airflow/example_dags/example_params_trigger_ui.py for tasks to queue
[2023-06-27T09:27:19.309+0000] {logging_mixin.py:149} INFO - [2023-06-27T09:27:19.308+0000] {dagbag.py:541} INFO - Filling up the DagBag from /home/airflow/.local/lib/python3.8/site-packages/airflow/example_dags/example_params_trigger_ui.py
[2023-06-27T09:27:19.336+0000] {processor.py:836} INFO - DAG(s) dict_keys(['example_params_trigger_ui']) retrieved from /home/airflow/.local/lib/python3.8/site-packages/airflow/example_dags/example_params_trigger_ui.py
[2023-06-27T09:27:19.451+0000] {logging_mixin.py:149} INFO - [2023-06-27T09:27:19.450+0000] {dag.py:2726} INFO - Sync 1 DAGs
[2023-06-27T09:27:19.479+0000] {logging_mixin.py:149} INFO - [2023-06-27T09:27:19.479+0000] {dag.py:3486} INFO - Setting next_dagrun for example_params_trigger_ui to None, run_after=None
[2023-06-27T09:27:19.501+0000] {processor.py:179} INFO - Processing /home/airflow/.local/lib/python3.8/site-packages/airflow/example_dags/example_params_trigger_ui.py took 0.200 seconds
[2023-06-27T09:27:49.747+0000] {processor.py:157} INFO - Started process (PID=311) to work on /home/airflow/.local/lib/python3.8/site-packages/airflow/example_dags/example_params_trigger_ui.py
[2023-06-27T09:27:49.748+0000] {processor.py:826} INFO - Processing file /home/airflow/.local/lib/python3.8/site-packages/airflow/example_dags/example_params_trigger_ui.py for tasks to queue
[2023-06-27T09:27:49.750+0000] {logging_mixin.py:149} INFO - [2023-06-27T09:27:49.750+0000] {dagbag.py:541} INFO - Filling up the DagBag from /home/airflow/.local/lib/python3.8/site-packages/airflow/example_dags/example_params_trigger_ui.py
[2023-06-27T09:27:49.812+0000] {processor.py:836} INFO - DAG(s) dict_keys(['example_params_trigger_ui']) retrieved from /home/airflow/.local/lib/python3.8/site-packages/airflow/example_dags/example_params_trigger_ui.py
[2023-06-27T09:27:50.027+0000] {logging_mixin.py:149} INFO - [2023-06-27T09:27:50.027+0000] {dag.py:2726} INFO - Sync 1 DAGs
[2023-06-27T09:27:50.054+0000] {logging_mixin.py:149} INFO - [2023-06-27T09:27:50.054+0000] {dag.py:3486} INFO - Setting next_dagrun for example_params_trigger_ui to None, run_after=None
[2023-06-27T09:27:50.090+0000] {processor.py:179} INFO - Processing /home/airflow/.local/lib/python3.8/site-packages/airflow/example_dags/example_params_trigger_ui.py took 0.355 seconds
[2023-06-27T09:28:20.333+0000] {processor.py:157} INFO - Started process (PID=378) to work on /home/airflow/.local/lib/python3.8/site-packages/airflow/example_dags/example_params_trigger_ui.py
[2023-06-27T09:28:20.334+0000] {processor.py:826} INFO - Processing file /home/airflow/.local/lib/python3.8/site-packages/airflow/example_dags/example_params_trigger_ui.py for tasks to queue
[2023-06-27T09:28:20.336+0000] {logging_mixin.py:149} INFO - [2023-06-27T09:28:20.336+0000] {dagbag.py:541} INFO - Filling up the DagBag from /home/airflow/.local/lib/python3.8/site-packages/airflow/example_dags/example_params_trigger_ui.py
[2023-06-27T09:28:20.364+0000] {processor.py:836} INFO - DAG(s) dict_keys(['example_params_trigger_ui']) retrieved from /home/airflow/.local/lib/python3.8/site-packages/airflow/example_dags/example_params_trigger_ui.py
[2023-06-27T09:28:20.475+0000] {logging_mixin.py:149} INFO - [2023-06-27T09:28:20.474+0000] {dag.py:2726} INFO - Sync 1 DAGs
[2023-06-27T09:28:20.505+0000] {logging_mixin.py:149} INFO - [2023-06-27T09:28:20.505+0000] {dag.py:3486} INFO - Setting next_dagrun for example_params_trigger_ui to None, run_after=None
[2023-06-27T09:28:20.531+0000] {processor.py:179} INFO - Processing /home/airflow/.local/lib/python3.8/site-packages/airflow/example_dags/example_params_trigger_ui.py took 0.203 seconds
[2023-06-27T09:28:50.611+0000] {processor.py:157} INFO - Started process (PID=453) to work on /home/airflow/.local/lib/python3.8/site-packages/airflow/example_dags/example_params_trigger_ui.py
[2023-06-27T09:28:50.615+0000] {processor.py:826} INFO - Processing file /home/airflow/.local/lib/python3.8/site-packages/airflow/example_dags/example_params_trigger_ui.py for tasks to queue
[2023-06-27T09:28:50.616+0000] {logging_mixin.py:149} INFO - [2023-06-27T09:28:50.616+0000] {dagbag.py:541} INFO - Filling up the DagBag from /home/airflow/.local/lib/python3.8/site-packages/airflow/example_dags/example_params_trigger_ui.py
[2023-06-27T09:28:50.682+0000] {processor.py:836} INFO - DAG(s) dict_keys(['example_params_trigger_ui']) retrieved from /home/airflow/.local/lib/python3.8/site-packages/airflow/example_dags/example_params_trigger_ui.py
[2023-06-27T09:28:50.966+0000] {logging_mixin.py:149} INFO - [2023-06-27T09:28:50.966+0000] {dag.py:2726} INFO - Sync 1 DAGs
[2023-06-27T09:28:51.024+0000] {logging_mixin.py:149} INFO - [2023-06-27T09:28:51.024+0000] {dag.py:3486} INFO - Setting next_dagrun for example_params_trigger_ui to None, run_after=None
[2023-06-27T09:28:51.066+0000] {processor.py:179} INFO - Processing /home/airflow/.local/lib/python3.8/site-packages/airflow/example_dags/example_params_trigger_ui.py took 0.464 seconds
[2023-06-27T09:29:21.810+0000] {processor.py:157} INFO - Started process (PID=521) to work on /home/airflow/.local/lib/python3.8/site-packages/airflow/example_dags/example_params_trigger_ui.py
[2023-06-27T09:29:21.816+0000] {processor.py:826} INFO - Processing file /home/airflow/.local/lib/python3.8/site-packages/airflow/example_dags/example_params_trigger_ui.py for tasks to queue
[2023-06-27T09:29:21.818+0000] {logging_mixin.py:149} INFO - [2023-06-27T09:29:21.818+0000] {dagbag.py:541} INFO - Filling up the DagBag from /home/airflow/.local/lib/python3.8/site-packages/airflow/example_dags/example_params_trigger_ui.py
[2023-06-27T09:29:21.887+0000] {processor.py:836} INFO - DAG(s) dict_keys(['example_params_trigger_ui']) retrieved from /home/airflow/.local/lib/python3.8/site-packages/airflow/example_dags/example_params_trigger_ui.py
[2023-06-27T09:29:22.193+0000] {logging_mixin.py:149} INFO - [2023-06-27T09:29:22.192+0000] {dag.py:2726} INFO - Sync 1 DAGs
[2023-06-27T09:29:22.259+0000] {logging_mixin.py:149} INFO - [2023-06-27T09:29:22.258+0000] {dag.py:3486} INFO - Setting next_dagrun for example_params_trigger_ui to None, run_after=None
[2023-06-27T09:29:22.306+0000] {processor.py:179} INFO - Processing /home/airflow/.local/lib/python3.8/site-packages/airflow/example_dags/example_params_trigger_ui.py took 0.512 seconds
[2023-06-27T09:29:52.559+0000] {processor.py:157} INFO - Started process (PID=588) to work on /home/airflow/.local/lib/python3.8/site-packages/airflow/example_dags/example_params_trigger_ui.py
[2023-06-27T09:29:52.563+0000] {processor.py:826} INFO - Processing file /home/airflow/.local/lib/python3.8/site-packages/airflow/example_dags/example_params_trigger_ui.py for tasks to queue
[2023-06-27T09:29:52.564+0000] {logging_mixin.py:149} INFO - [2023-06-27T09:29:52.564+0000] {dagbag.py:541} INFO - Filling up the DagBag from /home/airflow/.local/lib/python3.8/site-packages/airflow/example_dags/example_params_trigger_ui.py
[2023-06-27T09:29:52.618+0000] {processor.py:836} INFO - DAG(s) dict_keys(['example_params_trigger_ui']) retrieved from /home/airflow/.local/lib/python3.8/site-packages/airflow/example_dags/example_params_trigger_ui.py
[2023-06-27T09:29:52.855+0000] {logging_mixin.py:149} INFO - [2023-06-27T09:29:52.855+0000] {dag.py:2726} INFO - Sync 1 DAGs
[2023-06-27T09:29:52.921+0000] {logging_mixin.py:149} INFO - [2023-06-27T09:29:52.920+0000] {dag.py:3486} INFO - Setting next_dagrun for example_params_trigger_ui to None, run_after=None
[2023-06-27T09:29:52.987+0000] {processor.py:179} INFO - Processing /home/airflow/.local/lib/python3.8/site-packages/airflow/example_dags/example_params_trigger_ui.py took 0.437 seconds
[2023-06-27T09:30:23.430+0000] {processor.py:157} INFO - Started process (PID=668) to work on /home/airflow/.local/lib/python3.8/site-packages/airflow/example_dags/example_params_trigger_ui.py
[2023-06-27T09:30:23.431+0000] {processor.py:826} INFO - Processing file /home/airflow/.local/lib/python3.8/site-packages/airflow/example_dags/example_params_trigger_ui.py for tasks to queue
[2023-06-27T09:30:23.433+0000] {logging_mixin.py:149} INFO - [2023-06-27T09:30:23.433+0000] {dagbag.py:541} INFO - Filling up the DagBag from /home/airflow/.local/lib/python3.8/site-packages/airflow/example_dags/example_params_trigger_ui.py
[2023-06-27T09:30:23.499+0000] {processor.py:836} INFO - DAG(s) dict_keys(['example_params_trigger_ui']) retrieved from /home/airflow/.local/lib/python3.8/site-packages/airflow/example_dags/example_params_trigger_ui.py
[2023-06-27T09:30:23.610+0000] {logging_mixin.py:149} INFO - [2023-06-27T09:30:23.610+0000] {dag.py:2726} INFO - Sync 1 DAGs
[2023-06-27T09:30:23.640+0000] {logging_mixin.py:149} INFO - [2023-06-27T09:30:23.640+0000] {dag.py:3486} INFO - Setting next_dagrun for example_params_trigger_ui to None, run_after=None
[2023-06-27T09:30:23.665+0000] {processor.py:179} INFO - Processing /home/airflow/.local/lib/python3.8/site-packages/airflow/example_dags/example_params_trigger_ui.py took 0.244 seconds
[2023-06-27T09:30:53.809+0000] {processor.py:157} INFO - Started process (PID=737) to work on /home/airflow/.local/lib/python3.8/site-packages/airflow/example_dags/example_params_trigger_ui.py
[2023-06-27T09:30:53.840+0000] {processor.py:826} INFO - Processing file /home/airflow/.local/lib/python3.8/site-packages/airflow/example_dags/example_params_trigger_ui.py for tasks to queue
[2023-06-27T09:30:53.842+0000] {logging_mixin.py:149} INFO - [2023-06-27T09:30:53.842+0000] {dagbag.py:541} INFO - Filling up the DagBag from /home/airflow/.local/lib/python3.8/site-packages/airflow/example_dags/example_params_trigger_ui.py
[2023-06-27T09:30:53.911+0000] {processor.py:836} INFO - DAG(s) dict_keys(['example_params_trigger_ui']) retrieved from /home/airflow/.local/lib/python3.8/site-packages/airflow/example_dags/example_params_trigger_ui.py
[2023-06-27T09:30:54.211+0000] {logging_mixin.py:149} INFO - [2023-06-27T09:30:54.211+0000] {dag.py:2726} INFO - Sync 1 DAGs
[2023-06-27T09:30:54.270+0000] {logging_mixin.py:149} INFO - [2023-06-27T09:30:54.270+0000] {dag.py:3486} INFO - Setting next_dagrun for example_params_trigger_ui to None, run_after=None
[2023-06-27T09:30:54.313+0000] {processor.py:179} INFO - Processing /home/airflow/.local/lib/python3.8/site-packages/airflow/example_dags/example_params_trigger_ui.py took 0.521 seconds
[2023-06-27T09:31:25.038+0000] {processor.py:157} INFO - Started process (PID=804) to work on /home/airflow/.local/lib/python3.8/site-packages/airflow/example_dags/example_params_trigger_ui.py
[2023-06-27T09:31:25.047+0000] {processor.py:826} INFO - Processing file /home/airflow/.local/lib/python3.8/site-packages/airflow/example_dags/example_params_trigger_ui.py for tasks to queue
[2023-06-27T09:31:25.048+0000] {logging_mixin.py:149} INFO - [2023-06-27T09:31:25.048+0000] {dagbag.py:541} INFO - Filling up the DagBag from /home/airflow/.local/lib/python3.8/site-packages/airflow/example_dags/example_params_trigger_ui.py
[2023-06-27T09:31:25.106+0000] {processor.py:836} INFO - DAG(s) dict_keys(['example_params_trigger_ui']) retrieved from /home/airflow/.local/lib/python3.8/site-packages/airflow/example_dags/example_params_trigger_ui.py
[2023-06-27T09:31:25.337+0000] {logging_mixin.py:149} INFO - [2023-06-27T09:31:25.336+0000] {dag.py:2726} INFO - Sync 1 DAGs
[2023-06-27T09:31:25.403+0000] {logging_mixin.py:149} INFO - [2023-06-27T09:31:25.403+0000] {dag.py:3486} INFO - Setting next_dagrun for example_params_trigger_ui to None, run_after=None
[2023-06-27T09:31:25.448+0000] {processor.py:179} INFO - Processing /home/airflow/.local/lib/python3.8/site-packages/airflow/example_dags/example_params_trigger_ui.py took 0.415 seconds
[2023-06-27T09:31:56.118+0000] {processor.py:157} INFO - Started process (PID=879) to work on /home/airflow/.local/lib/python3.8/site-packages/airflow/example_dags/example_params_trigger_ui.py
[2023-06-27T09:31:56.120+0000] {processor.py:826} INFO - Processing file /home/airflow/.local/lib/python3.8/site-packages/airflow/example_dags/example_params_trigger_ui.py for tasks to queue
[2023-06-27T09:31:56.122+0000] {logging_mixin.py:149} INFO - [2023-06-27T09:31:56.122+0000] {dagbag.py:541} INFO - Filling up the DagBag from /home/airflow/.local/lib/python3.8/site-packages/airflow/example_dags/example_params_trigger_ui.py
[2023-06-27T09:31:56.150+0000] {processor.py:836} INFO - DAG(s) dict_keys(['example_params_trigger_ui']) retrieved from /home/airflow/.local/lib/python3.8/site-packages/airflow/example_dags/example_params_trigger_ui.py
[2023-06-27T09:31:56.264+0000] {logging_mixin.py:149} INFO - [2023-06-27T09:31:56.263+0000] {dag.py:2726} INFO - Sync 1 DAGs
[2023-06-27T09:31:56.293+0000] {logging_mixin.py:149} INFO - [2023-06-27T09:31:56.293+0000] {dag.py:3486} INFO - Setting next_dagrun for example_params_trigger_ui to None, run_after=None
[2023-06-27T09:31:56.317+0000] {processor.py:179} INFO - Processing /home/airflow/.local/lib/python3.8/site-packages/airflow/example_dags/example_params_trigger_ui.py took 0.203 seconds
[2023-06-27T09:32:26.736+0000] {processor.py:157} INFO - Started process (PID=944) to work on /home/airflow/.local/lib/python3.8/site-packages/airflow/example_dags/example_params_trigger_ui.py
[2023-06-27T09:32:26.739+0000] {processor.py:826} INFO - Processing file /home/airflow/.local/lib/python3.8/site-packages/airflow/example_dags/example_params_trigger_ui.py for tasks to queue
[2023-06-27T09:32:26.740+0000] {logging_mixin.py:149} INFO - [2023-06-27T09:32:26.740+0000] {dagbag.py:541} INFO - Filling up the DagBag from /home/airflow/.local/lib/python3.8/site-packages/airflow/example_dags/example_params_trigger_ui.py
[2023-06-27T09:32:26.812+0000] {processor.py:836} INFO - DAG(s) dict_keys(['example_params_trigger_ui']) retrieved from /home/airflow/.local/lib/python3.8/site-packages/airflow/example_dags/example_params_trigger_ui.py
[2023-06-27T09:32:26.987+0000] {logging_mixin.py:149} INFO - [2023-06-27T09:32:26.987+0000] {dag.py:2726} INFO - Sync 1 DAGs
[2023-06-27T09:32:27.021+0000] {logging_mixin.py:149} INFO - [2023-06-27T09:32:27.021+0000] {dag.py:3486} INFO - Setting next_dagrun for example_params_trigger_ui to None, run_after=None
[2023-06-27T09:32:27.043+0000] {processor.py:179} INFO - Processing /home/airflow/.local/lib/python3.8/site-packages/airflow/example_dags/example_params_trigger_ui.py took 0.316 seconds
[2023-06-27T09:32:57.171+0000] {processor.py:157} INFO - Started process (PID=1014) to work on /home/airflow/.local/lib/python3.8/site-packages/airflow/example_dags/example_params_trigger_ui.py
[2023-06-27T09:32:57.172+0000] {processor.py:826} INFO - Processing file /home/airflow/.local/lib/python3.8/site-packages/airflow/example_dags/example_params_trigger_ui.py for tasks to queue
[2023-06-27T09:32:57.184+0000] {logging_mixin.py:149} INFO - [2023-06-27T09:32:57.174+0000] {dagbag.py:541} INFO - Filling up the DagBag from /home/airflow/.local/lib/python3.8/site-packages/airflow/example_dags/example_params_trigger_ui.py
[2023-06-27T09:32:57.217+0000] {processor.py:836} INFO - DAG(s) dict_keys(['example_params_trigger_ui']) retrieved from /home/airflow/.local/lib/python3.8/site-packages/airflow/example_dags/example_params_trigger_ui.py
[2023-06-27T09:32:57.375+0000] {logging_mixin.py:149} INFO - [2023-06-27T09:32:57.374+0000] {dag.py:2726} INFO - Sync 1 DAGs
[2023-06-27T09:32:57.406+0000] {logging_mixin.py:149} INFO - [2023-06-27T09:32:57.406+0000] {dag.py:3486} INFO - Setting next_dagrun for example_params_trigger_ui to None, run_after=None
[2023-06-27T09:32:57.443+0000] {processor.py:179} INFO - Processing /home/airflow/.local/lib/python3.8/site-packages/airflow/example_dags/example_params_trigger_ui.py took 0.284 seconds
[2023-06-27T09:33:27.887+0000] {processor.py:157} INFO - Started process (PID=1081) to work on /home/airflow/.local/lib/python3.8/site-packages/airflow/example_dags/example_params_trigger_ui.py
[2023-06-27T09:33:27.889+0000] {processor.py:826} INFO - Processing file /home/airflow/.local/lib/python3.8/site-packages/airflow/example_dags/example_params_trigger_ui.py for tasks to queue
[2023-06-27T09:33:27.891+0000] {logging_mixin.py:149} INFO - [2023-06-27T09:33:27.890+0000] {dagbag.py:541} INFO - Filling up the DagBag from /home/airflow/.local/lib/python3.8/site-packages/airflow/example_dags/example_params_trigger_ui.py
[2023-06-27T09:33:27.959+0000] {processor.py:836} INFO - DAG(s) dict_keys(['example_params_trigger_ui']) retrieved from /home/airflow/.local/lib/python3.8/site-packages/airflow/example_dags/example_params_trigger_ui.py
[2023-06-27T09:33:28.187+0000] {logging_mixin.py:149} INFO - [2023-06-27T09:33:28.187+0000] {dag.py:2726} INFO - Sync 1 DAGs
[2023-06-27T09:33:28.249+0000] {logging_mixin.py:149} INFO - [2023-06-27T09:33:28.249+0000] {dag.py:3486} INFO - Setting next_dagrun for example_params_trigger_ui to None, run_after=None
[2023-06-27T09:33:28.303+0000] {processor.py:179} INFO - Processing /home/airflow/.local/lib/python3.8/site-packages/airflow/example_dags/example_params_trigger_ui.py took 0.428 seconds
[2023-06-27T09:33:58.380+0000] {processor.py:157} INFO - Started process (PID=1149) to work on /home/airflow/.local/lib/python3.8/site-packages/airflow/example_dags/example_params_trigger_ui.py
[2023-06-27T09:33:58.381+0000] {processor.py:826} INFO - Processing file /home/airflow/.local/lib/python3.8/site-packages/airflow/example_dags/example_params_trigger_ui.py for tasks to queue
[2023-06-27T09:33:58.383+0000] {logging_mixin.py:149} INFO - [2023-06-27T09:33:58.383+0000] {dagbag.py:541} INFO - Filling up the DagBag from /home/airflow/.local/lib/python3.8/site-packages/airflow/example_dags/example_params_trigger_ui.py
[2023-06-27T09:33:58.413+0000] {processor.py:836} INFO - DAG(s) dict_keys(['example_params_trigger_ui']) retrieved from /home/airflow/.local/lib/python3.8/site-packages/airflow/example_dags/example_params_trigger_ui.py
[2023-06-27T09:33:58.535+0000] {logging_mixin.py:149} INFO - [2023-06-27T09:33:58.534+0000] {dag.py:2726} INFO - Sync 1 DAGs
[2023-06-27T09:33:58.562+0000] {logging_mixin.py:149} INFO - [2023-06-27T09:33:58.562+0000] {dag.py:3486} INFO - Setting next_dagrun for example_params_trigger_ui to None, run_after=None
[2023-06-27T09:33:58.582+0000] {processor.py:179} INFO - Processing /home/airflow/.local/lib/python3.8/site-packages/airflow/example_dags/example_params_trigger_ui.py took 0.207 seconds
[2023-06-27T09:34:28.943+0000] {processor.py:157} INFO - Started process (PID=1215) to work on /home/airflow/.local/lib/python3.8/site-packages/airflow/example_dags/example_params_trigger_ui.py
[2023-06-27T09:34:28.945+0000] {processor.py:826} INFO - Processing file /home/airflow/.local/lib/python3.8/site-packages/airflow/example_dags/example_params_trigger_ui.py for tasks to queue
[2023-06-27T09:34:28.947+0000] {logging_mixin.py:149} INFO - [2023-06-27T09:34:28.946+0000] {dagbag.py:541} INFO - Filling up the DagBag from /home/airflow/.local/lib/python3.8/site-packages/airflow/example_dags/example_params_trigger_ui.py
[2023-06-27T09:34:29.007+0000] {processor.py:836} INFO - DAG(s) dict_keys(['example_params_trigger_ui']) retrieved from /home/airflow/.local/lib/python3.8/site-packages/airflow/example_dags/example_params_trigger_ui.py
[2023-06-27T09:34:29.255+0000] {logging_mixin.py:149} INFO - [2023-06-27T09:34:29.254+0000] {dag.py:2726} INFO - Sync 1 DAGs
[2023-06-27T09:34:29.283+0000] {logging_mixin.py:149} INFO - [2023-06-27T09:34:29.283+0000] {dag.py:3486} INFO - Setting next_dagrun for example_params_trigger_ui to None, run_after=None
[2023-06-27T09:34:29.326+0000] {processor.py:179} INFO - Processing /home/airflow/.local/lib/python3.8/site-packages/airflow/example_dags/example_params_trigger_ui.py took 0.392 seconds
