[2023-06-27T00:00:50.032+0000] {processor.py:157} INFO - Started process (PID=458) to work on /home/airflow/.local/lib/python3.8/site-packages/airflow/example_dags/example_sla_dag.py
[2023-06-27T00:00:50.037+0000] {processor.py:826} INFO - Processing file /home/airflow/.local/lib/python3.8/site-packages/airflow/example_dags/example_sla_dag.py for tasks to queue
[2023-06-27T00:00:50.038+0000] {logging_mixin.py:149} INFO - [2023-06-27T00:00:50.038+0000] {dagbag.py:541} INFO - Filling up the DagBag from /home/airflow/.local/lib/python3.8/site-packages/airflow/example_dags/example_sla_dag.py
[2023-06-27T00:00:50.102+0000] {processor.py:836} INFO - DAG(s) dict_keys(['example_sla_dag']) retrieved from /home/airflow/.local/lib/python3.8/site-packages/airflow/example_dags/example_sla_dag.py
[2023-06-27T00:00:50.286+0000] {logging_mixin.py:149} INFO - [2023-06-27T00:00:50.286+0000] {dag.py:2726} INFO - Sync 1 DAGs
[2023-06-27T00:00:50.704+0000] {logging_mixin.py:149} INFO - [2023-06-27T00:00:50.704+0000] {dag.py:3486} INFO - Setting next_dagrun for example_sla_dag to 2023-06-26T23:58:00+00:00, run_after=2023-06-27T00:00:00+00:00
[2023-06-27T00:00:50.910+0000] {processor.py:179} INFO - Processing /home/airflow/.local/lib/python3.8/site-packages/airflow/example_dags/example_sla_dag.py took 0.959 seconds
[2023-06-27T00:04:01.342+0000] {processor.py:157} INFO - Started process (PID=569) to work on /home/airflow/.local/lib/python3.8/site-packages/airflow/example_dags/example_sla_dag.py
[2023-06-27T00:04:01.365+0000] {processor.py:826} INFO - Processing file /home/airflow/.local/lib/python3.8/site-packages/airflow/example_dags/example_sla_dag.py for tasks to queue
[2023-06-27T00:04:02.745+0000] {logging_mixin.py:149} INFO - [2023-06-27T00:04:01.984+0000] {dagbag.py:541} INFO - Filling up the DagBag from /home/airflow/.local/lib/python3.8/site-packages/airflow/example_dags/example_sla_dag.py
[2023-06-27T00:04:04.024+0000] {processor.py:836} INFO - DAG(s) dict_keys(['example_sla_dag']) retrieved from /home/airflow/.local/lib/python3.8/site-packages/airflow/example_dags/example_sla_dag.py
[2023-06-27T00:04:07.318+0000] {logging_mixin.py:149} INFO - [2023-06-27T00:04:07.318+0000] {dag.py:2726} INFO - Sync 1 DAGs
[2023-06-27T00:04:15.679+0000] {logging_mixin.py:149} INFO - [2023-06-27T00:04:15.679+0000] {dag.py:3486} INFO - Setting next_dagrun for example_sla_dag to 2023-06-27T00:02:00+00:00, run_after=2023-06-27T00:04:00+00:00
[2023-06-27T00:04:19.718+0000] {processor.py:179} INFO - Processing /home/airflow/.local/lib/python3.8/site-packages/airflow/example_dags/example_sla_dag.py took 18.915 seconds
[2023-06-27T01:01:19.648+0000] {processor.py:157} INFO - Started process (PID=39) to work on /home/airflow/.local/lib/python3.8/site-packages/airflow/example_dags/example_sla_dag.py
[2023-06-27T01:01:19.661+0000] {processor.py:826} INFO - Processing file /home/airflow/.local/lib/python3.8/site-packages/airflow/example_dags/example_sla_dag.py for tasks to queue
[2023-06-27T01:01:19.665+0000] {logging_mixin.py:149} INFO - [2023-06-27T01:01:19.665+0000] {dagbag.py:541} INFO - Filling up the DagBag from /home/airflow/.local/lib/python3.8/site-packages/airflow/example_dags/example_sla_dag.py
[2023-06-27T01:01:19.764+0000] {processor.py:836} INFO - DAG(s) dict_keys(['example_sla_dag']) retrieved from /home/airflow/.local/lib/python3.8/site-packages/airflow/example_dags/example_sla_dag.py
[2023-06-27T01:01:19.964+0000] {logging_mixin.py:149} INFO - [2023-06-27T01:01:19.964+0000] {dag.py:2726} INFO - Sync 1 DAGs
[2023-06-27T01:01:20.345+0000] {logging_mixin.py:149} INFO - [2023-06-27T01:01:20.344+0000] {dag.py:3486} INFO - Setting next_dagrun for example_sla_dag to 2023-06-27T00:58:00+00:00, run_after=2023-06-27T01:00:00+00:00
[2023-06-27T01:01:20.477+0000] {processor.py:179} INFO - Processing /home/airflow/.local/lib/python3.8/site-packages/airflow/example_dags/example_sla_dag.py took 0.923 seconds
[2023-06-27T01:05:39.356+0000] {processor.py:157} INFO - Started process (PID=194) to work on /home/airflow/.local/lib/python3.8/site-packages/airflow/example_dags/example_sla_dag.py
[2023-06-27T01:05:39.482+0000] {processor.py:826} INFO - Processing file /home/airflow/.local/lib/python3.8/site-packages/airflow/example_dags/example_sla_dag.py for tasks to queue
[2023-06-27T01:05:39.484+0000] {logging_mixin.py:149} INFO - [2023-06-27T01:05:39.484+0000] {dagbag.py:541} INFO - Filling up the DagBag from /home/airflow/.local/lib/python3.8/site-packages/airflow/example_dags/example_sla_dag.py
[2023-06-27T01:05:39.912+0000] {processor.py:836} INFO - DAG(s) dict_keys(['example_sla_dag']) retrieved from /home/airflow/.local/lib/python3.8/site-packages/airflow/example_dags/example_sla_dag.py
[2023-06-27T01:05:41.266+0000] {logging_mixin.py:149} INFO - [2023-06-27T01:05:41.266+0000] {dag.py:2726} INFO - Sync 1 DAGs
[2023-06-27T01:05:42.410+0000] {logging_mixin.py:149} INFO - [2023-06-27T01:05:42.410+0000] {dag.py:3486} INFO - Setting next_dagrun for example_sla_dag to 2023-06-27T01:02:00+00:00, run_after=2023-06-27T01:04:00+00:00
[2023-06-27T01:05:43.058+0000] {processor.py:179} INFO - Processing /home/airflow/.local/lib/python3.8/site-packages/airflow/example_dags/example_sla_dag.py took 3.815 seconds
[2023-06-27T01:37:35.346+0000] {processor.py:157} INFO - Started process (PID=48) to work on /home/airflow/.local/lib/python3.8/site-packages/airflow/example_dags/example_sla_dag.py
[2023-06-27T01:37:35.352+0000] {processor.py:826} INFO - Processing file /home/airflow/.local/lib/python3.8/site-packages/airflow/example_dags/example_sla_dag.py for tasks to queue
[2023-06-27T01:37:35.358+0000] {logging_mixin.py:149} INFO - [2023-06-27T01:37:35.357+0000] {dagbag.py:541} INFO - Filling up the DagBag from /home/airflow/.local/lib/python3.8/site-packages/airflow/example_dags/example_sla_dag.py
[2023-06-27T01:37:35.392+0000] {processor.py:836} INFO - DAG(s) dict_keys(['example_sla_dag']) retrieved from /home/airflow/.local/lib/python3.8/site-packages/airflow/example_dags/example_sla_dag.py
[2023-06-27T01:37:35.463+0000] {logging_mixin.py:149} INFO - [2023-06-27T01:37:35.463+0000] {dag.py:2726} INFO - Sync 1 DAGs
[2023-06-27T01:37:35.547+0000] {logging_mixin.py:149} INFO - [2023-06-27T01:37:35.546+0000] {dag.py:3486} INFO - Setting next_dagrun for example_sla_dag to 2023-06-27T01:34:00+00:00, run_after=2023-06-27T01:36:00+00:00
[2023-06-27T01:37:35.596+0000] {processor.py:179} INFO - Processing /home/airflow/.local/lib/python3.8/site-packages/airflow/example_dags/example_sla_dag.py took 0.255 seconds
[2023-06-27T01:38:11.528+0000] {processor.py:157} INFO - Started process (PID=113) to work on /home/airflow/.local/lib/python3.8/site-packages/airflow/example_dags/example_sla_dag.py
[2023-06-27T01:38:11.546+0000] {processor.py:826} INFO - Processing file /home/airflow/.local/lib/python3.8/site-packages/airflow/example_dags/example_sla_dag.py for tasks to queue
[2023-06-27T01:38:11.549+0000] {logging_mixin.py:149} INFO - [2023-06-27T01:38:11.548+0000] {dagbag.py:541} INFO - Filling up the DagBag from /home/airflow/.local/lib/python3.8/site-packages/airflow/example_dags/example_sla_dag.py
[2023-06-27T01:38:11.928+0000] {processor.py:836} INFO - DAG(s) dict_keys(['example_sla_dag']) retrieved from /home/airflow/.local/lib/python3.8/site-packages/airflow/example_dags/example_sla_dag.py
[2023-06-27T01:38:13.109+0000] {logging_mixin.py:149} INFO - [2023-06-27T01:38:13.109+0000] {dag.py:2726} INFO - Sync 1 DAGs
[2023-06-27T01:38:15.573+0000] {logging_mixin.py:149} INFO - [2023-06-27T01:38:15.573+0000] {dag.py:3486} INFO - Setting next_dagrun for example_sla_dag to 2023-06-27T01:36:00+00:00, run_after=2023-06-27T01:38:00+00:00
[2023-06-27T01:38:16.255+0000] {processor.py:179} INFO - Processing /home/airflow/.local/lib/python3.8/site-packages/airflow/example_dags/example_sla_dag.py took 4.829 seconds
[2023-06-27T01:40:15.406+0000] {processor.py:157} INFO - Started process (PID=190) to work on /home/airflow/.local/lib/python3.8/site-packages/airflow/example_dags/example_sla_dag.py
[2023-06-27T01:40:15.453+0000] {processor.py:826} INFO - Processing file /home/airflow/.local/lib/python3.8/site-packages/airflow/example_dags/example_sla_dag.py for tasks to queue
[2023-06-27T01:40:15.455+0000] {logging_mixin.py:149} INFO - [2023-06-27T01:40:15.455+0000] {dagbag.py:541} INFO - Filling up the DagBag from /home/airflow/.local/lib/python3.8/site-packages/airflow/example_dags/example_sla_dag.py
[2023-06-27T01:40:15.762+0000] {processor.py:836} INFO - DAG(s) dict_keys(['example_sla_dag']) retrieved from /home/airflow/.local/lib/python3.8/site-packages/airflow/example_dags/example_sla_dag.py
[2023-06-27T01:40:16.274+0000] {logging_mixin.py:149} INFO - [2023-06-27T01:40:16.274+0000] {dag.py:2726} INFO - Sync 1 DAGs
[2023-06-27T01:40:17.059+0000] {logging_mixin.py:149} INFO - [2023-06-27T01:40:17.059+0000] {dag.py:3486} INFO - Setting next_dagrun for example_sla_dag to 2023-06-27T01:38:00+00:00, run_after=2023-06-27T01:40:00+00:00
[2023-06-27T01:40:17.570+0000] {processor.py:179} INFO - Processing /home/airflow/.local/lib/python3.8/site-packages/airflow/example_dags/example_sla_dag.py took 2.237 seconds
[2023-06-27T01:43:57.984+0000] {processor.py:157} INFO - Started process (PID=321) to work on /home/airflow/.local/lib/python3.8/site-packages/airflow/example_dags/example_sla_dag.py
[2023-06-27T01:43:57.986+0000] {processor.py:826} INFO - Processing file /home/airflow/.local/lib/python3.8/site-packages/airflow/example_dags/example_sla_dag.py for tasks to queue
[2023-06-27T01:43:58.743+0000] {logging_mixin.py:149} INFO - [2023-06-27T01:43:58.743+0000] {dagbag.py:541} INFO - Filling up the DagBag from /home/airflow/.local/lib/python3.8/site-packages/airflow/example_dags/example_sla_dag.py
[2023-06-27T01:44:01.087+0000] {processor.py:836} INFO - DAG(s) dict_keys(['example_sla_dag']) retrieved from /home/airflow/.local/lib/python3.8/site-packages/airflow/example_dags/example_sla_dag.py
[2023-06-27T01:44:13.866+0000] {logging_mixin.py:149} INFO - [2023-06-27T01:44:13.566+0000] {dag.py:2726} INFO - Sync 1 DAGs
[2023-06-27T01:44:17.529+0000] {logging_mixin.py:149} INFO - [2023-06-27T01:44:17.528+0000] {dag.py:3486} INFO - Setting next_dagrun for example_sla_dag to 2023-06-27T01:42:00+00:00, run_after=2023-06-27T01:44:00+00:00
[2023-06-27T01:44:20.935+0000] {processor.py:179} INFO - Processing /home/airflow/.local/lib/python3.8/site-packages/airflow/example_dags/example_sla_dag.py took 23.312 seconds
[2023-06-27T02:16:32.154+0000] {processor.py:157} INFO - Started process (PID=37) to work on /home/airflow/.local/lib/python3.8/site-packages/airflow/example_dags/example_sla_dag.py
[2023-06-27T02:16:32.156+0000] {processor.py:826} INFO - Processing file /home/airflow/.local/lib/python3.8/site-packages/airflow/example_dags/example_sla_dag.py for tasks to queue
[2023-06-27T02:16:32.156+0000] {logging_mixin.py:149} INFO - [2023-06-27T02:16:32.156+0000] {dagbag.py:541} INFO - Filling up the DagBag from /home/airflow/.local/lib/python3.8/site-packages/airflow/example_dags/example_sla_dag.py
[2023-06-27T02:16:32.191+0000] {processor.py:836} INFO - DAG(s) dict_keys(['example_sla_dag']) retrieved from /home/airflow/.local/lib/python3.8/site-packages/airflow/example_dags/example_sla_dag.py
[2023-06-27T02:16:32.283+0000] {logging_mixin.py:149} INFO - [2023-06-27T02:16:32.282+0000] {dag.py:2726} INFO - Sync 1 DAGs
[2023-06-27T02:16:32.343+0000] {logging_mixin.py:149} INFO - [2023-06-27T02:16:32.342+0000] {dag.py:3486} INFO - Setting next_dagrun for example_sla_dag to 2023-06-27T02:14:00+00:00, run_after=2023-06-27T02:16:00+00:00
[2023-06-27T02:16:32.391+0000] {processor.py:179} INFO - Processing /home/airflow/.local/lib/python3.8/site-packages/airflow/example_dags/example_sla_dag.py took 0.252 seconds
[2023-06-27T02:21:11.678+0000] {processor.py:157} INFO - Started process (PID=202) to work on /home/airflow/.local/lib/python3.8/site-packages/airflow/example_dags/example_sla_dag.py
[2023-06-27T02:21:12.346+0000] {processor.py:826} INFO - Processing file /home/airflow/.local/lib/python3.8/site-packages/airflow/example_dags/example_sla_dag.py for tasks to queue
[2023-06-27T02:21:12.347+0000] {logging_mixin.py:149} INFO - [2023-06-27T02:21:12.347+0000] {dagbag.py:541} INFO - Filling up the DagBag from /home/airflow/.local/lib/python3.8/site-packages/airflow/example_dags/example_sla_dag.py
[2023-06-27T02:21:15.196+0000] {processor.py:836} INFO - DAG(s) dict_keys(['example_sla_dag']) retrieved from /home/airflow/.local/lib/python3.8/site-packages/airflow/example_dags/example_sla_dag.py
[2023-06-27T02:21:23.768+0000] {logging_mixin.py:149} INFO - [2023-06-27T02:21:23.767+0000] {dag.py:2726} INFO - Sync 1 DAGs
[2023-06-27T02:21:30.732+0000] {logging_mixin.py:149} INFO - [2023-06-27T02:21:30.732+0000] {dag.py:3486} INFO - Setting next_dagrun for example_sla_dag to 2023-06-27T02:18:00+00:00, run_after=2023-06-27T02:20:00+00:00
[2023-06-27T02:21:34.912+0000] {processor.py:179} INFO - Processing /home/airflow/.local/lib/python3.8/site-packages/airflow/example_dags/example_sla_dag.py took 23.557 seconds
[2023-06-27T06:15:15.323+0000] {processor.py:157} INFO - Started process (PID=283) to work on /home/airflow/.local/lib/python3.8/site-packages/airflow/example_dags/example_sla_dag.py
[2023-06-27T06:15:15.371+0000] {processor.py:826} INFO - Processing file /home/airflow/.local/lib/python3.8/site-packages/airflow/example_dags/example_sla_dag.py for tasks to queue
[2023-06-27T06:15:15.427+0000] {logging_mixin.py:149} INFO - [2023-06-27T06:15:15.427+0000] {dagbag.py:541} INFO - Filling up the DagBag from /home/airflow/.local/lib/python3.8/site-packages/airflow/example_dags/example_sla_dag.py
[2023-06-27T06:15:15.856+0000] {processor.py:836} INFO - DAG(s) dict_keys(['example_sla_dag']) retrieved from /home/airflow/.local/lib/python3.8/site-packages/airflow/example_dags/example_sla_dag.py
[2023-06-27T06:15:17.238+0000] {logging_mixin.py:149} INFO - [2023-06-27T06:15:17.238+0000] {dag.py:2726} INFO - Sync 1 DAGs
[2023-06-27T06:15:18.094+0000] {logging_mixin.py:149} INFO - [2023-06-27T06:15:18.093+0000] {dag.py:3486} INFO - Setting next_dagrun for example_sla_dag to 2023-06-27T06:12:00+00:00, run_after=2023-06-27T06:14:00+00:00
[2023-06-27T06:15:18.763+0000] {processor.py:179} INFO - Processing /home/airflow/.local/lib/python3.8/site-packages/airflow/example_dags/example_sla_dag.py took 3.667 seconds
[2023-06-27T08:56:10.249+0000] {processor.py:157} INFO - Started process (PID=493) to work on /home/airflow/.local/lib/python3.8/site-packages/airflow/example_dags/example_sla_dag.py
[2023-06-27T08:56:10.309+0000] {processor.py:826} INFO - Processing file /home/airflow/.local/lib/python3.8/site-packages/airflow/example_dags/example_sla_dag.py for tasks to queue
[2023-06-27T08:56:10.310+0000] {logging_mixin.py:149} INFO - [2023-06-27T08:56:10.310+0000] {dagbag.py:541} INFO - Filling up the DagBag from /home/airflow/.local/lib/python3.8/site-packages/airflow/example_dags/example_sla_dag.py
[2023-06-27T08:56:10.325+0000] {processor.py:836} INFO - DAG(s) dict_keys(['example_sla_dag']) retrieved from /home/airflow/.local/lib/python3.8/site-packages/airflow/example_dags/example_sla_dag.py
[2023-06-27T08:56:10.380+0000] {logging_mixin.py:149} INFO - [2023-06-27T08:56:10.380+0000] {dag.py:2726} INFO - Sync 1 DAGs
[2023-06-27T08:56:10.417+0000] {logging_mixin.py:149} INFO - [2023-06-27T08:56:10.417+0000] {dag.py:3486} INFO - Setting next_dagrun for example_sla_dag to 2023-06-27T08:54:00+00:00, run_after=2023-06-27T08:56:00+00:00
[2023-06-27T08:56:10.519+0000] {processor.py:179} INFO - Processing /home/airflow/.local/lib/python3.8/site-packages/airflow/example_dags/example_sla_dag.py took 0.275 seconds
[2023-06-27T08:56:43.559+0000] {processor.py:157} INFO - Started process (PID=546) to work on /home/airflow/.local/lib/python3.8/site-packages/airflow/example_dags/example_sla_dag.py
[2023-06-27T08:56:43.574+0000] {processor.py:826} INFO - Processing file /home/airflow/.local/lib/python3.8/site-packages/airflow/example_dags/example_sla_dag.py for tasks to queue
[2023-06-27T08:56:43.577+0000] {logging_mixin.py:149} INFO - [2023-06-27T08:56:43.575+0000] {dagbag.py:541} INFO - Filling up the DagBag from /home/airflow/.local/lib/python3.8/site-packages/airflow/example_dags/example_sla_dag.py
[2023-06-27T08:56:43.638+0000] {processor.py:836} INFO - DAG(s) dict_keys(['example_sla_dag']) retrieved from /home/airflow/.local/lib/python3.8/site-packages/airflow/example_dags/example_sla_dag.py
[2023-06-27T08:56:43.767+0000] {logging_mixin.py:149} INFO - [2023-06-27T08:56:43.767+0000] {dag.py:2726} INFO - Sync 1 DAGs
[2023-06-27T08:56:43.851+0000] {logging_mixin.py:149} INFO - [2023-06-27T08:56:43.850+0000] {dag.py:3486} INFO - Setting next_dagrun for example_sla_dag to 2023-06-27T08:54:00+00:00, run_after=2023-06-27T08:56:00+00:00
[2023-06-27T08:56:43.986+0000] {processor.py:179} INFO - Processing /home/airflow/.local/lib/python3.8/site-packages/airflow/example_dags/example_sla_dag.py took 0.431 seconds
[2023-06-27T08:57:15.537+0000] {processor.py:157} INFO - Started process (PID=611) to work on /home/airflow/.local/lib/python3.8/site-packages/airflow/example_dags/example_sla_dag.py
[2023-06-27T08:57:15.538+0000] {processor.py:826} INFO - Processing file /home/airflow/.local/lib/python3.8/site-packages/airflow/example_dags/example_sla_dag.py for tasks to queue
[2023-06-27T08:57:15.565+0000] {logging_mixin.py:149} INFO - [2023-06-27T08:57:15.564+0000] {dagbag.py:541} INFO - Filling up the DagBag from /home/airflow/.local/lib/python3.8/site-packages/airflow/example_dags/example_sla_dag.py
[2023-06-27T08:57:15.619+0000] {processor.py:836} INFO - DAG(s) dict_keys(['example_sla_dag']) retrieved from /home/airflow/.local/lib/python3.8/site-packages/airflow/example_dags/example_sla_dag.py
[2023-06-27T08:57:17.235+0000] {logging_mixin.py:149} INFO - [2023-06-27T08:57:17.235+0000] {dag.py:2726} INFO - Sync 1 DAGs
[2023-06-27T08:57:18.230+0000] {logging_mixin.py:149} INFO - [2023-06-27T08:57:18.230+0000] {dag.py:3486} INFO - Setting next_dagrun for example_sla_dag to 2023-06-27T08:54:00+00:00, run_after=2023-06-27T08:56:00+00:00
[2023-06-27T08:57:19.233+0000] {processor.py:179} INFO - Processing /home/airflow/.local/lib/python3.8/site-packages/airflow/example_dags/example_sla_dag.py took 3.731 seconds
[2023-06-27T08:58:29.376+0000] {processor.py:157} INFO - Started process (PID=659) to work on /home/airflow/.local/lib/python3.8/site-packages/airflow/example_dags/example_sla_dag.py
[2023-06-27T08:58:29.475+0000] {processor.py:826} INFO - Processing file /home/airflow/.local/lib/python3.8/site-packages/airflow/example_dags/example_sla_dag.py for tasks to queue
[2023-06-27T08:58:29.478+0000] {logging_mixin.py:149} INFO - [2023-06-27T08:58:29.478+0000] {dagbag.py:541} INFO - Filling up the DagBag from /home/airflow/.local/lib/python3.8/site-packages/airflow/example_dags/example_sla_dag.py
[2023-06-27T08:58:31.857+0000] {processor.py:836} INFO - DAG(s) dict_keys(['example_sla_dag']) retrieved from /home/airflow/.local/lib/python3.8/site-packages/airflow/example_dags/example_sla_dag.py
[2023-06-27T08:58:35.254+0000] {logging_mixin.py:149} INFO - [2023-06-27T08:58:35.253+0000] {dag.py:2726} INFO - Sync 1 DAGs
[2023-06-27T08:58:37.264+0000] {logging_mixin.py:149} INFO - [2023-06-27T08:58:37.263+0000] {dag.py:3486} INFO - Setting next_dagrun for example_sla_dag to 2023-06-27T08:56:00+00:00, run_after=2023-06-27T08:58:00+00:00
[2023-06-27T08:58:56.309+0000] {processor.py:179} INFO - Processing /home/airflow/.local/lib/python3.8/site-packages/airflow/example_dags/example_sla_dag.py took 27.494 seconds
[2023-06-27T09:00:40.322+0000] {processor.py:157} INFO - Started process (PID=758) to work on /home/airflow/.local/lib/python3.8/site-packages/airflow/example_dags/example_sla_dag.py
[2023-06-27T09:00:40.583+0000] {processor.py:826} INFO - Processing file /home/airflow/.local/lib/python3.8/site-packages/airflow/example_dags/example_sla_dag.py for tasks to queue
[2023-06-27T09:00:40.586+0000] {logging_mixin.py:149} INFO - [2023-06-27T09:00:40.585+0000] {dagbag.py:541} INFO - Filling up the DagBag from /home/airflow/.local/lib/python3.8/site-packages/airflow/example_dags/example_sla_dag.py
[2023-06-27T09:00:40.653+0000] {processor.py:836} INFO - DAG(s) dict_keys(['example_sla_dag']) retrieved from /home/airflow/.local/lib/python3.8/site-packages/airflow/example_dags/example_sla_dag.py
[2023-06-27T09:00:40.684+0000] {logging_mixin.py:149} INFO - [2023-06-27T09:00:40.684+0000] {dag.py:2726} INFO - Sync 1 DAGs
[2023-06-27T09:00:40.715+0000] {logging_mixin.py:149} INFO - [2023-06-27T09:00:40.715+0000] {dag.py:3486} INFO - Setting next_dagrun for example_sla_dag to 2023-06-27T08:58:00+00:00, run_after=2023-06-27T09:00:00+00:00
[2023-06-27T09:00:40.817+0000] {processor.py:179} INFO - Processing /home/airflow/.local/lib/python3.8/site-packages/airflow/example_dags/example_sla_dag.py took 0.500 seconds
[2023-06-27T09:04:21.466+0000] {processor.py:157} INFO - Started process (PID=854) to work on /home/airflow/.local/lib/python3.8/site-packages/airflow/example_dags/example_sla_dag.py
[2023-06-27T09:04:21.546+0000] {processor.py:826} INFO - Processing file /home/airflow/.local/lib/python3.8/site-packages/airflow/example_dags/example_sla_dag.py for tasks to queue
[2023-06-27T09:04:21.610+0000] {logging_mixin.py:149} INFO - [2023-06-27T09:04:21.610+0000] {dagbag.py:541} INFO - Filling up the DagBag from /home/airflow/.local/lib/python3.8/site-packages/airflow/example_dags/example_sla_dag.py
[2023-06-27T09:04:23.325+0000] {processor.py:836} INFO - DAG(s) dict_keys(['example_sla_dag']) retrieved from /home/airflow/.local/lib/python3.8/site-packages/airflow/example_dags/example_sla_dag.py
[2023-06-27T09:04:29.015+0000] {logging_mixin.py:149} INFO - [2023-06-27T09:04:29.015+0000] {dag.py:2726} INFO - Sync 1 DAGs
[2023-06-27T09:04:35.854+0000] {logging_mixin.py:149} INFO - [2023-06-27T09:04:34.955+0000] {dag.py:3486} INFO - Setting next_dagrun for example_sla_dag to 2023-06-27T09:02:00+00:00, run_after=2023-06-27T09:04:00+00:00
[2023-06-27T09:04:39.488+0000] {processor.py:179} INFO - Processing /home/airflow/.local/lib/python3.8/site-packages/airflow/example_dags/example_sla_dag.py took 18.823 seconds
[2023-06-27T09:20:36.840+0000] {processor.py:157} INFO - Started process (PID=47) to work on /home/airflow/.local/lib/python3.8/site-packages/airflow/example_dags/example_sla_dag.py
[2023-06-27T09:20:36.851+0000] {processor.py:826} INFO - Processing file /home/airflow/.local/lib/python3.8/site-packages/airflow/example_dags/example_sla_dag.py for tasks to queue
[2023-06-27T09:20:36.859+0000] {logging_mixin.py:149} INFO - [2023-06-27T09:20:36.858+0000] {dagbag.py:541} INFO - Filling up the DagBag from /home/airflow/.local/lib/python3.8/site-packages/airflow/example_dags/example_sla_dag.py
[2023-06-27T09:20:36.963+0000] {processor.py:836} INFO - DAG(s) dict_keys(['example_sla_dag']) retrieved from /home/airflow/.local/lib/python3.8/site-packages/airflow/example_dags/example_sla_dag.py
[2023-06-27T09:20:37.212+0000] {logging_mixin.py:149} INFO - [2023-06-27T09:20:37.212+0000] {dag.py:2726} INFO - Sync 1 DAGs
[2023-06-27T09:20:37.571+0000] {logging_mixin.py:149} INFO - [2023-06-27T09:20:37.570+0000] {dag.py:3486} INFO - Setting next_dagrun for example_sla_dag to 2023-06-27T09:18:00+00:00, run_after=2023-06-27T09:20:00+00:00
[2023-06-27T09:20:37.825+0000] {processor.py:179} INFO - Processing /home/airflow/.local/lib/python3.8/site-packages/airflow/example_dags/example_sla_dag.py took 1.024 seconds
[2023-06-27T09:21:08.504+0000] {processor.py:157} INFO - Started process (PID=106) to work on /home/airflow/.local/lib/python3.8/site-packages/airflow/example_dags/example_sla_dag.py
[2023-06-27T09:21:08.506+0000] {processor.py:826} INFO - Processing file /home/airflow/.local/lib/python3.8/site-packages/airflow/example_dags/example_sla_dag.py for tasks to queue
[2023-06-27T09:21:08.520+0000] {logging_mixin.py:149} INFO - [2023-06-27T09:21:08.520+0000] {dagbag.py:541} INFO - Filling up the DagBag from /home/airflow/.local/lib/python3.8/site-packages/airflow/example_dags/example_sla_dag.py
[2023-06-27T09:21:08.564+0000] {processor.py:836} INFO - DAG(s) dict_keys(['example_sla_dag']) retrieved from /home/airflow/.local/lib/python3.8/site-packages/airflow/example_dags/example_sla_dag.py
[2023-06-27T09:21:08.784+0000] {logging_mixin.py:149} INFO - [2023-06-27T09:21:08.783+0000] {dag.py:2726} INFO - Sync 1 DAGs
[2023-06-27T09:21:08.954+0000] {logging_mixin.py:149} INFO - [2023-06-27T09:21:08.938+0000] {dag.py:3486} INFO - Setting next_dagrun for example_sla_dag to 2023-06-27T09:18:00+00:00, run_after=2023-06-27T09:20:00+00:00
[2023-06-27T09:21:09.100+0000] {processor.py:179} INFO - Processing /home/airflow/.local/lib/python3.8/site-packages/airflow/example_dags/example_sla_dag.py took 0.604 seconds
[2023-06-27T09:21:40.000+0000] {processor.py:157} INFO - Started process (PID=173) to work on /home/airflow/.local/lib/python3.8/site-packages/airflow/example_dags/example_sla_dag.py
[2023-06-27T09:21:40.001+0000] {processor.py:826} INFO - Processing file /home/airflow/.local/lib/python3.8/site-packages/airflow/example_dags/example_sla_dag.py for tasks to queue
[2023-06-27T09:21:40.007+0000] {logging_mixin.py:149} INFO - [2023-06-27T09:21:40.007+0000] {dagbag.py:541} INFO - Filling up the DagBag from /home/airflow/.local/lib/python3.8/site-packages/airflow/example_dags/example_sla_dag.py
[2023-06-27T09:21:40.036+0000] {processor.py:836} INFO - DAG(s) dict_keys(['example_sla_dag']) retrieved from /home/airflow/.local/lib/python3.8/site-packages/airflow/example_dags/example_sla_dag.py
[2023-06-27T09:21:40.097+0000] {logging_mixin.py:149} INFO - [2023-06-27T09:21:40.094+0000] {dag.py:2726} INFO - Sync 1 DAGs
[2023-06-27T09:21:40.164+0000] {logging_mixin.py:149} INFO - [2023-06-27T09:21:40.164+0000] {dag.py:3486} INFO - Setting next_dagrun for example_sla_dag to 2023-06-27T09:18:00+00:00, run_after=2023-06-27T09:20:00+00:00
[2023-06-27T09:21:40.215+0000] {processor.py:179} INFO - Processing /home/airflow/.local/lib/python3.8/site-packages/airflow/example_dags/example_sla_dag.py took 0.224 seconds
[2023-06-27T09:22:10.298+0000] {processor.py:157} INFO - Started process (PID=240) to work on /home/airflow/.local/lib/python3.8/site-packages/airflow/example_dags/example_sla_dag.py
[2023-06-27T09:22:10.308+0000] {processor.py:826} INFO - Processing file /home/airflow/.local/lib/python3.8/site-packages/airflow/example_dags/example_sla_dag.py for tasks to queue
[2023-06-27T09:22:10.310+0000] {logging_mixin.py:149} INFO - [2023-06-27T09:22:10.310+0000] {dagbag.py:541} INFO - Filling up the DagBag from /home/airflow/.local/lib/python3.8/site-packages/airflow/example_dags/example_sla_dag.py
[2023-06-27T09:22:10.330+0000] {processor.py:836} INFO - DAG(s) dict_keys(['example_sla_dag']) retrieved from /home/airflow/.local/lib/python3.8/site-packages/airflow/example_dags/example_sla_dag.py
[2023-06-27T09:22:10.394+0000] {logging_mixin.py:149} INFO - [2023-06-27T09:22:10.393+0000] {dag.py:2726} INFO - Sync 1 DAGs
[2023-06-27T09:22:10.462+0000] {logging_mixin.py:149} INFO - [2023-06-27T09:22:10.462+0000] {dag.py:3486} INFO - Setting next_dagrun for example_sla_dag to 2023-06-27T09:20:00+00:00, run_after=2023-06-27T09:22:00+00:00
[2023-06-27T09:22:10.512+0000] {processor.py:179} INFO - Processing /home/airflow/.local/lib/python3.8/site-packages/airflow/example_dags/example_sla_dag.py took 0.225 seconds
[2023-06-27T09:22:40.659+0000] {processor.py:157} INFO - Started process (PID=309) to work on /home/airflow/.local/lib/python3.8/site-packages/airflow/example_dags/example_sla_dag.py
[2023-06-27T09:22:40.660+0000] {processor.py:826} INFO - Processing file /home/airflow/.local/lib/python3.8/site-packages/airflow/example_dags/example_sla_dag.py for tasks to queue
[2023-06-27T09:22:40.662+0000] {logging_mixin.py:149} INFO - [2023-06-27T09:22:40.662+0000] {dagbag.py:541} INFO - Filling up the DagBag from /home/airflow/.local/lib/python3.8/site-packages/airflow/example_dags/example_sla_dag.py
[2023-06-27T09:22:40.673+0000] {processor.py:836} INFO - DAG(s) dict_keys(['example_sla_dag']) retrieved from /home/airflow/.local/lib/python3.8/site-packages/airflow/example_dags/example_sla_dag.py
[2023-06-27T09:22:40.706+0000] {logging_mixin.py:149} INFO - [2023-06-27T09:22:40.706+0000] {dag.py:2726} INFO - Sync 1 DAGs
[2023-06-27T09:22:40.740+0000] {logging_mixin.py:149} INFO - [2023-06-27T09:22:40.740+0000] {dag.py:3486} INFO - Setting next_dagrun for example_sla_dag to 2023-06-27T09:20:00+00:00, run_after=2023-06-27T09:22:00+00:00
[2023-06-27T09:22:40.763+0000] {processor.py:179} INFO - Processing /home/airflow/.local/lib/python3.8/site-packages/airflow/example_dags/example_sla_dag.py took 0.108 seconds
[2023-06-27T09:23:11.016+0000] {processor.py:157} INFO - Started process (PID=375) to work on /home/airflow/.local/lib/python3.8/site-packages/airflow/example_dags/example_sla_dag.py
[2023-06-27T09:23:11.025+0000] {processor.py:826} INFO - Processing file /home/airflow/.local/lib/python3.8/site-packages/airflow/example_dags/example_sla_dag.py for tasks to queue
[2023-06-27T09:23:11.032+0000] {logging_mixin.py:149} INFO - [2023-06-27T09:23:11.032+0000] {dagbag.py:541} INFO - Filling up the DagBag from /home/airflow/.local/lib/python3.8/site-packages/airflow/example_dags/example_sla_dag.py
[2023-06-27T09:23:11.056+0000] {processor.py:836} INFO - DAG(s) dict_keys(['example_sla_dag']) retrieved from /home/airflow/.local/lib/python3.8/site-packages/airflow/example_dags/example_sla_dag.py
[2023-06-27T09:23:11.149+0000] {logging_mixin.py:149} INFO - [2023-06-27T09:23:11.148+0000] {dag.py:2726} INFO - Sync 1 DAGs
[2023-06-27T09:23:11.207+0000] {logging_mixin.py:149} INFO - [2023-06-27T09:23:11.207+0000] {dag.py:3486} INFO - Setting next_dagrun for example_sla_dag to 2023-06-27T09:20:00+00:00, run_after=2023-06-27T09:22:00+00:00
[2023-06-27T09:23:11.256+0000] {processor.py:179} INFO - Processing /home/airflow/.local/lib/python3.8/site-packages/airflow/example_dags/example_sla_dag.py took 0.253 seconds
[2023-06-27T09:23:41.841+0000] {processor.py:157} INFO - Started process (PID=441) to work on /home/airflow/.local/lib/python3.8/site-packages/airflow/example_dags/example_sla_dag.py
[2023-06-27T09:23:41.842+0000] {processor.py:826} INFO - Processing file /home/airflow/.local/lib/python3.8/site-packages/airflow/example_dags/example_sla_dag.py for tasks to queue
[2023-06-27T09:23:41.848+0000] {logging_mixin.py:149} INFO - [2023-06-27T09:23:41.848+0000] {dagbag.py:541} INFO - Filling up the DagBag from /home/airflow/.local/lib/python3.8/site-packages/airflow/example_dags/example_sla_dag.py
[2023-06-27T09:23:41.873+0000] {processor.py:836} INFO - DAG(s) dict_keys(['example_sla_dag']) retrieved from /home/airflow/.local/lib/python3.8/site-packages/airflow/example_dags/example_sla_dag.py
[2023-06-27T09:23:41.940+0000] {logging_mixin.py:149} INFO - [2023-06-27T09:23:41.940+0000] {dag.py:2726} INFO - Sync 1 DAGs
[2023-06-27T09:23:42.005+0000] {logging_mixin.py:149} INFO - [2023-06-27T09:23:42.004+0000] {dag.py:3486} INFO - Setting next_dagrun for example_sla_dag to 2023-06-27T09:20:00+00:00, run_after=2023-06-27T09:22:00+00:00
[2023-06-27T09:23:42.066+0000] {processor.py:179} INFO - Processing /home/airflow/.local/lib/python3.8/site-packages/airflow/example_dags/example_sla_dag.py took 0.233 seconds
[2023-06-27T09:25:43.865+0000] {processor.py:157} INFO - Started process (PID=44) to work on /home/airflow/.local/lib/python3.8/site-packages/airflow/example_dags/example_sla_dag.py
[2023-06-27T09:25:43.881+0000] {processor.py:826} INFO - Processing file /home/airflow/.local/lib/python3.8/site-packages/airflow/example_dags/example_sla_dag.py for tasks to queue
[2023-06-27T09:25:43.882+0000] {logging_mixin.py:149} INFO - [2023-06-27T09:25:43.882+0000] {dagbag.py:541} INFO - Filling up the DagBag from /home/airflow/.local/lib/python3.8/site-packages/airflow/example_dags/example_sla_dag.py
[2023-06-27T09:25:43.958+0000] {processor.py:836} INFO - DAG(s) dict_keys(['example_sla_dag']) retrieved from /home/airflow/.local/lib/python3.8/site-packages/airflow/example_dags/example_sla_dag.py
[2023-06-27T09:25:44.195+0000] {logging_mixin.py:149} INFO - [2023-06-27T09:25:44.195+0000] {dag.py:2726} INFO - Sync 1 DAGs
[2023-06-27T09:25:44.424+0000] {logging_mixin.py:149} INFO - [2023-06-27T09:25:44.424+0000] {dag.py:3486} INFO - Setting next_dagrun for example_sla_dag to 2023-06-27T09:22:00+00:00, run_after=2023-06-27T09:24:00+00:00
[2023-06-27T09:25:44.574+0000] {processor.py:179} INFO - Processing /home/airflow/.local/lib/python3.8/site-packages/airflow/example_dags/example_sla_dag.py took 0.749 seconds
[2023-06-27T09:26:15.189+0000] {processor.py:157} INFO - Started process (PID=101) to work on /home/airflow/.local/lib/python3.8/site-packages/airflow/example_dags/example_sla_dag.py
[2023-06-27T09:26:15.200+0000] {processor.py:826} INFO - Processing file /home/airflow/.local/lib/python3.8/site-packages/airflow/example_dags/example_sla_dag.py for tasks to queue
[2023-06-27T09:26:15.202+0000] {logging_mixin.py:149} INFO - [2023-06-27T09:26:15.201+0000] {dagbag.py:541} INFO - Filling up the DagBag from /home/airflow/.local/lib/python3.8/site-packages/airflow/example_dags/example_sla_dag.py
[2023-06-27T09:26:15.329+0000] {processor.py:836} INFO - DAG(s) dict_keys(['example_sla_dag']) retrieved from /home/airflow/.local/lib/python3.8/site-packages/airflow/example_dags/example_sla_dag.py
[2023-06-27T09:26:15.447+0000] {logging_mixin.py:149} INFO - [2023-06-27T09:26:15.447+0000] {dag.py:2726} INFO - Sync 1 DAGs
[2023-06-27T09:26:15.528+0000] {logging_mixin.py:149} INFO - [2023-06-27T09:26:15.527+0000] {dag.py:3486} INFO - Setting next_dagrun for example_sla_dag to 2023-06-27T09:24:00+00:00, run_after=2023-06-27T09:26:00+00:00
[2023-06-27T09:26:15.629+0000] {processor.py:179} INFO - Processing /home/airflow/.local/lib/python3.8/site-packages/airflow/example_dags/example_sla_dag.py took 0.445 seconds
[2023-06-27T09:26:46.575+0000] {processor.py:157} INFO - Started process (PID=176) to work on /home/airflow/.local/lib/python3.8/site-packages/airflow/example_dags/example_sla_dag.py
[2023-06-27T09:26:46.577+0000] {processor.py:826} INFO - Processing file /home/airflow/.local/lib/python3.8/site-packages/airflow/example_dags/example_sla_dag.py for tasks to queue
[2023-06-27T09:26:46.580+0000] {logging_mixin.py:149} INFO - [2023-06-27T09:26:46.580+0000] {dagbag.py:541} INFO - Filling up the DagBag from /home/airflow/.local/lib/python3.8/site-packages/airflow/example_dags/example_sla_dag.py
[2023-06-27T09:26:46.604+0000] {processor.py:836} INFO - DAG(s) dict_keys(['example_sla_dag']) retrieved from /home/airflow/.local/lib/python3.8/site-packages/airflow/example_dags/example_sla_dag.py
[2023-06-27T09:26:46.643+0000] {logging_mixin.py:149} INFO - [2023-06-27T09:26:46.643+0000] {dag.py:2726} INFO - Sync 1 DAGs
[2023-06-27T09:26:46.679+0000] {logging_mixin.py:149} INFO - [2023-06-27T09:26:46.679+0000] {dag.py:3486} INFO - Setting next_dagrun for example_sla_dag to 2023-06-27T09:24:00+00:00, run_after=2023-06-27T09:26:00+00:00
[2023-06-27T09:26:46.712+0000] {processor.py:179} INFO - Processing /home/airflow/.local/lib/python3.8/site-packages/airflow/example_dags/example_sla_dag.py took 0.152 seconds
[2023-06-27T09:27:17.015+0000] {processor.py:157} INFO - Started process (PID=240) to work on /home/airflow/.local/lib/python3.8/site-packages/airflow/example_dags/example_sla_dag.py
[2023-06-27T09:27:17.016+0000] {processor.py:826} INFO - Processing file /home/airflow/.local/lib/python3.8/site-packages/airflow/example_dags/example_sla_dag.py for tasks to queue
[2023-06-27T09:27:17.018+0000] {logging_mixin.py:149} INFO - [2023-06-27T09:27:17.018+0000] {dagbag.py:541} INFO - Filling up the DagBag from /home/airflow/.local/lib/python3.8/site-packages/airflow/example_dags/example_sla_dag.py
[2023-06-27T09:27:17.029+0000] {processor.py:836} INFO - DAG(s) dict_keys(['example_sla_dag']) retrieved from /home/airflow/.local/lib/python3.8/site-packages/airflow/example_dags/example_sla_dag.py
[2023-06-27T09:27:17.062+0000] {logging_mixin.py:149} INFO - [2023-06-27T09:27:17.061+0000] {dag.py:2726} INFO - Sync 1 DAGs
[2023-06-27T09:27:17.108+0000] {logging_mixin.py:149} INFO - [2023-06-27T09:27:17.108+0000] {dag.py:3486} INFO - Setting next_dagrun for example_sla_dag to 2023-06-27T09:24:00+00:00, run_after=2023-06-27T09:26:00+00:00
[2023-06-27T09:27:17.130+0000] {processor.py:179} INFO - Processing /home/airflow/.local/lib/python3.8/site-packages/airflow/example_dags/example_sla_dag.py took 0.120 seconds
[2023-06-27T09:27:47.470+0000] {processor.py:157} INFO - Started process (PID=306) to work on /home/airflow/.local/lib/python3.8/site-packages/airflow/example_dags/example_sla_dag.py
[2023-06-27T09:27:47.471+0000] {processor.py:826} INFO - Processing file /home/airflow/.local/lib/python3.8/site-packages/airflow/example_dags/example_sla_dag.py for tasks to queue
[2023-06-27T09:27:47.473+0000] {logging_mixin.py:149} INFO - [2023-06-27T09:27:47.473+0000] {dagbag.py:541} INFO - Filling up the DagBag from /home/airflow/.local/lib/python3.8/site-packages/airflow/example_dags/example_sla_dag.py
[2023-06-27T09:27:47.485+0000] {processor.py:836} INFO - DAG(s) dict_keys(['example_sla_dag']) retrieved from /home/airflow/.local/lib/python3.8/site-packages/airflow/example_dags/example_sla_dag.py
[2023-06-27T09:27:47.521+0000] {logging_mixin.py:149} INFO - [2023-06-27T09:27:47.521+0000] {dag.py:2726} INFO - Sync 1 DAGs
[2023-06-27T09:27:47.554+0000] {logging_mixin.py:149} INFO - [2023-06-27T09:27:47.553+0000] {dag.py:3486} INFO - Setting next_dagrun for example_sla_dag to 2023-06-27T09:24:00+00:00, run_after=2023-06-27T09:26:00+00:00
[2023-06-27T09:27:47.574+0000] {processor.py:179} INFO - Processing /home/airflow/.local/lib/python3.8/site-packages/airflow/example_dags/example_sla_dag.py took 0.108 seconds
[2023-06-27T09:28:17.969+0000] {processor.py:157} INFO - Started process (PID=373) to work on /home/airflow/.local/lib/python3.8/site-packages/airflow/example_dags/example_sla_dag.py
[2023-06-27T09:28:17.975+0000] {processor.py:826} INFO - Processing file /home/airflow/.local/lib/python3.8/site-packages/airflow/example_dags/example_sla_dag.py for tasks to queue
[2023-06-27T09:28:17.976+0000] {logging_mixin.py:149} INFO - [2023-06-27T09:28:17.976+0000] {dagbag.py:541} INFO - Filling up the DagBag from /home/airflow/.local/lib/python3.8/site-packages/airflow/example_dags/example_sla_dag.py
[2023-06-27T09:28:17.999+0000] {processor.py:836} INFO - DAG(s) dict_keys(['example_sla_dag']) retrieved from /home/airflow/.local/lib/python3.8/site-packages/airflow/example_dags/example_sla_dag.py
[2023-06-27T09:28:18.058+0000] {logging_mixin.py:149} INFO - [2023-06-27T09:28:18.057+0000] {dag.py:2726} INFO - Sync 1 DAGs
[2023-06-27T09:28:18.123+0000] {logging_mixin.py:149} INFO - [2023-06-27T09:28:18.122+0000] {dag.py:3486} INFO - Setting next_dagrun for example_sla_dag to 2023-06-27T09:26:00+00:00, run_after=2023-06-27T09:28:00+00:00
[2023-06-27T09:28:18.175+0000] {processor.py:179} INFO - Processing /home/airflow/.local/lib/python3.8/site-packages/airflow/example_dags/example_sla_dag.py took 0.210 seconds
[2023-06-27T09:28:48.253+0000] {processor.py:157} INFO - Started process (PID=448) to work on /home/airflow/.local/lib/python3.8/site-packages/airflow/example_dags/example_sla_dag.py
[2023-06-27T09:28:48.254+0000] {processor.py:826} INFO - Processing file /home/airflow/.local/lib/python3.8/site-packages/airflow/example_dags/example_sla_dag.py for tasks to queue
[2023-06-27T09:28:48.264+0000] {logging_mixin.py:149} INFO - [2023-06-27T09:28:48.264+0000] {dagbag.py:541} INFO - Filling up the DagBag from /home/airflow/.local/lib/python3.8/site-packages/airflow/example_dags/example_sla_dag.py
[2023-06-27T09:28:48.286+0000] {processor.py:836} INFO - DAG(s) dict_keys(['example_sla_dag']) retrieved from /home/airflow/.local/lib/python3.8/site-packages/airflow/example_dags/example_sla_dag.py
[2023-06-27T09:28:48.351+0000] {logging_mixin.py:149} INFO - [2023-06-27T09:28:48.351+0000] {dag.py:2726} INFO - Sync 1 DAGs
[2023-06-27T09:28:48.404+0000] {logging_mixin.py:149} INFO - [2023-06-27T09:28:48.404+0000] {dag.py:3486} INFO - Setting next_dagrun for example_sla_dag to 2023-06-27T09:26:00+00:00, run_after=2023-06-27T09:28:00+00:00
[2023-06-27T09:28:48.426+0000] {processor.py:179} INFO - Processing /home/airflow/.local/lib/python3.8/site-packages/airflow/example_dags/example_sla_dag.py took 0.183 seconds
[2023-06-27T09:29:18.503+0000] {processor.py:157} INFO - Started process (PID=516) to work on /home/airflow/.local/lib/python3.8/site-packages/airflow/example_dags/example_sla_dag.py
[2023-06-27T09:29:18.515+0000] {processor.py:826} INFO - Processing file /home/airflow/.local/lib/python3.8/site-packages/airflow/example_dags/example_sla_dag.py for tasks to queue
[2023-06-27T09:29:18.517+0000] {logging_mixin.py:149} INFO - [2023-06-27T09:29:18.516+0000] {dagbag.py:541} INFO - Filling up the DagBag from /home/airflow/.local/lib/python3.8/site-packages/airflow/example_dags/example_sla_dag.py
[2023-06-27T09:29:18.529+0000] {processor.py:836} INFO - DAG(s) dict_keys(['example_sla_dag']) retrieved from /home/airflow/.local/lib/python3.8/site-packages/airflow/example_dags/example_sla_dag.py
[2023-06-27T09:29:18.591+0000] {logging_mixin.py:149} INFO - [2023-06-27T09:29:18.591+0000] {dag.py:2726} INFO - Sync 1 DAGs
[2023-06-27T09:29:18.636+0000] {logging_mixin.py:149} INFO - [2023-06-27T09:29:18.636+0000] {dag.py:3486} INFO - Setting next_dagrun for example_sla_dag to 2023-06-27T09:26:00+00:00, run_after=2023-06-27T09:28:00+00:00
[2023-06-27T09:29:18.684+0000] {processor.py:179} INFO - Processing /home/airflow/.local/lib/python3.8/site-packages/airflow/example_dags/example_sla_dag.py took 0.190 seconds
[2023-06-27T09:29:49.235+0000] {processor.py:157} INFO - Started process (PID=583) to work on /home/airflow/.local/lib/python3.8/site-packages/airflow/example_dags/example_sla_dag.py
[2023-06-27T09:29:49.236+0000] {processor.py:826} INFO - Processing file /home/airflow/.local/lib/python3.8/site-packages/airflow/example_dags/example_sla_dag.py for tasks to queue
[2023-06-27T09:29:49.244+0000] {logging_mixin.py:149} INFO - [2023-06-27T09:29:49.243+0000] {dagbag.py:541} INFO - Filling up the DagBag from /home/airflow/.local/lib/python3.8/site-packages/airflow/example_dags/example_sla_dag.py
[2023-06-27T09:29:49.267+0000] {processor.py:836} INFO - DAG(s) dict_keys(['example_sla_dag']) retrieved from /home/airflow/.local/lib/python3.8/site-packages/airflow/example_dags/example_sla_dag.py
[2023-06-27T09:29:49.324+0000] {logging_mixin.py:149} INFO - [2023-06-27T09:29:49.324+0000] {dag.py:2726} INFO - Sync 1 DAGs
[2023-06-27T09:29:49.389+0000] {logging_mixin.py:149} INFO - [2023-06-27T09:29:49.389+0000] {dag.py:3486} INFO - Setting next_dagrun for example_sla_dag to 2023-06-27T09:26:00+00:00, run_after=2023-06-27T09:28:00+00:00
[2023-06-27T09:29:49.442+0000] {processor.py:179} INFO - Processing /home/airflow/.local/lib/python3.8/site-packages/airflow/example_dags/example_sla_dag.py took 0.220 seconds
[2023-06-27T09:30:20.102+0000] {processor.py:157} INFO - Started process (PID=654) to work on /home/airflow/.local/lib/python3.8/site-packages/airflow/example_dags/example_sla_dag.py
[2023-06-27T09:30:20.104+0000] {processor.py:826} INFO - Processing file /home/airflow/.local/lib/python3.8/site-packages/airflow/example_dags/example_sla_dag.py for tasks to queue
[2023-06-27T09:30:20.106+0000] {logging_mixin.py:149} INFO - [2023-06-27T09:30:20.105+0000] {dagbag.py:541} INFO - Filling up the DagBag from /home/airflow/.local/lib/python3.8/site-packages/airflow/example_dags/example_sla_dag.py
[2023-06-27T09:30:20.126+0000] {processor.py:836} INFO - DAG(s) dict_keys(['example_sla_dag']) retrieved from /home/airflow/.local/lib/python3.8/site-packages/airflow/example_dags/example_sla_dag.py
[2023-06-27T09:30:20.190+0000] {logging_mixin.py:149} INFO - [2023-06-27T09:30:20.189+0000] {dag.py:2726} INFO - Sync 1 DAGs
[2023-06-27T09:30:20.257+0000] {logging_mixin.py:149} INFO - [2023-06-27T09:30:20.254+0000] {dag.py:3486} INFO - Setting next_dagrun for example_sla_dag to 2023-06-27T09:28:00+00:00, run_after=2023-06-27T09:30:00+00:00
[2023-06-27T09:30:20.301+0000] {processor.py:179} INFO - Processing /home/airflow/.local/lib/python3.8/site-packages/airflow/example_dags/example_sla_dag.py took 0.211 seconds
[2023-06-27T09:30:50.577+0000] {processor.py:157} INFO - Started process (PID=732) to work on /home/airflow/.local/lib/python3.8/site-packages/airflow/example_dags/example_sla_dag.py
[2023-06-27T09:30:50.579+0000] {processor.py:826} INFO - Processing file /home/airflow/.local/lib/python3.8/site-packages/airflow/example_dags/example_sla_dag.py for tasks to queue
[2023-06-27T09:30:50.580+0000] {logging_mixin.py:149} INFO - [2023-06-27T09:30:50.580+0000] {dagbag.py:541} INFO - Filling up the DagBag from /home/airflow/.local/lib/python3.8/site-packages/airflow/example_dags/example_sla_dag.py
[2023-06-27T09:30:50.595+0000] {processor.py:836} INFO - DAG(s) dict_keys(['example_sla_dag']) retrieved from /home/airflow/.local/lib/python3.8/site-packages/airflow/example_dags/example_sla_dag.py
[2023-06-27T09:30:50.627+0000] {logging_mixin.py:149} INFO - [2023-06-27T09:30:50.627+0000] {dag.py:2726} INFO - Sync 1 DAGs
[2023-06-27T09:30:50.659+0000] {logging_mixin.py:149} INFO - [2023-06-27T09:30:50.658+0000] {dag.py:3486} INFO - Setting next_dagrun for example_sla_dag to 2023-06-27T09:28:00+00:00, run_after=2023-06-27T09:30:00+00:00
[2023-06-27T09:30:50.685+0000] {processor.py:179} INFO - Processing /home/airflow/.local/lib/python3.8/site-packages/airflow/example_dags/example_sla_dag.py took 0.112 seconds
[2023-06-27T09:31:21.305+0000] {processor.py:157} INFO - Started process (PID=799) to work on /home/airflow/.local/lib/python3.8/site-packages/airflow/example_dags/example_sla_dag.py
[2023-06-27T09:31:21.323+0000] {processor.py:826} INFO - Processing file /home/airflow/.local/lib/python3.8/site-packages/airflow/example_dags/example_sla_dag.py for tasks to queue
[2023-06-27T09:31:21.325+0000] {logging_mixin.py:149} INFO - [2023-06-27T09:31:21.325+0000] {dagbag.py:541} INFO - Filling up the DagBag from /home/airflow/.local/lib/python3.8/site-packages/airflow/example_dags/example_sla_dag.py
[2023-06-27T09:31:21.401+0000] {processor.py:836} INFO - DAG(s) dict_keys(['example_sla_dag']) retrieved from /home/airflow/.local/lib/python3.8/site-packages/airflow/example_dags/example_sla_dag.py
[2023-06-27T09:31:21.473+0000] {logging_mixin.py:149} INFO - [2023-06-27T09:31:21.471+0000] {dag.py:2726} INFO - Sync 1 DAGs
[2023-06-27T09:31:21.592+0000] {logging_mixin.py:149} INFO - [2023-06-27T09:31:21.592+0000] {dag.py:3486} INFO - Setting next_dagrun for example_sla_dag to 2023-06-27T09:28:00+00:00, run_after=2023-06-27T09:30:00+00:00
[2023-06-27T09:31:21.647+0000] {processor.py:179} INFO - Processing /home/airflow/.local/lib/python3.8/site-packages/airflow/example_dags/example_sla_dag.py took 0.364 seconds
[2023-06-27T09:31:51.783+0000] {processor.py:157} INFO - Started process (PID=866) to work on /home/airflow/.local/lib/python3.8/site-packages/airflow/example_dags/example_sla_dag.py
[2023-06-27T09:31:51.784+0000] {processor.py:826} INFO - Processing file /home/airflow/.local/lib/python3.8/site-packages/airflow/example_dags/example_sla_dag.py for tasks to queue
[2023-06-27T09:31:51.790+0000] {logging_mixin.py:149} INFO - [2023-06-27T09:31:51.790+0000] {dagbag.py:541} INFO - Filling up the DagBag from /home/airflow/.local/lib/python3.8/site-packages/airflow/example_dags/example_sla_dag.py
[2023-06-27T09:31:51.801+0000] {processor.py:836} INFO - DAG(s) dict_keys(['example_sla_dag']) retrieved from /home/airflow/.local/lib/python3.8/site-packages/airflow/example_dags/example_sla_dag.py
[2023-06-27T09:31:51.835+0000] {logging_mixin.py:149} INFO - [2023-06-27T09:31:51.834+0000] {dag.py:2726} INFO - Sync 1 DAGs
[2023-06-27T09:31:51.867+0000] {logging_mixin.py:149} INFO - [2023-06-27T09:31:51.867+0000] {dag.py:3486} INFO - Setting next_dagrun for example_sla_dag to 2023-06-27T09:28:00+00:00, run_after=2023-06-27T09:30:00+00:00
[2023-06-27T09:31:51.907+0000] {processor.py:179} INFO - Processing /home/airflow/.local/lib/python3.8/site-packages/airflow/example_dags/example_sla_dag.py took 0.129 seconds
[2023-06-27T09:32:22.252+0000] {processor.py:157} INFO - Started process (PID=939) to work on /home/airflow/.local/lib/python3.8/site-packages/airflow/example_dags/example_sla_dag.py
[2023-06-27T09:32:22.259+0000] {processor.py:826} INFO - Processing file /home/airflow/.local/lib/python3.8/site-packages/airflow/example_dags/example_sla_dag.py for tasks to queue
[2023-06-27T09:32:22.262+0000] {logging_mixin.py:149} INFO - [2023-06-27T09:32:22.262+0000] {dagbag.py:541} INFO - Filling up the DagBag from /home/airflow/.local/lib/python3.8/site-packages/airflow/example_dags/example_sla_dag.py
[2023-06-27T09:32:22.283+0000] {processor.py:836} INFO - DAG(s) dict_keys(['example_sla_dag']) retrieved from /home/airflow/.local/lib/python3.8/site-packages/airflow/example_dags/example_sla_dag.py
[2023-06-27T09:32:22.339+0000] {logging_mixin.py:149} INFO - [2023-06-27T09:32:22.339+0000] {dag.py:2726} INFO - Sync 1 DAGs
[2023-06-27T09:32:22.411+0000] {logging_mixin.py:149} INFO - [2023-06-27T09:32:22.411+0000] {dag.py:3486} INFO - Setting next_dagrun for example_sla_dag to 2023-06-27T09:30:00+00:00, run_after=2023-06-27T09:32:00+00:00
[2023-06-27T09:32:22.459+0000] {processor.py:179} INFO - Processing /home/airflow/.local/lib/python3.8/site-packages/airflow/example_dags/example_sla_dag.py took 0.221 seconds
[2023-06-27T09:32:53.239+0000] {processor.py:157} INFO - Started process (PID=1008) to work on /home/airflow/.local/lib/python3.8/site-packages/airflow/example_dags/example_sla_dag.py
[2023-06-27T09:32:53.240+0000] {processor.py:826} INFO - Processing file /home/airflow/.local/lib/python3.8/site-packages/airflow/example_dags/example_sla_dag.py for tasks to queue
[2023-06-27T09:32:53.242+0000] {logging_mixin.py:149} INFO - [2023-06-27T09:32:53.242+0000] {dagbag.py:541} INFO - Filling up the DagBag from /home/airflow/.local/lib/python3.8/site-packages/airflow/example_dags/example_sla_dag.py
[2023-06-27T09:32:53.273+0000] {processor.py:836} INFO - DAG(s) dict_keys(['example_sla_dag']) retrieved from /home/airflow/.local/lib/python3.8/site-packages/airflow/example_dags/example_sla_dag.py
[2023-06-27T09:32:53.383+0000] {logging_mixin.py:149} INFO - [2023-06-27T09:32:53.383+0000] {dag.py:2726} INFO - Sync 1 DAGs
[2023-06-27T09:32:53.468+0000] {logging_mixin.py:149} INFO - [2023-06-27T09:32:53.467+0000] {dag.py:3486} INFO - Setting next_dagrun for example_sla_dag to 2023-06-27T09:30:00+00:00, run_after=2023-06-27T09:32:00+00:00
[2023-06-27T09:32:53.546+0000] {processor.py:179} INFO - Processing /home/airflow/.local/lib/python3.8/site-packages/airflow/example_dags/example_sla_dag.py took 0.323 seconds
[2023-06-27T09:33:23.656+0000] {processor.py:157} INFO - Started process (PID=1076) to work on /home/airflow/.local/lib/python3.8/site-packages/airflow/example_dags/example_sla_dag.py
[2023-06-27T09:33:23.670+0000] {processor.py:826} INFO - Processing file /home/airflow/.local/lib/python3.8/site-packages/airflow/example_dags/example_sla_dag.py for tasks to queue
[2023-06-27T09:33:23.672+0000] {logging_mixin.py:149} INFO - [2023-06-27T09:33:23.672+0000] {dagbag.py:541} INFO - Filling up the DagBag from /home/airflow/.local/lib/python3.8/site-packages/airflow/example_dags/example_sla_dag.py
[2023-06-27T09:33:23.711+0000] {processor.py:836} INFO - DAG(s) dict_keys(['example_sla_dag']) retrieved from /home/airflow/.local/lib/python3.8/site-packages/airflow/example_dags/example_sla_dag.py
[2023-06-27T09:33:23.791+0000] {logging_mixin.py:149} INFO - [2023-06-27T09:33:23.791+0000] {dag.py:2726} INFO - Sync 1 DAGs
[2023-06-27T09:33:23.927+0000] {logging_mixin.py:149} INFO - [2023-06-27T09:33:23.927+0000] {dag.py:3486} INFO - Setting next_dagrun for example_sla_dag to 2023-06-27T09:30:00+00:00, run_after=2023-06-27T09:32:00+00:00
[2023-06-27T09:33:24.139+0000] {processor.py:179} INFO - Processing /home/airflow/.local/lib/python3.8/site-packages/airflow/example_dags/example_sla_dag.py took 0.507 seconds
[2023-06-27T09:33:54.582+0000] {processor.py:157} INFO - Started process (PID=1143) to work on /home/airflow/.local/lib/python3.8/site-packages/airflow/example_dags/example_sla_dag.py
[2023-06-27T09:33:54.583+0000] {processor.py:826} INFO - Processing file /home/airflow/.local/lib/python3.8/site-packages/airflow/example_dags/example_sla_dag.py for tasks to queue
[2023-06-27T09:33:54.585+0000] {logging_mixin.py:149} INFO - [2023-06-27T09:33:54.585+0000] {dagbag.py:541} INFO - Filling up the DagBag from /home/airflow/.local/lib/python3.8/site-packages/airflow/example_dags/example_sla_dag.py
[2023-06-27T09:33:54.605+0000] {processor.py:836} INFO - DAG(s) dict_keys(['example_sla_dag']) retrieved from /home/airflow/.local/lib/python3.8/site-packages/airflow/example_dags/example_sla_dag.py
[2023-06-27T09:33:54.680+0000] {logging_mixin.py:149} INFO - [2023-06-27T09:33:54.680+0000] {dag.py:2726} INFO - Sync 1 DAGs
[2023-06-27T09:33:54.758+0000] {logging_mixin.py:149} INFO - [2023-06-27T09:33:54.754+0000] {dag.py:3486} INFO - Setting next_dagrun for example_sla_dag to 2023-06-27T09:30:00+00:00, run_after=2023-06-27T09:32:00+00:00
[2023-06-27T09:33:54.797+0000] {processor.py:179} INFO - Processing /home/airflow/.local/lib/python3.8/site-packages/airflow/example_dags/example_sla_dag.py took 0.228 seconds
[2023-06-27T09:34:25.491+0000] {processor.py:157} INFO - Started process (PID=1210) to work on /home/airflow/.local/lib/python3.8/site-packages/airflow/example_dags/example_sla_dag.py
[2023-06-27T09:34:25.495+0000] {processor.py:826} INFO - Processing file /home/airflow/.local/lib/python3.8/site-packages/airflow/example_dags/example_sla_dag.py for tasks to queue
[2023-06-27T09:34:25.497+0000] {logging_mixin.py:149} INFO - [2023-06-27T09:34:25.497+0000] {dagbag.py:541} INFO - Filling up the DagBag from /home/airflow/.local/lib/python3.8/site-packages/airflow/example_dags/example_sla_dag.py
[2023-06-27T09:34:25.522+0000] {processor.py:836} INFO - DAG(s) dict_keys(['example_sla_dag']) retrieved from /home/airflow/.local/lib/python3.8/site-packages/airflow/example_dags/example_sla_dag.py
[2023-06-27T09:34:25.575+0000] {logging_mixin.py:149} INFO - [2023-06-27T09:34:25.575+0000] {dag.py:2726} INFO - Sync 1 DAGs
[2023-06-27T09:34:25.646+0000] {logging_mixin.py:149} INFO - [2023-06-27T09:34:25.645+0000] {dag.py:3486} INFO - Setting next_dagrun for example_sla_dag to 2023-06-27T09:32:00+00:00, run_after=2023-06-27T09:34:00+00:00
[2023-06-27T09:34:25.689+0000] {processor.py:179} INFO - Processing /home/airflow/.local/lib/python3.8/site-packages/airflow/example_dags/example_sla_dag.py took 0.211 seconds
