[2023-06-27T00:00:32.695+0000] {processor.py:157} INFO - Started process (PID=428) to work on /home/airflow/.local/lib/python3.8/site-packages/airflow/example_dags/example_dag_decorator.py
[2023-06-27T00:00:32.696+0000] {processor.py:826} INFO - Processing file /home/airflow/.local/lib/python3.8/site-packages/airflow/example_dags/example_dag_decorator.py for tasks to queue
[2023-06-27T00:00:32.738+0000] {logging_mixin.py:149} INFO - [2023-06-27T00:00:32.737+0000] {dagbag.py:541} INFO - Filling up the DagBag from /home/airflow/.local/lib/python3.8/site-packages/airflow/example_dags/example_dag_decorator.py
[2023-06-27T00:00:32.932+0000] {processor.py:836} INFO - DAG(s) dict_keys(['example_dag_decorator']) retrieved from /home/airflow/.local/lib/python3.8/site-packages/airflow/example_dags/example_dag_decorator.py
[2023-06-27T00:00:34.727+0000] {logging_mixin.py:149} INFO - [2023-06-27T00:00:34.726+0000] {dag.py:2726} INFO - Sync 1 DAGs
[2023-06-27T00:00:34.974+0000] {logging_mixin.py:149} INFO - [2023-06-27T00:00:34.974+0000] {dag.py:3486} INFO - Setting next_dagrun for example_dag_decorator to None, run_after=None
[2023-06-27T00:00:35.173+0000] {processor.py:179} INFO - Processing /home/airflow/.local/lib/python3.8/site-packages/airflow/example_dags/example_dag_decorator.py took 2.531 seconds
[2023-06-27T00:02:03.460+0000] {processor.py:157} INFO - Started process (PID=515) to work on /home/airflow/.local/lib/python3.8/site-packages/airflow/example_dags/example_dag_decorator.py
[2023-06-27T00:02:03.498+0000] {processor.py:826} INFO - Processing file /home/airflow/.local/lib/python3.8/site-packages/airflow/example_dags/example_dag_decorator.py for tasks to queue
[2023-06-27T00:02:03.499+0000] {logging_mixin.py:149} INFO - [2023-06-27T00:02:03.499+0000] {dagbag.py:541} INFO - Filling up the DagBag from /home/airflow/.local/lib/python3.8/site-packages/airflow/example_dags/example_dag_decorator.py
[2023-06-27T00:02:05.986+0000] {processor.py:836} INFO - DAG(s) dict_keys(['example_dag_decorator']) retrieved from /home/airflow/.local/lib/python3.8/site-packages/airflow/example_dags/example_dag_decorator.py
[2023-06-27T00:02:22.651+0000] {logging_mixin.py:149} INFO - [2023-06-27T00:02:22.651+0000] {dag.py:2726} INFO - Sync 1 DAGs
[2023-06-27T00:02:25.103+0000] {logging_mixin.py:149} INFO - [2023-06-27T00:02:25.103+0000] {dag.py:3486} INFO - Setting next_dagrun for example_dag_decorator to None, run_after=None
[2023-06-27T00:02:28.153+0000] {processor.py:179} INFO - Processing /home/airflow/.local/lib/python3.8/site-packages/airflow/example_dags/example_dag_decorator.py took 25.055 seconds
[2023-06-27T00:05:46.464+0000] {processor.py:157} INFO - Started process (PID=641) to work on /home/airflow/.local/lib/python3.8/site-packages/airflow/example_dags/example_dag_decorator.py
[2023-06-27T00:05:46.586+0000] {processor.py:826} INFO - Processing file /home/airflow/.local/lib/python3.8/site-packages/airflow/example_dags/example_dag_decorator.py for tasks to queue
[2023-06-27T00:05:46.615+0000] {logging_mixin.py:149} INFO - [2023-06-27T00:05:46.615+0000] {dagbag.py:541} INFO - Filling up the DagBag from /home/airflow/.local/lib/python3.8/site-packages/airflow/example_dags/example_dag_decorator.py
[2023-06-27T00:05:47.987+0000] {processor.py:836} INFO - DAG(s) dict_keys(['example_dag_decorator']) retrieved from /home/airflow/.local/lib/python3.8/site-packages/airflow/example_dags/example_dag_decorator.py
[2023-06-27T00:06:14.691+0000] {logging_mixin.py:149} INFO - [2023-06-27T00:06:14.010+0000] {dag.py:2726} INFO - Sync 1 DAGs
[2023-06-27T00:06:22.134+0000] {logging_mixin.py:149} INFO - [2023-06-27T00:06:21.814+0000] {dag.py:3486} INFO - Setting next_dagrun for example_dag_decorator to None, run_after=None
[2023-06-27T01:02:06.506+0000] {processor.py:157} INFO - Started process (PID=75) to work on /home/airflow/.local/lib/python3.8/site-packages/airflow/example_dags/example_dag_decorator.py
[2023-06-27T01:02:06.525+0000] {processor.py:826} INFO - Processing file /home/airflow/.local/lib/python3.8/site-packages/airflow/example_dags/example_dag_decorator.py for tasks to queue
[2023-06-27T01:02:06.546+0000] {logging_mixin.py:149} INFO - [2023-06-27T01:02:06.546+0000] {dagbag.py:541} INFO - Filling up the DagBag from /home/airflow/.local/lib/python3.8/site-packages/airflow/example_dags/example_dag_decorator.py
[2023-06-27T01:02:08.071+0000] {processor.py:836} INFO - DAG(s) dict_keys(['example_dag_decorator']) retrieved from /home/airflow/.local/lib/python3.8/site-packages/airflow/example_dags/example_dag_decorator.py
[2023-06-27T01:02:22.370+0000] {logging_mixin.py:149} INFO - [2023-06-27T01:02:22.370+0000] {dag.py:2726} INFO - Sync 1 DAGs
[2023-06-27T01:02:25.690+0000] {logging_mixin.py:149} INFO - [2023-06-27T01:02:25.689+0000] {dag.py:3486} INFO - Setting next_dagrun for example_dag_decorator to None, run_after=None
[2023-06-27T01:02:26.649+0000] {processor.py:179} INFO - Processing /home/airflow/.local/lib/python3.8/site-packages/airflow/example_dags/example_dag_decorator.py took 20.485 seconds
[2023-06-27T01:29:16.341+0000] {processor.py:157} INFO - Started process (PID=306) to work on /home/airflow/.local/lib/python3.8/site-packages/airflow/example_dags/example_dag_decorator.py
[2023-06-27T01:29:16.547+0000] {processor.py:826} INFO - Processing file /home/airflow/.local/lib/python3.8/site-packages/airflow/example_dags/example_dag_decorator.py for tasks to queue
[2023-06-27T01:29:16.548+0000] {logging_mixin.py:149} INFO - [2023-06-27T01:29:16.548+0000] {dagbag.py:541} INFO - Filling up the DagBag from /home/airflow/.local/lib/python3.8/site-packages/airflow/example_dags/example_dag_decorator.py
[2023-06-27T01:29:22.603+0000] {processor.py:836} INFO - DAG(s) dict_keys(['example_dag_decorator']) retrieved from /home/airflow/.local/lib/python3.8/site-packages/airflow/example_dags/example_dag_decorator.py
[2023-06-27T01:37:40.548+0000] {processor.py:157} INFO - Started process (PID=69) to work on /home/airflow/.local/lib/python3.8/site-packages/airflow/example_dags/example_dag_decorator.py
[2023-06-27T01:37:40.557+0000] {processor.py:826} INFO - Processing file /home/airflow/.local/lib/python3.8/site-packages/airflow/example_dags/example_dag_decorator.py for tasks to queue
[2023-06-27T01:37:40.558+0000] {logging_mixin.py:149} INFO - [2023-06-27T01:37:40.558+0000] {dagbag.py:541} INFO - Filling up the DagBag from /home/airflow/.local/lib/python3.8/site-packages/airflow/example_dags/example_dag_decorator.py
[2023-06-27T01:37:40.620+0000] {processor.py:836} INFO - DAG(s) dict_keys(['example_dag_decorator']) retrieved from /home/airflow/.local/lib/python3.8/site-packages/airflow/example_dags/example_dag_decorator.py
[2023-06-27T01:37:41.266+0000] {logging_mixin.py:149} INFO - [2023-06-27T01:37:41.266+0000] {dag.py:2726} INFO - Sync 1 DAGs
[2023-06-27T01:37:41.363+0000] {logging_mixin.py:149} INFO - [2023-06-27T01:37:41.363+0000] {dag.py:3486} INFO - Setting next_dagrun for example_dag_decorator to None, run_after=None
[2023-06-27T01:37:41.463+0000] {processor.py:179} INFO - Processing /home/airflow/.local/lib/python3.8/site-packages/airflow/example_dags/example_dag_decorator.py took 0.930 seconds
[2023-06-27T01:40:05.391+0000] {processor.py:157} INFO - Started process (PID=177) to work on /home/airflow/.local/lib/python3.8/site-packages/airflow/example_dags/example_dag_decorator.py
[2023-06-27T01:40:05.393+0000] {processor.py:826} INFO - Processing file /home/airflow/.local/lib/python3.8/site-packages/airflow/example_dags/example_dag_decorator.py for tasks to queue
[2023-06-27T01:40:05.412+0000] {logging_mixin.py:149} INFO - [2023-06-27T01:40:05.411+0000] {dagbag.py:541} INFO - Filling up the DagBag from /home/airflow/.local/lib/python3.8/site-packages/airflow/example_dags/example_dag_decorator.py
[2023-06-27T01:40:08.243+0000] {processor.py:836} INFO - DAG(s) dict_keys(['example_dag_decorator']) retrieved from /home/airflow/.local/lib/python3.8/site-packages/airflow/example_dags/example_dag_decorator.py
[2023-06-27T01:40:12.842+0000] {logging_mixin.py:149} INFO - [2023-06-27T01:40:12.842+0000] {dag.py:2726} INFO - Sync 1 DAGs
[2023-06-27T01:40:13.514+0000] {logging_mixin.py:149} INFO - [2023-06-27T01:40:13.514+0000] {dag.py:3486} INFO - Setting next_dagrun for example_dag_decorator to None, run_after=None
[2023-06-27T01:40:13.993+0000] {processor.py:179} INFO - Processing /home/airflow/.local/lib/python3.8/site-packages/airflow/example_dags/example_dag_decorator.py took 8.664 seconds
[2023-06-27T02:17:58.825+0000] {processor.py:157} INFO - Started process (PID=96) to work on /home/airflow/.local/lib/python3.8/site-packages/airflow/example_dags/example_dag_decorator.py
[2023-06-27T02:17:58.844+0000] {processor.py:826} INFO - Processing file /home/airflow/.local/lib/python3.8/site-packages/airflow/example_dags/example_dag_decorator.py for tasks to queue
[2023-06-27T02:17:58.864+0000] {logging_mixin.py:149} INFO - [2023-06-27T02:17:58.864+0000] {dagbag.py:541} INFO - Filling up the DagBag from /home/airflow/.local/lib/python3.8/site-packages/airflow/example_dags/example_dag_decorator.py
[2023-06-27T02:17:59.884+0000] {processor.py:836} INFO - DAG(s) dict_keys(['example_dag_decorator']) retrieved from /home/airflow/.local/lib/python3.8/site-packages/airflow/example_dags/example_dag_decorator.py
[2023-06-27T02:18:15.032+0000] {logging_mixin.py:149} INFO - [2023-06-27T02:18:15.031+0000] {dag.py:2726} INFO - Sync 1 DAGs
[2023-06-27T02:18:18.545+0000] {logging_mixin.py:149} INFO - [2023-06-27T02:18:18.507+0000] {dag.py:3486} INFO - Setting next_dagrun for example_dag_decorator to None, run_after=None
[2023-06-27T02:18:19.529+0000] {processor.py:179} INFO - Processing /home/airflow/.local/lib/python3.8/site-packages/airflow/example_dags/example_dag_decorator.py took 20.945 seconds
[2023-06-27T02:27:36.652+0000] {processor.py:157} INFO - Started process (PID=326) to work on /home/airflow/.local/lib/python3.8/site-packages/airflow/example_dags/example_dag_decorator.py
[2023-06-27T02:27:36.852+0000] {processor.py:826} INFO - Processing file /home/airflow/.local/lib/python3.8/site-packages/airflow/example_dags/example_dag_decorator.py for tasks to queue
[2023-06-27T02:27:37.091+0000] {logging_mixin.py:149} INFO - [2023-06-27T02:27:37.091+0000] {dagbag.py:541} INFO - Filling up the DagBag from /home/airflow/.local/lib/python3.8/site-packages/airflow/example_dags/example_dag_decorator.py
[2023-06-27T02:27:38.256+0000] {processor.py:836} INFO - DAG(s) dict_keys(['example_dag_decorator']) retrieved from /home/airflow/.local/lib/python3.8/site-packages/airflow/example_dags/example_dag_decorator.py
[2023-06-27T02:28:00.380+0000] {logging_mixin.py:149} INFO - [2023-06-27T02:28:00.380+0000] {dag.py:2726} INFO - Sync 1 DAGs
[2023-06-27T02:28:01.226+0000] {logging_mixin.py:149} INFO - [2023-06-27T02:28:01.226+0000] {dag.py:3486} INFO - Setting next_dagrun for example_dag_decorator to None, run_after=None
[2023-06-27T02:28:02.953+0000] {processor.py:179} INFO - Processing /home/airflow/.local/lib/python3.8/site-packages/airflow/example_dags/example_dag_decorator.py took 26.739 seconds
[2023-06-27T06:16:44.725+0000] {processor.py:157} INFO - Started process (PID=338) to work on /home/airflow/.local/lib/python3.8/site-packages/airflow/example_dags/example_dag_decorator.py
[2023-06-27T06:16:44.826+0000] {processor.py:826} INFO - Processing file /home/airflow/.local/lib/python3.8/site-packages/airflow/example_dags/example_dag_decorator.py for tasks to queue
[2023-06-27T06:16:44.827+0000] {logging_mixin.py:149} INFO - [2023-06-27T06:16:44.827+0000] {dagbag.py:541} INFO - Filling up the DagBag from /home/airflow/.local/lib/python3.8/site-packages/airflow/example_dags/example_dag_decorator.py
[2023-06-27T06:16:51.881+0000] {processor.py:836} INFO - DAG(s) dict_keys(['example_dag_decorator']) retrieved from /home/airflow/.local/lib/python3.8/site-packages/airflow/example_dags/example_dag_decorator.py
[2023-06-27T06:17:27.626+0000] {logging_mixin.py:149} INFO - [2023-06-27T06:17:27.626+0000] {dag.py:2726} INFO - Sync 1 DAGs
[2023-06-27T08:56:21.792+0000] {processor.py:157} INFO - Started process (PID=525) to work on /home/airflow/.local/lib/python3.8/site-packages/airflow/example_dags/example_dag_decorator.py
[2023-06-27T08:56:21.820+0000] {processor.py:826} INFO - Processing file /home/airflow/.local/lib/python3.8/site-packages/airflow/example_dags/example_dag_decorator.py for tasks to queue
[2023-06-27T08:56:21.826+0000] {logging_mixin.py:149} INFO - [2023-06-27T08:56:21.825+0000] {dagbag.py:541} INFO - Filling up the DagBag from /home/airflow/.local/lib/python3.8/site-packages/airflow/example_dags/example_dag_decorator.py
[2023-06-27T08:56:22.014+0000] {processor.py:836} INFO - DAG(s) dict_keys(['example_dag_decorator']) retrieved from /home/airflow/.local/lib/python3.8/site-packages/airflow/example_dags/example_dag_decorator.py
[2023-06-27T08:56:28.173+0000] {logging_mixin.py:149} INFO - [2023-06-27T08:56:28.173+0000] {dag.py:2726} INFO - Sync 1 DAGs
[2023-06-27T08:56:28.194+0000] {logging_mixin.py:149} INFO - [2023-06-27T08:56:28.194+0000] {dag.py:3486} INFO - Setting next_dagrun for example_dag_decorator to None, run_after=None
[2023-06-27T08:56:28.249+0000] {processor.py:179} INFO - Processing /home/airflow/.local/lib/python3.8/site-packages/airflow/example_dags/example_dag_decorator.py took 6.486 seconds
[2023-06-27T08:56:47.234+0000] {processor.py:157} INFO - Started process (PID=567) to work on /home/airflow/.local/lib/python3.8/site-packages/airflow/example_dags/example_dag_decorator.py
[2023-06-27T08:56:47.236+0000] {processor.py:826} INFO - Processing file /home/airflow/.local/lib/python3.8/site-packages/airflow/example_dags/example_dag_decorator.py for tasks to queue
[2023-06-27T08:56:47.237+0000] {logging_mixin.py:149} INFO - [2023-06-27T08:56:47.236+0000] {dagbag.py:541} INFO - Filling up the DagBag from /home/airflow/.local/lib/python3.8/site-packages/airflow/example_dags/example_dag_decorator.py
[2023-06-27T08:56:47.261+0000] {processor.py:836} INFO - DAG(s) dict_keys(['example_dag_decorator']) retrieved from /home/airflow/.local/lib/python3.8/site-packages/airflow/example_dags/example_dag_decorator.py
[2023-06-27T08:56:47.281+0000] {logging_mixin.py:149} INFO - [2023-06-27T08:56:47.281+0000] {dag.py:2726} INFO - Sync 1 DAGs
[2023-06-27T08:56:47.310+0000] {logging_mixin.py:149} INFO - [2023-06-27T08:56:47.310+0000] {dag.py:3486} INFO - Setting next_dagrun for example_dag_decorator to None, run_after=None
[2023-06-27T08:56:47.384+0000] {processor.py:179} INFO - Processing /home/airflow/.local/lib/python3.8/site-packages/airflow/example_dags/example_dag_decorator.py took 0.154 seconds
[2023-06-27T09:00:17.446+0000] {processor.py:157} INFO - Started process (PID=714) to work on /home/airflow/.local/lib/python3.8/site-packages/airflow/example_dags/example_dag_decorator.py
[2023-06-27T09:00:17.518+0000] {processor.py:826} INFO - Processing file /home/airflow/.local/lib/python3.8/site-packages/airflow/example_dags/example_dag_decorator.py for tasks to queue
[2023-06-27T09:00:17.520+0000] {logging_mixin.py:149} INFO - [2023-06-27T09:00:17.520+0000] {dagbag.py:541} INFO - Filling up the DagBag from /home/airflow/.local/lib/python3.8/site-packages/airflow/example_dags/example_dag_decorator.py
[2023-06-27T09:00:18.015+0000] {processor.py:836} INFO - DAG(s) dict_keys(['example_dag_decorator']) retrieved from /home/airflow/.local/lib/python3.8/site-packages/airflow/example_dags/example_dag_decorator.py
[2023-06-27T09:00:22.864+0000] {logging_mixin.py:149} INFO - [2023-06-27T09:00:22.864+0000] {dag.py:2726} INFO - Sync 1 DAGs
[2023-06-27T09:00:23.110+0000] {logging_mixin.py:149} INFO - [2023-06-27T09:00:23.110+0000] {dag.py:3486} INFO - Setting next_dagrun for example_dag_decorator to None, run_after=None
[2023-06-27T09:00:24.019+0000] {processor.py:179} INFO - Processing /home/airflow/.local/lib/python3.8/site-packages/airflow/example_dags/example_dag_decorator.py took 6.755 seconds
[2023-06-27T09:20:46.260+0000] {processor.py:157} INFO - Started process (PID=68) to work on /home/airflow/.local/lib/python3.8/site-packages/airflow/example_dags/example_dag_decorator.py
[2023-06-27T09:20:46.279+0000] {processor.py:826} INFO - Processing file /home/airflow/.local/lib/python3.8/site-packages/airflow/example_dags/example_dag_decorator.py for tasks to queue
[2023-06-27T09:20:46.280+0000] {logging_mixin.py:149} INFO - [2023-06-27T09:20:46.279+0000] {dagbag.py:541} INFO - Filling up the DagBag from /home/airflow/.local/lib/python3.8/site-packages/airflow/example_dags/example_dag_decorator.py
[2023-06-27T09:20:46.381+0000] {processor.py:836} INFO - DAG(s) dict_keys(['example_dag_decorator']) retrieved from /home/airflow/.local/lib/python3.8/site-packages/airflow/example_dags/example_dag_decorator.py
[2023-06-27T09:20:46.750+0000] {logging_mixin.py:149} INFO - [2023-06-27T09:20:46.750+0000] {dag.py:2726} INFO - Sync 1 DAGs
[2023-06-27T09:20:46.776+0000] {logging_mixin.py:149} INFO - [2023-06-27T09:20:46.776+0000] {dag.py:3486} INFO - Setting next_dagrun for example_dag_decorator to None, run_after=None
[2023-06-27T09:20:46.817+0000] {processor.py:179} INFO - Processing /home/airflow/.local/lib/python3.8/site-packages/airflow/example_dags/example_dag_decorator.py took 0.573 seconds
[2023-06-27T09:21:17.357+0000] {processor.py:157} INFO - Started process (PID=135) to work on /home/airflow/.local/lib/python3.8/site-packages/airflow/example_dags/example_dag_decorator.py
[2023-06-27T09:21:17.358+0000] {processor.py:826} INFO - Processing file /home/airflow/.local/lib/python3.8/site-packages/airflow/example_dags/example_dag_decorator.py for tasks to queue
[2023-06-27T09:21:17.376+0000] {logging_mixin.py:149} INFO - [2023-06-27T09:21:17.376+0000] {dagbag.py:541} INFO - Filling up the DagBag from /home/airflow/.local/lib/python3.8/site-packages/airflow/example_dags/example_dag_decorator.py
[2023-06-27T09:21:17.500+0000] {processor.py:836} INFO - DAG(s) dict_keys(['example_dag_decorator']) retrieved from /home/airflow/.local/lib/python3.8/site-packages/airflow/example_dags/example_dag_decorator.py
[2023-06-27T09:21:18.304+0000] {logging_mixin.py:149} INFO - [2023-06-27T09:21:18.303+0000] {dag.py:2726} INFO - Sync 1 DAGs
[2023-06-27T09:21:18.437+0000] {logging_mixin.py:149} INFO - [2023-06-27T09:21:18.436+0000] {dag.py:3486} INFO - Setting next_dagrun for example_dag_decorator to None, run_after=None
[2023-06-27T09:21:18.546+0000] {processor.py:179} INFO - Processing /home/airflow/.local/lib/python3.8/site-packages/airflow/example_dags/example_dag_decorator.py took 1.218 seconds
[2023-06-27T09:21:48.676+0000] {processor.py:157} INFO - Started process (PID=203) to work on /home/airflow/.local/lib/python3.8/site-packages/airflow/example_dags/example_dag_decorator.py
[2023-06-27T09:21:48.683+0000] {processor.py:826} INFO - Processing file /home/airflow/.local/lib/python3.8/site-packages/airflow/example_dags/example_dag_decorator.py for tasks to queue
[2023-06-27T09:21:48.685+0000] {logging_mixin.py:149} INFO - [2023-06-27T09:21:48.685+0000] {dagbag.py:541} INFO - Filling up the DagBag from /home/airflow/.local/lib/python3.8/site-packages/airflow/example_dags/example_dag_decorator.py
[2023-06-27T09:21:48.746+0000] {processor.py:836} INFO - DAG(s) dict_keys(['example_dag_decorator']) retrieved from /home/airflow/.local/lib/python3.8/site-packages/airflow/example_dags/example_dag_decorator.py
[2023-06-27T09:21:49.240+0000] {logging_mixin.py:149} INFO - [2023-06-27T09:21:49.239+0000] {dag.py:2726} INFO - Sync 1 DAGs
[2023-06-27T09:21:49.309+0000] {logging_mixin.py:149} INFO - [2023-06-27T09:21:49.308+0000] {dag.py:3486} INFO - Setting next_dagrun for example_dag_decorator to None, run_after=None
[2023-06-27T09:21:49.364+0000] {processor.py:179} INFO - Processing /home/airflow/.local/lib/python3.8/site-packages/airflow/example_dags/example_dag_decorator.py took 0.700 seconds
[2023-06-27T09:22:19.622+0000] {processor.py:157} INFO - Started process (PID=270) to work on /home/airflow/.local/lib/python3.8/site-packages/airflow/example_dags/example_dag_decorator.py
[2023-06-27T09:22:19.655+0000] {processor.py:826} INFO - Processing file /home/airflow/.local/lib/python3.8/site-packages/airflow/example_dags/example_dag_decorator.py for tasks to queue
[2023-06-27T09:22:19.657+0000] {logging_mixin.py:149} INFO - [2023-06-27T09:22:19.656+0000] {dagbag.py:541} INFO - Filling up the DagBag from /home/airflow/.local/lib/python3.8/site-packages/airflow/example_dags/example_dag_decorator.py
[2023-06-27T09:22:19.754+0000] {processor.py:836} INFO - DAG(s) dict_keys(['example_dag_decorator']) retrieved from /home/airflow/.local/lib/python3.8/site-packages/airflow/example_dags/example_dag_decorator.py
[2023-06-27T09:22:20.533+0000] {logging_mixin.py:149} INFO - [2023-06-27T09:22:20.533+0000] {dag.py:2726} INFO - Sync 1 DAGs
[2023-06-27T09:22:20.675+0000] {logging_mixin.py:149} INFO - [2023-06-27T09:22:20.675+0000] {dag.py:3486} INFO - Setting next_dagrun for example_dag_decorator to None, run_after=None
[2023-06-27T09:22:20.823+0000] {processor.py:179} INFO - Processing /home/airflow/.local/lib/python3.8/site-packages/airflow/example_dags/example_dag_decorator.py took 1.234 seconds
[2023-06-27T09:22:51.220+0000] {processor.py:157} INFO - Started process (PID=339) to work on /home/airflow/.local/lib/python3.8/site-packages/airflow/example_dags/example_dag_decorator.py
[2023-06-27T09:22:51.221+0000] {processor.py:826} INFO - Processing file /home/airflow/.local/lib/python3.8/site-packages/airflow/example_dags/example_dag_decorator.py for tasks to queue
[2023-06-27T09:22:51.247+0000] {logging_mixin.py:149} INFO - [2023-06-27T09:22:51.247+0000] {dagbag.py:541} INFO - Filling up the DagBag from /home/airflow/.local/lib/python3.8/site-packages/airflow/example_dags/example_dag_decorator.py
[2023-06-27T09:22:51.460+0000] {processor.py:836} INFO - DAG(s) dict_keys(['example_dag_decorator']) retrieved from /home/airflow/.local/lib/python3.8/site-packages/airflow/example_dags/example_dag_decorator.py
[2023-06-27T09:22:52.348+0000] {logging_mixin.py:149} INFO - [2023-06-27T09:22:52.347+0000] {dag.py:2726} INFO - Sync 1 DAGs
[2023-06-27T09:22:52.451+0000] {logging_mixin.py:149} INFO - [2023-06-27T09:22:52.451+0000] {dag.py:3486} INFO - Setting next_dagrun for example_dag_decorator to None, run_after=None
[2023-06-27T09:22:52.543+0000] {processor.py:179} INFO - Processing /home/airflow/.local/lib/python3.8/site-packages/airflow/example_dags/example_dag_decorator.py took 1.344 seconds
[2023-06-27T09:23:22.670+0000] {processor.py:157} INFO - Started process (PID=406) to work on /home/airflow/.local/lib/python3.8/site-packages/airflow/example_dags/example_dag_decorator.py
[2023-06-27T09:23:22.687+0000] {processor.py:826} INFO - Processing file /home/airflow/.local/lib/python3.8/site-packages/airflow/example_dags/example_dag_decorator.py for tasks to queue
[2023-06-27T09:23:22.689+0000] {logging_mixin.py:149} INFO - [2023-06-27T09:23:22.689+0000] {dagbag.py:541} INFO - Filling up the DagBag from /home/airflow/.local/lib/python3.8/site-packages/airflow/example_dags/example_dag_decorator.py
[2023-06-27T09:23:22.754+0000] {processor.py:836} INFO - DAG(s) dict_keys(['example_dag_decorator']) retrieved from /home/airflow/.local/lib/python3.8/site-packages/airflow/example_dags/example_dag_decorator.py
[2023-06-27T09:23:23.077+0000] {logging_mixin.py:149} INFO - [2023-06-27T09:23:23.076+0000] {dag.py:2726} INFO - Sync 1 DAGs
[2023-06-27T09:23:23.147+0000] {logging_mixin.py:149} INFO - [2023-06-27T09:23:23.147+0000] {dag.py:3486} INFO - Setting next_dagrun for example_dag_decorator to None, run_after=None
[2023-06-27T09:23:23.189+0000] {processor.py:179} INFO - Processing /home/airflow/.local/lib/python3.8/site-packages/airflow/example_dags/example_dag_decorator.py took 0.552 seconds
[2023-06-27T09:23:53.818+0000] {processor.py:157} INFO - Started process (PID=470) to work on /home/airflow/.local/lib/python3.8/site-packages/airflow/example_dags/example_dag_decorator.py
[2023-06-27T09:23:53.819+0000] {processor.py:826} INFO - Processing file /home/airflow/.local/lib/python3.8/site-packages/airflow/example_dags/example_dag_decorator.py for tasks to queue
[2023-06-27T09:23:53.821+0000] {logging_mixin.py:149} INFO - [2023-06-27T09:23:53.821+0000] {dagbag.py:541} INFO - Filling up the DagBag from /home/airflow/.local/lib/python3.8/site-packages/airflow/example_dags/example_dag_decorator.py
[2023-06-27T09:23:53.840+0000] {processor.py:836} INFO - DAG(s) dict_keys(['example_dag_decorator']) retrieved from /home/airflow/.local/lib/python3.8/site-packages/airflow/example_dags/example_dag_decorator.py
[2023-06-27T09:23:54.059+0000] {logging_mixin.py:149} INFO - [2023-06-27T09:23:54.059+0000] {dag.py:2726} INFO - Sync 1 DAGs
[2023-06-27T09:23:54.100+0000] {logging_mixin.py:149} INFO - [2023-06-27T09:23:54.100+0000] {dag.py:3486} INFO - Setting next_dagrun for example_dag_decorator to None, run_after=None
[2023-06-27T09:23:54.122+0000] {processor.py:179} INFO - Processing /home/airflow/.local/lib/python3.8/site-packages/airflow/example_dags/example_dag_decorator.py took 0.310 seconds
[2023-06-27T09:25:52.159+0000] {processor.py:157} INFO - Started process (PID=66) to work on /home/airflow/.local/lib/python3.8/site-packages/airflow/example_dags/example_dag_decorator.py
[2023-06-27T09:25:52.170+0000] {processor.py:826} INFO - Processing file /home/airflow/.local/lib/python3.8/site-packages/airflow/example_dags/example_dag_decorator.py for tasks to queue
[2023-06-27T09:25:52.176+0000] {logging_mixin.py:149} INFO - [2023-06-27T09:25:52.170+0000] {dagbag.py:541} INFO - Filling up the DagBag from /home/airflow/.local/lib/python3.8/site-packages/airflow/example_dags/example_dag_decorator.py
[2023-06-27T09:25:52.280+0000] {processor.py:836} INFO - DAG(s) dict_keys(['example_dag_decorator']) retrieved from /home/airflow/.local/lib/python3.8/site-packages/airflow/example_dags/example_dag_decorator.py
[2023-06-27T09:25:52.843+0000] {logging_mixin.py:149} INFO - [2023-06-27T09:25:52.843+0000] {dag.py:2726} INFO - Sync 1 DAGs
[2023-06-27T09:25:52.902+0000] {logging_mixin.py:149} INFO - [2023-06-27T09:25:52.902+0000] {dag.py:3486} INFO - Setting next_dagrun for example_dag_decorator to None, run_after=None
[2023-06-27T09:25:52.944+0000] {processor.py:179} INFO - Processing /home/airflow/.local/lib/python3.8/site-packages/airflow/example_dags/example_dag_decorator.py took 0.809 seconds
[2023-06-27T09:26:23.369+0000] {processor.py:157} INFO - Started process (PID=129) to work on /home/airflow/.local/lib/python3.8/site-packages/airflow/example_dags/example_dag_decorator.py
[2023-06-27T09:26:23.370+0000] {processor.py:826} INFO - Processing file /home/airflow/.local/lib/python3.8/site-packages/airflow/example_dags/example_dag_decorator.py for tasks to queue
[2023-06-27T09:26:23.372+0000] {logging_mixin.py:149} INFO - [2023-06-27T09:26:23.372+0000] {dagbag.py:541} INFO - Filling up the DagBag from /home/airflow/.local/lib/python3.8/site-packages/airflow/example_dags/example_dag_decorator.py
[2023-06-27T09:26:23.419+0000] {processor.py:836} INFO - DAG(s) dict_keys(['example_dag_decorator']) retrieved from /home/airflow/.local/lib/python3.8/site-packages/airflow/example_dags/example_dag_decorator.py
[2023-06-27T09:26:23.649+0000] {logging_mixin.py:149} INFO - [2023-06-27T09:26:23.648+0000] {dag.py:2726} INFO - Sync 1 DAGs
[2023-06-27T09:26:23.677+0000] {logging_mixin.py:149} INFO - [2023-06-27T09:26:23.677+0000] {dag.py:3486} INFO - Setting next_dagrun for example_dag_decorator to None, run_after=None
[2023-06-27T09:26:23.711+0000] {processor.py:179} INFO - Processing /home/airflow/.local/lib/python3.8/site-packages/airflow/example_dags/example_dag_decorator.py took 0.354 seconds
[2023-06-27T09:26:54.442+0000] {processor.py:157} INFO - Started process (PID=197) to work on /home/airflow/.local/lib/python3.8/site-packages/airflow/example_dags/example_dag_decorator.py
[2023-06-27T09:26:54.451+0000] {processor.py:826} INFO - Processing file /home/airflow/.local/lib/python3.8/site-packages/airflow/example_dags/example_dag_decorator.py for tasks to queue
[2023-06-27T09:26:54.453+0000] {logging_mixin.py:149} INFO - [2023-06-27T09:26:54.452+0000] {dagbag.py:541} INFO - Filling up the DagBag from /home/airflow/.local/lib/python3.8/site-packages/airflow/example_dags/example_dag_decorator.py
[2023-06-27T09:26:54.493+0000] {processor.py:836} INFO - DAG(s) dict_keys(['example_dag_decorator']) retrieved from /home/airflow/.local/lib/python3.8/site-packages/airflow/example_dags/example_dag_decorator.py
[2023-06-27T09:26:55.019+0000] {logging_mixin.py:149} INFO - [2023-06-27T09:26:55.019+0000] {dag.py:2726} INFO - Sync 1 DAGs
[2023-06-27T09:26:55.151+0000] {logging_mixin.py:149} INFO - [2023-06-27T09:26:55.151+0000] {dag.py:3486} INFO - Setting next_dagrun for example_dag_decorator to None, run_after=None
[2023-06-27T09:26:55.282+0000] {processor.py:179} INFO - Processing /home/airflow/.local/lib/python3.8/site-packages/airflow/example_dags/example_dag_decorator.py took 0.853 seconds
[2023-06-27T09:27:25.694+0000] {processor.py:157} INFO - Started process (PID=261) to work on /home/airflow/.local/lib/python3.8/site-packages/airflow/example_dags/example_dag_decorator.py
[2023-06-27T09:27:25.701+0000] {processor.py:826} INFO - Processing file /home/airflow/.local/lib/python3.8/site-packages/airflow/example_dags/example_dag_decorator.py for tasks to queue
[2023-06-27T09:27:25.712+0000] {logging_mixin.py:149} INFO - [2023-06-27T09:27:25.712+0000] {dagbag.py:541} INFO - Filling up the DagBag from /home/airflow/.local/lib/python3.8/site-packages/airflow/example_dags/example_dag_decorator.py
[2023-06-27T09:27:25.824+0000] {processor.py:836} INFO - DAG(s) dict_keys(['example_dag_decorator']) retrieved from /home/airflow/.local/lib/python3.8/site-packages/airflow/example_dags/example_dag_decorator.py
[2023-06-27T09:27:26.727+0000] {logging_mixin.py:149} INFO - [2023-06-27T09:27:26.727+0000] {dag.py:2726} INFO - Sync 1 DAGs
[2023-06-27T09:27:26.883+0000] {logging_mixin.py:149} INFO - [2023-06-27T09:27:26.883+0000] {dag.py:3486} INFO - Setting next_dagrun for example_dag_decorator to None, run_after=None
[2023-06-27T09:27:27.855+0000] {processor.py:179} INFO - Processing /home/airflow/.local/lib/python3.8/site-packages/airflow/example_dags/example_dag_decorator.py took 2.171 seconds
[2023-06-27T09:27:58.615+0000] {processor.py:157} INFO - Started process (PID=337) to work on /home/airflow/.local/lib/python3.8/site-packages/airflow/example_dags/example_dag_decorator.py
[2023-06-27T09:27:58.616+0000] {processor.py:826} INFO - Processing file /home/airflow/.local/lib/python3.8/site-packages/airflow/example_dags/example_dag_decorator.py for tasks to queue
[2023-06-27T09:27:58.618+0000] {logging_mixin.py:149} INFO - [2023-06-27T09:27:58.618+0000] {dagbag.py:541} INFO - Filling up the DagBag from /home/airflow/.local/lib/python3.8/site-packages/airflow/example_dags/example_dag_decorator.py
[2023-06-27T09:27:58.640+0000] {processor.py:836} INFO - DAG(s) dict_keys(['example_dag_decorator']) retrieved from /home/airflow/.local/lib/python3.8/site-packages/airflow/example_dags/example_dag_decorator.py
[2023-06-27T09:27:58.786+0000] {logging_mixin.py:149} INFO - [2023-06-27T09:27:58.786+0000] {dag.py:2726} INFO - Sync 1 DAGs
[2023-06-27T09:27:58.809+0000] {logging_mixin.py:149} INFO - [2023-06-27T09:27:58.809+0000] {dag.py:3486} INFO - Setting next_dagrun for example_dag_decorator to None, run_after=None
[2023-06-27T09:27:58.836+0000] {processor.py:179} INFO - Processing /home/airflow/.local/lib/python3.8/site-packages/airflow/example_dags/example_dag_decorator.py took 0.225 seconds
[2023-06-27T09:28:28.881+0000] {processor.py:157} INFO - Started process (PID=405) to work on /home/airflow/.local/lib/python3.8/site-packages/airflow/example_dags/example_dag_decorator.py
[2023-06-27T09:28:28.882+0000] {processor.py:826} INFO - Processing file /home/airflow/.local/lib/python3.8/site-packages/airflow/example_dags/example_dag_decorator.py for tasks to queue
[2023-06-27T09:28:28.884+0000] {logging_mixin.py:149} INFO - [2023-06-27T09:28:28.884+0000] {dagbag.py:541} INFO - Filling up the DagBag from /home/airflow/.local/lib/python3.8/site-packages/airflow/example_dags/example_dag_decorator.py
[2023-06-27T09:28:28.903+0000] {processor.py:836} INFO - DAG(s) dict_keys(['example_dag_decorator']) retrieved from /home/airflow/.local/lib/python3.8/site-packages/airflow/example_dags/example_dag_decorator.py
[2023-06-27T09:28:29.065+0000] {logging_mixin.py:149} INFO - [2023-06-27T09:28:29.065+0000] {dag.py:2726} INFO - Sync 1 DAGs
[2023-06-27T09:28:29.286+0000] {logging_mixin.py:149} INFO - [2023-06-27T09:28:29.286+0000] {dag.py:3486} INFO - Setting next_dagrun for example_dag_decorator to None, run_after=None
[2023-06-27T09:28:29.310+0000] {processor.py:179} INFO - Processing /home/airflow/.local/lib/python3.8/site-packages/airflow/example_dags/example_dag_decorator.py took 0.434 seconds
[2023-06-27T09:28:59.362+0000] {processor.py:157} INFO - Started process (PID=473) to work on /home/airflow/.local/lib/python3.8/site-packages/airflow/example_dags/example_dag_decorator.py
[2023-06-27T09:28:59.363+0000] {processor.py:826} INFO - Processing file /home/airflow/.local/lib/python3.8/site-packages/airflow/example_dags/example_dag_decorator.py for tasks to queue
[2023-06-27T09:28:59.365+0000] {logging_mixin.py:149} INFO - [2023-06-27T09:28:59.365+0000] {dagbag.py:541} INFO - Filling up the DagBag from /home/airflow/.local/lib/python3.8/site-packages/airflow/example_dags/example_dag_decorator.py
[2023-06-27T09:28:59.384+0000] {processor.py:836} INFO - DAG(s) dict_keys(['example_dag_decorator']) retrieved from /home/airflow/.local/lib/python3.8/site-packages/airflow/example_dags/example_dag_decorator.py
[2023-06-27T09:28:59.531+0000] {logging_mixin.py:149} INFO - [2023-06-27T09:28:59.531+0000] {dag.py:2726} INFO - Sync 1 DAGs
[2023-06-27T09:28:59.556+0000] {logging_mixin.py:149} INFO - [2023-06-27T09:28:59.556+0000] {dag.py:3486} INFO - Setting next_dagrun for example_dag_decorator to None, run_after=None
[2023-06-27T09:28:59.578+0000] {processor.py:179} INFO - Processing /home/airflow/.local/lib/python3.8/site-packages/airflow/example_dags/example_dag_decorator.py took 0.221 seconds
[2023-06-27T09:29:29.837+0000] {processor.py:157} INFO - Started process (PID=548) to work on /home/airflow/.local/lib/python3.8/site-packages/airflow/example_dags/example_dag_decorator.py
[2023-06-27T09:29:29.843+0000] {processor.py:826} INFO - Processing file /home/airflow/.local/lib/python3.8/site-packages/airflow/example_dags/example_dag_decorator.py for tasks to queue
[2023-06-27T09:29:29.845+0000] {logging_mixin.py:149} INFO - [2023-06-27T09:29:29.844+0000] {dagbag.py:541} INFO - Filling up the DagBag from /home/airflow/.local/lib/python3.8/site-packages/airflow/example_dags/example_dag_decorator.py
[2023-06-27T09:29:29.914+0000] {processor.py:836} INFO - DAG(s) dict_keys(['example_dag_decorator']) retrieved from /home/airflow/.local/lib/python3.8/site-packages/airflow/example_dags/example_dag_decorator.py
[2023-06-27T09:29:30.318+0000] {logging_mixin.py:149} INFO - [2023-06-27T09:29:30.318+0000] {dag.py:2726} INFO - Sync 1 DAGs
[2023-06-27T09:29:30.343+0000] {logging_mixin.py:149} INFO - [2023-06-27T09:29:30.342+0000] {dag.py:3486} INFO - Setting next_dagrun for example_dag_decorator to None, run_after=None
[2023-06-27T09:29:30.380+0000] {processor.py:179} INFO - Processing /home/airflow/.local/lib/python3.8/site-packages/airflow/example_dags/example_dag_decorator.py took 0.557 seconds
[2023-06-27T09:30:00.577+0000] {processor.py:157} INFO - Started process (PID=615) to work on /home/airflow/.local/lib/python3.8/site-packages/airflow/example_dags/example_dag_decorator.py
[2023-06-27T09:30:00.578+0000] {processor.py:826} INFO - Processing file /home/airflow/.local/lib/python3.8/site-packages/airflow/example_dags/example_dag_decorator.py for tasks to queue
[2023-06-27T09:30:00.584+0000] {logging_mixin.py:149} INFO - [2023-06-27T09:30:00.584+0000] {dagbag.py:541} INFO - Filling up the DagBag from /home/airflow/.local/lib/python3.8/site-packages/airflow/example_dags/example_dag_decorator.py
[2023-06-27T09:30:00.631+0000] {processor.py:836} INFO - DAG(s) dict_keys(['example_dag_decorator']) retrieved from /home/airflow/.local/lib/python3.8/site-packages/airflow/example_dags/example_dag_decorator.py
[2023-06-27T09:30:00.939+0000] {logging_mixin.py:149} INFO - [2023-06-27T09:30:00.939+0000] {dag.py:2726} INFO - Sync 1 DAGs
[2023-06-27T09:30:01.002+0000] {logging_mixin.py:149} INFO - [2023-06-27T09:30:01.002+0000] {dag.py:3486} INFO - Setting next_dagrun for example_dag_decorator to None, run_after=None
[2023-06-27T09:30:01.424+0000] {processor.py:179} INFO - Processing /home/airflow/.local/lib/python3.8/site-packages/airflow/example_dags/example_dag_decorator.py took 0.853 seconds
[2023-06-27T09:30:32.232+0000] {processor.py:157} INFO - Started process (PID=687) to work on /home/airflow/.local/lib/python3.8/site-packages/airflow/example_dags/example_dag_decorator.py
[2023-06-27T09:30:32.233+0000] {processor.py:826} INFO - Processing file /home/airflow/.local/lib/python3.8/site-packages/airflow/example_dags/example_dag_decorator.py for tasks to queue
[2023-06-27T09:30:32.235+0000] {logging_mixin.py:149} INFO - [2023-06-27T09:30:32.235+0000] {dagbag.py:541} INFO - Filling up the DagBag from /home/airflow/.local/lib/python3.8/site-packages/airflow/example_dags/example_dag_decorator.py
[2023-06-27T09:30:32.253+0000] {processor.py:836} INFO - DAG(s) dict_keys(['example_dag_decorator']) retrieved from /home/airflow/.local/lib/python3.8/site-packages/airflow/example_dags/example_dag_decorator.py
[2023-06-27T09:30:32.423+0000] {logging_mixin.py:149} INFO - [2023-06-27T09:30:32.423+0000] {dag.py:2726} INFO - Sync 1 DAGs
[2023-06-27T09:30:32.450+0000] {logging_mixin.py:149} INFO - [2023-06-27T09:30:32.450+0000] {dag.py:3486} INFO - Setting next_dagrun for example_dag_decorator to None, run_after=None
[2023-06-27T09:30:32.473+0000] {processor.py:179} INFO - Processing /home/airflow/.local/lib/python3.8/site-packages/airflow/example_dags/example_dag_decorator.py took 0.246 seconds
[2023-06-27T09:31:03.110+0000] {processor.py:157} INFO - Started process (PID=765) to work on /home/airflow/.local/lib/python3.8/site-packages/airflow/example_dags/example_dag_decorator.py
[2023-06-27T09:31:03.112+0000] {processor.py:826} INFO - Processing file /home/airflow/.local/lib/python3.8/site-packages/airflow/example_dags/example_dag_decorator.py for tasks to queue
[2023-06-27T09:31:03.113+0000] {logging_mixin.py:149} INFO - [2023-06-27T09:31:03.113+0000] {dagbag.py:541} INFO - Filling up the DagBag from /home/airflow/.local/lib/python3.8/site-packages/airflow/example_dags/example_dag_decorator.py
[2023-06-27T09:31:03.150+0000] {processor.py:836} INFO - DAG(s) dict_keys(['example_dag_decorator']) retrieved from /home/airflow/.local/lib/python3.8/site-packages/airflow/example_dags/example_dag_decorator.py
[2023-06-27T09:31:03.326+0000] {logging_mixin.py:149} INFO - [2023-06-27T09:31:03.325+0000] {dag.py:2726} INFO - Sync 1 DAGs
[2023-06-27T09:31:03.350+0000] {logging_mixin.py:149} INFO - [2023-06-27T09:31:03.350+0000] {dag.py:3486} INFO - Setting next_dagrun for example_dag_decorator to None, run_after=None
[2023-06-27T09:31:03.374+0000] {processor.py:179} INFO - Processing /home/airflow/.local/lib/python3.8/site-packages/airflow/example_dags/example_dag_decorator.py took 0.273 seconds
[2023-06-27T09:31:33.936+0000] {processor.py:157} INFO - Started process (PID=831) to work on /home/airflow/.local/lib/python3.8/site-packages/airflow/example_dags/example_dag_decorator.py
[2023-06-27T09:31:33.951+0000] {processor.py:826} INFO - Processing file /home/airflow/.local/lib/python3.8/site-packages/airflow/example_dags/example_dag_decorator.py for tasks to queue
[2023-06-27T09:31:33.953+0000] {logging_mixin.py:149} INFO - [2023-06-27T09:31:33.952+0000] {dagbag.py:541} INFO - Filling up the DagBag from /home/airflow/.local/lib/python3.8/site-packages/airflow/example_dags/example_dag_decorator.py
[2023-06-27T09:31:34.019+0000] {processor.py:836} INFO - DAG(s) dict_keys(['example_dag_decorator']) retrieved from /home/airflow/.local/lib/python3.8/site-packages/airflow/example_dags/example_dag_decorator.py
[2023-06-27T09:31:34.515+0000] {logging_mixin.py:149} INFO - [2023-06-27T09:31:34.515+0000] {dag.py:2726} INFO - Sync 1 DAGs
[2023-06-27T09:31:34.768+0000] {logging_mixin.py:149} INFO - [2023-06-27T09:31:34.768+0000] {dag.py:3486} INFO - Setting next_dagrun for example_dag_decorator to None, run_after=None
[2023-06-27T09:31:34.788+0000] {processor.py:179} INFO - Processing /home/airflow/.local/lib/python3.8/site-packages/airflow/example_dags/example_dag_decorator.py took 0.869 seconds
[2023-06-27T09:32:05.162+0000] {processor.py:157} INFO - Started process (PID=898) to work on /home/airflow/.local/lib/python3.8/site-packages/airflow/example_dags/example_dag_decorator.py
[2023-06-27T09:32:05.164+0000] {processor.py:826} INFO - Processing file /home/airflow/.local/lib/python3.8/site-packages/airflow/example_dags/example_dag_decorator.py for tasks to queue
[2023-06-27T09:32:05.166+0000] {logging_mixin.py:149} INFO - [2023-06-27T09:32:05.166+0000] {dagbag.py:541} INFO - Filling up the DagBag from /home/airflow/.local/lib/python3.8/site-packages/airflow/example_dags/example_dag_decorator.py
[2023-06-27T09:32:05.184+0000] {processor.py:836} INFO - DAG(s) dict_keys(['example_dag_decorator']) retrieved from /home/airflow/.local/lib/python3.8/site-packages/airflow/example_dags/example_dag_decorator.py
[2023-06-27T09:32:05.335+0000] {logging_mixin.py:149} INFO - [2023-06-27T09:32:05.335+0000] {dag.py:2726} INFO - Sync 1 DAGs
[2023-06-27T09:32:05.361+0000] {logging_mixin.py:149} INFO - [2023-06-27T09:32:05.361+0000] {dag.py:3486} INFO - Setting next_dagrun for example_dag_decorator to None, run_after=None
[2023-06-27T09:32:05.390+0000] {processor.py:179} INFO - Processing /home/airflow/.local/lib/python3.8/site-packages/airflow/example_dags/example_dag_decorator.py took 0.232 seconds
[2023-06-27T09:32:35.610+0000] {processor.py:157} INFO - Started process (PID=973) to work on /home/airflow/.local/lib/python3.8/site-packages/airflow/example_dags/example_dag_decorator.py
[2023-06-27T09:32:35.619+0000] {processor.py:826} INFO - Processing file /home/airflow/.local/lib/python3.8/site-packages/airflow/example_dags/example_dag_decorator.py for tasks to queue
[2023-06-27T09:32:35.621+0000] {logging_mixin.py:149} INFO - [2023-06-27T09:32:35.621+0000] {dagbag.py:541} INFO - Filling up the DagBag from /home/airflow/.local/lib/python3.8/site-packages/airflow/example_dags/example_dag_decorator.py
[2023-06-27T09:32:35.721+0000] {processor.py:836} INFO - DAG(s) dict_keys(['example_dag_decorator']) retrieved from /home/airflow/.local/lib/python3.8/site-packages/airflow/example_dags/example_dag_decorator.py
[2023-06-27T09:32:36.335+0000] {logging_mixin.py:149} INFO - [2023-06-27T09:32:36.335+0000] {dag.py:2726} INFO - Sync 1 DAGs
[2023-06-27T09:32:36.495+0000] {logging_mixin.py:149} INFO - [2023-06-27T09:32:36.495+0000] {dag.py:3486} INFO - Setting next_dagrun for example_dag_decorator to None, run_after=None
[2023-06-27T09:32:36.639+0000] {processor.py:179} INFO - Processing /home/airflow/.local/lib/python3.8/site-packages/airflow/example_dags/example_dag_decorator.py took 1.052 seconds
[2023-06-27T09:33:07.164+0000] {processor.py:157} INFO - Started process (PID=1042) to work on /home/airflow/.local/lib/python3.8/site-packages/airflow/example_dags/example_dag_decorator.py
[2023-06-27T09:33:07.191+0000] {processor.py:826} INFO - Processing file /home/airflow/.local/lib/python3.8/site-packages/airflow/example_dags/example_dag_decorator.py for tasks to queue
[2023-06-27T09:33:07.193+0000] {logging_mixin.py:149} INFO - [2023-06-27T09:33:07.193+0000] {dagbag.py:541} INFO - Filling up the DagBag from /home/airflow/.local/lib/python3.8/site-packages/airflow/example_dags/example_dag_decorator.py
[2023-06-27T09:33:07.307+0000] {processor.py:836} INFO - DAG(s) dict_keys(['example_dag_decorator']) retrieved from /home/airflow/.local/lib/python3.8/site-packages/airflow/example_dags/example_dag_decorator.py
[2023-06-27T09:33:08.152+0000] {logging_mixin.py:149} INFO - [2023-06-27T09:33:08.151+0000] {dag.py:2726} INFO - Sync 1 DAGs
[2023-06-27T09:33:09.277+0000] {logging_mixin.py:149} INFO - [2023-06-27T09:33:09.276+0000] {dag.py:3486} INFO - Setting next_dagrun for example_dag_decorator to None, run_after=None
[2023-06-27T09:33:09.339+0000] {processor.py:179} INFO - Processing /home/airflow/.local/lib/python3.8/site-packages/airflow/example_dags/example_dag_decorator.py took 2.196 seconds
[2023-06-27T09:33:39.544+0000] {processor.py:157} INFO - Started process (PID=1113) to work on /home/airflow/.local/lib/python3.8/site-packages/airflow/example_dags/example_dag_decorator.py
[2023-06-27T09:33:39.545+0000] {processor.py:826} INFO - Processing file /home/airflow/.local/lib/python3.8/site-packages/airflow/example_dags/example_dag_decorator.py for tasks to queue
[2023-06-27T09:33:39.563+0000] {logging_mixin.py:149} INFO - [2023-06-27T09:33:39.563+0000] {dagbag.py:541} INFO - Filling up the DagBag from /home/airflow/.local/lib/python3.8/site-packages/airflow/example_dags/example_dag_decorator.py
[2023-06-27T09:33:39.660+0000] {processor.py:836} INFO - DAG(s) dict_keys(['example_dag_decorator']) retrieved from /home/airflow/.local/lib/python3.8/site-packages/airflow/example_dags/example_dag_decorator.py
[2023-06-27T09:33:40.163+0000] {logging_mixin.py:149} INFO - [2023-06-27T09:33:40.163+0000] {dag.py:2726} INFO - Sync 1 DAGs
[2023-06-27T09:33:40.240+0000] {logging_mixin.py:149} INFO - [2023-06-27T09:33:40.240+0000] {dag.py:3486} INFO - Setting next_dagrun for example_dag_decorator to None, run_after=None
[2023-06-27T09:33:40.632+0000] {processor.py:179} INFO - Processing /home/airflow/.local/lib/python3.8/site-packages/airflow/example_dags/example_dag_decorator.py took 1.125 seconds
[2023-06-27T09:34:11.029+0000] {processor.py:157} INFO - Started process (PID=1182) to work on /home/airflow/.local/lib/python3.8/site-packages/airflow/example_dags/example_dag_decorator.py
[2023-06-27T09:34:11.059+0000] {processor.py:826} INFO - Processing file /home/airflow/.local/lib/python3.8/site-packages/airflow/example_dags/example_dag_decorator.py for tasks to queue
[2023-06-27T09:34:11.061+0000] {logging_mixin.py:149} INFO - [2023-06-27T09:34:11.060+0000] {dagbag.py:541} INFO - Filling up the DagBag from /home/airflow/.local/lib/python3.8/site-packages/airflow/example_dags/example_dag_decorator.py
[2023-06-27T09:34:11.161+0000] {processor.py:836} INFO - DAG(s) dict_keys(['example_dag_decorator']) retrieved from /home/airflow/.local/lib/python3.8/site-packages/airflow/example_dags/example_dag_decorator.py
[2023-06-27T09:34:11.896+0000] {logging_mixin.py:149} INFO - [2023-06-27T09:34:11.896+0000] {dag.py:2726} INFO - Sync 1 DAGs
[2023-06-27T09:34:11.967+0000] {logging_mixin.py:149} INFO - [2023-06-27T09:34:11.967+0000] {dag.py:3486} INFO - Setting next_dagrun for example_dag_decorator to None, run_after=None
[2023-06-27T09:34:12.036+0000] {processor.py:179} INFO - Processing /home/airflow/.local/lib/python3.8/site-packages/airflow/example_dags/example_dag_decorator.py took 1.031 seconds
