[2023-06-27T00:00:35.864+0000] {processor.py:157} INFO - Started process (PID=432) to work on /home/airflow/.local/lib/python3.8/site-packages/airflow/example_dags/example_datasets.py
[2023-06-27T00:00:35.901+0000] {processor.py:826} INFO - Processing file /home/airflow/.local/lib/python3.8/site-packages/airflow/example_dags/example_datasets.py for tasks to queue
[2023-06-27T00:00:35.902+0000] {logging_mixin.py:149} INFO - [2023-06-27T00:00:35.902+0000] {dagbag.py:541} INFO - Filling up the DagBag from /home/airflow/.local/lib/python3.8/site-packages/airflow/example_dags/example_datasets.py
[2023-06-27T00:00:36.024+0000] {processor.py:836} INFO - DAG(s) dict_keys(['dataset_consumes_unknown_never_scheduled', 'dataset_produces_1', 'dataset_consumes_1_never_scheduled', 'dataset_consumes_1', 'dataset_produces_2', 'dataset_consumes_1_and_2']) retrieved from /home/airflow/.local/lib/python3.8/site-packages/airflow/example_dags/example_datasets.py
[2023-06-27T00:00:36.458+0000] {logging_mixin.py:149} INFO - [2023-06-27T00:00:36.457+0000] {dag.py:2726} INFO - Sync 6 DAGs
[2023-06-27T00:00:36.727+0000] {logging_mixin.py:149} INFO - [2023-06-27T00:00:36.727+0000] {dag.py:3486} INFO - Setting next_dagrun for dataset_consumes_1 to None, run_after=None
[2023-06-27T00:00:36.776+0000] {logging_mixin.py:149} INFO - [2023-06-27T00:00:36.776+0000] {dag.py:3486} INFO - Setting next_dagrun for dataset_consumes_1_and_2 to None, run_after=None
[2023-06-27T00:00:36.790+0000] {logging_mixin.py:149} INFO - [2023-06-27T00:00:36.790+0000] {dag.py:3486} INFO - Setting next_dagrun for dataset_consumes_1_never_scheduled to None, run_after=None
[2023-06-27T00:00:36.806+0000] {logging_mixin.py:149} INFO - [2023-06-27T00:00:36.806+0000] {dag.py:3486} INFO - Setting next_dagrun for dataset_consumes_unknown_never_scheduled to None, run_after=None
[2023-06-27T00:00:36.816+0000] {logging_mixin.py:149} INFO - [2023-06-27T00:00:36.816+0000] {dag.py:3486} INFO - Setting next_dagrun for dataset_produces_1 to 2023-06-26T00:00:00+00:00, run_after=2023-06-27T00:00:00+00:00
[2023-06-27T00:00:36.846+0000] {logging_mixin.py:149} INFO - [2023-06-27T00:00:36.846+0000] {dag.py:3486} INFO - Setting next_dagrun for dataset_produces_2 to None, run_after=None
[2023-06-27T00:00:37.241+0000] {processor.py:179} INFO - Processing /home/airflow/.local/lib/python3.8/site-packages/airflow/example_dags/example_datasets.py took 1.419 seconds
[2023-06-27T00:02:46.327+0000] {processor.py:157} INFO - Started process (PID=536) to work on /home/airflow/.local/lib/python3.8/site-packages/airflow/example_dags/example_datasets.py
[2023-06-27T00:02:46.409+0000] {processor.py:826} INFO - Processing file /home/airflow/.local/lib/python3.8/site-packages/airflow/example_dags/example_datasets.py for tasks to queue
[2023-06-27T00:02:46.410+0000] {logging_mixin.py:149} INFO - [2023-06-27T00:02:46.410+0000] {dagbag.py:541} INFO - Filling up the DagBag from /home/airflow/.local/lib/python3.8/site-packages/airflow/example_dags/example_datasets.py
[2023-06-27T00:02:48.126+0000] {processor.py:836} INFO - DAG(s) dict_keys(['dataset_consumes_1', 'dataset_produces_1', 'dataset_produces_2', 'dataset_consumes_1_and_2', 'dataset_consumes_1_never_scheduled', 'dataset_consumes_unknown_never_scheduled']) retrieved from /home/airflow/.local/lib/python3.8/site-packages/airflow/example_dags/example_datasets.py
[2023-06-27T00:02:54.046+0000] {logging_mixin.py:149} INFO - [2023-06-27T00:02:54.045+0000] {dag.py:2726} INFO - Sync 6 DAGs
[2023-06-27T00:02:59.591+0000] {logging_mixin.py:149} INFO - [2023-06-27T00:02:59.591+0000] {dag.py:3486} INFO - Setting next_dagrun for dataset_consumes_1 to None, run_after=None
[2023-06-27T00:03:00.591+0000] {logging_mixin.py:149} INFO - [2023-06-27T00:03:00.591+0000] {dag.py:3486} INFO - Setting next_dagrun for dataset_consumes_1_and_2 to None, run_after=None
[2023-06-27T00:03:00.670+0000] {logging_mixin.py:149} INFO - [2023-06-27T00:03:00.593+0000] {dag.py:3486} INFO - Setting next_dagrun for dataset_consumes_1_never_scheduled to None, run_after=None
[2023-06-27T00:03:00.672+0000] {logging_mixin.py:149} INFO - [2023-06-27T00:03:00.672+0000] {dag.py:3486} INFO - Setting next_dagrun for dataset_consumes_unknown_never_scheduled to None, run_after=None
[2023-06-27T00:03:00.693+0000] {logging_mixin.py:149} INFO - [2023-06-27T00:03:00.692+0000] {dag.py:3486} INFO - Setting next_dagrun for dataset_produces_1 to 2023-06-26T00:00:00+00:00, run_after=2023-06-27T00:00:00+00:00
[2023-06-27T00:03:00.751+0000] {logging_mixin.py:149} INFO - [2023-06-27T00:03:00.751+0000] {dag.py:3486} INFO - Setting next_dagrun for dataset_produces_2 to None, run_after=None
[2023-06-27T00:03:06.132+0000] {processor.py:179} INFO - Processing /home/airflow/.local/lib/python3.8/site-packages/airflow/example_dags/example_datasets.py took 20.008 seconds
[2023-06-27T01:02:39.632+0000] {processor.py:157} INFO - Started process (PID=94) to work on /home/airflow/.local/lib/python3.8/site-packages/airflow/example_dags/example_datasets.py
[2023-06-27T01:02:39.772+0000] {processor.py:826} INFO - Processing file /home/airflow/.local/lib/python3.8/site-packages/airflow/example_dags/example_datasets.py for tasks to queue
[2023-06-27T01:02:39.773+0000] {logging_mixin.py:149} INFO - [2023-06-27T01:02:39.773+0000] {dagbag.py:541} INFO - Filling up the DagBag from /home/airflow/.local/lib/python3.8/site-packages/airflow/example_dags/example_datasets.py
[2023-06-27T01:02:40.777+0000] {processor.py:836} INFO - DAG(s) dict_keys(['dataset_produces_2', 'dataset_produces_1', 'dataset_consumes_1', 'dataset_consumes_unknown_never_scheduled', 'dataset_consumes_1_never_scheduled', 'dataset_consumes_1_and_2']) retrieved from /home/airflow/.local/lib/python3.8/site-packages/airflow/example_dags/example_datasets.py
[2023-06-27T01:03:03.274+0000] {logging_mixin.py:149} INFO - [2023-06-27T01:03:03.274+0000] {dag.py:2726} INFO - Sync 6 DAGs
[2023-06-27T01:03:06.681+0000] {logging_mixin.py:149} INFO - [2023-06-27T01:03:06.681+0000] {dag.py:3486} INFO - Setting next_dagrun for dataset_consumes_1 to None, run_after=None
[2023-06-27T01:03:06.962+0000] {logging_mixin.py:149} INFO - [2023-06-27T01:03:06.962+0000] {dag.py:3486} INFO - Setting next_dagrun for dataset_consumes_1_and_2 to None, run_after=None
[2023-06-27T01:03:07.042+0000] {logging_mixin.py:149} INFO - [2023-06-27T01:03:07.042+0000] {dag.py:3486} INFO - Setting next_dagrun for dataset_consumes_1_never_scheduled to None, run_after=None
[2023-06-27T01:03:07.241+0000] {logging_mixin.py:149} INFO - [2023-06-27T01:03:07.043+0000] {dag.py:3486} INFO - Setting next_dagrun for dataset_consumes_unknown_never_scheduled to None, run_after=None
[2023-06-27T01:03:08.023+0000] {logging_mixin.py:149} INFO - [2023-06-27T01:03:08.022+0000] {dag.py:3486} INFO - Setting next_dagrun for dataset_produces_1 to 2023-06-26T00:00:00+00:00, run_after=2023-06-27T00:00:00+00:00
[2023-06-27T01:03:08.124+0000] {logging_mixin.py:149} INFO - [2023-06-27T01:03:08.124+0000] {dag.py:3486} INFO - Setting next_dagrun for dataset_produces_2 to None, run_after=None
[2023-06-27T01:03:12.025+0000] {processor.py:179} INFO - Processing /home/airflow/.local/lib/python3.8/site-packages/airflow/example_dags/example_datasets.py took 32.672 seconds
[2023-06-27T01:37:42.991+0000] {processor.py:157} INFO - Started process (PID=73) to work on /home/airflow/.local/lib/python3.8/site-packages/airflow/example_dags/example_datasets.py
[2023-06-27T01:37:43.005+0000] {processor.py:826} INFO - Processing file /home/airflow/.local/lib/python3.8/site-packages/airflow/example_dags/example_datasets.py for tasks to queue
[2023-06-27T01:37:43.006+0000] {logging_mixin.py:149} INFO - [2023-06-27T01:37:43.006+0000] {dagbag.py:541} INFO - Filling up the DagBag from /home/airflow/.local/lib/python3.8/site-packages/airflow/example_dags/example_datasets.py
[2023-06-27T01:37:43.045+0000] {processor.py:836} INFO - DAG(s) dict_keys(['dataset_produces_1', 'dataset_consumes_1_never_scheduled', 'dataset_consumes_1', 'dataset_produces_2', 'dataset_consumes_1_and_2', 'dataset_consumes_unknown_never_scheduled']) retrieved from /home/airflow/.local/lib/python3.8/site-packages/airflow/example_dags/example_datasets.py
[2023-06-27T01:37:43.782+0000] {logging_mixin.py:149} INFO - [2023-06-27T01:37:43.781+0000] {dag.py:2726} INFO - Sync 6 DAGs
[2023-06-27T01:37:43.924+0000] {logging_mixin.py:149} INFO - [2023-06-27T01:37:43.923+0000] {dag.py:3486} INFO - Setting next_dagrun for dataset_consumes_1 to None, run_after=None
[2023-06-27T01:37:43.940+0000] {logging_mixin.py:149} INFO - [2023-06-27T01:37:43.940+0000] {dag.py:3486} INFO - Setting next_dagrun for dataset_consumes_1_and_2 to None, run_after=None
[2023-06-27T01:37:43.941+0000] {logging_mixin.py:149} INFO - [2023-06-27T01:37:43.941+0000] {dag.py:3486} INFO - Setting next_dagrun for dataset_consumes_1_never_scheduled to None, run_after=None
[2023-06-27T01:37:43.950+0000] {logging_mixin.py:149} INFO - [2023-06-27T01:37:43.949+0000] {dag.py:3486} INFO - Setting next_dagrun for dataset_consumes_unknown_never_scheduled to None, run_after=None
[2023-06-27T01:37:43.960+0000] {logging_mixin.py:149} INFO - [2023-06-27T01:37:43.960+0000] {dag.py:3486} INFO - Setting next_dagrun for dataset_produces_1 to 2023-06-26T00:00:00+00:00, run_after=2023-06-27T00:00:00+00:00
[2023-06-27T01:37:43.978+0000] {logging_mixin.py:149} INFO - [2023-06-27T01:37:43.978+0000] {dag.py:3486} INFO - Setting next_dagrun for dataset_produces_2 to None, run_after=None
[2023-06-27T01:37:44.114+0000] {processor.py:179} INFO - Processing /home/airflow/.local/lib/python3.8/site-packages/airflow/example_dags/example_datasets.py took 1.136 seconds
[2023-06-27T01:40:39.225+0000] {processor.py:157} INFO - Started process (PID=219) to work on /home/airflow/.local/lib/python3.8/site-packages/airflow/example_dags/example_datasets.py
[2023-06-27T01:40:39.292+0000] {processor.py:826} INFO - Processing file /home/airflow/.local/lib/python3.8/site-packages/airflow/example_dags/example_datasets.py for tasks to queue
[2023-06-27T01:40:39.338+0000] {logging_mixin.py:149} INFO - [2023-06-27T01:40:39.338+0000] {dagbag.py:541} INFO - Filling up the DagBag from /home/airflow/.local/lib/python3.8/site-packages/airflow/example_dags/example_datasets.py
[2023-06-27T01:40:39.557+0000] {processor.py:836} INFO - DAG(s) dict_keys(['dataset_produces_2', 'dataset_consumes_1_and_2', 'dataset_consumes_unknown_never_scheduled', 'dataset_produces_1', 'dataset_consumes_1', 'dataset_consumes_1_never_scheduled']) retrieved from /home/airflow/.local/lib/python3.8/site-packages/airflow/example_dags/example_datasets.py
[2023-06-27T01:40:40.554+0000] {logging_mixin.py:149} INFO - [2023-06-27T01:40:40.553+0000] {dag.py:2726} INFO - Sync 6 DAGs
[2023-06-27T01:40:41.150+0000] {logging_mixin.py:149} INFO - [2023-06-27T01:40:41.150+0000] {dag.py:3486} INFO - Setting next_dagrun for dataset_consumes_1 to None, run_after=None
[2023-06-27T01:40:41.238+0000] {logging_mixin.py:149} INFO - [2023-06-27T01:40:41.238+0000] {dag.py:3486} INFO - Setting next_dagrun for dataset_consumes_1_and_2 to None, run_after=None
[2023-06-27T01:40:41.258+0000] {logging_mixin.py:149} INFO - [2023-06-27T01:40:41.258+0000] {dag.py:3486} INFO - Setting next_dagrun for dataset_consumes_1_never_scheduled to None, run_after=None
[2023-06-27T01:40:41.278+0000] {logging_mixin.py:149} INFO - [2023-06-27T01:40:41.278+0000] {dag.py:3486} INFO - Setting next_dagrun for dataset_consumes_unknown_never_scheduled to None, run_after=None
[2023-06-27T01:40:41.329+0000] {logging_mixin.py:149} INFO - [2023-06-27T01:40:41.329+0000] {dag.py:3486} INFO - Setting next_dagrun for dataset_produces_1 to 2023-06-26T00:00:00+00:00, run_after=2023-06-27T00:00:00+00:00
[2023-06-27T01:40:41.416+0000] {logging_mixin.py:149} INFO - [2023-06-27T01:40:41.415+0000] {dag.py:3486} INFO - Setting next_dagrun for dataset_produces_2 to None, run_after=None
[2023-06-27T01:40:42.377+0000] {processor.py:179} INFO - Processing /home/airflow/.local/lib/python3.8/site-packages/airflow/example_dags/example_datasets.py took 3.224 seconds
[2023-06-27T02:18:42.439+0000] {processor.py:157} INFO - Started process (PID=117) to work on /home/airflow/.local/lib/python3.8/site-packages/airflow/example_dags/example_datasets.py
[2023-06-27T02:18:42.696+0000] {processor.py:826} INFO - Processing file /home/airflow/.local/lib/python3.8/site-packages/airflow/example_dags/example_datasets.py for tasks to queue
[2023-06-27T02:18:42.697+0000] {logging_mixin.py:149} INFO - [2023-06-27T02:18:42.697+0000] {dagbag.py:541} INFO - Filling up the DagBag from /home/airflow/.local/lib/python3.8/site-packages/airflow/example_dags/example_datasets.py
[2023-06-27T02:18:44.281+0000] {processor.py:836} INFO - DAG(s) dict_keys(['dataset_produces_2', 'dataset_consumes_1_and_2', 'dataset_produces_1', 'dataset_consumes_1_never_scheduled', 'dataset_consumes_1', 'dataset_consumes_unknown_never_scheduled']) retrieved from /home/airflow/.local/lib/python3.8/site-packages/airflow/example_dags/example_datasets.py
[2023-06-27T02:19:19.566+0000] {logging_mixin.py:149} INFO - [2023-06-27T02:19:19.566+0000] {dag.py:2726} INFO - Sync 6 DAGs
[2023-06-27T02:19:23.671+0000] {logging_mixin.py:149} INFO - [2023-06-27T02:19:23.633+0000] {dag.py:3486} INFO - Setting next_dagrun for dataset_consumes_1 to None, run_after=None
[2023-06-27T02:19:24.352+0000] {logging_mixin.py:149} INFO - [2023-06-27T02:19:24.352+0000] {dag.py:3486} INFO - Setting next_dagrun for dataset_consumes_1_and_2 to None, run_after=None
[2023-06-27T02:19:24.415+0000] {logging_mixin.py:149} INFO - [2023-06-27T02:19:24.414+0000] {dag.py:3486} INFO - Setting next_dagrun for dataset_consumes_1_never_scheduled to None, run_after=None
[2023-06-27T02:19:24.894+0000] {logging_mixin.py:149} INFO - [2023-06-27T02:19:24.894+0000] {dag.py:3486} INFO - Setting next_dagrun for dataset_consumes_unknown_never_scheduled to None, run_after=None
[2023-06-27T02:19:24.917+0000] {logging_mixin.py:149} INFO - [2023-06-27T02:19:24.916+0000] {dag.py:3486} INFO - Setting next_dagrun for dataset_produces_1 to 2023-06-26T00:00:00+00:00, run_after=2023-06-27T00:00:00+00:00
[2023-06-27T02:19:25.456+0000] {logging_mixin.py:149} INFO - [2023-06-27T02:19:25.456+0000] {dag.py:3486} INFO - Setting next_dagrun for dataset_produces_2 to None, run_after=None
[2023-06-27T02:28:09.062+0000] {processor.py:157} INFO - Started process (PID=348) to work on /home/airflow/.local/lib/python3.8/site-packages/airflow/example_dags/example_datasets.py
[2023-06-27T02:28:09.222+0000] {processor.py:826} INFO - Processing file /home/airflow/.local/lib/python3.8/site-packages/airflow/example_dags/example_datasets.py for tasks to queue
[2023-06-27T02:28:09.223+0000] {logging_mixin.py:149} INFO - [2023-06-27T02:28:09.223+0000] {dagbag.py:541} INFO - Filling up the DagBag from /home/airflow/.local/lib/python3.8/site-packages/airflow/example_dags/example_datasets.py
[2023-06-27T02:28:11.239+0000] {processor.py:836} INFO - DAG(s) dict_keys(['dataset_consumes_1_and_2', 'dataset_produces_1', 'dataset_produces_2', 'dataset_consumes_1_never_scheduled', 'dataset_consumes_1', 'dataset_consumes_unknown_never_scheduled']) retrieved from /home/airflow/.local/lib/python3.8/site-packages/airflow/example_dags/example_datasets.py
[2023-06-27T06:17:51.905+0000] {processor.py:157} INFO - Started process (PID=370) to work on /home/airflow/.local/lib/python3.8/site-packages/airflow/example_dags/example_datasets.py
[2023-06-27T06:17:51.979+0000] {processor.py:826} INFO - Processing file /home/airflow/.local/lib/python3.8/site-packages/airflow/example_dags/example_datasets.py for tasks to queue
[2023-06-27T06:17:51.980+0000] {logging_mixin.py:149} INFO - [2023-06-27T06:17:51.980+0000] {dagbag.py:541} INFO - Filling up the DagBag from /home/airflow/.local/lib/python3.8/site-packages/airflow/example_dags/example_datasets.py
[2023-06-27T06:17:54.799+0000] {processor.py:836} INFO - DAG(s) dict_keys(['dataset_consumes_1_never_scheduled', 'dataset_consumes_1_and_2', 'dataset_produces_2', 'dataset_consumes_1', 'dataset_consumes_unknown_never_scheduled', 'dataset_produces_1']) retrieved from /home/airflow/.local/lib/python3.8/site-packages/airflow/example_dags/example_datasets.py
[2023-06-27T08:56:29.496+0000] {processor.py:157} INFO - Started process (PID=529) to work on /home/airflow/.local/lib/python3.8/site-packages/airflow/example_dags/example_datasets.py
[2023-06-27T08:56:29.561+0000] {processor.py:826} INFO - Processing file /home/airflow/.local/lib/python3.8/site-packages/airflow/example_dags/example_datasets.py for tasks to queue
[2023-06-27T08:56:29.562+0000] {logging_mixin.py:149} INFO - [2023-06-27T08:56:29.562+0000] {dagbag.py:541} INFO - Filling up the DagBag from /home/airflow/.local/lib/python3.8/site-packages/airflow/example_dags/example_datasets.py
[2023-06-27T08:56:29.576+0000] {processor.py:836} INFO - DAG(s) dict_keys(['dataset_produces_2', 'dataset_consumes_1_never_scheduled', 'dataset_consumes_unknown_never_scheduled', 'dataset_consumes_1', 'dataset_produces_1', 'dataset_consumes_1_and_2']) retrieved from /home/airflow/.local/lib/python3.8/site-packages/airflow/example_dags/example_datasets.py
[2023-06-27T08:56:29.862+0000] {logging_mixin.py:149} INFO - [2023-06-27T08:56:29.862+0000] {dag.py:2726} INFO - Sync 6 DAGs
[2023-06-27T08:56:29.885+0000] {logging_mixin.py:149} INFO - [2023-06-27T08:56:29.885+0000] {dag.py:3486} INFO - Setting next_dagrun for dataset_consumes_1 to None, run_after=None
[2023-06-27T08:56:29.889+0000] {logging_mixin.py:149} INFO - [2023-06-27T08:56:29.889+0000] {dag.py:3486} INFO - Setting next_dagrun for dataset_consumes_1_and_2 to None, run_after=None
[2023-06-27T08:56:29.890+0000] {logging_mixin.py:149} INFO - [2023-06-27T08:56:29.890+0000] {dag.py:3486} INFO - Setting next_dagrun for dataset_consumes_1_never_scheduled to None, run_after=None
[2023-06-27T08:56:29.891+0000] {logging_mixin.py:149} INFO - [2023-06-27T08:56:29.891+0000] {dag.py:3486} INFO - Setting next_dagrun for dataset_consumes_unknown_never_scheduled to None, run_after=None
[2023-06-27T08:56:29.895+0000] {logging_mixin.py:149} INFO - [2023-06-27T08:56:29.895+0000] {dag.py:3486} INFO - Setting next_dagrun for dataset_produces_1 to 2023-06-26T00:00:00+00:00, run_after=2023-06-27T00:00:00+00:00
[2023-06-27T08:56:29.896+0000] {logging_mixin.py:149} INFO - [2023-06-27T08:56:29.896+0000] {dag.py:3486} INFO - Setting next_dagrun for dataset_produces_2 to None, run_after=None
[2023-06-27T08:56:30.133+0000] {processor.py:179} INFO - Processing /home/airflow/.local/lib/python3.8/site-packages/airflow/example_dags/example_datasets.py took 0.642 seconds
[2023-06-27T08:56:48.391+0000] {processor.py:157} INFO - Started process (PID=571) to work on /home/airflow/.local/lib/python3.8/site-packages/airflow/example_dags/example_datasets.py
[2023-06-27T08:56:48.392+0000] {processor.py:826} INFO - Processing file /home/airflow/.local/lib/python3.8/site-packages/airflow/example_dags/example_datasets.py for tasks to queue
[2023-06-27T08:56:48.393+0000] {logging_mixin.py:149} INFO - [2023-06-27T08:56:48.393+0000] {dagbag.py:541} INFO - Filling up the DagBag from /home/airflow/.local/lib/python3.8/site-packages/airflow/example_dags/example_datasets.py
[2023-06-27T08:56:48.408+0000] {processor.py:836} INFO - DAG(s) dict_keys(['dataset_consumes_unknown_never_scheduled', 'dataset_produces_2', 'dataset_consumes_1', 'dataset_produces_1', 'dataset_consumes_1_and_2', 'dataset_consumes_1_never_scheduled']) retrieved from /home/airflow/.local/lib/python3.8/site-packages/airflow/example_dags/example_datasets.py
[2023-06-27T08:56:48.432+0000] {logging_mixin.py:149} INFO - [2023-06-27T08:56:48.431+0000] {dag.py:2726} INFO - Sync 6 DAGs
[2023-06-27T08:56:48.458+0000] {logging_mixin.py:149} INFO - [2023-06-27T08:56:48.458+0000] {dag.py:3486} INFO - Setting next_dagrun for dataset_consumes_1 to None, run_after=None
[2023-06-27T08:56:48.463+0000] {logging_mixin.py:149} INFO - [2023-06-27T08:56:48.462+0000] {dag.py:3486} INFO - Setting next_dagrun for dataset_consumes_1_and_2 to None, run_after=None
[2023-06-27T08:56:48.464+0000] {logging_mixin.py:149} INFO - [2023-06-27T08:56:48.464+0000] {dag.py:3486} INFO - Setting next_dagrun for dataset_consumes_1_never_scheduled to None, run_after=None
[2023-06-27T08:56:48.465+0000] {logging_mixin.py:149} INFO - [2023-06-27T08:56:48.465+0000] {dag.py:3486} INFO - Setting next_dagrun for dataset_consumes_unknown_never_scheduled to None, run_after=None
[2023-06-27T08:56:48.469+0000] {logging_mixin.py:149} INFO - [2023-06-27T08:56:48.469+0000] {dag.py:3486} INFO - Setting next_dagrun for dataset_produces_1 to 2023-06-26T00:00:00+00:00, run_after=2023-06-27T00:00:00+00:00
[2023-06-27T08:56:48.470+0000] {logging_mixin.py:149} INFO - [2023-06-27T08:56:48.470+0000] {dag.py:3486} INFO - Setting next_dagrun for dataset_produces_2 to None, run_after=None
[2023-06-27T08:56:48.547+0000] {processor.py:179} INFO - Processing /home/airflow/.local/lib/python3.8/site-packages/airflow/example_dags/example_datasets.py took 0.161 seconds
[2023-06-27T09:00:26.310+0000] {processor.py:157} INFO - Started process (PID=726) to work on /home/airflow/.local/lib/python3.8/site-packages/airflow/example_dags/example_datasets.py
[2023-06-27T09:00:26.427+0000] {processor.py:826} INFO - Processing file /home/airflow/.local/lib/python3.8/site-packages/airflow/example_dags/example_datasets.py for tasks to queue
[2023-06-27T09:00:26.432+0000] {logging_mixin.py:149} INFO - [2023-06-27T09:00:26.429+0000] {dagbag.py:541} INFO - Filling up the DagBag from /home/airflow/.local/lib/python3.8/site-packages/airflow/example_dags/example_datasets.py
[2023-06-27T09:00:26.509+0000] {processor.py:836} INFO - DAG(s) dict_keys(['dataset_consumes_1_and_2', 'dataset_consumes_1_never_scheduled', 'dataset_produces_1', 'dataset_produces_2', 'dataset_consumes_unknown_never_scheduled', 'dataset_consumes_1']) retrieved from /home/airflow/.local/lib/python3.8/site-packages/airflow/example_dags/example_datasets.py
[2023-06-27T09:00:26.657+0000] {logging_mixin.py:149} INFO - [2023-06-27T09:00:26.657+0000] {dag.py:2726} INFO - Sync 6 DAGs
[2023-06-27T09:00:26.725+0000] {logging_mixin.py:149} INFO - [2023-06-27T09:00:26.724+0000] {dag.py:3486} INFO - Setting next_dagrun for dataset_consumes_1 to None, run_after=None
[2023-06-27T09:00:26.738+0000] {logging_mixin.py:149} INFO - [2023-06-27T09:00:26.738+0000] {dag.py:3486} INFO - Setting next_dagrun for dataset_consumes_1_and_2 to None, run_after=None
[2023-06-27T09:00:26.742+0000] {logging_mixin.py:149} INFO - [2023-06-27T09:00:26.741+0000] {dag.py:3486} INFO - Setting next_dagrun for dataset_consumes_1_never_scheduled to None, run_after=None
[2023-06-27T09:00:26.746+0000] {logging_mixin.py:149} INFO - [2023-06-27T09:00:26.746+0000] {dag.py:3486} INFO - Setting next_dagrun for dataset_consumes_unknown_never_scheduled to None, run_after=None
[2023-06-27T09:00:26.752+0000] {logging_mixin.py:149} INFO - [2023-06-27T09:00:26.752+0000] {dag.py:3486} INFO - Setting next_dagrun for dataset_produces_1 to 2023-06-26T00:00:00+00:00, run_after=2023-06-27T00:00:00+00:00
[2023-06-27T09:00:26.758+0000] {logging_mixin.py:149} INFO - [2023-06-27T09:00:26.757+0000] {dag.py:3486} INFO - Setting next_dagrun for dataset_produces_2 to None, run_after=None
[2023-06-27T09:00:27.064+0000] {processor.py:179} INFO - Processing /home/airflow/.local/lib/python3.8/site-packages/airflow/example_dags/example_datasets.py took 0.820 seconds
[2023-06-27T09:20:47.698+0000] {processor.py:157} INFO - Started process (PID=72) to work on /home/airflow/.local/lib/python3.8/site-packages/airflow/example_dags/example_datasets.py
[2023-06-27T09:20:47.718+0000] {processor.py:826} INFO - Processing file /home/airflow/.local/lib/python3.8/site-packages/airflow/example_dags/example_datasets.py for tasks to queue
[2023-06-27T09:20:47.725+0000] {logging_mixin.py:149} INFO - [2023-06-27T09:20:47.725+0000] {dagbag.py:541} INFO - Filling up the DagBag from /home/airflow/.local/lib/python3.8/site-packages/airflow/example_dags/example_datasets.py
[2023-06-27T09:20:47.784+0000] {processor.py:836} INFO - DAG(s) dict_keys(['dataset_produces_2', 'dataset_consumes_1_never_scheduled', 'dataset_consumes_1_and_2', 'dataset_produces_1', 'dataset_consumes_1', 'dataset_consumes_unknown_never_scheduled']) retrieved from /home/airflow/.local/lib/python3.8/site-packages/airflow/example_dags/example_datasets.py
[2023-06-27T09:20:48.451+0000] {logging_mixin.py:149} INFO - [2023-06-27T09:20:48.451+0000] {dag.py:2726} INFO - Sync 6 DAGs
[2023-06-27T09:20:48.611+0000] {logging_mixin.py:149} INFO - [2023-06-27T09:20:48.611+0000] {dag.py:3486} INFO - Setting next_dagrun for dataset_consumes_1 to None, run_after=None
[2023-06-27T09:20:48.623+0000] {logging_mixin.py:149} INFO - [2023-06-27T09:20:48.623+0000] {dag.py:3486} INFO - Setting next_dagrun for dataset_consumes_1_and_2 to None, run_after=None
[2023-06-27T09:20:48.639+0000] {logging_mixin.py:149} INFO - [2023-06-27T09:20:48.639+0000] {dag.py:3486} INFO - Setting next_dagrun for dataset_consumes_1_never_scheduled to None, run_after=None
[2023-06-27T09:20:48.655+0000] {logging_mixin.py:149} INFO - [2023-06-27T09:20:48.655+0000] {dag.py:3486} INFO - Setting next_dagrun for dataset_consumes_unknown_never_scheduled to None, run_after=None
[2023-06-27T09:20:48.661+0000] {logging_mixin.py:149} INFO - [2023-06-27T09:20:48.661+0000] {dag.py:3486} INFO - Setting next_dagrun for dataset_produces_1 to 2023-06-26T00:00:00+00:00, run_after=2023-06-27T00:00:00+00:00
[2023-06-27T09:20:48.677+0000] {logging_mixin.py:149} INFO - [2023-06-27T09:20:48.677+0000] {dag.py:3486} INFO - Setting next_dagrun for dataset_produces_2 to None, run_after=None
[2023-06-27T09:20:48.968+0000] {processor.py:179} INFO - Processing /home/airflow/.local/lib/python3.8/site-packages/airflow/example_dags/example_datasets.py took 1.283 seconds
[2023-06-27T09:21:19.140+0000] {processor.py:157} INFO - Started process (PID=139) to work on /home/airflow/.local/lib/python3.8/site-packages/airflow/example_dags/example_datasets.py
[2023-06-27T09:21:19.145+0000] {processor.py:826} INFO - Processing file /home/airflow/.local/lib/python3.8/site-packages/airflow/example_dags/example_datasets.py for tasks to queue
[2023-06-27T09:21:19.150+0000] {logging_mixin.py:149} INFO - [2023-06-27T09:21:19.147+0000] {dagbag.py:541} INFO - Filling up the DagBag from /home/airflow/.local/lib/python3.8/site-packages/airflow/example_dags/example_datasets.py
[2023-06-27T09:21:19.200+0000] {processor.py:836} INFO - DAG(s) dict_keys(['dataset_produces_2', 'dataset_produces_1', 'dataset_consumes_1_never_scheduled', 'dataset_consumes_unknown_never_scheduled', 'dataset_consumes_1', 'dataset_consumes_1_and_2']) retrieved from /home/airflow/.local/lib/python3.8/site-packages/airflow/example_dags/example_datasets.py
[2023-06-27T09:21:19.399+0000] {logging_mixin.py:149} INFO - [2023-06-27T09:21:19.399+0000] {dag.py:2726} INFO - Sync 6 DAGs
[2023-06-27T09:21:19.556+0000] {logging_mixin.py:149} INFO - [2023-06-27T09:21:19.556+0000] {dag.py:3486} INFO - Setting next_dagrun for dataset_consumes_1 to None, run_after=None
[2023-06-27T09:21:19.578+0000] {logging_mixin.py:149} INFO - [2023-06-27T09:21:19.578+0000] {dag.py:3486} INFO - Setting next_dagrun for dataset_consumes_1_and_2 to None, run_after=None
[2023-06-27T09:21:19.582+0000] {logging_mixin.py:149} INFO - [2023-06-27T09:21:19.582+0000] {dag.py:3486} INFO - Setting next_dagrun for dataset_consumes_1_never_scheduled to None, run_after=None
[2023-06-27T09:21:19.593+0000] {logging_mixin.py:149} INFO - [2023-06-27T09:21:19.593+0000] {dag.py:3486} INFO - Setting next_dagrun for dataset_consumes_unknown_never_scheduled to None, run_after=None
[2023-06-27T09:21:19.614+0000] {logging_mixin.py:149} INFO - [2023-06-27T09:21:19.613+0000] {dag.py:3486} INFO - Setting next_dagrun for dataset_produces_1 to 2023-06-26T00:00:00+00:00, run_after=2023-06-27T00:00:00+00:00
[2023-06-27T09:21:19.630+0000] {logging_mixin.py:149} INFO - [2023-06-27T09:21:19.629+0000] {dag.py:3486} INFO - Setting next_dagrun for dataset_produces_2 to None, run_after=None
[2023-06-27T09:21:19.796+0000] {processor.py:179} INFO - Processing /home/airflow/.local/lib/python3.8/site-packages/airflow/example_dags/example_datasets.py took 0.666 seconds
[2023-06-27T09:21:50.544+0000] {processor.py:157} INFO - Started process (PID=207) to work on /home/airflow/.local/lib/python3.8/site-packages/airflow/example_dags/example_datasets.py
[2023-06-27T09:21:50.545+0000] {processor.py:826} INFO - Processing file /home/airflow/.local/lib/python3.8/site-packages/airflow/example_dags/example_datasets.py for tasks to queue
[2023-06-27T09:21:50.567+0000] {logging_mixin.py:149} INFO - [2023-06-27T09:21:50.567+0000] {dagbag.py:541} INFO - Filling up the DagBag from /home/airflow/.local/lib/python3.8/site-packages/airflow/example_dags/example_datasets.py
[2023-06-27T09:21:50.634+0000] {processor.py:836} INFO - DAG(s) dict_keys(['dataset_consumes_unknown_never_scheduled', 'dataset_produces_1', 'dataset_consumes_1_never_scheduled', 'dataset_consumes_1', 'dataset_produces_2', 'dataset_consumes_1_and_2']) retrieved from /home/airflow/.local/lib/python3.8/site-packages/airflow/example_dags/example_datasets.py
[2023-06-27T09:21:50.889+0000] {logging_mixin.py:149} INFO - [2023-06-27T09:21:50.889+0000] {dag.py:2726} INFO - Sync 6 DAGs
[2023-06-27T09:21:51.051+0000] {logging_mixin.py:149} INFO - [2023-06-27T09:21:51.051+0000] {dag.py:3486} INFO - Setting next_dagrun for dataset_consumes_1 to None, run_after=None
[2023-06-27T09:21:51.068+0000] {logging_mixin.py:149} INFO - [2023-06-27T09:21:51.068+0000] {dag.py:3486} INFO - Setting next_dagrun for dataset_consumes_1_and_2 to None, run_after=None
[2023-06-27T09:21:51.070+0000] {logging_mixin.py:149} INFO - [2023-06-27T09:21:51.069+0000] {dag.py:3486} INFO - Setting next_dagrun for dataset_consumes_1_never_scheduled to None, run_after=None
[2023-06-27T09:21:51.084+0000] {logging_mixin.py:149} INFO - [2023-06-27T09:21:51.083+0000] {dag.py:3486} INFO - Setting next_dagrun for dataset_consumes_unknown_never_scheduled to None, run_after=None
[2023-06-27T09:21:51.088+0000] {logging_mixin.py:149} INFO - [2023-06-27T09:21:51.088+0000] {dag.py:3486} INFO - Setting next_dagrun for dataset_produces_1 to 2023-06-26T00:00:00+00:00, run_after=2023-06-27T00:00:00+00:00
[2023-06-27T09:21:51.099+0000] {logging_mixin.py:149} INFO - [2023-06-27T09:21:51.099+0000] {dag.py:3486} INFO - Setting next_dagrun for dataset_produces_2 to None, run_after=None
[2023-06-27T09:21:51.375+0000] {processor.py:179} INFO - Processing /home/airflow/.local/lib/python3.8/site-packages/airflow/example_dags/example_datasets.py took 0.856 seconds
[2023-06-27T09:22:21.924+0000] {processor.py:157} INFO - Started process (PID=274) to work on /home/airflow/.local/lib/python3.8/site-packages/airflow/example_dags/example_datasets.py
[2023-06-27T09:22:21.925+0000] {processor.py:826} INFO - Processing file /home/airflow/.local/lib/python3.8/site-packages/airflow/example_dags/example_datasets.py for tasks to queue
[2023-06-27T09:22:21.927+0000] {logging_mixin.py:149} INFO - [2023-06-27T09:22:21.927+0000] {dagbag.py:541} INFO - Filling up the DagBag from /home/airflow/.local/lib/python3.8/site-packages/airflow/example_dags/example_datasets.py
[2023-06-27T09:22:21.953+0000] {processor.py:836} INFO - DAG(s) dict_keys(['dataset_produces_1', 'dataset_produces_2', 'dataset_consumes_unknown_never_scheduled', 'dataset_consumes_1', 'dataset_consumes_1_and_2', 'dataset_consumes_1_never_scheduled']) retrieved from /home/airflow/.local/lib/python3.8/site-packages/airflow/example_dags/example_datasets.py
[2023-06-27T09:22:22.033+0000] {logging_mixin.py:149} INFO - [2023-06-27T09:22:22.032+0000] {dag.py:2726} INFO - Sync 6 DAGs
[2023-06-27T09:22:22.087+0000] {logging_mixin.py:149} INFO - [2023-06-27T09:22:22.087+0000] {dag.py:3486} INFO - Setting next_dagrun for dataset_consumes_1 to None, run_after=None
[2023-06-27T09:22:22.096+0000] {logging_mixin.py:149} INFO - [2023-06-27T09:22:22.096+0000] {dag.py:3486} INFO - Setting next_dagrun for dataset_consumes_1_and_2 to None, run_after=None
[2023-06-27T09:22:22.098+0000] {logging_mixin.py:149} INFO - [2023-06-27T09:22:22.097+0000] {dag.py:3486} INFO - Setting next_dagrun for dataset_consumes_1_never_scheduled to None, run_after=None
[2023-06-27T09:22:22.103+0000] {logging_mixin.py:149} INFO - [2023-06-27T09:22:22.102+0000] {dag.py:3486} INFO - Setting next_dagrun for dataset_consumes_unknown_never_scheduled to None, run_after=None
[2023-06-27T09:22:22.113+0000] {logging_mixin.py:149} INFO - [2023-06-27T09:22:22.113+0000] {dag.py:3486} INFO - Setting next_dagrun for dataset_produces_1 to 2023-06-26T00:00:00+00:00, run_after=2023-06-27T00:00:00+00:00
[2023-06-27T09:22:22.119+0000] {logging_mixin.py:149} INFO - [2023-06-27T09:22:22.119+0000] {dag.py:3486} INFO - Setting next_dagrun for dataset_produces_2 to None, run_after=None
[2023-06-27T09:22:22.201+0000] {processor.py:179} INFO - Processing /home/airflow/.local/lib/python3.8/site-packages/airflow/example_dags/example_datasets.py took 0.287 seconds
[2023-06-27T09:22:52.800+0000] {processor.py:157} INFO - Started process (PID=343) to work on /home/airflow/.local/lib/python3.8/site-packages/airflow/example_dags/example_datasets.py
[2023-06-27T09:22:52.801+0000] {processor.py:826} INFO - Processing file /home/airflow/.local/lib/python3.8/site-packages/airflow/example_dags/example_datasets.py for tasks to queue
[2023-06-27T09:22:52.811+0000] {logging_mixin.py:149} INFO - [2023-06-27T09:22:52.811+0000] {dagbag.py:541} INFO - Filling up the DagBag from /home/airflow/.local/lib/python3.8/site-packages/airflow/example_dags/example_datasets.py
[2023-06-27T09:22:52.869+0000] {processor.py:836} INFO - DAG(s) dict_keys(['dataset_consumes_unknown_never_scheduled', 'dataset_produces_1', 'dataset_consumes_1_never_scheduled', 'dataset_consumes_1', 'dataset_consumes_1_and_2', 'dataset_produces_2']) retrieved from /home/airflow/.local/lib/python3.8/site-packages/airflow/example_dags/example_datasets.py
[2023-06-27T09:22:53.127+0000] {logging_mixin.py:149} INFO - [2023-06-27T09:22:53.127+0000] {dag.py:2726} INFO - Sync 6 DAGs
[2023-06-27T09:22:53.279+0000] {logging_mixin.py:149} INFO - [2023-06-27T09:22:53.279+0000] {dag.py:3486} INFO - Setting next_dagrun for dataset_consumes_1 to None, run_after=None
[2023-06-27T09:22:53.299+0000] {logging_mixin.py:149} INFO - [2023-06-27T09:22:53.299+0000] {dag.py:3486} INFO - Setting next_dagrun for dataset_consumes_1_and_2 to None, run_after=None
[2023-06-27T09:22:53.308+0000] {logging_mixin.py:149} INFO - [2023-06-27T09:22:53.307+0000] {dag.py:3486} INFO - Setting next_dagrun for dataset_consumes_1_never_scheduled to None, run_after=None
[2023-06-27T09:22:53.314+0000] {logging_mixin.py:149} INFO - [2023-06-27T09:22:53.314+0000] {dag.py:3486} INFO - Setting next_dagrun for dataset_consumes_unknown_never_scheduled to None, run_after=None
[2023-06-27T09:22:53.325+0000] {logging_mixin.py:149} INFO - [2023-06-27T09:22:53.325+0000] {dag.py:3486} INFO - Setting next_dagrun for dataset_produces_1 to 2023-06-26T00:00:00+00:00, run_after=2023-06-27T00:00:00+00:00
[2023-06-27T09:22:53.339+0000] {logging_mixin.py:149} INFO - [2023-06-27T09:22:53.339+0000] {dag.py:3486} INFO - Setting next_dagrun for dataset_produces_2 to None, run_after=None
[2023-06-27T09:22:53.547+0000] {processor.py:179} INFO - Processing /home/airflow/.local/lib/python3.8/site-packages/airflow/example_dags/example_datasets.py took 0.800 seconds
[2023-06-27T09:23:24.290+0000] {processor.py:157} INFO - Started process (PID=409) to work on /home/airflow/.local/lib/python3.8/site-packages/airflow/example_dags/example_datasets.py
[2023-06-27T09:23:24.296+0000] {processor.py:826} INFO - Processing file /home/airflow/.local/lib/python3.8/site-packages/airflow/example_dags/example_datasets.py for tasks to queue
[2023-06-27T09:23:24.297+0000] {logging_mixin.py:149} INFO - [2023-06-27T09:23:24.297+0000] {dagbag.py:541} INFO - Filling up the DagBag from /home/airflow/.local/lib/python3.8/site-packages/airflow/example_dags/example_datasets.py
[2023-06-27T09:23:24.342+0000] {processor.py:836} INFO - DAG(s) dict_keys(['dataset_consumes_1', 'dataset_consumes_1_and_2', 'dataset_produces_1', 'dataset_consumes_unknown_never_scheduled', 'dataset_produces_2', 'dataset_consumes_1_never_scheduled']) retrieved from /home/airflow/.local/lib/python3.8/site-packages/airflow/example_dags/example_datasets.py
[2023-06-27T09:23:24.440+0000] {logging_mixin.py:149} INFO - [2023-06-27T09:23:24.440+0000] {dag.py:2726} INFO - Sync 6 DAGs
[2023-06-27T09:23:24.471+0000] {logging_mixin.py:149} INFO - [2023-06-27T09:23:24.471+0000] {dag.py:3486} INFO - Setting next_dagrun for dataset_consumes_1 to None, run_after=None
[2023-06-27T09:23:24.475+0000] {logging_mixin.py:149} INFO - [2023-06-27T09:23:24.475+0000] {dag.py:3486} INFO - Setting next_dagrun for dataset_consumes_1_and_2 to None, run_after=None
[2023-06-27T09:23:24.476+0000] {logging_mixin.py:149} INFO - [2023-06-27T09:23:24.476+0000] {dag.py:3486} INFO - Setting next_dagrun for dataset_consumes_1_never_scheduled to None, run_after=None
[2023-06-27T09:23:24.477+0000] {logging_mixin.py:149} INFO - [2023-06-27T09:23:24.477+0000] {dag.py:3486} INFO - Setting next_dagrun for dataset_consumes_unknown_never_scheduled to None, run_after=None
[2023-06-27T09:23:24.481+0000] {logging_mixin.py:149} INFO - [2023-06-27T09:23:24.481+0000] {dag.py:3486} INFO - Setting next_dagrun for dataset_produces_1 to 2023-06-26T00:00:00+00:00, run_after=2023-06-27T00:00:00+00:00
[2023-06-27T09:23:24.482+0000] {logging_mixin.py:149} INFO - [2023-06-27T09:23:24.482+0000] {dag.py:3486} INFO - Setting next_dagrun for dataset_produces_2 to None, run_after=None
[2023-06-27T09:23:24.533+0000] {processor.py:179} INFO - Processing /home/airflow/.local/lib/python3.8/site-packages/airflow/example_dags/example_datasets.py took 0.260 seconds
[2023-06-27T09:23:55.133+0000] {processor.py:157} INFO - Started process (PID=473) to work on /home/airflow/.local/lib/python3.8/site-packages/airflow/example_dags/example_datasets.py
[2023-06-27T09:23:55.134+0000] {processor.py:826} INFO - Processing file /home/airflow/.local/lib/python3.8/site-packages/airflow/example_dags/example_datasets.py for tasks to queue
[2023-06-27T09:23:55.138+0000] {logging_mixin.py:149} INFO - [2023-06-27T09:23:55.138+0000] {dagbag.py:541} INFO - Filling up the DagBag from /home/airflow/.local/lib/python3.8/site-packages/airflow/example_dags/example_datasets.py
[2023-06-27T09:23:55.164+0000] {processor.py:836} INFO - DAG(s) dict_keys(['dataset_produces_2', 'dataset_produces_1', 'dataset_consumes_1_and_2', 'dataset_consumes_1_never_scheduled', 'dataset_consumes_1', 'dataset_consumes_unknown_never_scheduled']) retrieved from /home/airflow/.local/lib/python3.8/site-packages/airflow/example_dags/example_datasets.py
[2023-06-27T09:23:55.298+0000] {logging_mixin.py:149} INFO - [2023-06-27T09:23:55.297+0000] {dag.py:2726} INFO - Sync 6 DAGs
[2023-06-27T09:23:55.389+0000] {logging_mixin.py:149} INFO - [2023-06-27T09:23:55.389+0000] {dag.py:3486} INFO - Setting next_dagrun for dataset_consumes_1 to None, run_after=None
[2023-06-27T09:23:55.399+0000] {logging_mixin.py:149} INFO - [2023-06-27T09:23:55.399+0000] {dag.py:3486} INFO - Setting next_dagrun for dataset_consumes_1_and_2 to None, run_after=None
[2023-06-27T09:23:55.401+0000] {logging_mixin.py:149} INFO - [2023-06-27T09:23:55.400+0000] {dag.py:3486} INFO - Setting next_dagrun for dataset_consumes_1_never_scheduled to None, run_after=None
[2023-06-27T09:23:55.402+0000] {logging_mixin.py:149} INFO - [2023-06-27T09:23:55.402+0000] {dag.py:3486} INFO - Setting next_dagrun for dataset_consumes_unknown_never_scheduled to None, run_after=None
[2023-06-27T09:23:55.413+0000] {logging_mixin.py:149} INFO - [2023-06-27T09:23:55.413+0000] {dag.py:3486} INFO - Setting next_dagrun for dataset_produces_1 to 2023-06-26T00:00:00+00:00, run_after=2023-06-27T00:00:00+00:00
[2023-06-27T09:23:55.415+0000] {logging_mixin.py:149} INFO - [2023-06-27T09:23:55.414+0000] {dag.py:3486} INFO - Setting next_dagrun for dataset_produces_2 to None, run_after=None
[2023-06-27T09:23:55.486+0000] {processor.py:179} INFO - Processing /home/airflow/.local/lib/python3.8/site-packages/airflow/example_dags/example_datasets.py took 0.359 seconds
[2023-06-27T09:25:53.117+0000] {processor.py:157} INFO - Started process (PID=70) to work on /home/airflow/.local/lib/python3.8/site-packages/airflow/example_dags/example_datasets.py
[2023-06-27T09:25:53.127+0000] {processor.py:826} INFO - Processing file /home/airflow/.local/lib/python3.8/site-packages/airflow/example_dags/example_datasets.py for tasks to queue
[2023-06-27T09:25:53.128+0000] {logging_mixin.py:149} INFO - [2023-06-27T09:25:53.127+0000] {dagbag.py:541} INFO - Filling up the DagBag from /home/airflow/.local/lib/python3.8/site-packages/airflow/example_dags/example_datasets.py
[2023-06-27T09:25:53.167+0000] {processor.py:836} INFO - DAG(s) dict_keys(['dataset_consumes_1', 'dataset_consumes_1_never_scheduled', 'dataset_consumes_unknown_never_scheduled', 'dataset_produces_1', 'dataset_produces_2', 'dataset_consumes_1_and_2']) retrieved from /home/airflow/.local/lib/python3.8/site-packages/airflow/example_dags/example_datasets.py
[2023-06-27T09:25:53.611+0000] {logging_mixin.py:149} INFO - [2023-06-27T09:25:53.610+0000] {dag.py:2726} INFO - Sync 6 DAGs
[2023-06-27T09:25:53.673+0000] {logging_mixin.py:149} INFO - [2023-06-27T09:25:53.673+0000] {dag.py:3486} INFO - Setting next_dagrun for dataset_consumes_1 to None, run_after=None
[2023-06-27T09:25:53.676+0000] {logging_mixin.py:149} INFO - [2023-06-27T09:25:53.676+0000] {dag.py:3486} INFO - Setting next_dagrun for dataset_consumes_1_and_2 to None, run_after=None
[2023-06-27T09:25:53.678+0000] {logging_mixin.py:149} INFO - [2023-06-27T09:25:53.677+0000] {dag.py:3486} INFO - Setting next_dagrun for dataset_consumes_1_never_scheduled to None, run_after=None
[2023-06-27T09:25:53.679+0000] {logging_mixin.py:149} INFO - [2023-06-27T09:25:53.679+0000] {dag.py:3486} INFO - Setting next_dagrun for dataset_consumes_unknown_never_scheduled to None, run_after=None
[2023-06-27T09:25:53.691+0000] {logging_mixin.py:149} INFO - [2023-06-27T09:25:53.690+0000] {dag.py:3486} INFO - Setting next_dagrun for dataset_produces_1 to 2023-06-26T00:00:00+00:00, run_after=2023-06-27T00:00:00+00:00
[2023-06-27T09:25:53.707+0000] {logging_mixin.py:149} INFO - [2023-06-27T09:25:53.706+0000] {dag.py:3486} INFO - Setting next_dagrun for dataset_produces_2 to None, run_after=None
[2023-06-27T09:25:53.799+0000] {processor.py:179} INFO - Processing /home/airflow/.local/lib/python3.8/site-packages/airflow/example_dags/example_datasets.py took 0.696 seconds
[2023-06-27T09:26:24.022+0000] {processor.py:157} INFO - Started process (PID=133) to work on /home/airflow/.local/lib/python3.8/site-packages/airflow/example_dags/example_datasets.py
[2023-06-27T09:26:24.039+0000] {processor.py:826} INFO - Processing file /home/airflow/.local/lib/python3.8/site-packages/airflow/example_dags/example_datasets.py for tasks to queue
[2023-06-27T09:26:24.041+0000] {logging_mixin.py:149} INFO - [2023-06-27T09:26:24.041+0000] {dagbag.py:541} INFO - Filling up the DagBag from /home/airflow/.local/lib/python3.8/site-packages/airflow/example_dags/example_datasets.py
[2023-06-27T09:26:24.078+0000] {processor.py:836} INFO - DAG(s) dict_keys(['dataset_consumes_unknown_never_scheduled', 'dataset_consumes_1_never_scheduled', 'dataset_consumes_1', 'dataset_produces_2', 'dataset_consumes_1_and_2', 'dataset_produces_1']) retrieved from /home/airflow/.local/lib/python3.8/site-packages/airflow/example_dags/example_datasets.py
[2023-06-27T09:26:24.183+0000] {logging_mixin.py:149} INFO - [2023-06-27T09:26:24.182+0000] {dag.py:2726} INFO - Sync 6 DAGs
[2023-06-27T09:26:24.251+0000] {logging_mixin.py:149} INFO - [2023-06-27T09:26:24.251+0000] {dag.py:3486} INFO - Setting next_dagrun for dataset_consumes_1 to None, run_after=None
[2023-06-27T09:26:24.255+0000] {logging_mixin.py:149} INFO - [2023-06-27T09:26:24.255+0000] {dag.py:3486} INFO - Setting next_dagrun for dataset_consumes_1_and_2 to None, run_after=None
[2023-06-27T09:26:24.259+0000] {logging_mixin.py:149} INFO - [2023-06-27T09:26:24.259+0000] {dag.py:3486} INFO - Setting next_dagrun for dataset_consumes_1_never_scheduled to None, run_after=None
[2023-06-27T09:26:24.260+0000] {logging_mixin.py:149} INFO - [2023-06-27T09:26:24.260+0000] {dag.py:3486} INFO - Setting next_dagrun for dataset_consumes_unknown_never_scheduled to None, run_after=None
[2023-06-27T09:26:24.265+0000] {logging_mixin.py:149} INFO - [2023-06-27T09:26:24.265+0000] {dag.py:3486} INFO - Setting next_dagrun for dataset_produces_1 to 2023-06-26T00:00:00+00:00, run_after=2023-06-27T00:00:00+00:00
[2023-06-27T09:26:24.267+0000] {logging_mixin.py:149} INFO - [2023-06-27T09:26:24.267+0000] {dag.py:3486} INFO - Setting next_dagrun for dataset_produces_2 to None, run_after=None
[2023-06-27T09:26:24.359+0000] {processor.py:179} INFO - Processing /home/airflow/.local/lib/python3.8/site-packages/airflow/example_dags/example_datasets.py took 0.342 seconds
[2023-06-27T09:26:55.921+0000] {processor.py:157} INFO - Started process (PID=201) to work on /home/airflow/.local/lib/python3.8/site-packages/airflow/example_dags/example_datasets.py
[2023-06-27T09:26:55.971+0000] {processor.py:826} INFO - Processing file /home/airflow/.local/lib/python3.8/site-packages/airflow/example_dags/example_datasets.py for tasks to queue
[2023-06-27T09:26:55.975+0000] {logging_mixin.py:149} INFO - [2023-06-27T09:26:55.975+0000] {dagbag.py:541} INFO - Filling up the DagBag from /home/airflow/.local/lib/python3.8/site-packages/airflow/example_dags/example_datasets.py
[2023-06-27T09:26:56.037+0000] {processor.py:836} INFO - DAG(s) dict_keys(['dataset_consumes_1_and_2', 'dataset_consumes_1_never_scheduled', 'dataset_consumes_1', 'dataset_produces_2', 'dataset_consumes_unknown_never_scheduled', 'dataset_produces_1']) retrieved from /home/airflow/.local/lib/python3.8/site-packages/airflow/example_dags/example_datasets.py
[2023-06-27T09:26:56.271+0000] {logging_mixin.py:149} INFO - [2023-06-27T09:26:56.271+0000] {dag.py:2726} INFO - Sync 6 DAGs
[2023-06-27T09:26:56.388+0000] {logging_mixin.py:149} INFO - [2023-06-27T09:26:56.388+0000] {dag.py:3486} INFO - Setting next_dagrun for dataset_consumes_1 to None, run_after=None
[2023-06-27T09:26:56.407+0000] {logging_mixin.py:149} INFO - [2023-06-27T09:26:56.407+0000] {dag.py:3486} INFO - Setting next_dagrun for dataset_consumes_1_and_2 to None, run_after=None
[2023-06-27T09:26:56.410+0000] {logging_mixin.py:149} INFO - [2023-06-27T09:26:56.410+0000] {dag.py:3486} INFO - Setting next_dagrun for dataset_consumes_1_never_scheduled to None, run_after=None
[2023-06-27T09:26:56.413+0000] {logging_mixin.py:149} INFO - [2023-06-27T09:26:56.413+0000] {dag.py:3486} INFO - Setting next_dagrun for dataset_consumes_unknown_never_scheduled to None, run_after=None
[2023-06-27T09:26:56.424+0000] {logging_mixin.py:149} INFO - [2023-06-27T09:26:56.424+0000] {dag.py:3486} INFO - Setting next_dagrun for dataset_produces_1 to 2023-06-26T00:00:00+00:00, run_after=2023-06-27T00:00:00+00:00
[2023-06-27T09:26:56.444+0000] {logging_mixin.py:149} INFO - [2023-06-27T09:26:56.443+0000] {dag.py:3486} INFO - Setting next_dagrun for dataset_produces_2 to None, run_after=None
[2023-06-27T09:26:56.547+0000] {processor.py:179} INFO - Processing /home/airflow/.local/lib/python3.8/site-packages/airflow/example_dags/example_datasets.py took 0.658 seconds
[2023-06-27T09:27:28.006+0000] {processor.py:157} INFO - Started process (PID=272) to work on /home/airflow/.local/lib/python3.8/site-packages/airflow/example_dags/example_datasets.py
[2023-06-27T09:27:28.016+0000] {processor.py:826} INFO - Processing file /home/airflow/.local/lib/python3.8/site-packages/airflow/example_dags/example_datasets.py for tasks to queue
[2023-06-27T09:27:28.037+0000] {logging_mixin.py:149} INFO - [2023-06-27T09:27:28.036+0000] {dagbag.py:541} INFO - Filling up the DagBag from /home/airflow/.local/lib/python3.8/site-packages/airflow/example_dags/example_datasets.py
[2023-06-27T09:27:28.086+0000] {processor.py:836} INFO - DAG(s) dict_keys(['dataset_consumes_1', 'dataset_consumes_1_never_scheduled', 'dataset_produces_1', 'dataset_consumes_1_and_2', 'dataset_consumes_unknown_never_scheduled', 'dataset_produces_2']) retrieved from /home/airflow/.local/lib/python3.8/site-packages/airflow/example_dags/example_datasets.py
[2023-06-27T09:27:28.368+0000] {logging_mixin.py:149} INFO - [2023-06-27T09:27:28.367+0000] {dag.py:2726} INFO - Sync 6 DAGs
[2023-06-27T09:27:28.431+0000] {logging_mixin.py:149} INFO - [2023-06-27T09:27:28.431+0000] {dag.py:3486} INFO - Setting next_dagrun for dataset_consumes_1 to None, run_after=None
[2023-06-27T09:27:28.436+0000] {logging_mixin.py:149} INFO - [2023-06-27T09:27:28.435+0000] {dag.py:3486} INFO - Setting next_dagrun for dataset_consumes_1_and_2 to None, run_after=None
[2023-06-27T09:27:28.439+0000] {logging_mixin.py:149} INFO - [2023-06-27T09:27:28.439+0000] {dag.py:3486} INFO - Setting next_dagrun for dataset_consumes_1_never_scheduled to None, run_after=None
[2023-06-27T09:27:28.440+0000] {logging_mixin.py:149} INFO - [2023-06-27T09:27:28.440+0000] {dag.py:3486} INFO - Setting next_dagrun for dataset_consumes_unknown_never_scheduled to None, run_after=None
[2023-06-27T09:27:28.453+0000] {logging_mixin.py:149} INFO - [2023-06-27T09:27:28.453+0000] {dag.py:3486} INFO - Setting next_dagrun for dataset_produces_1 to 2023-06-26T00:00:00+00:00, run_after=2023-06-27T00:00:00+00:00
[2023-06-27T09:27:28.455+0000] {logging_mixin.py:149} INFO - [2023-06-27T09:27:28.455+0000] {dag.py:3486} INFO - Setting next_dagrun for dataset_produces_2 to None, run_after=None
[2023-06-27T09:27:28.537+0000] {processor.py:179} INFO - Processing /home/airflow/.local/lib/python3.8/site-packages/airflow/example_dags/example_datasets.py took 0.570 seconds
[2023-06-27T09:27:58.833+0000] {processor.py:157} INFO - Started process (PID=339) to work on /home/airflow/.local/lib/python3.8/site-packages/airflow/example_dags/example_datasets.py
[2023-06-27T09:27:58.834+0000] {processor.py:826} INFO - Processing file /home/airflow/.local/lib/python3.8/site-packages/airflow/example_dags/example_datasets.py for tasks to queue
[2023-06-27T09:27:58.839+0000] {logging_mixin.py:149} INFO - [2023-06-27T09:27:58.839+0000] {dagbag.py:541} INFO - Filling up the DagBag from /home/airflow/.local/lib/python3.8/site-packages/airflow/example_dags/example_datasets.py
[2023-06-27T09:27:58.856+0000] {processor.py:836} INFO - DAG(s) dict_keys(['dataset_consumes_1_and_2', 'dataset_produces_2', 'dataset_consumes_1_never_scheduled', 'dataset_consumes_1', 'dataset_produces_1', 'dataset_consumes_unknown_never_scheduled']) retrieved from /home/airflow/.local/lib/python3.8/site-packages/airflow/example_dags/example_datasets.py
[2023-06-27T09:27:58.903+0000] {logging_mixin.py:149} INFO - [2023-06-27T09:27:58.903+0000] {dag.py:2726} INFO - Sync 6 DAGs
[2023-06-27T09:27:58.933+0000] {logging_mixin.py:149} INFO - [2023-06-27T09:27:58.933+0000] {dag.py:3486} INFO - Setting next_dagrun for dataset_consumes_1 to None, run_after=None
[2023-06-27T09:27:58.936+0000] {logging_mixin.py:149} INFO - [2023-06-27T09:27:58.936+0000] {dag.py:3486} INFO - Setting next_dagrun for dataset_consumes_1_and_2 to None, run_after=None
[2023-06-27T09:27:58.938+0000] {logging_mixin.py:149} INFO - [2023-06-27T09:27:58.937+0000] {dag.py:3486} INFO - Setting next_dagrun for dataset_consumes_1_never_scheduled to None, run_after=None
[2023-06-27T09:27:58.939+0000] {logging_mixin.py:149} INFO - [2023-06-27T09:27:58.939+0000] {dag.py:3486} INFO - Setting next_dagrun for dataset_consumes_unknown_never_scheduled to None, run_after=None
[2023-06-27T09:27:58.942+0000] {logging_mixin.py:149} INFO - [2023-06-27T09:27:58.942+0000] {dag.py:3486} INFO - Setting next_dagrun for dataset_produces_1 to 2023-06-26T00:00:00+00:00, run_after=2023-06-27T00:00:00+00:00
[2023-06-27T09:27:58.943+0000] {logging_mixin.py:149} INFO - [2023-06-27T09:27:58.943+0000] {dag.py:3486} INFO - Setting next_dagrun for dataset_produces_2 to None, run_after=None
[2023-06-27T09:27:58.986+0000] {processor.py:179} INFO - Processing /home/airflow/.local/lib/python3.8/site-packages/airflow/example_dags/example_datasets.py took 0.158 seconds
[2023-06-27T09:28:29.232+0000] {processor.py:157} INFO - Started process (PID=408) to work on /home/airflow/.local/lib/python3.8/site-packages/airflow/example_dags/example_datasets.py
[2023-06-27T09:28:29.233+0000] {processor.py:826} INFO - Processing file /home/airflow/.local/lib/python3.8/site-packages/airflow/example_dags/example_datasets.py for tasks to queue
[2023-06-27T09:28:29.235+0000] {logging_mixin.py:149} INFO - [2023-06-27T09:28:29.235+0000] {dagbag.py:541} INFO - Filling up the DagBag from /home/airflow/.local/lib/python3.8/site-packages/airflow/example_dags/example_datasets.py
[2023-06-27T09:28:29.249+0000] {processor.py:836} INFO - DAG(s) dict_keys(['dataset_consumes_1_and_2', 'dataset_consumes_1_never_scheduled', 'dataset_consumes_1', 'dataset_produces_1', 'dataset_consumes_unknown_never_scheduled', 'dataset_produces_2']) retrieved from /home/airflow/.local/lib/python3.8/site-packages/airflow/example_dags/example_datasets.py
[2023-06-27T09:28:29.299+0000] {logging_mixin.py:149} INFO - [2023-06-27T09:28:29.298+0000] {dag.py:2726} INFO - Sync 6 DAGs
[2023-06-27T09:28:29.331+0000] {logging_mixin.py:149} INFO - [2023-06-27T09:28:29.331+0000] {dag.py:3486} INFO - Setting next_dagrun for dataset_consumes_1 to None, run_after=None
[2023-06-27T09:28:29.335+0000] {logging_mixin.py:149} INFO - [2023-06-27T09:28:29.335+0000] {dag.py:3486} INFO - Setting next_dagrun for dataset_consumes_1_and_2 to None, run_after=None
[2023-06-27T09:28:29.336+0000] {logging_mixin.py:149} INFO - [2023-06-27T09:28:29.336+0000] {dag.py:3486} INFO - Setting next_dagrun for dataset_consumes_1_never_scheduled to None, run_after=None
[2023-06-27T09:28:29.338+0000] {logging_mixin.py:149} INFO - [2023-06-27T09:28:29.338+0000] {dag.py:3486} INFO - Setting next_dagrun for dataset_consumes_unknown_never_scheduled to None, run_after=None
[2023-06-27T09:28:29.341+0000] {logging_mixin.py:149} INFO - [2023-06-27T09:28:29.341+0000] {dag.py:3486} INFO - Setting next_dagrun for dataset_produces_1 to 2023-06-26T00:00:00+00:00, run_after=2023-06-27T00:00:00+00:00
[2023-06-27T09:28:29.343+0000] {logging_mixin.py:149} INFO - [2023-06-27T09:28:29.343+0000] {dag.py:3486} INFO - Setting next_dagrun for dataset_produces_2 to None, run_after=None
[2023-06-27T09:28:29.382+0000] {processor.py:179} INFO - Processing /home/airflow/.local/lib/python3.8/site-packages/airflow/example_dags/example_datasets.py took 0.154 seconds
[2023-06-27T09:28:59.412+0000] {processor.py:157} INFO - Started process (PID=474) to work on /home/airflow/.local/lib/python3.8/site-packages/airflow/example_dags/example_datasets.py
[2023-06-27T09:28:59.414+0000] {processor.py:826} INFO - Processing file /home/airflow/.local/lib/python3.8/site-packages/airflow/example_dags/example_datasets.py for tasks to queue
[2023-06-27T09:28:59.416+0000] {logging_mixin.py:149} INFO - [2023-06-27T09:28:59.416+0000] {dagbag.py:541} INFO - Filling up the DagBag from /home/airflow/.local/lib/python3.8/site-packages/airflow/example_dags/example_datasets.py
[2023-06-27T09:28:59.428+0000] {processor.py:836} INFO - DAG(s) dict_keys(['dataset_produces_1', 'dataset_consumes_1_never_scheduled', 'dataset_consumes_1_and_2', 'dataset_consumes_unknown_never_scheduled', 'dataset_produces_2', 'dataset_consumes_1']) retrieved from /home/airflow/.local/lib/python3.8/site-packages/airflow/example_dags/example_datasets.py
[2023-06-27T09:28:59.489+0000] {logging_mixin.py:149} INFO - [2023-06-27T09:28:59.488+0000] {dag.py:2726} INFO - Sync 6 DAGs
[2023-06-27T09:28:59.518+0000] {logging_mixin.py:149} INFO - [2023-06-27T09:28:59.518+0000] {dag.py:3486} INFO - Setting next_dagrun for dataset_consumes_1 to None, run_after=None
[2023-06-27T09:28:59.522+0000] {logging_mixin.py:149} INFO - [2023-06-27T09:28:59.522+0000] {dag.py:3486} INFO - Setting next_dagrun for dataset_consumes_1_and_2 to None, run_after=None
[2023-06-27T09:28:59.523+0000] {logging_mixin.py:149} INFO - [2023-06-27T09:28:59.523+0000] {dag.py:3486} INFO - Setting next_dagrun for dataset_consumes_1_never_scheduled to None, run_after=None
[2023-06-27T09:28:59.524+0000] {logging_mixin.py:149} INFO - [2023-06-27T09:28:59.524+0000] {dag.py:3486} INFO - Setting next_dagrun for dataset_consumes_unknown_never_scheduled to None, run_after=None
[2023-06-27T09:28:59.528+0000] {logging_mixin.py:149} INFO - [2023-06-27T09:28:59.528+0000] {dag.py:3486} INFO - Setting next_dagrun for dataset_produces_1 to 2023-06-26T00:00:00+00:00, run_after=2023-06-27T00:00:00+00:00
[2023-06-27T09:28:59.529+0000] {logging_mixin.py:149} INFO - [2023-06-27T09:28:59.529+0000] {dag.py:3486} INFO - Setting next_dagrun for dataset_produces_2 to None, run_after=None
[2023-06-27T09:28:59.567+0000] {processor.py:179} INFO - Processing /home/airflow/.local/lib/python3.8/site-packages/airflow/example_dags/example_datasets.py took 0.159 seconds
[2023-06-27T09:29:30.320+0000] {processor.py:157} INFO - Started process (PID=551) to work on /home/airflow/.local/lib/python3.8/site-packages/airflow/example_dags/example_datasets.py
[2023-06-27T09:29:30.327+0000] {processor.py:826} INFO - Processing file /home/airflow/.local/lib/python3.8/site-packages/airflow/example_dags/example_datasets.py for tasks to queue
[2023-06-27T09:29:30.329+0000] {logging_mixin.py:149} INFO - [2023-06-27T09:29:30.328+0000] {dagbag.py:541} INFO - Filling up the DagBag from /home/airflow/.local/lib/python3.8/site-packages/airflow/example_dags/example_datasets.py
[2023-06-27T09:29:30.349+0000] {processor.py:836} INFO - DAG(s) dict_keys(['dataset_consumes_1_never_scheduled', 'dataset_produces_1', 'dataset_consumes_1', 'dataset_produces_2', 'dataset_consumes_unknown_never_scheduled', 'dataset_consumes_1_and_2']) retrieved from /home/airflow/.local/lib/python3.8/site-packages/airflow/example_dags/example_datasets.py
[2023-06-27T09:29:30.435+0000] {logging_mixin.py:149} INFO - [2023-06-27T09:29:30.435+0000] {dag.py:2726} INFO - Sync 6 DAGs
[2023-06-27T09:29:30.464+0000] {logging_mixin.py:149} INFO - [2023-06-27T09:29:30.464+0000] {dag.py:3486} INFO - Setting next_dagrun for dataset_consumes_1 to None, run_after=None
[2023-06-27T09:29:30.468+0000] {logging_mixin.py:149} INFO - [2023-06-27T09:29:30.468+0000] {dag.py:3486} INFO - Setting next_dagrun for dataset_consumes_1_and_2 to None, run_after=None
[2023-06-27T09:29:30.469+0000] {logging_mixin.py:149} INFO - [2023-06-27T09:29:30.469+0000] {dag.py:3486} INFO - Setting next_dagrun for dataset_consumes_1_never_scheduled to None, run_after=None
[2023-06-27T09:29:30.471+0000] {logging_mixin.py:149} INFO - [2023-06-27T09:29:30.470+0000] {dag.py:3486} INFO - Setting next_dagrun for dataset_consumes_unknown_never_scheduled to None, run_after=None
[2023-06-27T09:29:30.474+0000] {logging_mixin.py:149} INFO - [2023-06-27T09:29:30.474+0000] {dag.py:3486} INFO - Setting next_dagrun for dataset_produces_1 to 2023-06-26T00:00:00+00:00, run_after=2023-06-27T00:00:00+00:00
[2023-06-27T09:29:30.475+0000] {logging_mixin.py:149} INFO - [2023-06-27T09:29:30.475+0000] {dag.py:3486} INFO - Setting next_dagrun for dataset_produces_2 to None, run_after=None
[2023-06-27T09:29:30.540+0000] {processor.py:179} INFO - Processing /home/airflow/.local/lib/python3.8/site-packages/airflow/example_dags/example_datasets.py took 0.236 seconds
[2023-06-27T09:30:01.040+0000] {processor.py:157} INFO - Started process (PID=617) to work on /home/airflow/.local/lib/python3.8/site-packages/airflow/example_dags/example_datasets.py
[2023-06-27T09:30:01.042+0000] {processor.py:826} INFO - Processing file /home/airflow/.local/lib/python3.8/site-packages/airflow/example_dags/example_datasets.py for tasks to queue
[2023-06-27T09:30:01.048+0000] {logging_mixin.py:149} INFO - [2023-06-27T09:30:01.048+0000] {dagbag.py:541} INFO - Filling up the DagBag from /home/airflow/.local/lib/python3.8/site-packages/airflow/example_dags/example_datasets.py
[2023-06-27T09:30:01.073+0000] {processor.py:836} INFO - DAG(s) dict_keys(['dataset_consumes_1', 'dataset_produces_2', 'dataset_produces_1', 'dataset_consumes_unknown_never_scheduled', 'dataset_consumes_1_never_scheduled', 'dataset_consumes_1_and_2']) retrieved from /home/airflow/.local/lib/python3.8/site-packages/airflow/example_dags/example_datasets.py
[2023-06-27T09:30:01.173+0000] {logging_mixin.py:149} INFO - [2023-06-27T09:30:01.173+0000] {dag.py:2726} INFO - Sync 6 DAGs
[2023-06-27T09:30:01.239+0000] {logging_mixin.py:149} INFO - [2023-06-27T09:30:01.239+0000] {dag.py:3486} INFO - Setting next_dagrun for dataset_consumes_1 to None, run_after=None
[2023-06-27T09:30:01.248+0000] {logging_mixin.py:149} INFO - [2023-06-27T09:30:01.248+0000] {dag.py:3486} INFO - Setting next_dagrun for dataset_consumes_1_and_2 to None, run_after=None
[2023-06-27T09:30:01.249+0000] {logging_mixin.py:149} INFO - [2023-06-27T09:30:01.249+0000] {dag.py:3486} INFO - Setting next_dagrun for dataset_consumes_1_never_scheduled to None, run_after=None
[2023-06-27T09:30:01.255+0000] {logging_mixin.py:149} INFO - [2023-06-27T09:30:01.255+0000] {dag.py:3486} INFO - Setting next_dagrun for dataset_consumes_unknown_never_scheduled to None, run_after=None
[2023-06-27T09:30:01.259+0000] {logging_mixin.py:149} INFO - [2023-06-27T09:30:01.258+0000] {dag.py:3486} INFO - Setting next_dagrun for dataset_produces_1 to 2023-06-26T00:00:00+00:00, run_after=2023-06-27T00:00:00+00:00
[2023-06-27T09:30:01.263+0000] {logging_mixin.py:149} INFO - [2023-06-27T09:30:01.263+0000] {dag.py:3486} INFO - Setting next_dagrun for dataset_produces_2 to None, run_after=None
[2023-06-27T09:30:01.336+0000] {processor.py:179} INFO - Processing /home/airflow/.local/lib/python3.8/site-packages/airflow/example_dags/example_datasets.py took 0.305 seconds
[2023-06-27T09:30:32.242+0000] {processor.py:157} INFO - Started process (PID=688) to work on /home/airflow/.local/lib/python3.8/site-packages/airflow/example_dags/example_datasets.py
[2023-06-27T09:30:32.243+0000] {processor.py:826} INFO - Processing file /home/airflow/.local/lib/python3.8/site-packages/airflow/example_dags/example_datasets.py for tasks to queue
[2023-06-27T09:30:32.245+0000] {logging_mixin.py:149} INFO - [2023-06-27T09:30:32.245+0000] {dagbag.py:541} INFO - Filling up the DagBag from /home/airflow/.local/lib/python3.8/site-packages/airflow/example_dags/example_datasets.py
[2023-06-27T09:30:32.257+0000] {processor.py:836} INFO - DAG(s) dict_keys(['dataset_consumes_1_and_2', 'dataset_produces_2', 'dataset_consumes_unknown_never_scheduled', 'dataset_consumes_1_never_scheduled', 'dataset_consumes_1', 'dataset_produces_1']) retrieved from /home/airflow/.local/lib/python3.8/site-packages/airflow/example_dags/example_datasets.py
[2023-06-27T09:30:32.308+0000] {logging_mixin.py:149} INFO - [2023-06-27T09:30:32.308+0000] {dag.py:2726} INFO - Sync 6 DAGs
[2023-06-27T09:30:32.337+0000] {logging_mixin.py:149} INFO - [2023-06-27T09:30:32.337+0000] {dag.py:3486} INFO - Setting next_dagrun for dataset_consumes_1 to None, run_after=None
[2023-06-27T09:30:32.341+0000] {logging_mixin.py:149} INFO - [2023-06-27T09:30:32.340+0000] {dag.py:3486} INFO - Setting next_dagrun for dataset_consumes_1_and_2 to None, run_after=None
[2023-06-27T09:30:32.342+0000] {logging_mixin.py:149} INFO - [2023-06-27T09:30:32.342+0000] {dag.py:3486} INFO - Setting next_dagrun for dataset_consumes_1_never_scheduled to None, run_after=None
[2023-06-27T09:30:32.344+0000] {logging_mixin.py:149} INFO - [2023-06-27T09:30:32.344+0000] {dag.py:3486} INFO - Setting next_dagrun for dataset_consumes_unknown_never_scheduled to None, run_after=None
[2023-06-27T09:30:32.347+0000] {logging_mixin.py:149} INFO - [2023-06-27T09:30:32.347+0000] {dag.py:3486} INFO - Setting next_dagrun for dataset_produces_1 to 2023-06-26T00:00:00+00:00, run_after=2023-06-27T00:00:00+00:00
[2023-06-27T09:30:32.349+0000] {logging_mixin.py:149} INFO - [2023-06-27T09:30:32.348+0000] {dag.py:3486} INFO - Setting next_dagrun for dataset_produces_2 to None, run_after=None
[2023-06-27T09:30:32.389+0000] {processor.py:179} INFO - Processing /home/airflow/.local/lib/python3.8/site-packages/airflow/example_dags/example_datasets.py took 0.152 seconds
[2023-06-27T09:31:03.126+0000] {processor.py:157} INFO - Started process (PID=766) to work on /home/airflow/.local/lib/python3.8/site-packages/airflow/example_dags/example_datasets.py
[2023-06-27T09:31:03.127+0000] {processor.py:826} INFO - Processing file /home/airflow/.local/lib/python3.8/site-packages/airflow/example_dags/example_datasets.py for tasks to queue
[2023-06-27T09:31:03.129+0000] {logging_mixin.py:149} INFO - [2023-06-27T09:31:03.129+0000] {dagbag.py:541} INFO - Filling up the DagBag from /home/airflow/.local/lib/python3.8/site-packages/airflow/example_dags/example_datasets.py
[2023-06-27T09:31:03.158+0000] {processor.py:836} INFO - DAG(s) dict_keys(['dataset_consumes_1_and_2', 'dataset_produces_2', 'dataset_produces_1', 'dataset_consumes_1_never_scheduled', 'dataset_consumes_1', 'dataset_consumes_unknown_never_scheduled']) retrieved from /home/airflow/.local/lib/python3.8/site-packages/airflow/example_dags/example_datasets.py
[2023-06-27T09:31:03.213+0000] {logging_mixin.py:149} INFO - [2023-06-27T09:31:03.213+0000] {dag.py:2726} INFO - Sync 6 DAGs
[2023-06-27T09:31:03.243+0000] {logging_mixin.py:149} INFO - [2023-06-27T09:31:03.243+0000] {dag.py:3486} INFO - Setting next_dagrun for dataset_consumes_1 to None, run_after=None
[2023-06-27T09:31:03.247+0000] {logging_mixin.py:149} INFO - [2023-06-27T09:31:03.247+0000] {dag.py:3486} INFO - Setting next_dagrun for dataset_consumes_1_and_2 to None, run_after=None
[2023-06-27T09:31:03.248+0000] {logging_mixin.py:149} INFO - [2023-06-27T09:31:03.248+0000] {dag.py:3486} INFO - Setting next_dagrun for dataset_consumes_1_never_scheduled to None, run_after=None
[2023-06-27T09:31:03.249+0000] {logging_mixin.py:149} INFO - [2023-06-27T09:31:03.249+0000] {dag.py:3486} INFO - Setting next_dagrun for dataset_consumes_unknown_never_scheduled to None, run_after=None
[2023-06-27T09:31:03.253+0000] {logging_mixin.py:149} INFO - [2023-06-27T09:31:03.252+0000] {dag.py:3486} INFO - Setting next_dagrun for dataset_produces_1 to 2023-06-26T00:00:00+00:00, run_after=2023-06-27T00:00:00+00:00
[2023-06-27T09:31:03.254+0000] {logging_mixin.py:149} INFO - [2023-06-27T09:31:03.254+0000] {dag.py:3486} INFO - Setting next_dagrun for dataset_produces_2 to None, run_after=None
[2023-06-27T09:31:03.294+0000] {processor.py:179} INFO - Processing /home/airflow/.local/lib/python3.8/site-packages/airflow/example_dags/example_datasets.py took 0.179 seconds
[2023-06-27T09:31:33.960+0000] {processor.py:157} INFO - Started process (PID=832) to work on /home/airflow/.local/lib/python3.8/site-packages/airflow/example_dags/example_datasets.py
[2023-06-27T09:31:33.975+0000] {processor.py:826} INFO - Processing file /home/airflow/.local/lib/python3.8/site-packages/airflow/example_dags/example_datasets.py for tasks to queue
[2023-06-27T09:31:33.977+0000] {logging_mixin.py:149} INFO - [2023-06-27T09:31:33.976+0000] {dagbag.py:541} INFO - Filling up the DagBag from /home/airflow/.local/lib/python3.8/site-packages/airflow/example_dags/example_datasets.py
[2023-06-27T09:31:34.017+0000] {processor.py:836} INFO - DAG(s) dict_keys(['dataset_consumes_unknown_never_scheduled', 'dataset_produces_1', 'dataset_produces_2', 'dataset_consumes_1_and_2', 'dataset_consumes_1_never_scheduled', 'dataset_consumes_1']) retrieved from /home/airflow/.local/lib/python3.8/site-packages/airflow/example_dags/example_datasets.py
[2023-06-27T09:31:34.167+0000] {logging_mixin.py:149} INFO - [2023-06-27T09:31:34.167+0000] {dag.py:2726} INFO - Sync 6 DAGs
[2023-06-27T09:31:34.304+0000] {logging_mixin.py:149} INFO - [2023-06-27T09:31:34.304+0000] {dag.py:3486} INFO - Setting next_dagrun for dataset_consumes_1 to None, run_after=None
[2023-06-27T09:31:34.326+0000] {logging_mixin.py:149} INFO - [2023-06-27T09:31:34.325+0000] {dag.py:3486} INFO - Setting next_dagrun for dataset_consumes_1_and_2 to None, run_after=None
[2023-06-27T09:31:34.336+0000] {logging_mixin.py:149} INFO - [2023-06-27T09:31:34.336+0000] {dag.py:3486} INFO - Setting next_dagrun for dataset_consumes_1_never_scheduled to None, run_after=None
[2023-06-27T09:31:34.339+0000] {logging_mixin.py:149} INFO - [2023-06-27T09:31:34.339+0000] {dag.py:3486} INFO - Setting next_dagrun for dataset_consumes_unknown_never_scheduled to None, run_after=None
[2023-06-27T09:31:34.352+0000] {logging_mixin.py:149} INFO - [2023-06-27T09:31:34.352+0000] {dag.py:3486} INFO - Setting next_dagrun for dataset_produces_1 to 2023-06-26T00:00:00+00:00, run_after=2023-06-27T00:00:00+00:00
[2023-06-27T09:31:34.353+0000] {logging_mixin.py:149} INFO - [2023-06-27T09:31:34.353+0000] {dag.py:3486} INFO - Setting next_dagrun for dataset_produces_2 to None, run_after=None
[2023-06-27T09:31:34.446+0000] {processor.py:179} INFO - Processing /home/airflow/.local/lib/python3.8/site-packages/airflow/example_dags/example_datasets.py took 0.507 seconds
[2023-06-27T09:32:05.172+0000] {processor.py:157} INFO - Started process (PID=899) to work on /home/airflow/.local/lib/python3.8/site-packages/airflow/example_dags/example_datasets.py
[2023-06-27T09:32:05.174+0000] {processor.py:826} INFO - Processing file /home/airflow/.local/lib/python3.8/site-packages/airflow/example_dags/example_datasets.py for tasks to queue
[2023-06-27T09:32:05.176+0000] {logging_mixin.py:149} INFO - [2023-06-27T09:32:05.176+0000] {dagbag.py:541} INFO - Filling up the DagBag from /home/airflow/.local/lib/python3.8/site-packages/airflow/example_dags/example_datasets.py
[2023-06-27T09:32:05.188+0000] {processor.py:836} INFO - DAG(s) dict_keys(['dataset_consumes_unknown_never_scheduled', 'dataset_produces_1', 'dataset_consumes_1_and_2', 'dataset_produces_2', 'dataset_consumes_1', 'dataset_consumes_1_never_scheduled']) retrieved from /home/airflow/.local/lib/python3.8/site-packages/airflow/example_dags/example_datasets.py
[2023-06-27T09:32:05.240+0000] {logging_mixin.py:149} INFO - [2023-06-27T09:32:05.240+0000] {dag.py:2726} INFO - Sync 6 DAGs
[2023-06-27T09:32:05.269+0000] {logging_mixin.py:149} INFO - [2023-06-27T09:32:05.269+0000] {dag.py:3486} INFO - Setting next_dagrun for dataset_consumes_1 to None, run_after=None
[2023-06-27T09:32:05.273+0000] {logging_mixin.py:149} INFO - [2023-06-27T09:32:05.273+0000] {dag.py:3486} INFO - Setting next_dagrun for dataset_consumes_1_and_2 to None, run_after=None
[2023-06-27T09:32:05.274+0000] {logging_mixin.py:149} INFO - [2023-06-27T09:32:05.274+0000] {dag.py:3486} INFO - Setting next_dagrun for dataset_consumes_1_never_scheduled to None, run_after=None
[2023-06-27T09:32:05.276+0000] {logging_mixin.py:149} INFO - [2023-06-27T09:32:05.275+0000] {dag.py:3486} INFO - Setting next_dagrun for dataset_consumes_unknown_never_scheduled to None, run_after=None
[2023-06-27T09:32:05.279+0000] {logging_mixin.py:149} INFO - [2023-06-27T09:32:05.279+0000] {dag.py:3486} INFO - Setting next_dagrun for dataset_produces_1 to 2023-06-26T00:00:00+00:00, run_after=2023-06-27T00:00:00+00:00
[2023-06-27T09:32:05.280+0000] {logging_mixin.py:149} INFO - [2023-06-27T09:32:05.280+0000] {dag.py:3486} INFO - Setting next_dagrun for dataset_produces_2 to None, run_after=None
[2023-06-27T09:32:05.319+0000] {processor.py:179} INFO - Processing /home/airflow/.local/lib/python3.8/site-packages/airflow/example_dags/example_datasets.py took 0.151 seconds
[2023-06-27T09:32:35.660+0000] {processor.py:157} INFO - Started process (PID=974) to work on /home/airflow/.local/lib/python3.8/site-packages/airflow/example_dags/example_datasets.py
[2023-06-27T09:32:35.661+0000] {processor.py:826} INFO - Processing file /home/airflow/.local/lib/python3.8/site-packages/airflow/example_dags/example_datasets.py for tasks to queue
[2023-06-27T09:32:35.663+0000] {logging_mixin.py:149} INFO - [2023-06-27T09:32:35.662+0000] {dagbag.py:541} INFO - Filling up the DagBag from /home/airflow/.local/lib/python3.8/site-packages/airflow/example_dags/example_datasets.py
[2023-06-27T09:32:35.706+0000] {processor.py:836} INFO - DAG(s) dict_keys(['dataset_consumes_1', 'dataset_consumes_unknown_never_scheduled', 'dataset_consumes_1_never_scheduled', 'dataset_produces_1', 'dataset_produces_2', 'dataset_consumes_1_and_2']) retrieved from /home/airflow/.local/lib/python3.8/site-packages/airflow/example_dags/example_datasets.py
[2023-06-27T09:32:35.911+0000] {logging_mixin.py:149} INFO - [2023-06-27T09:32:35.910+0000] {dag.py:2726} INFO - Sync 6 DAGs
[2023-06-27T09:32:36.071+0000] {logging_mixin.py:149} INFO - [2023-06-27T09:32:36.071+0000] {dag.py:3486} INFO - Setting next_dagrun for dataset_consumes_1 to None, run_after=None
[2023-06-27T09:32:36.094+0000] {logging_mixin.py:149} INFO - [2023-06-27T09:32:36.094+0000] {dag.py:3486} INFO - Setting next_dagrun for dataset_consumes_1_and_2 to None, run_after=None
[2023-06-27T09:32:36.107+0000] {logging_mixin.py:149} INFO - [2023-06-27T09:32:36.107+0000] {dag.py:3486} INFO - Setting next_dagrun for dataset_consumes_1_never_scheduled to None, run_after=None
[2023-06-27T09:32:36.109+0000] {logging_mixin.py:149} INFO - [2023-06-27T09:32:36.109+0000] {dag.py:3486} INFO - Setting next_dagrun for dataset_consumes_unknown_never_scheduled to None, run_after=None
[2023-06-27T09:32:36.112+0000] {logging_mixin.py:149} INFO - [2023-06-27T09:32:36.112+0000] {dag.py:3486} INFO - Setting next_dagrun for dataset_produces_1 to 2023-06-26T00:00:00+00:00, run_after=2023-06-27T00:00:00+00:00
[2023-06-27T09:32:36.123+0000] {logging_mixin.py:149} INFO - [2023-06-27T09:32:36.123+0000] {dag.py:3486} INFO - Setting next_dagrun for dataset_produces_2 to None, run_after=None
[2023-06-27T09:32:36.240+0000] {processor.py:179} INFO - Processing /home/airflow/.local/lib/python3.8/site-packages/airflow/example_dags/example_datasets.py took 0.596 seconds
[2023-06-27T09:33:06.453+0000] {processor.py:157} INFO - Started process (PID=1041) to work on /home/airflow/.local/lib/python3.8/site-packages/airflow/example_dags/example_datasets.py
[2023-06-27T09:33:06.467+0000] {processor.py:826} INFO - Processing file /home/airflow/.local/lib/python3.8/site-packages/airflow/example_dags/example_datasets.py for tasks to queue
[2023-06-27T09:33:06.469+0000] {logging_mixin.py:149} INFO - [2023-06-27T09:33:06.469+0000] {dagbag.py:541} INFO - Filling up the DagBag from /home/airflow/.local/lib/python3.8/site-packages/airflow/example_dags/example_datasets.py
[2023-06-27T09:33:06.513+0000] {processor.py:836} INFO - DAG(s) dict_keys(['dataset_consumes_unknown_never_scheduled', 'dataset_consumes_1', 'dataset_consumes_1_and_2', 'dataset_produces_1', 'dataset_produces_2', 'dataset_consumes_1_never_scheduled']) retrieved from /home/airflow/.local/lib/python3.8/site-packages/airflow/example_dags/example_datasets.py
[2023-06-27T09:33:06.720+0000] {logging_mixin.py:149} INFO - [2023-06-27T09:33:06.719+0000] {dag.py:2726} INFO - Sync 6 DAGs
[2023-06-27T09:33:06.835+0000] {logging_mixin.py:149} INFO - [2023-06-27T09:33:06.835+0000] {dag.py:3486} INFO - Setting next_dagrun for dataset_consumes_1 to None, run_after=None
[2023-06-27T09:33:06.855+0000] {logging_mixin.py:149} INFO - [2023-06-27T09:33:06.855+0000] {dag.py:3486} INFO - Setting next_dagrun for dataset_consumes_1_and_2 to None, run_after=None
[2023-06-27T09:33:06.857+0000] {logging_mixin.py:149} INFO - [2023-06-27T09:33:06.857+0000] {dag.py:3486} INFO - Setting next_dagrun for dataset_consumes_1_never_scheduled to None, run_after=None
[2023-06-27T09:33:06.867+0000] {logging_mixin.py:149} INFO - [2023-06-27T09:33:06.867+0000] {dag.py:3486} INFO - Setting next_dagrun for dataset_consumes_unknown_never_scheduled to None, run_after=None
[2023-06-27T09:33:06.882+0000] {logging_mixin.py:149} INFO - [2023-06-27T09:33:06.881+0000] {dag.py:3486} INFO - Setting next_dagrun for dataset_produces_1 to 2023-06-26T00:00:00+00:00, run_after=2023-06-27T00:00:00+00:00
[2023-06-27T09:33:06.903+0000] {logging_mixin.py:149} INFO - [2023-06-27T09:33:06.903+0000] {dag.py:3486} INFO - Setting next_dagrun for dataset_produces_2 to None, run_after=None
[2023-06-27T09:33:07.080+0000] {processor.py:179} INFO - Processing /home/airflow/.local/lib/python3.8/site-packages/airflow/example_dags/example_datasets.py took 0.644 seconds
[2023-06-27T09:33:37.608+0000] {processor.py:157} INFO - Started process (PID=1110) to work on /home/airflow/.local/lib/python3.8/site-packages/airflow/example_dags/example_datasets.py
[2023-06-27T09:33:37.610+0000] {processor.py:826} INFO - Processing file /home/airflow/.local/lib/python3.8/site-packages/airflow/example_dags/example_datasets.py for tasks to queue
[2023-06-27T09:33:37.620+0000] {logging_mixin.py:149} INFO - [2023-06-27T09:33:37.619+0000] {dagbag.py:541} INFO - Filling up the DagBag from /home/airflow/.local/lib/python3.8/site-packages/airflow/example_dags/example_datasets.py
[2023-06-27T09:33:37.658+0000] {processor.py:836} INFO - DAG(s) dict_keys(['dataset_consumes_1_never_scheduled', 'dataset_consumes_unknown_never_scheduled', 'dataset_consumes_1', 'dataset_consumes_1_and_2', 'dataset_produces_1', 'dataset_produces_2']) retrieved from /home/airflow/.local/lib/python3.8/site-packages/airflow/example_dags/example_datasets.py
[2023-06-27T09:33:37.807+0000] {logging_mixin.py:149} INFO - [2023-06-27T09:33:37.806+0000] {dag.py:2726} INFO - Sync 6 DAGs
[2023-06-27T09:33:37.895+0000] {logging_mixin.py:149} INFO - [2023-06-27T09:33:37.895+0000] {dag.py:3486} INFO - Setting next_dagrun for dataset_consumes_1 to None, run_after=None
[2023-06-27T09:33:37.911+0000] {logging_mixin.py:149} INFO - [2023-06-27T09:33:37.911+0000] {dag.py:3486} INFO - Setting next_dagrun for dataset_consumes_1_and_2 to None, run_after=None
[2023-06-27T09:33:37.913+0000] {logging_mixin.py:149} INFO - [2023-06-27T09:33:37.913+0000] {dag.py:3486} INFO - Setting next_dagrun for dataset_consumes_1_never_scheduled to None, run_after=None
[2023-06-27T09:33:37.914+0000] {logging_mixin.py:149} INFO - [2023-06-27T09:33:37.914+0000] {dag.py:3486} INFO - Setting next_dagrun for dataset_consumes_unknown_never_scheduled to None, run_after=None
[2023-06-27T09:33:37.929+0000] {logging_mixin.py:149} INFO - [2023-06-27T09:33:37.929+0000] {dag.py:3486} INFO - Setting next_dagrun for dataset_produces_1 to 2023-06-26T00:00:00+00:00, run_after=2023-06-27T00:00:00+00:00
[2023-06-27T09:33:37.931+0000] {logging_mixin.py:149} INFO - [2023-06-27T09:33:37.931+0000] {dag.py:3486} INFO - Setting next_dagrun for dataset_produces_2 to None, run_after=None
[2023-06-27T09:33:38.073+0000] {processor.py:179} INFO - Processing /home/airflow/.local/lib/python3.8/site-packages/airflow/example_dags/example_datasets.py took 0.477 seconds
[2023-06-27T09:34:08.667+0000] {processor.py:157} INFO - Started process (PID=1177) to work on /home/airflow/.local/lib/python3.8/site-packages/airflow/example_dags/example_datasets.py
[2023-06-27T09:34:08.683+0000] {processor.py:826} INFO - Processing file /home/airflow/.local/lib/python3.8/site-packages/airflow/example_dags/example_datasets.py for tasks to queue
[2023-06-27T09:34:08.684+0000] {logging_mixin.py:149} INFO - [2023-06-27T09:34:08.684+0000] {dagbag.py:541} INFO - Filling up the DagBag from /home/airflow/.local/lib/python3.8/site-packages/airflow/example_dags/example_datasets.py
[2023-06-27T09:34:08.778+0000] {processor.py:836} INFO - DAG(s) dict_keys(['dataset_consumes_1', 'dataset_consumes_unknown_never_scheduled', 'dataset_produces_2', 'dataset_consumes_1_and_2', 'dataset_consumes_1_never_scheduled', 'dataset_produces_1']) retrieved from /home/airflow/.local/lib/python3.8/site-packages/airflow/example_dags/example_datasets.py
[2023-06-27T09:34:09.068+0000] {logging_mixin.py:149} INFO - [2023-06-27T09:34:09.068+0000] {dag.py:2726} INFO - Sync 6 DAGs
[2023-06-27T09:34:09.215+0000] {logging_mixin.py:149} INFO - [2023-06-27T09:34:09.215+0000] {dag.py:3486} INFO - Setting next_dagrun for dataset_consumes_1 to None, run_after=None
[2023-06-27T09:34:09.239+0000] {logging_mixin.py:149} INFO - [2023-06-27T09:34:09.239+0000] {dag.py:3486} INFO - Setting next_dagrun for dataset_consumes_1_and_2 to None, run_after=None
[2023-06-27T09:34:09.255+0000] {logging_mixin.py:149} INFO - [2023-06-27T09:34:09.255+0000] {dag.py:3486} INFO - Setting next_dagrun for dataset_consumes_1_never_scheduled to None, run_after=None
[2023-06-27T09:34:09.257+0000] {logging_mixin.py:149} INFO - [2023-06-27T09:34:09.257+0000] {dag.py:3486} INFO - Setting next_dagrun for dataset_consumes_unknown_never_scheduled to None, run_after=None
[2023-06-27T09:34:09.269+0000] {logging_mixin.py:149} INFO - [2023-06-27T09:34:09.269+0000] {dag.py:3486} INFO - Setting next_dagrun for dataset_produces_1 to 2023-06-26T00:00:00+00:00, run_after=2023-06-27T00:00:00+00:00
[2023-06-27T09:34:09.283+0000] {logging_mixin.py:149} INFO - [2023-06-27T09:34:09.283+0000] {dag.py:3486} INFO - Setting next_dagrun for dataset_produces_2 to None, run_after=None
[2023-06-27T09:34:09.508+0000] {processor.py:179} INFO - Processing /home/airflow/.local/lib/python3.8/site-packages/airflow/example_dags/example_datasets.py took 0.873 seconds
