[2023-06-27T00:00:46.199+0000] {processor.py:157} INFO - Started process (PID=452) to work on /home/airflow/.local/lib/python3.8/site-packages/airflow/example_dags/example_short_circuit_operator.py
[2023-06-27T00:00:46.201+0000] {processor.py:826} INFO - Processing file /home/airflow/.local/lib/python3.8/site-packages/airflow/example_dags/example_short_circuit_operator.py for tasks to queue
[2023-06-27T00:00:46.227+0000] {logging_mixin.py:149} INFO - [2023-06-27T00:00:46.227+0000] {dagbag.py:541} INFO - Filling up the DagBag from /home/airflow/.local/lib/python3.8/site-packages/airflow/example_dags/example_short_circuit_operator.py
[2023-06-27T00:00:46.311+0000] {processor.py:836} INFO - DAG(s) dict_keys(['example_short_circuit_operator']) retrieved from /home/airflow/.local/lib/python3.8/site-packages/airflow/example_dags/example_short_circuit_operator.py
[2023-06-27T00:00:47.490+0000] {logging_mixin.py:149} INFO - [2023-06-27T00:00:47.490+0000] {dag.py:2726} INFO - Sync 1 DAGs
[2023-06-27T00:00:47.673+0000] {logging_mixin.py:149} INFO - [2023-06-27T00:00:47.673+0000] {dag.py:3486} INFO - Setting next_dagrun for example_short_circuit_operator to 2023-06-26T00:00:47.672644+00:00, run_after=2023-06-27T00:00:47.672644+00:00
[2023-06-27T00:00:47.849+0000] {processor.py:179} INFO - Processing /home/airflow/.local/lib/python3.8/site-packages/airflow/example_dags/example_short_circuit_operator.py took 1.679 seconds
[2023-06-27T00:07:42.548+0000] {processor.py:157} INFO - Started process (PID=672) to work on /home/airflow/.local/lib/python3.8/site-packages/airflow/example_dags/example_short_circuit_operator.py
[2023-06-27T00:07:42.551+0000] {processor.py:826} INFO - Processing file /home/airflow/.local/lib/python3.8/site-packages/airflow/example_dags/example_short_circuit_operator.py for tasks to queue
[2023-06-27T00:07:42.551+0000] {logging_mixin.py:149} INFO - [2023-06-27T00:07:42.551+0000] {dagbag.py:541} INFO - Filling up the DagBag from /home/airflow/.local/lib/python3.8/site-packages/airflow/example_dags/example_short_circuit_operator.py
[2023-06-27T00:07:46.363+0000] {processor.py:836} INFO - DAG(s) dict_keys(['example_short_circuit_operator']) retrieved from /home/airflow/.local/lib/python3.8/site-packages/airflow/example_dags/example_short_circuit_operator.py
[2023-06-27T00:07:56.509+0000] {logging_mixin.py:149} INFO - [2023-06-27T00:07:56.508+0000] {dag.py:2726} INFO - Sync 1 DAGs
[2023-06-27T00:08:03.395+0000] {logging_mixin.py:149} INFO - [2023-06-27T00:08:03.395+0000] {dag.py:3486} INFO - Setting next_dagrun for example_short_circuit_operator to 2023-06-26T00:08:03.394811+00:00, run_after=2023-06-27T00:08:03.394811+00:00
[2023-06-27T00:08:07.000+0000] {processor.py:179} INFO - Processing /home/airflow/.local/lib/python3.8/site-packages/airflow/example_dags/example_short_circuit_operator.py took 27.117 seconds
[2023-06-27T01:04:42.570+0000] {processor.py:157} INFO - Started process (PID=154) to work on /home/airflow/.local/lib/python3.8/site-packages/airflow/example_dags/example_short_circuit_operator.py
[2023-06-27T01:04:43.190+0000] {processor.py:826} INFO - Processing file /home/airflow/.local/lib/python3.8/site-packages/airflow/example_dags/example_short_circuit_operator.py for tasks to queue
[2023-06-27T01:04:43.191+0000] {logging_mixin.py:149} INFO - [2023-06-27T01:04:43.191+0000] {dagbag.py:541} INFO - Filling up the DagBag from /home/airflow/.local/lib/python3.8/site-packages/airflow/example_dags/example_short_circuit_operator.py
[2023-06-27T01:04:44.972+0000] {processor.py:836} INFO - DAG(s) dict_keys(['example_short_circuit_operator']) retrieved from /home/airflow/.local/lib/python3.8/site-packages/airflow/example_dags/example_short_circuit_operator.py
[2023-06-27T01:04:55.056+0000] {logging_mixin.py:149} INFO - [2023-06-27T01:04:55.056+0000] {dag.py:2726} INFO - Sync 1 DAGs
[2023-06-27T01:04:59.689+0000] {logging_mixin.py:149} INFO - [2023-06-27T01:04:59.689+0000] {dag.py:3486} INFO - Setting next_dagrun for example_short_circuit_operator to 2023-06-26T01:04:59.688819+00:00, run_after=2023-06-27T01:04:59.688819+00:00
[2023-06-27T01:05:03.344+0000] {processor.py:179} INFO - Processing /home/airflow/.local/lib/python3.8/site-packages/airflow/example_dags/example_short_circuit_operator.py took 22.759 seconds
[2023-06-27T01:37:46.919+0000] {processor.py:157} INFO - Started process (PID=85) to work on /home/airflow/.local/lib/python3.8/site-packages/airflow/example_dags/example_short_circuit_operator.py
[2023-06-27T01:37:46.944+0000] {processor.py:826} INFO - Processing file /home/airflow/.local/lib/python3.8/site-packages/airflow/example_dags/example_short_circuit_operator.py for tasks to queue
[2023-06-27T01:37:46.945+0000] {logging_mixin.py:149} INFO - [2023-06-27T01:37:46.945+0000] {dagbag.py:541} INFO - Filling up the DagBag from /home/airflow/.local/lib/python3.8/site-packages/airflow/example_dags/example_short_circuit_operator.py
[2023-06-27T01:37:46.999+0000] {processor.py:836} INFO - DAG(s) dict_keys(['example_short_circuit_operator']) retrieved from /home/airflow/.local/lib/python3.8/site-packages/airflow/example_dags/example_short_circuit_operator.py
[2023-06-27T01:37:47.103+0000] {logging_mixin.py:149} INFO - [2023-06-27T01:37:47.103+0000] {dag.py:2726} INFO - Sync 1 DAGs
[2023-06-27T01:37:47.203+0000] {logging_mixin.py:149} INFO - [2023-06-27T01:37:47.203+0000] {dag.py:3486} INFO - Setting next_dagrun for example_short_circuit_operator to 2023-06-26T01:37:47.201044+00:00, run_after=2023-06-27T01:37:47.201044+00:00
[2023-06-27T01:37:47.312+0000] {processor.py:179} INFO - Processing /home/airflow/.local/lib/python3.8/site-packages/airflow/example_dags/example_short_circuit_operator.py took 0.406 seconds
[2023-06-27T01:41:54.938+0000] {processor.py:157} INFO - Started process (PID=259) to work on /home/airflow/.local/lib/python3.8/site-packages/airflow/example_dags/example_short_circuit_operator.py
[2023-06-27T01:41:55.337+0000] {processor.py:826} INFO - Processing file /home/airflow/.local/lib/python3.8/site-packages/airflow/example_dags/example_short_circuit_operator.py for tasks to queue
[2023-06-27T01:41:55.739+0000] {logging_mixin.py:149} INFO - [2023-06-27T01:41:55.739+0000] {dagbag.py:541} INFO - Filling up the DagBag from /home/airflow/.local/lib/python3.8/site-packages/airflow/example_dags/example_short_circuit_operator.py
[2023-06-27T01:41:56.765+0000] {processor.py:836} INFO - DAG(s) dict_keys(['example_short_circuit_operator']) retrieved from /home/airflow/.local/lib/python3.8/site-packages/airflow/example_dags/example_short_circuit_operator.py
[2023-06-27T01:42:03.295+0000] {logging_mixin.py:149} INFO - [2023-06-27T01:42:03.295+0000] {dag.py:2726} INFO - Sync 1 DAGs
[2023-06-27T01:42:12.169+0000] {logging_mixin.py:149} INFO - [2023-06-27T01:42:11.250+0000] {dag.py:3486} INFO - Setting next_dagrun for example_short_circuit_operator to 2023-06-26T01:42:11.249427+00:00, run_after=2023-06-27T01:42:11.249427+00:00
[2023-06-27T01:42:15.955+0000] {processor.py:179} INFO - Processing /home/airflow/.local/lib/python3.8/site-packages/airflow/example_dags/example_short_circuit_operator.py took 21.440 seconds
[2023-06-27T02:20:20.619+0000] {processor.py:157} INFO - Started process (PID=175) to work on /home/airflow/.local/lib/python3.8/site-packages/airflow/example_dags/example_short_circuit_operator.py
[2023-06-27T02:20:20.677+0000] {processor.py:826} INFO - Processing file /home/airflow/.local/lib/python3.8/site-packages/airflow/example_dags/example_short_circuit_operator.py for tasks to queue
[2023-06-27T02:20:20.678+0000] {logging_mixin.py:149} INFO - [2023-06-27T02:20:20.678+0000] {dagbag.py:541} INFO - Filling up the DagBag from /home/airflow/.local/lib/python3.8/site-packages/airflow/example_dags/example_short_circuit_operator.py
[2023-06-27T02:20:21.122+0000] {processor.py:836} INFO - DAG(s) dict_keys(['example_short_circuit_operator']) retrieved from /home/airflow/.local/lib/python3.8/site-packages/airflow/example_dags/example_short_circuit_operator.py
[2023-06-27T02:20:22.146+0000] {logging_mixin.py:149} INFO - [2023-06-27T02:20:22.146+0000] {dag.py:2726} INFO - Sync 1 DAGs
[2023-06-27T02:20:23.146+0000] {logging_mixin.py:149} INFO - [2023-06-27T02:20:23.146+0000] {dag.py:3486} INFO - Setting next_dagrun for example_short_circuit_operator to 2023-06-26T02:20:23.146318+00:00, run_after=2023-06-27T02:20:23.146318+00:00
[2023-06-27T02:20:23.905+0000] {processor.py:179} INFO - Processing /home/airflow/.local/lib/python3.8/site-packages/airflow/example_dags/example_short_circuit_operator.py took 3.473 seconds
[2023-06-27T06:20:28.594+0000] {processor.py:157} INFO - Started process (PID=454) to work on /home/airflow/.local/lib/python3.8/site-packages/airflow/example_dags/example_short_circuit_operator.py
[2023-06-27T06:20:28.633+0000] {processor.py:826} INFO - Processing file /home/airflow/.local/lib/python3.8/site-packages/airflow/example_dags/example_short_circuit_operator.py for tasks to queue
[2023-06-27T06:20:28.634+0000] {logging_mixin.py:149} INFO - [2023-06-27T06:20:28.634+0000] {dagbag.py:541} INFO - Filling up the DagBag from /home/airflow/.local/lib/python3.8/site-packages/airflow/example_dags/example_short_circuit_operator.py
[2023-06-27T06:20:29.219+0000] {processor.py:836} INFO - DAG(s) dict_keys(['example_short_circuit_operator']) retrieved from /home/airflow/.local/lib/python3.8/site-packages/airflow/example_dags/example_short_circuit_operator.py
[2023-06-27T06:20:31.062+0000] {logging_mixin.py:149} INFO - [2023-06-27T06:20:30.967+0000] {dag.py:2726} INFO - Sync 1 DAGs
[2023-06-27T06:20:32.269+0000] {logging_mixin.py:149} INFO - [2023-06-27T06:20:32.264+0000] {dag.py:3486} INFO - Setting next_dagrun for example_short_circuit_operator to 2023-06-26T06:20:32.207311+00:00, run_after=2023-06-27T06:20:32.207311+00:00
[2023-06-27T06:20:35.020+0000] {processor.py:179} INFO - Processing /home/airflow/.local/lib/python3.8/site-packages/airflow/example_dags/example_short_circuit_operator.py took 6.826 seconds
[2023-06-27T08:57:02.100+0000] {processor.py:157} INFO - Started process (PID=591) to work on /home/airflow/.local/lib/python3.8/site-packages/airflow/example_dags/example_short_circuit_operator.py
[2023-06-27T08:57:02.118+0000] {processor.py:826} INFO - Processing file /home/airflow/.local/lib/python3.8/site-packages/airflow/example_dags/example_short_circuit_operator.py for tasks to queue
[2023-06-27T08:57:02.119+0000] {logging_mixin.py:149} INFO - [2023-06-27T08:57:02.119+0000] {dagbag.py:541} INFO - Filling up the DagBag from /home/airflow/.local/lib/python3.8/site-packages/airflow/example_dags/example_short_circuit_operator.py
[2023-06-27T08:57:02.133+0000] {processor.py:836} INFO - DAG(s) dict_keys(['example_short_circuit_operator']) retrieved from /home/airflow/.local/lib/python3.8/site-packages/airflow/example_dags/example_short_circuit_operator.py
[2023-06-27T08:57:02.171+0000] {logging_mixin.py:149} INFO - [2023-06-27T08:57:02.170+0000] {dag.py:2726} INFO - Sync 1 DAGs
[2023-06-27T08:57:02.199+0000] {logging_mixin.py:149} INFO - [2023-06-27T08:57:02.198+0000] {dag.py:3486} INFO - Setting next_dagrun for example_short_circuit_operator to 2023-06-26T08:57:02.198558+00:00, run_after=2023-06-27T08:57:02.198558+00:00
[2023-06-27T08:57:02.242+0000] {processor.py:179} INFO - Processing /home/airflow/.local/lib/python3.8/site-packages/airflow/example_dags/example_short_circuit_operator.py took 0.148 seconds
[2023-06-27T09:00:35.781+0000] {processor.py:157} INFO - Started process (PID=739) to work on /home/airflow/.local/lib/python3.8/site-packages/airflow/example_dags/example_short_circuit_operator.py
[2023-06-27T09:00:35.828+0000] {processor.py:826} INFO - Processing file /home/airflow/.local/lib/python3.8/site-packages/airflow/example_dags/example_short_circuit_operator.py for tasks to queue
[2023-06-27T09:00:35.831+0000] {logging_mixin.py:149} INFO - [2023-06-27T09:00:35.830+0000] {dagbag.py:541} INFO - Filling up the DagBag from /home/airflow/.local/lib/python3.8/site-packages/airflow/example_dags/example_short_circuit_operator.py
[2023-06-27T09:00:35.896+0000] {processor.py:836} INFO - DAG(s) dict_keys(['example_short_circuit_operator']) retrieved from /home/airflow/.local/lib/python3.8/site-packages/airflow/example_dags/example_short_circuit_operator.py
[2023-06-27T09:00:35.937+0000] {logging_mixin.py:149} INFO - [2023-06-27T09:00:35.936+0000] {dag.py:2726} INFO - Sync 1 DAGs
[2023-06-27T09:00:35.988+0000] {logging_mixin.py:149} INFO - [2023-06-27T09:00:35.988+0000] {dag.py:3486} INFO - Setting next_dagrun for example_short_circuit_operator to 2023-06-26T09:00:35.987732+00:00, run_after=2023-06-27T09:00:35.987732+00:00
[2023-06-27T09:00:36.073+0000] {processor.py:179} INFO - Processing /home/airflow/.local/lib/python3.8/site-packages/airflow/example_dags/example_short_circuit_operator.py took 0.344 seconds
[2023-06-27T09:20:53.037+0000] {processor.py:157} INFO - Started process (PID=93) to work on /home/airflow/.local/lib/python3.8/site-packages/airflow/example_dags/example_short_circuit_operator.py
[2023-06-27T09:20:53.063+0000] {processor.py:826} INFO - Processing file /home/airflow/.local/lib/python3.8/site-packages/airflow/example_dags/example_short_circuit_operator.py for tasks to queue
[2023-06-27T09:20:53.064+0000] {logging_mixin.py:149} INFO - [2023-06-27T09:20:53.063+0000] {dagbag.py:541} INFO - Filling up the DagBag from /home/airflow/.local/lib/python3.8/site-packages/airflow/example_dags/example_short_circuit_operator.py
[2023-06-27T09:20:53.134+0000] {processor.py:836} INFO - DAG(s) dict_keys(['example_short_circuit_operator']) retrieved from /home/airflow/.local/lib/python3.8/site-packages/airflow/example_dags/example_short_circuit_operator.py
[2023-06-27T09:20:53.446+0000] {logging_mixin.py:149} INFO - [2023-06-27T09:20:53.439+0000] {dag.py:2726} INFO - Sync 1 DAGs
[2023-06-27T09:20:53.620+0000] {logging_mixin.py:149} INFO - [2023-06-27T09:20:53.619+0000] {dag.py:3486} INFO - Setting next_dagrun for example_short_circuit_operator to 2023-06-26T09:20:53.619418+00:00, run_after=2023-06-27T09:20:53.619418+00:00
[2023-06-27T09:20:53.822+0000] {processor.py:179} INFO - Processing /home/airflow/.local/lib/python3.8/site-packages/airflow/example_dags/example_short_circuit_operator.py took 0.825 seconds
[2023-06-27T09:21:24.460+0000] {processor.py:157} INFO - Started process (PID=151) to work on /home/airflow/.local/lib/python3.8/site-packages/airflow/example_dags/example_short_circuit_operator.py
[2023-06-27T09:21:24.471+0000] {processor.py:826} INFO - Processing file /home/airflow/.local/lib/python3.8/site-packages/airflow/example_dags/example_short_circuit_operator.py for tasks to queue
[2023-06-27T09:21:24.473+0000] {logging_mixin.py:149} INFO - [2023-06-27T09:21:24.473+0000] {dagbag.py:541} INFO - Filling up the DagBag from /home/airflow/.local/lib/python3.8/site-packages/airflow/example_dags/example_short_circuit_operator.py
[2023-06-27T09:21:24.513+0000] {processor.py:836} INFO - DAG(s) dict_keys(['example_short_circuit_operator']) retrieved from /home/airflow/.local/lib/python3.8/site-packages/airflow/example_dags/example_short_circuit_operator.py
[2023-06-27T09:21:24.659+0000] {logging_mixin.py:149} INFO - [2023-06-27T09:21:24.659+0000] {dag.py:2726} INFO - Sync 1 DAGs
[2023-06-27T09:21:24.765+0000] {logging_mixin.py:149} INFO - [2023-06-27T09:21:24.765+0000] {dag.py:3486} INFO - Setting next_dagrun for example_short_circuit_operator to 2023-06-26T09:21:24.765210+00:00, run_after=2023-06-27T09:21:24.765210+00:00
[2023-06-27T09:21:24.891+0000] {processor.py:179} INFO - Processing /home/airflow/.local/lib/python3.8/site-packages/airflow/example_dags/example_short_circuit_operator.py took 0.463 seconds
[2023-06-27T09:21:55.812+0000] {processor.py:157} INFO - Started process (PID=219) to work on /home/airflow/.local/lib/python3.8/site-packages/airflow/example_dags/example_short_circuit_operator.py
[2023-06-27T09:21:55.814+0000] {processor.py:826} INFO - Processing file /home/airflow/.local/lib/python3.8/site-packages/airflow/example_dags/example_short_circuit_operator.py for tasks to queue
[2023-06-27T09:21:55.816+0000] {logging_mixin.py:149} INFO - [2023-06-27T09:21:55.816+0000] {dagbag.py:541} INFO - Filling up the DagBag from /home/airflow/.local/lib/python3.8/site-packages/airflow/example_dags/example_short_circuit_operator.py
[2023-06-27T09:21:55.851+0000] {processor.py:836} INFO - DAG(s) dict_keys(['example_short_circuit_operator']) retrieved from /home/airflow/.local/lib/python3.8/site-packages/airflow/example_dags/example_short_circuit_operator.py
[2023-06-27T09:21:55.951+0000] {logging_mixin.py:149} INFO - [2023-06-27T09:21:55.950+0000] {dag.py:2726} INFO - Sync 1 DAGs
[2023-06-27T09:21:56.017+0000] {logging_mixin.py:149} INFO - [2023-06-27T09:21:56.016+0000] {dag.py:3486} INFO - Setting next_dagrun for example_short_circuit_operator to 2023-06-26T09:21:56.016624+00:00, run_after=2023-06-27T09:21:56.016624+00:00
[2023-06-27T09:21:56.069+0000] {processor.py:179} INFO - Processing /home/airflow/.local/lib/python3.8/site-packages/airflow/example_dags/example_short_circuit_operator.py took 0.271 seconds
[2023-06-27T09:22:26.276+0000] {processor.py:157} INFO - Started process (PID=287) to work on /home/airflow/.local/lib/python3.8/site-packages/airflow/example_dags/example_short_circuit_operator.py
[2023-06-27T09:22:26.283+0000] {processor.py:826} INFO - Processing file /home/airflow/.local/lib/python3.8/site-packages/airflow/example_dags/example_short_circuit_operator.py for tasks to queue
[2023-06-27T09:22:26.286+0000] {logging_mixin.py:149} INFO - [2023-06-27T09:22:26.286+0000] {dagbag.py:541} INFO - Filling up the DagBag from /home/airflow/.local/lib/python3.8/site-packages/airflow/example_dags/example_short_circuit_operator.py
[2023-06-27T09:22:26.304+0000] {processor.py:836} INFO - DAG(s) dict_keys(['example_short_circuit_operator']) retrieved from /home/airflow/.local/lib/python3.8/site-packages/airflow/example_dags/example_short_circuit_operator.py
[2023-06-27T09:22:26.399+0000] {logging_mixin.py:149} INFO - [2023-06-27T09:22:26.399+0000] {dag.py:2726} INFO - Sync 1 DAGs
[2023-06-27T09:22:26.479+0000] {logging_mixin.py:149} INFO - [2023-06-27T09:22:26.479+0000] {dag.py:3486} INFO - Setting next_dagrun for example_short_circuit_operator to 2023-06-26T09:22:26.479347+00:00, run_after=2023-06-27T09:22:26.479347+00:00
[2023-06-27T09:22:26.542+0000] {processor.py:179} INFO - Processing /home/airflow/.local/lib/python3.8/site-packages/airflow/example_dags/example_short_circuit_operator.py took 0.276 seconds
[2023-06-27T09:22:57.053+0000] {processor.py:157} INFO - Started process (PID=355) to work on /home/airflow/.local/lib/python3.8/site-packages/airflow/example_dags/example_short_circuit_operator.py
[2023-06-27T09:22:57.054+0000] {processor.py:826} INFO - Processing file /home/airflow/.local/lib/python3.8/site-packages/airflow/example_dags/example_short_circuit_operator.py for tasks to queue
[2023-06-27T09:22:57.056+0000] {logging_mixin.py:149} INFO - [2023-06-27T09:22:57.056+0000] {dagbag.py:541} INFO - Filling up the DagBag from /home/airflow/.local/lib/python3.8/site-packages/airflow/example_dags/example_short_circuit_operator.py
[2023-06-27T09:22:57.066+0000] {processor.py:836} INFO - DAG(s) dict_keys(['example_short_circuit_operator']) retrieved from /home/airflow/.local/lib/python3.8/site-packages/airflow/example_dags/example_short_circuit_operator.py
[2023-06-27T09:22:57.100+0000] {logging_mixin.py:149} INFO - [2023-06-27T09:22:57.100+0000] {dag.py:2726} INFO - Sync 1 DAGs
[2023-06-27T09:22:57.128+0000] {logging_mixin.py:149} INFO - [2023-06-27T09:22:57.127+0000] {dag.py:3486} INFO - Setting next_dagrun for example_short_circuit_operator to 2023-06-26T09:22:57.127557+00:00, run_after=2023-06-27T09:22:57.127557+00:00
[2023-06-27T09:22:57.149+0000] {processor.py:179} INFO - Processing /home/airflow/.local/lib/python3.8/site-packages/airflow/example_dags/example_short_circuit_operator.py took 0.101 seconds
[2023-06-27T09:23:27.972+0000] {processor.py:157} INFO - Started process (PID=421) to work on /home/airflow/.local/lib/python3.8/site-packages/airflow/example_dags/example_short_circuit_operator.py
[2023-06-27T09:23:27.987+0000] {processor.py:826} INFO - Processing file /home/airflow/.local/lib/python3.8/site-packages/airflow/example_dags/example_short_circuit_operator.py for tasks to queue
[2023-06-27T09:23:27.989+0000] {logging_mixin.py:149} INFO - [2023-06-27T09:23:27.989+0000] {dagbag.py:541} INFO - Filling up the DagBag from /home/airflow/.local/lib/python3.8/site-packages/airflow/example_dags/example_short_circuit_operator.py
[2023-06-27T09:23:28.008+0000] {processor.py:836} INFO - DAG(s) dict_keys(['example_short_circuit_operator']) retrieved from /home/airflow/.local/lib/python3.8/site-packages/airflow/example_dags/example_short_circuit_operator.py
[2023-06-27T09:23:28.072+0000] {logging_mixin.py:149} INFO - [2023-06-27T09:23:28.072+0000] {dag.py:2726} INFO - Sync 1 DAGs
[2023-06-27T09:23:28.133+0000] {logging_mixin.py:149} INFO - [2023-06-27T09:23:28.132+0000] {dag.py:3486} INFO - Setting next_dagrun for example_short_circuit_operator to 2023-06-26T09:23:28.132388+00:00, run_after=2023-06-27T09:23:28.132388+00:00
[2023-06-27T09:23:28.171+0000] {processor.py:179} INFO - Processing /home/airflow/.local/lib/python3.8/site-packages/airflow/example_dags/example_short_circuit_operator.py took 0.204 seconds
[2023-06-27T09:23:58.854+0000] {processor.py:157} INFO - Started process (PID=485) to work on /home/airflow/.local/lib/python3.8/site-packages/airflow/example_dags/example_short_circuit_operator.py
[2023-06-27T09:23:58.865+0000] {processor.py:826} INFO - Processing file /home/airflow/.local/lib/python3.8/site-packages/airflow/example_dags/example_short_circuit_operator.py for tasks to queue
[2023-06-27T09:23:58.867+0000] {logging_mixin.py:149} INFO - [2023-06-27T09:23:58.867+0000] {dagbag.py:541} INFO - Filling up the DagBag from /home/airflow/.local/lib/python3.8/site-packages/airflow/example_dags/example_short_circuit_operator.py
[2023-06-27T09:23:58.888+0000] {processor.py:836} INFO - DAG(s) dict_keys(['example_short_circuit_operator']) retrieved from /home/airflow/.local/lib/python3.8/site-packages/airflow/example_dags/example_short_circuit_operator.py
[2023-06-27T09:23:58.951+0000] {logging_mixin.py:149} INFO - [2023-06-27T09:23:58.950+0000] {dag.py:2726} INFO - Sync 1 DAGs
[2023-06-27T09:23:59.011+0000] {logging_mixin.py:149} INFO - [2023-06-27T09:23:59.011+0000] {dag.py:3486} INFO - Setting next_dagrun for example_short_circuit_operator to 2023-06-26T09:23:59.011409+00:00, run_after=2023-06-27T09:23:59.011409+00:00
[2023-06-27T09:23:59.049+0000] {processor.py:179} INFO - Processing /home/airflow/.local/lib/python3.8/site-packages/airflow/example_dags/example_short_circuit_operator.py took 0.200 seconds
[2023-06-27T09:25:56.122+0000] {processor.py:157} INFO - Started process (PID=82) to work on /home/airflow/.local/lib/python3.8/site-packages/airflow/example_dags/example_short_circuit_operator.py
[2023-06-27T09:25:56.136+0000] {processor.py:826} INFO - Processing file /home/airflow/.local/lib/python3.8/site-packages/airflow/example_dags/example_short_circuit_operator.py for tasks to queue
[2023-06-27T09:25:56.137+0000] {logging_mixin.py:149} INFO - [2023-06-27T09:25:56.137+0000] {dagbag.py:541} INFO - Filling up the DagBag from /home/airflow/.local/lib/python3.8/site-packages/airflow/example_dags/example_short_circuit_operator.py
[2023-06-27T09:25:56.167+0000] {processor.py:836} INFO - DAG(s) dict_keys(['example_short_circuit_operator']) retrieved from /home/airflow/.local/lib/python3.8/site-packages/airflow/example_dags/example_short_circuit_operator.py
[2023-06-27T09:25:56.263+0000] {logging_mixin.py:149} INFO - [2023-06-27T09:25:56.263+0000] {dag.py:2726} INFO - Sync 1 DAGs
[2023-06-27T09:25:56.331+0000] {logging_mixin.py:149} INFO - [2023-06-27T09:25:56.331+0000] {dag.py:3486} INFO - Setting next_dagrun for example_short_circuit_operator to 2023-06-26T09:25:56.330399+00:00, run_after=2023-06-27T09:25:56.330399+00:00
[2023-06-27T09:25:56.369+0000] {processor.py:179} INFO - Processing /home/airflow/.local/lib/python3.8/site-packages/airflow/example_dags/example_short_circuit_operator.py took 0.264 seconds
[2023-06-27T09:26:26.973+0000] {processor.py:157} INFO - Started process (PID=145) to work on /home/airflow/.local/lib/python3.8/site-packages/airflow/example_dags/example_short_circuit_operator.py
[2023-06-27T09:26:26.974+0000] {processor.py:826} INFO - Processing file /home/airflow/.local/lib/python3.8/site-packages/airflow/example_dags/example_short_circuit_operator.py for tasks to queue
[2023-06-27T09:26:26.988+0000] {logging_mixin.py:149} INFO - [2023-06-27T09:26:26.988+0000] {dagbag.py:541} INFO - Filling up the DagBag from /home/airflow/.local/lib/python3.8/site-packages/airflow/example_dags/example_short_circuit_operator.py
[2023-06-27T09:26:27.022+0000] {processor.py:836} INFO - DAG(s) dict_keys(['example_short_circuit_operator']) retrieved from /home/airflow/.local/lib/python3.8/site-packages/airflow/example_dags/example_short_circuit_operator.py
[2023-06-27T09:26:27.123+0000] {logging_mixin.py:149} INFO - [2023-06-27T09:26:27.123+0000] {dag.py:2726} INFO - Sync 1 DAGs
[2023-06-27T09:26:27.203+0000] {logging_mixin.py:149} INFO - [2023-06-27T09:26:27.203+0000] {dag.py:3486} INFO - Setting next_dagrun for example_short_circuit_operator to 2023-06-26T09:26:27.203181+00:00, run_after=2023-06-27T09:26:27.203181+00:00
[2023-06-27T09:26:27.319+0000] {processor.py:179} INFO - Processing /home/airflow/.local/lib/python3.8/site-packages/airflow/example_dags/example_short_circuit_operator.py took 0.351 seconds
[2023-06-27T09:26:59.398+0000] {processor.py:157} INFO - Started process (PID=219) to work on /home/airflow/.local/lib/python3.8/site-packages/airflow/example_dags/example_short_circuit_operator.py
[2023-06-27T09:26:59.412+0000] {processor.py:826} INFO - Processing file /home/airflow/.local/lib/python3.8/site-packages/airflow/example_dags/example_short_circuit_operator.py for tasks to queue
[2023-06-27T09:26:59.414+0000] {logging_mixin.py:149} INFO - [2023-06-27T09:26:59.414+0000] {dagbag.py:541} INFO - Filling up the DagBag from /home/airflow/.local/lib/python3.8/site-packages/airflow/example_dags/example_short_circuit_operator.py
[2023-06-27T09:26:59.450+0000] {processor.py:836} INFO - DAG(s) dict_keys(['example_short_circuit_operator']) retrieved from /home/airflow/.local/lib/python3.8/site-packages/airflow/example_dags/example_short_circuit_operator.py
[2023-06-27T09:26:59.519+0000] {logging_mixin.py:149} INFO - [2023-06-27T09:26:59.519+0000] {dag.py:2726} INFO - Sync 1 DAGs
[2023-06-27T09:26:59.572+0000] {logging_mixin.py:149} INFO - [2023-06-27T09:26:59.572+0000] {dag.py:3486} INFO - Setting next_dagrun for example_short_circuit_operator to 2023-06-26T09:26:59.571704+00:00, run_after=2023-06-27T09:26:59.571704+00:00
[2023-06-27T09:26:59.616+0000] {processor.py:179} INFO - Processing /home/airflow/.local/lib/python3.8/site-packages/airflow/example_dags/example_short_circuit_operator.py took 0.228 seconds
[2023-06-27T09:27:30.263+0000] {processor.py:157} INFO - Started process (PID=285) to work on /home/airflow/.local/lib/python3.8/site-packages/airflow/example_dags/example_short_circuit_operator.py
[2023-06-27T09:27:30.265+0000] {processor.py:826} INFO - Processing file /home/airflow/.local/lib/python3.8/site-packages/airflow/example_dags/example_short_circuit_operator.py for tasks to queue
[2023-06-27T09:27:30.267+0000] {logging_mixin.py:149} INFO - [2023-06-27T09:27:30.267+0000] {dagbag.py:541} INFO - Filling up the DagBag from /home/airflow/.local/lib/python3.8/site-packages/airflow/example_dags/example_short_circuit_operator.py
[2023-06-27T09:27:30.293+0000] {processor.py:836} INFO - DAG(s) dict_keys(['example_short_circuit_operator']) retrieved from /home/airflow/.local/lib/python3.8/site-packages/airflow/example_dags/example_short_circuit_operator.py
[2023-06-27T09:27:30.404+0000] {logging_mixin.py:149} INFO - [2023-06-27T09:27:30.404+0000] {dag.py:2726} INFO - Sync 1 DAGs
[2023-06-27T09:27:30.496+0000] {logging_mixin.py:149} INFO - [2023-06-27T09:27:30.495+0000] {dag.py:3486} INFO - Setting next_dagrun for example_short_circuit_operator to 2023-06-26T09:27:30.495458+00:00, run_after=2023-06-27T09:27:30.495458+00:00
[2023-06-27T09:27:30.557+0000] {processor.py:179} INFO - Processing /home/airflow/.local/lib/python3.8/site-packages/airflow/example_dags/example_short_circuit_operator.py took 0.315 seconds
[2023-06-27T09:28:00.748+0000] {processor.py:157} INFO - Started process (PID=351) to work on /home/airflow/.local/lib/python3.8/site-packages/airflow/example_dags/example_short_circuit_operator.py
[2023-06-27T09:28:00.749+0000] {processor.py:826} INFO - Processing file /home/airflow/.local/lib/python3.8/site-packages/airflow/example_dags/example_short_circuit_operator.py for tasks to queue
[2023-06-27T09:28:00.750+0000] {logging_mixin.py:149} INFO - [2023-06-27T09:28:00.750+0000] {dagbag.py:541} INFO - Filling up the DagBag from /home/airflow/.local/lib/python3.8/site-packages/airflow/example_dags/example_short_circuit_operator.py
[2023-06-27T09:28:00.760+0000] {processor.py:836} INFO - DAG(s) dict_keys(['example_short_circuit_operator']) retrieved from /home/airflow/.local/lib/python3.8/site-packages/airflow/example_dags/example_short_circuit_operator.py
[2023-06-27T09:28:00.806+0000] {logging_mixin.py:149} INFO - [2023-06-27T09:28:00.805+0000] {dag.py:2726} INFO - Sync 1 DAGs
[2023-06-27T09:28:00.834+0000] {logging_mixin.py:149} INFO - [2023-06-27T09:28:00.834+0000] {dag.py:3486} INFO - Setting next_dagrun for example_short_circuit_operator to 2023-06-26T09:28:00.833718+00:00, run_after=2023-06-27T09:28:00.833718+00:00
[2023-06-27T09:28:00.867+0000] {processor.py:179} INFO - Processing /home/airflow/.local/lib/python3.8/site-packages/airflow/example_dags/example_short_circuit_operator.py took 0.124 seconds
[2023-06-27T09:28:31.312+0000] {processor.py:157} INFO - Started process (PID=419) to work on /home/airflow/.local/lib/python3.8/site-packages/airflow/example_dags/example_short_circuit_operator.py
[2023-06-27T09:28:31.323+0000] {processor.py:826} INFO - Processing file /home/airflow/.local/lib/python3.8/site-packages/airflow/example_dags/example_short_circuit_operator.py for tasks to queue
[2023-06-27T09:28:31.325+0000] {logging_mixin.py:149} INFO - [2023-06-27T09:28:31.324+0000] {dagbag.py:541} INFO - Filling up the DagBag from /home/airflow/.local/lib/python3.8/site-packages/airflow/example_dags/example_short_circuit_operator.py
[2023-06-27T09:28:31.334+0000] {processor.py:836} INFO - DAG(s) dict_keys(['example_short_circuit_operator']) retrieved from /home/airflow/.local/lib/python3.8/site-packages/airflow/example_dags/example_short_circuit_operator.py
[2023-06-27T09:28:31.406+0000] {logging_mixin.py:149} INFO - [2023-06-27T09:28:31.406+0000] {dag.py:2726} INFO - Sync 1 DAGs
[2023-06-27T09:28:31.467+0000] {logging_mixin.py:149} INFO - [2023-06-27T09:28:31.465+0000] {dag.py:3486} INFO - Setting next_dagrun for example_short_circuit_operator to 2023-06-26T09:28:31.464993+00:00, run_after=2023-06-27T09:28:31.464993+00:00
[2023-06-27T09:28:31.523+0000] {processor.py:179} INFO - Processing /home/airflow/.local/lib/python3.8/site-packages/airflow/example_dags/example_short_circuit_operator.py took 0.216 seconds
[2023-06-27T09:29:01.768+0000] {processor.py:157} INFO - Started process (PID=494) to work on /home/airflow/.local/lib/python3.8/site-packages/airflow/example_dags/example_short_circuit_operator.py
[2023-06-27T09:29:01.774+0000] {processor.py:826} INFO - Processing file /home/airflow/.local/lib/python3.8/site-packages/airflow/example_dags/example_short_circuit_operator.py for tasks to queue
[2023-06-27T09:29:01.776+0000] {logging_mixin.py:149} INFO - [2023-06-27T09:29:01.776+0000] {dagbag.py:541} INFO - Filling up the DagBag from /home/airflow/.local/lib/python3.8/site-packages/airflow/example_dags/example_short_circuit_operator.py
[2023-06-27T09:29:01.805+0000] {processor.py:836} INFO - DAG(s) dict_keys(['example_short_circuit_operator']) retrieved from /home/airflow/.local/lib/python3.8/site-packages/airflow/example_dags/example_short_circuit_operator.py
[2023-06-27T09:29:01.928+0000] {logging_mixin.py:149} INFO - [2023-06-27T09:29:01.927+0000] {dag.py:2726} INFO - Sync 1 DAGs
[2023-06-27T09:29:01.998+0000] {logging_mixin.py:149} INFO - [2023-06-27T09:29:01.998+0000] {dag.py:3486} INFO - Setting next_dagrun for example_short_circuit_operator to 2023-06-26T09:29:01.998078+00:00, run_after=2023-06-27T09:29:01.998078+00:00
[2023-06-27T09:29:02.057+0000] {processor.py:179} INFO - Processing /home/airflow/.local/lib/python3.8/site-packages/airflow/example_dags/example_short_circuit_operator.py took 0.299 seconds
[2023-06-27T09:29:32.667+0000] {processor.py:157} INFO - Started process (PID=563) to work on /home/airflow/.local/lib/python3.8/site-packages/airflow/example_dags/example_short_circuit_operator.py
[2023-06-27T09:29:32.671+0000] {processor.py:826} INFO - Processing file /home/airflow/.local/lib/python3.8/site-packages/airflow/example_dags/example_short_circuit_operator.py for tasks to queue
[2023-06-27T09:29:32.673+0000] {logging_mixin.py:149} INFO - [2023-06-27T09:29:32.672+0000] {dagbag.py:541} INFO - Filling up the DagBag from /home/airflow/.local/lib/python3.8/site-packages/airflow/example_dags/example_short_circuit_operator.py
[2023-06-27T09:29:32.697+0000] {processor.py:836} INFO - DAG(s) dict_keys(['example_short_circuit_operator']) retrieved from /home/airflow/.local/lib/python3.8/site-packages/airflow/example_dags/example_short_circuit_operator.py
[2023-06-27T09:29:32.764+0000] {logging_mixin.py:149} INFO - [2023-06-27T09:29:32.764+0000] {dag.py:2726} INFO - Sync 1 DAGs
[2023-06-27T09:29:32.795+0000] {logging_mixin.py:149} INFO - [2023-06-27T09:29:32.795+0000] {dag.py:3486} INFO - Setting next_dagrun for example_short_circuit_operator to 2023-06-26T09:29:32.794655+00:00, run_after=2023-06-27T09:29:32.794655+00:00
[2023-06-27T09:29:32.839+0000] {processor.py:179} INFO - Processing /home/airflow/.local/lib/python3.8/site-packages/airflow/example_dags/example_short_circuit_operator.py took 0.184 seconds
[2023-06-27T09:30:03.502+0000] {processor.py:157} INFO - Started process (PID=629) to work on /home/airflow/.local/lib/python3.8/site-packages/airflow/example_dags/example_short_circuit_operator.py
[2023-06-27T09:30:03.503+0000] {processor.py:826} INFO - Processing file /home/airflow/.local/lib/python3.8/site-packages/airflow/example_dags/example_short_circuit_operator.py for tasks to queue
[2023-06-27T09:30:03.505+0000] {logging_mixin.py:149} INFO - [2023-06-27T09:30:03.505+0000] {dagbag.py:541} INFO - Filling up the DagBag from /home/airflow/.local/lib/python3.8/site-packages/airflow/example_dags/example_short_circuit_operator.py
[2023-06-27T09:30:03.516+0000] {processor.py:836} INFO - DAG(s) dict_keys(['example_short_circuit_operator']) retrieved from /home/airflow/.local/lib/python3.8/site-packages/airflow/example_dags/example_short_circuit_operator.py
[2023-06-27T09:30:03.571+0000] {logging_mixin.py:149} INFO - [2023-06-27T09:30:03.571+0000] {dag.py:2726} INFO - Sync 1 DAGs
[2023-06-27T09:30:03.606+0000] {logging_mixin.py:149} INFO - [2023-06-27T09:30:03.606+0000] {dag.py:3486} INFO - Setting next_dagrun for example_short_circuit_operator to 2023-06-26T09:30:03.605797+00:00, run_after=2023-06-27T09:30:03.605797+00:00
[2023-06-27T09:30:03.629+0000] {processor.py:179} INFO - Processing /home/airflow/.local/lib/python3.8/site-packages/airflow/example_dags/example_short_circuit_operator.py took 0.142 seconds
[2023-06-27T09:30:34.211+0000] {processor.py:157} INFO - Started process (PID=700) to work on /home/airflow/.local/lib/python3.8/site-packages/airflow/example_dags/example_short_circuit_operator.py
[2023-06-27T09:30:34.212+0000] {processor.py:826} INFO - Processing file /home/airflow/.local/lib/python3.8/site-packages/airflow/example_dags/example_short_circuit_operator.py for tasks to queue
[2023-06-27T09:30:34.214+0000] {logging_mixin.py:149} INFO - [2023-06-27T09:30:34.214+0000] {dagbag.py:541} INFO - Filling up the DagBag from /home/airflow/.local/lib/python3.8/site-packages/airflow/example_dags/example_short_circuit_operator.py
[2023-06-27T09:30:34.223+0000] {processor.py:836} INFO - DAG(s) dict_keys(['example_short_circuit_operator']) retrieved from /home/airflow/.local/lib/python3.8/site-packages/airflow/example_dags/example_short_circuit_operator.py
[2023-06-27T09:30:34.257+0000] {logging_mixin.py:149} INFO - [2023-06-27T09:30:34.257+0000] {dag.py:2726} INFO - Sync 1 DAGs
[2023-06-27T09:30:34.288+0000] {logging_mixin.py:149} INFO - [2023-06-27T09:30:34.287+0000] {dag.py:3486} INFO - Setting next_dagrun for example_short_circuit_operator to 2023-06-26T09:30:34.287517+00:00, run_after=2023-06-27T09:30:34.287517+00:00
[2023-06-27T09:30:34.308+0000] {processor.py:179} INFO - Processing /home/airflow/.local/lib/python3.8/site-packages/airflow/example_dags/example_short_circuit_operator.py took 0.102 seconds
[2023-06-27T09:31:05.156+0000] {processor.py:157} INFO - Started process (PID=778) to work on /home/airflow/.local/lib/python3.8/site-packages/airflow/example_dags/example_short_circuit_operator.py
[2023-06-27T09:31:05.157+0000] {processor.py:826} INFO - Processing file /home/airflow/.local/lib/python3.8/site-packages/airflow/example_dags/example_short_circuit_operator.py for tasks to queue
[2023-06-27T09:31:05.171+0000] {logging_mixin.py:149} INFO - [2023-06-27T09:31:05.170+0000] {dagbag.py:541} INFO - Filling up the DagBag from /home/airflow/.local/lib/python3.8/site-packages/airflow/example_dags/example_short_circuit_operator.py
[2023-06-27T09:31:05.179+0000] {processor.py:836} INFO - DAG(s) dict_keys(['example_short_circuit_operator']) retrieved from /home/airflow/.local/lib/python3.8/site-packages/airflow/example_dags/example_short_circuit_operator.py
[2023-06-27T09:31:05.232+0000] {logging_mixin.py:149} INFO - [2023-06-27T09:31:05.232+0000] {dag.py:2726} INFO - Sync 1 DAGs
[2023-06-27T09:31:05.293+0000] {logging_mixin.py:149} INFO - [2023-06-27T09:31:05.292+0000] {dag.py:3486} INFO - Setting next_dagrun for example_short_circuit_operator to 2023-06-26T09:31:05.291456+00:00, run_after=2023-06-27T09:31:05.291456+00:00
[2023-06-27T09:31:05.334+0000] {processor.py:179} INFO - Processing /home/airflow/.local/lib/python3.8/site-packages/airflow/example_dags/example_short_circuit_operator.py took 0.184 seconds
[2023-06-27T09:31:35.611+0000] {processor.py:157} INFO - Started process (PID=844) to work on /home/airflow/.local/lib/python3.8/site-packages/airflow/example_dags/example_short_circuit_operator.py
[2023-06-27T09:31:35.613+0000] {processor.py:826} INFO - Processing file /home/airflow/.local/lib/python3.8/site-packages/airflow/example_dags/example_short_circuit_operator.py for tasks to queue
[2023-06-27T09:31:35.615+0000] {logging_mixin.py:149} INFO - [2023-06-27T09:31:35.614+0000] {dagbag.py:541} INFO - Filling up the DagBag from /home/airflow/.local/lib/python3.8/site-packages/airflow/example_dags/example_short_circuit_operator.py
[2023-06-27T09:31:35.623+0000] {processor.py:836} INFO - DAG(s) dict_keys(['example_short_circuit_operator']) retrieved from /home/airflow/.local/lib/python3.8/site-packages/airflow/example_dags/example_short_circuit_operator.py
[2023-06-27T09:31:35.661+0000] {logging_mixin.py:149} INFO - [2023-06-27T09:31:35.661+0000] {dag.py:2726} INFO - Sync 1 DAGs
[2023-06-27T09:31:35.693+0000] {logging_mixin.py:149} INFO - [2023-06-27T09:31:35.692+0000] {dag.py:3486} INFO - Setting next_dagrun for example_short_circuit_operator to 2023-06-26T09:31:35.692658+00:00, run_after=2023-06-27T09:31:35.692658+00:00
[2023-06-27T09:31:35.721+0000] {processor.py:179} INFO - Processing /home/airflow/.local/lib/python3.8/site-packages/airflow/example_dags/example_short_circuit_operator.py took 0.115 seconds
[2023-06-27T09:32:06.269+0000] {processor.py:157} INFO - Started process (PID=917) to work on /home/airflow/.local/lib/python3.8/site-packages/airflow/example_dags/example_short_circuit_operator.py
[2023-06-27T09:32:06.277+0000] {processor.py:826} INFO - Processing file /home/airflow/.local/lib/python3.8/site-packages/airflow/example_dags/example_short_circuit_operator.py for tasks to queue
[2023-06-27T09:32:06.279+0000] {logging_mixin.py:149} INFO - [2023-06-27T09:32:06.279+0000] {dagbag.py:541} INFO - Filling up the DagBag from /home/airflow/.local/lib/python3.8/site-packages/airflow/example_dags/example_short_circuit_operator.py
[2023-06-27T09:32:06.299+0000] {processor.py:836} INFO - DAG(s) dict_keys(['example_short_circuit_operator']) retrieved from /home/airflow/.local/lib/python3.8/site-packages/airflow/example_dags/example_short_circuit_operator.py
[2023-06-27T09:32:06.366+0000] {logging_mixin.py:149} INFO - [2023-06-27T09:32:06.366+0000] {dag.py:2726} INFO - Sync 1 DAGs
[2023-06-27T09:32:06.409+0000] {logging_mixin.py:149} INFO - [2023-06-27T09:32:06.409+0000] {dag.py:3486} INFO - Setting next_dagrun for example_short_circuit_operator to 2023-06-26T09:32:06.408774+00:00, run_after=2023-06-27T09:32:06.408774+00:00
[2023-06-27T09:32:06.431+0000] {processor.py:179} INFO - Processing /home/airflow/.local/lib/python3.8/site-packages/airflow/example_dags/example_short_circuit_operator.py took 0.174 seconds
[2023-06-27T09:32:39.466+0000] {processor.py:157} INFO - Started process (PID=986) to work on /home/airflow/.local/lib/python3.8/site-packages/airflow/example_dags/example_short_circuit_operator.py
[2023-06-27T09:32:39.471+0000] {processor.py:826} INFO - Processing file /home/airflow/.local/lib/python3.8/site-packages/airflow/example_dags/example_short_circuit_operator.py for tasks to queue
[2023-06-27T09:32:39.473+0000] {logging_mixin.py:149} INFO - [2023-06-27T09:32:39.473+0000] {dagbag.py:541} INFO - Filling up the DagBag from /home/airflow/.local/lib/python3.8/site-packages/airflow/example_dags/example_short_circuit_operator.py
[2023-06-27T09:32:39.503+0000] {processor.py:836} INFO - DAG(s) dict_keys(['example_short_circuit_operator']) retrieved from /home/airflow/.local/lib/python3.8/site-packages/airflow/example_dags/example_short_circuit_operator.py
[2023-06-27T09:32:39.623+0000] {logging_mixin.py:149} INFO - [2023-06-27T09:32:39.623+0000] {dag.py:2726} INFO - Sync 1 DAGs
[2023-06-27T09:32:39.700+0000] {logging_mixin.py:149} INFO - [2023-06-27T09:32:39.699+0000] {dag.py:3486} INFO - Setting next_dagrun for example_short_circuit_operator to 2023-06-26T09:32:39.699436+00:00, run_after=2023-06-27T09:32:39.699436+00:00
[2023-06-27T09:32:39.768+0000] {processor.py:179} INFO - Processing /home/airflow/.local/lib/python3.8/site-packages/airflow/example_dags/example_short_circuit_operator.py took 0.318 seconds
[2023-06-27T09:33:10.778+0000] {processor.py:157} INFO - Started process (PID=1054) to work on /home/airflow/.local/lib/python3.8/site-packages/airflow/example_dags/example_short_circuit_operator.py
[2023-06-27T09:33:10.783+0000] {processor.py:826} INFO - Processing file /home/airflow/.local/lib/python3.8/site-packages/airflow/example_dags/example_short_circuit_operator.py for tasks to queue
[2023-06-27T09:33:10.785+0000] {logging_mixin.py:149} INFO - [2023-06-27T09:33:10.785+0000] {dagbag.py:541} INFO - Filling up the DagBag from /home/airflow/.local/lib/python3.8/site-packages/airflow/example_dags/example_short_circuit_operator.py
[2023-06-27T09:33:10.805+0000] {processor.py:836} INFO - DAG(s) dict_keys(['example_short_circuit_operator']) retrieved from /home/airflow/.local/lib/python3.8/site-packages/airflow/example_dags/example_short_circuit_operator.py
[2023-06-27T09:33:10.855+0000] {logging_mixin.py:149} INFO - [2023-06-27T09:33:10.854+0000] {dag.py:2726} INFO - Sync 1 DAGs
[2023-06-27T09:33:10.919+0000] {logging_mixin.py:149} INFO - [2023-06-27T09:33:10.918+0000] {dag.py:3486} INFO - Setting next_dagrun for example_short_circuit_operator to 2023-06-26T09:33:10.918280+00:00, run_after=2023-06-27T09:33:10.918280+00:00
[2023-06-27T09:33:10.987+0000] {processor.py:179} INFO - Processing /home/airflow/.local/lib/python3.8/site-packages/airflow/example_dags/example_short_circuit_operator.py took 0.222 seconds
[2023-06-27T09:33:41.947+0000] {processor.py:157} INFO - Started process (PID=1123) to work on /home/airflow/.local/lib/python3.8/site-packages/airflow/example_dags/example_short_circuit_operator.py
[2023-06-27T09:33:41.948+0000] {processor.py:826} INFO - Processing file /home/airflow/.local/lib/python3.8/site-packages/airflow/example_dags/example_short_circuit_operator.py for tasks to queue
[2023-06-27T09:33:41.950+0000] {logging_mixin.py:149} INFO - [2023-06-27T09:33:41.950+0000] {dagbag.py:541} INFO - Filling up the DagBag from /home/airflow/.local/lib/python3.8/site-packages/airflow/example_dags/example_short_circuit_operator.py
[2023-06-27T09:33:42.000+0000] {processor.py:836} INFO - DAG(s) dict_keys(['example_short_circuit_operator']) retrieved from /home/airflow/.local/lib/python3.8/site-packages/airflow/example_dags/example_short_circuit_operator.py
[2023-06-27T09:33:42.197+0000] {logging_mixin.py:149} INFO - [2023-06-27T09:33:42.197+0000] {dag.py:2726} INFO - Sync 1 DAGs
[2023-06-27T09:33:42.367+0000] {logging_mixin.py:149} INFO - [2023-06-27T09:33:42.367+0000] {dag.py:3486} INFO - Setting next_dagrun for example_short_circuit_operator to 2023-06-26T09:33:42.367347+00:00, run_after=2023-06-27T09:33:42.367347+00:00
[2023-06-27T09:33:42.431+0000] {processor.py:179} INFO - Processing /home/airflow/.local/lib/python3.8/site-packages/airflow/example_dags/example_short_circuit_operator.py took 0.512 seconds
[2023-06-27T09:34:13.116+0000] {processor.py:157} INFO - Started process (PID=1190) to work on /home/airflow/.local/lib/python3.8/site-packages/airflow/example_dags/example_short_circuit_operator.py
[2023-06-27T09:34:13.118+0000] {processor.py:826} INFO - Processing file /home/airflow/.local/lib/python3.8/site-packages/airflow/example_dags/example_short_circuit_operator.py for tasks to queue
[2023-06-27T09:34:13.120+0000] {logging_mixin.py:149} INFO - [2023-06-27T09:34:13.120+0000] {dagbag.py:541} INFO - Filling up the DagBag from /home/airflow/.local/lib/python3.8/site-packages/airflow/example_dags/example_short_circuit_operator.py
[2023-06-27T09:34:13.148+0000] {processor.py:836} INFO - DAG(s) dict_keys(['example_short_circuit_operator']) retrieved from /home/airflow/.local/lib/python3.8/site-packages/airflow/example_dags/example_short_circuit_operator.py
[2023-06-27T09:34:13.268+0000] {logging_mixin.py:149} INFO - [2023-06-27T09:34:13.268+0000] {dag.py:2726} INFO - Sync 1 DAGs
[2023-06-27T09:34:13.373+0000] {logging_mixin.py:149} INFO - [2023-06-27T09:34:13.373+0000] {dag.py:3486} INFO - Setting next_dagrun for example_short_circuit_operator to 2023-06-26T09:34:13.372708+00:00, run_after=2023-06-27T09:34:13.372708+00:00
[2023-06-27T09:34:13.448+0000] {processor.py:179} INFO - Processing /home/airflow/.local/lib/python3.8/site-packages/airflow/example_dags/example_short_circuit_operator.py took 0.357 seconds
