[2023-06-27T00:00:22.180+0000] {processor.py:157} INFO - Started process (PID=417) to work on /home/airflow/.local/lib/python3.8/site-packages/airflow/example_dags/example_bash_operator.py
[2023-06-27T00:00:22.288+0000] {processor.py:826} INFO - Processing file /home/airflow/.local/lib/python3.8/site-packages/airflow/example_dags/example_bash_operator.py for tasks to queue
[2023-06-27T00:00:22.293+0000] {logging_mixin.py:149} INFO - [2023-06-27T00:00:22.293+0000] {dagbag.py:541} INFO - Filling up the DagBag from /home/airflow/.local/lib/python3.8/site-packages/airflow/example_dags/example_bash_operator.py
[2023-06-27T00:00:23.014+0000] {processor.py:836} INFO - DAG(s) dict_keys(['example_bash_operator']) retrieved from /home/airflow/.local/lib/python3.8/site-packages/airflow/example_dags/example_bash_operator.py
[2023-06-27T00:00:24.462+0000] {logging_mixin.py:149} INFO - [2023-06-27T00:00:24.462+0000] {dag.py:2726} INFO - Sync 1 DAGs
[2023-06-27T00:00:25.376+0000] {logging_mixin.py:149} INFO - [2023-06-27T00:00:25.376+0000] {dag.py:3486} INFO - Setting next_dagrun for example_bash_operator to 2023-06-26T00:00:00+00:00, run_after=2023-06-27T00:00:00+00:00
[2023-06-27T00:00:26.093+0000] {processor.py:179} INFO - Processing /home/airflow/.local/lib/python3.8/site-packages/airflow/example_dags/example_bash_operator.py took 4.046 seconds
[2023-06-27T00:01:16.854+0000] {processor.py:157} INFO - Started process (PID=485) to work on /home/airflow/.local/lib/python3.8/site-packages/airflow/example_dags/example_bash_operator.py
[2023-06-27T00:01:16.874+0000] {processor.py:826} INFO - Processing file /home/airflow/.local/lib/python3.8/site-packages/airflow/example_dags/example_bash_operator.py for tasks to queue
[2023-06-27T00:01:16.875+0000] {logging_mixin.py:149} INFO - [2023-06-27T00:01:16.875+0000] {dagbag.py:541} INFO - Filling up the DagBag from /home/airflow/.local/lib/python3.8/site-packages/airflow/example_dags/example_bash_operator.py
[2023-06-27T00:01:18.252+0000] {processor.py:836} INFO - DAG(s) dict_keys(['example_bash_operator']) retrieved from /home/airflow/.local/lib/python3.8/site-packages/airflow/example_dags/example_bash_operator.py
[2023-06-27T00:01:19.892+0000] {logging_mixin.py:149} INFO - [2023-06-27T00:01:19.892+0000] {dag.py:2726} INFO - Sync 1 DAGs
[2023-06-27T00:01:21.429+0000] {logging_mixin.py:149} INFO - [2023-06-27T00:01:21.428+0000] {dag.py:3486} INFO - Setting next_dagrun for example_bash_operator to 2023-06-26T00:00:00+00:00, run_after=2023-06-27T00:00:00+00:00
[2023-06-27T00:01:22.454+0000] {processor.py:179} INFO - Processing /home/airflow/.local/lib/python3.8/site-packages/airflow/example_dags/example_bash_operator.py took 6.586 seconds
[2023-06-27T00:05:23.152+0000] {processor.py:157} INFO - Started process (PID=623) to work on /home/airflow/.local/lib/python3.8/site-packages/airflow/example_dags/example_bash_operator.py
[2023-06-27T00:05:23.277+0000] {processor.py:826} INFO - Processing file /home/airflow/.local/lib/python3.8/site-packages/airflow/example_dags/example_bash_operator.py for tasks to queue
[2023-06-27T00:05:23.278+0000] {logging_mixin.py:149} INFO - [2023-06-27T00:05:23.278+0000] {dagbag.py:541} INFO - Filling up the DagBag from /home/airflow/.local/lib/python3.8/site-packages/airflow/example_dags/example_bash_operator.py
[2023-06-27T00:05:23.856+0000] {processor.py:836} INFO - DAG(s) dict_keys(['example_bash_operator']) retrieved from /home/airflow/.local/lib/python3.8/site-packages/airflow/example_dags/example_bash_operator.py
[2023-06-27T00:05:25.726+0000] {logging_mixin.py:149} INFO - [2023-06-27T00:05:25.726+0000] {dag.py:2726} INFO - Sync 1 DAGs
[2023-06-27T00:05:26.791+0000] {logging_mixin.py:149} INFO - [2023-06-27T00:05:26.790+0000] {dag.py:3486} INFO - Setting next_dagrun for example_bash_operator to 2023-06-26T00:00:00+00:00, run_after=2023-06-27T00:00:00+00:00
[2023-06-27T00:05:27.858+0000] {processor.py:179} INFO - Processing /home/airflow/.local/lib/python3.8/site-packages/airflow/example_dags/example_bash_operator.py took 4.795 seconds
[2023-06-27T01:01:26.322+0000] {processor.py:157} INFO - Started process (PID=52) to work on /home/airflow/.local/lib/python3.8/site-packages/airflow/example_dags/example_bash_operator.py
[2023-06-27T01:01:26.400+0000] {processor.py:826} INFO - Processing file /home/airflow/.local/lib/python3.8/site-packages/airflow/example_dags/example_bash_operator.py for tasks to queue
[2023-06-27T01:01:26.401+0000] {logging_mixin.py:149} INFO - [2023-06-27T01:01:26.401+0000] {dagbag.py:541} INFO - Filling up the DagBag from /home/airflow/.local/lib/python3.8/site-packages/airflow/example_dags/example_bash_operator.py
[2023-06-27T01:01:26.944+0000] {processor.py:836} INFO - DAG(s) dict_keys(['example_bash_operator']) retrieved from /home/airflow/.local/lib/python3.8/site-packages/airflow/example_dags/example_bash_operator.py
[2023-06-27T01:01:28.444+0000] {logging_mixin.py:149} INFO - [2023-06-27T01:01:28.444+0000] {dag.py:2726} INFO - Sync 1 DAGs
[2023-06-27T01:01:29.989+0000] {logging_mixin.py:149} INFO - [2023-06-27T01:01:29.989+0000] {dag.py:3486} INFO - Setting next_dagrun for example_bash_operator to 2023-06-26T00:00:00+00:00, run_after=2023-06-27T00:00:00+00:00
[2023-06-27T01:01:30.977+0000] {processor.py:179} INFO - Processing /home/airflow/.local/lib/python3.8/site-packages/airflow/example_dags/example_bash_operator.py took 4.715 seconds
[2023-06-27T01:08:17.159+0000] {processor.py:157} INFO - Started process (PID=265) to work on /home/airflow/.local/lib/python3.8/site-packages/airflow/example_dags/example_bash_operator.py
[2023-06-27T01:08:17.302+0000] {processor.py:826} INFO - Processing file /home/airflow/.local/lib/python3.8/site-packages/airflow/example_dags/example_bash_operator.py for tasks to queue
[2023-06-27T01:08:18.551+0000] {logging_mixin.py:149} INFO - [2023-06-27T01:08:18.551+0000] {dagbag.py:541} INFO - Filling up the DagBag from /home/airflow/.local/lib/python3.8/site-packages/airflow/example_dags/example_bash_operator.py
[2023-06-27T01:08:22.226+0000] {processor.py:836} INFO - DAG(s) dict_keys(['example_bash_operator']) retrieved from /home/airflow/.local/lib/python3.8/site-packages/airflow/example_dags/example_bash_operator.py
[2023-06-27T01:08:40.117+0000] {logging_mixin.py:149} INFO - [2023-06-27T01:08:40.116+0000] {dag.py:2726} INFO - Sync 1 DAGs
[2023-06-27T01:37:37.754+0000] {processor.py:157} INFO - Started process (PID=61) to work on /home/airflow/.local/lib/python3.8/site-packages/airflow/example_dags/example_bash_operator.py
[2023-06-27T01:37:37.764+0000] {processor.py:826} INFO - Processing file /home/airflow/.local/lib/python3.8/site-packages/airflow/example_dags/example_bash_operator.py for tasks to queue
[2023-06-27T01:37:37.765+0000] {logging_mixin.py:149} INFO - [2023-06-27T01:37:37.765+0000] {dagbag.py:541} INFO - Filling up the DagBag from /home/airflow/.local/lib/python3.8/site-packages/airflow/example_dags/example_bash_operator.py
[2023-06-27T01:37:37.804+0000] {processor.py:836} INFO - DAG(s) dict_keys(['example_bash_operator']) retrieved from /home/airflow/.local/lib/python3.8/site-packages/airflow/example_dags/example_bash_operator.py
[2023-06-27T01:37:38.158+0000] {logging_mixin.py:149} INFO - [2023-06-27T01:37:38.158+0000] {dag.py:2726} INFO - Sync 1 DAGs
[2023-06-27T01:37:38.215+0000] {logging_mixin.py:149} INFO - [2023-06-27T01:37:38.215+0000] {dag.py:3486} INFO - Setting next_dagrun for example_bash_operator to 2023-06-26T00:00:00+00:00, run_after=2023-06-27T00:00:00+00:00
[2023-06-27T01:37:38.275+0000] {processor.py:179} INFO - Processing /home/airflow/.local/lib/python3.8/site-packages/airflow/example_dags/example_bash_operator.py took 0.536 seconds
[2023-06-27T01:39:04.085+0000] {processor.py:157} INFO - Started process (PID=144) to work on /home/airflow/.local/lib/python3.8/site-packages/airflow/example_dags/example_bash_operator.py
[2023-06-27T01:39:04.124+0000] {processor.py:826} INFO - Processing file /home/airflow/.local/lib/python3.8/site-packages/airflow/example_dags/example_bash_operator.py for tasks to queue
[2023-06-27T01:39:04.184+0000] {logging_mixin.py:149} INFO - [2023-06-27T01:39:04.184+0000] {dagbag.py:541} INFO - Filling up the DagBag from /home/airflow/.local/lib/python3.8/site-packages/airflow/example_dags/example_bash_operator.py
[2023-06-27T01:39:06.214+0000] {processor.py:836} INFO - DAG(s) dict_keys(['example_bash_operator']) retrieved from /home/airflow/.local/lib/python3.8/site-packages/airflow/example_dags/example_bash_operator.py
[2023-06-27T01:39:10.768+0000] {logging_mixin.py:149} INFO - [2023-06-27T01:39:10.767+0000] {dag.py:2726} INFO - Sync 1 DAGs
[2023-06-27T01:39:13.377+0000] {logging_mixin.py:149} INFO - [2023-06-27T01:39:13.317+0000] {dag.py:3486} INFO - Setting next_dagrun for example_bash_operator to 2023-06-26T00:00:00+00:00, run_after=2023-06-27T00:00:00+00:00
[2023-06-27T01:39:15.983+0000] {processor.py:179} INFO - Processing /home/airflow/.local/lib/python3.8/site-packages/airflow/example_dags/example_bash_operator.py took 13.098 seconds
[2023-06-27T01:40:31.550+0000] {processor.py:157} INFO - Started process (PID=213) to work on /home/airflow/.local/lib/python3.8/site-packages/airflow/example_dags/example_bash_operator.py
[2023-06-27T01:40:31.592+0000] {processor.py:826} INFO - Processing file /home/airflow/.local/lib/python3.8/site-packages/airflow/example_dags/example_bash_operator.py for tasks to queue
[2023-06-27T01:40:31.615+0000] {logging_mixin.py:149} INFO - [2023-06-27T01:40:31.614+0000] {dagbag.py:541} INFO - Filling up the DagBag from /home/airflow/.local/lib/python3.8/site-packages/airflow/example_dags/example_bash_operator.py
[2023-06-27T01:40:31.994+0000] {processor.py:836} INFO - DAG(s) dict_keys(['example_bash_operator']) retrieved from /home/airflow/.local/lib/python3.8/site-packages/airflow/example_dags/example_bash_operator.py
[2023-06-27T01:40:32.782+0000] {logging_mixin.py:149} INFO - [2023-06-27T01:40:32.782+0000] {dag.py:2726} INFO - Sync 1 DAGs
[2023-06-27T01:40:33.548+0000] {logging_mixin.py:149} INFO - [2023-06-27T01:40:33.548+0000] {dag.py:3486} INFO - Setting next_dagrun for example_bash_operator to 2023-06-26T00:00:00+00:00, run_after=2023-06-27T00:00:00+00:00
[2023-06-27T01:40:34.205+0000] {processor.py:179} INFO - Processing /home/airflow/.local/lib/python3.8/site-packages/airflow/example_dags/example_bash_operator.py took 2.766 seconds
[2023-06-27T01:45:27.656+0000] {processor.py:157} INFO - Started process (PID=372) to work on /home/airflow/.local/lib/python3.8/site-packages/airflow/example_dags/example_bash_operator.py
[2023-06-27T01:45:27.758+0000] {processor.py:826} INFO - Processing file /home/airflow/.local/lib/python3.8/site-packages/airflow/example_dags/example_bash_operator.py for tasks to queue
[2023-06-27T01:45:27.807+0000] {logging_mixin.py:149} INFO - [2023-06-27T01:45:27.807+0000] {dagbag.py:541} INFO - Filling up the DagBag from /home/airflow/.local/lib/python3.8/site-packages/airflow/example_dags/example_bash_operator.py
[2023-06-27T01:45:28.487+0000] {processor.py:836} INFO - DAG(s) dict_keys(['example_bash_operator']) retrieved from /home/airflow/.local/lib/python3.8/site-packages/airflow/example_dags/example_bash_operator.py
[2023-06-27T01:45:35.773+0000] {logging_mixin.py:149} INFO - [2023-06-27T01:45:35.772+0000] {dag.py:2726} INFO - Sync 1 DAGs
[2023-06-27T01:45:35.989+0000] {logging_mixin.py:149} INFO - [2023-06-27T01:45:35.989+0000] {dag.py:3486} INFO - Setting next_dagrun for example_bash_operator to 2023-06-26T00:00:00+00:00, run_after=2023-06-27T00:00:00+00:00
[2023-06-27T01:45:36.217+0000] {processor.py:179} INFO - Processing /home/airflow/.local/lib/python3.8/site-packages/airflow/example_dags/example_bash_operator.py took 8.647 seconds
[2023-06-27T02:17:02.112+0000] {processor.py:157} INFO - Started process (PID=66) to work on /home/airflow/.local/lib/python3.8/site-packages/airflow/example_dags/example_bash_operator.py
[2023-06-27T02:17:02.190+0000] {processor.py:826} INFO - Processing file /home/airflow/.local/lib/python3.8/site-packages/airflow/example_dags/example_bash_operator.py for tasks to queue
[2023-06-27T02:17:02.191+0000] {logging_mixin.py:149} INFO - [2023-06-27T02:17:02.191+0000] {dagbag.py:541} INFO - Filling up the DagBag from /home/airflow/.local/lib/python3.8/site-packages/airflow/example_dags/example_bash_operator.py
[2023-06-27T02:17:03.966+0000] {processor.py:836} INFO - DAG(s) dict_keys(['example_bash_operator']) retrieved from /home/airflow/.local/lib/python3.8/site-packages/airflow/example_dags/example_bash_operator.py
[2023-06-27T02:17:07.707+0000] {logging_mixin.py:149} INFO - [2023-06-27T02:17:07.707+0000] {dag.py:2726} INFO - Sync 1 DAGs
[2023-06-27T02:17:09.612+0000] {logging_mixin.py:149} INFO - [2023-06-27T02:17:09.611+0000] {dag.py:3486} INFO - Setting next_dagrun for example_bash_operator to 2023-06-26T00:00:00+00:00, run_after=2023-06-27T00:00:00+00:00
[2023-06-27T02:17:10.501+0000] {processor.py:179} INFO - Processing /home/airflow/.local/lib/python3.8/site-packages/airflow/example_dags/example_bash_operator.py took 8.691 seconds
[2023-06-27T02:24:57.809+0000] {processor.py:157} INFO - Started process (PID=302) to work on /home/airflow/.local/lib/python3.8/site-packages/airflow/example_dags/example_bash_operator.py
[2023-06-27T02:24:57.847+0000] {processor.py:826} INFO - Processing file /home/airflow/.local/lib/python3.8/site-packages/airflow/example_dags/example_bash_operator.py for tasks to queue
[2023-06-27T02:24:57.849+0000] {logging_mixin.py:149} INFO - [2023-06-27T02:24:57.848+0000] {dagbag.py:541} INFO - Filling up the DagBag from /home/airflow/.local/lib/python3.8/site-packages/airflow/example_dags/example_bash_operator.py
[2023-06-27T02:25:03.081+0000] {processor.py:836} INFO - DAG(s) dict_keys(['example_bash_operator']) retrieved from /home/airflow/.local/lib/python3.8/site-packages/airflow/example_dags/example_bash_operator.py
[2023-06-27T02:25:10.869+0000] {logging_mixin.py:149} INFO - [2023-06-27T02:25:10.829+0000] {dag.py:2726} INFO - Sync 1 DAGs
[2023-06-27T02:25:12.929+0000] {logging_mixin.py:149} INFO - [2023-06-27T02:25:12.917+0000] {dag.py:3486} INFO - Setting next_dagrun for example_bash_operator to 2023-06-26T00:00:00+00:00, run_after=2023-06-27T00:00:00+00:00
[2023-06-27T02:25:23.138+0000] {processor.py:179} INFO - Processing /home/airflow/.local/lib/python3.8/site-packages/airflow/example_dags/example_bash_operator.py took 28.691 seconds
[2023-06-27T06:15:38.760+0000] {processor.py:157} INFO - Started process (PID=308) to work on /home/airflow/.local/lib/python3.8/site-packages/airflow/example_dags/example_bash_operator.py
[2023-06-27T06:15:38.818+0000] {processor.py:826} INFO - Processing file /home/airflow/.local/lib/python3.8/site-packages/airflow/example_dags/example_bash_operator.py for tasks to queue
[2023-06-27T06:15:38.819+0000] {logging_mixin.py:149} INFO - [2023-06-27T06:15:38.818+0000] {dagbag.py:541} INFO - Filling up the DagBag from /home/airflow/.local/lib/python3.8/site-packages/airflow/example_dags/example_bash_operator.py
[2023-06-27T06:15:39.108+0000] {processor.py:836} INFO - DAG(s) dict_keys(['example_bash_operator']) retrieved from /home/airflow/.local/lib/python3.8/site-packages/airflow/example_dags/example_bash_operator.py
[2023-06-27T06:15:40.118+0000] {logging_mixin.py:149} INFO - [2023-06-27T06:15:40.118+0000] {dag.py:2726} INFO - Sync 1 DAGs
[2023-06-27T06:15:40.611+0000] {logging_mixin.py:149} INFO - [2023-06-27T06:15:40.610+0000] {dag.py:3486} INFO - Setting next_dagrun for example_bash_operator to 2023-06-26T00:00:00+00:00, run_after=2023-06-27T00:00:00+00:00
[2023-06-27T06:15:41.437+0000] {processor.py:179} INFO - Processing /home/airflow/.local/lib/python3.8/site-packages/airflow/example_dags/example_bash_operator.py took 2.738 seconds
[2023-06-27T08:56:16.912+0000] {processor.py:157} INFO - Started process (PID=507) to work on /home/airflow/.local/lib/python3.8/site-packages/airflow/example_dags/example_bash_operator.py
[2023-06-27T08:56:16.948+0000] {processor.py:826} INFO - Processing file /home/airflow/.local/lib/python3.8/site-packages/airflow/example_dags/example_bash_operator.py for tasks to queue
[2023-06-27T08:56:16.949+0000] {logging_mixin.py:149} INFO - [2023-06-27T08:56:16.949+0000] {dagbag.py:541} INFO - Filling up the DagBag from /home/airflow/.local/lib/python3.8/site-packages/airflow/example_dags/example_bash_operator.py
[2023-06-27T08:56:17.070+0000] {processor.py:836} INFO - DAG(s) dict_keys(['example_bash_operator']) retrieved from /home/airflow/.local/lib/python3.8/site-packages/airflow/example_dags/example_bash_operator.py
[2023-06-27T08:56:17.183+0000] {logging_mixin.py:149} INFO - [2023-06-27T08:56:17.183+0000] {dag.py:2726} INFO - Sync 1 DAGs
[2023-06-27T08:56:17.283+0000] {logging_mixin.py:149} INFO - [2023-06-27T08:56:17.283+0000] {dag.py:3486} INFO - Setting next_dagrun for example_bash_operator to 2023-06-26T00:00:00+00:00, run_after=2023-06-27T00:00:00+00:00
[2023-06-27T08:56:17.486+0000] {processor.py:179} INFO - Processing /home/airflow/.local/lib/python3.8/site-packages/airflow/example_dags/example_bash_operator.py took 0.602 seconds
[2023-06-27T08:56:45.424+0000] {processor.py:157} INFO - Started process (PID=559) to work on /home/airflow/.local/lib/python3.8/site-packages/airflow/example_dags/example_bash_operator.py
[2023-06-27T08:56:45.435+0000] {processor.py:826} INFO - Processing file /home/airflow/.local/lib/python3.8/site-packages/airflow/example_dags/example_bash_operator.py for tasks to queue
[2023-06-27T08:56:45.442+0000] {logging_mixin.py:149} INFO - [2023-06-27T08:56:45.442+0000] {dagbag.py:541} INFO - Filling up the DagBag from /home/airflow/.local/lib/python3.8/site-packages/airflow/example_dags/example_bash_operator.py
[2023-06-27T08:56:45.532+0000] {processor.py:836} INFO - DAG(s) dict_keys(['example_bash_operator']) retrieved from /home/airflow/.local/lib/python3.8/site-packages/airflow/example_dags/example_bash_operator.py
[2023-06-27T08:56:45.612+0000] {logging_mixin.py:149} INFO - [2023-06-27T08:56:45.612+0000] {dag.py:2726} INFO - Sync 1 DAGs
[2023-06-27T08:56:45.668+0000] {logging_mixin.py:149} INFO - [2023-06-27T08:56:45.668+0000] {dag.py:3486} INFO - Setting next_dagrun for example_bash_operator to 2023-06-26T00:00:00+00:00, run_after=2023-06-27T00:00:00+00:00
[2023-06-27T08:56:45.746+0000] {processor.py:179} INFO - Processing /home/airflow/.local/lib/python3.8/site-packages/airflow/example_dags/example_bash_operator.py took 0.343 seconds
[2023-06-27T08:59:53.176+0000] {processor.py:157} INFO - Started process (PID=696) to work on /home/airflow/.local/lib/python3.8/site-packages/airflow/example_dags/example_bash_operator.py
[2023-06-27T08:59:53.356+0000] {processor.py:826} INFO - Processing file /home/airflow/.local/lib/python3.8/site-packages/airflow/example_dags/example_bash_operator.py for tasks to queue
[2023-06-27T08:59:53.358+0000] {logging_mixin.py:149} INFO - [2023-06-27T08:59:53.358+0000] {dagbag.py:541} INFO - Filling up the DagBag from /home/airflow/.local/lib/python3.8/site-packages/airflow/example_dags/example_bash_operator.py
[2023-06-27T08:59:57.212+0000] {processor.py:836} INFO - DAG(s) dict_keys(['example_bash_operator']) retrieved from /home/airflow/.local/lib/python3.8/site-packages/airflow/example_dags/example_bash_operator.py
[2023-06-27T09:00:06.522+0000] {logging_mixin.py:149} INFO - [2023-06-27T09:00:06.522+0000] {dag.py:2726} INFO - Sync 1 DAGs
[2023-06-27T09:00:07.319+0000] {logging_mixin.py:149} INFO - [2023-06-27T09:00:07.319+0000] {dag.py:3486} INFO - Setting next_dagrun for example_bash_operator to 2023-06-26T00:00:00+00:00, run_after=2023-06-27T00:00:00+00:00
[2023-06-27T09:00:07.965+0000] {processor.py:179} INFO - Processing /home/airflow/.local/lib/python3.8/site-packages/airflow/example_dags/example_bash_operator.py took 15.553 seconds
[2023-06-27T09:03:52.460+0000] {processor.py:157} INFO - Started process (PID=841) to work on /home/airflow/.local/lib/python3.8/site-packages/airflow/example_dags/example_bash_operator.py
[2023-06-27T09:03:52.519+0000] {processor.py:826} INFO - Processing file /home/airflow/.local/lib/python3.8/site-packages/airflow/example_dags/example_bash_operator.py for tasks to queue
[2023-06-27T09:03:52.520+0000] {logging_mixin.py:149} INFO - [2023-06-27T09:03:52.520+0000] {dagbag.py:541} INFO - Filling up the DagBag from /home/airflow/.local/lib/python3.8/site-packages/airflow/example_dags/example_bash_operator.py
[2023-06-27T09:03:58.556+0000] {processor.py:836} INFO - DAG(s) dict_keys(['example_bash_operator']) retrieved from /home/airflow/.local/lib/python3.8/site-packages/airflow/example_dags/example_bash_operator.py
[2023-06-27T09:04:08.546+0000] {logging_mixin.py:149} INFO - [2023-06-27T09:04:08.546+0000] {dag.py:2726} INFO - Sync 1 DAGs
[2023-06-27T09:04:14.951+0000] {logging_mixin.py:149} INFO - [2023-06-27T09:04:14.950+0000] {dag.py:3486} INFO - Setting next_dagrun for example_bash_operator to 2023-06-26T00:00:00+00:00, run_after=2023-06-27T00:00:00+00:00
[2023-06-27T09:04:18.798+0000] {processor.py:179} INFO - Processing /home/airflow/.local/lib/python3.8/site-packages/airflow/example_dags/example_bash_operator.py took 28.082 seconds
[2023-06-27T09:20:42.607+0000] {processor.py:157} INFO - Started process (PID=60) to work on /home/airflow/.local/lib/python3.8/site-packages/airflow/example_dags/example_bash_operator.py
[2023-06-27T09:20:42.615+0000] {processor.py:826} INFO - Processing file /home/airflow/.local/lib/python3.8/site-packages/airflow/example_dags/example_bash_operator.py for tasks to queue
[2023-06-27T09:20:42.615+0000] {logging_mixin.py:149} INFO - [2023-06-27T09:20:42.615+0000] {dagbag.py:541} INFO - Filling up the DagBag from /home/airflow/.local/lib/python3.8/site-packages/airflow/example_dags/example_bash_operator.py
[2023-06-27T09:20:42.694+0000] {processor.py:836} INFO - DAG(s) dict_keys(['example_bash_operator']) retrieved from /home/airflow/.local/lib/python3.8/site-packages/airflow/example_dags/example_bash_operator.py
[2023-06-27T09:20:43.011+0000] {logging_mixin.py:149} INFO - [2023-06-27T09:20:43.011+0000] {dag.py:2726} INFO - Sync 1 DAGs
[2023-06-27T09:20:43.168+0000] {logging_mixin.py:149} INFO - [2023-06-27T09:20:43.168+0000] {dag.py:3486} INFO - Setting next_dagrun for example_bash_operator to 2023-06-26T00:00:00+00:00, run_after=2023-06-27T00:00:00+00:00
[2023-06-27T09:20:43.270+0000] {processor.py:179} INFO - Processing /home/airflow/.local/lib/python3.8/site-packages/airflow/example_dags/example_bash_operator.py took 0.686 seconds
[2023-06-27T09:21:13.446+0000] {processor.py:157} INFO - Started process (PID=127) to work on /home/airflow/.local/lib/python3.8/site-packages/airflow/example_dags/example_bash_operator.py
[2023-06-27T09:21:13.463+0000] {processor.py:826} INFO - Processing file /home/airflow/.local/lib/python3.8/site-packages/airflow/example_dags/example_bash_operator.py for tasks to queue
[2023-06-27T09:21:13.465+0000] {logging_mixin.py:149} INFO - [2023-06-27T09:21:13.465+0000] {dagbag.py:541} INFO - Filling up the DagBag from /home/airflow/.local/lib/python3.8/site-packages/airflow/example_dags/example_bash_operator.py
[2023-06-27T09:21:13.596+0000] {processor.py:836} INFO - DAG(s) dict_keys(['example_bash_operator']) retrieved from /home/airflow/.local/lib/python3.8/site-packages/airflow/example_dags/example_bash_operator.py
[2023-06-27T09:21:13.719+0000] {logging_mixin.py:149} INFO - [2023-06-27T09:21:13.719+0000] {dag.py:2726} INFO - Sync 1 DAGs
[2023-06-27T09:21:13.790+0000] {logging_mixin.py:149} INFO - [2023-06-27T09:21:13.790+0000] {dag.py:3486} INFO - Setting next_dagrun for example_bash_operator to 2023-06-26T00:00:00+00:00, run_after=2023-06-27T00:00:00+00:00
[2023-06-27T09:21:13.895+0000] {processor.py:179} INFO - Processing /home/airflow/.local/lib/python3.8/site-packages/airflow/example_dags/example_bash_operator.py took 0.470 seconds
[2023-06-27T09:21:44.406+0000] {processor.py:157} INFO - Started process (PID=186) to work on /home/airflow/.local/lib/python3.8/site-packages/airflow/example_dags/example_bash_operator.py
[2023-06-27T09:21:44.415+0000] {processor.py:826} INFO - Processing file /home/airflow/.local/lib/python3.8/site-packages/airflow/example_dags/example_bash_operator.py for tasks to queue
[2023-06-27T09:21:44.417+0000] {logging_mixin.py:149} INFO - [2023-06-27T09:21:44.416+0000] {dagbag.py:541} INFO - Filling up the DagBag from /home/airflow/.local/lib/python3.8/site-packages/airflow/example_dags/example_bash_operator.py
[2023-06-27T09:21:44.463+0000] {processor.py:836} INFO - DAG(s) dict_keys(['example_bash_operator']) retrieved from /home/airflow/.local/lib/python3.8/site-packages/airflow/example_dags/example_bash_operator.py
[2023-06-27T09:21:44.595+0000] {logging_mixin.py:149} INFO - [2023-06-27T09:21:44.595+0000] {dag.py:2726} INFO - Sync 1 DAGs
[2023-06-27T09:21:44.649+0000] {logging_mixin.py:149} INFO - [2023-06-27T09:21:44.649+0000] {dag.py:3486} INFO - Setting next_dagrun for example_bash_operator to 2023-06-26T00:00:00+00:00, run_after=2023-06-27T00:00:00+00:00
[2023-06-27T09:21:44.721+0000] {processor.py:179} INFO - Processing /home/airflow/.local/lib/python3.8/site-packages/airflow/example_dags/example_bash_operator.py took 0.321 seconds
[2023-06-27T09:22:15.193+0000] {processor.py:157} INFO - Started process (PID=260) to work on /home/airflow/.local/lib/python3.8/site-packages/airflow/example_dags/example_bash_operator.py
[2023-06-27T09:22:15.194+0000] {processor.py:826} INFO - Processing file /home/airflow/.local/lib/python3.8/site-packages/airflow/example_dags/example_bash_operator.py for tasks to queue
[2023-06-27T09:22:15.196+0000] {logging_mixin.py:149} INFO - [2023-06-27T09:22:15.195+0000] {dagbag.py:541} INFO - Filling up the DagBag from /home/airflow/.local/lib/python3.8/site-packages/airflow/example_dags/example_bash_operator.py
[2023-06-27T09:22:15.257+0000] {processor.py:836} INFO - DAG(s) dict_keys(['example_bash_operator']) retrieved from /home/airflow/.local/lib/python3.8/site-packages/airflow/example_dags/example_bash_operator.py
[2023-06-27T09:22:15.421+0000] {logging_mixin.py:149} INFO - [2023-06-27T09:22:15.421+0000] {dag.py:2726} INFO - Sync 1 DAGs
[2023-06-27T09:22:15.507+0000] {logging_mixin.py:149} INFO - [2023-06-27T09:22:15.506+0000] {dag.py:3486} INFO - Setting next_dagrun for example_bash_operator to 2023-06-26T00:00:00+00:00, run_after=2023-06-27T00:00:00+00:00
[2023-06-27T09:22:15.572+0000] {processor.py:179} INFO - Processing /home/airflow/.local/lib/python3.8/site-packages/airflow/example_dags/example_bash_operator.py took 0.392 seconds
[2023-06-27T09:22:46.005+0000] {processor.py:157} INFO - Started process (PID=321) to work on /home/airflow/.local/lib/python3.8/site-packages/airflow/example_dags/example_bash_operator.py
[2023-06-27T09:22:46.010+0000] {processor.py:826} INFO - Processing file /home/airflow/.local/lib/python3.8/site-packages/airflow/example_dags/example_bash_operator.py for tasks to queue
[2023-06-27T09:22:46.015+0000] {logging_mixin.py:149} INFO - [2023-06-27T09:22:46.014+0000] {dagbag.py:541} INFO - Filling up the DagBag from /home/airflow/.local/lib/python3.8/site-packages/airflow/example_dags/example_bash_operator.py
[2023-06-27T09:22:46.053+0000] {processor.py:836} INFO - DAG(s) dict_keys(['example_bash_operator']) retrieved from /home/airflow/.local/lib/python3.8/site-packages/airflow/example_dags/example_bash_operator.py
[2023-06-27T09:22:46.164+0000] {logging_mixin.py:149} INFO - [2023-06-27T09:22:46.164+0000] {dag.py:2726} INFO - Sync 1 DAGs
[2023-06-27T09:22:46.241+0000] {logging_mixin.py:149} INFO - [2023-06-27T09:22:46.241+0000] {dag.py:3486} INFO - Setting next_dagrun for example_bash_operator to 2023-06-26T00:00:00+00:00, run_after=2023-06-27T00:00:00+00:00
[2023-06-27T09:22:46.288+0000] {processor.py:179} INFO - Processing /home/airflow/.local/lib/python3.8/site-packages/airflow/example_dags/example_bash_operator.py took 0.297 seconds
[2023-06-27T09:23:16.662+0000] {processor.py:157} INFO - Started process (PID=388) to work on /home/airflow/.local/lib/python3.8/site-packages/airflow/example_dags/example_bash_operator.py
[2023-06-27T09:23:16.664+0000] {processor.py:826} INFO - Processing file /home/airflow/.local/lib/python3.8/site-packages/airflow/example_dags/example_bash_operator.py for tasks to queue
[2023-06-27T09:23:16.666+0000] {logging_mixin.py:149} INFO - [2023-06-27T09:23:16.666+0000] {dagbag.py:541} INFO - Filling up the DagBag from /home/airflow/.local/lib/python3.8/site-packages/airflow/example_dags/example_bash_operator.py
[2023-06-27T09:23:16.700+0000] {processor.py:836} INFO - DAG(s) dict_keys(['example_bash_operator']) retrieved from /home/airflow/.local/lib/python3.8/site-packages/airflow/example_dags/example_bash_operator.py
[2023-06-27T09:23:16.843+0000] {logging_mixin.py:149} INFO - [2023-06-27T09:23:16.843+0000] {dag.py:2726} INFO - Sync 1 DAGs
[2023-06-27T09:23:16.937+0000] {logging_mixin.py:149} INFO - [2023-06-27T09:23:16.937+0000] {dag.py:3486} INFO - Setting next_dagrun for example_bash_operator to 2023-06-26T00:00:00+00:00, run_after=2023-06-27T00:00:00+00:00
[2023-06-27T09:23:16.991+0000] {processor.py:179} INFO - Processing /home/airflow/.local/lib/python3.8/site-packages/airflow/example_dags/example_bash_operator.py took 0.345 seconds
[2023-06-27T09:23:47.601+0000] {processor.py:157} INFO - Started process (PID=454) to work on /home/airflow/.local/lib/python3.8/site-packages/airflow/example_dags/example_bash_operator.py
[2023-06-27T09:23:47.615+0000] {processor.py:826} INFO - Processing file /home/airflow/.local/lib/python3.8/site-packages/airflow/example_dags/example_bash_operator.py for tasks to queue
[2023-06-27T09:23:47.617+0000] {logging_mixin.py:149} INFO - [2023-06-27T09:23:47.617+0000] {dagbag.py:541} INFO - Filling up the DagBag from /home/airflow/.local/lib/python3.8/site-packages/airflow/example_dags/example_bash_operator.py
[2023-06-27T09:23:47.679+0000] {processor.py:836} INFO - DAG(s) dict_keys(['example_bash_operator']) retrieved from /home/airflow/.local/lib/python3.8/site-packages/airflow/example_dags/example_bash_operator.py
[2023-06-27T09:23:47.860+0000] {logging_mixin.py:149} INFO - [2023-06-27T09:23:47.860+0000] {dag.py:2726} INFO - Sync 1 DAGs
[2023-06-27T09:23:47.930+0000] {logging_mixin.py:149} INFO - [2023-06-27T09:23:47.930+0000] {dag.py:3486} INFO - Setting next_dagrun for example_bash_operator to 2023-06-26T00:00:00+00:00, run_after=2023-06-27T00:00:00+00:00
[2023-06-27T09:23:47.987+0000] {processor.py:179} INFO - Processing /home/airflow/.local/lib/python3.8/site-packages/airflow/example_dags/example_bash_operator.py took 0.410 seconds
[2023-06-27T09:25:49.397+0000] {processor.py:157} INFO - Started process (PID=58) to work on /home/airflow/.local/lib/python3.8/site-packages/airflow/example_dags/example_bash_operator.py
[2023-06-27T09:25:49.431+0000] {processor.py:826} INFO - Processing file /home/airflow/.local/lib/python3.8/site-packages/airflow/example_dags/example_bash_operator.py for tasks to queue
[2023-06-27T09:25:49.432+0000] {logging_mixin.py:149} INFO - [2023-06-27T09:25:49.431+0000] {dagbag.py:541} INFO - Filling up the DagBag from /home/airflow/.local/lib/python3.8/site-packages/airflow/example_dags/example_bash_operator.py
[2023-06-27T09:25:49.523+0000] {processor.py:836} INFO - DAG(s) dict_keys(['example_bash_operator']) retrieved from /home/airflow/.local/lib/python3.8/site-packages/airflow/example_dags/example_bash_operator.py
[2023-06-27T09:25:49.815+0000] {logging_mixin.py:149} INFO - [2023-06-27T09:25:49.815+0000] {dag.py:2726} INFO - Sync 1 DAGs
[2023-06-27T09:25:49.937+0000] {logging_mixin.py:149} INFO - [2023-06-27T09:25:49.937+0000] {dag.py:3486} INFO - Setting next_dagrun for example_bash_operator to 2023-06-26T00:00:00+00:00, run_after=2023-06-27T00:00:00+00:00
[2023-06-27T09:25:50.087+0000] {processor.py:179} INFO - Processing /home/airflow/.local/lib/python3.8/site-packages/airflow/example_dags/example_bash_operator.py took 0.707 seconds
[2023-06-27T09:26:20.174+0000] {processor.py:157} INFO - Started process (PID=121) to work on /home/airflow/.local/lib/python3.8/site-packages/airflow/example_dags/example_bash_operator.py
[2023-06-27T09:26:20.179+0000] {processor.py:826} INFO - Processing file /home/airflow/.local/lib/python3.8/site-packages/airflow/example_dags/example_bash_operator.py for tasks to queue
[2023-06-27T09:26:20.180+0000] {logging_mixin.py:149} INFO - [2023-06-27T09:26:20.180+0000] {dagbag.py:541} INFO - Filling up the DagBag from /home/airflow/.local/lib/python3.8/site-packages/airflow/example_dags/example_bash_operator.py
[2023-06-27T09:26:20.281+0000] {processor.py:836} INFO - DAG(s) dict_keys(['example_bash_operator']) retrieved from /home/airflow/.local/lib/python3.8/site-packages/airflow/example_dags/example_bash_operator.py
[2023-06-27T09:26:20.515+0000] {logging_mixin.py:149} INFO - [2023-06-27T09:26:20.515+0000] {dag.py:2726} INFO - Sync 1 DAGs
[2023-06-27T09:26:20.604+0000] {logging_mixin.py:149} INFO - [2023-06-27T09:26:20.604+0000] {dag.py:3486} INFO - Setting next_dagrun for example_bash_operator to 2023-06-26T00:00:00+00:00, run_after=2023-06-27T00:00:00+00:00
[2023-06-27T09:26:20.674+0000] {processor.py:179} INFO - Processing /home/airflow/.local/lib/python3.8/site-packages/airflow/example_dags/example_bash_operator.py took 0.520 seconds
[2023-06-27T09:26:51.490+0000] {processor.py:157} INFO - Started process (PID=189) to work on /home/airflow/.local/lib/python3.8/site-packages/airflow/example_dags/example_bash_operator.py
[2023-06-27T09:26:51.495+0000] {processor.py:826} INFO - Processing file /home/airflow/.local/lib/python3.8/site-packages/airflow/example_dags/example_bash_operator.py for tasks to queue
[2023-06-27T09:26:51.497+0000] {logging_mixin.py:149} INFO - [2023-06-27T09:26:51.497+0000] {dagbag.py:541} INFO - Filling up the DagBag from /home/airflow/.local/lib/python3.8/site-packages/airflow/example_dags/example_bash_operator.py
[2023-06-27T09:26:51.553+0000] {processor.py:836} INFO - DAG(s) dict_keys(['example_bash_operator']) retrieved from /home/airflow/.local/lib/python3.8/site-packages/airflow/example_dags/example_bash_operator.py
[2023-06-27T09:26:51.680+0000] {logging_mixin.py:149} INFO - [2023-06-27T09:26:51.674+0000] {dag.py:2726} INFO - Sync 1 DAGs
[2023-06-27T09:26:51.797+0000] {logging_mixin.py:149} INFO - [2023-06-27T09:26:51.797+0000] {dag.py:3486} INFO - Setting next_dagrun for example_bash_operator to 2023-06-26T00:00:00+00:00, run_after=2023-06-27T00:00:00+00:00
[2023-06-27T09:26:51.882+0000] {processor.py:179} INFO - Processing /home/airflow/.local/lib/python3.8/site-packages/airflow/example_dags/example_bash_operator.py took 0.399 seconds
[2023-06-27T09:27:21.907+0000] {processor.py:157} INFO - Started process (PID=253) to work on /home/airflow/.local/lib/python3.8/site-packages/airflow/example_dags/example_bash_operator.py
[2023-06-27T09:27:21.909+0000] {processor.py:826} INFO - Processing file /home/airflow/.local/lib/python3.8/site-packages/airflow/example_dags/example_bash_operator.py for tasks to queue
[2023-06-27T09:27:21.911+0000] {logging_mixin.py:149} INFO - [2023-06-27T09:27:21.911+0000] {dagbag.py:541} INFO - Filling up the DagBag from /home/airflow/.local/lib/python3.8/site-packages/airflow/example_dags/example_bash_operator.py
[2023-06-27T09:27:21.928+0000] {processor.py:836} INFO - DAG(s) dict_keys(['example_bash_operator']) retrieved from /home/airflow/.local/lib/python3.8/site-packages/airflow/example_dags/example_bash_operator.py
[2023-06-27T09:27:21.982+0000] {logging_mixin.py:149} INFO - [2023-06-27T09:27:21.982+0000] {dag.py:2726} INFO - Sync 1 DAGs
[2023-06-27T09:27:22.013+0000] {logging_mixin.py:149} INFO - [2023-06-27T09:27:22.013+0000] {dag.py:3486} INFO - Setting next_dagrun for example_bash_operator to 2023-06-26T00:00:00+00:00, run_after=2023-06-27T00:00:00+00:00
[2023-06-27T09:27:22.034+0000] {processor.py:179} INFO - Processing /home/airflow/.local/lib/python3.8/site-packages/airflow/example_dags/example_bash_operator.py took 0.132 seconds
[2023-06-27T09:27:52.731+0000] {processor.py:157} INFO - Started process (PID=319) to work on /home/airflow/.local/lib/python3.8/site-packages/airflow/example_dags/example_bash_operator.py
[2023-06-27T09:27:52.732+0000] {processor.py:826} INFO - Processing file /home/airflow/.local/lib/python3.8/site-packages/airflow/example_dags/example_bash_operator.py for tasks to queue
[2023-06-27T09:27:52.738+0000] {logging_mixin.py:149} INFO - [2023-06-27T09:27:52.734+0000] {dagbag.py:541} INFO - Filling up the DagBag from /home/airflow/.local/lib/python3.8/site-packages/airflow/example_dags/example_bash_operator.py
[2023-06-27T09:27:52.775+0000] {processor.py:836} INFO - DAG(s) dict_keys(['example_bash_operator']) retrieved from /home/airflow/.local/lib/python3.8/site-packages/airflow/example_dags/example_bash_operator.py
[2023-06-27T09:27:52.879+0000] {logging_mixin.py:149} INFO - [2023-06-27T09:27:52.879+0000] {dag.py:2726} INFO - Sync 1 DAGs
[2023-06-27T09:27:52.937+0000] {logging_mixin.py:149} INFO - [2023-06-27T09:27:52.937+0000] {dag.py:3486} INFO - Setting next_dagrun for example_bash_operator to 2023-06-26T00:00:00+00:00, run_after=2023-06-27T00:00:00+00:00
[2023-06-27T09:27:52.990+0000] {processor.py:179} INFO - Processing /home/airflow/.local/lib/python3.8/site-packages/airflow/example_dags/example_bash_operator.py took 0.268 seconds
[2023-06-27T09:28:23.039+0000] {processor.py:157} INFO - Started process (PID=395) to work on /home/airflow/.local/lib/python3.8/site-packages/airflow/example_dags/example_bash_operator.py
[2023-06-27T09:28:23.043+0000] {processor.py:826} INFO - Processing file /home/airflow/.local/lib/python3.8/site-packages/airflow/example_dags/example_bash_operator.py for tasks to queue
[2023-06-27T09:28:23.044+0000] {logging_mixin.py:149} INFO - [2023-06-27T09:28:23.044+0000] {dagbag.py:541} INFO - Filling up the DagBag from /home/airflow/.local/lib/python3.8/site-packages/airflow/example_dags/example_bash_operator.py
[2023-06-27T09:28:23.087+0000] {processor.py:836} INFO - DAG(s) dict_keys(['example_bash_operator']) retrieved from /home/airflow/.local/lib/python3.8/site-packages/airflow/example_dags/example_bash_operator.py
[2023-06-27T09:28:23.172+0000] {logging_mixin.py:149} INFO - [2023-06-27T09:28:23.172+0000] {dag.py:2726} INFO - Sync 1 DAGs
[2023-06-27T09:28:23.247+0000] {logging_mixin.py:149} INFO - [2023-06-27T09:28:23.246+0000] {dag.py:3486} INFO - Setting next_dagrun for example_bash_operator to 2023-06-26T00:00:00+00:00, run_after=2023-06-27T00:00:00+00:00
[2023-06-27T09:28:23.291+0000] {processor.py:179} INFO - Processing /home/airflow/.local/lib/python3.8/site-packages/airflow/example_dags/example_bash_operator.py took 0.265 seconds
[2023-06-27T09:28:53.444+0000] {processor.py:157} INFO - Started process (PID=461) to work on /home/airflow/.local/lib/python3.8/site-packages/airflow/example_dags/example_bash_operator.py
[2023-06-27T09:28:53.446+0000] {processor.py:826} INFO - Processing file /home/airflow/.local/lib/python3.8/site-packages/airflow/example_dags/example_bash_operator.py for tasks to queue
[2023-06-27T09:28:53.448+0000] {logging_mixin.py:149} INFO - [2023-06-27T09:28:53.448+0000] {dagbag.py:541} INFO - Filling up the DagBag from /home/airflow/.local/lib/python3.8/site-packages/airflow/example_dags/example_bash_operator.py
[2023-06-27T09:28:53.476+0000] {processor.py:836} INFO - DAG(s) dict_keys(['example_bash_operator']) retrieved from /home/airflow/.local/lib/python3.8/site-packages/airflow/example_dags/example_bash_operator.py
[2023-06-27T09:28:53.529+0000] {logging_mixin.py:149} INFO - [2023-06-27T09:28:53.529+0000] {dag.py:2726} INFO - Sync 1 DAGs
[2023-06-27T09:28:53.559+0000] {logging_mixin.py:149} INFO - [2023-06-27T09:28:53.559+0000] {dag.py:3486} INFO - Setting next_dagrun for example_bash_operator to 2023-06-26T00:00:00+00:00, run_after=2023-06-27T00:00:00+00:00
[2023-06-27T09:28:53.580+0000] {processor.py:179} INFO - Processing /home/airflow/.local/lib/python3.8/site-packages/airflow/example_dags/example_bash_operator.py took 0.142 seconds
[2023-06-27T09:29:23.992+0000] {processor.py:157} INFO - Started process (PID=529) to work on /home/airflow/.local/lib/python3.8/site-packages/airflow/example_dags/example_bash_operator.py
[2023-06-27T09:29:23.996+0000] {processor.py:826} INFO - Processing file /home/airflow/.local/lib/python3.8/site-packages/airflow/example_dags/example_bash_operator.py for tasks to queue
[2023-06-27T09:29:24.002+0000] {logging_mixin.py:149} INFO - [2023-06-27T09:29:24.002+0000] {dagbag.py:541} INFO - Filling up the DagBag from /home/airflow/.local/lib/python3.8/site-packages/airflow/example_dags/example_bash_operator.py
[2023-06-27T09:29:24.074+0000] {processor.py:836} INFO - DAG(s) dict_keys(['example_bash_operator']) retrieved from /home/airflow/.local/lib/python3.8/site-packages/airflow/example_dags/example_bash_operator.py
[2023-06-27T09:29:24.178+0000] {logging_mixin.py:149} INFO - [2023-06-27T09:29:24.177+0000] {dag.py:2726} INFO - Sync 1 DAGs
[2023-06-27T09:29:24.211+0000] {logging_mixin.py:149} INFO - [2023-06-27T09:29:24.211+0000] {dag.py:3486} INFO - Setting next_dagrun for example_bash_operator to 2023-06-26T00:00:00+00:00, run_after=2023-06-27T00:00:00+00:00
[2023-06-27T09:29:24.245+0000] {processor.py:179} INFO - Processing /home/airflow/.local/lib/python3.8/site-packages/airflow/example_dags/example_bash_operator.py took 0.270 seconds
[2023-06-27T09:29:54.700+0000] {processor.py:157} INFO - Started process (PID=596) to work on /home/airflow/.local/lib/python3.8/site-packages/airflow/example_dags/example_bash_operator.py
[2023-06-27T09:29:54.711+0000] {processor.py:826} INFO - Processing file /home/airflow/.local/lib/python3.8/site-packages/airflow/example_dags/example_bash_operator.py for tasks to queue
[2023-06-27T09:29:54.713+0000] {logging_mixin.py:149} INFO - [2023-06-27T09:29:54.713+0000] {dagbag.py:541} INFO - Filling up the DagBag from /home/airflow/.local/lib/python3.8/site-packages/airflow/example_dags/example_bash_operator.py
[2023-06-27T09:29:54.750+0000] {processor.py:836} INFO - DAG(s) dict_keys(['example_bash_operator']) retrieved from /home/airflow/.local/lib/python3.8/site-packages/airflow/example_dags/example_bash_operator.py
[2023-06-27T09:29:54.819+0000] {logging_mixin.py:149} INFO - [2023-06-27T09:29:54.819+0000] {dag.py:2726} INFO - Sync 1 DAGs
[2023-06-27T09:29:54.858+0000] {logging_mixin.py:149} INFO - [2023-06-27T09:29:54.858+0000] {dag.py:3486} INFO - Setting next_dagrun for example_bash_operator to 2023-06-26T00:00:00+00:00, run_after=2023-06-27T00:00:00+00:00
[2023-06-27T09:29:54.881+0000] {processor.py:179} INFO - Processing /home/airflow/.local/lib/python3.8/site-packages/airflow/example_dags/example_bash_operator.py took 0.188 seconds
[2023-06-27T09:30:25.252+0000] {processor.py:157} INFO - Started process (PID=676) to work on /home/airflow/.local/lib/python3.8/site-packages/airflow/example_dags/example_bash_operator.py
[2023-06-27T09:30:25.253+0000] {processor.py:826} INFO - Processing file /home/airflow/.local/lib/python3.8/site-packages/airflow/example_dags/example_bash_operator.py for tasks to queue
[2023-06-27T09:30:25.255+0000] {logging_mixin.py:149} INFO - [2023-06-27T09:30:25.255+0000] {dagbag.py:541} INFO - Filling up the DagBag from /home/airflow/.local/lib/python3.8/site-packages/airflow/example_dags/example_bash_operator.py
[2023-06-27T09:30:25.272+0000] {processor.py:836} INFO - DAG(s) dict_keys(['example_bash_operator']) retrieved from /home/airflow/.local/lib/python3.8/site-packages/airflow/example_dags/example_bash_operator.py
[2023-06-27T09:30:25.319+0000] {logging_mixin.py:149} INFO - [2023-06-27T09:30:25.319+0000] {dag.py:2726} INFO - Sync 1 DAGs
[2023-06-27T09:30:25.348+0000] {logging_mixin.py:149} INFO - [2023-06-27T09:30:25.347+0000] {dag.py:3486} INFO - Setting next_dagrun for example_bash_operator to 2023-06-26T00:00:00+00:00, run_after=2023-06-27T00:00:00+00:00
[2023-06-27T09:30:25.372+0000] {processor.py:179} INFO - Processing /home/airflow/.local/lib/python3.8/site-packages/airflow/example_dags/example_bash_operator.py took 0.125 seconds
[2023-06-27T09:30:56.180+0000] {processor.py:157} INFO - Started process (PID=745) to work on /home/airflow/.local/lib/python3.8/site-packages/airflow/example_dags/example_bash_operator.py
[2023-06-27T09:30:56.181+0000] {processor.py:826} INFO - Processing file /home/airflow/.local/lib/python3.8/site-packages/airflow/example_dags/example_bash_operator.py for tasks to queue
[2023-06-27T09:30:56.183+0000] {logging_mixin.py:149} INFO - [2023-06-27T09:30:56.183+0000] {dagbag.py:541} INFO - Filling up the DagBag from /home/airflow/.local/lib/python3.8/site-packages/airflow/example_dags/example_bash_operator.py
[2023-06-27T09:30:56.246+0000] {processor.py:836} INFO - DAG(s) dict_keys(['example_bash_operator']) retrieved from /home/airflow/.local/lib/python3.8/site-packages/airflow/example_dags/example_bash_operator.py
[2023-06-27T09:30:56.350+0000] {logging_mixin.py:149} INFO - [2023-06-27T09:30:56.349+0000] {dag.py:2726} INFO - Sync 1 DAGs
[2023-06-27T09:30:56.414+0000] {logging_mixin.py:149} INFO - [2023-06-27T09:30:56.413+0000] {dag.py:3486} INFO - Setting next_dagrun for example_bash_operator to 2023-06-26T00:00:00+00:00, run_after=2023-06-27T00:00:00+00:00
[2023-06-27T09:30:56.464+0000] {processor.py:179} INFO - Processing /home/airflow/.local/lib/python3.8/site-packages/airflow/example_dags/example_bash_operator.py took 0.306 seconds
[2023-06-27T09:31:27.165+0000] {processor.py:157} INFO - Started process (PID=820) to work on /home/airflow/.local/lib/python3.8/site-packages/airflow/example_dags/example_bash_operator.py
[2023-06-27T09:31:27.175+0000] {processor.py:826} INFO - Processing file /home/airflow/.local/lib/python3.8/site-packages/airflow/example_dags/example_bash_operator.py for tasks to queue
[2023-06-27T09:31:27.177+0000] {logging_mixin.py:149} INFO - [2023-06-27T09:31:27.176+0000] {dagbag.py:541} INFO - Filling up the DagBag from /home/airflow/.local/lib/python3.8/site-packages/airflow/example_dags/example_bash_operator.py
[2023-06-27T09:31:27.240+0000] {processor.py:836} INFO - DAG(s) dict_keys(['example_bash_operator']) retrieved from /home/airflow/.local/lib/python3.8/site-packages/airflow/example_dags/example_bash_operator.py
[2023-06-27T09:31:27.383+0000] {logging_mixin.py:149} INFO - [2023-06-27T09:31:27.383+0000] {dag.py:2726} INFO - Sync 1 DAGs
[2023-06-27T09:31:27.472+0000] {logging_mixin.py:149} INFO - [2023-06-27T09:31:27.472+0000] {dag.py:3486} INFO - Setting next_dagrun for example_bash_operator to 2023-06-26T00:00:00+00:00, run_after=2023-06-27T00:00:00+00:00
[2023-06-27T09:31:27.548+0000] {processor.py:179} INFO - Processing /home/airflow/.local/lib/python3.8/site-packages/airflow/example_dags/example_bash_operator.py took 0.396 seconds
[2023-06-27T09:31:57.701+0000] {processor.py:157} INFO - Started process (PID=887) to work on /home/airflow/.local/lib/python3.8/site-packages/airflow/example_dags/example_bash_operator.py
[2023-06-27T09:31:57.706+0000] {processor.py:826} INFO - Processing file /home/airflow/.local/lib/python3.8/site-packages/airflow/example_dags/example_bash_operator.py for tasks to queue
[2023-06-27T09:31:57.710+0000] {logging_mixin.py:149} INFO - [2023-06-27T09:31:57.709+0000] {dagbag.py:541} INFO - Filling up the DagBag from /home/airflow/.local/lib/python3.8/site-packages/airflow/example_dags/example_bash_operator.py
[2023-06-27T09:31:57.744+0000] {processor.py:836} INFO - DAG(s) dict_keys(['example_bash_operator']) retrieved from /home/airflow/.local/lib/python3.8/site-packages/airflow/example_dags/example_bash_operator.py
[2023-06-27T09:31:57.792+0000] {logging_mixin.py:149} INFO - [2023-06-27T09:31:57.791+0000] {dag.py:2726} INFO - Sync 1 DAGs
[2023-06-27T09:31:57.865+0000] {logging_mixin.py:149} INFO - [2023-06-27T09:31:57.861+0000] {dag.py:3486} INFO - Setting next_dagrun for example_bash_operator to 2023-06-26T00:00:00+00:00, run_after=2023-06-27T00:00:00+00:00
[2023-06-27T09:31:57.937+0000] {processor.py:179} INFO - Processing /home/airflow/.local/lib/python3.8/site-packages/airflow/example_dags/example_bash_operator.py took 0.252 seconds
[2023-06-27T09:32:28.367+0000] {processor.py:157} INFO - Started process (PID=952) to work on /home/airflow/.local/lib/python3.8/site-packages/airflow/example_dags/example_bash_operator.py
[2023-06-27T09:32:28.368+0000] {processor.py:826} INFO - Processing file /home/airflow/.local/lib/python3.8/site-packages/airflow/example_dags/example_bash_operator.py for tasks to queue
[2023-06-27T09:32:28.370+0000] {logging_mixin.py:149} INFO - [2023-06-27T09:32:28.370+0000] {dagbag.py:541} INFO - Filling up the DagBag from /home/airflow/.local/lib/python3.8/site-packages/airflow/example_dags/example_bash_operator.py
[2023-06-27T09:32:28.388+0000] {processor.py:836} INFO - DAG(s) dict_keys(['example_bash_operator']) retrieved from /home/airflow/.local/lib/python3.8/site-packages/airflow/example_dags/example_bash_operator.py
[2023-06-27T09:32:28.448+0000] {logging_mixin.py:149} INFO - [2023-06-27T09:32:28.447+0000] {dag.py:2726} INFO - Sync 1 DAGs
[2023-06-27T09:32:28.492+0000] {logging_mixin.py:149} INFO - [2023-06-27T09:32:28.492+0000] {dag.py:3486} INFO - Setting next_dagrun for example_bash_operator to 2023-06-26T00:00:00+00:00, run_after=2023-06-27T00:00:00+00:00
[2023-06-27T09:32:28.525+0000] {processor.py:179} INFO - Processing /home/airflow/.local/lib/python3.8/site-packages/airflow/example_dags/example_bash_operator.py took 0.163 seconds
[2023-06-27T09:32:58.939+0000] {processor.py:157} INFO - Started process (PID=1021) to work on /home/airflow/.local/lib/python3.8/site-packages/airflow/example_dags/example_bash_operator.py
[2023-06-27T09:32:58.940+0000] {processor.py:826} INFO - Processing file /home/airflow/.local/lib/python3.8/site-packages/airflow/example_dags/example_bash_operator.py for tasks to queue
[2023-06-27T09:32:58.946+0000] {logging_mixin.py:149} INFO - [2023-06-27T09:32:58.942+0000] {dagbag.py:541} INFO - Filling up the DagBag from /home/airflow/.local/lib/python3.8/site-packages/airflow/example_dags/example_bash_operator.py
[2023-06-27T09:32:58.995+0000] {processor.py:836} INFO - DAG(s) dict_keys(['example_bash_operator']) retrieved from /home/airflow/.local/lib/python3.8/site-packages/airflow/example_dags/example_bash_operator.py
[2023-06-27T09:32:59.119+0000] {logging_mixin.py:149} INFO - [2023-06-27T09:32:59.119+0000] {dag.py:2726} INFO - Sync 1 DAGs
[2023-06-27T09:32:59.180+0000] {logging_mixin.py:149} INFO - [2023-06-27T09:32:59.180+0000] {dag.py:3486} INFO - Setting next_dagrun for example_bash_operator to 2023-06-26T00:00:00+00:00, run_after=2023-06-27T00:00:00+00:00
[2023-06-27T09:32:59.232+0000] {processor.py:179} INFO - Processing /home/airflow/.local/lib/python3.8/site-packages/airflow/example_dags/example_bash_operator.py took 0.302 seconds
[2023-06-27T09:33:30.060+0000] {processor.py:157} INFO - Started process (PID=1089) to work on /home/airflow/.local/lib/python3.8/site-packages/airflow/example_dags/example_bash_operator.py
[2023-06-27T09:33:30.071+0000] {processor.py:826} INFO - Processing file /home/airflow/.local/lib/python3.8/site-packages/airflow/example_dags/example_bash_operator.py for tasks to queue
[2023-06-27T09:33:30.073+0000] {logging_mixin.py:149} INFO - [2023-06-27T09:33:30.072+0000] {dagbag.py:541} INFO - Filling up the DagBag from /home/airflow/.local/lib/python3.8/site-packages/airflow/example_dags/example_bash_operator.py
[2023-06-27T09:33:30.133+0000] {processor.py:836} INFO - DAG(s) dict_keys(['example_bash_operator']) retrieved from /home/airflow/.local/lib/python3.8/site-packages/airflow/example_dags/example_bash_operator.py
[2023-06-27T09:33:30.408+0000] {logging_mixin.py:149} INFO - [2023-06-27T09:33:30.407+0000] {dag.py:2726} INFO - Sync 1 DAGs
[2023-06-27T09:33:30.490+0000] {logging_mixin.py:149} INFO - [2023-06-27T09:33:30.489+0000] {dag.py:3486} INFO - Setting next_dagrun for example_bash_operator to 2023-06-26T00:00:00+00:00, run_after=2023-06-27T00:00:00+00:00
[2023-06-27T09:33:30.543+0000] {processor.py:179} INFO - Processing /home/airflow/.local/lib/python3.8/site-packages/airflow/example_dags/example_bash_operator.py took 0.493 seconds
[2023-06-27T09:34:01.237+0000] {processor.py:157} INFO - Started process (PID=1156) to work on /home/airflow/.local/lib/python3.8/site-packages/airflow/example_dags/example_bash_operator.py
[2023-06-27T09:34:01.251+0000] {processor.py:826} INFO - Processing file /home/airflow/.local/lib/python3.8/site-packages/airflow/example_dags/example_bash_operator.py for tasks to queue
[2023-06-27T09:34:01.253+0000] {logging_mixin.py:149} INFO - [2023-06-27T09:34:01.252+0000] {dagbag.py:541} INFO - Filling up the DagBag from /home/airflow/.local/lib/python3.8/site-packages/airflow/example_dags/example_bash_operator.py
[2023-06-27T09:34:01.296+0000] {processor.py:836} INFO - DAG(s) dict_keys(['example_bash_operator']) retrieved from /home/airflow/.local/lib/python3.8/site-packages/airflow/example_dags/example_bash_operator.py
[2023-06-27T09:34:01.445+0000] {logging_mixin.py:149} INFO - [2023-06-27T09:34:01.445+0000] {dag.py:2726} INFO - Sync 1 DAGs
[2023-06-27T09:34:01.475+0000] {logging_mixin.py:149} INFO - [2023-06-27T09:34:01.475+0000] {dag.py:3486} INFO - Setting next_dagrun for example_bash_operator to 2023-06-26T00:00:00+00:00, run_after=2023-06-27T00:00:00+00:00
[2023-06-27T09:34:01.506+0000] {processor.py:179} INFO - Processing /home/airflow/.local/lib/python3.8/site-packages/airflow/example_dags/example_bash_operator.py took 0.296 seconds
[2023-06-27T09:34:32.066+0000] {processor.py:157} INFO - Started process (PID=1223) to work on /home/airflow/.local/lib/python3.8/site-packages/airflow/example_dags/example_bash_operator.py
[2023-06-27T09:34:32.067+0000] {processor.py:826} INFO - Processing file /home/airflow/.local/lib/python3.8/site-packages/airflow/example_dags/example_bash_operator.py for tasks to queue
[2023-06-27T09:34:32.068+0000] {logging_mixin.py:149} INFO - [2023-06-27T09:34:32.068+0000] {dagbag.py:541} INFO - Filling up the DagBag from /home/airflow/.local/lib/python3.8/site-packages/airflow/example_dags/example_bash_operator.py
[2023-06-27T09:34:32.118+0000] {processor.py:836} INFO - DAG(s) dict_keys(['example_bash_operator']) retrieved from /home/airflow/.local/lib/python3.8/site-packages/airflow/example_dags/example_bash_operator.py
[2023-06-27T09:34:32.328+0000] {logging_mixin.py:149} INFO - [2023-06-27T09:34:32.327+0000] {dag.py:2726} INFO - Sync 1 DAGs
[2023-06-27T09:34:32.413+0000] {logging_mixin.py:149} INFO - [2023-06-27T09:34:32.413+0000] {dag.py:3486} INFO - Setting next_dagrun for example_bash_operator to 2023-06-26T00:00:00+00:00, run_after=2023-06-27T00:00:00+00:00
[2023-06-27T09:34:32.520+0000] {processor.py:179} INFO - Processing /home/airflow/.local/lib/python3.8/site-packages/airflow/example_dags/example_bash_operator.py took 0.487 seconds
