[2023-06-27T00:00:38.296+0000] {processor.py:157} INFO - Started process (PID=434) to work on /home/airflow/.local/lib/python3.8/site-packages/airflow/example_dags/example_latest_only_with_trigger.py
[2023-06-27T00:00:38.297+0000] {processor.py:826} INFO - Processing file /home/airflow/.local/lib/python3.8/site-packages/airflow/example_dags/example_latest_only_with_trigger.py for tasks to queue
[2023-06-27T00:00:38.304+0000] {logging_mixin.py:149} INFO - [2023-06-27T00:00:38.304+0000] {dagbag.py:541} INFO - Filling up the DagBag from /home/airflow/.local/lib/python3.8/site-packages/airflow/example_dags/example_latest_only_with_trigger.py
[2023-06-27T00:00:38.346+0000] {processor.py:836} INFO - DAG(s) dict_keys(['latest_only_with_trigger']) retrieved from /home/airflow/.local/lib/python3.8/site-packages/airflow/example_dags/example_latest_only_with_trigger.py
[2023-06-27T00:00:38.459+0000] {logging_mixin.py:149} INFO - [2023-06-27T00:00:38.459+0000] {dag.py:2726} INFO - Sync 1 DAGs
[2023-06-27T00:00:38.591+0000] {logging_mixin.py:149} INFO - [2023-06-27T00:00:38.591+0000] {dag.py:3486} INFO - Setting next_dagrun for latest_only_with_trigger to 2023-06-26T20:00:38.590477+00:00, run_after=2023-06-27T00:00:38.590477+00:00
[2023-06-27T00:00:38.733+0000] {processor.py:179} INFO - Processing /home/airflow/.local/lib/python3.8/site-packages/airflow/example_dags/example_latest_only_with_trigger.py took 0.460 seconds
[2023-06-27T00:03:07.981+0000] {processor.py:157} INFO - Started process (PID=547) to work on /home/airflow/.local/lib/python3.8/site-packages/airflow/example_dags/example_latest_only_with_trigger.py
[2023-06-27T00:03:08.059+0000] {processor.py:826} INFO - Processing file /home/airflow/.local/lib/python3.8/site-packages/airflow/example_dags/example_latest_only_with_trigger.py for tasks to queue
[2023-06-27T00:03:08.060+0000] {logging_mixin.py:149} INFO - [2023-06-27T00:03:08.060+0000] {dagbag.py:541} INFO - Filling up the DagBag from /home/airflow/.local/lib/python3.8/site-packages/airflow/example_dags/example_latest_only_with_trigger.py
[2023-06-27T00:03:08.703+0000] {processor.py:836} INFO - DAG(s) dict_keys(['latest_only_with_trigger']) retrieved from /home/airflow/.local/lib/python3.8/site-packages/airflow/example_dags/example_latest_only_with_trigger.py
[2023-06-27T00:03:12.210+0000] {logging_mixin.py:149} INFO - [2023-06-27T00:03:12.210+0000] {dag.py:2726} INFO - Sync 1 DAGs
[2023-06-27T00:03:16.799+0000] {logging_mixin.py:149} INFO - [2023-06-27T00:03:16.799+0000] {dag.py:3486} INFO - Setting next_dagrun for latest_only_with_trigger to 2023-06-26T20:03:16.798981+00:00, run_after=2023-06-27T00:03:16.798981+00:00
[2023-06-27T00:03:19.717+0000] {processor.py:179} INFO - Processing /home/airflow/.local/lib/python3.8/site-packages/airflow/example_dags/example_latest_only_with_trigger.py took 12.097 seconds
[2023-06-27T01:03:06.382+0000] {processor.py:157} INFO - Started process (PID=105) to work on /home/airflow/.local/lib/python3.8/site-packages/airflow/example_dags/example_latest_only_with_trigger.py
[2023-06-27T01:03:06.402+0000] {processor.py:826} INFO - Processing file /home/airflow/.local/lib/python3.8/site-packages/airflow/example_dags/example_latest_only_with_trigger.py for tasks to queue
[2023-06-27T01:03:06.983+0000] {logging_mixin.py:149} INFO - [2023-06-27T01:03:06.425+0000] {dagbag.py:541} INFO - Filling up the DagBag from /home/airflow/.local/lib/python3.8/site-packages/airflow/example_dags/example_latest_only_with_trigger.py
[2023-06-27T01:03:08.093+0000] {processor.py:836} INFO - DAG(s) dict_keys(['latest_only_with_trigger']) retrieved from /home/airflow/.local/lib/python3.8/site-packages/airflow/example_dags/example_latest_only_with_trigger.py
[2023-06-27T01:03:11.169+0000] {logging_mixin.py:149} INFO - [2023-06-27T01:03:11.169+0000] {dag.py:2726} INFO - Sync 1 DAGs
[2023-06-27T01:03:13.889+0000] {logging_mixin.py:149} INFO - [2023-06-27T01:03:13.889+0000] {dag.py:3486} INFO - Setting next_dagrun for latest_only_with_trigger to 2023-06-26T21:03:13.889153+00:00, run_after=2023-06-27T01:03:13.889153+00:00
[2023-06-27T01:03:15.776+0000] {processor.py:179} INFO - Processing /home/airflow/.local/lib/python3.8/site-packages/airflow/example_dags/example_latest_only_with_trigger.py took 10.255 seconds
[2023-06-27T01:37:43.476+0000] {processor.py:157} INFO - Started process (PID=75) to work on /home/airflow/.local/lib/python3.8/site-packages/airflow/example_dags/example_latest_only_with_trigger.py
[2023-06-27T01:37:43.481+0000] {processor.py:826} INFO - Processing file /home/airflow/.local/lib/python3.8/site-packages/airflow/example_dags/example_latest_only_with_trigger.py for tasks to queue
[2023-06-27T01:37:43.482+0000] {logging_mixin.py:149} INFO - [2023-06-27T01:37:43.482+0000] {dagbag.py:541} INFO - Filling up the DagBag from /home/airflow/.local/lib/python3.8/site-packages/airflow/example_dags/example_latest_only_with_trigger.py
[2023-06-27T01:37:43.507+0000] {processor.py:836} INFO - DAG(s) dict_keys(['latest_only_with_trigger']) retrieved from /home/airflow/.local/lib/python3.8/site-packages/airflow/example_dags/example_latest_only_with_trigger.py
[2023-06-27T01:37:43.614+0000] {logging_mixin.py:149} INFO - [2023-06-27T01:37:43.613+0000] {dag.py:2726} INFO - Sync 1 DAGs
[2023-06-27T01:37:43.709+0000] {logging_mixin.py:149} INFO - [2023-06-27T01:37:43.709+0000] {dag.py:3486} INFO - Setting next_dagrun for latest_only_with_trigger to 2023-06-26T21:37:43.705267+00:00, run_after=2023-06-27T01:37:43.705267+00:00
[2023-06-27T01:37:43.818+0000] {processor.py:179} INFO - Processing /home/airflow/.local/lib/python3.8/site-packages/airflow/example_dags/example_latest_only_with_trigger.py took 0.371 seconds
[2023-06-27T01:40:43.260+0000] {processor.py:157} INFO - Started process (PID=221) to work on /home/airflow/.local/lib/python3.8/site-packages/airflow/example_dags/example_latest_only_with_trigger.py
[2023-06-27T01:40:43.273+0000] {processor.py:826} INFO - Processing file /home/airflow/.local/lib/python3.8/site-packages/airflow/example_dags/example_latest_only_with_trigger.py for tasks to queue
[2023-06-27T01:40:43.276+0000] {logging_mixin.py:149} INFO - [2023-06-27T01:40:43.275+0000] {dagbag.py:541} INFO - Filling up the DagBag from /home/airflow/.local/lib/python3.8/site-packages/airflow/example_dags/example_latest_only_with_trigger.py
[2023-06-27T01:40:43.458+0000] {processor.py:836} INFO - DAG(s) dict_keys(['latest_only_with_trigger']) retrieved from /home/airflow/.local/lib/python3.8/site-packages/airflow/example_dags/example_latest_only_with_trigger.py
[2023-06-27T01:40:44.006+0000] {logging_mixin.py:149} INFO - [2023-06-27T01:40:44.006+0000] {dag.py:2726} INFO - Sync 1 DAGs
[2023-06-27T01:40:44.694+0000] {logging_mixin.py:149} INFO - [2023-06-27T01:40:44.694+0000] {dag.py:3486} INFO - Setting next_dagrun for latest_only_with_trigger to 2023-06-26T21:40:44.694127+00:00, run_after=2023-06-27T01:40:44.694127+00:00
[2023-06-27T01:40:45.387+0000] {processor.py:179} INFO - Processing /home/airflow/.local/lib/python3.8/site-packages/airflow/example_dags/example_latest_only_with_trigger.py took 2.267 seconds
[2023-06-27T02:19:04.384+0000] {processor.py:157} INFO - Started process (PID=129) to work on /home/airflow/.local/lib/python3.8/site-packages/airflow/example_dags/example_latest_only_with_trigger.py
[2023-06-27T02:19:04.386+0000] {processor.py:826} INFO - Processing file /home/airflow/.local/lib/python3.8/site-packages/airflow/example_dags/example_latest_only_with_trigger.py for tasks to queue
[2023-06-27T02:19:04.387+0000] {logging_mixin.py:149} INFO - [2023-06-27T02:19:04.386+0000] {dagbag.py:541} INFO - Filling up the DagBag from /home/airflow/.local/lib/python3.8/site-packages/airflow/example_dags/example_latest_only_with_trigger.py
[2023-06-27T02:19:05.769+0000] {processor.py:836} INFO - DAG(s) dict_keys(['latest_only_with_trigger']) retrieved from /home/airflow/.local/lib/python3.8/site-packages/airflow/example_dags/example_latest_only_with_trigger.py
[2023-06-27T02:19:08.319+0000] {logging_mixin.py:149} INFO - [2023-06-27T02:19:08.319+0000] {dag.py:2726} INFO - Sync 1 DAGs
[2023-06-27T02:19:12.262+0000] {logging_mixin.py:149} INFO - [2023-06-27T02:19:12.262+0000] {dag.py:3486} INFO - Setting next_dagrun for latest_only_with_trigger to 2023-06-26T22:19:12.261635+00:00, run_after=2023-06-27T02:19:12.261635+00:00
[2023-06-27T02:19:17.256+0000] {processor.py:179} INFO - Processing /home/airflow/.local/lib/python3.8/site-packages/airflow/example_dags/example_latest_only_with_trigger.py took 13.378 seconds
[2023-06-27T06:18:45.789+0000] {processor.py:157} INFO - Started process (PID=396) to work on /home/airflow/.local/lib/python3.8/site-packages/airflow/example_dags/example_latest_only_with_trigger.py
[2023-06-27T06:18:45.910+0000] {processor.py:826} INFO - Processing file /home/airflow/.local/lib/python3.8/site-packages/airflow/example_dags/example_latest_only_with_trigger.py for tasks to queue
[2023-06-27T06:18:45.911+0000] {logging_mixin.py:149} INFO - [2023-06-27T06:18:45.910+0000] {dagbag.py:541} INFO - Filling up the DagBag from /home/airflow/.local/lib/python3.8/site-packages/airflow/example_dags/example_latest_only_with_trigger.py
[2023-06-27T06:18:47.601+0000] {processor.py:836} INFO - DAG(s) dict_keys(['latest_only_with_trigger']) retrieved from /home/airflow/.local/lib/python3.8/site-packages/airflow/example_dags/example_latest_only_with_trigger.py
[2023-06-27T06:18:54.407+0000] {logging_mixin.py:149} INFO - [2023-06-27T06:18:54.407+0000] {dag.py:2726} INFO - Sync 1 DAGs
[2023-06-27T06:18:59.149+0000] {logging_mixin.py:149} INFO - [2023-06-27T06:18:58.475+0000] {dag.py:3486} INFO - Setting next_dagrun for latest_only_with_trigger to 2023-06-27T02:18:58.475289+00:00, run_after=2023-06-27T06:18:58.475289+00:00
[2023-06-27T06:19:01.901+0000] {processor.py:179} INFO - Processing /home/airflow/.local/lib/python3.8/site-packages/airflow/example_dags/example_latest_only_with_trigger.py took 17.235 seconds
[2023-06-27T08:56:30.371+0000] {processor.py:157} INFO - Started process (PID=531) to work on /home/airflow/.local/lib/python3.8/site-packages/airflow/example_dags/example_latest_only_with_trigger.py
[2023-06-27T08:56:30.405+0000] {processor.py:826} INFO - Processing file /home/airflow/.local/lib/python3.8/site-packages/airflow/example_dags/example_latest_only_with_trigger.py for tasks to queue
[2023-06-27T08:56:30.406+0000] {logging_mixin.py:149} INFO - [2023-06-27T08:56:30.406+0000] {dagbag.py:541} INFO - Filling up the DagBag from /home/airflow/.local/lib/python3.8/site-packages/airflow/example_dags/example_latest_only_with_trigger.py
[2023-06-27T08:56:30.414+0000] {processor.py:836} INFO - DAG(s) dict_keys(['latest_only_with_trigger']) retrieved from /home/airflow/.local/lib/python3.8/site-packages/airflow/example_dags/example_latest_only_with_trigger.py
[2023-06-27T08:56:30.448+0000] {logging_mixin.py:149} INFO - [2023-06-27T08:56:30.448+0000] {dag.py:2726} INFO - Sync 1 DAGs
[2023-06-27T08:56:30.474+0000] {logging_mixin.py:149} INFO - [2023-06-27T08:56:30.474+0000] {dag.py:3486} INFO - Setting next_dagrun for latest_only_with_trigger to 2023-06-27T04:56:30.474030+00:00, run_after=2023-06-27T08:56:30.474030+00:00
[2023-06-27T08:56:30.521+0000] {processor.py:179} INFO - Processing /home/airflow/.local/lib/python3.8/site-packages/airflow/example_dags/example_latest_only_with_trigger.py took 0.155 seconds
[2023-06-27T08:56:48.834+0000] {processor.py:157} INFO - Started process (PID=573) to work on /home/airflow/.local/lib/python3.8/site-packages/airflow/example_dags/example_latest_only_with_trigger.py
[2023-06-27T08:56:48.835+0000] {processor.py:826} INFO - Processing file /home/airflow/.local/lib/python3.8/site-packages/airflow/example_dags/example_latest_only_with_trigger.py for tasks to queue
[2023-06-27T08:56:48.836+0000] {logging_mixin.py:149} INFO - [2023-06-27T08:56:48.836+0000] {dagbag.py:541} INFO - Filling up the DagBag from /home/airflow/.local/lib/python3.8/site-packages/airflow/example_dags/example_latest_only_with_trigger.py
[2023-06-27T08:56:48.847+0000] {processor.py:836} INFO - DAG(s) dict_keys(['latest_only_with_trigger']) retrieved from /home/airflow/.local/lib/python3.8/site-packages/airflow/example_dags/example_latest_only_with_trigger.py
[2023-06-27T08:56:48.880+0000] {logging_mixin.py:149} INFO - [2023-06-27T08:56:48.880+0000] {dag.py:2726} INFO - Sync 1 DAGs
[2023-06-27T08:56:48.905+0000] {logging_mixin.py:149} INFO - [2023-06-27T08:56:48.904+0000] {dag.py:3486} INFO - Setting next_dagrun for latest_only_with_trigger to 2023-06-27T04:56:48.904606+00:00, run_after=2023-06-27T08:56:48.904606+00:00
[2023-06-27T08:56:48.950+0000] {processor.py:179} INFO - Processing /home/airflow/.local/lib/python3.8/site-packages/airflow/example_dags/example_latest_only_with_trigger.py took 0.121 seconds
[2023-06-27T09:00:27.711+0000] {processor.py:157} INFO - Started process (PID=729) to work on /home/airflow/.local/lib/python3.8/site-packages/airflow/example_dags/example_latest_only_with_trigger.py
[2023-06-27T09:00:27.839+0000] {processor.py:826} INFO - Processing file /home/airflow/.local/lib/python3.8/site-packages/airflow/example_dags/example_latest_only_with_trigger.py for tasks to queue
[2023-06-27T09:00:27.841+0000] {logging_mixin.py:149} INFO - [2023-06-27T09:00:27.841+0000] {dagbag.py:541} INFO - Filling up the DagBag from /home/airflow/.local/lib/python3.8/site-packages/airflow/example_dags/example_latest_only_with_trigger.py
[2023-06-27T09:00:28.068+0000] {processor.py:836} INFO - DAG(s) dict_keys(['latest_only_with_trigger']) retrieved from /home/airflow/.local/lib/python3.8/site-packages/airflow/example_dags/example_latest_only_with_trigger.py
[2023-06-27T09:00:28.244+0000] {logging_mixin.py:149} INFO - [2023-06-27T09:00:28.244+0000] {dag.py:2726} INFO - Sync 1 DAGs
[2023-06-27T09:00:28.474+0000] {logging_mixin.py:149} INFO - [2023-06-27T09:00:28.474+0000] {dag.py:3486} INFO - Setting next_dagrun for latest_only_with_trigger to 2023-06-27T05:00:28.474262+00:00, run_after=2023-06-27T09:00:28.474262+00:00
[2023-06-27T09:00:28.686+0000] {processor.py:179} INFO - Processing /home/airflow/.local/lib/python3.8/site-packages/airflow/example_dags/example_latest_only_with_trigger.py took 1.024 seconds
[2023-06-27T09:20:48.346+0000] {processor.py:157} INFO - Started process (PID=74) to work on /home/airflow/.local/lib/python3.8/site-packages/airflow/example_dags/example_latest_only_with_trigger.py
[2023-06-27T09:20:48.352+0000] {processor.py:826} INFO - Processing file /home/airflow/.local/lib/python3.8/site-packages/airflow/example_dags/example_latest_only_with_trigger.py for tasks to queue
[2023-06-27T09:20:48.352+0000] {logging_mixin.py:149} INFO - [2023-06-27T09:20:48.352+0000] {dagbag.py:541} INFO - Filling up the DagBag from /home/airflow/.local/lib/python3.8/site-packages/airflow/example_dags/example_latest_only_with_trigger.py
[2023-06-27T09:20:48.379+0000] {processor.py:836} INFO - DAG(s) dict_keys(['latest_only_with_trigger']) retrieved from /home/airflow/.local/lib/python3.8/site-packages/airflow/example_dags/example_latest_only_with_trigger.py
[2023-06-27T09:20:48.513+0000] {logging_mixin.py:149} INFO - [2023-06-27T09:20:48.511+0000] {dag.py:2726} INFO - Sync 1 DAGs
[2023-06-27T09:20:48.623+0000] {logging_mixin.py:149} INFO - [2023-06-27T09:20:48.623+0000] {dag.py:3486} INFO - Setting next_dagrun for latest_only_with_trigger to 2023-06-27T05:20:48.623328+00:00, run_after=2023-06-27T09:20:48.623328+00:00
[2023-06-27T09:20:48.768+0000] {processor.py:179} INFO - Processing /home/airflow/.local/lib/python3.8/site-packages/airflow/example_dags/example_latest_only_with_trigger.py took 0.438 seconds
[2023-06-27T09:21:19.952+0000] {processor.py:157} INFO - Started process (PID=141) to work on /home/airflow/.local/lib/python3.8/site-packages/airflow/example_dags/example_latest_only_with_trigger.py
[2023-06-27T09:21:19.967+0000] {processor.py:826} INFO - Processing file /home/airflow/.local/lib/python3.8/site-packages/airflow/example_dags/example_latest_only_with_trigger.py for tasks to queue
[2023-06-27T09:21:19.969+0000] {logging_mixin.py:149} INFO - [2023-06-27T09:21:19.968+0000] {dagbag.py:541} INFO - Filling up the DagBag from /home/airflow/.local/lib/python3.8/site-packages/airflow/example_dags/example_latest_only_with_trigger.py
[2023-06-27T09:21:20.012+0000] {processor.py:836} INFO - DAG(s) dict_keys(['latest_only_with_trigger']) retrieved from /home/airflow/.local/lib/python3.8/site-packages/airflow/example_dags/example_latest_only_with_trigger.py
[2023-06-27T09:21:20.219+0000] {logging_mixin.py:149} INFO - [2023-06-27T09:21:20.219+0000] {dag.py:2726} INFO - Sync 1 DAGs
[2023-06-27T09:21:20.403+0000] {logging_mixin.py:149} INFO - [2023-06-27T09:21:20.402+0000] {dag.py:3486} INFO - Setting next_dagrun for latest_only_with_trigger to 2023-06-27T05:21:20.398259+00:00, run_after=2023-06-27T09:21:20.398259+00:00
[2023-06-27T09:21:20.578+0000] {processor.py:179} INFO - Processing /home/airflow/.local/lib/python3.8/site-packages/airflow/example_dags/example_latest_only_with_trigger.py took 0.658 seconds
[2023-06-27T09:21:50.738+0000] {processor.py:157} INFO - Started process (PID=208) to work on /home/airflow/.local/lib/python3.8/site-packages/airflow/example_dags/example_latest_only_with_trigger.py
[2023-06-27T09:21:50.740+0000] {processor.py:826} INFO - Processing file /home/airflow/.local/lib/python3.8/site-packages/airflow/example_dags/example_latest_only_with_trigger.py for tasks to queue
[2023-06-27T09:21:50.742+0000] {logging_mixin.py:149} INFO - [2023-06-27T09:21:50.741+0000] {dagbag.py:541} INFO - Filling up the DagBag from /home/airflow/.local/lib/python3.8/site-packages/airflow/example_dags/example_latest_only_with_trigger.py
[2023-06-27T09:21:50.773+0000] {processor.py:836} INFO - DAG(s) dict_keys(['latest_only_with_trigger']) retrieved from /home/airflow/.local/lib/python3.8/site-packages/airflow/example_dags/example_latest_only_with_trigger.py
[2023-06-27T09:21:50.971+0000] {logging_mixin.py:149} INFO - [2023-06-27T09:21:50.971+0000] {dag.py:2726} INFO - Sync 1 DAGs
[2023-06-27T09:21:51.135+0000] {logging_mixin.py:149} INFO - [2023-06-27T09:21:51.135+0000] {dag.py:3486} INFO - Setting next_dagrun for latest_only_with_trigger to 2023-06-27T05:21:51.135399+00:00, run_after=2023-06-27T09:21:51.135399+00:00
[2023-06-27T09:21:51.264+0000] {processor.py:179} INFO - Processing /home/airflow/.local/lib/python3.8/site-packages/airflow/example_dags/example_latest_only_with_trigger.py took 0.565 seconds
[2023-06-27T09:22:22.259+0000] {processor.py:157} INFO - Started process (PID=276) to work on /home/airflow/.local/lib/python3.8/site-packages/airflow/example_dags/example_latest_only_with_trigger.py
[2023-06-27T09:22:22.271+0000] {processor.py:826} INFO - Processing file /home/airflow/.local/lib/python3.8/site-packages/airflow/example_dags/example_latest_only_with_trigger.py for tasks to queue
[2023-06-27T09:22:22.272+0000] {logging_mixin.py:149} INFO - [2023-06-27T09:22:22.272+0000] {dagbag.py:541} INFO - Filling up the DagBag from /home/airflow/.local/lib/python3.8/site-packages/airflow/example_dags/example_latest_only_with_trigger.py
[2023-06-27T09:22:22.284+0000] {processor.py:836} INFO - DAG(s) dict_keys(['latest_only_with_trigger']) retrieved from /home/airflow/.local/lib/python3.8/site-packages/airflow/example_dags/example_latest_only_with_trigger.py
[2023-06-27T09:22:22.339+0000] {logging_mixin.py:149} INFO - [2023-06-27T09:22:22.339+0000] {dag.py:2726} INFO - Sync 1 DAGs
[2023-06-27T09:22:22.399+0000] {logging_mixin.py:149} INFO - [2023-06-27T09:22:22.399+0000] {dag.py:3486} INFO - Setting next_dagrun for latest_only_with_trigger to 2023-06-27T05:22:22.399195+00:00, run_after=2023-06-27T09:22:22.399195+00:00
[2023-06-27T09:22:22.443+0000] {processor.py:179} INFO - Processing /home/airflow/.local/lib/python3.8/site-packages/airflow/example_dags/example_latest_only_with_trigger.py took 0.193 seconds
[2023-06-27T09:22:53.817+0000] {processor.py:157} INFO - Started process (PID=345) to work on /home/airflow/.local/lib/python3.8/site-packages/airflow/example_dags/example_latest_only_with_trigger.py
[2023-06-27T09:22:53.847+0000] {processor.py:826} INFO - Processing file /home/airflow/.local/lib/python3.8/site-packages/airflow/example_dags/example_latest_only_with_trigger.py for tasks to queue
[2023-06-27T09:22:53.849+0000] {logging_mixin.py:149} INFO - [2023-06-27T09:22:53.849+0000] {dagbag.py:541} INFO - Filling up the DagBag from /home/airflow/.local/lib/python3.8/site-packages/airflow/example_dags/example_latest_only_with_trigger.py
[2023-06-27T09:22:53.868+0000] {processor.py:836} INFO - DAG(s) dict_keys(['latest_only_with_trigger']) retrieved from /home/airflow/.local/lib/python3.8/site-packages/airflow/example_dags/example_latest_only_with_trigger.py
[2023-06-27T09:22:53.972+0000] {logging_mixin.py:149} INFO - [2023-06-27T09:22:53.972+0000] {dag.py:2726} INFO - Sync 1 DAGs
[2023-06-27T09:22:54.063+0000] {logging_mixin.py:149} INFO - [2023-06-27T09:22:54.062+0000] {dag.py:3486} INFO - Setting next_dagrun for latest_only_with_trigger to 2023-06-27T05:22:54.062501+00:00, run_after=2023-06-27T09:22:54.062501+00:00
[2023-06-27T09:22:54.135+0000] {processor.py:179} INFO - Processing /home/airflow/.local/lib/python3.8/site-packages/airflow/example_dags/example_latest_only_with_trigger.py took 0.342 seconds
[2023-06-27T09:23:24.787+0000] {processor.py:157} INFO - Started process (PID=411) to work on /home/airflow/.local/lib/python3.8/site-packages/airflow/example_dags/example_latest_only_with_trigger.py
[2023-06-27T09:23:24.790+0000] {processor.py:826} INFO - Processing file /home/airflow/.local/lib/python3.8/site-packages/airflow/example_dags/example_latest_only_with_trigger.py for tasks to queue
[2023-06-27T09:23:24.792+0000] {logging_mixin.py:149} INFO - [2023-06-27T09:23:24.792+0000] {dagbag.py:541} INFO - Filling up the DagBag from /home/airflow/.local/lib/python3.8/site-packages/airflow/example_dags/example_latest_only_with_trigger.py
[2023-06-27T09:23:24.799+0000] {processor.py:836} INFO - DAG(s) dict_keys(['latest_only_with_trigger']) retrieved from /home/airflow/.local/lib/python3.8/site-packages/airflow/example_dags/example_latest_only_with_trigger.py
[2023-06-27T09:23:24.831+0000] {logging_mixin.py:149} INFO - [2023-06-27T09:23:24.830+0000] {dag.py:2726} INFO - Sync 1 DAGs
[2023-06-27T09:23:24.859+0000] {logging_mixin.py:149} INFO - [2023-06-27T09:23:24.859+0000] {dag.py:3486} INFO - Setting next_dagrun for latest_only_with_trigger to 2023-06-27T05:23:24.858949+00:00, run_after=2023-06-27T09:23:24.858949+00:00
[2023-06-27T09:23:24.880+0000] {processor.py:179} INFO - Processing /home/airflow/.local/lib/python3.8/site-packages/airflow/example_dags/example_latest_only_with_trigger.py took 0.099 seconds
[2023-06-27T09:23:55.535+0000] {processor.py:157} INFO - Started process (PID=475) to work on /home/airflow/.local/lib/python3.8/site-packages/airflow/example_dags/example_latest_only_with_trigger.py
[2023-06-27T09:23:55.536+0000] {processor.py:826} INFO - Processing file /home/airflow/.local/lib/python3.8/site-packages/airflow/example_dags/example_latest_only_with_trigger.py for tasks to queue
[2023-06-27T09:23:55.538+0000] {logging_mixin.py:149} INFO - [2023-06-27T09:23:55.538+0000] {dagbag.py:541} INFO - Filling up the DagBag from /home/airflow/.local/lib/python3.8/site-packages/airflow/example_dags/example_latest_only_with_trigger.py
[2023-06-27T09:23:55.557+0000] {processor.py:836} INFO - DAG(s) dict_keys(['latest_only_with_trigger']) retrieved from /home/airflow/.local/lib/python3.8/site-packages/airflow/example_dags/example_latest_only_with_trigger.py
[2023-06-27T09:23:55.627+0000] {logging_mixin.py:149} INFO - [2023-06-27T09:23:55.627+0000] {dag.py:2726} INFO - Sync 1 DAGs
[2023-06-27T09:23:55.683+0000] {logging_mixin.py:149} INFO - [2023-06-27T09:23:55.683+0000] {dag.py:3486} INFO - Setting next_dagrun for latest_only_with_trigger to 2023-06-27T05:23:55.683188+00:00, run_after=2023-06-27T09:23:55.683188+00:00
[2023-06-27T09:23:55.719+0000] {processor.py:179} INFO - Processing /home/airflow/.local/lib/python3.8/site-packages/airflow/example_dags/example_latest_only_with_trigger.py took 0.193 seconds
[2023-06-27T09:25:53.861+0000] {processor.py:157} INFO - Started process (PID=72) to work on /home/airflow/.local/lib/python3.8/site-packages/airflow/example_dags/example_latest_only_with_trigger.py
[2023-06-27T09:25:53.866+0000] {processor.py:826} INFO - Processing file /home/airflow/.local/lib/python3.8/site-packages/airflow/example_dags/example_latest_only_with_trigger.py for tasks to queue
[2023-06-27T09:25:53.867+0000] {logging_mixin.py:149} INFO - [2023-06-27T09:25:53.867+0000] {dagbag.py:541} INFO - Filling up the DagBag from /home/airflow/.local/lib/python3.8/site-packages/airflow/example_dags/example_latest_only_with_trigger.py
[2023-06-27T09:25:53.885+0000] {processor.py:836} INFO - DAG(s) dict_keys(['latest_only_with_trigger']) retrieved from /home/airflow/.local/lib/python3.8/site-packages/airflow/example_dags/example_latest_only_with_trigger.py
[2023-06-27T09:25:53.960+0000] {logging_mixin.py:149} INFO - [2023-06-27T09:25:53.960+0000] {dag.py:2726} INFO - Sync 1 DAGs
[2023-06-27T09:25:54.040+0000] {logging_mixin.py:149} INFO - [2023-06-27T09:25:54.039+0000] {dag.py:3486} INFO - Setting next_dagrun for latest_only_with_trigger to 2023-06-27T05:25:54.039499+00:00, run_after=2023-06-27T09:25:54.039499+00:00
[2023-06-27T09:25:54.102+0000] {processor.py:179} INFO - Processing /home/airflow/.local/lib/python3.8/site-packages/airflow/example_dags/example_latest_only_with_trigger.py took 0.286 seconds
[2023-06-27T09:26:24.412+0000] {processor.py:157} INFO - Started process (PID=135) to work on /home/airflow/.local/lib/python3.8/site-packages/airflow/example_dags/example_latest_only_with_trigger.py
[2023-06-27T09:26:24.413+0000] {processor.py:826} INFO - Processing file /home/airflow/.local/lib/python3.8/site-packages/airflow/example_dags/example_latest_only_with_trigger.py for tasks to queue
[2023-06-27T09:26:24.417+0000] {logging_mixin.py:149} INFO - [2023-06-27T09:26:24.417+0000] {dagbag.py:541} INFO - Filling up the DagBag from /home/airflow/.local/lib/python3.8/site-packages/airflow/example_dags/example_latest_only_with_trigger.py
[2023-06-27T09:26:24.438+0000] {processor.py:836} INFO - DAG(s) dict_keys(['latest_only_with_trigger']) retrieved from /home/airflow/.local/lib/python3.8/site-packages/airflow/example_dags/example_latest_only_with_trigger.py
[2023-06-27T09:26:24.537+0000] {logging_mixin.py:149} INFO - [2023-06-27T09:26:24.537+0000] {dag.py:2726} INFO - Sync 1 DAGs
[2023-06-27T09:26:24.596+0000] {logging_mixin.py:149} INFO - [2023-06-27T09:26:24.596+0000] {dag.py:3486} INFO - Setting next_dagrun for latest_only_with_trigger to 2023-06-27T05:26:24.596099+00:00, run_after=2023-06-27T09:26:24.596099+00:00
[2023-06-27T09:26:24.636+0000] {processor.py:179} INFO - Processing /home/airflow/.local/lib/python3.8/site-packages/airflow/example_dags/example_latest_only_with_trigger.py took 0.229 seconds
[2023-06-27T09:26:56.678+0000] {processor.py:157} INFO - Started process (PID=203) to work on /home/airflow/.local/lib/python3.8/site-packages/airflow/example_dags/example_latest_only_with_trigger.py
[2023-06-27T09:26:56.698+0000] {processor.py:826} INFO - Processing file /home/airflow/.local/lib/python3.8/site-packages/airflow/example_dags/example_latest_only_with_trigger.py for tasks to queue
[2023-06-27T09:26:56.704+0000] {logging_mixin.py:149} INFO - [2023-06-27T09:26:56.704+0000] {dagbag.py:541} INFO - Filling up the DagBag from /home/airflow/.local/lib/python3.8/site-packages/airflow/example_dags/example_latest_only_with_trigger.py
[2023-06-27T09:26:56.740+0000] {processor.py:836} INFO - DAG(s) dict_keys(['latest_only_with_trigger']) retrieved from /home/airflow/.local/lib/python3.8/site-packages/airflow/example_dags/example_latest_only_with_trigger.py
[2023-06-27T09:26:56.979+0000] {logging_mixin.py:149} INFO - [2023-06-27T09:26:56.979+0000] {dag.py:2726} INFO - Sync 1 DAGs
[2023-06-27T09:26:57.083+0000] {logging_mixin.py:149} INFO - [2023-06-27T09:26:57.083+0000] {dag.py:3486} INFO - Setting next_dagrun for latest_only_with_trigger to 2023-06-27T05:26:57.083402+00:00, run_after=2023-06-27T09:26:57.083402+00:00
[2023-06-27T09:26:57.237+0000] {processor.py:179} INFO - Processing /home/airflow/.local/lib/python3.8/site-packages/airflow/example_dags/example_latest_only_with_trigger.py took 0.586 seconds
[2023-06-27T09:27:28.594+0000] {processor.py:157} INFO - Started process (PID=275) to work on /home/airflow/.local/lib/python3.8/site-packages/airflow/example_dags/example_latest_only_with_trigger.py
[2023-06-27T09:27:28.600+0000] {processor.py:826} INFO - Processing file /home/airflow/.local/lib/python3.8/site-packages/airflow/example_dags/example_latest_only_with_trigger.py for tasks to queue
[2023-06-27T09:27:28.602+0000] {logging_mixin.py:149} INFO - [2023-06-27T09:27:28.602+0000] {dagbag.py:541} INFO - Filling up the DagBag from /home/airflow/.local/lib/python3.8/site-packages/airflow/example_dags/example_latest_only_with_trigger.py
[2023-06-27T09:27:28.624+0000] {processor.py:836} INFO - DAG(s) dict_keys(['latest_only_with_trigger']) retrieved from /home/airflow/.local/lib/python3.8/site-packages/airflow/example_dags/example_latest_only_with_trigger.py
[2023-06-27T09:27:28.681+0000] {logging_mixin.py:149} INFO - [2023-06-27T09:27:28.681+0000] {dag.py:2726} INFO - Sync 1 DAGs
[2023-06-27T09:27:28.755+0000] {logging_mixin.py:149} INFO - [2023-06-27T09:27:28.755+0000] {dag.py:3486} INFO - Setting next_dagrun for latest_only_with_trigger to 2023-06-27T05:27:28.755249+00:00, run_after=2023-06-27T09:27:28.755249+00:00
[2023-06-27T09:27:28.831+0000] {processor.py:179} INFO - Processing /home/airflow/.local/lib/python3.8/site-packages/airflow/example_dags/example_latest_only_with_trigger.py took 0.248 seconds
[2023-06-27T09:27:58.991+0000] {processor.py:157} INFO - Started process (PID=341) to work on /home/airflow/.local/lib/python3.8/site-packages/airflow/example_dags/example_latest_only_with_trigger.py
[2023-06-27T09:27:58.993+0000] {processor.py:826} INFO - Processing file /home/airflow/.local/lib/python3.8/site-packages/airflow/example_dags/example_latest_only_with_trigger.py for tasks to queue
[2023-06-27T09:27:58.995+0000] {logging_mixin.py:149} INFO - [2023-06-27T09:27:58.995+0000] {dagbag.py:541} INFO - Filling up the DagBag from /home/airflow/.local/lib/python3.8/site-packages/airflow/example_dags/example_latest_only_with_trigger.py
[2023-06-27T09:27:59.002+0000] {processor.py:836} INFO - DAG(s) dict_keys(['latest_only_with_trigger']) retrieved from /home/airflow/.local/lib/python3.8/site-packages/airflow/example_dags/example_latest_only_with_trigger.py
[2023-06-27T09:27:59.050+0000] {logging_mixin.py:149} INFO - [2023-06-27T09:27:59.050+0000] {dag.py:2726} INFO - Sync 1 DAGs
[2023-06-27T09:27:59.094+0000] {logging_mixin.py:149} INFO - [2023-06-27T09:27:59.094+0000] {dag.py:3486} INFO - Setting next_dagrun for latest_only_with_trigger to 2023-06-27T05:27:59.093635+00:00, run_after=2023-06-27T09:27:59.093635+00:00
[2023-06-27T09:27:59.127+0000] {processor.py:179} INFO - Processing /home/airflow/.local/lib/python3.8/site-packages/airflow/example_dags/example_latest_only_with_trigger.py took 0.141 seconds
[2023-06-27T09:28:29.342+0000] {processor.py:157} INFO - Started process (PID=409) to work on /home/airflow/.local/lib/python3.8/site-packages/airflow/example_dags/example_latest_only_with_trigger.py
[2023-06-27T09:28:29.343+0000] {processor.py:826} INFO - Processing file /home/airflow/.local/lib/python3.8/site-packages/airflow/example_dags/example_latest_only_with_trigger.py for tasks to queue
[2023-06-27T09:28:29.345+0000] {logging_mixin.py:149} INFO - [2023-06-27T09:28:29.345+0000] {dagbag.py:541} INFO - Filling up the DagBag from /home/airflow/.local/lib/python3.8/site-packages/airflow/example_dags/example_latest_only_with_trigger.py
[2023-06-27T09:28:29.352+0000] {processor.py:836} INFO - DAG(s) dict_keys(['latest_only_with_trigger']) retrieved from /home/airflow/.local/lib/python3.8/site-packages/airflow/example_dags/example_latest_only_with_trigger.py
[2023-06-27T09:28:29.384+0000] {logging_mixin.py:149} INFO - [2023-06-27T09:28:29.384+0000] {dag.py:2726} INFO - Sync 1 DAGs
[2023-06-27T09:28:29.412+0000] {logging_mixin.py:149} INFO - [2023-06-27T09:28:29.411+0000] {dag.py:3486} INFO - Setting next_dagrun for latest_only_with_trigger to 2023-06-27T05:28:29.411535+00:00, run_after=2023-06-27T09:28:29.411535+00:00
[2023-06-27T09:28:29.435+0000] {processor.py:179} INFO - Processing /home/airflow/.local/lib/python3.8/site-packages/airflow/example_dags/example_latest_only_with_trigger.py took 0.097 seconds
[2023-06-27T09:28:59.600+0000] {processor.py:157} INFO - Started process (PID=475) to work on /home/airflow/.local/lib/python3.8/site-packages/airflow/example_dags/example_latest_only_with_trigger.py
[2023-06-27T09:28:59.602+0000] {processor.py:826} INFO - Processing file /home/airflow/.local/lib/python3.8/site-packages/airflow/example_dags/example_latest_only_with_trigger.py for tasks to queue
[2023-06-27T09:28:59.604+0000] {logging_mixin.py:149} INFO - [2023-06-27T09:28:59.604+0000] {dagbag.py:541} INFO - Filling up the DagBag from /home/airflow/.local/lib/python3.8/site-packages/airflow/example_dags/example_latest_only_with_trigger.py
[2023-06-27T09:28:59.611+0000] {processor.py:836} INFO - DAG(s) dict_keys(['latest_only_with_trigger']) retrieved from /home/airflow/.local/lib/python3.8/site-packages/airflow/example_dags/example_latest_only_with_trigger.py
[2023-06-27T09:28:59.644+0000] {logging_mixin.py:149} INFO - [2023-06-27T09:28:59.643+0000] {dag.py:2726} INFO - Sync 1 DAGs
[2023-06-27T09:28:59.673+0000] {logging_mixin.py:149} INFO - [2023-06-27T09:28:59.673+0000] {dag.py:3486} INFO - Setting next_dagrun for latest_only_with_trigger to 2023-06-27T05:28:59.672756+00:00, run_after=2023-06-27T09:28:59.672756+00:00
[2023-06-27T09:28:59.698+0000] {processor.py:179} INFO - Processing /home/airflow/.local/lib/python3.8/site-packages/airflow/example_dags/example_latest_only_with_trigger.py took 0.103 seconds
[2023-06-27T09:29:30.600+0000] {processor.py:157} INFO - Started process (PID=553) to work on /home/airflow/.local/lib/python3.8/site-packages/airflow/example_dags/example_latest_only_with_trigger.py
[2023-06-27T09:29:30.602+0000] {processor.py:826} INFO - Processing file /home/airflow/.local/lib/python3.8/site-packages/airflow/example_dags/example_latest_only_with_trigger.py for tasks to queue
[2023-06-27T09:29:30.604+0000] {logging_mixin.py:149} INFO - [2023-06-27T09:29:30.604+0000] {dagbag.py:541} INFO - Filling up the DagBag from /home/airflow/.local/lib/python3.8/site-packages/airflow/example_dags/example_latest_only_with_trigger.py
[2023-06-27T09:29:30.611+0000] {processor.py:836} INFO - DAG(s) dict_keys(['latest_only_with_trigger']) retrieved from /home/airflow/.local/lib/python3.8/site-packages/airflow/example_dags/example_latest_only_with_trigger.py
[2023-06-27T09:29:30.675+0000] {logging_mixin.py:149} INFO - [2023-06-27T09:29:30.674+0000] {dag.py:2726} INFO - Sync 1 DAGs
[2023-06-27T09:29:30.706+0000] {logging_mixin.py:149} INFO - [2023-06-27T09:29:30.706+0000] {dag.py:3486} INFO - Setting next_dagrun for latest_only_with_trigger to 2023-06-27T05:29:30.706316+00:00, run_after=2023-06-27T09:29:30.706316+00:00
[2023-06-27T09:29:30.727+0000] {processor.py:179} INFO - Processing /home/airflow/.local/lib/python3.8/site-packages/airflow/example_dags/example_latest_only_with_trigger.py took 0.137 seconds
[2023-06-27T09:30:01.484+0000] {processor.py:157} INFO - Started process (PID=619) to work on /home/airflow/.local/lib/python3.8/site-packages/airflow/example_dags/example_latest_only_with_trigger.py
[2023-06-27T09:30:01.485+0000] {processor.py:826} INFO - Processing file /home/airflow/.local/lib/python3.8/site-packages/airflow/example_dags/example_latest_only_with_trigger.py for tasks to queue
[2023-06-27T09:30:01.487+0000] {logging_mixin.py:149} INFO - [2023-06-27T09:30:01.487+0000] {dagbag.py:541} INFO - Filling up the DagBag from /home/airflow/.local/lib/python3.8/site-packages/airflow/example_dags/example_latest_only_with_trigger.py
[2023-06-27T09:30:01.495+0000] {processor.py:836} INFO - DAG(s) dict_keys(['latest_only_with_trigger']) retrieved from /home/airflow/.local/lib/python3.8/site-packages/airflow/example_dags/example_latest_only_with_trigger.py
[2023-06-27T09:30:01.566+0000] {logging_mixin.py:149} INFO - [2023-06-27T09:30:01.565+0000] {dag.py:2726} INFO - Sync 1 DAGs
[2023-06-27T09:30:01.636+0000] {logging_mixin.py:149} INFO - [2023-06-27T09:30:01.636+0000] {dag.py:3486} INFO - Setting next_dagrun for latest_only_with_trigger to 2023-06-27T05:30:01.636116+00:00, run_after=2023-06-27T09:30:01.636116+00:00
[2023-06-27T09:30:01.659+0000] {processor.py:179} INFO - Processing /home/airflow/.local/lib/python3.8/site-packages/airflow/example_dags/example_latest_only_with_trigger.py took 0.188 seconds
[2023-06-27T09:30:32.503+0000] {processor.py:157} INFO - Started process (PID=690) to work on /home/airflow/.local/lib/python3.8/site-packages/airflow/example_dags/example_latest_only_with_trigger.py
[2023-06-27T09:30:32.504+0000] {processor.py:826} INFO - Processing file /home/airflow/.local/lib/python3.8/site-packages/airflow/example_dags/example_latest_only_with_trigger.py for tasks to queue
[2023-06-27T09:30:32.506+0000] {logging_mixin.py:149} INFO - [2023-06-27T09:30:32.506+0000] {dagbag.py:541} INFO - Filling up the DagBag from /home/airflow/.local/lib/python3.8/site-packages/airflow/example_dags/example_latest_only_with_trigger.py
[2023-06-27T09:30:32.513+0000] {processor.py:836} INFO - DAG(s) dict_keys(['latest_only_with_trigger']) retrieved from /home/airflow/.local/lib/python3.8/site-packages/airflow/example_dags/example_latest_only_with_trigger.py
[2023-06-27T09:30:32.545+0000] {logging_mixin.py:149} INFO - [2023-06-27T09:30:32.545+0000] {dag.py:2726} INFO - Sync 1 DAGs
[2023-06-27T09:30:32.577+0000] {logging_mixin.py:149} INFO - [2023-06-27T09:30:32.576+0000] {dag.py:3486} INFO - Setting next_dagrun for latest_only_with_trigger to 2023-06-27T05:30:32.576559+00:00, run_after=2023-06-27T09:30:32.576559+00:00
[2023-06-27T09:30:32.599+0000] {processor.py:179} INFO - Processing /home/airflow/.local/lib/python3.8/site-packages/airflow/example_dags/example_latest_only_with_trigger.py took 0.101 seconds
[2023-06-27T09:31:03.408+0000] {processor.py:157} INFO - Started process (PID=768) to work on /home/airflow/.local/lib/python3.8/site-packages/airflow/example_dags/example_latest_only_with_trigger.py
[2023-06-27T09:31:03.409+0000] {processor.py:826} INFO - Processing file /home/airflow/.local/lib/python3.8/site-packages/airflow/example_dags/example_latest_only_with_trigger.py for tasks to queue
[2023-06-27T09:31:03.411+0000] {logging_mixin.py:149} INFO - [2023-06-27T09:31:03.411+0000] {dagbag.py:541} INFO - Filling up the DagBag from /home/airflow/.local/lib/python3.8/site-packages/airflow/example_dags/example_latest_only_with_trigger.py
[2023-06-27T09:31:03.417+0000] {processor.py:836} INFO - DAG(s) dict_keys(['latest_only_with_trigger']) retrieved from /home/airflow/.local/lib/python3.8/site-packages/airflow/example_dags/example_latest_only_with_trigger.py
[2023-06-27T09:31:03.450+0000] {logging_mixin.py:149} INFO - [2023-06-27T09:31:03.449+0000] {dag.py:2726} INFO - Sync 1 DAGs
[2023-06-27T09:31:03.478+0000] {logging_mixin.py:149} INFO - [2023-06-27T09:31:03.478+0000] {dag.py:3486} INFO - Setting next_dagrun for latest_only_with_trigger to 2023-06-27T05:31:03.477702+00:00, run_after=2023-06-27T09:31:03.477702+00:00
[2023-06-27T09:31:03.514+0000] {processor.py:179} INFO - Processing /home/airflow/.local/lib/python3.8/site-packages/airflow/example_dags/example_latest_only_with_trigger.py took 0.111 seconds
[2023-06-27T09:31:34.703+0000] {processor.py:157} INFO - Started process (PID=834) to work on /home/airflow/.local/lib/python3.8/site-packages/airflow/example_dags/example_latest_only_with_trigger.py
[2023-06-27T09:31:34.704+0000] {processor.py:826} INFO - Processing file /home/airflow/.local/lib/python3.8/site-packages/airflow/example_dags/example_latest_only_with_trigger.py for tasks to queue
[2023-06-27T09:31:34.706+0000] {logging_mixin.py:149} INFO - [2023-06-27T09:31:34.706+0000] {dagbag.py:541} INFO - Filling up the DagBag from /home/airflow/.local/lib/python3.8/site-packages/airflow/example_dags/example_latest_only_with_trigger.py
[2023-06-27T09:31:34.713+0000] {processor.py:836} INFO - DAG(s) dict_keys(['latest_only_with_trigger']) retrieved from /home/airflow/.local/lib/python3.8/site-packages/airflow/example_dags/example_latest_only_with_trigger.py
[2023-06-27T09:31:34.747+0000] {logging_mixin.py:149} INFO - [2023-06-27T09:31:34.746+0000] {dag.py:2726} INFO - Sync 1 DAGs
[2023-06-27T09:31:34.780+0000] {logging_mixin.py:149} INFO - [2023-06-27T09:31:34.780+0000] {dag.py:3486} INFO - Setting next_dagrun for latest_only_with_trigger to 2023-06-27T05:31:34.780077+00:00, run_after=2023-06-27T09:31:34.780077+00:00
[2023-06-27T09:31:34.806+0000] {processor.py:179} INFO - Processing /home/airflow/.local/lib/python3.8/site-packages/airflow/example_dags/example_latest_only_with_trigger.py took 0.108 seconds
[2023-06-27T09:32:05.426+0000] {processor.py:157} INFO - Started process (PID=901) to work on /home/airflow/.local/lib/python3.8/site-packages/airflow/example_dags/example_latest_only_with_trigger.py
[2023-06-27T09:32:05.428+0000] {processor.py:826} INFO - Processing file /home/airflow/.local/lib/python3.8/site-packages/airflow/example_dags/example_latest_only_with_trigger.py for tasks to queue
[2023-06-27T09:32:05.430+0000] {logging_mixin.py:149} INFO - [2023-06-27T09:32:05.430+0000] {dagbag.py:541} INFO - Filling up the DagBag from /home/airflow/.local/lib/python3.8/site-packages/airflow/example_dags/example_latest_only_with_trigger.py
[2023-06-27T09:32:05.437+0000] {processor.py:836} INFO - DAG(s) dict_keys(['latest_only_with_trigger']) retrieved from /home/airflow/.local/lib/python3.8/site-packages/airflow/example_dags/example_latest_only_with_trigger.py
[2023-06-27T09:32:05.471+0000] {logging_mixin.py:149} INFO - [2023-06-27T09:32:05.471+0000] {dag.py:2726} INFO - Sync 1 DAGs
[2023-06-27T09:32:05.502+0000] {logging_mixin.py:149} INFO - [2023-06-27T09:32:05.501+0000] {dag.py:3486} INFO - Setting next_dagrun for latest_only_with_trigger to 2023-06-27T05:32:05.501395+00:00, run_after=2023-06-27T09:32:05.501395+00:00
[2023-06-27T09:32:05.525+0000] {processor.py:179} INFO - Processing /home/airflow/.local/lib/python3.8/site-packages/airflow/example_dags/example_latest_only_with_trigger.py took 0.104 seconds
[2023-06-27T09:32:36.741+0000] {processor.py:157} INFO - Started process (PID=976) to work on /home/airflow/.local/lib/python3.8/site-packages/airflow/example_dags/example_latest_only_with_trigger.py
[2023-06-27T09:32:36.751+0000] {processor.py:826} INFO - Processing file /home/airflow/.local/lib/python3.8/site-packages/airflow/example_dags/example_latest_only_with_trigger.py for tasks to queue
[2023-06-27T09:32:36.753+0000] {logging_mixin.py:149} INFO - [2023-06-27T09:32:36.752+0000] {dagbag.py:541} INFO - Filling up the DagBag from /home/airflow/.local/lib/python3.8/site-packages/airflow/example_dags/example_latest_only_with_trigger.py
[2023-06-27T09:32:36.794+0000] {processor.py:836} INFO - DAG(s) dict_keys(['latest_only_with_trigger']) retrieved from /home/airflow/.local/lib/python3.8/site-packages/airflow/example_dags/example_latest_only_with_trigger.py
[2023-06-27T09:32:37.010+0000] {logging_mixin.py:149} INFO - [2023-06-27T09:32:37.009+0000] {dag.py:2726} INFO - Sync 1 DAGs
[2023-06-27T09:32:37.169+0000] {logging_mixin.py:149} INFO - [2023-06-27T09:32:37.169+0000] {dag.py:3486} INFO - Setting next_dagrun for latest_only_with_trigger to 2023-06-27T05:32:37.168955+00:00, run_after=2023-06-27T09:32:37.168955+00:00
[2023-06-27T09:32:37.339+0000] {processor.py:179} INFO - Processing /home/airflow/.local/lib/python3.8/site-packages/airflow/example_dags/example_latest_only_with_trigger.py took 0.628 seconds
[2023-06-27T09:33:07.756+0000] {processor.py:157} INFO - Started process (PID=1044) to work on /home/airflow/.local/lib/python3.8/site-packages/airflow/example_dags/example_latest_only_with_trigger.py
[2023-06-27T09:33:07.775+0000] {processor.py:826} INFO - Processing file /home/airflow/.local/lib/python3.8/site-packages/airflow/example_dags/example_latest_only_with_trigger.py for tasks to queue
[2023-06-27T09:33:07.777+0000] {logging_mixin.py:149} INFO - [2023-06-27T09:33:07.777+0000] {dagbag.py:541} INFO - Filling up the DagBag from /home/airflow/.local/lib/python3.8/site-packages/airflow/example_dags/example_latest_only_with_trigger.py
[2023-06-27T09:33:07.817+0000] {processor.py:836} INFO - DAG(s) dict_keys(['latest_only_with_trigger']) retrieved from /home/airflow/.local/lib/python3.8/site-packages/airflow/example_dags/example_latest_only_with_trigger.py
[2023-06-27T09:33:07.983+0000] {logging_mixin.py:149} INFO - [2023-06-27T09:33:07.983+0000] {dag.py:2726} INFO - Sync 1 DAGs
[2023-06-27T09:33:08.131+0000] {logging_mixin.py:149} INFO - [2023-06-27T09:33:08.131+0000] {dag.py:3486} INFO - Setting next_dagrun for latest_only_with_trigger to 2023-06-27T05:33:08.131282+00:00, run_after=2023-06-27T09:33:08.131282+00:00
[2023-06-27T09:33:08.275+0000] {processor.py:179} INFO - Processing /home/airflow/.local/lib/python3.8/site-packages/airflow/example_dags/example_latest_only_with_trigger.py took 0.544 seconds
[2023-06-27T09:33:38.513+0000] {processor.py:157} INFO - Started process (PID=1112) to work on /home/airflow/.local/lib/python3.8/site-packages/airflow/example_dags/example_latest_only_with_trigger.py
[2023-06-27T09:33:38.526+0000] {processor.py:826} INFO - Processing file /home/airflow/.local/lib/python3.8/site-packages/airflow/example_dags/example_latest_only_with_trigger.py for tasks to queue
[2023-06-27T09:33:38.528+0000] {logging_mixin.py:149} INFO - [2023-06-27T09:33:38.528+0000] {dagbag.py:541} INFO - Filling up the DagBag from /home/airflow/.local/lib/python3.8/site-packages/airflow/example_dags/example_latest_only_with_trigger.py
[2023-06-27T09:33:38.560+0000] {processor.py:836} INFO - DAG(s) dict_keys(['latest_only_with_trigger']) retrieved from /home/airflow/.local/lib/python3.8/site-packages/airflow/example_dags/example_latest_only_with_trigger.py
[2023-06-27T09:33:38.683+0000] {logging_mixin.py:149} INFO - [2023-06-27T09:33:38.683+0000] {dag.py:2726} INFO - Sync 1 DAGs
[2023-06-27T09:33:38.760+0000] {logging_mixin.py:149} INFO - [2023-06-27T09:33:38.760+0000] {dag.py:3486} INFO - Setting next_dagrun for latest_only_with_trigger to 2023-06-27T05:33:38.760329+00:00, run_after=2023-06-27T09:33:38.760329+00:00
[2023-06-27T09:33:38.832+0000] {processor.py:179} INFO - Processing /home/airflow/.local/lib/python3.8/site-packages/airflow/example_dags/example_latest_only_with_trigger.py took 0.340 seconds
[2023-06-27T09:34:09.784+0000] {processor.py:157} INFO - Started process (PID=1179) to work on /home/airflow/.local/lib/python3.8/site-packages/airflow/example_dags/example_latest_only_with_trigger.py
[2023-06-27T09:34:09.803+0000] {processor.py:826} INFO - Processing file /home/airflow/.local/lib/python3.8/site-packages/airflow/example_dags/example_latest_only_with_trigger.py for tasks to queue
[2023-06-27T09:34:09.805+0000] {logging_mixin.py:149} INFO - [2023-06-27T09:34:09.804+0000] {dagbag.py:541} INFO - Filling up the DagBag from /home/airflow/.local/lib/python3.8/site-packages/airflow/example_dags/example_latest_only_with_trigger.py
[2023-06-27T09:34:09.864+0000] {processor.py:836} INFO - DAG(s) dict_keys(['latest_only_with_trigger']) retrieved from /home/airflow/.local/lib/python3.8/site-packages/airflow/example_dags/example_latest_only_with_trigger.py
[2023-06-27T09:34:10.031+0000] {logging_mixin.py:149} INFO - [2023-06-27T09:34:10.031+0000] {dag.py:2726} INFO - Sync 1 DAGs
[2023-06-27T09:34:10.136+0000] {logging_mixin.py:149} INFO - [2023-06-27T09:34:10.135+0000] {dag.py:3486} INFO - Setting next_dagrun for latest_only_with_trigger to 2023-06-27T05:34:10.135446+00:00, run_after=2023-06-27T09:34:10.135446+00:00
[2023-06-27T09:34:10.244+0000] {processor.py:179} INFO - Processing /home/airflow/.local/lib/python3.8/site-packages/airflow/example_dags/example_latest_only_with_trigger.py took 0.480 seconds
