[2023-06-27T00:00:47.992+0000] {processor.py:157} INFO - Started process (PID=455) to work on /home/airflow/.local/lib/python3.8/site-packages/airflow/example_dags/example_latest_only.py
[2023-06-27T00:00:48.017+0000] {processor.py:826} INFO - Processing file /home/airflow/.local/lib/python3.8/site-packages/airflow/example_dags/example_latest_only.py for tasks to queue
[2023-06-27T00:00:48.018+0000] {logging_mixin.py:149} INFO - [2023-06-27T00:00:48.018+0000] {dagbag.py:541} INFO - Filling up the DagBag from /home/airflow/.local/lib/python3.8/site-packages/airflow/example_dags/example_latest_only.py
[2023-06-27T00:00:48.071+0000] {processor.py:836} INFO - DAG(s) dict_keys(['latest_only']) retrieved from /home/airflow/.local/lib/python3.8/site-packages/airflow/example_dags/example_latest_only.py
[2023-06-27T00:00:49.234+0000] {logging_mixin.py:149} INFO - [2023-06-27T00:00:49.234+0000] {dag.py:2726} INFO - Sync 1 DAGs
[2023-06-27T00:00:49.482+0000] {logging_mixin.py:149} INFO - [2023-06-27T00:00:49.482+0000] {dag.py:3486} INFO - Setting next_dagrun for latest_only to 2023-06-26T20:00:49.482110+00:00, run_after=2023-06-27T00:00:49.482110+00:00
[2023-06-27T00:00:49.657+0000] {processor.py:179} INFO - Processing /home/airflow/.local/lib/python3.8/site-packages/airflow/example_dags/example_latest_only.py took 1.699 seconds
[2023-06-27T00:08:14.387+0000] {processor.py:157} INFO - Started process (PID=682) to work on /home/airflow/.local/lib/python3.8/site-packages/airflow/example_dags/example_latest_only.py
[2023-06-27T00:08:14.733+0000] {processor.py:826} INFO - Processing file /home/airflow/.local/lib/python3.8/site-packages/airflow/example_dags/example_latest_only.py for tasks to queue
[2023-06-27T00:08:14.734+0000] {logging_mixin.py:149} INFO - [2023-06-27T00:08:14.734+0000] {dagbag.py:541} INFO - Filling up the DagBag from /home/airflow/.local/lib/python3.8/site-packages/airflow/example_dags/example_latest_only.py
[2023-06-27T00:08:16.218+0000] {processor.py:836} INFO - DAG(s) dict_keys(['latest_only']) retrieved from /home/airflow/.local/lib/python3.8/site-packages/airflow/example_dags/example_latest_only.py
[2023-06-27T01:00:51.567+0000] {logging_mixin.py:149} INFO - [2023-06-27T01:00:51.567+0000] {process_utils.py:258} INFO - Waiting up to 5 seconds for processes to exit...
[2023-06-27T01:05:08.794+0000] {processor.py:157} INFO - Started process (PID=164) to work on /home/airflow/.local/lib/python3.8/site-packages/airflow/example_dags/example_latest_only.py
[2023-06-27T01:05:08.872+0000] {processor.py:826} INFO - Processing file /home/airflow/.local/lib/python3.8/site-packages/airflow/example_dags/example_latest_only.py for tasks to queue
[2023-06-27T01:05:08.952+0000] {logging_mixin.py:149} INFO - [2023-06-27T01:05:08.873+0000] {dagbag.py:541} INFO - Filling up the DagBag from /home/airflow/.local/lib/python3.8/site-packages/airflow/example_dags/example_latest_only.py
[2023-06-27T01:05:09.357+0000] {processor.py:836} INFO - DAG(s) dict_keys(['latest_only']) retrieved from /home/airflow/.local/lib/python3.8/site-packages/airflow/example_dags/example_latest_only.py
[2023-06-27T01:05:10.678+0000] {logging_mixin.py:149} INFO - [2023-06-27T01:05:10.678+0000] {dag.py:2726} INFO - Sync 1 DAGs
[2023-06-27T01:05:11.462+0000] {logging_mixin.py:149} INFO - [2023-06-27T01:05:11.462+0000] {dag.py:3486} INFO - Setting next_dagrun for latest_only to 2023-06-26T21:05:11.462220+00:00, run_after=2023-06-27T01:05:11.462220+00:00
[2023-06-27T01:05:12.361+0000] {processor.py:179} INFO - Processing /home/airflow/.local/lib/python3.8/site-packages/airflow/example_dags/example_latest_only.py took 4.652 seconds
[2023-06-27T01:37:47.415+0000] {processor.py:157} INFO - Started process (PID=94) to work on /home/airflow/.local/lib/python3.8/site-packages/airflow/example_dags/example_latest_only.py
[2023-06-27T01:37:47.426+0000] {processor.py:826} INFO - Processing file /home/airflow/.local/lib/python3.8/site-packages/airflow/example_dags/example_latest_only.py for tasks to queue
[2023-06-27T01:37:47.426+0000] {logging_mixin.py:149} INFO - [2023-06-27T01:37:47.426+0000] {dagbag.py:541} INFO - Filling up the DagBag from /home/airflow/.local/lib/python3.8/site-packages/airflow/example_dags/example_latest_only.py
[2023-06-27T01:37:47.466+0000] {processor.py:836} INFO - DAG(s) dict_keys(['latest_only']) retrieved from /home/airflow/.local/lib/python3.8/site-packages/airflow/example_dags/example_latest_only.py
[2023-06-27T01:37:47.605+0000] {logging_mixin.py:149} INFO - [2023-06-27T01:37:47.605+0000] {dag.py:2726} INFO - Sync 1 DAGs
[2023-06-27T01:37:47.740+0000] {logging_mixin.py:149} INFO - [2023-06-27T01:37:47.739+0000] {dag.py:3486} INFO - Setting next_dagrun for latest_only to 2023-06-26T21:37:47.739546+00:00, run_after=2023-06-27T01:37:47.739546+00:00
[2023-06-27T01:37:47.874+0000] {processor.py:179} INFO - Processing /home/airflow/.local/lib/python3.8/site-packages/airflow/example_dags/example_latest_only.py took 0.510 seconds
[2023-06-27T01:42:22.578+0000] {processor.py:157} INFO - Started process (PID=273) to work on /home/airflow/.local/lib/python3.8/site-packages/airflow/example_dags/example_latest_only.py
[2023-06-27T01:42:22.658+0000] {processor.py:826} INFO - Processing file /home/airflow/.local/lib/python3.8/site-packages/airflow/example_dags/example_latest_only.py for tasks to queue
[2023-06-27T01:42:22.661+0000] {logging_mixin.py:149} INFO - [2023-06-27T01:42:22.660+0000] {dagbag.py:541} INFO - Filling up the DagBag from /home/airflow/.local/lib/python3.8/site-packages/airflow/example_dags/example_latest_only.py
[2023-06-27T01:42:24.689+0000] {processor.py:836} INFO - DAG(s) dict_keys(['latest_only']) retrieved from /home/airflow/.local/lib/python3.8/site-packages/airflow/example_dags/example_latest_only.py
[2023-06-27T01:42:30.399+0000] {logging_mixin.py:149} INFO - [2023-06-27T01:42:30.398+0000] {dag.py:2726} INFO - Sync 1 DAGs
[2023-06-27T01:42:36.718+0000] {logging_mixin.py:149} INFO - [2023-06-27T01:42:36.718+0000] {dag.py:3486} INFO - Setting next_dagrun for latest_only to 2023-06-26T21:42:36.717767+00:00, run_after=2023-06-27T01:42:36.717767+00:00
[2023-06-27T01:42:41.328+0000] {processor.py:179} INFO - Processing /home/airflow/.local/lib/python3.8/site-packages/airflow/example_dags/example_latest_only.py took 19.940 seconds
[2023-06-27T02:20:24.407+0000] {processor.py:157} INFO - Started process (PID=178) to work on /home/airflow/.local/lib/python3.8/site-packages/airflow/example_dags/example_latest_only.py
[2023-06-27T02:20:24.502+0000] {processor.py:826} INFO - Processing file /home/airflow/.local/lib/python3.8/site-packages/airflow/example_dags/example_latest_only.py for tasks to queue
[2023-06-27T02:20:24.503+0000] {logging_mixin.py:149} INFO - [2023-06-27T02:20:24.502+0000] {dagbag.py:541} INFO - Filling up the DagBag from /home/airflow/.local/lib/python3.8/site-packages/airflow/example_dags/example_latest_only.py
[2023-06-27T02:20:24.771+0000] {processor.py:836} INFO - DAG(s) dict_keys(['latest_only']) retrieved from /home/airflow/.local/lib/python3.8/site-packages/airflow/example_dags/example_latest_only.py
[2023-06-27T02:20:25.606+0000] {logging_mixin.py:149} INFO - [2023-06-27T02:20:25.606+0000] {dag.py:2726} INFO - Sync 1 DAGs
[2023-06-27T02:20:26.394+0000] {logging_mixin.py:149} INFO - [2023-06-27T02:20:26.394+0000] {dag.py:3486} INFO - Setting next_dagrun for latest_only to 2023-06-26T22:20:26.394222+00:00, run_after=2023-06-27T02:20:26.394222+00:00
[2023-06-27T02:20:27.253+0000] {processor.py:179} INFO - Processing /home/airflow/.local/lib/python3.8/site-packages/airflow/example_dags/example_latest_only.py took 2.984 seconds
[2023-06-27T06:20:35.426+0000] {processor.py:157} INFO - Started process (PID=458) to work on /home/airflow/.local/lib/python3.8/site-packages/airflow/example_dags/example_latest_only.py
[2023-06-27T06:20:35.452+0000] {processor.py:826} INFO - Processing file /home/airflow/.local/lib/python3.8/site-packages/airflow/example_dags/example_latest_only.py for tasks to queue
[2023-06-27T06:20:35.471+0000] {logging_mixin.py:149} INFO - [2023-06-27T06:20:35.460+0000] {dagbag.py:541} INFO - Filling up the DagBag from /home/airflow/.local/lib/python3.8/site-packages/airflow/example_dags/example_latest_only.py
[2023-06-27T06:20:35.808+0000] {processor.py:836} INFO - DAG(s) dict_keys(['latest_only']) retrieved from /home/airflow/.local/lib/python3.8/site-packages/airflow/example_dags/example_latest_only.py
[2023-06-27T06:20:51.045+0000] {logging_mixin.py:149} INFO - [2023-06-27T06:20:51.045+0000] {dag.py:2726} INFO - Sync 1 DAGs
[2023-06-27T06:20:51.673+0000] {logging_mixin.py:149} INFO - [2023-06-27T06:20:51.673+0000] {dag.py:3486} INFO - Setting next_dagrun for latest_only to 2023-06-27T02:20:51.669026+00:00, run_after=2023-06-27T06:20:51.669026+00:00
[2023-06-27T06:20:52.530+0000] {processor.py:179} INFO - Processing /home/airflow/.local/lib/python3.8/site-packages/airflow/example_dags/example_latest_only.py took 17.145 seconds
[2023-06-27T08:57:02.275+0000] {processor.py:157} INFO - Started process (PID=593) to work on /home/airflow/.local/lib/python3.8/site-packages/airflow/example_dags/example_latest_only.py
[2023-06-27T08:57:02.295+0000] {processor.py:826} INFO - Processing file /home/airflow/.local/lib/python3.8/site-packages/airflow/example_dags/example_latest_only.py for tasks to queue
[2023-06-27T08:57:02.296+0000] {logging_mixin.py:149} INFO - [2023-06-27T08:57:02.296+0000] {dagbag.py:541} INFO - Filling up the DagBag from /home/airflow/.local/lib/python3.8/site-packages/airflow/example_dags/example_latest_only.py
[2023-06-27T08:57:02.311+0000] {processor.py:836} INFO - DAG(s) dict_keys(['latest_only']) retrieved from /home/airflow/.local/lib/python3.8/site-packages/airflow/example_dags/example_latest_only.py
[2023-06-27T08:57:02.483+0000] {logging_mixin.py:149} INFO - [2023-06-27T08:57:02.483+0000] {dag.py:2726} INFO - Sync 1 DAGs
[2023-06-27T08:57:02.584+0000] {logging_mixin.py:149} INFO - [2023-06-27T08:57:02.582+0000] {dag.py:3486} INFO - Setting next_dagrun for latest_only to 2023-06-27T04:57:02.577127+00:00, run_after=2023-06-27T08:57:02.577127+00:00
[2023-06-27T08:57:02.657+0000] {processor.py:179} INFO - Processing /home/airflow/.local/lib/python3.8/site-packages/airflow/example_dags/example_latest_only.py took 0.387 seconds
[2023-06-27T09:00:36.291+0000] {processor.py:157} INFO - Started process (PID=741) to work on /home/airflow/.local/lib/python3.8/site-packages/airflow/example_dags/example_latest_only.py
[2023-06-27T09:00:36.344+0000] {processor.py:826} INFO - Processing file /home/airflow/.local/lib/python3.8/site-packages/airflow/example_dags/example_latest_only.py for tasks to queue
[2023-06-27T09:00:36.347+0000] {logging_mixin.py:149} INFO - [2023-06-27T09:00:36.346+0000] {dagbag.py:541} INFO - Filling up the DagBag from /home/airflow/.local/lib/python3.8/site-packages/airflow/example_dags/example_latest_only.py
[2023-06-27T09:00:36.528+0000] {processor.py:836} INFO - DAG(s) dict_keys(['latest_only']) retrieved from /home/airflow/.local/lib/python3.8/site-packages/airflow/example_dags/example_latest_only.py
[2023-06-27T09:00:36.561+0000] {logging_mixin.py:149} INFO - [2023-06-27T09:00:36.561+0000] {dag.py:2726} INFO - Sync 1 DAGs
[2023-06-27T09:00:36.593+0000] {logging_mixin.py:149} INFO - [2023-06-27T09:00:36.592+0000] {dag.py:3486} INFO - Setting next_dagrun for latest_only to 2023-06-27T05:00:36.592604+00:00, run_after=2023-06-27T09:00:36.592604+00:00
[2023-06-27T09:00:36.672+0000] {processor.py:179} INFO - Processing /home/airflow/.local/lib/python3.8/site-packages/airflow/example_dags/example_latest_only.py took 0.386 seconds
[2023-06-27T09:20:53.969+0000] {processor.py:157} INFO - Started process (PID=95) to work on /home/airflow/.local/lib/python3.8/site-packages/airflow/example_dags/example_latest_only.py
[2023-06-27T09:20:53.997+0000] {processor.py:826} INFO - Processing file /home/airflow/.local/lib/python3.8/site-packages/airflow/example_dags/example_latest_only.py for tasks to queue
[2023-06-27T09:20:53.998+0000] {logging_mixin.py:149} INFO - [2023-06-27T09:20:53.997+0000] {dagbag.py:541} INFO - Filling up the DagBag from /home/airflow/.local/lib/python3.8/site-packages/airflow/example_dags/example_latest_only.py
[2023-06-27T09:20:54.054+0000] {processor.py:836} INFO - DAG(s) dict_keys(['latest_only']) retrieved from /home/airflow/.local/lib/python3.8/site-packages/airflow/example_dags/example_latest_only.py
[2023-06-27T09:20:54.423+0000] {logging_mixin.py:149} INFO - [2023-06-27T09:20:54.423+0000] {dag.py:2726} INFO - Sync 1 DAGs
[2023-06-27T09:20:54.693+0000] {logging_mixin.py:149} INFO - [2023-06-27T09:20:54.692+0000] {dag.py:3486} INFO - Setting next_dagrun for latest_only to 2023-06-27T05:20:54.692632+00:00, run_after=2023-06-27T09:20:54.692632+00:00
[2023-06-27T09:20:54.887+0000] {processor.py:179} INFO - Processing /home/airflow/.local/lib/python3.8/site-packages/airflow/example_dags/example_latest_only.py took 0.958 seconds
[2023-06-27T09:21:25.001+0000] {processor.py:157} INFO - Started process (PID=153) to work on /home/airflow/.local/lib/python3.8/site-packages/airflow/example_dags/example_latest_only.py
[2023-06-27T09:21:25.024+0000] {processor.py:826} INFO - Processing file /home/airflow/.local/lib/python3.8/site-packages/airflow/example_dags/example_latest_only.py for tasks to queue
[2023-06-27T09:21:25.026+0000] {logging_mixin.py:149} INFO - [2023-06-27T09:21:25.026+0000] {dagbag.py:541} INFO - Filling up the DagBag from /home/airflow/.local/lib/python3.8/site-packages/airflow/example_dags/example_latest_only.py
[2023-06-27T09:21:25.056+0000] {processor.py:836} INFO - DAG(s) dict_keys(['latest_only']) retrieved from /home/airflow/.local/lib/python3.8/site-packages/airflow/example_dags/example_latest_only.py
[2023-06-27T09:21:25.207+0000] {logging_mixin.py:149} INFO - [2023-06-27T09:21:25.207+0000] {dag.py:2726} INFO - Sync 1 DAGs
[2023-06-27T09:21:25.363+0000] {logging_mixin.py:149} INFO - [2023-06-27T09:21:25.362+0000] {dag.py:3486} INFO - Setting next_dagrun for latest_only to 2023-06-27T05:21:25.360250+00:00, run_after=2023-06-27T09:21:25.360250+00:00
[2023-06-27T09:21:25.460+0000] {processor.py:179} INFO - Processing /home/airflow/.local/lib/python3.8/site-packages/airflow/example_dags/example_latest_only.py took 0.476 seconds
[2023-06-27T09:21:55.984+0000] {processor.py:157} INFO - Started process (PID=221) to work on /home/airflow/.local/lib/python3.8/site-packages/airflow/example_dags/example_latest_only.py
[2023-06-27T09:21:55.986+0000] {processor.py:826} INFO - Processing file /home/airflow/.local/lib/python3.8/site-packages/airflow/example_dags/example_latest_only.py for tasks to queue
[2023-06-27T09:21:55.988+0000] {logging_mixin.py:149} INFO - [2023-06-27T09:21:55.988+0000] {dagbag.py:541} INFO - Filling up the DagBag from /home/airflow/.local/lib/python3.8/site-packages/airflow/example_dags/example_latest_only.py
[2023-06-27T09:21:56.002+0000] {processor.py:836} INFO - DAG(s) dict_keys(['latest_only']) retrieved from /home/airflow/.local/lib/python3.8/site-packages/airflow/example_dags/example_latest_only.py
[2023-06-27T09:21:56.064+0000] {logging_mixin.py:149} INFO - [2023-06-27T09:21:56.062+0000] {dag.py:2726} INFO - Sync 1 DAGs
[2023-06-27T09:21:56.135+0000] {logging_mixin.py:149} INFO - [2023-06-27T09:21:56.135+0000] {dag.py:3486} INFO - Setting next_dagrun for latest_only to 2023-06-27T05:21:56.135244+00:00, run_after=2023-06-27T09:21:56.135244+00:00
[2023-06-27T09:21:56.208+0000] {processor.py:179} INFO - Processing /home/airflow/.local/lib/python3.8/site-packages/airflow/example_dags/example_latest_only.py took 0.229 seconds
[2023-06-27T09:22:26.296+0000] {processor.py:157} INFO - Started process (PID=288) to work on /home/airflow/.local/lib/python3.8/site-packages/airflow/example_dags/example_latest_only.py
[2023-06-27T09:22:26.297+0000] {processor.py:826} INFO - Processing file /home/airflow/.local/lib/python3.8/site-packages/airflow/example_dags/example_latest_only.py for tasks to queue
[2023-06-27T09:22:26.311+0000] {logging_mixin.py:149} INFO - [2023-06-27T09:22:26.311+0000] {dagbag.py:541} INFO - Filling up the DagBag from /home/airflow/.local/lib/python3.8/site-packages/airflow/example_dags/example_latest_only.py
[2023-06-27T09:22:26.329+0000] {processor.py:836} INFO - DAG(s) dict_keys(['latest_only']) retrieved from /home/airflow/.local/lib/python3.8/site-packages/airflow/example_dags/example_latest_only.py
[2023-06-27T09:22:26.419+0000] {logging_mixin.py:149} INFO - [2023-06-27T09:22:26.419+0000] {dag.py:2726} INFO - Sync 1 DAGs
[2023-06-27T09:22:26.503+0000] {logging_mixin.py:149} INFO - [2023-06-27T09:22:26.503+0000] {dag.py:3486} INFO - Setting next_dagrun for latest_only to 2023-06-27T05:22:26.503182+00:00, run_after=2023-06-27T09:22:26.503182+00:00
[2023-06-27T09:22:26.568+0000] {processor.py:179} INFO - Processing /home/airflow/.local/lib/python3.8/site-packages/airflow/example_dags/example_latest_only.py took 0.290 seconds
[2023-06-27T09:22:57.185+0000] {processor.py:157} INFO - Started process (PID=357) to work on /home/airflow/.local/lib/python3.8/site-packages/airflow/example_dags/example_latest_only.py
[2023-06-27T09:22:57.203+0000] {processor.py:826} INFO - Processing file /home/airflow/.local/lib/python3.8/site-packages/airflow/example_dags/example_latest_only.py for tasks to queue
[2023-06-27T09:22:57.205+0000] {logging_mixin.py:149} INFO - [2023-06-27T09:22:57.205+0000] {dagbag.py:541} INFO - Filling up the DagBag from /home/airflow/.local/lib/python3.8/site-packages/airflow/example_dags/example_latest_only.py
[2023-06-27T09:22:57.213+0000] {processor.py:836} INFO - DAG(s) dict_keys(['latest_only']) retrieved from /home/airflow/.local/lib/python3.8/site-packages/airflow/example_dags/example_latest_only.py
[2023-06-27T09:22:57.275+0000] {logging_mixin.py:149} INFO - [2023-06-27T09:22:57.275+0000] {dag.py:2726} INFO - Sync 1 DAGs
[2023-06-27T09:22:57.346+0000] {logging_mixin.py:149} INFO - [2023-06-27T09:22:57.346+0000] {dag.py:3486} INFO - Setting next_dagrun for latest_only to 2023-06-27T05:22:57.346382+00:00, run_after=2023-06-27T09:22:57.346382+00:00
[2023-06-27T09:22:57.403+0000] {processor.py:179} INFO - Processing /home/airflow/.local/lib/python3.8/site-packages/airflow/example_dags/example_latest_only.py took 0.222 seconds
[2023-06-27T09:23:28.222+0000] {processor.py:157} INFO - Started process (PID=423) to work on /home/airflow/.local/lib/python3.8/site-packages/airflow/example_dags/example_latest_only.py
[2023-06-27T09:23:28.224+0000] {processor.py:826} INFO - Processing file /home/airflow/.local/lib/python3.8/site-packages/airflow/example_dags/example_latest_only.py for tasks to queue
[2023-06-27T09:23:28.226+0000] {logging_mixin.py:149} INFO - [2023-06-27T09:23:28.226+0000] {dagbag.py:541} INFO - Filling up the DagBag from /home/airflow/.local/lib/python3.8/site-packages/airflow/example_dags/example_latest_only.py
[2023-06-27T09:23:28.241+0000] {processor.py:836} INFO - DAG(s) dict_keys(['latest_only']) retrieved from /home/airflow/.local/lib/python3.8/site-packages/airflow/example_dags/example_latest_only.py
[2023-06-27T09:23:28.313+0000] {logging_mixin.py:149} INFO - [2023-06-27T09:23:28.313+0000] {dag.py:2726} INFO - Sync 1 DAGs
[2023-06-27T09:23:28.391+0000] {logging_mixin.py:149} INFO - [2023-06-27T09:23:28.391+0000] {dag.py:3486} INFO - Setting next_dagrun for latest_only to 2023-06-27T05:23:28.391423+00:00, run_after=2023-06-27T09:23:28.391423+00:00
[2023-06-27T09:23:28.431+0000] {processor.py:179} INFO - Processing /home/airflow/.local/lib/python3.8/site-packages/airflow/example_dags/example_latest_only.py took 0.230 seconds
[2023-06-27T09:23:59.100+0000] {processor.py:157} INFO - Started process (PID=487) to work on /home/airflow/.local/lib/python3.8/site-packages/airflow/example_dags/example_latest_only.py
[2023-06-27T09:23:59.104+0000] {processor.py:826} INFO - Processing file /home/airflow/.local/lib/python3.8/site-packages/airflow/example_dags/example_latest_only.py for tasks to queue
[2023-06-27T09:23:59.107+0000] {logging_mixin.py:149} INFO - [2023-06-27T09:23:59.107+0000] {dagbag.py:541} INFO - Filling up the DagBag from /home/airflow/.local/lib/python3.8/site-packages/airflow/example_dags/example_latest_only.py
[2023-06-27T09:23:59.116+0000] {processor.py:836} INFO - DAG(s) dict_keys(['latest_only']) retrieved from /home/airflow/.local/lib/python3.8/site-packages/airflow/example_dags/example_latest_only.py
[2023-06-27T09:23:59.191+0000] {logging_mixin.py:149} INFO - [2023-06-27T09:23:59.191+0000] {dag.py:2726} INFO - Sync 1 DAGs
[2023-06-27T09:23:59.255+0000] {logging_mixin.py:149} INFO - [2023-06-27T09:23:59.255+0000] {dag.py:3486} INFO - Setting next_dagrun for latest_only to 2023-06-27T05:23:59.255104+00:00, run_after=2023-06-27T09:23:59.255104+00:00
[2023-06-27T09:23:59.311+0000] {processor.py:179} INFO - Processing /home/airflow/.local/lib/python3.8/site-packages/airflow/example_dags/example_latest_only.py took 0.223 seconds
[2023-06-27T09:25:56.417+0000] {processor.py:157} INFO - Started process (PID=84) to work on /home/airflow/.local/lib/python3.8/site-packages/airflow/example_dags/example_latest_only.py
[2023-06-27T09:25:56.422+0000] {processor.py:826} INFO - Processing file /home/airflow/.local/lib/python3.8/site-packages/airflow/example_dags/example_latest_only.py for tasks to queue
[2023-06-27T09:25:56.423+0000] {logging_mixin.py:149} INFO - [2023-06-27T09:25:56.423+0000] {dagbag.py:541} INFO - Filling up the DagBag from /home/airflow/.local/lib/python3.8/site-packages/airflow/example_dags/example_latest_only.py
[2023-06-27T09:25:56.434+0000] {processor.py:836} INFO - DAG(s) dict_keys(['latest_only']) retrieved from /home/airflow/.local/lib/python3.8/site-packages/airflow/example_dags/example_latest_only.py
[2023-06-27T09:25:56.494+0000] {logging_mixin.py:149} INFO - [2023-06-27T09:25:56.490+0000] {dag.py:2726} INFO - Sync 1 DAGs
[2023-06-27T09:25:56.561+0000] {logging_mixin.py:149} INFO - [2023-06-27T09:25:56.561+0000] {dag.py:3486} INFO - Setting next_dagrun for latest_only to 2023-06-27T05:25:56.559265+00:00, run_after=2023-06-27T09:25:56.559265+00:00
[2023-06-27T09:25:56.614+0000] {processor.py:179} INFO - Processing /home/airflow/.local/lib/python3.8/site-packages/airflow/example_dags/example_latest_only.py took 0.207 seconds
[2023-06-27T09:26:27.404+0000] {processor.py:157} INFO - Started process (PID=147) to work on /home/airflow/.local/lib/python3.8/site-packages/airflow/example_dags/example_latest_only.py
[2023-06-27T09:26:27.411+0000] {processor.py:826} INFO - Processing file /home/airflow/.local/lib/python3.8/site-packages/airflow/example_dags/example_latest_only.py for tasks to queue
[2023-06-27T09:26:27.413+0000] {logging_mixin.py:149} INFO - [2023-06-27T09:26:27.413+0000] {dagbag.py:541} INFO - Filling up the DagBag from /home/airflow/.local/lib/python3.8/site-packages/airflow/example_dags/example_latest_only.py
[2023-06-27T09:26:27.440+0000] {processor.py:836} INFO - DAG(s) dict_keys(['latest_only']) retrieved from /home/airflow/.local/lib/python3.8/site-packages/airflow/example_dags/example_latest_only.py
[2023-06-27T09:26:27.531+0000] {logging_mixin.py:149} INFO - [2023-06-27T09:26:27.531+0000] {dag.py:2726} INFO - Sync 1 DAGs
[2023-06-27T09:26:27.610+0000] {logging_mixin.py:149} INFO - [2023-06-27T09:26:27.610+0000] {dag.py:3486} INFO - Setting next_dagrun for latest_only to 2023-06-27T05:26:27.609977+00:00, run_after=2023-06-27T09:26:27.609977+00:00
[2023-06-27T09:26:27.675+0000] {processor.py:179} INFO - Processing /home/airflow/.local/lib/python3.8/site-packages/airflow/example_dags/example_latest_only.py took 0.283 seconds
[2023-06-27T09:26:59.607+0000] {processor.py:157} INFO - Started process (PID=221) to work on /home/airflow/.local/lib/python3.8/site-packages/airflow/example_dags/example_latest_only.py
[2023-06-27T09:26:59.611+0000] {processor.py:826} INFO - Processing file /home/airflow/.local/lib/python3.8/site-packages/airflow/example_dags/example_latest_only.py for tasks to queue
[2023-06-27T09:26:59.613+0000] {logging_mixin.py:149} INFO - [2023-06-27T09:26:59.612+0000] {dagbag.py:541} INFO - Filling up the DagBag from /home/airflow/.local/lib/python3.8/site-packages/airflow/example_dags/example_latest_only.py
[2023-06-27T09:26:59.630+0000] {processor.py:836} INFO - DAG(s) dict_keys(['latest_only']) retrieved from /home/airflow/.local/lib/python3.8/site-packages/airflow/example_dags/example_latest_only.py
[2023-06-27T09:26:59.691+0000] {logging_mixin.py:149} INFO - [2023-06-27T09:26:59.691+0000] {dag.py:2726} INFO - Sync 1 DAGs
[2023-06-27T09:26:59.751+0000] {logging_mixin.py:149} INFO - [2023-06-27T09:26:59.751+0000] {dag.py:3486} INFO - Setting next_dagrun for latest_only to 2023-06-27T05:26:59.750783+00:00, run_after=2023-06-27T09:26:59.750783+00:00
[2023-06-27T09:26:59.794+0000] {processor.py:179} INFO - Processing /home/airflow/.local/lib/python3.8/site-packages/airflow/example_dags/example_latest_only.py took 0.191 seconds
[2023-06-27T09:27:30.590+0000] {processor.py:157} INFO - Started process (PID=287) to work on /home/airflow/.local/lib/python3.8/site-packages/airflow/example_dags/example_latest_only.py
[2023-06-27T09:27:30.591+0000] {processor.py:826} INFO - Processing file /home/airflow/.local/lib/python3.8/site-packages/airflow/example_dags/example_latest_only.py for tasks to queue
[2023-06-27T09:27:30.593+0000] {logging_mixin.py:149} INFO - [2023-06-27T09:27:30.593+0000] {dagbag.py:541} INFO - Filling up the DagBag from /home/airflow/.local/lib/python3.8/site-packages/airflow/example_dags/example_latest_only.py
[2023-06-27T09:27:30.599+0000] {processor.py:836} INFO - DAG(s) dict_keys(['latest_only']) retrieved from /home/airflow/.local/lib/python3.8/site-packages/airflow/example_dags/example_latest_only.py
[2023-06-27T09:27:30.703+0000] {logging_mixin.py:149} INFO - [2023-06-27T09:27:30.703+0000] {dag.py:2726} INFO - Sync 1 DAGs
[2023-06-27T09:27:30.767+0000] {logging_mixin.py:149} INFO - [2023-06-27T09:27:30.767+0000] {dag.py:3486} INFO - Setting next_dagrun for latest_only to 2023-06-27T05:27:30.767199+00:00, run_after=2023-06-27T09:27:30.767199+00:00
[2023-06-27T09:27:30.813+0000] {processor.py:179} INFO - Processing /home/airflow/.local/lib/python3.8/site-packages/airflow/example_dags/example_latest_only.py took 0.228 seconds
[2023-06-27T09:28:00.923+0000] {processor.py:157} INFO - Started process (PID=352) to work on /home/airflow/.local/lib/python3.8/site-packages/airflow/example_dags/example_latest_only.py
[2023-06-27T09:28:00.926+0000] {processor.py:826} INFO - Processing file /home/airflow/.local/lib/python3.8/site-packages/airflow/example_dags/example_latest_only.py for tasks to queue
[2023-06-27T09:28:00.930+0000] {logging_mixin.py:149} INFO - [2023-06-27T09:28:00.929+0000] {dagbag.py:541} INFO - Filling up the DagBag from /home/airflow/.local/lib/python3.8/site-packages/airflow/example_dags/example_latest_only.py
[2023-06-27T09:28:00.942+0000] {processor.py:836} INFO - DAG(s) dict_keys(['latest_only']) retrieved from /home/airflow/.local/lib/python3.8/site-packages/airflow/example_dags/example_latest_only.py
[2023-06-27T09:28:01.015+0000] {logging_mixin.py:149} INFO - [2023-06-27T09:28:01.015+0000] {dag.py:2726} INFO - Sync 1 DAGs
[2023-06-27T09:28:01.074+0000] {logging_mixin.py:149} INFO - [2023-06-27T09:28:01.074+0000] {dag.py:3486} INFO - Setting next_dagrun for latest_only to 2023-06-27T05:28:01.073819+00:00, run_after=2023-06-27T09:28:01.073819+00:00
[2023-06-27T09:28:01.117+0000] {processor.py:179} INFO - Processing /home/airflow/.local/lib/python3.8/site-packages/airflow/example_dags/example_latest_only.py took 0.206 seconds
[2023-06-27T09:28:31.572+0000] {processor.py:157} INFO - Started process (PID=421) to work on /home/airflow/.local/lib/python3.8/site-packages/airflow/example_dags/example_latest_only.py
[2023-06-27T09:28:31.573+0000] {processor.py:826} INFO - Processing file /home/airflow/.local/lib/python3.8/site-packages/airflow/example_dags/example_latest_only.py for tasks to queue
[2023-06-27T09:28:31.575+0000] {logging_mixin.py:149} INFO - [2023-06-27T09:28:31.575+0000] {dagbag.py:541} INFO - Filling up the DagBag from /home/airflow/.local/lib/python3.8/site-packages/airflow/example_dags/example_latest_only.py
[2023-06-27T09:28:31.584+0000] {processor.py:836} INFO - DAG(s) dict_keys(['latest_only']) retrieved from /home/airflow/.local/lib/python3.8/site-packages/airflow/example_dags/example_latest_only.py
[2023-06-27T09:28:31.645+0000] {logging_mixin.py:149} INFO - [2023-06-27T09:28:31.645+0000] {dag.py:2726} INFO - Sync 1 DAGs
[2023-06-27T09:28:31.704+0000] {logging_mixin.py:149} INFO - [2023-06-27T09:28:31.704+0000] {dag.py:3486} INFO - Setting next_dagrun for latest_only to 2023-06-27T05:28:31.704232+00:00, run_after=2023-06-27T09:28:31.704232+00:00
[2023-06-27T09:28:31.746+0000] {processor.py:179} INFO - Processing /home/airflow/.local/lib/python3.8/site-packages/airflow/example_dags/example_latest_only.py took 0.190 seconds
[2023-06-27T09:29:02.126+0000] {processor.py:157} INFO - Started process (PID=496) to work on /home/airflow/.local/lib/python3.8/site-packages/airflow/example_dags/example_latest_only.py
[2023-06-27T09:29:02.131+0000] {processor.py:826} INFO - Processing file /home/airflow/.local/lib/python3.8/site-packages/airflow/example_dags/example_latest_only.py for tasks to queue
[2023-06-27T09:29:02.133+0000] {logging_mixin.py:149} INFO - [2023-06-27T09:29:02.132+0000] {dagbag.py:541} INFO - Filling up the DagBag from /home/airflow/.local/lib/python3.8/site-packages/airflow/example_dags/example_latest_only.py
[2023-06-27T09:29:02.149+0000] {processor.py:836} INFO - DAG(s) dict_keys(['latest_only']) retrieved from /home/airflow/.local/lib/python3.8/site-packages/airflow/example_dags/example_latest_only.py
[2023-06-27T09:29:02.236+0000] {logging_mixin.py:149} INFO - [2023-06-27T09:29:02.236+0000] {dag.py:2726} INFO - Sync 1 DAGs
[2023-06-27T09:29:02.324+0000] {logging_mixin.py:149} INFO - [2023-06-27T09:29:02.324+0000] {dag.py:3486} INFO - Setting next_dagrun for latest_only to 2023-06-27T05:29:02.324356+00:00, run_after=2023-06-27T09:29:02.324356+00:00
[2023-06-27T09:29:02.411+0000] {processor.py:179} INFO - Processing /home/airflow/.local/lib/python3.8/site-packages/airflow/example_dags/example_latest_only.py took 0.298 seconds
[2023-06-27T09:29:32.885+0000] {processor.py:157} INFO - Started process (PID=565) to work on /home/airflow/.local/lib/python3.8/site-packages/airflow/example_dags/example_latest_only.py
[2023-06-27T09:29:32.886+0000] {processor.py:826} INFO - Processing file /home/airflow/.local/lib/python3.8/site-packages/airflow/example_dags/example_latest_only.py for tasks to queue
[2023-06-27T09:29:32.890+0000] {logging_mixin.py:149} INFO - [2023-06-27T09:29:32.890+0000] {dagbag.py:541} INFO - Filling up the DagBag from /home/airflow/.local/lib/python3.8/site-packages/airflow/example_dags/example_latest_only.py
[2023-06-27T09:29:32.904+0000] {processor.py:836} INFO - DAG(s) dict_keys(['latest_only']) retrieved from /home/airflow/.local/lib/python3.8/site-packages/airflow/example_dags/example_latest_only.py
[2023-06-27T09:29:32.967+0000] {logging_mixin.py:149} INFO - [2023-06-27T09:29:32.967+0000] {dag.py:2726} INFO - Sync 1 DAGs
[2023-06-27T09:29:33.018+0000] {logging_mixin.py:149} INFO - [2023-06-27T09:29:33.018+0000] {dag.py:3486} INFO - Setting next_dagrun for latest_only to 2023-06-27T05:29:33.018114+00:00, run_after=2023-06-27T09:29:33.018114+00:00
[2023-06-27T09:29:33.040+0000] {processor.py:179} INFO - Processing /home/airflow/.local/lib/python3.8/site-packages/airflow/example_dags/example_latest_only.py took 0.165 seconds
[2023-06-27T09:30:03.678+0000] {processor.py:157} INFO - Started process (PID=631) to work on /home/airflow/.local/lib/python3.8/site-packages/airflow/example_dags/example_latest_only.py
[2023-06-27T09:30:03.680+0000] {processor.py:826} INFO - Processing file /home/airflow/.local/lib/python3.8/site-packages/airflow/example_dags/example_latest_only.py for tasks to queue
[2023-06-27T09:30:03.682+0000] {logging_mixin.py:149} INFO - [2023-06-27T09:30:03.682+0000] {dagbag.py:541} INFO - Filling up the DagBag from /home/airflow/.local/lib/python3.8/site-packages/airflow/example_dags/example_latest_only.py
[2023-06-27T09:30:03.687+0000] {processor.py:836} INFO - DAG(s) dict_keys(['latest_only']) retrieved from /home/airflow/.local/lib/python3.8/site-packages/airflow/example_dags/example_latest_only.py
[2023-06-27T09:30:03.718+0000] {logging_mixin.py:149} INFO - [2023-06-27T09:30:03.717+0000] {dag.py:2726} INFO - Sync 1 DAGs
[2023-06-27T09:30:03.746+0000] {logging_mixin.py:149} INFO - [2023-06-27T09:30:03.746+0000] {dag.py:3486} INFO - Setting next_dagrun for latest_only to 2023-06-27T05:30:03.746199+00:00, run_after=2023-06-27T09:30:03.746199+00:00
[2023-06-27T09:30:03.771+0000] {processor.py:179} INFO - Processing /home/airflow/.local/lib/python3.8/site-packages/airflow/example_dags/example_latest_only.py took 0.100 seconds
[2023-06-27T09:30:34.337+0000] {processor.py:157} INFO - Started process (PID=702) to work on /home/airflow/.local/lib/python3.8/site-packages/airflow/example_dags/example_latest_only.py
[2023-06-27T09:30:34.338+0000] {processor.py:826} INFO - Processing file /home/airflow/.local/lib/python3.8/site-packages/airflow/example_dags/example_latest_only.py for tasks to queue
[2023-06-27T09:30:34.340+0000] {logging_mixin.py:149} INFO - [2023-06-27T09:30:34.340+0000] {dagbag.py:541} INFO - Filling up the DagBag from /home/airflow/.local/lib/python3.8/site-packages/airflow/example_dags/example_latest_only.py
[2023-06-27T09:30:34.345+0000] {processor.py:836} INFO - DAG(s) dict_keys(['latest_only']) retrieved from /home/airflow/.local/lib/python3.8/site-packages/airflow/example_dags/example_latest_only.py
[2023-06-27T09:30:34.376+0000] {logging_mixin.py:149} INFO - [2023-06-27T09:30:34.376+0000] {dag.py:2726} INFO - Sync 1 DAGs
[2023-06-27T09:30:34.404+0000] {logging_mixin.py:149} INFO - [2023-06-27T09:30:34.404+0000] {dag.py:3486} INFO - Setting next_dagrun for latest_only to 2023-06-27T05:30:34.404228+00:00, run_after=2023-06-27T09:30:34.404228+00:00
[2023-06-27T09:30:34.427+0000] {processor.py:179} INFO - Processing /home/airflow/.local/lib/python3.8/site-packages/airflow/example_dags/example_latest_only.py took 0.095 seconds
[2023-06-27T09:31:05.431+0000] {processor.py:157} INFO - Started process (PID=780) to work on /home/airflow/.local/lib/python3.8/site-packages/airflow/example_dags/example_latest_only.py
[2023-06-27T09:31:05.434+0000] {processor.py:826} INFO - Processing file /home/airflow/.local/lib/python3.8/site-packages/airflow/example_dags/example_latest_only.py for tasks to queue
[2023-06-27T09:31:05.436+0000] {logging_mixin.py:149} INFO - [2023-06-27T09:31:05.436+0000] {dagbag.py:541} INFO - Filling up the DagBag from /home/airflow/.local/lib/python3.8/site-packages/airflow/example_dags/example_latest_only.py
[2023-06-27T09:31:05.447+0000] {processor.py:836} INFO - DAG(s) dict_keys(['latest_only']) retrieved from /home/airflow/.local/lib/python3.8/site-packages/airflow/example_dags/example_latest_only.py
[2023-06-27T09:31:05.506+0000] {logging_mixin.py:149} INFO - [2023-06-27T09:31:05.506+0000] {dag.py:2726} INFO - Sync 1 DAGs
[2023-06-27T09:31:05.602+0000] {logging_mixin.py:149} INFO - [2023-06-27T09:31:05.601+0000] {dag.py:3486} INFO - Setting next_dagrun for latest_only to 2023-06-27T05:31:05.601497+00:00, run_after=2023-06-27T09:31:05.601497+00:00
[2023-06-27T09:31:05.660+0000] {processor.py:179} INFO - Processing /home/airflow/.local/lib/python3.8/site-packages/airflow/example_dags/example_latest_only.py took 0.245 seconds
[2023-06-27T09:31:35.762+0000] {processor.py:157} INFO - Started process (PID=846) to work on /home/airflow/.local/lib/python3.8/site-packages/airflow/example_dags/example_latest_only.py
[2023-06-27T09:31:35.763+0000] {processor.py:826} INFO - Processing file /home/airflow/.local/lib/python3.8/site-packages/airflow/example_dags/example_latest_only.py for tasks to queue
[2023-06-27T09:31:35.765+0000] {logging_mixin.py:149} INFO - [2023-06-27T09:31:35.765+0000] {dagbag.py:541} INFO - Filling up the DagBag from /home/airflow/.local/lib/python3.8/site-packages/airflow/example_dags/example_latest_only.py
[2023-06-27T09:31:35.771+0000] {processor.py:836} INFO - DAG(s) dict_keys(['latest_only']) retrieved from /home/airflow/.local/lib/python3.8/site-packages/airflow/example_dags/example_latest_only.py
[2023-06-27T09:31:35.803+0000] {logging_mixin.py:149} INFO - [2023-06-27T09:31:35.802+0000] {dag.py:2726} INFO - Sync 1 DAGs
[2023-06-27T09:31:35.833+0000] {logging_mixin.py:149} INFO - [2023-06-27T09:31:35.833+0000] {dag.py:3486} INFO - Setting next_dagrun for latest_only to 2023-06-27T05:31:35.832787+00:00, run_after=2023-06-27T09:31:35.832787+00:00
[2023-06-27T09:31:35.855+0000] {processor.py:179} INFO - Processing /home/airflow/.local/lib/python3.8/site-packages/airflow/example_dags/example_latest_only.py took 0.099 seconds
[2023-06-27T09:32:06.462+0000] {processor.py:157} INFO - Started process (PID=919) to work on /home/airflow/.local/lib/python3.8/site-packages/airflow/example_dags/example_latest_only.py
[2023-06-27T09:32:06.463+0000] {processor.py:826} INFO - Processing file /home/airflow/.local/lib/python3.8/site-packages/airflow/example_dags/example_latest_only.py for tasks to queue
[2023-06-27T09:32:06.465+0000] {logging_mixin.py:149} INFO - [2023-06-27T09:32:06.465+0000] {dagbag.py:541} INFO - Filling up the DagBag from /home/airflow/.local/lib/python3.8/site-packages/airflow/example_dags/example_latest_only.py
[2023-06-27T09:32:06.471+0000] {processor.py:836} INFO - DAG(s) dict_keys(['latest_only']) retrieved from /home/airflow/.local/lib/python3.8/site-packages/airflow/example_dags/example_latest_only.py
[2023-06-27T09:32:06.537+0000] {logging_mixin.py:149} INFO - [2023-06-27T09:32:06.537+0000] {dag.py:2726} INFO - Sync 1 DAGs
[2023-06-27T09:32:06.603+0000] {logging_mixin.py:149} INFO - [2023-06-27T09:32:06.603+0000] {dag.py:3486} INFO - Setting next_dagrun for latest_only to 2023-06-27T05:32:06.603181+00:00, run_after=2023-06-27T09:32:06.603181+00:00
[2023-06-27T09:32:06.651+0000] {processor.py:179} INFO - Processing /home/airflow/.local/lib/python3.8/site-packages/airflow/example_dags/example_latest_only.py took 0.194 seconds
[2023-06-27T09:32:39.854+0000] {processor.py:157} INFO - Started process (PID=988) to work on /home/airflow/.local/lib/python3.8/site-packages/airflow/example_dags/example_latest_only.py
[2023-06-27T09:32:39.856+0000] {processor.py:826} INFO - Processing file /home/airflow/.local/lib/python3.8/site-packages/airflow/example_dags/example_latest_only.py for tasks to queue
[2023-06-27T09:32:39.857+0000] {logging_mixin.py:149} INFO - [2023-06-27T09:32:39.857+0000] {dagbag.py:541} INFO - Filling up the DagBag from /home/airflow/.local/lib/python3.8/site-packages/airflow/example_dags/example_latest_only.py
[2023-06-27T09:32:39.884+0000] {processor.py:836} INFO - DAG(s) dict_keys(['latest_only']) retrieved from /home/airflow/.local/lib/python3.8/site-packages/airflow/example_dags/example_latest_only.py
[2023-06-27T09:32:39.983+0000] {logging_mixin.py:149} INFO - [2023-06-27T09:32:39.983+0000] {dag.py:2726} INFO - Sync 1 DAGs
[2023-06-27T09:32:40.092+0000] {logging_mixin.py:149} INFO - [2023-06-27T09:32:40.091+0000] {dag.py:3486} INFO - Setting next_dagrun for latest_only to 2023-06-27T05:32:40.091430+00:00, run_after=2023-06-27T09:32:40.091430+00:00
[2023-06-27T09:32:40.163+0000] {processor.py:179} INFO - Processing /home/airflow/.local/lib/python3.8/site-packages/airflow/example_dags/example_latest_only.py took 0.335 seconds
[2023-06-27T09:33:11.039+0000] {processor.py:157} INFO - Started process (PID=1056) to work on /home/airflow/.local/lib/python3.8/site-packages/airflow/example_dags/example_latest_only.py
[2023-06-27T09:33:11.043+0000] {processor.py:826} INFO - Processing file /home/airflow/.local/lib/python3.8/site-packages/airflow/example_dags/example_latest_only.py for tasks to queue
[2023-06-27T09:33:11.045+0000] {logging_mixin.py:149} INFO - [2023-06-27T09:33:11.044+0000] {dagbag.py:541} INFO - Filling up the DagBag from /home/airflow/.local/lib/python3.8/site-packages/airflow/example_dags/example_latest_only.py
[2023-06-27T09:33:11.059+0000] {processor.py:836} INFO - DAG(s) dict_keys(['latest_only']) retrieved from /home/airflow/.local/lib/python3.8/site-packages/airflow/example_dags/example_latest_only.py
[2023-06-27T09:33:11.104+0000] {logging_mixin.py:149} INFO - [2023-06-27T09:33:11.104+0000] {dag.py:2726} INFO - Sync 1 DAGs
[2023-06-27T09:33:11.151+0000] {logging_mixin.py:149} INFO - [2023-06-27T09:33:11.151+0000] {dag.py:3486} INFO - Setting next_dagrun for latest_only to 2023-06-27T05:33:11.150818+00:00, run_after=2023-06-27T09:33:11.150818+00:00
[2023-06-27T09:33:11.228+0000] {processor.py:179} INFO - Processing /home/airflow/.local/lib/python3.8/site-packages/airflow/example_dags/example_latest_only.py took 0.202 seconds
[2023-06-27T09:33:42.536+0000] {processor.py:157} INFO - Started process (PID=1125) to work on /home/airflow/.local/lib/python3.8/site-packages/airflow/example_dags/example_latest_only.py
[2023-06-27T09:33:42.537+0000] {processor.py:826} INFO - Processing file /home/airflow/.local/lib/python3.8/site-packages/airflow/example_dags/example_latest_only.py for tasks to queue
[2023-06-27T09:33:42.547+0000] {logging_mixin.py:149} INFO - [2023-06-27T09:33:42.547+0000] {dagbag.py:541} INFO - Filling up the DagBag from /home/airflow/.local/lib/python3.8/site-packages/airflow/example_dags/example_latest_only.py
[2023-06-27T09:33:42.569+0000] {processor.py:836} INFO - DAG(s) dict_keys(['latest_only']) retrieved from /home/airflow/.local/lib/python3.8/site-packages/airflow/example_dags/example_latest_only.py
[2023-06-27T09:33:42.670+0000] {logging_mixin.py:149} INFO - [2023-06-27T09:33:42.669+0000] {dag.py:2726} INFO - Sync 1 DAGs
[2023-06-27T09:33:42.743+0000] {logging_mixin.py:149} INFO - [2023-06-27T09:33:42.743+0000] {dag.py:3486} INFO - Setting next_dagrun for latest_only to 2023-06-27T05:33:42.743389+00:00, run_after=2023-06-27T09:33:42.743389+00:00
[2023-06-27T09:33:42.820+0000] {processor.py:179} INFO - Processing /home/airflow/.local/lib/python3.8/site-packages/airflow/example_dags/example_latest_only.py took 0.301 seconds
[2023-06-27T09:34:13.521+0000] {processor.py:157} INFO - Started process (PID=1192) to work on /home/airflow/.local/lib/python3.8/site-packages/airflow/example_dags/example_latest_only.py
[2023-06-27T09:34:13.522+0000] {processor.py:826} INFO - Processing file /home/airflow/.local/lib/python3.8/site-packages/airflow/example_dags/example_latest_only.py for tasks to queue
[2023-06-27T09:34:13.524+0000] {logging_mixin.py:149} INFO - [2023-06-27T09:34:13.524+0000] {dagbag.py:541} INFO - Filling up the DagBag from /home/airflow/.local/lib/python3.8/site-packages/airflow/example_dags/example_latest_only.py
[2023-06-27T09:34:13.539+0000] {processor.py:836} INFO - DAG(s) dict_keys(['latest_only']) retrieved from /home/airflow/.local/lib/python3.8/site-packages/airflow/example_dags/example_latest_only.py
[2023-06-27T09:34:13.644+0000] {logging_mixin.py:149} INFO - [2023-06-27T09:34:13.643+0000] {dag.py:2726} INFO - Sync 1 DAGs
[2023-06-27T09:34:13.747+0000] {logging_mixin.py:149} INFO - [2023-06-27T09:34:13.747+0000] {dag.py:3486} INFO - Setting next_dagrun for latest_only to 2023-06-27T05:34:13.747329+00:00, run_after=2023-06-27T09:34:13.747329+00:00
[2023-06-27T09:34:13.817+0000] {processor.py:179} INFO - Processing /home/airflow/.local/lib/python3.8/site-packages/airflow/example_dags/example_latest_only.py took 0.305 seconds
