[2023-06-27T00:00:49.889+0000] {processor.py:157} INFO - Started process (PID=457) to work on /home/airflow/.local/lib/python3.8/site-packages/airflow/example_dags/example_branch_python_dop_operator_3.py
[2023-06-27T00:00:49.922+0000] {processor.py:826} INFO - Processing file /home/airflow/.local/lib/python3.8/site-packages/airflow/example_dags/example_branch_python_dop_operator_3.py for tasks to queue
[2023-06-27T00:00:49.923+0000] {logging_mixin.py:149} INFO - [2023-06-27T00:00:49.922+0000] {dagbag.py:541} INFO - Filling up the DagBag from /home/airflow/.local/lib/python3.8/site-packages/airflow/example_dags/example_branch_python_dop_operator_3.py
[2023-06-27T00:00:50.073+0000] {processor.py:836} INFO - DAG(s) dict_keys(['example_branch_dop_operator_v3']) retrieved from /home/airflow/.local/lib/python3.8/site-packages/airflow/example_dags/example_branch_python_dop_operator_3.py
[2023-06-27T00:00:50.246+0000] {logging_mixin.py:149} INFO - [2023-06-27T00:00:50.245+0000] {dag.py:2726} INFO - Sync 1 DAGs
[2023-06-27T00:00:50.560+0000] {logging_mixin.py:149} INFO - [2023-06-27T00:00:50.560+0000] {dag.py:3486} INFO - Setting next_dagrun for example_branch_dop_operator_v3 to 2023-06-26T23:59:00+00:00, run_after=2023-06-27T00:00:00+00:00
[2023-06-27T00:00:50.877+0000] {processor.py:179} INFO - Processing /home/airflow/.local/lib/python3.8/site-packages/airflow/example_dags/example_branch_python_dop_operator_3.py took 1.004 seconds
[2023-06-27T00:03:51.380+0000] {processor.py:157} INFO - Started process (PID=567) to work on /home/airflow/.local/lib/python3.8/site-packages/airflow/example_dags/example_branch_python_dop_operator_3.py
[2023-06-27T00:03:51.520+0000] {processor.py:826} INFO - Processing file /home/airflow/.local/lib/python3.8/site-packages/airflow/example_dags/example_branch_python_dop_operator_3.py for tasks to queue
[2023-06-27T00:03:51.560+0000] {logging_mixin.py:149} INFO - [2023-06-27T00:03:51.560+0000] {dagbag.py:541} INFO - Filling up the DagBag from /home/airflow/.local/lib/python3.8/site-packages/airflow/example_dags/example_branch_python_dop_operator_3.py
[2023-06-27T00:03:51.749+0000] {processor.py:836} INFO - DAG(s) dict_keys(['example_branch_dop_operator_v3']) retrieved from /home/airflow/.local/lib/python3.8/site-packages/airflow/example_dags/example_branch_python_dop_operator_3.py
[2023-06-27T00:03:53.493+0000] {logging_mixin.py:149} INFO - [2023-06-27T00:03:53.493+0000] {dag.py:2726} INFO - Sync 1 DAGs
[2023-06-27T00:04:02.041+0000] {logging_mixin.py:149} INFO - [2023-06-27T00:04:02.041+0000] {dag.py:3486} INFO - Setting next_dagrun for example_branch_dop_operator_v3 to 2023-06-27T00:03:00+00:00, run_after=2023-06-27T00:04:00+00:00
[2023-06-27T00:04:05.865+0000] {processor.py:179} INFO - Processing /home/airflow/.local/lib/python3.8/site-packages/airflow/example_dags/example_branch_python_dop_operator_3.py took 15.083 seconds
[2023-06-27T01:01:17.895+0000] {processor.py:157} INFO - Started process (PID=38) to work on /home/airflow/.local/lib/python3.8/site-packages/airflow/example_dags/example_branch_python_dop_operator_3.py
[2023-06-27T01:01:17.905+0000] {processor.py:826} INFO - Processing file /home/airflow/.local/lib/python3.8/site-packages/airflow/example_dags/example_branch_python_dop_operator_3.py for tasks to queue
[2023-06-27T01:01:17.906+0000] {logging_mixin.py:149} INFO - [2023-06-27T01:01:17.906+0000] {dagbag.py:541} INFO - Filling up the DagBag from /home/airflow/.local/lib/python3.8/site-packages/airflow/example_dags/example_branch_python_dop_operator_3.py
[2023-06-27T01:01:18.854+0000] {processor.py:836} INFO - DAG(s) dict_keys(['example_branch_dop_operator_v3']) retrieved from /home/airflow/.local/lib/python3.8/site-packages/airflow/example_dags/example_branch_python_dop_operator_3.py
[2023-06-27T01:01:19.308+0000] {logging_mixin.py:149} INFO - [2023-06-27T01:01:19.307+0000] {dag.py:2726} INFO - Sync 1 DAGs
[2023-06-27T01:01:19.514+0000] {logging_mixin.py:149} INFO - [2023-06-27T01:01:19.514+0000] {dag.py:3486} INFO - Setting next_dagrun for example_branch_dop_operator_v3 to 2023-06-27T01:00:00+00:00, run_after=2023-06-27T01:01:00+00:00
[2023-06-27T01:01:19.563+0000] {processor.py:179} INFO - Processing /home/airflow/.local/lib/python3.8/site-packages/airflow/example_dags/example_branch_python_dop_operator_3.py took 1.716 seconds
[2023-06-27T01:05:35.856+0000] {processor.py:157} INFO - Started process (PID=193) to work on /home/airflow/.local/lib/python3.8/site-packages/airflow/example_dags/example_branch_python_dop_operator_3.py
[2023-06-27T01:05:36.021+0000] {processor.py:826} INFO - Processing file /home/airflow/.local/lib/python3.8/site-packages/airflow/example_dags/example_branch_python_dop_operator_3.py for tasks to queue
[2023-06-27T01:05:36.023+0000] {logging_mixin.py:149} INFO - [2023-06-27T01:05:36.023+0000] {dagbag.py:541} INFO - Filling up the DagBag from /home/airflow/.local/lib/python3.8/site-packages/airflow/example_dags/example_branch_python_dop_operator_3.py
[2023-06-27T01:05:36.457+0000] {processor.py:836} INFO - DAG(s) dict_keys(['example_branch_dop_operator_v3']) retrieved from /home/airflow/.local/lib/python3.8/site-packages/airflow/example_dags/example_branch_python_dop_operator_3.py
[2023-06-27T01:05:37.482+0000] {logging_mixin.py:149} INFO - [2023-06-27T01:05:37.482+0000] {dag.py:2726} INFO - Sync 1 DAGs
[2023-06-27T01:05:38.672+0000] {logging_mixin.py:149} INFO - [2023-06-27T01:05:38.672+0000] {dag.py:3486} INFO - Setting next_dagrun for example_branch_dop_operator_v3 to 2023-06-27T01:04:00+00:00, run_after=2023-06-27T01:05:00+00:00
[2023-06-27T01:05:39.561+0000] {processor.py:179} INFO - Processing /home/airflow/.local/lib/python3.8/site-packages/airflow/example_dags/example_branch_python_dop_operator_3.py took 3.810 seconds
[2023-06-27T01:37:33.210+0000] {processor.py:157} INFO - Started process (PID=47) to work on /home/airflow/.local/lib/python3.8/site-packages/airflow/example_dags/example_branch_python_dop_operator_3.py
[2023-06-27T01:37:33.232+0000] {processor.py:826} INFO - Processing file /home/airflow/.local/lib/python3.8/site-packages/airflow/example_dags/example_branch_python_dop_operator_3.py for tasks to queue
[2023-06-27T01:37:33.233+0000] {logging_mixin.py:149} INFO - [2023-06-27T01:37:33.233+0000] {dagbag.py:541} INFO - Filling up the DagBag from /home/airflow/.local/lib/python3.8/site-packages/airflow/example_dags/example_branch_python_dop_operator_3.py
[2023-06-27T01:37:34.139+0000] {processor.py:836} INFO - DAG(s) dict_keys(['example_branch_dop_operator_v3']) retrieved from /home/airflow/.local/lib/python3.8/site-packages/airflow/example_dags/example_branch_python_dop_operator_3.py
[2023-06-27T01:37:35.102+0000] {logging_mixin.py:149} INFO - [2023-06-27T01:37:35.102+0000] {dag.py:2726} INFO - Sync 1 DAGs
[2023-06-27T01:37:35.246+0000] {logging_mixin.py:149} INFO - [2023-06-27T01:37:35.246+0000] {dag.py:3486} INFO - Setting next_dagrun for example_branch_dop_operator_v3 to 2023-06-27T01:36:00+00:00, run_after=2023-06-27T01:37:00+00:00
[2023-06-27T01:37:35.334+0000] {processor.py:179} INFO - Processing /home/airflow/.local/lib/python3.8/site-packages/airflow/example_dags/example_branch_python_dop_operator_3.py took 2.132 seconds
[2023-06-27T01:38:06.371+0000] {processor.py:157} INFO - Started process (PID=105) to work on /home/airflow/.local/lib/python3.8/site-packages/airflow/example_dags/example_branch_python_dop_operator_3.py
[2023-06-27T01:38:06.372+0000] {processor.py:826} INFO - Processing file /home/airflow/.local/lib/python3.8/site-packages/airflow/example_dags/example_branch_python_dop_operator_3.py for tasks to queue
[2023-06-27T01:38:06.428+0000] {logging_mixin.py:149} INFO - [2023-06-27T01:38:06.428+0000] {dagbag.py:541} INFO - Filling up the DagBag from /home/airflow/.local/lib/python3.8/site-packages/airflow/example_dags/example_branch_python_dop_operator_3.py
[2023-06-27T01:38:06.631+0000] {processor.py:836} INFO - DAG(s) dict_keys(['example_branch_dop_operator_v3']) retrieved from /home/airflow/.local/lib/python3.8/site-packages/airflow/example_dags/example_branch_python_dop_operator_3.py
[2023-06-27T01:38:08.232+0000] {logging_mixin.py:149} INFO - [2023-06-27T01:38:08.115+0000] {dag.py:2726} INFO - Sync 1 DAGs
[2023-06-27T01:38:10.396+0000] {logging_mixin.py:149} INFO - [2023-06-27T01:38:10.395+0000] {dag.py:3486} INFO - Setting next_dagrun for example_branch_dop_operator_v3 to 2023-06-27T01:37:00+00:00, run_after=2023-06-27T01:38:00+00:00
[2023-06-27T01:38:10.858+0000] {processor.py:179} INFO - Processing /home/airflow/.local/lib/python3.8/site-packages/airflow/example_dags/example_branch_python_dop_operator_3.py took 4.606 seconds
[2023-06-27T01:40:14.424+0000] {processor.py:157} INFO - Started process (PID=189) to work on /home/airflow/.local/lib/python3.8/site-packages/airflow/example_dags/example_branch_python_dop_operator_3.py
[2023-06-27T01:40:14.502+0000] {processor.py:826} INFO - Processing file /home/airflow/.local/lib/python3.8/site-packages/airflow/example_dags/example_branch_python_dop_operator_3.py for tasks to queue
[2023-06-27T01:40:14.504+0000] {logging_mixin.py:149} INFO - [2023-06-27T01:40:14.504+0000] {dagbag.py:541} INFO - Filling up the DagBag from /home/airflow/.local/lib/python3.8/site-packages/airflow/example_dags/example_branch_python_dop_operator_3.py
[2023-06-27T01:40:14.779+0000] {processor.py:836} INFO - DAG(s) dict_keys(['example_branch_dop_operator_v3']) retrieved from /home/airflow/.local/lib/python3.8/site-packages/airflow/example_dags/example_branch_python_dop_operator_3.py
[2023-06-27T01:40:15.514+0000] {logging_mixin.py:149} INFO - [2023-06-27T01:40:15.514+0000] {dag.py:2726} INFO - Sync 1 DAGs
[2023-06-27T01:40:16.205+0000] {logging_mixin.py:149} INFO - [2023-06-27T01:40:16.145+0000] {dag.py:3486} INFO - Setting next_dagrun for example_branch_dop_operator_v3 to 2023-06-27T01:39:00+00:00, run_after=2023-06-27T01:40:00+00:00
[2023-06-27T01:40:16.547+0000] {processor.py:179} INFO - Processing /home/airflow/.local/lib/python3.8/site-packages/airflow/example_dags/example_branch_python_dop_operator_3.py took 2.200 seconds
[2023-06-27T01:43:34.496+0000] {processor.py:157} INFO - Started process (PID=312) to work on /home/airflow/.local/lib/python3.8/site-packages/airflow/example_dags/example_branch_python_dop_operator_3.py
[2023-06-27T01:43:35.260+0000] {processor.py:826} INFO - Processing file /home/airflow/.local/lib/python3.8/site-packages/airflow/example_dags/example_branch_python_dop_operator_3.py for tasks to queue
[2023-06-27T01:43:35.544+0000] {logging_mixin.py:149} INFO - [2023-06-27T01:43:35.544+0000] {dagbag.py:541} INFO - Filling up the DagBag from /home/airflow/.local/lib/python3.8/site-packages/airflow/example_dags/example_branch_python_dop_operator_3.py
[2023-06-27T01:43:37.556+0000] {processor.py:836} INFO - DAG(s) dict_keys(['example_branch_dop_operator_v3']) retrieved from /home/airflow/.local/lib/python3.8/site-packages/airflow/example_dags/example_branch_python_dop_operator_3.py
[2023-06-27T01:43:42.854+0000] {logging_mixin.py:149} INFO - [2023-06-27T01:43:42.854+0000] {dag.py:2726} INFO - Sync 1 DAGs
[2023-06-27T01:43:49.952+0000] {logging_mixin.py:149} INFO - [2023-06-27T01:43:49.951+0000] {dag.py:3486} INFO - Setting next_dagrun for example_branch_dop_operator_v3 to 2023-06-27T01:42:00+00:00, run_after=2023-06-27T01:43:00+00:00
[2023-06-27T01:43:54.908+0000] {processor.py:179} INFO - Processing /home/airflow/.local/lib/python3.8/site-packages/airflow/example_dags/example_branch_python_dop_operator_3.py took 21.135 seconds
[2023-06-27T02:16:30.178+0000] {processor.py:157} INFO - Started process (PID=36) to work on /home/airflow/.local/lib/python3.8/site-packages/airflow/example_dags/example_branch_python_dop_operator_3.py
[2023-06-27T02:16:30.193+0000] {processor.py:826} INFO - Processing file /home/airflow/.local/lib/python3.8/site-packages/airflow/example_dags/example_branch_python_dop_operator_3.py for tasks to queue
[2023-06-27T02:16:30.194+0000] {logging_mixin.py:149} INFO - [2023-06-27T02:16:30.194+0000] {dagbag.py:541} INFO - Filling up the DagBag from /home/airflow/.local/lib/python3.8/site-packages/airflow/example_dags/example_branch_python_dop_operator_3.py
[2023-06-27T02:16:31.850+0000] {processor.py:836} INFO - DAG(s) dict_keys(['example_branch_dop_operator_v3']) retrieved from /home/airflow/.local/lib/python3.8/site-packages/airflow/example_dags/example_branch_python_dop_operator_3.py
[2023-06-27T02:16:31.949+0000] {logging_mixin.py:149} INFO - [2023-06-27T02:16:31.949+0000] {dag.py:2726} INFO - Sync 1 DAGs
[2023-06-27T02:16:32.038+0000] {logging_mixin.py:149} INFO - [2023-06-27T02:16:32.037+0000] {dag.py:3486} INFO - Setting next_dagrun for example_branch_dop_operator_v3 to 2023-06-27T02:15:00+00:00, run_after=2023-06-27T02:16:00+00:00
[2023-06-27T02:16:32.084+0000] {processor.py:179} INFO - Processing /home/airflow/.local/lib/python3.8/site-packages/airflow/example_dags/example_branch_python_dop_operator_3.py took 1.939 seconds
[2023-06-27T02:20:49.552+0000] {processor.py:157} INFO - Started process (PID=194) to work on /home/airflow/.local/lib/python3.8/site-packages/airflow/example_dags/example_branch_python_dop_operator_3.py
[2023-06-27T02:20:49.767+0000] {processor.py:826} INFO - Processing file /home/airflow/.local/lib/python3.8/site-packages/airflow/example_dags/example_branch_python_dop_operator_3.py for tasks to queue
[2023-06-27T02:20:49.768+0000] {logging_mixin.py:149} INFO - [2023-06-27T02:20:49.768+0000] {dagbag.py:541} INFO - Filling up the DagBag from /home/airflow/.local/lib/python3.8/site-packages/airflow/example_dags/example_branch_python_dop_operator_3.py
[2023-06-27T02:20:50.206+0000] {processor.py:836} INFO - DAG(s) dict_keys(['example_branch_dop_operator_v3']) retrieved from /home/airflow/.local/lib/python3.8/site-packages/airflow/example_dags/example_branch_python_dop_operator_3.py
[2023-06-27T02:20:56.110+0000] {logging_mixin.py:149} INFO - [2023-06-27T02:20:56.110+0000] {dag.py:2726} INFO - Sync 1 DAGs
[2023-06-27T02:21:02.371+0000] {logging_mixin.py:149} INFO - [2023-06-27T02:21:02.371+0000] {dag.py:3486} INFO - Setting next_dagrun for example_branch_dop_operator_v3 to 2023-06-27T02:20:00+00:00, run_after=2023-06-27T02:21:00+00:00
[2023-06-27T02:21:07.927+0000] {processor.py:179} INFO - Processing /home/airflow/.local/lib/python3.8/site-packages/airflow/example_dags/example_branch_python_dop_operator_3.py took 18.429 seconds
[2023-06-27T06:13:21.459+0000] {processor.py:157} INFO - Started process (PID=232) to work on /home/airflow/.local/lib/python3.8/site-packages/airflow/example_dags/example_branch_python_dop_operator_3.py
[2023-06-27T06:13:21.508+0000] {processor.py:826} INFO - Processing file /home/airflow/.local/lib/python3.8/site-packages/airflow/example_dags/example_branch_python_dop_operator_3.py for tasks to queue
[2023-06-27T06:13:22.204+0000] {logging_mixin.py:149} INFO - [2023-06-27T06:13:22.204+0000] {dagbag.py:541} INFO - Filling up the DagBag from /home/airflow/.local/lib/python3.8/site-packages/airflow/example_dags/example_branch_python_dop_operator_3.py
[2023-06-27T06:13:56.842+0000] {logging_mixin.py:149} INFO - [2023-06-27T06:13:56.842+0000] {timeout.py:68} ERROR - Process timed out, PID: 232
[2023-06-27T06:14:48.567+0000] {logging_mixin.py:149} INFO - [2023-06-27T06:14:48.567+0000] {process_utils.py:258} INFO - Waiting up to 5 seconds for processes to exit...
[2023-06-27T06:14:48.569+0000] {logging_mixin.py:149} WARNING - Exception ignored in sys.unraisablehook: <built-in function unraisablehook>
[2023-06-27T06:14:49.187+0000] {logging_mixin.py:149} WARNING - Traceback (most recent call last):
[2023-06-27T06:14:49.187+0000] {logging_mixin.py:149} WARNING -   File "/home/airflow/.local/lib/python3.8/site-packages/airflow/dag_processing/manager.py", line 475, in _exit_gracefully
[2023-06-27T06:14:49.187+0000] {logging_mixin.py:149} WARNING -     sys.exit(os.EX_OK)
[2023-06-27T06:14:49.188+0000] {logging_mixin.py:149} WARNING - SystemExit: 0
[2023-06-27T06:14:50.374+0000] {processor.py:836} INFO - DAG(s) dict_keys(['example_branch_dop_operator_v3']) retrieved from /home/airflow/.local/lib/python3.8/site-packages/airflow/example_dags/example_branch_python_dop_operator_3.py
[2023-06-27T06:15:10.627+0000] {processor.py:157} INFO - Started process (PID=280) to work on /home/airflow/.local/lib/python3.8/site-packages/airflow/example_dags/example_branch_python_dop_operator_3.py
[2023-06-27T06:15:10.628+0000] {processor.py:826} INFO - Processing file /home/airflow/.local/lib/python3.8/site-packages/airflow/example_dags/example_branch_python_dop_operator_3.py for tasks to queue
[2023-06-27T06:15:10.629+0000] {logging_mixin.py:149} INFO - [2023-06-27T06:15:10.628+0000] {dagbag.py:541} INFO - Filling up the DagBag from /home/airflow/.local/lib/python3.8/site-packages/airflow/example_dags/example_branch_python_dop_operator_3.py
[2023-06-27T06:15:11.383+0000] {processor.py:836} INFO - DAG(s) dict_keys(['example_branch_dop_operator_v3']) retrieved from /home/airflow/.local/lib/python3.8/site-packages/airflow/example_dags/example_branch_python_dop_operator_3.py
[2023-06-27T06:15:12.919+0000] {logging_mixin.py:149} INFO - [2023-06-27T06:15:12.919+0000] {dag.py:2726} INFO - Sync 1 DAGs
[2023-06-27T06:15:14.048+0000] {logging_mixin.py:149} INFO - [2023-06-27T06:15:14.048+0000] {dag.py:3486} INFO - Setting next_dagrun for example_branch_dop_operator_v3 to 2023-06-27T06:14:00+00:00, run_after=2023-06-27T06:15:00+00:00
[2023-06-27T06:15:14.904+0000] {processor.py:179} INFO - Processing /home/airflow/.local/lib/python3.8/site-packages/airflow/example_dags/example_branch_python_dop_operator_3.py took 4.442 seconds
[2023-06-27T08:56:07.391+0000] {processor.py:157} INFO - Started process (PID=492) to work on /home/airflow/.local/lib/python3.8/site-packages/airflow/example_dags/example_branch_python_dop_operator_3.py
[2023-06-27T08:56:07.492+0000] {processor.py:826} INFO - Processing file /home/airflow/.local/lib/python3.8/site-packages/airflow/example_dags/example_branch_python_dop_operator_3.py for tasks to queue
[2023-06-27T08:56:07.550+0000] {logging_mixin.py:149} INFO - [2023-06-27T08:56:07.549+0000] {dagbag.py:541} INFO - Filling up the DagBag from /home/airflow/.local/lib/python3.8/site-packages/airflow/example_dags/example_branch_python_dop_operator_3.py
[2023-06-27T08:56:08.049+0000] {processor.py:836} INFO - DAG(s) dict_keys(['example_branch_dop_operator_v3']) retrieved from /home/airflow/.local/lib/python3.8/site-packages/airflow/example_dags/example_branch_python_dop_operator_3.py
[2023-06-27T08:56:10.021+0000] {logging_mixin.py:149} INFO - [2023-06-27T08:56:10.021+0000] {dag.py:2726} INFO - Sync 1 DAGs
[2023-06-27T08:56:10.067+0000] {logging_mixin.py:149} INFO - [2023-06-27T08:56:10.067+0000] {dag.py:3486} INFO - Setting next_dagrun for example_branch_dop_operator_v3 to 2023-06-27T08:55:00+00:00, run_after=2023-06-27T08:56:00+00:00
[2023-06-27T08:56:10.216+0000] {processor.py:179} INFO - Processing /home/airflow/.local/lib/python3.8/site-packages/airflow/example_dags/example_branch_python_dop_operator_3.py took 2.830 seconds
[2023-06-27T08:56:43.362+0000] {processor.py:157} INFO - Started process (PID=545) to work on /home/airflow/.local/lib/python3.8/site-packages/airflow/example_dags/example_branch_python_dop_operator_3.py
[2023-06-27T08:56:43.400+0000] {processor.py:826} INFO - Processing file /home/airflow/.local/lib/python3.8/site-packages/airflow/example_dags/example_branch_python_dop_operator_3.py for tasks to queue
[2023-06-27T08:56:43.400+0000] {logging_mixin.py:149} INFO - [2023-06-27T08:56:43.400+0000] {dagbag.py:541} INFO - Filling up the DagBag from /home/airflow/.local/lib/python3.8/site-packages/airflow/example_dags/example_branch_python_dop_operator_3.py
[2023-06-27T08:56:43.415+0000] {processor.py:836} INFO - DAG(s) dict_keys(['example_branch_dop_operator_v3']) retrieved from /home/airflow/.local/lib/python3.8/site-packages/airflow/example_dags/example_branch_python_dop_operator_3.py
[2023-06-27T08:56:43.459+0000] {logging_mixin.py:149} INFO - [2023-06-27T08:56:43.459+0000] {dag.py:2726} INFO - Sync 1 DAGs
[2023-06-27T08:56:43.490+0000] {logging_mixin.py:149} INFO - [2023-06-27T08:56:43.490+0000] {dag.py:3486} INFO - Setting next_dagrun for example_branch_dop_operator_v3 to 2023-06-27T08:55:00+00:00, run_after=2023-06-27T08:56:00+00:00
[2023-06-27T08:56:43.584+0000] {processor.py:179} INFO - Processing /home/airflow/.local/lib/python3.8/site-packages/airflow/example_dags/example_branch_python_dop_operator_3.py took 0.227 seconds
[2023-06-27T08:57:14.863+0000] {processor.py:157} INFO - Started process (PID=610) to work on /home/airflow/.local/lib/python3.8/site-packages/airflow/example_dags/example_branch_python_dop_operator_3.py
[2023-06-27T08:57:14.864+0000] {processor.py:826} INFO - Processing file /home/airflow/.local/lib/python3.8/site-packages/airflow/example_dags/example_branch_python_dop_operator_3.py for tasks to queue
[2023-06-27T08:57:14.867+0000] {logging_mixin.py:149} INFO - [2023-06-27T08:57:14.866+0000] {dagbag.py:541} INFO - Filling up the DagBag from /home/airflow/.local/lib/python3.8/site-packages/airflow/example_dags/example_branch_python_dop_operator_3.py
[2023-06-27T08:57:14.915+0000] {processor.py:836} INFO - DAG(s) dict_keys(['example_branch_dop_operator_v3']) retrieved from /home/airflow/.local/lib/python3.8/site-packages/airflow/example_dags/example_branch_python_dop_operator_3.py
[2023-06-27T08:57:15.169+0000] {logging_mixin.py:149} INFO - [2023-06-27T08:57:15.168+0000] {dag.py:2726} INFO - Sync 1 DAGs
[2023-06-27T08:57:15.330+0000] {logging_mixin.py:149} INFO - [2023-06-27T08:57:15.330+0000] {dag.py:3486} INFO - Setting next_dagrun for example_branch_dop_operator_v3 to 2023-06-27T08:56:00+00:00, run_after=2023-06-27T08:57:00+00:00
[2023-06-27T08:57:15.399+0000] {processor.py:179} INFO - Processing /home/airflow/.local/lib/python3.8/site-packages/airflow/example_dags/example_branch_python_dop_operator_3.py took 0.571 seconds
[2023-06-27T08:58:17.971+0000] {processor.py:157} INFO - Started process (PID=651) to work on /home/airflow/.local/lib/python3.8/site-packages/airflow/example_dags/example_branch_python_dop_operator_3.py
[2023-06-27T08:58:18.091+0000] {processor.py:826} INFO - Processing file /home/airflow/.local/lib/python3.8/site-packages/airflow/example_dags/example_branch_python_dop_operator_3.py for tasks to queue
[2023-06-27T08:58:18.252+0000] {logging_mixin.py:149} INFO - [2023-06-27T08:58:18.252+0000] {dagbag.py:541} INFO - Filling up the DagBag from /home/airflow/.local/lib/python3.8/site-packages/airflow/example_dags/example_branch_python_dop_operator_3.py
[2023-06-27T08:58:19.080+0000] {processor.py:836} INFO - DAG(s) dict_keys(['example_branch_dop_operator_v3']) retrieved from /home/airflow/.local/lib/python3.8/site-packages/airflow/example_dags/example_branch_python_dop_operator_3.py
[2023-06-27T08:58:22.089+0000] {logging_mixin.py:149} INFO - [2023-06-27T08:58:22.088+0000] {dag.py:2726} INFO - Sync 1 DAGs
[2023-06-27T08:58:25.320+0000] {logging_mixin.py:149} INFO - [2023-06-27T08:58:25.319+0000] {dag.py:3486} INFO - Setting next_dagrun for example_branch_dop_operator_v3 to 2023-06-27T08:57:00+00:00, run_after=2023-06-27T08:58:00+00:00
[2023-06-27T08:58:27.491+0000] {processor.py:179} INFO - Processing /home/airflow/.local/lib/python3.8/site-packages/airflow/example_dags/example_branch_python_dop_operator_3.py took 10.400 seconds
[2023-06-27T09:00:39.624+0000] {processor.py:157} INFO - Started process (PID=757) to work on /home/airflow/.local/lib/python3.8/site-packages/airflow/example_dags/example_branch_python_dop_operator_3.py
[2023-06-27T09:00:39.881+0000] {processor.py:826} INFO - Processing file /home/airflow/.local/lib/python3.8/site-packages/airflow/example_dags/example_branch_python_dop_operator_3.py for tasks to queue
[2023-06-27T09:00:39.883+0000] {logging_mixin.py:149} INFO - [2023-06-27T09:00:39.883+0000] {dagbag.py:541} INFO - Filling up the DagBag from /home/airflow/.local/lib/python3.8/site-packages/airflow/example_dags/example_branch_python_dop_operator_3.py
[2023-06-27T09:00:39.959+0000] {processor.py:836} INFO - DAG(s) dict_keys(['example_branch_dop_operator_v3']) retrieved from /home/airflow/.local/lib/python3.8/site-packages/airflow/example_dags/example_branch_python_dop_operator_3.py
[2023-06-27T09:00:39.993+0000] {logging_mixin.py:149} INFO - [2023-06-27T09:00:39.993+0000] {dag.py:2726} INFO - Sync 1 DAGs
[2023-06-27T09:00:40.026+0000] {logging_mixin.py:149} INFO - [2023-06-27T09:00:40.026+0000] {dag.py:3486} INFO - Setting next_dagrun for example_branch_dop_operator_v3 to 2023-06-27T08:59:00+00:00, run_after=2023-06-27T09:00:00+00:00
[2023-06-27T09:00:40.217+0000] {processor.py:179} INFO - Processing /home/airflow/.local/lib/python3.8/site-packages/airflow/example_dags/example_branch_python_dop_operator_3.py took 0.599 seconds
[2023-06-27T09:04:17.156+0000] {processor.py:157} INFO - Started process (PID=853) to work on /home/airflow/.local/lib/python3.8/site-packages/airflow/example_dags/example_branch_python_dop_operator_3.py
[2023-06-27T09:04:17.175+0000] {processor.py:826} INFO - Processing file /home/airflow/.local/lib/python3.8/site-packages/airflow/example_dags/example_branch_python_dop_operator_3.py for tasks to queue
[2023-06-27T09:04:17.176+0000] {logging_mixin.py:149} INFO - [2023-06-27T09:04:17.176+0000] {dagbag.py:541} INFO - Filling up the DagBag from /home/airflow/.local/lib/python3.8/site-packages/airflow/example_dags/example_branch_python_dop_operator_3.py
[2023-06-27T09:04:19.082+0000] {processor.py:836} INFO - DAG(s) dict_keys(['example_branch_dop_operator_v3']) retrieved from /home/airflow/.local/lib/python3.8/site-packages/airflow/example_dags/example_branch_python_dop_operator_3.py
[2023-06-27T09:04:28.518+0000] {logging_mixin.py:149} INFO - [2023-06-27T09:04:28.518+0000] {dag.py:2726} INFO - Sync 1 DAGs
[2023-06-27T09:04:35.513+0000] {logging_mixin.py:149} INFO - [2023-06-27T09:04:35.513+0000] {dag.py:3486} INFO - Setting next_dagrun for example_branch_dop_operator_v3 to 2023-06-27T09:03:00+00:00, run_after=2023-06-27T09:04:00+00:00
[2023-06-27T09:04:39.006+0000] {processor.py:179} INFO - Processing /home/airflow/.local/lib/python3.8/site-packages/airflow/example_dags/example_branch_python_dop_operator_3.py took 23.895 seconds
[2023-06-27T09:20:34.409+0000] {processor.py:157} INFO - Started process (PID=46) to work on /home/airflow/.local/lib/python3.8/site-packages/airflow/example_dags/example_branch_python_dop_operator_3.py
[2023-06-27T09:20:34.450+0000] {processor.py:826} INFO - Processing file /home/airflow/.local/lib/python3.8/site-packages/airflow/example_dags/example_branch_python_dop_operator_3.py for tasks to queue
[2023-06-27T09:20:34.451+0000] {logging_mixin.py:149} INFO - [2023-06-27T09:20:34.451+0000] {dagbag.py:541} INFO - Filling up the DagBag from /home/airflow/.local/lib/python3.8/site-packages/airflow/example_dags/example_branch_python_dop_operator_3.py
[2023-06-27T09:20:35.860+0000] {processor.py:836} INFO - DAG(s) dict_keys(['example_branch_dop_operator_v3']) retrieved from /home/airflow/.local/lib/python3.8/site-packages/airflow/example_dags/example_branch_python_dop_operator_3.py
[2023-06-27T09:20:36.290+0000] {logging_mixin.py:149} INFO - [2023-06-27T09:20:36.288+0000] {dag.py:2726} INFO - Sync 1 DAGs
[2023-06-27T09:20:36.586+0000] {logging_mixin.py:149} INFO - [2023-06-27T09:20:36.585+0000] {dag.py:3486} INFO - Setting next_dagrun for example_branch_dop_operator_v3 to 2023-06-27T09:19:00+00:00, run_after=2023-06-27T09:20:00+00:00
[2023-06-27T09:20:36.756+0000] {processor.py:179} INFO - Processing /home/airflow/.local/lib/python3.8/site-packages/airflow/example_dags/example_branch_python_dop_operator_3.py took 2.380 seconds
[2023-06-27T09:21:07.037+0000] {processor.py:157} INFO - Started process (PID=105) to work on /home/airflow/.local/lib/python3.8/site-packages/airflow/example_dags/example_branch_python_dop_operator_3.py
[2023-06-27T09:21:07.038+0000] {processor.py:826} INFO - Processing file /home/airflow/.local/lib/python3.8/site-packages/airflow/example_dags/example_branch_python_dop_operator_3.py for tasks to queue
[2023-06-27T09:21:07.052+0000] {logging_mixin.py:149} INFO - [2023-06-27T09:21:07.052+0000] {dagbag.py:541} INFO - Filling up the DagBag from /home/airflow/.local/lib/python3.8/site-packages/airflow/example_dags/example_branch_python_dop_operator_3.py
[2023-06-27T09:21:07.092+0000] {processor.py:836} INFO - DAG(s) dict_keys(['example_branch_dop_operator_v3']) retrieved from /home/airflow/.local/lib/python3.8/site-packages/airflow/example_dags/example_branch_python_dop_operator_3.py
[2023-06-27T09:21:07.209+0000] {logging_mixin.py:149} INFO - [2023-06-27T09:21:07.208+0000] {dag.py:2726} INFO - Sync 1 DAGs
[2023-06-27T09:21:07.361+0000] {logging_mixin.py:149} INFO - [2023-06-27T09:21:07.361+0000] {dag.py:3486} INFO - Setting next_dagrun for example_branch_dop_operator_v3 to 2023-06-27T09:20:00+00:00, run_after=2023-06-27T09:21:00+00:00
[2023-06-27T09:21:07.514+0000] {processor.py:179} INFO - Processing /home/airflow/.local/lib/python3.8/site-packages/airflow/example_dags/example_branch_python_dop_operator_3.py took 0.495 seconds
[2023-06-27T09:21:37.631+0000] {processor.py:157} INFO - Started process (PID=172) to work on /home/airflow/.local/lib/python3.8/site-packages/airflow/example_dags/example_branch_python_dop_operator_3.py
[2023-06-27T09:21:37.641+0000] {processor.py:826} INFO - Processing file /home/airflow/.local/lib/python3.8/site-packages/airflow/example_dags/example_branch_python_dop_operator_3.py for tasks to queue
[2023-06-27T09:21:37.655+0000] {logging_mixin.py:149} INFO - [2023-06-27T09:21:37.655+0000] {dagbag.py:541} INFO - Filling up the DagBag from /home/airflow/.local/lib/python3.8/site-packages/airflow/example_dags/example_branch_python_dop_operator_3.py
[2023-06-27T09:21:37.692+0000] {processor.py:836} INFO - DAG(s) dict_keys(['example_branch_dop_operator_v3']) retrieved from /home/airflow/.local/lib/python3.8/site-packages/airflow/example_dags/example_branch_python_dop_operator_3.py
[2023-06-27T09:21:37.803+0000] {logging_mixin.py:149} INFO - [2023-06-27T09:21:37.803+0000] {dag.py:2726} INFO - Sync 1 DAGs
[2023-06-27T09:21:37.910+0000] {logging_mixin.py:149} INFO - [2023-06-27T09:21:37.909+0000] {dag.py:3486} INFO - Setting next_dagrun for example_branch_dop_operator_v3 to 2023-06-27T09:20:00+00:00, run_after=2023-06-27T09:21:00+00:00
[2023-06-27T09:21:37.975+0000] {processor.py:179} INFO - Processing /home/airflow/.local/lib/python3.8/site-packages/airflow/example_dags/example_branch_python_dop_operator_3.py took 0.377 seconds
[2023-06-27T09:22:08.056+0000] {processor.py:157} INFO - Started process (PID=239) to work on /home/airflow/.local/lib/python3.8/site-packages/airflow/example_dags/example_branch_python_dop_operator_3.py
[2023-06-27T09:22:08.057+0000] {processor.py:826} INFO - Processing file /home/airflow/.local/lib/python3.8/site-packages/airflow/example_dags/example_branch_python_dop_operator_3.py for tasks to queue
[2023-06-27T09:22:08.063+0000] {logging_mixin.py:149} INFO - [2023-06-27T09:22:08.063+0000] {dagbag.py:541} INFO - Filling up the DagBag from /home/airflow/.local/lib/python3.8/site-packages/airflow/example_dags/example_branch_python_dop_operator_3.py
[2023-06-27T09:22:08.088+0000] {processor.py:836} INFO - DAG(s) dict_keys(['example_branch_dop_operator_v3']) retrieved from /home/airflow/.local/lib/python3.8/site-packages/airflow/example_dags/example_branch_python_dop_operator_3.py
[2023-06-27T09:22:08.155+0000] {logging_mixin.py:149} INFO - [2023-06-27T09:22:08.155+0000] {dag.py:2726} INFO - Sync 1 DAGs
[2023-06-27T09:22:08.227+0000] {logging_mixin.py:149} INFO - [2023-06-27T09:22:08.227+0000] {dag.py:3486} INFO - Setting next_dagrun for example_branch_dop_operator_v3 to 2023-06-27T09:21:00+00:00, run_after=2023-06-27T09:22:00+00:00
[2023-06-27T09:22:08.270+0000] {processor.py:179} INFO - Processing /home/airflow/.local/lib/python3.8/site-packages/airflow/example_dags/example_branch_python_dop_operator_3.py took 0.222 seconds
[2023-06-27T09:22:39.183+0000] {processor.py:157} INFO - Started process (PID=307) to work on /home/airflow/.local/lib/python3.8/site-packages/airflow/example_dags/example_branch_python_dop_operator_3.py
[2023-06-27T09:22:39.205+0000] {processor.py:826} INFO - Processing file /home/airflow/.local/lib/python3.8/site-packages/airflow/example_dags/example_branch_python_dop_operator_3.py for tasks to queue
[2023-06-27T09:22:39.207+0000] {logging_mixin.py:149} INFO - [2023-06-27T09:22:39.207+0000] {dagbag.py:541} INFO - Filling up the DagBag from /home/airflow/.local/lib/python3.8/site-packages/airflow/example_dags/example_branch_python_dop_operator_3.py
[2023-06-27T09:22:39.274+0000] {processor.py:836} INFO - DAG(s) dict_keys(['example_branch_dop_operator_v3']) retrieved from /home/airflow/.local/lib/python3.8/site-packages/airflow/example_dags/example_branch_python_dop_operator_3.py
[2023-06-27T09:22:39.339+0000] {logging_mixin.py:149} INFO - [2023-06-27T09:22:39.339+0000] {dag.py:2726} INFO - Sync 1 DAGs
[2023-06-27T09:22:39.438+0000] {logging_mixin.py:149} INFO - [2023-06-27T09:22:39.437+0000] {dag.py:3486} INFO - Setting next_dagrun for example_branch_dop_operator_v3 to 2023-06-27T09:21:00+00:00, run_after=2023-06-27T09:22:00+00:00
[2023-06-27T09:22:39.498+0000] {processor.py:179} INFO - Processing /home/airflow/.local/lib/python3.8/site-packages/airflow/example_dags/example_branch_python_dop_operator_3.py took 0.347 seconds
[2023-06-27T09:23:09.832+0000] {processor.py:157} INFO - Started process (PID=374) to work on /home/airflow/.local/lib/python3.8/site-packages/airflow/example_dags/example_branch_python_dop_operator_3.py
[2023-06-27T09:23:09.833+0000] {processor.py:826} INFO - Processing file /home/airflow/.local/lib/python3.8/site-packages/airflow/example_dags/example_branch_python_dop_operator_3.py for tasks to queue
[2023-06-27T09:23:09.835+0000] {logging_mixin.py:149} INFO - [2023-06-27T09:23:09.834+0000] {dagbag.py:541} INFO - Filling up the DagBag from /home/airflow/.local/lib/python3.8/site-packages/airflow/example_dags/example_branch_python_dop_operator_3.py
[2023-06-27T09:23:09.848+0000] {processor.py:836} INFO - DAG(s) dict_keys(['example_branch_dop_operator_v3']) retrieved from /home/airflow/.local/lib/python3.8/site-packages/airflow/example_dags/example_branch_python_dop_operator_3.py
[2023-06-27T09:23:09.889+0000] {logging_mixin.py:149} INFO - [2023-06-27T09:23:09.888+0000] {dag.py:2726} INFO - Sync 1 DAGs
[2023-06-27T09:23:09.923+0000] {logging_mixin.py:149} INFO - [2023-06-27T09:23:09.923+0000] {dag.py:3486} INFO - Setting next_dagrun for example_branch_dop_operator_v3 to 2023-06-27T09:22:00+00:00, run_after=2023-06-27T09:23:00+00:00
[2023-06-27T09:23:09.959+0000] {processor.py:179} INFO - Processing /home/airflow/.local/lib/python3.8/site-packages/airflow/example_dags/example_branch_python_dop_operator_3.py took 0.132 seconds
[2023-06-27T09:23:40.722+0000] {processor.py:157} INFO - Started process (PID=440) to work on /home/airflow/.local/lib/python3.8/site-packages/airflow/example_dags/example_branch_python_dop_operator_3.py
[2023-06-27T09:23:40.724+0000] {processor.py:826} INFO - Processing file /home/airflow/.local/lib/python3.8/site-packages/airflow/example_dags/example_branch_python_dop_operator_3.py for tasks to queue
[2023-06-27T09:23:40.726+0000] {logging_mixin.py:149} INFO - [2023-06-27T09:23:40.725+0000] {dagbag.py:541} INFO - Filling up the DagBag from /home/airflow/.local/lib/python3.8/site-packages/airflow/example_dags/example_branch_python_dop_operator_3.py
[2023-06-27T09:23:40.736+0000] {processor.py:836} INFO - DAG(s) dict_keys(['example_branch_dop_operator_v3']) retrieved from /home/airflow/.local/lib/python3.8/site-packages/airflow/example_dags/example_branch_python_dop_operator_3.py
[2023-06-27T09:23:40.769+0000] {logging_mixin.py:149} INFO - [2023-06-27T09:23:40.768+0000] {dag.py:2726} INFO - Sync 1 DAGs
[2023-06-27T09:23:40.802+0000] {logging_mixin.py:149} INFO - [2023-06-27T09:23:40.802+0000] {dag.py:3486} INFO - Setting next_dagrun for example_branch_dop_operator_v3 to 2023-06-27T09:22:00+00:00, run_after=2023-06-27T09:23:00+00:00
[2023-06-27T09:23:40.827+0000] {processor.py:179} INFO - Processing /home/airflow/.local/lib/python3.8/site-packages/airflow/example_dags/example_branch_python_dop_operator_3.py took 0.110 seconds
[2023-06-27T09:25:41.976+0000] {processor.py:157} INFO - Started process (PID=36) to work on /home/airflow/.local/lib/python3.8/site-packages/airflow/example_dags/example_branch_python_dop_operator_3.py
[2023-06-27T09:25:41.999+0000] {processor.py:826} INFO - Processing file /home/airflow/.local/lib/python3.8/site-packages/airflow/example_dags/example_branch_python_dop_operator_3.py for tasks to queue
[2023-06-27T09:25:42.000+0000] {logging_mixin.py:149} INFO - [2023-06-27T09:25:42.000+0000] {dagbag.py:541} INFO - Filling up the DagBag from /home/airflow/.local/lib/python3.8/site-packages/airflow/example_dags/example_branch_python_dop_operator_3.py
[2023-06-27T09:25:43.053+0000] {processor.py:836} INFO - DAG(s) dict_keys(['example_branch_dop_operator_v3']) retrieved from /home/airflow/.local/lib/python3.8/site-packages/airflow/example_dags/example_branch_python_dop_operator_3.py
[2023-06-27T09:25:43.268+0000] {logging_mixin.py:149} INFO - [2023-06-27T09:25:43.267+0000] {dag.py:2726} INFO - Sync 1 DAGs
[2023-06-27T09:25:43.485+0000] {logging_mixin.py:149} INFO - [2023-06-27T09:25:43.485+0000] {dag.py:3486} INFO - Setting next_dagrun for example_branch_dop_operator_v3 to 2023-06-27T09:24:00+00:00, run_after=2023-06-27T09:25:00+00:00
[2023-06-27T09:25:43.679+0000] {processor.py:179} INFO - Processing /home/airflow/.local/lib/python3.8/site-packages/airflow/example_dags/example_branch_python_dop_operator_3.py took 1.716 seconds
[2023-06-27T09:26:13.872+0000] {processor.py:157} INFO - Started process (PID=100) to work on /home/airflow/.local/lib/python3.8/site-packages/airflow/example_dags/example_branch_python_dop_operator_3.py
[2023-06-27T09:26:13.887+0000] {processor.py:826} INFO - Processing file /home/airflow/.local/lib/python3.8/site-packages/airflow/example_dags/example_branch_python_dop_operator_3.py for tasks to queue
[2023-06-27T09:26:13.889+0000] {logging_mixin.py:149} INFO - [2023-06-27T09:26:13.889+0000] {dagbag.py:541} INFO - Filling up the DagBag from /home/airflow/.local/lib/python3.8/site-packages/airflow/example_dags/example_branch_python_dop_operator_3.py
[2023-06-27T09:26:13.931+0000] {processor.py:836} INFO - DAG(s) dict_keys(['example_branch_dop_operator_v3']) retrieved from /home/airflow/.local/lib/python3.8/site-packages/airflow/example_dags/example_branch_python_dop_operator_3.py
[2023-06-27T09:26:14.027+0000] {logging_mixin.py:149} INFO - [2023-06-27T09:26:14.027+0000] {dag.py:2726} INFO - Sync 1 DAGs
[2023-06-27T09:26:14.117+0000] {logging_mixin.py:149} INFO - [2023-06-27T09:26:14.117+0000] {dag.py:3486} INFO - Setting next_dagrun for example_branch_dop_operator_v3 to 2023-06-27T09:25:00+00:00, run_after=2023-06-27T09:26:00+00:00
[2023-06-27T09:26:14.231+0000] {processor.py:179} INFO - Processing /home/airflow/.local/lib/python3.8/site-packages/airflow/example_dags/example_branch_python_dop_operator_3.py took 0.380 seconds
[2023-06-27T09:26:44.323+0000] {processor.py:157} INFO - Started process (PID=166) to work on /home/airflow/.local/lib/python3.8/site-packages/airflow/example_dags/example_branch_python_dop_operator_3.py
[2023-06-27T09:26:44.327+0000] {processor.py:826} INFO - Processing file /home/airflow/.local/lib/python3.8/site-packages/airflow/example_dags/example_branch_python_dop_operator_3.py for tasks to queue
[2023-06-27T09:26:44.328+0000] {logging_mixin.py:149} INFO - [2023-06-27T09:26:44.328+0000] {dagbag.py:541} INFO - Filling up the DagBag from /home/airflow/.local/lib/python3.8/site-packages/airflow/example_dags/example_branch_python_dop_operator_3.py
[2023-06-27T09:26:44.352+0000] {processor.py:836} INFO - DAG(s) dict_keys(['example_branch_dop_operator_v3']) retrieved from /home/airflow/.local/lib/python3.8/site-packages/airflow/example_dags/example_branch_python_dop_operator_3.py
[2023-06-27T09:26:44.415+0000] {logging_mixin.py:149} INFO - [2023-06-27T09:26:44.415+0000] {dag.py:2726} INFO - Sync 1 DAGs
[2023-06-27T09:26:44.485+0000] {logging_mixin.py:149} INFO - [2023-06-27T09:26:44.485+0000] {dag.py:3486} INFO - Setting next_dagrun for example_branch_dop_operator_v3 to 2023-06-27T09:25:00+00:00, run_after=2023-06-27T09:26:00+00:00
[2023-06-27T09:26:44.536+0000] {processor.py:179} INFO - Processing /home/airflow/.local/lib/python3.8/site-packages/airflow/example_dags/example_branch_python_dop_operator_3.py took 0.229 seconds
[2023-06-27T09:27:14.801+0000] {processor.py:157} INFO - Started process (PID=239) to work on /home/airflow/.local/lib/python3.8/site-packages/airflow/example_dags/example_branch_python_dop_operator_3.py
[2023-06-27T09:27:14.807+0000] {processor.py:826} INFO - Processing file /home/airflow/.local/lib/python3.8/site-packages/airflow/example_dags/example_branch_python_dop_operator_3.py for tasks to queue
[2023-06-27T09:27:14.809+0000] {logging_mixin.py:149} INFO - [2023-06-27T09:27:14.809+0000] {dagbag.py:541} INFO - Filling up the DagBag from /home/airflow/.local/lib/python3.8/site-packages/airflow/example_dags/example_branch_python_dop_operator_3.py
[2023-06-27T09:27:14.832+0000] {processor.py:836} INFO - DAG(s) dict_keys(['example_branch_dop_operator_v3']) retrieved from /home/airflow/.local/lib/python3.8/site-packages/airflow/example_dags/example_branch_python_dop_operator_3.py
[2023-06-27T09:27:14.895+0000] {logging_mixin.py:149} INFO - [2023-06-27T09:27:14.895+0000] {dag.py:2726} INFO - Sync 1 DAGs
[2023-06-27T09:27:14.952+0000] {logging_mixin.py:149} INFO - [2023-06-27T09:27:14.951+0000] {dag.py:3486} INFO - Setting next_dagrun for example_branch_dop_operator_v3 to 2023-06-27T09:26:00+00:00, run_after=2023-06-27T09:27:00+00:00
[2023-06-27T09:27:14.998+0000] {processor.py:179} INFO - Processing /home/airflow/.local/lib/python3.8/site-packages/airflow/example_dags/example_branch_python_dop_operator_3.py took 0.211 seconds
[2023-06-27T09:27:45.257+0000] {processor.py:157} INFO - Started process (PID=305) to work on /home/airflow/.local/lib/python3.8/site-packages/airflow/example_dags/example_branch_python_dop_operator_3.py
[2023-06-27T09:27:45.258+0000] {processor.py:826} INFO - Processing file /home/airflow/.local/lib/python3.8/site-packages/airflow/example_dags/example_branch_python_dop_operator_3.py for tasks to queue
[2023-06-27T09:27:45.261+0000] {logging_mixin.py:149} INFO - [2023-06-27T09:27:45.260+0000] {dagbag.py:541} INFO - Filling up the DagBag from /home/airflow/.local/lib/python3.8/site-packages/airflow/example_dags/example_branch_python_dop_operator_3.py
[2023-06-27T09:27:45.283+0000] {processor.py:836} INFO - DAG(s) dict_keys(['example_branch_dop_operator_v3']) retrieved from /home/airflow/.local/lib/python3.8/site-packages/airflow/example_dags/example_branch_python_dop_operator_3.py
[2023-06-27T09:27:45.351+0000] {logging_mixin.py:149} INFO - [2023-06-27T09:27:45.351+0000] {dag.py:2726} INFO - Sync 1 DAGs
[2023-06-27T09:27:45.409+0000] {logging_mixin.py:149} INFO - [2023-06-27T09:27:45.409+0000] {dag.py:3486} INFO - Setting next_dagrun for example_branch_dop_operator_v3 to 2023-06-27T09:26:00+00:00, run_after=2023-06-27T09:27:00+00:00
[2023-06-27T09:27:45.455+0000] {processor.py:179} INFO - Processing /home/airflow/.local/lib/python3.8/site-packages/airflow/example_dags/example_branch_python_dop_operator_3.py took 0.215 seconds
[2023-06-27T09:28:15.817+0000] {processor.py:157} INFO - Started process (PID=372) to work on /home/airflow/.local/lib/python3.8/site-packages/airflow/example_dags/example_branch_python_dop_operator_3.py
[2023-06-27T09:28:15.819+0000] {processor.py:826} INFO - Processing file /home/airflow/.local/lib/python3.8/site-packages/airflow/example_dags/example_branch_python_dop_operator_3.py for tasks to queue
[2023-06-27T09:28:15.822+0000] {logging_mixin.py:149} INFO - [2023-06-27T09:28:15.822+0000] {dagbag.py:541} INFO - Filling up the DagBag from /home/airflow/.local/lib/python3.8/site-packages/airflow/example_dags/example_branch_python_dop_operator_3.py
[2023-06-27T09:28:15.833+0000] {processor.py:836} INFO - DAG(s) dict_keys(['example_branch_dop_operator_v3']) retrieved from /home/airflow/.local/lib/python3.8/site-packages/airflow/example_dags/example_branch_python_dop_operator_3.py
[2023-06-27T09:28:15.868+0000] {logging_mixin.py:149} INFO - [2023-06-27T09:28:15.868+0000] {dag.py:2726} INFO - Sync 1 DAGs
[2023-06-27T09:28:15.904+0000] {logging_mixin.py:149} INFO - [2023-06-27T09:28:15.903+0000] {dag.py:3486} INFO - Setting next_dagrun for example_branch_dop_operator_v3 to 2023-06-27T09:27:00+00:00, run_after=2023-06-27T09:28:00+00:00
[2023-06-27T09:28:15.926+0000] {processor.py:179} INFO - Processing /home/airflow/.local/lib/python3.8/site-packages/airflow/example_dags/example_branch_python_dop_operator_3.py took 0.123 seconds
[2023-06-27T09:28:46.107+0000] {processor.py:157} INFO - Started process (PID=438) to work on /home/airflow/.local/lib/python3.8/site-packages/airflow/example_dags/example_branch_python_dop_operator_3.py
[2023-06-27T09:28:46.108+0000] {processor.py:826} INFO - Processing file /home/airflow/.local/lib/python3.8/site-packages/airflow/example_dags/example_branch_python_dop_operator_3.py for tasks to queue
[2023-06-27T09:28:46.109+0000] {logging_mixin.py:149} INFO - [2023-06-27T09:28:46.109+0000] {dagbag.py:541} INFO - Filling up the DagBag from /home/airflow/.local/lib/python3.8/site-packages/airflow/example_dags/example_branch_python_dop_operator_3.py
[2023-06-27T09:28:46.120+0000] {processor.py:836} INFO - DAG(s) dict_keys(['example_branch_dop_operator_v3']) retrieved from /home/airflow/.local/lib/python3.8/site-packages/airflow/example_dags/example_branch_python_dop_operator_3.py
[2023-06-27T09:28:46.151+0000] {logging_mixin.py:149} INFO - [2023-06-27T09:28:46.150+0000] {dag.py:2726} INFO - Sync 1 DAGs
[2023-06-27T09:28:46.192+0000] {logging_mixin.py:149} INFO - [2023-06-27T09:28:46.192+0000] {dag.py:3486} INFO - Setting next_dagrun for example_branch_dop_operator_v3 to 2023-06-27T09:27:00+00:00, run_after=2023-06-27T09:28:00+00:00
[2023-06-27T09:28:46.216+0000] {processor.py:179} INFO - Processing /home/airflow/.local/lib/python3.8/site-packages/airflow/example_dags/example_branch_python_dop_operator_3.py took 0.114 seconds
[2023-06-27T09:29:17.172+0000] {processor.py:157} INFO - Started process (PID=515) to work on /home/airflow/.local/lib/python3.8/site-packages/airflow/example_dags/example_branch_python_dop_operator_3.py
[2023-06-27T09:29:17.174+0000] {processor.py:826} INFO - Processing file /home/airflow/.local/lib/python3.8/site-packages/airflow/example_dags/example_branch_python_dop_operator_3.py for tasks to queue
[2023-06-27T09:29:17.176+0000] {logging_mixin.py:149} INFO - [2023-06-27T09:29:17.176+0000] {dagbag.py:541} INFO - Filling up the DagBag from /home/airflow/.local/lib/python3.8/site-packages/airflow/example_dags/example_branch_python_dop_operator_3.py
[2023-06-27T09:29:17.211+0000] {processor.py:836} INFO - DAG(s) dict_keys(['example_branch_dop_operator_v3']) retrieved from /home/airflow/.local/lib/python3.8/site-packages/airflow/example_dags/example_branch_python_dop_operator_3.py
[2023-06-27T09:29:17.291+0000] {logging_mixin.py:149} INFO - [2023-06-27T09:29:17.291+0000] {dag.py:2726} INFO - Sync 1 DAGs
[2023-06-27T09:29:17.393+0000] {logging_mixin.py:149} INFO - [2023-06-27T09:29:17.392+0000] {dag.py:3486} INFO - Setting next_dagrun for example_branch_dop_operator_v3 to 2023-06-27T09:28:00+00:00, run_after=2023-06-27T09:29:00+00:00
[2023-06-27T09:29:17.490+0000] {processor.py:179} INFO - Processing /home/airflow/.local/lib/python3.8/site-packages/airflow/example_dags/example_branch_python_dop_operator_3.py took 0.339 seconds
[2023-06-27T09:29:47.996+0000] {processor.py:157} INFO - Started process (PID=582) to work on /home/airflow/.local/lib/python3.8/site-packages/airflow/example_dags/example_branch_python_dop_operator_3.py
[2023-06-27T09:29:47.997+0000] {processor.py:826} INFO - Processing file /home/airflow/.local/lib/python3.8/site-packages/airflow/example_dags/example_branch_python_dop_operator_3.py for tasks to queue
[2023-06-27T09:29:47.999+0000] {logging_mixin.py:149} INFO - [2023-06-27T09:29:47.999+0000] {dagbag.py:541} INFO - Filling up the DagBag from /home/airflow/.local/lib/python3.8/site-packages/airflow/example_dags/example_branch_python_dop_operator_3.py
[2023-06-27T09:29:48.028+0000] {processor.py:836} INFO - DAG(s) dict_keys(['example_branch_dop_operator_v3']) retrieved from /home/airflow/.local/lib/python3.8/site-packages/airflow/example_dags/example_branch_python_dop_operator_3.py
[2023-06-27T09:29:48.093+0000] {logging_mixin.py:149} INFO - [2023-06-27T09:29:48.092+0000] {dag.py:2726} INFO - Sync 1 DAGs
[2023-06-27T09:29:48.167+0000] {logging_mixin.py:149} INFO - [2023-06-27T09:29:48.167+0000] {dag.py:3486} INFO - Setting next_dagrun for example_branch_dop_operator_v3 to 2023-06-27T09:28:00+00:00, run_after=2023-06-27T09:29:00+00:00
[2023-06-27T09:29:48.213+0000] {processor.py:179} INFO - Processing /home/airflow/.local/lib/python3.8/site-packages/airflow/example_dags/example_branch_python_dop_operator_3.py took 0.225 seconds
[2023-06-27T09:30:18.679+0000] {processor.py:157} INFO - Started process (PID=653) to work on /home/airflow/.local/lib/python3.8/site-packages/airflow/example_dags/example_branch_python_dop_operator_3.py
[2023-06-27T09:30:18.691+0000] {processor.py:826} INFO - Processing file /home/airflow/.local/lib/python3.8/site-packages/airflow/example_dags/example_branch_python_dop_operator_3.py for tasks to queue
[2023-06-27T09:30:18.693+0000] {logging_mixin.py:149} INFO - [2023-06-27T09:30:18.693+0000] {dagbag.py:541} INFO - Filling up the DagBag from /home/airflow/.local/lib/python3.8/site-packages/airflow/example_dags/example_branch_python_dop_operator_3.py
[2023-06-27T09:30:18.732+0000] {processor.py:836} INFO - DAG(s) dict_keys(['example_branch_dop_operator_v3']) retrieved from /home/airflow/.local/lib/python3.8/site-packages/airflow/example_dags/example_branch_python_dop_operator_3.py
[2023-06-27T09:30:18.819+0000] {logging_mixin.py:149} INFO - [2023-06-27T09:30:18.819+0000] {dag.py:2726} INFO - Sync 1 DAGs
[2023-06-27T09:30:19.000+0000] {logging_mixin.py:149} INFO - [2023-06-27T09:30:19.000+0000] {dag.py:3486} INFO - Setting next_dagrun for example_branch_dop_operator_v3 to 2023-06-27T09:29:00+00:00, run_after=2023-06-27T09:30:00+00:00
[2023-06-27T09:30:19.143+0000] {processor.py:179} INFO - Processing /home/airflow/.local/lib/python3.8/site-packages/airflow/example_dags/example_branch_python_dop_operator_3.py took 0.492 seconds
[2023-06-27T09:30:49.337+0000] {processor.py:157} INFO - Started process (PID=731) to work on /home/airflow/.local/lib/python3.8/site-packages/airflow/example_dags/example_branch_python_dop_operator_3.py
[2023-06-27T09:30:49.347+0000] {processor.py:826} INFO - Processing file /home/airflow/.local/lib/python3.8/site-packages/airflow/example_dags/example_branch_python_dop_operator_3.py for tasks to queue
[2023-06-27T09:30:49.349+0000] {logging_mixin.py:149} INFO - [2023-06-27T09:30:49.349+0000] {dagbag.py:541} INFO - Filling up the DagBag from /home/airflow/.local/lib/python3.8/site-packages/airflow/example_dags/example_branch_python_dop_operator_3.py
[2023-06-27T09:30:49.387+0000] {processor.py:836} INFO - DAG(s) dict_keys(['example_branch_dop_operator_v3']) retrieved from /home/airflow/.local/lib/python3.8/site-packages/airflow/example_dags/example_branch_python_dop_operator_3.py
[2023-06-27T09:30:49.438+0000] {logging_mixin.py:149} INFO - [2023-06-27T09:30:49.438+0000] {dag.py:2726} INFO - Sync 1 DAGs
[2023-06-27T09:30:49.474+0000] {logging_mixin.py:149} INFO - [2023-06-27T09:30:49.474+0000] {dag.py:3486} INFO - Setting next_dagrun for example_branch_dop_operator_v3 to 2023-06-27T09:29:00+00:00, run_after=2023-06-27T09:30:00+00:00
[2023-06-27T09:30:49.526+0000] {processor.py:179} INFO - Processing /home/airflow/.local/lib/python3.8/site-packages/airflow/example_dags/example_branch_python_dop_operator_3.py took 0.205 seconds
[2023-06-27T09:31:20.042+0000] {processor.py:157} INFO - Started process (PID=798) to work on /home/airflow/.local/lib/python3.8/site-packages/airflow/example_dags/example_branch_python_dop_operator_3.py
[2023-06-27T09:31:20.047+0000] {processor.py:826} INFO - Processing file /home/airflow/.local/lib/python3.8/site-packages/airflow/example_dags/example_branch_python_dop_operator_3.py for tasks to queue
[2023-06-27T09:31:20.049+0000] {logging_mixin.py:149} INFO - [2023-06-27T09:31:20.049+0000] {dagbag.py:541} INFO - Filling up the DagBag from /home/airflow/.local/lib/python3.8/site-packages/airflow/example_dags/example_branch_python_dop_operator_3.py
[2023-06-27T09:31:20.084+0000] {processor.py:836} INFO - DAG(s) dict_keys(['example_branch_dop_operator_v3']) retrieved from /home/airflow/.local/lib/python3.8/site-packages/airflow/example_dags/example_branch_python_dop_operator_3.py
[2023-06-27T09:31:20.140+0000] {logging_mixin.py:149} INFO - [2023-06-27T09:31:20.139+0000] {dag.py:2726} INFO - Sync 1 DAGs
[2023-06-27T09:31:20.207+0000] {logging_mixin.py:149} INFO - [2023-06-27T09:31:20.207+0000] {dag.py:3486} INFO - Setting next_dagrun for example_branch_dop_operator_v3 to 2023-06-27T09:30:00+00:00, run_after=2023-06-27T09:31:00+00:00
[2023-06-27T09:31:20.247+0000] {processor.py:179} INFO - Processing /home/airflow/.local/lib/python3.8/site-packages/airflow/example_dags/example_branch_python_dop_operator_3.py took 0.230 seconds
[2023-06-27T09:31:50.662+0000] {processor.py:157} INFO - Started process (PID=865) to work on /home/airflow/.local/lib/python3.8/site-packages/airflow/example_dags/example_branch_python_dop_operator_3.py
[2023-06-27T09:31:50.663+0000] {processor.py:826} INFO - Processing file /home/airflow/.local/lib/python3.8/site-packages/airflow/example_dags/example_branch_python_dop_operator_3.py for tasks to queue
[2023-06-27T09:31:50.665+0000] {logging_mixin.py:149} INFO - [2023-06-27T09:31:50.665+0000] {dagbag.py:541} INFO - Filling up the DagBag from /home/airflow/.local/lib/python3.8/site-packages/airflow/example_dags/example_branch_python_dop_operator_3.py
[2023-06-27T09:31:50.676+0000] {processor.py:836} INFO - DAG(s) dict_keys(['example_branch_dop_operator_v3']) retrieved from /home/airflow/.local/lib/python3.8/site-packages/airflow/example_dags/example_branch_python_dop_operator_3.py
[2023-06-27T09:31:50.714+0000] {logging_mixin.py:149} INFO - [2023-06-27T09:31:50.713+0000] {dag.py:2726} INFO - Sync 1 DAGs
[2023-06-27T09:31:50.748+0000] {logging_mixin.py:149} INFO - [2023-06-27T09:31:50.748+0000] {dag.py:3486} INFO - Setting next_dagrun for example_branch_dop_operator_v3 to 2023-06-27T09:30:00+00:00, run_after=2023-06-27T09:31:00+00:00
[2023-06-27T09:31:50.772+0000] {processor.py:179} INFO - Processing /home/airflow/.local/lib/python3.8/site-packages/airflow/example_dags/example_branch_python_dop_operator_3.py took 0.115 seconds
[2023-06-27T09:32:21.029+0000] {processor.py:157} INFO - Started process (PID=938) to work on /home/airflow/.local/lib/python3.8/site-packages/airflow/example_dags/example_branch_python_dop_operator_3.py
[2023-06-27T09:32:21.035+0000] {processor.py:826} INFO - Processing file /home/airflow/.local/lib/python3.8/site-packages/airflow/example_dags/example_branch_python_dop_operator_3.py for tasks to queue
[2023-06-27T09:32:21.036+0000] {logging_mixin.py:149} INFO - [2023-06-27T09:32:21.036+0000] {dagbag.py:541} INFO - Filling up the DagBag from /home/airflow/.local/lib/python3.8/site-packages/airflow/example_dags/example_branch_python_dop_operator_3.py
[2023-06-27T09:32:21.060+0000] {processor.py:836} INFO - DAG(s) dict_keys(['example_branch_dop_operator_v3']) retrieved from /home/airflow/.local/lib/python3.8/site-packages/airflow/example_dags/example_branch_python_dop_operator_3.py
[2023-06-27T09:32:21.127+0000] {logging_mixin.py:149} INFO - [2023-06-27T09:32:21.127+0000] {dag.py:2726} INFO - Sync 1 DAGs
[2023-06-27T09:32:21.193+0000] {logging_mixin.py:149} INFO - [2023-06-27T09:32:21.193+0000] {dag.py:3486} INFO - Setting next_dagrun for example_branch_dop_operator_v3 to 2023-06-27T09:31:00+00:00, run_after=2023-06-27T09:32:00+00:00
[2023-06-27T09:32:21.231+0000] {processor.py:179} INFO - Processing /home/airflow/.local/lib/python3.8/site-packages/airflow/example_dags/example_branch_python_dop_operator_3.py took 0.211 seconds
[2023-06-27T09:32:51.905+0000] {processor.py:157} INFO - Started process (PID=1007) to work on /home/airflow/.local/lib/python3.8/site-packages/airflow/example_dags/example_branch_python_dop_operator_3.py
[2023-06-27T09:32:51.909+0000] {processor.py:826} INFO - Processing file /home/airflow/.local/lib/python3.8/site-packages/airflow/example_dags/example_branch_python_dop_operator_3.py for tasks to queue
[2023-06-27T09:32:51.927+0000] {logging_mixin.py:149} INFO - [2023-06-27T09:32:51.927+0000] {dagbag.py:541} INFO - Filling up the DagBag from /home/airflow/.local/lib/python3.8/site-packages/airflow/example_dags/example_branch_python_dop_operator_3.py
[2023-06-27T09:32:52.003+0000] {processor.py:836} INFO - DAG(s) dict_keys(['example_branch_dop_operator_v3']) retrieved from /home/airflow/.local/lib/python3.8/site-packages/airflow/example_dags/example_branch_python_dop_operator_3.py
[2023-06-27T09:32:52.123+0000] {logging_mixin.py:149} INFO - [2023-06-27T09:32:52.116+0000] {dag.py:2726} INFO - Sync 1 DAGs
[2023-06-27T09:32:52.254+0000] {logging_mixin.py:149} INFO - [2023-06-27T09:32:52.253+0000] {dag.py:3486} INFO - Setting next_dagrun for example_branch_dop_operator_v3 to 2023-06-27T09:31:00+00:00, run_after=2023-06-27T09:32:00+00:00
[2023-06-27T09:32:52.299+0000] {processor.py:179} INFO - Processing /home/airflow/.local/lib/python3.8/site-packages/airflow/example_dags/example_branch_python_dop_operator_3.py took 0.413 seconds
[2023-06-27T09:33:22.636+0000] {processor.py:157} INFO - Started process (PID=1075) to work on /home/airflow/.local/lib/python3.8/site-packages/airflow/example_dags/example_branch_python_dop_operator_3.py
[2023-06-27T09:33:22.646+0000] {processor.py:826} INFO - Processing file /home/airflow/.local/lib/python3.8/site-packages/airflow/example_dags/example_branch_python_dop_operator_3.py for tasks to queue
[2023-06-27T09:33:22.648+0000] {logging_mixin.py:149} INFO - [2023-06-27T09:33:22.647+0000] {dagbag.py:541} INFO - Filling up the DagBag from /home/airflow/.local/lib/python3.8/site-packages/airflow/example_dags/example_branch_python_dop_operator_3.py
[2023-06-27T09:33:22.702+0000] {processor.py:836} INFO - DAG(s) dict_keys(['example_branch_dop_operator_v3']) retrieved from /home/airflow/.local/lib/python3.8/site-packages/airflow/example_dags/example_branch_python_dop_operator_3.py
[2023-06-27T09:33:22.778+0000] {logging_mixin.py:149} INFO - [2023-06-27T09:33:22.778+0000] {dag.py:2726} INFO - Sync 1 DAGs
[2023-06-27T09:33:22.829+0000] {logging_mixin.py:149} INFO - [2023-06-27T09:33:22.829+0000] {dag.py:3486} INFO - Setting next_dagrun for example_branch_dop_operator_v3 to 2023-06-27T09:32:00+00:00, run_after=2023-06-27T09:33:00+00:00
[2023-06-27T09:33:22.879+0000] {processor.py:179} INFO - Processing /home/airflow/.local/lib/python3.8/site-packages/airflow/example_dags/example_branch_python_dop_operator_3.py took 0.260 seconds
[2023-06-27T09:33:53.192+0000] {processor.py:157} INFO - Started process (PID=1141) to work on /home/airflow/.local/lib/python3.8/site-packages/airflow/example_dags/example_branch_python_dop_operator_3.py
[2023-06-27T09:33:53.193+0000] {processor.py:826} INFO - Processing file /home/airflow/.local/lib/python3.8/site-packages/airflow/example_dags/example_branch_python_dop_operator_3.py for tasks to queue
[2023-06-27T09:33:53.204+0000] {logging_mixin.py:149} INFO - [2023-06-27T09:33:53.203+0000] {dagbag.py:541} INFO - Filling up the DagBag from /home/airflow/.local/lib/python3.8/site-packages/airflow/example_dags/example_branch_python_dop_operator_3.py
[2023-06-27T09:33:53.233+0000] {processor.py:836} INFO - DAG(s) dict_keys(['example_branch_dop_operator_v3']) retrieved from /home/airflow/.local/lib/python3.8/site-packages/airflow/example_dags/example_branch_python_dop_operator_3.py
[2023-06-27T09:33:53.331+0000] {logging_mixin.py:149} INFO - [2023-06-27T09:33:53.331+0000] {dag.py:2726} INFO - Sync 1 DAGs
[2023-06-27T09:33:53.445+0000] {logging_mixin.py:149} INFO - [2023-06-27T09:33:53.445+0000] {dag.py:3486} INFO - Setting next_dagrun for example_branch_dop_operator_v3 to 2023-06-27T09:32:00+00:00, run_after=2023-06-27T09:33:00+00:00
[2023-06-27T09:33:53.539+0000] {processor.py:179} INFO - Processing /home/airflow/.local/lib/python3.8/site-packages/airflow/example_dags/example_branch_python_dop_operator_3.py took 0.360 seconds
[2023-06-27T09:34:24.293+0000] {processor.py:157} INFO - Started process (PID=1201) to work on /home/airflow/.local/lib/python3.8/site-packages/airflow/example_dags/example_branch_python_dop_operator_3.py
[2023-06-27T09:34:24.305+0000] {processor.py:826} INFO - Processing file /home/airflow/.local/lib/python3.8/site-packages/airflow/example_dags/example_branch_python_dop_operator_3.py for tasks to queue
[2023-06-27T09:34:24.323+0000] {logging_mixin.py:149} INFO - [2023-06-27T09:34:24.323+0000] {dagbag.py:541} INFO - Filling up the DagBag from /home/airflow/.local/lib/python3.8/site-packages/airflow/example_dags/example_branch_python_dop_operator_3.py
[2023-06-27T09:34:24.338+0000] {processor.py:836} INFO - DAG(s) dict_keys(['example_branch_dop_operator_v3']) retrieved from /home/airflow/.local/lib/python3.8/site-packages/airflow/example_dags/example_branch_python_dop_operator_3.py
[2023-06-27T09:34:24.390+0000] {logging_mixin.py:149} INFO - [2023-06-27T09:34:24.385+0000] {dag.py:2726} INFO - Sync 1 DAGs
[2023-06-27T09:34:24.433+0000] {logging_mixin.py:149} INFO - [2023-06-27T09:34:24.433+0000] {dag.py:3486} INFO - Setting next_dagrun for example_branch_dop_operator_v3 to 2023-06-27T09:33:00+00:00, run_after=2023-06-27T09:34:00+00:00
[2023-06-27T09:34:24.469+0000] {processor.py:179} INFO - Processing /home/airflow/.local/lib/python3.8/site-packages/airflow/example_dags/example_branch_python_dop_operator_3.py took 0.195 seconds
