[2023-06-27T00:00:24.534+0000] {processor.py:157} INFO - Started process (PID=420) to work on /home/airflow/.local/lib/python3.8/site-packages/airflow/example_dags/example_task_group_decorator.py
[2023-06-27T00:00:24.535+0000] {processor.py:826} INFO - Processing file /home/airflow/.local/lib/python3.8/site-packages/airflow/example_dags/example_task_group_decorator.py for tasks to queue
[2023-06-27T00:00:24.536+0000] {logging_mixin.py:149} INFO - [2023-06-27T00:00:24.536+0000] {dagbag.py:541} INFO - Filling up the DagBag from /home/airflow/.local/lib/python3.8/site-packages/airflow/example_dags/example_task_group_decorator.py
[2023-06-27T00:00:25.379+0000] {processor.py:836} INFO - DAG(s) dict_keys(['example_task_group_decorator']) retrieved from /home/airflow/.local/lib/python3.8/site-packages/airflow/example_dags/example_task_group_decorator.py
[2023-06-27T00:00:26.178+0000] {logging_mixin.py:149} INFO - [2023-06-27T00:00:26.178+0000] {dag.py:2726} INFO - Sync 1 DAGs
[2023-06-27T00:00:27.150+0000] {logging_mixin.py:149} INFO - [2023-06-27T00:00:27.150+0000] {dag.py:3486} INFO - Setting next_dagrun for example_task_group_decorator to 2023-06-26T00:00:27.150060+00:00, run_after=2023-06-27T00:00:27.150060+00:00
[2023-06-27T00:00:27.781+0000] {processor.py:179} INFO - Processing /home/airflow/.local/lib/python3.8/site-packages/airflow/example_dags/example_task_group_decorator.py took 3.380 seconds
[2023-06-27T00:01:26.596+0000] {processor.py:157} INFO - Started process (PID=492) to work on /home/airflow/.local/lib/python3.8/site-packages/airflow/example_dags/example_task_group_decorator.py
[2023-06-27T00:01:26.735+0000] {processor.py:826} INFO - Processing file /home/airflow/.local/lib/python3.8/site-packages/airflow/example_dags/example_task_group_decorator.py for tasks to queue
[2023-06-27T00:01:26.736+0000] {logging_mixin.py:149} INFO - [2023-06-27T00:01:26.735+0000] {dagbag.py:541} INFO - Filling up the DagBag from /home/airflow/.local/lib/python3.8/site-packages/airflow/example_dags/example_task_group_decorator.py
[2023-06-27T00:01:27.700+0000] {processor.py:836} INFO - DAG(s) dict_keys(['example_task_group_decorator']) retrieved from /home/airflow/.local/lib/python3.8/site-packages/airflow/example_dags/example_task_group_decorator.py
[2023-06-27T00:01:30.526+0000] {logging_mixin.py:149} INFO - [2023-06-27T00:01:30.526+0000] {dag.py:2726} INFO - Sync 1 DAGs
[2023-06-27T00:01:33.104+0000] {logging_mixin.py:149} INFO - [2023-06-27T00:01:33.104+0000] {dag.py:3486} INFO - Setting next_dagrun for example_task_group_decorator to 2023-06-26T00:01:33.104340+00:00, run_after=2023-06-27T00:01:33.104340+00:00
[2023-06-27T00:01:34.629+0000] {processor.py:179} INFO - Processing /home/airflow/.local/lib/python3.8/site-packages/airflow/example_dags/example_task_group_decorator.py took 8.290 seconds
[2023-06-27T00:05:25.480+0000] {processor.py:157} INFO - Started process (PID=625) to work on /home/airflow/.local/lib/python3.8/site-packages/airflow/example_dags/example_task_group_decorator.py
[2023-06-27T00:05:25.578+0000] {processor.py:826} INFO - Processing file /home/airflow/.local/lib/python3.8/site-packages/airflow/example_dags/example_task_group_decorator.py for tasks to queue
[2023-06-27T00:05:25.579+0000] {logging_mixin.py:149} INFO - [2023-06-27T00:05:25.579+0000] {dagbag.py:541} INFO - Filling up the DagBag from /home/airflow/.local/lib/python3.8/site-packages/airflow/example_dags/example_task_group_decorator.py
[2023-06-27T00:05:26.166+0000] {processor.py:836} INFO - DAG(s) dict_keys(['example_task_group_decorator']) retrieved from /home/airflow/.local/lib/python3.8/site-packages/airflow/example_dags/example_task_group_decorator.py
[2023-06-27T00:05:27.368+0000] {logging_mixin.py:149} INFO - [2023-06-27T00:05:27.367+0000] {dag.py:2726} INFO - Sync 1 DAGs
[2023-06-27T00:05:28.494+0000] {logging_mixin.py:149} INFO - [2023-06-27T00:05:28.494+0000] {dag.py:3486} INFO - Setting next_dagrun for example_task_group_decorator to 2023-06-26T00:05:28.494272+00:00, run_after=2023-06-27T00:05:28.494272+00:00
[2023-06-27T00:05:29.333+0000] {processor.py:179} INFO - Processing /home/airflow/.local/lib/python3.8/site-packages/airflow/example_dags/example_task_group_decorator.py took 3.973 seconds
[2023-06-27T01:01:27.380+0000] {processor.py:157} INFO - Started process (PID=53) to work on /home/airflow/.local/lib/python3.8/site-packages/airflow/example_dags/example_task_group_decorator.py
[2023-06-27T01:01:27.439+0000] {processor.py:826} INFO - Processing file /home/airflow/.local/lib/python3.8/site-packages/airflow/example_dags/example_task_group_decorator.py for tasks to queue
[2023-06-27T01:01:27.440+0000] {logging_mixin.py:149} INFO - [2023-06-27T01:01:27.439+0000] {dagbag.py:541} INFO - Filling up the DagBag from /home/airflow/.local/lib/python3.8/site-packages/airflow/example_dags/example_task_group_decorator.py
[2023-06-27T01:01:28.004+0000] {processor.py:836} INFO - DAG(s) dict_keys(['example_task_group_decorator']) retrieved from /home/airflow/.local/lib/python3.8/site-packages/airflow/example_dags/example_task_group_decorator.py
[2023-06-27T01:01:29.453+0000] {logging_mixin.py:149} INFO - [2023-06-27T01:01:29.452+0000] {dag.py:2726} INFO - Sync 1 DAGs
[2023-06-27T01:01:30.485+0000] {logging_mixin.py:149} INFO - [2023-06-27T01:01:30.484+0000] {dag.py:3486} INFO - Setting next_dagrun for example_task_group_decorator to 2023-06-26T01:01:30.484443+00:00, run_after=2023-06-27T01:01:30.484443+00:00
[2023-06-27T01:01:31.060+0000] {processor.py:179} INFO - Processing /home/airflow/.local/lib/python3.8/site-packages/airflow/example_dags/example_task_group_decorator.py took 3.797 seconds
[2023-06-27T01:08:27.092+0000] {processor.py:157} INFO - Started process (PID=268) to work on /home/airflow/.local/lib/python3.8/site-packages/airflow/example_dags/example_task_group_decorator.py
[2023-06-27T01:08:27.969+0000] {processor.py:826} INFO - Processing file /home/airflow/.local/lib/python3.8/site-packages/airflow/example_dags/example_task_group_decorator.py for tasks to queue
[2023-06-27T01:08:28.648+0000] {logging_mixin.py:149} INFO - [2023-06-27T01:08:27.971+0000] {dagbag.py:541} INFO - Filling up the DagBag from /home/airflow/.local/lib/python3.8/site-packages/airflow/example_dags/example_task_group_decorator.py
[2023-06-27T01:08:36.556+0000] {processor.py:836} INFO - DAG(s) dict_keys(['example_task_group_decorator']) retrieved from /home/airflow/.local/lib/python3.8/site-packages/airflow/example_dags/example_task_group_decorator.py
[2023-06-27T01:09:11.185+0000] {logging_mixin.py:149} INFO - [2023-06-27T01:09:11.185+0000] {dag.py:2726} INFO - Sync 1 DAGs
[2023-06-27T01:37:37.763+0000] {processor.py:157} INFO - Started process (PID=62) to work on /home/airflow/.local/lib/python3.8/site-packages/airflow/example_dags/example_task_group_decorator.py
[2023-06-27T01:37:37.769+0000] {processor.py:826} INFO - Processing file /home/airflow/.local/lib/python3.8/site-packages/airflow/example_dags/example_task_group_decorator.py for tasks to queue
[2023-06-27T01:37:37.770+0000] {logging_mixin.py:149} INFO - [2023-06-27T01:37:37.770+0000] {dagbag.py:541} INFO - Filling up the DagBag from /home/airflow/.local/lib/python3.8/site-packages/airflow/example_dags/example_task_group_decorator.py
[2023-06-27T01:37:37.801+0000] {processor.py:836} INFO - DAG(s) dict_keys(['example_task_group_decorator']) retrieved from /home/airflow/.local/lib/python3.8/site-packages/airflow/example_dags/example_task_group_decorator.py
[2023-06-27T01:37:38.133+0000] {logging_mixin.py:149} INFO - [2023-06-27T01:37:38.132+0000] {dag.py:2726} INFO - Sync 1 DAGs
[2023-06-27T01:37:38.190+0000] {logging_mixin.py:149} INFO - [2023-06-27T01:37:38.190+0000] {dag.py:3486} INFO - Setting next_dagrun for example_task_group_decorator to 2023-06-26T01:37:38.190087+00:00, run_after=2023-06-27T01:37:38.190087+00:00
[2023-06-27T01:37:38.237+0000] {processor.py:179} INFO - Processing /home/airflow/.local/lib/python3.8/site-packages/airflow/example_dags/example_task_group_decorator.py took 0.479 seconds
[2023-06-27T01:39:13.442+0000] {processor.py:157} INFO - Started process (PID=153) to work on /home/airflow/.local/lib/python3.8/site-packages/airflow/example_dags/example_task_group_decorator.py
[2023-06-27T01:39:13.740+0000] {processor.py:826} INFO - Processing file /home/airflow/.local/lib/python3.8/site-packages/airflow/example_dags/example_task_group_decorator.py for tasks to queue
[2023-06-27T01:39:13.742+0000] {logging_mixin.py:149} INFO - [2023-06-27T01:39:13.742+0000] {dagbag.py:541} INFO - Filling up the DagBag from /home/airflow/.local/lib/python3.8/site-packages/airflow/example_dags/example_task_group_decorator.py
[2023-06-27T01:39:15.369+0000] {processor.py:836} INFO - DAG(s) dict_keys(['example_task_group_decorator']) retrieved from /home/airflow/.local/lib/python3.8/site-packages/airflow/example_dags/example_task_group_decorator.py
[2023-06-27T01:39:19.357+0000] {logging_mixin.py:149} INFO - [2023-06-27T01:39:19.296+0000] {dag.py:2726} INFO - Sync 1 DAGs
[2023-06-27T01:39:21.384+0000] {logging_mixin.py:149} INFO - [2023-06-27T01:39:21.383+0000] {dag.py:3486} INFO - Setting next_dagrun for example_task_group_decorator to 2023-06-26T01:39:21.383565+00:00, run_after=2023-06-27T01:39:21.383565+00:00
[2023-06-27T01:39:24.034+0000] {processor.py:179} INFO - Processing /home/airflow/.local/lib/python3.8/site-packages/airflow/example_dags/example_task_group_decorator.py took 11.341 seconds
[2023-06-27T01:40:33.361+0000] {processor.py:157} INFO - Started process (PID=214) to work on /home/airflow/.local/lib/python3.8/site-packages/airflow/example_dags/example_task_group_decorator.py
[2023-06-27T01:40:33.393+0000] {processor.py:826} INFO - Processing file /home/airflow/.local/lib/python3.8/site-packages/airflow/example_dags/example_task_group_decorator.py for tasks to queue
[2023-06-27T01:40:33.396+0000] {logging_mixin.py:149} INFO - [2023-06-27T01:40:33.395+0000] {dagbag.py:541} INFO - Filling up the DagBag from /home/airflow/.local/lib/python3.8/site-packages/airflow/example_dags/example_task_group_decorator.py
[2023-06-27T01:40:33.926+0000] {processor.py:836} INFO - DAG(s) dict_keys(['example_task_group_decorator']) retrieved from /home/airflow/.local/lib/python3.8/site-packages/airflow/example_dags/example_task_group_decorator.py
[2023-06-27T01:40:34.714+0000] {logging_mixin.py:149} INFO - [2023-06-27T01:40:34.714+0000] {dag.py:2726} INFO - Sync 1 DAGs
[2023-06-27T01:40:35.488+0000] {logging_mixin.py:149} INFO - [2023-06-27T01:40:35.487+0000] {dag.py:3486} INFO - Setting next_dagrun for example_task_group_decorator to 2023-06-26T01:40:35.487439+00:00, run_after=2023-06-27T01:40:35.487439+00:00
[2023-06-27T01:40:36.065+0000] {processor.py:179} INFO - Processing /home/airflow/.local/lib/python3.8/site-packages/airflow/example_dags/example_task_group_decorator.py took 2.825 seconds
[2023-06-27T01:45:36.354+0000] {processor.py:157} INFO - Started process (PID=381) to work on /home/airflow/.local/lib/python3.8/site-packages/airflow/example_dags/example_task_group_decorator.py
[2023-06-27T01:45:36.403+0000] {processor.py:826} INFO - Processing file /home/airflow/.local/lib/python3.8/site-packages/airflow/example_dags/example_task_group_decorator.py for tasks to queue
[2023-06-27T01:45:36.428+0000] {logging_mixin.py:149} INFO - [2023-06-27T01:45:36.427+0000] {dagbag.py:541} INFO - Filling up the DagBag from /home/airflow/.local/lib/python3.8/site-packages/airflow/example_dags/example_task_group_decorator.py
[2023-06-27T01:45:36.549+0000] {processor.py:836} INFO - DAG(s) dict_keys(['example_task_group_decorator']) retrieved from /home/airflow/.local/lib/python3.8/site-packages/airflow/example_dags/example_task_group_decorator.py
[2023-06-27T01:45:38.203+0000] {logging_mixin.py:149} INFO - [2023-06-27T01:45:38.202+0000] {dag.py:2726} INFO - Sync 1 DAGs
[2023-06-27T01:45:46.845+0000] {logging_mixin.py:149} INFO - [2023-06-27T01:45:46.844+0000] {dag.py:3486} INFO - Setting next_dagrun for example_task_group_decorator to 2023-06-26T01:45:46.843291+00:00, run_after=2023-06-27T01:45:46.843291+00:00
[2023-06-27T01:45:47.288+0000] {processor.py:179} INFO - Processing /home/airflow/.local/lib/python3.8/site-packages/airflow/example_dags/example_task_group_decorator.py took 11.010 seconds
[2023-06-27T02:17:03.068+0000] {processor.py:157} INFO - Started process (PID=67) to work on /home/airflow/.local/lib/python3.8/site-packages/airflow/example_dags/example_task_group_decorator.py
[2023-06-27T02:17:03.465+0000] {processor.py:826} INFO - Processing file /home/airflow/.local/lib/python3.8/site-packages/airflow/example_dags/example_task_group_decorator.py for tasks to queue
[2023-06-27T02:17:03.623+0000] {logging_mixin.py:149} INFO - [2023-06-27T02:17:03.623+0000] {dagbag.py:541} INFO - Filling up the DagBag from /home/airflow/.local/lib/python3.8/site-packages/airflow/example_dags/example_task_group_decorator.py
[2023-06-27T02:17:05.823+0000] {processor.py:836} INFO - DAG(s) dict_keys(['example_task_group_decorator']) retrieved from /home/airflow/.local/lib/python3.8/site-packages/airflow/example_dags/example_task_group_decorator.py
[2023-06-27T02:17:08.751+0000] {logging_mixin.py:149} INFO - [2023-06-27T02:17:08.751+0000] {dag.py:2726} INFO - Sync 1 DAGs
[2023-06-27T02:17:10.399+0000] {logging_mixin.py:149} INFO - [2023-06-27T02:17:10.399+0000] {dag.py:3486} INFO - Setting next_dagrun for example_task_group_decorator to 2023-06-26T02:17:10.398725+00:00, run_after=2023-06-27T02:17:10.398725+00:00
[2023-06-27T02:17:11.999+0000] {processor.py:179} INFO - Processing /home/airflow/.local/lib/python3.8/site-packages/airflow/example_dags/example_task_group_decorator.py took 9.233 seconds
[2023-06-27T02:25:11.692+0000] {processor.py:157} INFO - Started process (PID=311) to work on /home/airflow/.local/lib/python3.8/site-packages/airflow/example_dags/example_task_group_decorator.py
[2023-06-27T02:25:11.978+0000] {processor.py:826} INFO - Processing file /home/airflow/.local/lib/python3.8/site-packages/airflow/example_dags/example_task_group_decorator.py for tasks to queue
[2023-06-27T02:25:11.979+0000] {logging_mixin.py:149} INFO - [2023-06-27T02:25:11.979+0000] {dagbag.py:541} INFO - Filling up the DagBag from /home/airflow/.local/lib/python3.8/site-packages/airflow/example_dags/example_task_group_decorator.py
[2023-06-27T02:25:13.219+0000] {processor.py:836} INFO - DAG(s) dict_keys(['example_task_group_decorator']) retrieved from /home/airflow/.local/lib/python3.8/site-packages/airflow/example_dags/example_task_group_decorator.py
[2023-06-27T02:25:49.065+0000] {logging_mixin.py:149} INFO - [2023-06-27T02:25:49.060+0000] {dag.py:2726} INFO - Sync 1 DAGs
[2023-06-27T02:25:52.989+0000] {logging_mixin.py:149} INFO - [2023-06-27T02:25:52.987+0000] {dag.py:3486} INFO - Setting next_dagrun for example_task_group_decorator to 2023-06-26T02:25:52.955975+00:00, run_after=2023-06-27T02:25:52.955975+00:00
[2023-06-27T02:25:55.052+0000] {processor.py:179} INFO - Processing /home/airflow/.local/lib/python3.8/site-packages/airflow/example_dags/example_task_group_decorator.py took 43.509 seconds
[2023-06-27T06:15:40.020+0000] {processor.py:157} INFO - Started process (PID=309) to work on /home/airflow/.local/lib/python3.8/site-packages/airflow/example_dags/example_task_group_decorator.py
[2023-06-27T06:15:40.093+0000] {processor.py:826} INFO - Processing file /home/airflow/.local/lib/python3.8/site-packages/airflow/example_dags/example_task_group_decorator.py for tasks to queue
[2023-06-27T06:15:40.094+0000] {logging_mixin.py:149} INFO - [2023-06-27T06:15:40.094+0000] {dagbag.py:541} INFO - Filling up the DagBag from /home/airflow/.local/lib/python3.8/site-packages/airflow/example_dags/example_task_group_decorator.py
[2023-06-27T06:15:40.408+0000] {processor.py:836} INFO - DAG(s) dict_keys(['example_task_group_decorator']) retrieved from /home/airflow/.local/lib/python3.8/site-packages/airflow/example_dags/example_task_group_decorator.py
[2023-06-27T06:15:41.454+0000] {logging_mixin.py:149} INFO - [2023-06-27T06:15:41.454+0000] {dag.py:2726} INFO - Sync 1 DAGs
[2023-06-27T06:15:42.293+0000] {logging_mixin.py:149} INFO - [2023-06-27T06:15:42.292+0000] {dag.py:3486} INFO - Setting next_dagrun for example_task_group_decorator to 2023-06-26T06:15:42.292349+00:00, run_after=2023-06-27T06:15:42.292349+00:00
[2023-06-27T06:15:43.144+0000] {processor.py:179} INFO - Processing /home/airflow/.local/lib/python3.8/site-packages/airflow/example_dags/example_task_group_decorator.py took 3.192 seconds
[2023-06-27T08:56:17.106+0000] {processor.py:157} INFO - Started process (PID=508) to work on /home/airflow/.local/lib/python3.8/site-packages/airflow/example_dags/example_task_group_decorator.py
[2023-06-27T08:56:17.217+0000] {processor.py:826} INFO - Processing file /home/airflow/.local/lib/python3.8/site-packages/airflow/example_dags/example_task_group_decorator.py for tasks to queue
[2023-06-27T08:56:17.222+0000] {logging_mixin.py:149} INFO - [2023-06-27T08:56:17.222+0000] {dagbag.py:541} INFO - Filling up the DagBag from /home/airflow/.local/lib/python3.8/site-packages/airflow/example_dags/example_task_group_decorator.py
[2023-06-27T08:56:17.289+0000] {processor.py:836} INFO - DAG(s) dict_keys(['example_task_group_decorator']) retrieved from /home/airflow/.local/lib/python3.8/site-packages/airflow/example_dags/example_task_group_decorator.py
[2023-06-27T08:56:17.378+0000] {logging_mixin.py:149} INFO - [2023-06-27T08:56:17.377+0000] {dag.py:2726} INFO - Sync 1 DAGs
[2023-06-27T08:56:17.418+0000] {logging_mixin.py:149} INFO - [2023-06-27T08:56:17.418+0000] {dag.py:3486} INFO - Setting next_dagrun for example_task_group_decorator to 2023-06-26T08:56:17.417982+00:00, run_after=2023-06-27T08:56:17.417982+00:00
[2023-06-27T08:56:17.498+0000] {processor.py:179} INFO - Processing /home/airflow/.local/lib/python3.8/site-packages/airflow/example_dags/example_task_group_decorator.py took 0.414 seconds
[2023-06-27T08:56:45.703+0000] {processor.py:157} INFO - Started process (PID=560) to work on /home/airflow/.local/lib/python3.8/site-packages/airflow/example_dags/example_task_group_decorator.py
[2023-06-27T08:56:45.705+0000] {processor.py:826} INFO - Processing file /home/airflow/.local/lib/python3.8/site-packages/airflow/example_dags/example_task_group_decorator.py for tasks to queue
[2023-06-27T08:56:45.705+0000] {logging_mixin.py:149} INFO - [2023-06-27T08:56:45.705+0000] {dagbag.py:541} INFO - Filling up the DagBag from /home/airflow/.local/lib/python3.8/site-packages/airflow/example_dags/example_task_group_decorator.py
[2023-06-27T08:56:45.752+0000] {processor.py:836} INFO - DAG(s) dict_keys(['example_task_group_decorator']) retrieved from /home/airflow/.local/lib/python3.8/site-packages/airflow/example_dags/example_task_group_decorator.py
[2023-06-27T08:56:45.823+0000] {logging_mixin.py:149} INFO - [2023-06-27T08:56:45.823+0000] {dag.py:2726} INFO - Sync 1 DAGs
[2023-06-27T08:56:45.862+0000] {logging_mixin.py:149} INFO - [2023-06-27T08:56:45.862+0000] {dag.py:3486} INFO - Setting next_dagrun for example_task_group_decorator to 2023-06-26T08:56:45.862016+00:00, run_after=2023-06-27T08:56:45.862016+00:00
[2023-06-27T08:56:45.944+0000] {processor.py:179} INFO - Processing /home/airflow/.local/lib/python3.8/site-packages/airflow/example_dags/example_task_group_decorator.py took 0.246 seconds
[2023-06-27T09:00:06.704+0000] {processor.py:157} INFO - Started process (PID=705) to work on /home/airflow/.local/lib/python3.8/site-packages/airflow/example_dags/example_task_group_decorator.py
[2023-06-27T09:00:06.802+0000] {processor.py:826} INFO - Processing file /home/airflow/.local/lib/python3.8/site-packages/airflow/example_dags/example_task_group_decorator.py for tasks to queue
[2023-06-27T09:00:06.804+0000] {logging_mixin.py:149} INFO - [2023-06-27T09:00:06.804+0000] {dagbag.py:541} INFO - Filling up the DagBag from /home/airflow/.local/lib/python3.8/site-packages/airflow/example_dags/example_task_group_decorator.py
[2023-06-27T09:00:07.280+0000] {processor.py:836} INFO - DAG(s) dict_keys(['example_task_group_decorator']) retrieved from /home/airflow/.local/lib/python3.8/site-packages/airflow/example_dags/example_task_group_decorator.py
[2023-06-27T09:00:08.158+0000] {logging_mixin.py:149} INFO - [2023-06-27T09:00:08.158+0000] {dag.py:2726} INFO - Sync 1 DAGs
[2023-06-27T09:00:08.779+0000] {logging_mixin.py:149} INFO - [2023-06-27T09:00:08.778+0000] {dag.py:3486} INFO - Setting next_dagrun for example_task_group_decorator to 2023-06-26T09:00:08.778437+00:00, run_after=2023-06-27T09:00:08.778437+00:00
[2023-06-27T09:00:09.485+0000] {processor.py:179} INFO - Processing /home/airflow/.local/lib/python3.8/site-packages/airflow/example_dags/example_task_group_decorator.py took 2.863 seconds
[2023-06-27T09:20:43.079+0000] {processor.py:157} INFO - Started process (PID=61) to work on /home/airflow/.local/lib/python3.8/site-packages/airflow/example_dags/example_task_group_decorator.py
[2023-06-27T09:20:43.100+0000] {processor.py:826} INFO - Processing file /home/airflow/.local/lib/python3.8/site-packages/airflow/example_dags/example_task_group_decorator.py for tasks to queue
[2023-06-27T09:20:43.101+0000] {logging_mixin.py:149} INFO - [2023-06-27T09:20:43.101+0000] {dagbag.py:541} INFO - Filling up the DagBag from /home/airflow/.local/lib/python3.8/site-packages/airflow/example_dags/example_task_group_decorator.py
[2023-06-27T09:20:43.157+0000] {processor.py:836} INFO - DAG(s) dict_keys(['example_task_group_decorator']) retrieved from /home/airflow/.local/lib/python3.8/site-packages/airflow/example_dags/example_task_group_decorator.py
[2023-06-27T09:20:43.359+0000] {logging_mixin.py:149} INFO - [2023-06-27T09:20:43.359+0000] {dag.py:2726} INFO - Sync 1 DAGs
[2023-06-27T09:20:43.534+0000] {logging_mixin.py:149} INFO - [2023-06-27T09:20:43.531+0000] {dag.py:3486} INFO - Setting next_dagrun for example_task_group_decorator to 2023-06-26T09:20:43.531469+00:00, run_after=2023-06-27T09:20:43.531469+00:00
[2023-06-27T09:20:43.610+0000] {processor.py:179} INFO - Processing /home/airflow/.local/lib/python3.8/site-packages/airflow/example_dags/example_task_group_decorator.py took 0.593 seconds
[2023-06-27T09:21:13.993+0000] {processor.py:157} INFO - Started process (PID=128) to work on /home/airflow/.local/lib/python3.8/site-packages/airflow/example_dags/example_task_group_decorator.py
[2023-06-27T09:21:13.999+0000] {processor.py:826} INFO - Processing file /home/airflow/.local/lib/python3.8/site-packages/airflow/example_dags/example_task_group_decorator.py for tasks to queue
[2023-06-27T09:21:14.001+0000] {logging_mixin.py:149} INFO - [2023-06-27T09:21:14.000+0000] {dagbag.py:541} INFO - Filling up the DagBag from /home/airflow/.local/lib/python3.8/site-packages/airflow/example_dags/example_task_group_decorator.py
[2023-06-27T09:21:14.063+0000] {processor.py:836} INFO - DAG(s) dict_keys(['example_task_group_decorator']) retrieved from /home/airflow/.local/lib/python3.8/site-packages/airflow/example_dags/example_task_group_decorator.py
[2023-06-27T09:21:14.191+0000] {logging_mixin.py:149} INFO - [2023-06-27T09:21:14.191+0000] {dag.py:2726} INFO - Sync 1 DAGs
[2023-06-27T09:21:14.283+0000] {logging_mixin.py:149} INFO - [2023-06-27T09:21:14.283+0000] {dag.py:3486} INFO - Setting next_dagrun for example_task_group_decorator to 2023-06-26T09:21:14.283403+00:00, run_after=2023-06-27T09:21:14.283403+00:00
[2023-06-27T09:21:14.372+0000] {processor.py:179} INFO - Processing /home/airflow/.local/lib/python3.8/site-packages/airflow/example_dags/example_task_group_decorator.py took 0.403 seconds
[2023-06-27T09:21:44.594+0000] {processor.py:157} INFO - Started process (PID=187) to work on /home/airflow/.local/lib/python3.8/site-packages/airflow/example_dags/example_task_group_decorator.py
[2023-06-27T09:21:44.599+0000] {processor.py:826} INFO - Processing file /home/airflow/.local/lib/python3.8/site-packages/airflow/example_dags/example_task_group_decorator.py for tasks to queue
[2023-06-27T09:21:44.601+0000] {logging_mixin.py:149} INFO - [2023-06-27T09:21:44.601+0000] {dagbag.py:541} INFO - Filling up the DagBag from /home/airflow/.local/lib/python3.8/site-packages/airflow/example_dags/example_task_group_decorator.py
[2023-06-27T09:21:44.634+0000] {processor.py:836} INFO - DAG(s) dict_keys(['example_task_group_decorator']) retrieved from /home/airflow/.local/lib/python3.8/site-packages/airflow/example_dags/example_task_group_decorator.py
[2023-06-27T09:21:44.735+0000] {logging_mixin.py:149} INFO - [2023-06-27T09:21:44.735+0000] {dag.py:2726} INFO - Sync 1 DAGs
[2023-06-27T09:21:44.793+0000] {logging_mixin.py:149} INFO - [2023-06-27T09:21:44.793+0000] {dag.py:3486} INFO - Setting next_dagrun for example_task_group_decorator to 2023-06-26T09:21:44.793384+00:00, run_after=2023-06-27T09:21:44.793384+00:00
[2023-06-27T09:21:44.855+0000] {processor.py:179} INFO - Processing /home/airflow/.local/lib/python3.8/site-packages/airflow/example_dags/example_task_group_decorator.py took 0.272 seconds
[2023-06-27T09:22:15.501+0000] {processor.py:157} INFO - Started process (PID=262) to work on /home/airflow/.local/lib/python3.8/site-packages/airflow/example_dags/example_task_group_decorator.py
[2023-06-27T09:22:15.515+0000] {processor.py:826} INFO - Processing file /home/airflow/.local/lib/python3.8/site-packages/airflow/example_dags/example_task_group_decorator.py for tasks to queue
[2023-06-27T09:22:15.517+0000] {logging_mixin.py:149} INFO - [2023-06-27T09:22:15.517+0000] {dagbag.py:541} INFO - Filling up the DagBag from /home/airflow/.local/lib/python3.8/site-packages/airflow/example_dags/example_task_group_decorator.py
[2023-06-27T09:22:15.568+0000] {processor.py:836} INFO - DAG(s) dict_keys(['example_task_group_decorator']) retrieved from /home/airflow/.local/lib/python3.8/site-packages/airflow/example_dags/example_task_group_decorator.py
[2023-06-27T09:22:15.676+0000] {logging_mixin.py:149} INFO - [2023-06-27T09:22:15.675+0000] {dag.py:2726} INFO - Sync 1 DAGs
[2023-06-27T09:22:15.780+0000] {logging_mixin.py:149} INFO - [2023-06-27T09:22:15.780+0000] {dag.py:3486} INFO - Setting next_dagrun for example_task_group_decorator to 2023-06-26T09:22:15.780043+00:00, run_after=2023-06-27T09:22:15.780043+00:00
[2023-06-27T09:22:15.830+0000] {processor.py:179} INFO - Processing /home/airflow/.local/lib/python3.8/site-packages/airflow/example_dags/example_task_group_decorator.py took 0.346 seconds
[2023-06-27T09:22:46.216+0000] {processor.py:157} INFO - Started process (PID=322) to work on /home/airflow/.local/lib/python3.8/site-packages/airflow/example_dags/example_task_group_decorator.py
[2023-06-27T09:22:46.217+0000] {processor.py:826} INFO - Processing file /home/airflow/.local/lib/python3.8/site-packages/airflow/example_dags/example_task_group_decorator.py for tasks to queue
[2023-06-27T09:22:46.223+0000] {logging_mixin.py:149} INFO - [2023-06-27T09:22:46.222+0000] {dagbag.py:541} INFO - Filling up the DagBag from /home/airflow/.local/lib/python3.8/site-packages/airflow/example_dags/example_task_group_decorator.py
[2023-06-27T09:22:46.254+0000] {processor.py:836} INFO - DAG(s) dict_keys(['example_task_group_decorator']) retrieved from /home/airflow/.local/lib/python3.8/site-packages/airflow/example_dags/example_task_group_decorator.py
[2023-06-27T09:22:46.341+0000] {logging_mixin.py:149} INFO - [2023-06-27T09:22:46.341+0000] {dag.py:2726} INFO - Sync 1 DAGs
[2023-06-27T09:22:46.406+0000] {logging_mixin.py:149} INFO - [2023-06-27T09:22:46.402+0000] {dag.py:3486} INFO - Setting next_dagrun for example_task_group_decorator to 2023-06-26T09:22:46.402189+00:00, run_after=2023-06-27T09:22:46.402189+00:00
[2023-06-27T09:22:46.446+0000] {processor.py:179} INFO - Processing /home/airflow/.local/lib/python3.8/site-packages/airflow/example_dags/example_task_group_decorator.py took 0.240 seconds
[2023-06-27T09:23:17.031+0000] {processor.py:157} INFO - Started process (PID=389) to work on /home/airflow/.local/lib/python3.8/site-packages/airflow/example_dags/example_task_group_decorator.py
[2023-06-27T09:23:17.035+0000] {processor.py:826} INFO - Processing file /home/airflow/.local/lib/python3.8/site-packages/airflow/example_dags/example_task_group_decorator.py for tasks to queue
[2023-06-27T09:23:17.037+0000] {logging_mixin.py:149} INFO - [2023-06-27T09:23:17.036+0000] {dagbag.py:541} INFO - Filling up the DagBag from /home/airflow/.local/lib/python3.8/site-packages/airflow/example_dags/example_task_group_decorator.py
[2023-06-27T09:23:17.132+0000] {processor.py:836} INFO - DAG(s) dict_keys(['example_task_group_decorator']) retrieved from /home/airflow/.local/lib/python3.8/site-packages/airflow/example_dags/example_task_group_decorator.py
[2023-06-27T09:23:17.247+0000] {logging_mixin.py:149} INFO - [2023-06-27T09:23:17.247+0000] {dag.py:2726} INFO - Sync 1 DAGs
[2023-06-27T09:23:17.319+0000] {logging_mixin.py:149} INFO - [2023-06-27T09:23:17.319+0000] {dag.py:3486} INFO - Setting next_dagrun for example_task_group_decorator to 2023-06-26T09:23:17.319358+00:00, run_after=2023-06-27T09:23:17.319358+00:00
[2023-06-27T09:23:17.403+0000] {processor.py:179} INFO - Processing /home/airflow/.local/lib/python3.8/site-packages/airflow/example_dags/example_task_group_decorator.py took 0.381 seconds
[2023-06-27T09:23:48.076+0000] {processor.py:157} INFO - Started process (PID=455) to work on /home/airflow/.local/lib/python3.8/site-packages/airflow/example_dags/example_task_group_decorator.py
[2023-06-27T09:23:48.077+0000] {processor.py:826} INFO - Processing file /home/airflow/.local/lib/python3.8/site-packages/airflow/example_dags/example_task_group_decorator.py for tasks to queue
[2023-06-27T09:23:48.083+0000] {logging_mixin.py:149} INFO - [2023-06-27T09:23:48.083+0000] {dagbag.py:541} INFO - Filling up the DagBag from /home/airflow/.local/lib/python3.8/site-packages/airflow/example_dags/example_task_group_decorator.py
[2023-06-27T09:23:48.149+0000] {processor.py:836} INFO - DAG(s) dict_keys(['example_task_group_decorator']) retrieved from /home/airflow/.local/lib/python3.8/site-packages/airflow/example_dags/example_task_group_decorator.py
[2023-06-27T09:23:48.306+0000] {logging_mixin.py:149} INFO - [2023-06-27T09:23:48.306+0000] {dag.py:2726} INFO - Sync 1 DAGs
[2023-06-27T09:23:48.468+0000] {logging_mixin.py:149} INFO - [2023-06-27T09:23:48.467+0000] {dag.py:3486} INFO - Setting next_dagrun for example_task_group_decorator to 2023-06-26T09:23:48.467511+00:00, run_after=2023-06-27T09:23:48.467511+00:00
[2023-06-27T09:23:48.592+0000] {processor.py:179} INFO - Processing /home/airflow/.local/lib/python3.8/site-packages/airflow/example_dags/example_task_group_decorator.py took 0.541 seconds
[2023-06-27T09:25:49.873+0000] {processor.py:157} INFO - Started process (PID=59) to work on /home/airflow/.local/lib/python3.8/site-packages/airflow/example_dags/example_task_group_decorator.py
[2023-06-27T09:25:49.883+0000] {processor.py:826} INFO - Processing file /home/airflow/.local/lib/python3.8/site-packages/airflow/example_dags/example_task_group_decorator.py for tasks to queue
[2023-06-27T09:25:49.884+0000] {logging_mixin.py:149} INFO - [2023-06-27T09:25:49.883+0000] {dagbag.py:541} INFO - Filling up the DagBag from /home/airflow/.local/lib/python3.8/site-packages/airflow/example_dags/example_task_group_decorator.py
[2023-06-27T09:25:49.990+0000] {processor.py:836} INFO - DAG(s) dict_keys(['example_task_group_decorator']) retrieved from /home/airflow/.local/lib/python3.8/site-packages/airflow/example_dags/example_task_group_decorator.py
[2023-06-27T09:25:50.201+0000] {logging_mixin.py:149} INFO - [2023-06-27T09:25:50.200+0000] {dag.py:2726} INFO - Sync 1 DAGs
[2023-06-27T09:25:50.336+0000] {logging_mixin.py:149} INFO - [2023-06-27T09:25:50.336+0000] {dag.py:3486} INFO - Setting next_dagrun for example_task_group_decorator to 2023-06-26T09:25:50.336268+00:00, run_after=2023-06-27T09:25:50.336268+00:00
[2023-06-27T09:25:50.437+0000] {processor.py:179} INFO - Processing /home/airflow/.local/lib/python3.8/site-packages/airflow/example_dags/example_task_group_decorator.py took 0.585 seconds
[2023-06-27T09:26:20.485+0000] {processor.py:157} INFO - Started process (PID=122) to work on /home/airflow/.local/lib/python3.8/site-packages/airflow/example_dags/example_task_group_decorator.py
[2023-06-27T09:26:20.498+0000] {processor.py:826} INFO - Processing file /home/airflow/.local/lib/python3.8/site-packages/airflow/example_dags/example_task_group_decorator.py for tasks to queue
[2023-06-27T09:26:20.500+0000] {logging_mixin.py:149} INFO - [2023-06-27T09:26:20.500+0000] {dagbag.py:541} INFO - Filling up the DagBag from /home/airflow/.local/lib/python3.8/site-packages/airflow/example_dags/example_task_group_decorator.py
[2023-06-27T09:26:20.570+0000] {processor.py:836} INFO - DAG(s) dict_keys(['example_task_group_decorator']) retrieved from /home/airflow/.local/lib/python3.8/site-packages/airflow/example_dags/example_task_group_decorator.py
[2023-06-27T09:26:20.677+0000] {logging_mixin.py:149} INFO - [2023-06-27T09:26:20.673+0000] {dag.py:2726} INFO - Sync 1 DAGs
[2023-06-27T09:26:20.772+0000] {logging_mixin.py:149} INFO - [2023-06-27T09:26:20.771+0000] {dag.py:3486} INFO - Setting next_dagrun for example_task_group_decorator to 2023-06-26T09:26:20.771391+00:00, run_after=2023-06-27T09:26:20.771391+00:00
[2023-06-27T09:26:20.851+0000] {processor.py:179} INFO - Processing /home/airflow/.local/lib/python3.8/site-packages/airflow/example_dags/example_task_group_decorator.py took 0.370 seconds
[2023-06-27T09:26:51.502+0000] {processor.py:157} INFO - Started process (PID=190) to work on /home/airflow/.local/lib/python3.8/site-packages/airflow/example_dags/example_task_group_decorator.py
[2023-06-27T09:26:51.511+0000] {processor.py:826} INFO - Processing file /home/airflow/.local/lib/python3.8/site-packages/airflow/example_dags/example_task_group_decorator.py for tasks to queue
[2023-06-27T09:26:51.513+0000] {logging_mixin.py:149} INFO - [2023-06-27T09:26:51.513+0000] {dagbag.py:541} INFO - Filling up the DagBag from /home/airflow/.local/lib/python3.8/site-packages/airflow/example_dags/example_task_group_decorator.py
[2023-06-27T09:26:51.565+0000] {processor.py:836} INFO - DAG(s) dict_keys(['example_task_group_decorator']) retrieved from /home/airflow/.local/lib/python3.8/site-packages/airflow/example_dags/example_task_group_decorator.py
[2023-06-27T09:26:51.659+0000] {logging_mixin.py:149} INFO - [2023-06-27T09:26:51.658+0000] {dag.py:2726} INFO - Sync 1 DAGs
[2023-06-27T09:26:51.733+0000] {logging_mixin.py:149} INFO - [2023-06-27T09:26:51.733+0000] {dag.py:3486} INFO - Setting next_dagrun for example_task_group_decorator to 2023-06-26T09:26:51.733143+00:00, run_after=2023-06-27T09:26:51.733143+00:00
[2023-06-27T09:26:51.844+0000] {processor.py:179} INFO - Processing /home/airflow/.local/lib/python3.8/site-packages/airflow/example_dags/example_task_group_decorator.py took 0.353 seconds
[2023-06-27T09:27:21.917+0000] {processor.py:157} INFO - Started process (PID=254) to work on /home/airflow/.local/lib/python3.8/site-packages/airflow/example_dags/example_task_group_decorator.py
[2023-06-27T09:27:21.918+0000] {processor.py:826} INFO - Processing file /home/airflow/.local/lib/python3.8/site-packages/airflow/example_dags/example_task_group_decorator.py for tasks to queue
[2023-06-27T09:27:21.920+0000] {logging_mixin.py:149} INFO - [2023-06-27T09:27:21.920+0000] {dagbag.py:541} INFO - Filling up the DagBag from /home/airflow/.local/lib/python3.8/site-packages/airflow/example_dags/example_task_group_decorator.py
[2023-06-27T09:27:21.937+0000] {processor.py:836} INFO - DAG(s) dict_keys(['example_task_group_decorator']) retrieved from /home/airflow/.local/lib/python3.8/site-packages/airflow/example_dags/example_task_group_decorator.py
[2023-06-27T09:27:21.982+0000] {logging_mixin.py:149} INFO - [2023-06-27T09:27:21.981+0000] {dag.py:2726} INFO - Sync 1 DAGs
[2023-06-27T09:27:22.028+0000] {logging_mixin.py:149} INFO - [2023-06-27T09:27:22.028+0000] {dag.py:3486} INFO - Setting next_dagrun for example_task_group_decorator to 2023-06-26T09:27:22.027836+00:00, run_after=2023-06-27T09:27:22.027836+00:00
[2023-06-27T09:27:22.050+0000] {processor.py:179} INFO - Processing /home/airflow/.local/lib/python3.8/site-packages/airflow/example_dags/example_task_group_decorator.py took 0.139 seconds
[2023-06-27T09:27:52.745+0000] {processor.py:157} INFO - Started process (PID=320) to work on /home/airflow/.local/lib/python3.8/site-packages/airflow/example_dags/example_task_group_decorator.py
[2023-06-27T09:27:52.747+0000] {processor.py:826} INFO - Processing file /home/airflow/.local/lib/python3.8/site-packages/airflow/example_dags/example_task_group_decorator.py for tasks to queue
[2023-06-27T09:27:52.748+0000] {logging_mixin.py:149} INFO - [2023-06-27T09:27:52.748+0000] {dagbag.py:541} INFO - Filling up the DagBag from /home/airflow/.local/lib/python3.8/site-packages/airflow/example_dags/example_task_group_decorator.py
[2023-06-27T09:27:52.781+0000] {processor.py:836} INFO - DAG(s) dict_keys(['example_task_group_decorator']) retrieved from /home/airflow/.local/lib/python3.8/site-packages/airflow/example_dags/example_task_group_decorator.py
[2023-06-27T09:27:52.863+0000] {logging_mixin.py:149} INFO - [2023-06-27T09:27:52.863+0000] {dag.py:2726} INFO - Sync 1 DAGs
[2023-06-27T09:27:52.919+0000] {logging_mixin.py:149} INFO - [2023-06-27T09:27:52.919+0000] {dag.py:3486} INFO - Setting next_dagrun for example_task_group_decorator to 2023-06-26T09:27:52.919198+00:00, run_after=2023-06-27T09:27:52.919198+00:00
[2023-06-27T09:27:52.962+0000] {processor.py:179} INFO - Processing /home/airflow/.local/lib/python3.8/site-packages/airflow/example_dags/example_task_group_decorator.py took 0.226 seconds
[2023-06-27T09:28:23.047+0000] {processor.py:157} INFO - Started process (PID=396) to work on /home/airflow/.local/lib/python3.8/site-packages/airflow/example_dags/example_task_group_decorator.py
[2023-06-27T09:28:23.050+0000] {processor.py:826} INFO - Processing file /home/airflow/.local/lib/python3.8/site-packages/airflow/example_dags/example_task_group_decorator.py for tasks to queue
[2023-06-27T09:28:23.052+0000] {logging_mixin.py:149} INFO - [2023-06-27T09:28:23.052+0000] {dagbag.py:541} INFO - Filling up the DagBag from /home/airflow/.local/lib/python3.8/site-packages/airflow/example_dags/example_task_group_decorator.py
[2023-06-27T09:28:23.096+0000] {processor.py:836} INFO - DAG(s) dict_keys(['example_task_group_decorator']) retrieved from /home/airflow/.local/lib/python3.8/site-packages/airflow/example_dags/example_task_group_decorator.py
[2023-06-27T09:28:23.133+0000] {logging_mixin.py:149} INFO - [2023-06-27T09:28:23.132+0000] {dag.py:2726} INFO - Sync 1 DAGs
[2023-06-27T09:28:23.161+0000] {logging_mixin.py:149} INFO - [2023-06-27T09:28:23.160+0000] {dag.py:3486} INFO - Setting next_dagrun for example_task_group_decorator to 2023-06-26T09:28:23.160604+00:00, run_after=2023-06-27T09:28:23.160604+00:00
[2023-06-27T09:28:23.187+0000] {processor.py:179} INFO - Processing /home/airflow/.local/lib/python3.8/site-packages/airflow/example_dags/example_task_group_decorator.py took 0.151 seconds
[2023-06-27T09:28:53.468+0000] {processor.py:157} INFO - Started process (PID=462) to work on /home/airflow/.local/lib/python3.8/site-packages/airflow/example_dags/example_task_group_decorator.py
[2023-06-27T09:28:53.471+0000] {processor.py:826} INFO - Processing file /home/airflow/.local/lib/python3.8/site-packages/airflow/example_dags/example_task_group_decorator.py for tasks to queue
[2023-06-27T09:28:53.472+0000] {logging_mixin.py:149} INFO - [2023-06-27T09:28:53.472+0000] {dagbag.py:541} INFO - Filling up the DagBag from /home/airflow/.local/lib/python3.8/site-packages/airflow/example_dags/example_task_group_decorator.py
[2023-06-27T09:28:53.491+0000] {processor.py:836} INFO - DAG(s) dict_keys(['example_task_group_decorator']) retrieved from /home/airflow/.local/lib/python3.8/site-packages/airflow/example_dags/example_task_group_decorator.py
[2023-06-27T09:28:53.531+0000] {logging_mixin.py:149} INFO - [2023-06-27T09:28:53.530+0000] {dag.py:2726} INFO - Sync 1 DAGs
[2023-06-27T09:28:53.559+0000] {logging_mixin.py:149} INFO - [2023-06-27T09:28:53.559+0000] {dag.py:3486} INFO - Setting next_dagrun for example_task_group_decorator to 2023-06-26T09:28:53.559263+00:00, run_after=2023-06-27T09:28:53.559263+00:00
[2023-06-27T09:28:53.582+0000] {processor.py:179} INFO - Processing /home/airflow/.local/lib/python3.8/site-packages/airflow/example_dags/example_task_group_decorator.py took 0.125 seconds
[2023-06-27T09:29:24.009+0000] {processor.py:157} INFO - Started process (PID=530) to work on /home/airflow/.local/lib/python3.8/site-packages/airflow/example_dags/example_task_group_decorator.py
[2023-06-27T09:29:24.012+0000] {processor.py:826} INFO - Processing file /home/airflow/.local/lib/python3.8/site-packages/airflow/example_dags/example_task_group_decorator.py for tasks to queue
[2023-06-27T09:29:24.014+0000] {logging_mixin.py:149} INFO - [2023-06-27T09:29:24.014+0000] {dagbag.py:541} INFO - Filling up the DagBag from /home/airflow/.local/lib/python3.8/site-packages/airflow/example_dags/example_task_group_decorator.py
[2023-06-27T09:29:24.097+0000] {processor.py:836} INFO - DAG(s) dict_keys(['example_task_group_decorator']) retrieved from /home/airflow/.local/lib/python3.8/site-packages/airflow/example_dags/example_task_group_decorator.py
[2023-06-27T09:29:24.183+0000] {logging_mixin.py:149} INFO - [2023-06-27T09:29:24.183+0000] {dag.py:2726} INFO - Sync 1 DAGs
[2023-06-27T09:29:24.269+0000] {logging_mixin.py:149} INFO - [2023-06-27T09:29:24.269+0000] {dag.py:3486} INFO - Setting next_dagrun for example_task_group_decorator to 2023-06-26T09:29:24.260623+00:00, run_after=2023-06-27T09:29:24.260623+00:00
[2023-06-27T09:29:24.311+0000] {processor.py:179} INFO - Processing /home/airflow/.local/lib/python3.8/site-packages/airflow/example_dags/example_task_group_decorator.py took 0.312 seconds
[2023-06-27T09:29:54.695+0000] {processor.py:157} INFO - Started process (PID=597) to work on /home/airflow/.local/lib/python3.8/site-packages/airflow/example_dags/example_task_group_decorator.py
[2023-06-27T09:29:54.700+0000] {processor.py:826} INFO - Processing file /home/airflow/.local/lib/python3.8/site-packages/airflow/example_dags/example_task_group_decorator.py for tasks to queue
[2023-06-27T09:29:54.703+0000] {logging_mixin.py:149} INFO - [2023-06-27T09:29:54.702+0000] {dagbag.py:541} INFO - Filling up the DagBag from /home/airflow/.local/lib/python3.8/site-packages/airflow/example_dags/example_task_group_decorator.py
[2023-06-27T09:29:54.740+0000] {processor.py:836} INFO - DAG(s) dict_keys(['example_task_group_decorator']) retrieved from /home/airflow/.local/lib/python3.8/site-packages/airflow/example_dags/example_task_group_decorator.py
[2023-06-27T09:29:54.795+0000] {logging_mixin.py:149} INFO - [2023-06-27T09:29:54.795+0000] {dag.py:2726} INFO - Sync 1 DAGs
[2023-06-27T09:29:54.836+0000] {logging_mixin.py:149} INFO - [2023-06-27T09:29:54.836+0000] {dag.py:3486} INFO - Setting next_dagrun for example_task_group_decorator to 2023-06-26T09:29:54.836428+00:00, run_after=2023-06-27T09:29:54.836428+00:00
[2023-06-27T09:29:54.868+0000] {processor.py:179} INFO - Processing /home/airflow/.local/lib/python3.8/site-packages/airflow/example_dags/example_task_group_decorator.py took 0.179 seconds
[2023-06-27T09:30:25.260+0000] {processor.py:157} INFO - Started process (PID=677) to work on /home/airflow/.local/lib/python3.8/site-packages/airflow/example_dags/example_task_group_decorator.py
[2023-06-27T09:30:25.262+0000] {processor.py:826} INFO - Processing file /home/airflow/.local/lib/python3.8/site-packages/airflow/example_dags/example_task_group_decorator.py for tasks to queue
[2023-06-27T09:30:25.264+0000] {logging_mixin.py:149} INFO - [2023-06-27T09:30:25.264+0000] {dagbag.py:541} INFO - Filling up the DagBag from /home/airflow/.local/lib/python3.8/site-packages/airflow/example_dags/example_task_group_decorator.py
[2023-06-27T09:30:25.280+0000] {processor.py:836} INFO - DAG(s) dict_keys(['example_task_group_decorator']) retrieved from /home/airflow/.local/lib/python3.8/site-packages/airflow/example_dags/example_task_group_decorator.py
[2023-06-27T09:30:25.314+0000] {logging_mixin.py:149} INFO - [2023-06-27T09:30:25.314+0000] {dag.py:2726} INFO - Sync 1 DAGs
[2023-06-27T09:30:25.341+0000] {logging_mixin.py:149} INFO - [2023-06-27T09:30:25.340+0000] {dag.py:3486} INFO - Setting next_dagrun for example_task_group_decorator to 2023-06-26T09:30:25.340596+00:00, run_after=2023-06-27T09:30:25.340596+00:00
[2023-06-27T09:30:25.361+0000] {processor.py:179} INFO - Processing /home/airflow/.local/lib/python3.8/site-packages/airflow/example_dags/example_task_group_decorator.py took 0.106 seconds
[2023-06-27T09:30:56.166+0000] {processor.py:157} INFO - Started process (PID=746) to work on /home/airflow/.local/lib/python3.8/site-packages/airflow/example_dags/example_task_group_decorator.py
[2023-06-27T09:30:56.167+0000] {processor.py:826} INFO - Processing file /home/airflow/.local/lib/python3.8/site-packages/airflow/example_dags/example_task_group_decorator.py for tasks to queue
[2023-06-27T09:30:56.169+0000] {logging_mixin.py:149} INFO - [2023-06-27T09:30:56.169+0000] {dagbag.py:541} INFO - Filling up the DagBag from /home/airflow/.local/lib/python3.8/site-packages/airflow/example_dags/example_task_group_decorator.py
[2023-06-27T09:30:56.220+0000] {processor.py:836} INFO - DAG(s) dict_keys(['example_task_group_decorator']) retrieved from /home/airflow/.local/lib/python3.8/site-packages/airflow/example_dags/example_task_group_decorator.py
[2023-06-27T09:30:56.262+0000] {logging_mixin.py:149} INFO - [2023-06-27T09:30:56.262+0000] {dag.py:2726} INFO - Sync 1 DAGs
[2023-06-27T09:30:56.323+0000] {logging_mixin.py:149} INFO - [2023-06-27T09:30:56.323+0000] {dag.py:3486} INFO - Setting next_dagrun for example_task_group_decorator to 2023-06-26T09:30:56.323212+00:00, run_after=2023-06-27T09:30:56.323212+00:00
[2023-06-27T09:30:56.363+0000] {processor.py:179} INFO - Processing /home/airflow/.local/lib/python3.8/site-packages/airflow/example_dags/example_task_group_decorator.py took 0.202 seconds
[2023-06-27T09:31:27.189+0000] {processor.py:157} INFO - Started process (PID=821) to work on /home/airflow/.local/lib/python3.8/site-packages/airflow/example_dags/example_task_group_decorator.py
[2023-06-27T09:31:27.207+0000] {processor.py:826} INFO - Processing file /home/airflow/.local/lib/python3.8/site-packages/airflow/example_dags/example_task_group_decorator.py for tasks to queue
[2023-06-27T09:31:27.208+0000] {logging_mixin.py:149} INFO - [2023-06-27T09:31:27.208+0000] {dagbag.py:541} INFO - Filling up the DagBag from /home/airflow/.local/lib/python3.8/site-packages/airflow/example_dags/example_task_group_decorator.py
[2023-06-27T09:31:27.245+0000] {processor.py:836} INFO - DAG(s) dict_keys(['example_task_group_decorator']) retrieved from /home/airflow/.local/lib/python3.8/site-packages/airflow/example_dags/example_task_group_decorator.py
[2023-06-27T09:31:27.351+0000] {logging_mixin.py:149} INFO - [2023-06-27T09:31:27.351+0000] {dag.py:2726} INFO - Sync 1 DAGs
[2023-06-27T09:31:27.434+0000] {logging_mixin.py:149} INFO - [2023-06-27T09:31:27.433+0000] {dag.py:3486} INFO - Setting next_dagrun for example_task_group_decorator to 2023-06-26T09:31:27.433466+00:00, run_after=2023-06-27T09:31:27.433466+00:00
[2023-06-27T09:31:27.504+0000] {processor.py:179} INFO - Processing /home/airflow/.local/lib/python3.8/site-packages/airflow/example_dags/example_task_group_decorator.py took 0.333 seconds
[2023-06-27T09:31:57.776+0000] {processor.py:157} INFO - Started process (PID=888) to work on /home/airflow/.local/lib/python3.8/site-packages/airflow/example_dags/example_task_group_decorator.py
[2023-06-27T09:31:57.777+0000] {processor.py:826} INFO - Processing file /home/airflow/.local/lib/python3.8/site-packages/airflow/example_dags/example_task_group_decorator.py for tasks to queue
[2023-06-27T09:31:57.811+0000] {logging_mixin.py:149} INFO - [2023-06-27T09:31:57.811+0000] {dagbag.py:541} INFO - Filling up the DagBag from /home/airflow/.local/lib/python3.8/site-packages/airflow/example_dags/example_task_group_decorator.py
[2023-06-27T09:31:57.907+0000] {processor.py:836} INFO - DAG(s) dict_keys(['example_task_group_decorator']) retrieved from /home/airflow/.local/lib/python3.8/site-packages/airflow/example_dags/example_task_group_decorator.py
[2023-06-27T09:31:58.003+0000] {logging_mixin.py:149} INFO - [2023-06-27T09:31:58.003+0000] {dag.py:2726} INFO - Sync 1 DAGs
[2023-06-27T09:31:58.095+0000] {logging_mixin.py:149} INFO - [2023-06-27T09:31:58.095+0000] {dag.py:3486} INFO - Setting next_dagrun for example_task_group_decorator to 2023-06-26T09:31:58.095385+00:00, run_after=2023-06-27T09:31:58.095385+00:00
[2023-06-27T09:31:58.181+0000] {processor.py:179} INFO - Processing /home/airflow/.local/lib/python3.8/site-packages/airflow/example_dags/example_task_group_decorator.py took 0.430 seconds
[2023-06-27T09:32:28.376+0000] {processor.py:157} INFO - Started process (PID=953) to work on /home/airflow/.local/lib/python3.8/site-packages/airflow/example_dags/example_task_group_decorator.py
[2023-06-27T09:32:28.378+0000] {processor.py:826} INFO - Processing file /home/airflow/.local/lib/python3.8/site-packages/airflow/example_dags/example_task_group_decorator.py for tasks to queue
[2023-06-27T09:32:28.379+0000] {logging_mixin.py:149} INFO - [2023-06-27T09:32:28.379+0000] {dagbag.py:541} INFO - Filling up the DagBag from /home/airflow/.local/lib/python3.8/site-packages/airflow/example_dags/example_task_group_decorator.py
[2023-06-27T09:32:28.397+0000] {processor.py:836} INFO - DAG(s) dict_keys(['example_task_group_decorator']) retrieved from /home/airflow/.local/lib/python3.8/site-packages/airflow/example_dags/example_task_group_decorator.py
[2023-06-27T09:32:28.466+0000] {logging_mixin.py:149} INFO - [2023-06-27T09:32:28.464+0000] {dag.py:2726} INFO - Sync 1 DAGs
[2023-06-27T09:32:28.506+0000] {logging_mixin.py:149} INFO - [2023-06-27T09:32:28.506+0000] {dag.py:3486} INFO - Setting next_dagrun for example_task_group_decorator to 2023-06-26T09:32:28.505839+00:00, run_after=2023-06-27T09:32:28.505839+00:00
[2023-06-27T09:32:28.556+0000] {processor.py:179} INFO - Processing /home/airflow/.local/lib/python3.8/site-packages/airflow/example_dags/example_task_group_decorator.py took 0.184 seconds
[2023-06-27T09:32:58.945+0000] {processor.py:157} INFO - Started process (PID=1022) to work on /home/airflow/.local/lib/python3.8/site-packages/airflow/example_dags/example_task_group_decorator.py
[2023-06-27T09:32:58.946+0000] {processor.py:826} INFO - Processing file /home/airflow/.local/lib/python3.8/site-packages/airflow/example_dags/example_task_group_decorator.py for tasks to queue
[2023-06-27T09:32:58.952+0000] {logging_mixin.py:149} INFO - [2023-06-27T09:32:58.952+0000] {dagbag.py:541} INFO - Filling up the DagBag from /home/airflow/.local/lib/python3.8/site-packages/airflow/example_dags/example_task_group_decorator.py
[2023-06-27T09:32:59.001+0000] {processor.py:836} INFO - DAG(s) dict_keys(['example_task_group_decorator']) retrieved from /home/airflow/.local/lib/python3.8/site-packages/airflow/example_dags/example_task_group_decorator.py
[2023-06-27T09:32:59.084+0000] {logging_mixin.py:149} INFO - [2023-06-27T09:32:59.083+0000] {dag.py:2726} INFO - Sync 1 DAGs
[2023-06-27T09:32:59.159+0000] {logging_mixin.py:149} INFO - [2023-06-27T09:32:59.159+0000] {dag.py:3486} INFO - Setting next_dagrun for example_task_group_decorator to 2023-06-26T09:32:59.158788+00:00, run_after=2023-06-27T09:32:59.158788+00:00
[2023-06-27T09:32:59.202+0000] {processor.py:179} INFO - Processing /home/airflow/.local/lib/python3.8/site-packages/airflow/example_dags/example_task_group_decorator.py took 0.266 seconds
[2023-06-27T09:33:30.116+0000] {processor.py:157} INFO - Started process (PID=1090) to work on /home/airflow/.local/lib/python3.8/site-packages/airflow/example_dags/example_task_group_decorator.py
[2023-06-27T09:33:30.122+0000] {processor.py:826} INFO - Processing file /home/airflow/.local/lib/python3.8/site-packages/airflow/example_dags/example_task_group_decorator.py for tasks to queue
[2023-06-27T09:33:30.124+0000] {logging_mixin.py:149} INFO - [2023-06-27T09:33:30.124+0000] {dagbag.py:541} INFO - Filling up the DagBag from /home/airflow/.local/lib/python3.8/site-packages/airflow/example_dags/example_task_group_decorator.py
[2023-06-27T09:33:30.179+0000] {processor.py:836} INFO - DAG(s) dict_keys(['example_task_group_decorator']) retrieved from /home/airflow/.local/lib/python3.8/site-packages/airflow/example_dags/example_task_group_decorator.py
[2023-06-27T09:33:30.291+0000] {logging_mixin.py:149} INFO - [2023-06-27T09:33:30.291+0000] {dag.py:2726} INFO - Sync 1 DAGs
[2023-06-27T09:33:30.425+0000] {logging_mixin.py:149} INFO - [2023-06-27T09:33:30.425+0000] {dag.py:3486} INFO - Setting next_dagrun for example_task_group_decorator to 2023-06-26T09:33:30.425087+00:00, run_after=2023-06-27T09:33:30.425087+00:00
[2023-06-27T09:33:30.536+0000] {processor.py:179} INFO - Processing /home/airflow/.local/lib/python3.8/site-packages/airflow/example_dags/example_task_group_decorator.py took 0.448 seconds
[2023-06-27T09:34:01.256+0000] {processor.py:157} INFO - Started process (PID=1157) to work on /home/airflow/.local/lib/python3.8/site-packages/airflow/example_dags/example_task_group_decorator.py
[2023-06-27T09:34:01.259+0000] {processor.py:826} INFO - Processing file /home/airflow/.local/lib/python3.8/site-packages/airflow/example_dags/example_task_group_decorator.py for tasks to queue
[2023-06-27T09:34:01.261+0000] {logging_mixin.py:149} INFO - [2023-06-27T09:34:01.260+0000] {dagbag.py:541} INFO - Filling up the DagBag from /home/airflow/.local/lib/python3.8/site-packages/airflow/example_dags/example_task_group_decorator.py
[2023-06-27T09:34:01.328+0000] {processor.py:836} INFO - DAG(s) dict_keys(['example_task_group_decorator']) retrieved from /home/airflow/.local/lib/python3.8/site-packages/airflow/example_dags/example_task_group_decorator.py
[2023-06-27T09:34:01.381+0000] {logging_mixin.py:149} INFO - [2023-06-27T09:34:01.380+0000] {dag.py:2726} INFO - Sync 1 DAGs
[2023-06-27T09:34:01.431+0000] {logging_mixin.py:149} INFO - [2023-06-27T09:34:01.431+0000] {dag.py:3486} INFO - Setting next_dagrun for example_task_group_decorator to 2023-06-26T09:34:01.430800+00:00, run_after=2023-06-27T09:34:01.430800+00:00
[2023-06-27T09:34:01.467+0000] {processor.py:179} INFO - Processing /home/airflow/.local/lib/python3.8/site-packages/airflow/example_dags/example_task_group_decorator.py took 0.221 seconds
[2023-06-27T09:34:32.077+0000] {processor.py:157} INFO - Started process (PID=1224) to work on /home/airflow/.local/lib/python3.8/site-packages/airflow/example_dags/example_task_group_decorator.py
[2023-06-27T09:34:32.078+0000] {processor.py:826} INFO - Processing file /home/airflow/.local/lib/python3.8/site-packages/airflow/example_dags/example_task_group_decorator.py for tasks to queue
[2023-06-27T09:34:32.088+0000] {logging_mixin.py:149} INFO - [2023-06-27T09:34:32.088+0000] {dagbag.py:541} INFO - Filling up the DagBag from /home/airflow/.local/lib/python3.8/site-packages/airflow/example_dags/example_task_group_decorator.py
[2023-06-27T09:34:32.162+0000] {processor.py:836} INFO - DAG(s) dict_keys(['example_task_group_decorator']) retrieved from /home/airflow/.local/lib/python3.8/site-packages/airflow/example_dags/example_task_group_decorator.py
[2023-06-27T09:34:32.311+0000] {logging_mixin.py:149} INFO - [2023-06-27T09:34:32.311+0000] {dag.py:2726} INFO - Sync 1 DAGs
[2023-06-27T09:34:32.371+0000] {logging_mixin.py:149} INFO - [2023-06-27T09:34:32.371+0000] {dag.py:3486} INFO - Setting next_dagrun for example_task_group_decorator to 2023-06-26T09:34:32.371269+00:00, run_after=2023-06-27T09:34:32.371269+00:00
[2023-06-27T09:34:32.435+0000] {processor.py:179} INFO - Processing /home/airflow/.local/lib/python3.8/site-packages/airflow/example_dags/example_task_group_decorator.py took 0.374 seconds
