[2023-06-27T00:00:38.479+0000] {processor.py:157} INFO - Started process (PID=435) to work on /home/airflow/.local/lib/python3.8/site-packages/airflow/example_dags/example_xcomargs.py
[2023-06-27T00:00:38.481+0000] {processor.py:826} INFO - Processing file /home/airflow/.local/lib/python3.8/site-packages/airflow/example_dags/example_xcomargs.py for tasks to queue
[2023-06-27T00:00:38.491+0000] {logging_mixin.py:149} INFO - [2023-06-27T00:00:38.490+0000] {dagbag.py:541} INFO - Filling up the DagBag from /home/airflow/.local/lib/python3.8/site-packages/airflow/example_dags/example_xcomargs.py
[2023-06-27T00:00:38.553+0000] {processor.py:836} INFO - DAG(s) dict_keys(['example_xcom_args_with_operators', 'example_xcom_args']) retrieved from /home/airflow/.local/lib/python3.8/site-packages/airflow/example_dags/example_xcomargs.py
[2023-06-27T00:00:38.758+0000] {logging_mixin.py:149} INFO - [2023-06-27T00:00:38.758+0000] {dag.py:2726} INFO - Sync 2 DAGs
[2023-06-27T00:00:38.992+0000] {logging_mixin.py:149} INFO - [2023-06-27T00:00:38.991+0000] {dag.py:3486} INFO - Setting next_dagrun for example_xcom_args to None, run_after=None
[2023-06-27T00:00:39.002+0000] {logging_mixin.py:149} INFO - [2023-06-27T00:00:39.002+0000] {dag.py:3486} INFO - Setting next_dagrun for example_xcom_args_with_operators to None, run_after=None
[2023-06-27T00:00:39.074+0000] {processor.py:179} INFO - Processing /home/airflow/.local/lib/python3.8/site-packages/airflow/example_dags/example_xcomargs.py took 0.636 seconds
[2023-06-27T00:03:10.675+0000] {processor.py:157} INFO - Started process (PID=548) to work on /home/airflow/.local/lib/python3.8/site-packages/airflow/example_dags/example_xcomargs.py
[2023-06-27T00:03:10.714+0000] {processor.py:826} INFO - Processing file /home/airflow/.local/lib/python3.8/site-packages/airflow/example_dags/example_xcomargs.py for tasks to queue
[2023-06-27T00:03:10.715+0000] {logging_mixin.py:149} INFO - [2023-06-27T00:03:10.715+0000] {dagbag.py:541} INFO - Filling up the DagBag from /home/airflow/.local/lib/python3.8/site-packages/airflow/example_dags/example_xcomargs.py
[2023-06-27T00:03:11.858+0000] {processor.py:836} INFO - DAG(s) dict_keys(['example_xcom_args_with_operators', 'example_xcom_args']) retrieved from /home/airflow/.local/lib/python3.8/site-packages/airflow/example_dags/example_xcomargs.py
[2023-06-27T00:03:16.478+0000] {logging_mixin.py:149} INFO - [2023-06-27T00:03:16.477+0000] {dag.py:2726} INFO - Sync 2 DAGs
[2023-06-27T00:03:20.677+0000] {logging_mixin.py:149} INFO - [2023-06-27T00:03:20.677+0000] {dag.py:3486} INFO - Setting next_dagrun for example_xcom_args to None, run_after=None
[2023-06-27T00:03:21.259+0000] {logging_mixin.py:149} INFO - [2023-06-27T00:03:21.259+0000] {dag.py:3486} INFO - Setting next_dagrun for example_xcom_args_with_operators to None, run_after=None
[2023-06-27T00:03:25.007+0000] {processor.py:179} INFO - Processing /home/airflow/.local/lib/python3.8/site-packages/airflow/example_dags/example_xcomargs.py took 14.973 seconds
[2023-06-27T01:03:13.309+0000] {processor.py:157} INFO - Started process (PID=113) to work on /home/airflow/.local/lib/python3.8/site-packages/airflow/example_dags/example_xcomargs.py
[2023-06-27T01:03:13.369+0000] {processor.py:826} INFO - Processing file /home/airflow/.local/lib/python3.8/site-packages/airflow/example_dags/example_xcomargs.py for tasks to queue
[2023-06-27T01:03:13.370+0000] {logging_mixin.py:149} INFO - [2023-06-27T01:03:13.369+0000] {dagbag.py:541} INFO - Filling up the DagBag from /home/airflow/.local/lib/python3.8/site-packages/airflow/example_dags/example_xcomargs.py
[2023-06-27T01:03:14.153+0000] {processor.py:836} INFO - DAG(s) dict_keys(['example_xcom_args_with_operators', 'example_xcom_args']) retrieved from /home/airflow/.local/lib/python3.8/site-packages/airflow/example_dags/example_xcomargs.py
[2023-06-27T01:03:19.056+0000] {logging_mixin.py:149} INFO - [2023-06-27T01:03:19.056+0000] {dag.py:2726} INFO - Sync 2 DAGs
[2023-06-27T01:03:22.610+0000] {logging_mixin.py:149} INFO - [2023-06-27T01:03:22.609+0000] {dag.py:3486} INFO - Setting next_dagrun for example_xcom_args to None, run_after=None
[2023-06-27T01:03:23.007+0000] {logging_mixin.py:149} INFO - [2023-06-27T01:03:23.007+0000] {dag.py:3486} INFO - Setting next_dagrun for example_xcom_args_with_operators to None, run_after=None
[2023-06-27T01:03:24.892+0000] {processor.py:179} INFO - Processing /home/airflow/.local/lib/python3.8/site-packages/airflow/example_dags/example_xcomargs.py took 12.061 seconds
[2023-06-27T01:37:43.922+0000] {processor.py:157} INFO - Started process (PID=76) to work on /home/airflow/.local/lib/python3.8/site-packages/airflow/example_dags/example_xcomargs.py
[2023-06-27T01:37:43.929+0000] {processor.py:826} INFO - Processing file /home/airflow/.local/lib/python3.8/site-packages/airflow/example_dags/example_xcomargs.py for tasks to queue
[2023-06-27T01:37:43.930+0000] {logging_mixin.py:149} INFO - [2023-06-27T01:37:43.930+0000] {dagbag.py:541} INFO - Filling up the DagBag from /home/airflow/.local/lib/python3.8/site-packages/airflow/example_dags/example_xcomargs.py
[2023-06-27T01:37:43.960+0000] {processor.py:836} INFO - DAG(s) dict_keys(['example_xcom_args', 'example_xcom_args_with_operators']) retrieved from /home/airflow/.local/lib/python3.8/site-packages/airflow/example_dags/example_xcomargs.py
[2023-06-27T01:37:44.069+0000] {logging_mixin.py:149} INFO - [2023-06-27T01:37:44.069+0000] {dag.py:2726} INFO - Sync 2 DAGs
[2023-06-27T01:37:44.173+0000] {logging_mixin.py:149} INFO - [2023-06-27T01:37:44.173+0000] {dag.py:3486} INFO - Setting next_dagrun for example_xcom_args to None, run_after=None
[2023-06-27T01:37:44.187+0000] {logging_mixin.py:149} INFO - [2023-06-27T01:37:44.187+0000] {dag.py:3486} INFO - Setting next_dagrun for example_xcom_args_with_operators to None, run_after=None
[2023-06-27T01:37:44.251+0000] {processor.py:179} INFO - Processing /home/airflow/.local/lib/python3.8/site-packages/airflow/example_dags/example_xcomargs.py took 0.346 seconds
[2023-06-27T01:40:45.336+0000] {processor.py:157} INFO - Started process (PID=222) to work on /home/airflow/.local/lib/python3.8/site-packages/airflow/example_dags/example_xcomargs.py
[2023-06-27T01:40:45.370+0000] {processor.py:826} INFO - Processing file /home/airflow/.local/lib/python3.8/site-packages/airflow/example_dags/example_xcomargs.py for tasks to queue
[2023-06-27T01:40:45.372+0000] {logging_mixin.py:149} INFO - [2023-06-27T01:40:45.372+0000] {dagbag.py:541} INFO - Filling up the DagBag from /home/airflow/.local/lib/python3.8/site-packages/airflow/example_dags/example_xcomargs.py
[2023-06-27T01:40:45.650+0000] {processor.py:836} INFO - DAG(s) dict_keys(['example_xcom_args', 'example_xcom_args_with_operators']) retrieved from /home/airflow/.local/lib/python3.8/site-packages/airflow/example_dags/example_xcomargs.py
[2023-06-27T01:40:46.328+0000] {logging_mixin.py:149} INFO - [2023-06-27T01:40:46.327+0000] {dag.py:2726} INFO - Sync 2 DAGs
[2023-06-27T01:40:47.143+0000] {logging_mixin.py:149} INFO - [2023-06-27T01:40:47.143+0000] {dag.py:3486} INFO - Setting next_dagrun for example_xcom_args to None, run_after=None
[2023-06-27T01:40:47.538+0000] {logging_mixin.py:149} INFO - [2023-06-27T01:40:47.538+0000] {dag.py:3486} INFO - Setting next_dagrun for example_xcom_args_with_operators to None, run_after=None
[2023-06-27T01:40:48.505+0000] {processor.py:179} INFO - Processing /home/airflow/.local/lib/python3.8/site-packages/airflow/example_dags/example_xcomargs.py took 3.211 seconds
[2023-06-27T02:19:20.183+0000] {processor.py:157} INFO - Started process (PID=138) to work on /home/airflow/.local/lib/python3.8/site-packages/airflow/example_dags/example_xcomargs.py
[2023-06-27T02:19:20.221+0000] {processor.py:826} INFO - Processing file /home/airflow/.local/lib/python3.8/site-packages/airflow/example_dags/example_xcomargs.py for tasks to queue
[2023-06-27T02:19:20.222+0000] {logging_mixin.py:149} INFO - [2023-06-27T02:19:20.222+0000] {dagbag.py:541} INFO - Filling up the DagBag from /home/airflow/.local/lib/python3.8/site-packages/airflow/example_dags/example_xcomargs.py
[2023-06-27T02:19:22.108+0000] {processor.py:836} INFO - DAG(s) dict_keys(['example_xcom_args', 'example_xcom_args_with_operators']) retrieved from /home/airflow/.local/lib/python3.8/site-packages/airflow/example_dags/example_xcomargs.py
[2023-06-27T02:19:27.380+0000] {logging_mixin.py:149} INFO - [2023-06-27T02:19:27.380+0000] {dag.py:2726} INFO - Sync 2 DAGs
[2023-06-27T02:19:34.310+0000] {logging_mixin.py:149} INFO - [2023-06-27T02:19:34.310+0000] {dag.py:3486} INFO - Setting next_dagrun for example_xcom_args to None, run_after=None
[2023-06-27T02:19:35.288+0000] {logging_mixin.py:149} INFO - [2023-06-27T02:19:35.288+0000] {dag.py:3486} INFO - Setting next_dagrun for example_xcom_args_with_operators to None, run_after=None
[2023-06-27T02:19:39.740+0000] {processor.py:179} INFO - Processing /home/airflow/.local/lib/python3.8/site-packages/airflow/example_dags/example_xcomargs.py took 20.360 seconds
[2023-06-27T06:19:02.816+0000] {processor.py:157} INFO - Started process (PID=399) to work on /home/airflow/.local/lib/python3.8/site-packages/airflow/example_dags/example_xcomargs.py
[2023-06-27T06:19:02.876+0000] {processor.py:826} INFO - Processing file /home/airflow/.local/lib/python3.8/site-packages/airflow/example_dags/example_xcomargs.py for tasks to queue
[2023-06-27T06:19:02.877+0000] {logging_mixin.py:149} INFO - [2023-06-27T06:19:02.877+0000] {dagbag.py:541} INFO - Filling up the DagBag from /home/airflow/.local/lib/python3.8/site-packages/airflow/example_dags/example_xcomargs.py
[2023-06-27T06:19:04.908+0000] {processor.py:836} INFO - DAG(s) dict_keys(['example_xcom_args_with_operators', 'example_xcom_args']) retrieved from /home/airflow/.local/lib/python3.8/site-packages/airflow/example_dags/example_xcomargs.py
[2023-06-27T06:19:13.885+0000] {logging_mixin.py:149} INFO - [2023-06-27T06:19:13.885+0000] {dag.py:2726} INFO - Sync 2 DAGs
[2023-06-27T06:19:18.295+0000] {logging_mixin.py:149} INFO - [2023-06-27T06:19:18.295+0000] {dag.py:3486} INFO - Setting next_dagrun for example_xcom_args to None, run_after=None
[2023-06-27T06:19:19.262+0000] {logging_mixin.py:149} INFO - [2023-06-27T06:19:19.262+0000] {dag.py:3486} INFO - Setting next_dagrun for example_xcom_args_with_operators to None, run_after=None
[2023-06-27T06:19:21.156+0000] {processor.py:179} INFO - Processing /home/airflow/.local/lib/python3.8/site-packages/airflow/example_dags/example_xcomargs.py took 19.599 seconds
[2023-06-27T08:56:30.548+0000] {processor.py:157} INFO - Started process (PID=532) to work on /home/airflow/.local/lib/python3.8/site-packages/airflow/example_dags/example_xcomargs.py
[2023-06-27T08:56:30.577+0000] {processor.py:826} INFO - Processing file /home/airflow/.local/lib/python3.8/site-packages/airflow/example_dags/example_xcomargs.py for tasks to queue
[2023-06-27T08:56:30.578+0000] {logging_mixin.py:149} INFO - [2023-06-27T08:56:30.578+0000] {dagbag.py:541} INFO - Filling up the DagBag from /home/airflow/.local/lib/python3.8/site-packages/airflow/example_dags/example_xcomargs.py
[2023-06-27T08:56:30.590+0000] {processor.py:836} INFO - DAG(s) dict_keys(['example_xcom_args', 'example_xcom_args_with_operators']) retrieved from /home/airflow/.local/lib/python3.8/site-packages/airflow/example_dags/example_xcomargs.py
[2023-06-27T08:56:30.626+0000] {logging_mixin.py:149} INFO - [2023-06-27T08:56:30.626+0000] {dag.py:2726} INFO - Sync 2 DAGs
[2023-06-27T08:56:30.651+0000] {logging_mixin.py:149} INFO - [2023-06-27T08:56:30.651+0000] {dag.py:3486} INFO - Setting next_dagrun for example_xcom_args to None, run_after=None
[2023-06-27T08:56:30.655+0000] {logging_mixin.py:149} INFO - [2023-06-27T08:56:30.655+0000] {dag.py:3486} INFO - Setting next_dagrun for example_xcom_args_with_operators to None, run_after=None
[2023-06-27T08:56:30.862+0000] {processor.py:179} INFO - Processing /home/airflow/.local/lib/python3.8/site-packages/airflow/example_dags/example_xcomargs.py took 0.319 seconds
[2023-06-27T08:56:48.978+0000] {processor.py:157} INFO - Started process (PID=574) to work on /home/airflow/.local/lib/python3.8/site-packages/airflow/example_dags/example_xcomargs.py
[2023-06-27T08:56:48.979+0000] {processor.py:826} INFO - Processing file /home/airflow/.local/lib/python3.8/site-packages/airflow/example_dags/example_xcomargs.py for tasks to queue
[2023-06-27T08:56:48.980+0000] {logging_mixin.py:149} INFO - [2023-06-27T08:56:48.979+0000] {dagbag.py:541} INFO - Filling up the DagBag from /home/airflow/.local/lib/python3.8/site-packages/airflow/example_dags/example_xcomargs.py
[2023-06-27T08:56:48.992+0000] {processor.py:836} INFO - DAG(s) dict_keys(['example_xcom_args', 'example_xcom_args_with_operators']) retrieved from /home/airflow/.local/lib/python3.8/site-packages/airflow/example_dags/example_xcomargs.py
[2023-06-27T08:56:49.028+0000] {logging_mixin.py:149} INFO - [2023-06-27T08:56:49.028+0000] {dag.py:2726} INFO - Sync 2 DAGs
[2023-06-27T08:56:49.054+0000] {logging_mixin.py:149} INFO - [2023-06-27T08:56:49.053+0000] {dag.py:3486} INFO - Setting next_dagrun for example_xcom_args to None, run_after=None
[2023-06-27T08:56:49.058+0000] {logging_mixin.py:149} INFO - [2023-06-27T08:56:49.058+0000] {dag.py:3486} INFO - Setting next_dagrun for example_xcom_args_with_operators to None, run_after=None
[2023-06-27T08:56:49.102+0000] {processor.py:179} INFO - Processing /home/airflow/.local/lib/python3.8/site-packages/airflow/example_dags/example_xcomargs.py took 0.129 seconds
[2023-06-27T09:00:28.600+0000] {processor.py:157} INFO - Started process (PID=730) to work on /home/airflow/.local/lib/python3.8/site-packages/airflow/example_dags/example_xcomargs.py
[2023-06-27T09:00:28.706+0000] {processor.py:826} INFO - Processing file /home/airflow/.local/lib/python3.8/site-packages/airflow/example_dags/example_xcomargs.py for tasks to queue
[2023-06-27T09:00:28.708+0000] {logging_mixin.py:149} INFO - [2023-06-27T09:00:28.708+0000] {dagbag.py:541} INFO - Filling up the DagBag from /home/airflow/.local/lib/python3.8/site-packages/airflow/example_dags/example_xcomargs.py
[2023-06-27T09:00:28.843+0000] {processor.py:836} INFO - DAG(s) dict_keys(['example_xcom_args_with_operators', 'example_xcom_args']) retrieved from /home/airflow/.local/lib/python3.8/site-packages/airflow/example_dags/example_xcomargs.py
[2023-06-27T09:00:29.219+0000] {logging_mixin.py:149} INFO - [2023-06-27T09:00:29.219+0000] {dag.py:2726} INFO - Sync 2 DAGs
[2023-06-27T09:00:29.542+0000] {logging_mixin.py:149} INFO - [2023-06-27T09:00:29.542+0000] {dag.py:3486} INFO - Setting next_dagrun for example_xcom_args to None, run_after=None
[2023-06-27T09:00:29.590+0000] {logging_mixin.py:149} INFO - [2023-06-27T09:00:29.590+0000] {dag.py:3486} INFO - Setting next_dagrun for example_xcom_args_with_operators to None, run_after=None
[2023-06-27T09:00:29.903+0000] {processor.py:179} INFO - Processing /home/airflow/.local/lib/python3.8/site-packages/airflow/example_dags/example_xcomargs.py took 1.344 seconds
[2023-06-27T09:20:48.877+0000] {processor.py:157} INFO - Started process (PID=75) to work on /home/airflow/.local/lib/python3.8/site-packages/airflow/example_dags/example_xcomargs.py
[2023-06-27T09:20:48.894+0000] {processor.py:826} INFO - Processing file /home/airflow/.local/lib/python3.8/site-packages/airflow/example_dags/example_xcomargs.py for tasks to queue
[2023-06-27T09:20:48.895+0000] {logging_mixin.py:149} INFO - [2023-06-27T09:20:48.894+0000] {dagbag.py:541} INFO - Filling up the DagBag from /home/airflow/.local/lib/python3.8/site-packages/airflow/example_dags/example_xcomargs.py
[2023-06-27T09:20:48.966+0000] {processor.py:836} INFO - DAG(s) dict_keys(['example_xcom_args_with_operators', 'example_xcom_args']) retrieved from /home/airflow/.local/lib/python3.8/site-packages/airflow/example_dags/example_xcomargs.py
[2023-06-27T09:20:49.147+0000] {logging_mixin.py:149} INFO - [2023-06-27T09:20:49.147+0000] {dag.py:2726} INFO - Sync 2 DAGs
[2023-06-27T09:20:49.223+0000] {logging_mixin.py:149} INFO - [2023-06-27T09:20:49.222+0000] {dag.py:3486} INFO - Setting next_dagrun for example_xcom_args to None, run_after=None
[2023-06-27T09:20:49.235+0000] {logging_mixin.py:149} INFO - [2023-06-27T09:20:49.235+0000] {dag.py:3486} INFO - Setting next_dagrun for example_xcom_args_with_operators to None, run_after=None
[2023-06-27T09:20:49.310+0000] {processor.py:179} INFO - Processing /home/airflow/.local/lib/python3.8/site-packages/airflow/example_dags/example_xcomargs.py took 0.446 seconds
[2023-06-27T09:21:20.772+0000] {processor.py:157} INFO - Started process (PID=142) to work on /home/airflow/.local/lib/python3.8/site-packages/airflow/example_dags/example_xcomargs.py
[2023-06-27T09:21:20.791+0000] {processor.py:826} INFO - Processing file /home/airflow/.local/lib/python3.8/site-packages/airflow/example_dags/example_xcomargs.py for tasks to queue
[2023-06-27T09:21:20.793+0000] {logging_mixin.py:149} INFO - [2023-06-27T09:21:20.792+0000] {dagbag.py:541} INFO - Filling up the DagBag from /home/airflow/.local/lib/python3.8/site-packages/airflow/example_dags/example_xcomargs.py
[2023-06-27T09:21:20.842+0000] {processor.py:836} INFO - DAG(s) dict_keys(['example_xcom_args', 'example_xcom_args_with_operators']) retrieved from /home/airflow/.local/lib/python3.8/site-packages/airflow/example_dags/example_xcomargs.py
[2023-06-27T09:21:21.100+0000] {logging_mixin.py:149} INFO - [2023-06-27T09:21:21.099+0000] {dag.py:2726} INFO - Sync 2 DAGs
[2023-06-27T09:21:21.291+0000] {logging_mixin.py:149} INFO - [2023-06-27T09:21:21.291+0000] {dag.py:3486} INFO - Setting next_dagrun for example_xcom_args to None, run_after=None
[2023-06-27T09:21:21.320+0000] {logging_mixin.py:149} INFO - [2023-06-27T09:21:21.320+0000] {dag.py:3486} INFO - Setting next_dagrun for example_xcom_args_with_operators to None, run_after=None
[2023-06-27T09:21:21.419+0000] {processor.py:179} INFO - Processing /home/airflow/.local/lib/python3.8/site-packages/airflow/example_dags/example_xcomargs.py took 0.694 seconds
[2023-06-27T09:21:51.681+0000] {processor.py:157} INFO - Started process (PID=210) to work on /home/airflow/.local/lib/python3.8/site-packages/airflow/example_dags/example_xcomargs.py
[2023-06-27T09:21:51.686+0000] {processor.py:826} INFO - Processing file /home/airflow/.local/lib/python3.8/site-packages/airflow/example_dags/example_xcomargs.py for tasks to queue
[2023-06-27T09:21:51.688+0000] {logging_mixin.py:149} INFO - [2023-06-27T09:21:51.688+0000] {dagbag.py:541} INFO - Filling up the DagBag from /home/airflow/.local/lib/python3.8/site-packages/airflow/example_dags/example_xcomargs.py
[2023-06-27T09:21:51.718+0000] {processor.py:836} INFO - DAG(s) dict_keys(['example_xcom_args_with_operators', 'example_xcom_args']) retrieved from /home/airflow/.local/lib/python3.8/site-packages/airflow/example_dags/example_xcomargs.py
[2023-06-27T09:21:51.807+0000] {logging_mixin.py:149} INFO - [2023-06-27T09:21:51.806+0000] {dag.py:2726} INFO - Sync 2 DAGs
[2023-06-27T09:21:51.869+0000] {logging_mixin.py:149} INFO - [2023-06-27T09:21:51.868+0000] {dag.py:3486} INFO - Setting next_dagrun for example_xcom_args to None, run_after=None
[2023-06-27T09:21:51.879+0000] {logging_mixin.py:149} INFO - [2023-06-27T09:21:51.879+0000] {dag.py:3486} INFO - Setting next_dagrun for example_xcom_args_with_operators to None, run_after=None
[2023-06-27T09:21:51.917+0000] {processor.py:179} INFO - Processing /home/airflow/.local/lib/python3.8/site-packages/airflow/example_dags/example_xcomargs.py took 0.245 seconds
[2023-06-27T09:22:22.308+0000] {processor.py:157} INFO - Started process (PID=277) to work on /home/airflow/.local/lib/python3.8/site-packages/airflow/example_dags/example_xcomargs.py
[2023-06-27T09:22:22.315+0000] {processor.py:826} INFO - Processing file /home/airflow/.local/lib/python3.8/site-packages/airflow/example_dags/example_xcomargs.py for tasks to queue
[2023-06-27T09:22:22.316+0000] {logging_mixin.py:149} INFO - [2023-06-27T09:22:22.316+0000] {dagbag.py:541} INFO - Filling up the DagBag from /home/airflow/.local/lib/python3.8/site-packages/airflow/example_dags/example_xcomargs.py
[2023-06-27T09:22:22.338+0000] {processor.py:836} INFO - DAG(s) dict_keys(['example_xcom_args', 'example_xcom_args_with_operators']) retrieved from /home/airflow/.local/lib/python3.8/site-packages/airflow/example_dags/example_xcomargs.py
[2023-06-27T09:22:22.406+0000] {logging_mixin.py:149} INFO - [2023-06-27T09:22:22.404+0000] {dag.py:2726} INFO - Sync 2 DAGs
[2023-06-27T09:22:22.475+0000] {logging_mixin.py:149} INFO - [2023-06-27T09:22:22.475+0000] {dag.py:3486} INFO - Setting next_dagrun for example_xcom_args to None, run_after=None
[2023-06-27T09:22:22.484+0000] {logging_mixin.py:149} INFO - [2023-06-27T09:22:22.484+0000] {dag.py:3486} INFO - Setting next_dagrun for example_xcom_args_with_operators to None, run_after=None
[2023-06-27T09:22:22.523+0000] {processor.py:179} INFO - Processing /home/airflow/.local/lib/python3.8/site-packages/airflow/example_dags/example_xcomargs.py took 0.228 seconds
[2023-06-27T09:22:53.989+0000] {processor.py:157} INFO - Started process (PID=346) to work on /home/airflow/.local/lib/python3.8/site-packages/airflow/example_dags/example_xcomargs.py
[2023-06-27T09:22:53.990+0000] {processor.py:826} INFO - Processing file /home/airflow/.local/lib/python3.8/site-packages/airflow/example_dags/example_xcomargs.py for tasks to queue
[2023-06-27T09:22:53.992+0000] {logging_mixin.py:149} INFO - [2023-06-27T09:22:53.992+0000] {dagbag.py:541} INFO - Filling up the DagBag from /home/airflow/.local/lib/python3.8/site-packages/airflow/example_dags/example_xcomargs.py
[2023-06-27T09:22:54.035+0000] {processor.py:836} INFO - DAG(s) dict_keys(['example_xcom_args_with_operators', 'example_xcom_args']) retrieved from /home/airflow/.local/lib/python3.8/site-packages/airflow/example_dags/example_xcomargs.py
[2023-06-27T09:22:54.143+0000] {logging_mixin.py:149} INFO - [2023-06-27T09:22:54.143+0000] {dag.py:2726} INFO - Sync 2 DAGs
[2023-06-27T09:22:54.211+0000] {logging_mixin.py:149} INFO - [2023-06-27T09:22:54.211+0000] {dag.py:3486} INFO - Setting next_dagrun for example_xcom_args to None, run_after=None
[2023-06-27T09:22:54.222+0000] {logging_mixin.py:149} INFO - [2023-06-27T09:22:54.222+0000] {dag.py:3486} INFO - Setting next_dagrun for example_xcom_args_with_operators to None, run_after=None
[2023-06-27T09:22:54.274+0000] {processor.py:179} INFO - Processing /home/airflow/.local/lib/python3.8/site-packages/airflow/example_dags/example_xcomargs.py took 0.307 seconds
[2023-06-27T09:23:24.923+0000] {processor.py:157} INFO - Started process (PID=412) to work on /home/airflow/.local/lib/python3.8/site-packages/airflow/example_dags/example_xcomargs.py
[2023-06-27T09:23:24.927+0000] {processor.py:826} INFO - Processing file /home/airflow/.local/lib/python3.8/site-packages/airflow/example_dags/example_xcomargs.py for tasks to queue
[2023-06-27T09:23:24.928+0000] {logging_mixin.py:149} INFO - [2023-06-27T09:23:24.928+0000] {dagbag.py:541} INFO - Filling up the DagBag from /home/airflow/.local/lib/python3.8/site-packages/airflow/example_dags/example_xcomargs.py
[2023-06-27T09:23:24.951+0000] {processor.py:836} INFO - DAG(s) dict_keys(['example_xcom_args', 'example_xcom_args_with_operators']) retrieved from /home/airflow/.local/lib/python3.8/site-packages/airflow/example_dags/example_xcomargs.py
[2023-06-27T09:23:25.019+0000] {logging_mixin.py:149} INFO - [2023-06-27T09:23:25.018+0000] {dag.py:2726} INFO - Sync 2 DAGs
[2023-06-27T09:23:25.079+0000] {logging_mixin.py:149} INFO - [2023-06-27T09:23:25.079+0000] {dag.py:3486} INFO - Setting next_dagrun for example_xcom_args to None, run_after=None
[2023-06-27T09:23:25.088+0000] {logging_mixin.py:149} INFO - [2023-06-27T09:23:25.087+0000] {dag.py:3486} INFO - Setting next_dagrun for example_xcom_args_with_operators to None, run_after=None
[2023-06-27T09:23:25.127+0000] {processor.py:179} INFO - Processing /home/airflow/.local/lib/python3.8/site-packages/airflow/example_dags/example_xcomargs.py took 0.216 seconds
[2023-06-27T09:23:55.648+0000] {processor.py:157} INFO - Started process (PID=476) to work on /home/airflow/.local/lib/python3.8/site-packages/airflow/example_dags/example_xcomargs.py
[2023-06-27T09:23:55.652+0000] {processor.py:826} INFO - Processing file /home/airflow/.local/lib/python3.8/site-packages/airflow/example_dags/example_xcomargs.py for tasks to queue
[2023-06-27T09:23:55.654+0000] {logging_mixin.py:149} INFO - [2023-06-27T09:23:55.654+0000] {dagbag.py:541} INFO - Filling up the DagBag from /home/airflow/.local/lib/python3.8/site-packages/airflow/example_dags/example_xcomargs.py
[2023-06-27T09:23:55.673+0000] {processor.py:836} INFO - DAG(s) dict_keys(['example_xcom_args_with_operators', 'example_xcom_args']) retrieved from /home/airflow/.local/lib/python3.8/site-packages/airflow/example_dags/example_xcomargs.py
[2023-06-27T09:23:55.718+0000] {logging_mixin.py:149} INFO - [2023-06-27T09:23:55.718+0000] {dag.py:2726} INFO - Sync 2 DAGs
[2023-06-27T09:23:55.745+0000] {logging_mixin.py:149} INFO - [2023-06-27T09:23:55.745+0000] {dag.py:3486} INFO - Setting next_dagrun for example_xcom_args to None, run_after=None
[2023-06-27T09:23:55.750+0000] {logging_mixin.py:149} INFO - [2023-06-27T09:23:55.750+0000] {dag.py:3486} INFO - Setting next_dagrun for example_xcom_args_with_operators to None, run_after=None
[2023-06-27T09:23:55.777+0000] {processor.py:179} INFO - Processing /home/airflow/.local/lib/python3.8/site-packages/airflow/example_dags/example_xcomargs.py took 0.137 seconds
[2023-06-27T09:25:53.916+0000] {processor.py:157} INFO - Started process (PID=73) to work on /home/airflow/.local/lib/python3.8/site-packages/airflow/example_dags/example_xcomargs.py
[2023-06-27T09:25:53.918+0000] {processor.py:826} INFO - Processing file /home/airflow/.local/lib/python3.8/site-packages/airflow/example_dags/example_xcomargs.py for tasks to queue
[2023-06-27T09:25:53.919+0000] {logging_mixin.py:149} INFO - [2023-06-27T09:25:53.919+0000] {dagbag.py:541} INFO - Filling up the DagBag from /home/airflow/.local/lib/python3.8/site-packages/airflow/example_dags/example_xcomargs.py
[2023-06-27T09:25:53.955+0000] {processor.py:836} INFO - DAG(s) dict_keys(['example_xcom_args', 'example_xcom_args_with_operators']) retrieved from /home/airflow/.local/lib/python3.8/site-packages/airflow/example_dags/example_xcomargs.py
[2023-06-27T09:25:54.051+0000] {logging_mixin.py:149} INFO - [2023-06-27T09:25:54.050+0000] {dag.py:2726} INFO - Sync 2 DAGs
[2023-06-27T09:25:54.139+0000] {logging_mixin.py:149} INFO - [2023-06-27T09:25:54.139+0000] {dag.py:3486} INFO - Setting next_dagrun for example_xcom_args to None, run_after=None
[2023-06-27T09:25:54.158+0000] {logging_mixin.py:149} INFO - [2023-06-27T09:25:54.157+0000] {dag.py:3486} INFO - Setting next_dagrun for example_xcom_args_with_operators to None, run_after=None
[2023-06-27T09:25:54.270+0000] {processor.py:179} INFO - Processing /home/airflow/.local/lib/python3.8/site-packages/airflow/example_dags/example_xcomargs.py took 0.374 seconds
[2023-06-27T09:26:24.524+0000] {processor.py:157} INFO - Started process (PID=136) to work on /home/airflow/.local/lib/python3.8/site-packages/airflow/example_dags/example_xcomargs.py
[2023-06-27T09:26:24.535+0000] {processor.py:826} INFO - Processing file /home/airflow/.local/lib/python3.8/site-packages/airflow/example_dags/example_xcomargs.py for tasks to queue
[2023-06-27T09:26:24.537+0000] {logging_mixin.py:149} INFO - [2023-06-27T09:26:24.537+0000] {dagbag.py:541} INFO - Filling up the DagBag from /home/airflow/.local/lib/python3.8/site-packages/airflow/example_dags/example_xcomargs.py
[2023-06-27T09:26:24.580+0000] {processor.py:836} INFO - DAG(s) dict_keys(['example_xcom_args_with_operators', 'example_xcom_args']) retrieved from /home/airflow/.local/lib/python3.8/site-packages/airflow/example_dags/example_xcomargs.py
[2023-06-27T09:26:24.665+0000] {logging_mixin.py:149} INFO - [2023-06-27T09:26:24.664+0000] {dag.py:2726} INFO - Sync 2 DAGs
[2023-06-27T09:26:24.695+0000] {logging_mixin.py:149} INFO - [2023-06-27T09:26:24.695+0000] {dag.py:3486} INFO - Setting next_dagrun for example_xcom_args to None, run_after=None
[2023-06-27T09:26:24.699+0000] {logging_mixin.py:149} INFO - [2023-06-27T09:26:24.699+0000] {dag.py:3486} INFO - Setting next_dagrun for example_xcom_args_with_operators to None, run_after=None
[2023-06-27T09:26:24.717+0000] {processor.py:179} INFO - Processing /home/airflow/.local/lib/python3.8/site-packages/airflow/example_dags/example_xcomargs.py took 0.208 seconds
[2023-06-27T09:26:57.218+0000] {processor.py:157} INFO - Started process (PID=204) to work on /home/airflow/.local/lib/python3.8/site-packages/airflow/example_dags/example_xcomargs.py
[2023-06-27T09:26:57.219+0000] {processor.py:826} INFO - Processing file /home/airflow/.local/lib/python3.8/site-packages/airflow/example_dags/example_xcomargs.py for tasks to queue
[2023-06-27T09:26:57.221+0000] {logging_mixin.py:149} INFO - [2023-06-27T09:26:57.221+0000] {dagbag.py:541} INFO - Filling up the DagBag from /home/airflow/.local/lib/python3.8/site-packages/airflow/example_dags/example_xcomargs.py
[2023-06-27T09:26:57.261+0000] {processor.py:836} INFO - DAG(s) dict_keys(['example_xcom_args', 'example_xcom_args_with_operators']) retrieved from /home/airflow/.local/lib/python3.8/site-packages/airflow/example_dags/example_xcomargs.py
[2023-06-27T09:26:57.347+0000] {logging_mixin.py:149} INFO - [2023-06-27T09:26:57.347+0000] {dag.py:2726} INFO - Sync 2 DAGs
[2023-06-27T09:26:57.435+0000] {logging_mixin.py:149} INFO - [2023-06-27T09:26:57.435+0000] {dag.py:3486} INFO - Setting next_dagrun for example_xcom_args to None, run_after=None
[2023-06-27T09:26:57.451+0000] {logging_mixin.py:149} INFO - [2023-06-27T09:26:57.451+0000] {dag.py:3486} INFO - Setting next_dagrun for example_xcom_args_with_operators to None, run_after=None
[2023-06-27T09:26:57.516+0000] {processor.py:179} INFO - Processing /home/airflow/.local/lib/python3.8/site-packages/airflow/example_dags/example_xcomargs.py took 0.326 seconds
[2023-06-27T09:27:28.637+0000] {processor.py:157} INFO - Started process (PID=276) to work on /home/airflow/.local/lib/python3.8/site-packages/airflow/example_dags/example_xcomargs.py
[2023-06-27T09:27:28.647+0000] {processor.py:826} INFO - Processing file /home/airflow/.local/lib/python3.8/site-packages/airflow/example_dags/example_xcomargs.py for tasks to queue
[2023-06-27T09:27:28.649+0000] {logging_mixin.py:149} INFO - [2023-06-27T09:27:28.648+0000] {dagbag.py:541} INFO - Filling up the DagBag from /home/airflow/.local/lib/python3.8/site-packages/airflow/example_dags/example_xcomargs.py
[2023-06-27T09:27:28.671+0000] {processor.py:836} INFO - DAG(s) dict_keys(['example_xcom_args', 'example_xcom_args_with_operators']) retrieved from /home/airflow/.local/lib/python3.8/site-packages/airflow/example_dags/example_xcomargs.py
[2023-06-27T09:27:28.759+0000] {logging_mixin.py:149} INFO - [2023-06-27T09:27:28.758+0000] {dag.py:2726} INFO - Sync 2 DAGs
[2023-06-27T09:27:28.841+0000] {logging_mixin.py:149} INFO - [2023-06-27T09:27:28.841+0000] {dag.py:3486} INFO - Setting next_dagrun for example_xcom_args to None, run_after=None
[2023-06-27T09:27:28.863+0000] {logging_mixin.py:149} INFO - [2023-06-27T09:27:28.863+0000] {dag.py:3486} INFO - Setting next_dagrun for example_xcom_args_with_operators to None, run_after=None
[2023-06-27T09:27:28.927+0000] {processor.py:179} INFO - Processing /home/airflow/.local/lib/python3.8/site-packages/airflow/example_dags/example_xcomargs.py took 0.298 seconds
[2023-06-27T09:27:59.019+0000] {processor.py:157} INFO - Started process (PID=342) to work on /home/airflow/.local/lib/python3.8/site-packages/airflow/example_dags/example_xcomargs.py
[2023-06-27T09:27:59.020+0000] {processor.py:826} INFO - Processing file /home/airflow/.local/lib/python3.8/site-packages/airflow/example_dags/example_xcomargs.py for tasks to queue
[2023-06-27T09:27:59.022+0000] {logging_mixin.py:149} INFO - [2023-06-27T09:27:59.021+0000] {dagbag.py:541} INFO - Filling up the DagBag from /home/airflow/.local/lib/python3.8/site-packages/airflow/example_dags/example_xcomargs.py
[2023-06-27T09:27:59.039+0000] {processor.py:836} INFO - DAG(s) dict_keys(['example_xcom_args_with_operators', 'example_xcom_args']) retrieved from /home/airflow/.local/lib/python3.8/site-packages/airflow/example_dags/example_xcomargs.py
[2023-06-27T09:27:59.107+0000] {logging_mixin.py:149} INFO - [2023-06-27T09:27:59.106+0000] {dag.py:2726} INFO - Sync 2 DAGs
[2023-06-27T09:27:59.144+0000] {logging_mixin.py:149} INFO - [2023-06-27T09:27:59.144+0000] {dag.py:3486} INFO - Setting next_dagrun for example_xcom_args to None, run_after=None
[2023-06-27T09:27:59.148+0000] {logging_mixin.py:149} INFO - [2023-06-27T09:27:59.148+0000] {dag.py:3486} INFO - Setting next_dagrun for example_xcom_args_with_operators to None, run_after=None
[2023-06-27T09:27:59.169+0000] {processor.py:179} INFO - Processing /home/airflow/.local/lib/python3.8/site-packages/airflow/example_dags/example_xcomargs.py took 0.155 seconds
[2023-06-27T09:28:29.411+0000] {processor.py:157} INFO - Started process (PID=410) to work on /home/airflow/.local/lib/python3.8/site-packages/airflow/example_dags/example_xcomargs.py
[2023-06-27T09:28:29.413+0000] {processor.py:826} INFO - Processing file /home/airflow/.local/lib/python3.8/site-packages/airflow/example_dags/example_xcomargs.py for tasks to queue
[2023-06-27T09:28:29.415+0000] {logging_mixin.py:149} INFO - [2023-06-27T09:28:29.415+0000] {dagbag.py:541} INFO - Filling up the DagBag from /home/airflow/.local/lib/python3.8/site-packages/airflow/example_dags/example_xcomargs.py
[2023-06-27T09:28:29.426+0000] {processor.py:836} INFO - DAG(s) dict_keys(['example_xcom_args', 'example_xcom_args_with_operators']) retrieved from /home/airflow/.local/lib/python3.8/site-packages/airflow/example_dags/example_xcomargs.py
[2023-06-27T09:28:29.471+0000] {logging_mixin.py:149} INFO - [2023-06-27T09:28:29.471+0000] {dag.py:2726} INFO - Sync 2 DAGs
[2023-06-27T09:28:29.500+0000] {logging_mixin.py:149} INFO - [2023-06-27T09:28:29.500+0000] {dag.py:3486} INFO - Setting next_dagrun for example_xcom_args to None, run_after=None
[2023-06-27T09:28:29.505+0000] {logging_mixin.py:149} INFO - [2023-06-27T09:28:29.505+0000] {dag.py:3486} INFO - Setting next_dagrun for example_xcom_args_with_operators to None, run_after=None
[2023-06-27T09:28:29.524+0000] {processor.py:179} INFO - Processing /home/airflow/.local/lib/python3.8/site-packages/airflow/example_dags/example_xcomargs.py took 0.118 seconds
[2023-06-27T09:28:59.623+0000] {processor.py:157} INFO - Started process (PID=476) to work on /home/airflow/.local/lib/python3.8/site-packages/airflow/example_dags/example_xcomargs.py
[2023-06-27T09:28:59.624+0000] {processor.py:826} INFO - Processing file /home/airflow/.local/lib/python3.8/site-packages/airflow/example_dags/example_xcomargs.py for tasks to queue
[2023-06-27T09:28:59.627+0000] {logging_mixin.py:149} INFO - [2023-06-27T09:28:59.626+0000] {dagbag.py:541} INFO - Filling up the DagBag from /home/airflow/.local/lib/python3.8/site-packages/airflow/example_dags/example_xcomargs.py
[2023-06-27T09:28:59.638+0000] {processor.py:836} INFO - DAG(s) dict_keys(['example_xcom_args', 'example_xcom_args_with_operators']) retrieved from /home/airflow/.local/lib/python3.8/site-packages/airflow/example_dags/example_xcomargs.py
[2023-06-27T09:28:59.675+0000] {logging_mixin.py:149} INFO - [2023-06-27T09:28:59.675+0000] {dag.py:2726} INFO - Sync 2 DAGs
[2023-06-27T09:28:59.705+0000] {logging_mixin.py:149} INFO - [2023-06-27T09:28:59.705+0000] {dag.py:3486} INFO - Setting next_dagrun for example_xcom_args to None, run_after=None
[2023-06-27T09:28:59.710+0000] {logging_mixin.py:149} INFO - [2023-06-27T09:28:59.710+0000] {dag.py:3486} INFO - Setting next_dagrun for example_xcom_args_with_operators to None, run_after=None
[2023-06-27T09:28:59.731+0000] {processor.py:179} INFO - Processing /home/airflow/.local/lib/python3.8/site-packages/airflow/example_dags/example_xcomargs.py took 0.118 seconds
[2023-06-27T09:29:30.724+0000] {processor.py:157} INFO - Started process (PID=554) to work on /home/airflow/.local/lib/python3.8/site-packages/airflow/example_dags/example_xcomargs.py
[2023-06-27T09:29:30.727+0000] {processor.py:826} INFO - Processing file /home/airflow/.local/lib/python3.8/site-packages/airflow/example_dags/example_xcomargs.py for tasks to queue
[2023-06-27T09:29:30.731+0000] {logging_mixin.py:149} INFO - [2023-06-27T09:29:30.731+0000] {dagbag.py:541} INFO - Filling up the DagBag from /home/airflow/.local/lib/python3.8/site-packages/airflow/example_dags/example_xcomargs.py
[2023-06-27T09:29:30.747+0000] {processor.py:836} INFO - DAG(s) dict_keys(['example_xcom_args', 'example_xcom_args_with_operators']) retrieved from /home/airflow/.local/lib/python3.8/site-packages/airflow/example_dags/example_xcomargs.py
[2023-06-27T09:29:30.791+0000] {logging_mixin.py:149} INFO - [2023-06-27T09:29:30.791+0000] {dag.py:2726} INFO - Sync 2 DAGs
[2023-06-27T09:29:30.830+0000] {logging_mixin.py:149} INFO - [2023-06-27T09:29:30.830+0000] {dag.py:3486} INFO - Setting next_dagrun for example_xcom_args to None, run_after=None
[2023-06-27T09:29:30.834+0000] {logging_mixin.py:149} INFO - [2023-06-27T09:29:30.834+0000] {dag.py:3486} INFO - Setting next_dagrun for example_xcom_args_with_operators to None, run_after=None
[2023-06-27T09:29:30.864+0000] {processor.py:179} INFO - Processing /home/airflow/.local/lib/python3.8/site-packages/airflow/example_dags/example_xcomargs.py took 0.149 seconds
[2023-06-27T09:30:01.659+0000] {processor.py:157} INFO - Started process (PID=620) to work on /home/airflow/.local/lib/python3.8/site-packages/airflow/example_dags/example_xcomargs.py
[2023-06-27T09:30:01.661+0000] {processor.py:826} INFO - Processing file /home/airflow/.local/lib/python3.8/site-packages/airflow/example_dags/example_xcomargs.py for tasks to queue
[2023-06-27T09:30:01.673+0000] {logging_mixin.py:149} INFO - [2023-06-27T09:30:01.673+0000] {dagbag.py:541} INFO - Filling up the DagBag from /home/airflow/.local/lib/python3.8/site-packages/airflow/example_dags/example_xcomargs.py
[2023-06-27T09:30:01.700+0000] {processor.py:836} INFO - DAG(s) dict_keys(['example_xcom_args_with_operators', 'example_xcom_args']) retrieved from /home/airflow/.local/lib/python3.8/site-packages/airflow/example_dags/example_xcomargs.py
[2023-06-27T09:30:01.775+0000] {logging_mixin.py:149} INFO - [2023-06-27T09:30:01.775+0000] {dag.py:2726} INFO - Sync 2 DAGs
[2023-06-27T09:30:01.831+0000] {logging_mixin.py:149} INFO - [2023-06-27T09:30:01.831+0000] {dag.py:3486} INFO - Setting next_dagrun for example_xcom_args to None, run_after=None
[2023-06-27T09:30:01.846+0000] {logging_mixin.py:149} INFO - [2023-06-27T09:30:01.842+0000] {dag.py:3486} INFO - Setting next_dagrun for example_xcom_args_with_operators to None, run_after=None
[2023-06-27T09:30:01.883+0000] {processor.py:179} INFO - Processing /home/airflow/.local/lib/python3.8/site-packages/airflow/example_dags/example_xcomargs.py took 0.237 seconds
[2023-06-27T09:30:32.541+0000] {processor.py:157} INFO - Started process (PID=691) to work on /home/airflow/.local/lib/python3.8/site-packages/airflow/example_dags/example_xcomargs.py
[2023-06-27T09:30:32.542+0000] {processor.py:826} INFO - Processing file /home/airflow/.local/lib/python3.8/site-packages/airflow/example_dags/example_xcomargs.py for tasks to queue
[2023-06-27T09:30:32.544+0000] {logging_mixin.py:149} INFO - [2023-06-27T09:30:32.544+0000] {dagbag.py:541} INFO - Filling up the DagBag from /home/airflow/.local/lib/python3.8/site-packages/airflow/example_dags/example_xcomargs.py
[2023-06-27T09:30:32.554+0000] {processor.py:836} INFO - DAG(s) dict_keys(['example_xcom_args', 'example_xcom_args_with_operators']) retrieved from /home/airflow/.local/lib/python3.8/site-packages/airflow/example_dags/example_xcomargs.py
[2023-06-27T09:30:32.590+0000] {logging_mixin.py:149} INFO - [2023-06-27T09:30:32.590+0000] {dag.py:2726} INFO - Sync 2 DAGs
[2023-06-27T09:30:32.621+0000] {logging_mixin.py:149} INFO - [2023-06-27T09:30:32.621+0000] {dag.py:3486} INFO - Setting next_dagrun for example_xcom_args to None, run_after=None
[2023-06-27T09:30:32.625+0000] {logging_mixin.py:149} INFO - [2023-06-27T09:30:32.625+0000] {dag.py:3486} INFO - Setting next_dagrun for example_xcom_args_with_operators to None, run_after=None
[2023-06-27T09:30:32.645+0000] {processor.py:179} INFO - Processing /home/airflow/.local/lib/python3.8/site-packages/airflow/example_dags/example_xcomargs.py took 0.109 seconds
[2023-06-27T09:31:03.458+0000] {processor.py:157} INFO - Started process (PID=769) to work on /home/airflow/.local/lib/python3.8/site-packages/airflow/example_dags/example_xcomargs.py
[2023-06-27T09:31:03.459+0000] {processor.py:826} INFO - Processing file /home/airflow/.local/lib/python3.8/site-packages/airflow/example_dags/example_xcomargs.py for tasks to queue
[2023-06-27T09:31:03.461+0000] {logging_mixin.py:149} INFO - [2023-06-27T09:31:03.461+0000] {dagbag.py:541} INFO - Filling up the DagBag from /home/airflow/.local/lib/python3.8/site-packages/airflow/example_dags/example_xcomargs.py
[2023-06-27T09:31:03.471+0000] {processor.py:836} INFO - DAG(s) dict_keys(['example_xcom_args_with_operators', 'example_xcom_args']) retrieved from /home/airflow/.local/lib/python3.8/site-packages/airflow/example_dags/example_xcomargs.py
[2023-06-27T09:31:03.508+0000] {logging_mixin.py:149} INFO - [2023-06-27T09:31:03.508+0000] {dag.py:2726} INFO - Sync 2 DAGs
[2023-06-27T09:31:03.538+0000] {logging_mixin.py:149} INFO - [2023-06-27T09:31:03.538+0000] {dag.py:3486} INFO - Setting next_dagrun for example_xcom_args to None, run_after=None
[2023-06-27T09:31:03.542+0000] {logging_mixin.py:149} INFO - [2023-06-27T09:31:03.542+0000] {dag.py:3486} INFO - Setting next_dagrun for example_xcom_args_with_operators to None, run_after=None
[2023-06-27T09:31:03.561+0000] {processor.py:179} INFO - Processing /home/airflow/.local/lib/python3.8/site-packages/airflow/example_dags/example_xcomargs.py took 0.107 seconds
[2023-06-27T09:31:34.821+0000] {processor.py:157} INFO - Started process (PID=835) to work on /home/airflow/.local/lib/python3.8/site-packages/airflow/example_dags/example_xcomargs.py
[2023-06-27T09:31:34.822+0000] {processor.py:826} INFO - Processing file /home/airflow/.local/lib/python3.8/site-packages/airflow/example_dags/example_xcomargs.py for tasks to queue
[2023-06-27T09:31:34.824+0000] {logging_mixin.py:149} INFO - [2023-06-27T09:31:34.824+0000] {dagbag.py:541} INFO - Filling up the DagBag from /home/airflow/.local/lib/python3.8/site-packages/airflow/example_dags/example_xcomargs.py
[2023-06-27T09:31:34.835+0000] {processor.py:836} INFO - DAG(s) dict_keys(['example_xcom_args_with_operators', 'example_xcom_args']) retrieved from /home/airflow/.local/lib/python3.8/site-packages/airflow/example_dags/example_xcomargs.py
[2023-06-27T09:31:34.870+0000] {logging_mixin.py:149} INFO - [2023-06-27T09:31:34.870+0000] {dag.py:2726} INFO - Sync 2 DAGs
[2023-06-27T09:31:34.900+0000] {logging_mixin.py:149} INFO - [2023-06-27T09:31:34.900+0000] {dag.py:3486} INFO - Setting next_dagrun for example_xcom_args to None, run_after=None
[2023-06-27T09:31:34.904+0000] {logging_mixin.py:149} INFO - [2023-06-27T09:31:34.904+0000] {dag.py:3486} INFO - Setting next_dagrun for example_xcom_args_with_operators to None, run_after=None
[2023-06-27T09:31:34.923+0000] {processor.py:179} INFO - Processing /home/airflow/.local/lib/python3.8/site-packages/airflow/example_dags/example_xcomargs.py took 0.107 seconds
[2023-06-27T09:32:05.508+0000] {processor.py:157} INFO - Started process (PID=902) to work on /home/airflow/.local/lib/python3.8/site-packages/airflow/example_dags/example_xcomargs.py
[2023-06-27T09:32:05.510+0000] {processor.py:826} INFO - Processing file /home/airflow/.local/lib/python3.8/site-packages/airflow/example_dags/example_xcomargs.py for tasks to queue
[2023-06-27T09:32:05.512+0000] {logging_mixin.py:149} INFO - [2023-06-27T09:32:05.512+0000] {dagbag.py:541} INFO - Filling up the DagBag from /home/airflow/.local/lib/python3.8/site-packages/airflow/example_dags/example_xcomargs.py
[2023-06-27T09:32:05.523+0000] {processor.py:836} INFO - DAG(s) dict_keys(['example_xcom_args', 'example_xcom_args_with_operators']) retrieved from /home/airflow/.local/lib/python3.8/site-packages/airflow/example_dags/example_xcomargs.py
[2023-06-27T09:32:05.561+0000] {logging_mixin.py:149} INFO - [2023-06-27T09:32:05.560+0000] {dag.py:2726} INFO - Sync 2 DAGs
[2023-06-27T09:32:05.590+0000] {logging_mixin.py:149} INFO - [2023-06-27T09:32:05.590+0000] {dag.py:3486} INFO - Setting next_dagrun for example_xcom_args to None, run_after=None
[2023-06-27T09:32:05.595+0000] {logging_mixin.py:149} INFO - [2023-06-27T09:32:05.595+0000] {dag.py:3486} INFO - Setting next_dagrun for example_xcom_args_with_operators to None, run_after=None
[2023-06-27T09:32:05.615+0000] {processor.py:179} INFO - Processing /home/airflow/.local/lib/python3.8/site-packages/airflow/example_dags/example_xcomargs.py took 0.112 seconds
[2023-06-27T09:32:37.040+0000] {processor.py:157} INFO - Started process (PID=977) to work on /home/airflow/.local/lib/python3.8/site-packages/airflow/example_dags/example_xcomargs.py
[2023-06-27T09:32:37.041+0000] {processor.py:826} INFO - Processing file /home/airflow/.local/lib/python3.8/site-packages/airflow/example_dags/example_xcomargs.py for tasks to queue
[2023-06-27T09:32:37.063+0000] {logging_mixin.py:149} INFO - [2023-06-27T09:32:37.062+0000] {dagbag.py:541} INFO - Filling up the DagBag from /home/airflow/.local/lib/python3.8/site-packages/airflow/example_dags/example_xcomargs.py
[2023-06-27T09:32:37.113+0000] {processor.py:836} INFO - DAG(s) dict_keys(['example_xcom_args_with_operators', 'example_xcom_args']) retrieved from /home/airflow/.local/lib/python3.8/site-packages/airflow/example_dags/example_xcomargs.py
[2023-06-27T09:32:37.330+0000] {logging_mixin.py:149} INFO - [2023-06-27T09:32:37.330+0000] {dag.py:2726} INFO - Sync 2 DAGs
[2023-06-27T09:32:37.535+0000] {logging_mixin.py:149} INFO - [2023-06-27T09:32:37.535+0000] {dag.py:3486} INFO - Setting next_dagrun for example_xcom_args to None, run_after=None
[2023-06-27T09:32:37.564+0000] {logging_mixin.py:149} INFO - [2023-06-27T09:32:37.564+0000] {dag.py:3486} INFO - Setting next_dagrun for example_xcom_args_with_operators to None, run_after=None
[2023-06-27T09:32:37.699+0000] {processor.py:179} INFO - Processing /home/airflow/.local/lib/python3.8/site-packages/airflow/example_dags/example_xcomargs.py took 0.683 seconds
[2023-06-27T09:33:08.366+0000] {processor.py:157} INFO - Started process (PID=1045) to work on /home/airflow/.local/lib/python3.8/site-packages/airflow/example_dags/example_xcomargs.py
[2023-06-27T09:33:08.395+0000] {processor.py:826} INFO - Processing file /home/airflow/.local/lib/python3.8/site-packages/airflow/example_dags/example_xcomargs.py for tasks to queue
[2023-06-27T09:33:08.397+0000] {logging_mixin.py:149} INFO - [2023-06-27T09:33:08.397+0000] {dagbag.py:541} INFO - Filling up the DagBag from /home/airflow/.local/lib/python3.8/site-packages/airflow/example_dags/example_xcomargs.py
[2023-06-27T09:33:08.469+0000] {processor.py:836} INFO - DAG(s) dict_keys(['example_xcom_args', 'example_xcom_args_with_operators']) retrieved from /home/airflow/.local/lib/python3.8/site-packages/airflow/example_dags/example_xcomargs.py
[2023-06-27T09:33:08.627+0000] {logging_mixin.py:149} INFO - [2023-06-27T09:33:08.627+0000] {dag.py:2726} INFO - Sync 2 DAGs
[2023-06-27T09:33:08.743+0000] {logging_mixin.py:149} INFO - [2023-06-27T09:33:08.743+0000] {dag.py:3486} INFO - Setting next_dagrun for example_xcom_args to None, run_after=None
[2023-06-27T09:33:08.763+0000] {logging_mixin.py:149} INFO - [2023-06-27T09:33:08.763+0000] {dag.py:3486} INFO - Setting next_dagrun for example_xcom_args_with_operators to None, run_after=None
[2023-06-27T09:33:08.888+0000] {processor.py:179} INFO - Processing /home/airflow/.local/lib/python3.8/site-packages/airflow/example_dags/example_xcomargs.py took 0.533 seconds
[2023-06-27T09:33:39.574+0000] {processor.py:157} INFO - Started process (PID=1114) to work on /home/airflow/.local/lib/python3.8/site-packages/airflow/example_dags/example_xcomargs.py
[2023-06-27T09:33:39.595+0000] {processor.py:826} INFO - Processing file /home/airflow/.local/lib/python3.8/site-packages/airflow/example_dags/example_xcomargs.py for tasks to queue
[2023-06-27T09:33:39.597+0000] {logging_mixin.py:149} INFO - [2023-06-27T09:33:39.597+0000] {dagbag.py:541} INFO - Filling up the DagBag from /home/airflow/.local/lib/python3.8/site-packages/airflow/example_dags/example_xcomargs.py
[2023-06-27T09:33:39.677+0000] {processor.py:836} INFO - DAG(s) dict_keys(['example_xcom_args', 'example_xcom_args_with_operators']) retrieved from /home/airflow/.local/lib/python3.8/site-packages/airflow/example_dags/example_xcomargs.py
[2023-06-27T09:33:39.781+0000] {logging_mixin.py:149} INFO - [2023-06-27T09:33:39.781+0000] {dag.py:2726} INFO - Sync 2 DAGs
[2023-06-27T09:33:39.835+0000] {logging_mixin.py:149} INFO - [2023-06-27T09:33:39.835+0000] {dag.py:3486} INFO - Setting next_dagrun for example_xcom_args to None, run_after=None
[2023-06-27T09:33:39.843+0000] {logging_mixin.py:149} INFO - [2023-06-27T09:33:39.843+0000] {dag.py:3486} INFO - Setting next_dagrun for example_xcom_args_with_operators to None, run_after=None
[2023-06-27T09:33:39.899+0000] {processor.py:179} INFO - Processing /home/airflow/.local/lib/python3.8/site-packages/airflow/example_dags/example_xcomargs.py took 0.342 seconds
[2023-06-27T09:34:10.163+0000] {processor.py:157} INFO - Started process (PID=1180) to work on /home/airflow/.local/lib/python3.8/site-packages/airflow/example_dags/example_xcomargs.py
[2023-06-27T09:34:10.175+0000] {processor.py:826} INFO - Processing file /home/airflow/.local/lib/python3.8/site-packages/airflow/example_dags/example_xcomargs.py for tasks to queue
[2023-06-27T09:34:10.177+0000] {logging_mixin.py:149} INFO - [2023-06-27T09:34:10.176+0000] {dagbag.py:541} INFO - Filling up the DagBag from /home/airflow/.local/lib/python3.8/site-packages/airflow/example_dags/example_xcomargs.py
[2023-06-27T09:34:10.233+0000] {processor.py:836} INFO - DAG(s) dict_keys(['example_xcom_args_with_operators', 'example_xcom_args']) retrieved from /home/airflow/.local/lib/python3.8/site-packages/airflow/example_dags/example_xcomargs.py
[2023-06-27T09:34:10.311+0000] {logging_mixin.py:149} INFO - [2023-06-27T09:34:10.310+0000] {dag.py:2726} INFO - Sync 2 DAGs
[2023-06-27T09:34:10.385+0000] {logging_mixin.py:149} INFO - [2023-06-27T09:34:10.384+0000] {dag.py:3486} INFO - Setting next_dagrun for example_xcom_args to None, run_after=None
[2023-06-27T09:34:10.397+0000] {logging_mixin.py:149} INFO - [2023-06-27T09:34:10.397+0000] {dag.py:3486} INFO - Setting next_dagrun for example_xcom_args_with_operators to None, run_after=None
[2023-06-27T09:34:10.475+0000] {processor.py:179} INFO - Processing /home/airflow/.local/lib/python3.8/site-packages/airflow/example_dags/example_xcomargs.py took 0.369 seconds
