[2023-06-27T00:00:47.460+0000] {processor.py:157} INFO - Started process (PID=454) to work on /home/airflow/.local/lib/python3.8/site-packages/airflow/example_dags/example_branch_datetime_operator.py
[2023-06-27T00:00:47.461+0000] {processor.py:826} INFO - Processing file /home/airflow/.local/lib/python3.8/site-packages/airflow/example_dags/example_branch_datetime_operator.py for tasks to queue
[2023-06-27T00:00:47.462+0000] {logging_mixin.py:149} INFO - [2023-06-27T00:00:47.462+0000] {dagbag.py:541} INFO - Filling up the DagBag from /home/airflow/.local/lib/python3.8/site-packages/airflow/example_dags/example_branch_datetime_operator.py
[2023-06-27T00:00:47.475+0000] {processor.py:836} INFO - DAG(s) dict_keys(['example_branch_datetime_operator_3', 'example_branch_datetime_operator_2', 'example_branch_datetime_operator']) retrieved from /home/airflow/.local/lib/python3.8/site-packages/airflow/example_dags/example_branch_datetime_operator.py
[2023-06-27T00:00:48.448+0000] {logging_mixin.py:149} INFO - [2023-06-27T00:00:48.448+0000] {dag.py:2726} INFO - Sync 3 DAGs
[2023-06-27T00:00:48.648+0000] {logging_mixin.py:149} INFO - [2023-06-27T00:00:48.648+0000] {dag.py:3486} INFO - Setting next_dagrun for example_branch_datetime_operator to 2023-06-26T00:00:00+00:00, run_after=2023-06-27T00:00:00+00:00
[2023-06-27T00:00:48.684+0000] {logging_mixin.py:149} INFO - [2023-06-27T00:00:48.683+0000] {dag.py:3486} INFO - Setting next_dagrun for example_branch_datetime_operator_2 to 2023-06-26T00:00:00+00:00, run_after=2023-06-27T00:00:00+00:00
[2023-06-27T00:00:48.720+0000] {logging_mixin.py:149} INFO - [2023-06-27T00:00:48.719+0000] {dag.py:3486} INFO - Setting next_dagrun for example_branch_datetime_operator_3 to 2023-06-26T00:00:00+00:00, run_after=2023-06-27T00:00:00+00:00
[2023-06-27T00:00:48.922+0000] {processor.py:179} INFO - Processing /home/airflow/.local/lib/python3.8/site-packages/airflow/example_dags/example_branch_datetime_operator.py took 1.468 seconds
[2023-06-27T00:07:49.027+0000] {processor.py:157} INFO - Started process (PID=674) to work on /home/airflow/.local/lib/python3.8/site-packages/airflow/example_dags/example_branch_datetime_operator.py
[2023-06-27T00:07:49.087+0000] {processor.py:826} INFO - Processing file /home/airflow/.local/lib/python3.8/site-packages/airflow/example_dags/example_branch_datetime_operator.py for tasks to queue
[2023-06-27T00:07:49.088+0000] {logging_mixin.py:149} INFO - [2023-06-27T00:07:49.088+0000] {dagbag.py:541} INFO - Filling up the DagBag from /home/airflow/.local/lib/python3.8/site-packages/airflow/example_dags/example_branch_datetime_operator.py
[2023-06-27T00:07:54.028+0000] {processor.py:836} INFO - DAG(s) dict_keys(['example_branch_datetime_operator', 'example_branch_datetime_operator_3', 'example_branch_datetime_operator_2']) retrieved from /home/airflow/.local/lib/python3.8/site-packages/airflow/example_dags/example_branch_datetime_operator.py
[2023-06-27T00:08:03.360+0000] {logging_mixin.py:149} INFO - [2023-06-27T00:08:03.359+0000] {dag.py:2726} INFO - Sync 3 DAGs
[2023-06-27T00:08:11.792+0000] {logging_mixin.py:149} INFO - [2023-06-27T00:08:11.792+0000] {dag.py:3486} INFO - Setting next_dagrun for example_branch_datetime_operator to 2023-06-26T00:00:00+00:00, run_after=2023-06-27T00:00:00+00:00
[2023-06-27T00:08:14.382+0000] {logging_mixin.py:149} INFO - [2023-06-27T00:08:14.382+0000] {dag.py:3486} INFO - Setting next_dagrun for example_branch_datetime_operator_2 to 2023-06-26T00:00:00+00:00, run_after=2023-06-27T00:00:00+00:00
[2023-06-27T00:08:14.463+0000] {logging_mixin.py:149} INFO - [2023-06-27T00:08:14.461+0000] {dag.py:3486} INFO - Setting next_dagrun for example_branch_datetime_operator_3 to 2023-06-26T00:00:00+00:00, run_after=2023-06-27T00:00:00+00:00
[2023-06-27T00:08:18.577+0000] {processor.py:179} INFO - Processing /home/airflow/.local/lib/python3.8/site-packages/airflow/example_dags/example_branch_datetime_operator.py took 31.531 seconds
[2023-06-27T01:05:04.573+0000] {processor.py:157} INFO - Started process (PID=163) to work on /home/airflow/.local/lib/python3.8/site-packages/airflow/example_dags/example_branch_datetime_operator.py
[2023-06-27T01:05:04.706+0000] {processor.py:826} INFO - Processing file /home/airflow/.local/lib/python3.8/site-packages/airflow/example_dags/example_branch_datetime_operator.py for tasks to queue
[2023-06-27T01:05:04.707+0000] {logging_mixin.py:149} INFO - [2023-06-27T01:05:04.707+0000] {dagbag.py:541} INFO - Filling up the DagBag from /home/airflow/.local/lib/python3.8/site-packages/airflow/example_dags/example_branch_datetime_operator.py
[2023-06-27T01:05:07.212+0000] {processor.py:836} INFO - DAG(s) dict_keys(['example_branch_datetime_operator_2', 'example_branch_datetime_operator_3', 'example_branch_datetime_operator']) retrieved from /home/airflow/.local/lib/python3.8/site-packages/airflow/example_dags/example_branch_datetime_operator.py
[2023-06-27T01:05:11.010+0000] {logging_mixin.py:149} INFO - [2023-06-27T01:05:11.009+0000] {dag.py:2726} INFO - Sync 3 DAGs
[2023-06-27T01:05:12.015+0000] {logging_mixin.py:149} INFO - [2023-06-27T01:05:12.015+0000] {dag.py:3486} INFO - Setting next_dagrun for example_branch_datetime_operator to 2023-06-26T00:00:00+00:00, run_after=2023-06-27T00:00:00+00:00
[2023-06-27T01:05:12.233+0000] {logging_mixin.py:149} INFO - [2023-06-27T01:05:12.233+0000] {dag.py:3486} INFO - Setting next_dagrun for example_branch_datetime_operator_2 to 2023-06-26T00:00:00+00:00, run_after=2023-06-27T00:00:00+00:00
[2023-06-27T01:05:12.417+0000] {logging_mixin.py:149} INFO - [2023-06-27T01:05:12.365+0000] {dag.py:3486} INFO - Setting next_dagrun for example_branch_datetime_operator_3 to 2023-06-26T00:00:00+00:00, run_after=2023-06-27T00:00:00+00:00
[2023-06-27T01:05:13.170+0000] {processor.py:179} INFO - Processing /home/airflow/.local/lib/python3.8/site-packages/airflow/example_dags/example_branch_datetime_operator.py took 10.026 seconds
[2023-06-27T01:37:47.215+0000] {processor.py:157} INFO - Started process (PID=86) to work on /home/airflow/.local/lib/python3.8/site-packages/airflow/example_dags/example_branch_datetime_operator.py
[2023-06-27T01:37:47.217+0000] {processor.py:826} INFO - Processing file /home/airflow/.local/lib/python3.8/site-packages/airflow/example_dags/example_branch_datetime_operator.py for tasks to queue
[2023-06-27T01:37:47.218+0000] {logging_mixin.py:149} INFO - [2023-06-27T01:37:47.217+0000] {dagbag.py:541} INFO - Filling up the DagBag from /home/airflow/.local/lib/python3.8/site-packages/airflow/example_dags/example_branch_datetime_operator.py
[2023-06-27T01:37:47.250+0000] {processor.py:836} INFO - DAG(s) dict_keys(['example_branch_datetime_operator_3', 'example_branch_datetime_operator_2', 'example_branch_datetime_operator']) retrieved from /home/airflow/.local/lib/python3.8/site-packages/airflow/example_dags/example_branch_datetime_operator.py
[2023-06-27T01:37:47.378+0000] {logging_mixin.py:149} INFO - [2023-06-27T01:37:47.378+0000] {dag.py:2726} INFO - Sync 3 DAGs
[2023-06-27T01:37:47.500+0000] {logging_mixin.py:149} INFO - [2023-06-27T01:37:47.500+0000] {dag.py:3486} INFO - Setting next_dagrun for example_branch_datetime_operator to 2023-06-26T00:00:00+00:00, run_after=2023-06-27T00:00:00+00:00
[2023-06-27T01:37:47.519+0000] {logging_mixin.py:149} INFO - [2023-06-27T01:37:47.519+0000] {dag.py:3486} INFO - Setting next_dagrun for example_branch_datetime_operator_2 to 2023-06-26T00:00:00+00:00, run_after=2023-06-27T00:00:00+00:00
[2023-06-27T01:37:47.532+0000] {logging_mixin.py:149} INFO - [2023-06-27T01:37:47.532+0000] {dag.py:3486} INFO - Setting next_dagrun for example_branch_datetime_operator_3 to 2023-06-26T00:00:00+00:00, run_after=2023-06-27T00:00:00+00:00
[2023-06-27T01:37:47.631+0000] {processor.py:179} INFO - Processing /home/airflow/.local/lib/python3.8/site-packages/airflow/example_dags/example_branch_datetime_operator.py took 0.436 seconds
[2023-06-27T01:42:03.156+0000] {processor.py:157} INFO - Started process (PID=260) to work on /home/airflow/.local/lib/python3.8/site-packages/airflow/example_dags/example_branch_datetime_operator.py
[2023-06-27T01:42:03.237+0000] {processor.py:826} INFO - Processing file /home/airflow/.local/lib/python3.8/site-packages/airflow/example_dags/example_branch_datetime_operator.py for tasks to queue
[2023-06-27T01:42:03.802+0000] {logging_mixin.py:149} INFO - [2023-06-27T01:42:03.801+0000] {dagbag.py:541} INFO - Filling up the DagBag from /home/airflow/.local/lib/python3.8/site-packages/airflow/example_dags/example_branch_datetime_operator.py
[2023-06-27T01:42:07.173+0000] {processor.py:836} INFO - DAG(s) dict_keys(['example_branch_datetime_operator_3', 'example_branch_datetime_operator_2', 'example_branch_datetime_operator']) retrieved from /home/airflow/.local/lib/python3.8/site-packages/airflow/example_dags/example_branch_datetime_operator.py
[2023-06-27T01:42:13.455+0000] {logging_mixin.py:149} INFO - [2023-06-27T01:42:13.455+0000] {dag.py:2726} INFO - Sync 3 DAGs
[2023-06-27T01:42:19.246+0000] {logging_mixin.py:149} INFO - [2023-06-27T01:42:19.246+0000] {dag.py:3486} INFO - Setting next_dagrun for example_branch_datetime_operator to 2023-06-26T00:00:00+00:00, run_after=2023-06-27T00:00:00+00:00
[2023-06-27T01:42:21.487+0000] {logging_mixin.py:149} INFO - [2023-06-27T01:42:21.486+0000] {dag.py:3486} INFO - Setting next_dagrun for example_branch_datetime_operator_2 to 2023-06-26T00:00:00+00:00, run_after=2023-06-27T00:00:00+00:00
[2023-06-27T01:42:22.803+0000] {logging_mixin.py:149} INFO - [2023-06-27T01:42:22.803+0000] {dag.py:3486} INFO - Setting next_dagrun for example_branch_datetime_operator_3 to 2023-06-26T00:00:00+00:00, run_after=2023-06-27T00:00:00+00:00
[2023-06-27T01:42:25.919+0000] {processor.py:179} INFO - Processing /home/airflow/.local/lib/python3.8/site-packages/airflow/example_dags/example_branch_datetime_operator.py took 22.885 seconds
[2023-06-27T02:20:21.270+0000] {processor.py:157} INFO - Started process (PID=176) to work on /home/airflow/.local/lib/python3.8/site-packages/airflow/example_dags/example_branch_datetime_operator.py
[2023-06-27T02:20:21.298+0000] {processor.py:826} INFO - Processing file /home/airflow/.local/lib/python3.8/site-packages/airflow/example_dags/example_branch_datetime_operator.py for tasks to queue
[2023-06-27T02:20:21.299+0000] {logging_mixin.py:149} INFO - [2023-06-27T02:20:21.298+0000] {dagbag.py:541} INFO - Filling up the DagBag from /home/airflow/.local/lib/python3.8/site-packages/airflow/example_dags/example_branch_datetime_operator.py
[2023-06-27T02:20:21.823+0000] {processor.py:836} INFO - DAG(s) dict_keys(['example_branch_datetime_operator_2', 'example_branch_datetime_operator', 'example_branch_datetime_operator_3']) retrieved from /home/airflow/.local/lib/python3.8/site-packages/airflow/example_dags/example_branch_datetime_operator.py
[2023-06-27T02:20:23.222+0000] {logging_mixin.py:149} INFO - [2023-06-27T02:20:23.221+0000] {dag.py:2726} INFO - Sync 3 DAGs
[2023-06-27T02:20:24.048+0000] {logging_mixin.py:149} INFO - [2023-06-27T02:20:24.048+0000] {dag.py:3486} INFO - Setting next_dagrun for example_branch_datetime_operator to 2023-06-26T00:00:00+00:00, run_after=2023-06-27T00:00:00+00:00
[2023-06-27T02:20:24.236+0000] {logging_mixin.py:149} INFO - [2023-06-27T02:20:24.236+0000] {dag.py:3486} INFO - Setting next_dagrun for example_branch_datetime_operator_2 to 2023-06-26T00:00:00+00:00, run_after=2023-06-27T00:00:00+00:00
[2023-06-27T02:20:24.399+0000] {logging_mixin.py:149} INFO - [2023-06-27T02:20:24.399+0000] {dag.py:3486} INFO - Setting next_dagrun for example_branch_datetime_operator_3 to 2023-06-26T00:00:00+00:00, run_after=2023-06-27T00:00:00+00:00
[2023-06-27T02:20:25.093+0000] {processor.py:179} INFO - Processing /home/airflow/.local/lib/python3.8/site-packages/airflow/example_dags/example_branch_datetime_operator.py took 3.933 seconds
[2023-06-27T06:20:31.807+0000] {processor.py:157} INFO - Started process (PID=457) to work on /home/airflow/.local/lib/python3.8/site-packages/airflow/example_dags/example_branch_datetime_operator.py
[2023-06-27T06:20:31.838+0000] {processor.py:826} INFO - Processing file /home/airflow/.local/lib/python3.8/site-packages/airflow/example_dags/example_branch_datetime_operator.py for tasks to queue
[2023-06-27T06:20:31.839+0000] {logging_mixin.py:149} INFO - [2023-06-27T06:20:31.838+0000] {dagbag.py:541} INFO - Filling up the DagBag from /home/airflow/.local/lib/python3.8/site-packages/airflow/example_dags/example_branch_datetime_operator.py
[2023-06-27T06:20:32.188+0000] {processor.py:836} INFO - DAG(s) dict_keys(['example_branch_datetime_operator_3', 'example_branch_datetime_operator', 'example_branch_datetime_operator_2']) retrieved from /home/airflow/.local/lib/python3.8/site-packages/airflow/example_dags/example_branch_datetime_operator.py
[2023-06-27T06:20:50.237+0000] {logging_mixin.py:149} INFO - [2023-06-27T06:20:50.236+0000] {dag.py:2726} INFO - Sync 3 DAGs
[2023-06-27T06:20:50.438+0000] {logging_mixin.py:149} INFO - [2023-06-27T06:20:50.438+0000] {dag.py:3486} INFO - Setting next_dagrun for example_branch_datetime_operator to 2023-06-26T00:00:00+00:00, run_after=2023-06-27T00:00:00+00:00
[2023-06-27T06:20:50.500+0000] {logging_mixin.py:149} INFO - [2023-06-27T06:20:50.496+0000] {dag.py:3486} INFO - Setting next_dagrun for example_branch_datetime_operator_2 to 2023-06-26T00:00:00+00:00, run_after=2023-06-27T00:00:00+00:00
[2023-06-27T06:20:50.544+0000] {logging_mixin.py:149} INFO - [2023-06-27T06:20:50.543+0000] {dag.py:3486} INFO - Setting next_dagrun for example_branch_datetime_operator_3 to 2023-06-26T00:00:00+00:00, run_after=2023-06-27T00:00:00+00:00
[2023-06-27T06:20:51.459+0000] {processor.py:179} INFO - Processing /home/airflow/.local/lib/python3.8/site-packages/airflow/example_dags/example_branch_datetime_operator.py took 19.870 seconds
[2023-06-27T08:57:02.262+0000] {processor.py:157} INFO - Started process (PID=592) to work on /home/airflow/.local/lib/python3.8/site-packages/airflow/example_dags/example_branch_datetime_operator.py
[2023-06-27T08:57:02.279+0000] {processor.py:826} INFO - Processing file /home/airflow/.local/lib/python3.8/site-packages/airflow/example_dags/example_branch_datetime_operator.py for tasks to queue
[2023-06-27T08:57:02.280+0000] {logging_mixin.py:149} INFO - [2023-06-27T08:57:02.279+0000] {dagbag.py:541} INFO - Filling up the DagBag from /home/airflow/.local/lib/python3.8/site-packages/airflow/example_dags/example_branch_datetime_operator.py
[2023-06-27T08:57:02.292+0000] {processor.py:836} INFO - DAG(s) dict_keys(['example_branch_datetime_operator_2', 'example_branch_datetime_operator', 'example_branch_datetime_operator_3']) retrieved from /home/airflow/.local/lib/python3.8/site-packages/airflow/example_dags/example_branch_datetime_operator.py
[2023-06-27T08:57:02.391+0000] {logging_mixin.py:149} INFO - [2023-06-27T08:57:02.391+0000] {dag.py:2726} INFO - Sync 3 DAGs
[2023-06-27T08:57:02.468+0000] {logging_mixin.py:149} INFO - [2023-06-27T08:57:02.468+0000] {dag.py:3486} INFO - Setting next_dagrun for example_branch_datetime_operator to 2023-06-26T00:00:00+00:00, run_after=2023-06-27T00:00:00+00:00
[2023-06-27T08:57:02.504+0000] {logging_mixin.py:149} INFO - [2023-06-27T08:57:02.504+0000] {dag.py:3486} INFO - Setting next_dagrun for example_branch_datetime_operator_2 to 2023-06-26T00:00:00+00:00, run_after=2023-06-27T00:00:00+00:00
[2023-06-27T08:57:02.516+0000] {logging_mixin.py:149} INFO - [2023-06-27T08:57:02.515+0000] {dag.py:3486} INFO - Setting next_dagrun for example_branch_datetime_operator_3 to 2023-06-26T00:00:00+00:00, run_after=2023-06-27T00:00:00+00:00
[2023-06-27T08:57:02.604+0000] {processor.py:179} INFO - Processing /home/airflow/.local/lib/python3.8/site-packages/airflow/example_dags/example_branch_datetime_operator.py took 0.346 seconds
[2023-06-27T09:00:35.893+0000] {processor.py:157} INFO - Started process (PID=740) to work on /home/airflow/.local/lib/python3.8/site-packages/airflow/example_dags/example_branch_datetime_operator.py
[2023-06-27T09:00:35.946+0000] {processor.py:826} INFO - Processing file /home/airflow/.local/lib/python3.8/site-packages/airflow/example_dags/example_branch_datetime_operator.py for tasks to queue
[2023-06-27T09:00:35.949+0000] {logging_mixin.py:149} INFO - [2023-06-27T09:00:35.949+0000] {dagbag.py:541} INFO - Filling up the DagBag from /home/airflow/.local/lib/python3.8/site-packages/airflow/example_dags/example_branch_datetime_operator.py
[2023-06-27T09:00:36.016+0000] {processor.py:836} INFO - DAG(s) dict_keys(['example_branch_datetime_operator_3', 'example_branch_datetime_operator_2', 'example_branch_datetime_operator']) retrieved from /home/airflow/.local/lib/python3.8/site-packages/airflow/example_dags/example_branch_datetime_operator.py
[2023-06-27T09:00:36.069+0000] {logging_mixin.py:149} INFO - [2023-06-27T09:00:36.069+0000] {dag.py:2726} INFO - Sync 3 DAGs
[2023-06-27T09:00:36.116+0000] {logging_mixin.py:149} INFO - [2023-06-27T09:00:36.115+0000] {dag.py:3486} INFO - Setting next_dagrun for example_branch_datetime_operator to 2023-06-26T00:00:00+00:00, run_after=2023-06-27T00:00:00+00:00
[2023-06-27T09:00:36.122+0000] {logging_mixin.py:149} INFO - [2023-06-27T09:00:36.122+0000] {dag.py:3486} INFO - Setting next_dagrun for example_branch_datetime_operator_2 to 2023-06-26T00:00:00+00:00, run_after=2023-06-27T00:00:00+00:00
[2023-06-27T09:00:36.125+0000] {logging_mixin.py:149} INFO - [2023-06-27T09:00:36.125+0000] {dag.py:3486} INFO - Setting next_dagrun for example_branch_datetime_operator_3 to 2023-06-26T00:00:00+00:00, run_after=2023-06-27T00:00:00+00:00
[2023-06-27T09:00:36.289+0000] {processor.py:179} INFO - Processing /home/airflow/.local/lib/python3.8/site-packages/airflow/example_dags/example_branch_datetime_operator.py took 0.401 seconds
[2023-06-27T09:20:53.207+0000] {processor.py:157} INFO - Started process (PID=94) to work on /home/airflow/.local/lib/python3.8/site-packages/airflow/example_dags/example_branch_datetime_operator.py
[2023-06-27T09:20:53.221+0000] {processor.py:826} INFO - Processing file /home/airflow/.local/lib/python3.8/site-packages/airflow/example_dags/example_branch_datetime_operator.py for tasks to queue
[2023-06-27T09:20:53.222+0000] {logging_mixin.py:149} INFO - [2023-06-27T09:20:53.221+0000] {dagbag.py:541} INFO - Filling up the DagBag from /home/airflow/.local/lib/python3.8/site-packages/airflow/example_dags/example_branch_datetime_operator.py
[2023-06-27T09:20:53.340+0000] {processor.py:836} INFO - DAG(s) dict_keys(['example_branch_datetime_operator_3', 'example_branch_datetime_operator_2', 'example_branch_datetime_operator']) retrieved from /home/airflow/.local/lib/python3.8/site-packages/airflow/example_dags/example_branch_datetime_operator.py
[2023-06-27T09:20:53.555+0000] {logging_mixin.py:149} INFO - [2023-06-27T09:20:53.555+0000] {dag.py:2726} INFO - Sync 3 DAGs
[2023-06-27T09:20:53.781+0000] {logging_mixin.py:149} INFO - [2023-06-27T09:20:53.781+0000] {dag.py:3486} INFO - Setting next_dagrun for example_branch_datetime_operator to 2023-06-26T00:00:00+00:00, run_after=2023-06-27T00:00:00+00:00
[2023-06-27T09:20:53.829+0000] {logging_mixin.py:149} INFO - [2023-06-27T09:20:53.829+0000] {dag.py:3486} INFO - Setting next_dagrun for example_branch_datetime_operator_2 to 2023-06-26T00:00:00+00:00, run_after=2023-06-27T00:00:00+00:00
[2023-06-27T09:20:53.864+0000] {logging_mixin.py:149} INFO - [2023-06-27T09:20:53.864+0000] {dag.py:3486} INFO - Setting next_dagrun for example_branch_datetime_operator_3 to 2023-06-26T00:00:00+00:00, run_after=2023-06-27T00:00:00+00:00
[2023-06-27T09:20:54.087+0000] {processor.py:179} INFO - Processing /home/airflow/.local/lib/python3.8/site-packages/airflow/example_dags/example_branch_datetime_operator.py took 0.944 seconds
[2023-06-27T09:21:24.562+0000] {processor.py:157} INFO - Started process (PID=152) to work on /home/airflow/.local/lib/python3.8/site-packages/airflow/example_dags/example_branch_datetime_operator.py
[2023-06-27T09:21:24.571+0000] {processor.py:826} INFO - Processing file /home/airflow/.local/lib/python3.8/site-packages/airflow/example_dags/example_branch_datetime_operator.py for tasks to queue
[2023-06-27T09:21:24.573+0000] {logging_mixin.py:149} INFO - [2023-06-27T09:21:24.573+0000] {dagbag.py:541} INFO - Filling up the DagBag from /home/airflow/.local/lib/python3.8/site-packages/airflow/example_dags/example_branch_datetime_operator.py
[2023-06-27T09:21:24.663+0000] {processor.py:836} INFO - DAG(s) dict_keys(['example_branch_datetime_operator_2', 'example_branch_datetime_operator', 'example_branch_datetime_operator_3']) retrieved from /home/airflow/.local/lib/python3.8/site-packages/airflow/example_dags/example_branch_datetime_operator.py
[2023-06-27T09:21:24.888+0000] {logging_mixin.py:149} INFO - [2023-06-27T09:21:24.887+0000] {dag.py:2726} INFO - Sync 3 DAGs
[2023-06-27T09:21:24.996+0000] {logging_mixin.py:149} INFO - [2023-06-27T09:21:24.996+0000] {dag.py:3486} INFO - Setting next_dagrun for example_branch_datetime_operator to 2023-06-26T00:00:00+00:00, run_after=2023-06-27T00:00:00+00:00
[2023-06-27T09:21:25.015+0000] {logging_mixin.py:149} INFO - [2023-06-27T09:21:25.014+0000] {dag.py:3486} INFO - Setting next_dagrun for example_branch_datetime_operator_2 to 2023-06-26T00:00:00+00:00, run_after=2023-06-27T00:00:00+00:00
[2023-06-27T09:21:25.041+0000] {logging_mixin.py:149} INFO - [2023-06-27T09:21:25.041+0000] {dag.py:3486} INFO - Setting next_dagrun for example_branch_datetime_operator_3 to 2023-06-26T00:00:00+00:00, run_after=2023-06-27T00:00:00+00:00
[2023-06-27T09:21:25.148+0000] {processor.py:179} INFO - Processing /home/airflow/.local/lib/python3.8/site-packages/airflow/example_dags/example_branch_datetime_operator.py took 0.606 seconds
[2023-06-27T09:21:55.826+0000] {processor.py:157} INFO - Started process (PID=220) to work on /home/airflow/.local/lib/python3.8/site-packages/airflow/example_dags/example_branch_datetime_operator.py
[2023-06-27T09:21:55.832+0000] {processor.py:826} INFO - Processing file /home/airflow/.local/lib/python3.8/site-packages/airflow/example_dags/example_branch_datetime_operator.py for tasks to queue
[2023-06-27T09:21:55.836+0000] {logging_mixin.py:149} INFO - [2023-06-27T09:21:55.835+0000] {dagbag.py:541} INFO - Filling up the DagBag from /home/airflow/.local/lib/python3.8/site-packages/airflow/example_dags/example_branch_datetime_operator.py
[2023-06-27T09:21:55.849+0000] {processor.py:836} INFO - DAG(s) dict_keys(['example_branch_datetime_operator_2', 'example_branch_datetime_operator_3', 'example_branch_datetime_operator']) retrieved from /home/airflow/.local/lib/python3.8/site-packages/airflow/example_dags/example_branch_datetime_operator.py
[2023-06-27T09:21:55.891+0000] {logging_mixin.py:149} INFO - [2023-06-27T09:21:55.890+0000] {dag.py:2726} INFO - Sync 3 DAGs
[2023-06-27T09:21:55.929+0000] {logging_mixin.py:149} INFO - [2023-06-27T09:21:55.929+0000] {dag.py:3486} INFO - Setting next_dagrun for example_branch_datetime_operator to 2023-06-26T00:00:00+00:00, run_after=2023-06-27T00:00:00+00:00
[2023-06-27T09:21:55.935+0000] {logging_mixin.py:149} INFO - [2023-06-27T09:21:55.935+0000] {dag.py:3486} INFO - Setting next_dagrun for example_branch_datetime_operator_2 to 2023-06-26T00:00:00+00:00, run_after=2023-06-27T00:00:00+00:00
[2023-06-27T09:21:55.938+0000] {logging_mixin.py:149} INFO - [2023-06-27T09:21:55.938+0000] {dag.py:3486} INFO - Setting next_dagrun for example_branch_datetime_operator_3 to 2023-06-26T00:00:00+00:00, run_after=2023-06-27T00:00:00+00:00
[2023-06-27T09:21:55.958+0000] {processor.py:179} INFO - Processing /home/airflow/.local/lib/python3.8/site-packages/airflow/example_dags/example_branch_datetime_operator.py took 0.149 seconds
[2023-06-27T09:22:26.009+0000] {processor.py:157} INFO - Started process (PID=286) to work on /home/airflow/.local/lib/python3.8/site-packages/airflow/example_dags/example_branch_datetime_operator.py
[2023-06-27T09:22:26.015+0000] {processor.py:826} INFO - Processing file /home/airflow/.local/lib/python3.8/site-packages/airflow/example_dags/example_branch_datetime_operator.py for tasks to queue
[2023-06-27T09:22:26.016+0000] {logging_mixin.py:149} INFO - [2023-06-27T09:22:26.016+0000] {dagbag.py:541} INFO - Filling up the DagBag from /home/airflow/.local/lib/python3.8/site-packages/airflow/example_dags/example_branch_datetime_operator.py
[2023-06-27T09:22:26.047+0000] {processor.py:836} INFO - DAG(s) dict_keys(['example_branch_datetime_operator', 'example_branch_datetime_operator_2', 'example_branch_datetime_operator_3']) retrieved from /home/airflow/.local/lib/python3.8/site-packages/airflow/example_dags/example_branch_datetime_operator.py
[2023-06-27T09:22:26.118+0000] {logging_mixin.py:149} INFO - [2023-06-27T09:22:26.117+0000] {dag.py:2726} INFO - Sync 3 DAGs
[2023-06-27T09:22:26.165+0000] {logging_mixin.py:149} INFO - [2023-06-27T09:22:26.165+0000] {dag.py:3486} INFO - Setting next_dagrun for example_branch_datetime_operator to 2023-06-26T00:00:00+00:00, run_after=2023-06-27T00:00:00+00:00
[2023-06-27T09:22:26.176+0000] {logging_mixin.py:149} INFO - [2023-06-27T09:22:26.175+0000] {dag.py:3486} INFO - Setting next_dagrun for example_branch_datetime_operator_2 to 2023-06-26T00:00:00+00:00, run_after=2023-06-27T00:00:00+00:00
[2023-06-27T09:22:26.186+0000] {logging_mixin.py:149} INFO - [2023-06-27T09:22:26.185+0000] {dag.py:3486} INFO - Setting next_dagrun for example_branch_datetime_operator_3 to 2023-06-26T00:00:00+00:00, run_after=2023-06-27T00:00:00+00:00
[2023-06-27T09:22:26.221+0000] {processor.py:179} INFO - Processing /home/airflow/.local/lib/python3.8/site-packages/airflow/example_dags/example_branch_datetime_operator.py took 0.221 seconds
[2023-06-27T09:22:57.180+0000] {processor.py:157} INFO - Started process (PID=356) to work on /home/airflow/.local/lib/python3.8/site-packages/airflow/example_dags/example_branch_datetime_operator.py
[2023-06-27T09:22:57.181+0000] {processor.py:826} INFO - Processing file /home/airflow/.local/lib/python3.8/site-packages/airflow/example_dags/example_branch_datetime_operator.py for tasks to queue
[2023-06-27T09:22:57.187+0000] {logging_mixin.py:149} INFO - [2023-06-27T09:22:57.187+0000] {dagbag.py:541} INFO - Filling up the DagBag from /home/airflow/.local/lib/python3.8/site-packages/airflow/example_dags/example_branch_datetime_operator.py
[2023-06-27T09:22:57.200+0000] {processor.py:836} INFO - DAG(s) dict_keys(['example_branch_datetime_operator_2', 'example_branch_datetime_operator', 'example_branch_datetime_operator_3']) retrieved from /home/airflow/.local/lib/python3.8/site-packages/airflow/example_dags/example_branch_datetime_operator.py
[2023-06-27T09:22:57.285+0000] {logging_mixin.py:149} INFO - [2023-06-27T09:22:57.285+0000] {dag.py:2726} INFO - Sync 3 DAGs
[2023-06-27T09:22:57.325+0000] {logging_mixin.py:149} INFO - [2023-06-27T09:22:57.325+0000] {dag.py:3486} INFO - Setting next_dagrun for example_branch_datetime_operator to 2023-06-26T00:00:00+00:00, run_after=2023-06-27T00:00:00+00:00
[2023-06-27T09:22:57.332+0000] {logging_mixin.py:149} INFO - [2023-06-27T09:22:57.332+0000] {dag.py:3486} INFO - Setting next_dagrun for example_branch_datetime_operator_2 to 2023-06-26T00:00:00+00:00, run_after=2023-06-27T00:00:00+00:00
[2023-06-27T09:22:57.336+0000] {logging_mixin.py:149} INFO - [2023-06-27T09:22:57.335+0000] {dag.py:3486} INFO - Setting next_dagrun for example_branch_datetime_operator_3 to 2023-06-26T00:00:00+00:00, run_after=2023-06-27T00:00:00+00:00
[2023-06-27T09:22:57.367+0000] {processor.py:179} INFO - Processing /home/airflow/.local/lib/python3.8/site-packages/airflow/example_dags/example_branch_datetime_operator.py took 0.195 seconds
[2023-06-27T09:23:28.012+0000] {processor.py:157} INFO - Started process (PID=422) to work on /home/airflow/.local/lib/python3.8/site-packages/airflow/example_dags/example_branch_datetime_operator.py
[2023-06-27T09:23:28.014+0000] {processor.py:826} INFO - Processing file /home/airflow/.local/lib/python3.8/site-packages/airflow/example_dags/example_branch_datetime_operator.py for tasks to queue
[2023-06-27T09:23:28.016+0000] {logging_mixin.py:149} INFO - [2023-06-27T09:23:28.016+0000] {dagbag.py:541} INFO - Filling up the DagBag from /home/airflow/.local/lib/python3.8/site-packages/airflow/example_dags/example_branch_datetime_operator.py
[2023-06-27T09:23:28.049+0000] {processor.py:836} INFO - DAG(s) dict_keys(['example_branch_datetime_operator_3', 'example_branch_datetime_operator_2', 'example_branch_datetime_operator']) retrieved from /home/airflow/.local/lib/python3.8/site-packages/airflow/example_dags/example_branch_datetime_operator.py
[2023-06-27T09:23:28.127+0000] {logging_mixin.py:149} INFO - [2023-06-27T09:23:28.126+0000] {dag.py:2726} INFO - Sync 3 DAGs
[2023-06-27T09:23:28.201+0000] {logging_mixin.py:149} INFO - [2023-06-27T09:23:28.201+0000] {dag.py:3486} INFO - Setting next_dagrun for example_branch_datetime_operator to 2023-06-26T00:00:00+00:00, run_after=2023-06-27T00:00:00+00:00
[2023-06-27T09:23:28.208+0000] {logging_mixin.py:149} INFO - [2023-06-27T09:23:28.208+0000] {dag.py:3486} INFO - Setting next_dagrun for example_branch_datetime_operator_2 to 2023-06-26T00:00:00+00:00, run_after=2023-06-27T00:00:00+00:00
[2023-06-27T09:23:28.211+0000] {logging_mixin.py:149} INFO - [2023-06-27T09:23:28.211+0000] {dag.py:3486} INFO - Setting next_dagrun for example_branch_datetime_operator_3 to 2023-06-26T00:00:00+00:00, run_after=2023-06-27T00:00:00+00:00
[2023-06-27T09:23:28.246+0000] {processor.py:179} INFO - Processing /home/airflow/.local/lib/python3.8/site-packages/airflow/example_dags/example_branch_datetime_operator.py took 0.247 seconds
[2023-06-27T09:23:58.884+0000] {processor.py:157} INFO - Started process (PID=486) to work on /home/airflow/.local/lib/python3.8/site-packages/airflow/example_dags/example_branch_datetime_operator.py
[2023-06-27T09:23:58.885+0000] {processor.py:826} INFO - Processing file /home/airflow/.local/lib/python3.8/site-packages/airflow/example_dags/example_branch_datetime_operator.py for tasks to queue
[2023-06-27T09:23:58.895+0000] {logging_mixin.py:149} INFO - [2023-06-27T09:23:58.895+0000] {dagbag.py:541} INFO - Filling up the DagBag from /home/airflow/.local/lib/python3.8/site-packages/airflow/example_dags/example_branch_datetime_operator.py
[2023-06-27T09:23:58.923+0000] {processor.py:836} INFO - DAG(s) dict_keys(['example_branch_datetime_operator_3', 'example_branch_datetime_operator', 'example_branch_datetime_operator_2']) retrieved from /home/airflow/.local/lib/python3.8/site-packages/airflow/example_dags/example_branch_datetime_operator.py
[2023-06-27T09:23:59.003+0000] {logging_mixin.py:149} INFO - [2023-06-27T09:23:59.003+0000] {dag.py:2726} INFO - Sync 3 DAGs
[2023-06-27T09:23:59.083+0000] {logging_mixin.py:149} INFO - [2023-06-27T09:23:59.083+0000] {dag.py:3486} INFO - Setting next_dagrun for example_branch_datetime_operator to 2023-06-26T00:00:00+00:00, run_after=2023-06-27T00:00:00+00:00
[2023-06-27T09:23:59.092+0000] {logging_mixin.py:149} INFO - [2023-06-27T09:23:59.092+0000] {dag.py:3486} INFO - Setting next_dagrun for example_branch_datetime_operator_2 to 2023-06-26T00:00:00+00:00, run_after=2023-06-27T00:00:00+00:00
[2023-06-27T09:23:59.095+0000] {logging_mixin.py:149} INFO - [2023-06-27T09:23:59.095+0000] {dag.py:3486} INFO - Setting next_dagrun for example_branch_datetime_operator_3 to 2023-06-26T00:00:00+00:00, run_after=2023-06-27T00:00:00+00:00
[2023-06-27T09:23:59.124+0000] {processor.py:179} INFO - Processing /home/airflow/.local/lib/python3.8/site-packages/airflow/example_dags/example_branch_datetime_operator.py took 0.245 seconds
[2023-06-27T09:25:56.350+0000] {processor.py:157} INFO - Started process (PID=83) to work on /home/airflow/.local/lib/python3.8/site-packages/airflow/example_dags/example_branch_datetime_operator.py
[2023-06-27T09:25:56.355+0000] {processor.py:826} INFO - Processing file /home/airflow/.local/lib/python3.8/site-packages/airflow/example_dags/example_branch_datetime_operator.py for tasks to queue
[2023-06-27T09:25:56.355+0000] {logging_mixin.py:149} INFO - [2023-06-27T09:25:56.355+0000] {dagbag.py:541} INFO - Filling up the DagBag from /home/airflow/.local/lib/python3.8/site-packages/airflow/example_dags/example_branch_datetime_operator.py
[2023-06-27T09:25:56.392+0000] {processor.py:836} INFO - DAG(s) dict_keys(['example_branch_datetime_operator', 'example_branch_datetime_operator_3', 'example_branch_datetime_operator_2']) retrieved from /home/airflow/.local/lib/python3.8/site-packages/airflow/example_dags/example_branch_datetime_operator.py
[2023-06-27T09:25:56.461+0000] {logging_mixin.py:149} INFO - [2023-06-27T09:25:56.461+0000] {dag.py:2726} INFO - Sync 3 DAGs
[2023-06-27T09:25:56.516+0000] {logging_mixin.py:149} INFO - [2023-06-27T09:25:56.516+0000] {dag.py:3486} INFO - Setting next_dagrun for example_branch_datetime_operator to 2023-06-26T00:00:00+00:00, run_after=2023-06-27T00:00:00+00:00
[2023-06-27T09:25:56.538+0000] {logging_mixin.py:149} INFO - [2023-06-27T09:25:56.538+0000] {dag.py:3486} INFO - Setting next_dagrun for example_branch_datetime_operator_2 to 2023-06-26T00:00:00+00:00, run_after=2023-06-27T00:00:00+00:00
[2023-06-27T09:25:56.543+0000] {logging_mixin.py:149} INFO - [2023-06-27T09:25:56.542+0000] {dag.py:3486} INFO - Setting next_dagrun for example_branch_datetime_operator_3 to 2023-06-26T00:00:00+00:00, run_after=2023-06-27T00:00:00+00:00
[2023-06-27T09:25:56.578+0000] {processor.py:179} INFO - Processing /home/airflow/.local/lib/python3.8/site-packages/airflow/example_dags/example_branch_datetime_operator.py took 0.237 seconds
[2023-06-27T09:26:27.251+0000] {processor.py:157} INFO - Started process (PID=146) to work on /home/airflow/.local/lib/python3.8/site-packages/airflow/example_dags/example_branch_datetime_operator.py
[2023-06-27T09:26:27.252+0000] {processor.py:826} INFO - Processing file /home/airflow/.local/lib/python3.8/site-packages/airflow/example_dags/example_branch_datetime_operator.py for tasks to queue
[2023-06-27T09:26:27.271+0000] {logging_mixin.py:149} INFO - [2023-06-27T09:26:27.254+0000] {dagbag.py:541} INFO - Filling up the DagBag from /home/airflow/.local/lib/python3.8/site-packages/airflow/example_dags/example_branch_datetime_operator.py
[2023-06-27T09:26:27.312+0000] {processor.py:836} INFO - DAG(s) dict_keys(['example_branch_datetime_operator_2', 'example_branch_datetime_operator_3', 'example_branch_datetime_operator']) retrieved from /home/airflow/.local/lib/python3.8/site-packages/airflow/example_dags/example_branch_datetime_operator.py
[2023-06-27T09:26:27.447+0000] {logging_mixin.py:149} INFO - [2023-06-27T09:26:27.446+0000] {dag.py:2726} INFO - Sync 3 DAGs
[2023-06-27T09:26:27.537+0000] {logging_mixin.py:149} INFO - [2023-06-27T09:26:27.537+0000] {dag.py:3486} INFO - Setting next_dagrun for example_branch_datetime_operator to 2023-06-26T00:00:00+00:00, run_after=2023-06-27T00:00:00+00:00
[2023-06-27T09:26:27.563+0000] {logging_mixin.py:149} INFO - [2023-06-27T09:26:27.563+0000] {dag.py:3486} INFO - Setting next_dagrun for example_branch_datetime_operator_2 to 2023-06-26T00:00:00+00:00, run_after=2023-06-27T00:00:00+00:00
[2023-06-27T09:26:27.569+0000] {logging_mixin.py:149} INFO - [2023-06-27T09:26:27.569+0000] {dag.py:3486} INFO - Setting next_dagrun for example_branch_datetime_operator_3 to 2023-06-26T00:00:00+00:00, run_after=2023-06-27T00:00:00+00:00
[2023-06-27T09:26:27.635+0000] {processor.py:179} INFO - Processing /home/airflow/.local/lib/python3.8/site-packages/airflow/example_dags/example_branch_datetime_operator.py took 0.389 seconds
[2023-06-27T09:26:59.437+0000] {processor.py:157} INFO - Started process (PID=220) to work on /home/airflow/.local/lib/python3.8/site-packages/airflow/example_dags/example_branch_datetime_operator.py
[2023-06-27T09:26:59.439+0000] {processor.py:826} INFO - Processing file /home/airflow/.local/lib/python3.8/site-packages/airflow/example_dags/example_branch_datetime_operator.py for tasks to queue
[2023-06-27T09:26:59.441+0000] {logging_mixin.py:149} INFO - [2023-06-27T09:26:59.441+0000] {dagbag.py:541} INFO - Filling up the DagBag from /home/airflow/.local/lib/python3.8/site-packages/airflow/example_dags/example_branch_datetime_operator.py
[2023-06-27T09:26:59.456+0000] {processor.py:836} INFO - DAG(s) dict_keys(['example_branch_datetime_operator_2', 'example_branch_datetime_operator', 'example_branch_datetime_operator_3']) retrieved from /home/airflow/.local/lib/python3.8/site-packages/airflow/example_dags/example_branch_datetime_operator.py
[2023-06-27T09:26:59.503+0000] {logging_mixin.py:149} INFO - [2023-06-27T09:26:59.503+0000] {dag.py:2726} INFO - Sync 3 DAGs
[2023-06-27T09:26:59.545+0000] {logging_mixin.py:149} INFO - [2023-06-27T09:26:59.544+0000] {dag.py:3486} INFO - Setting next_dagrun for example_branch_datetime_operator to 2023-06-26T00:00:00+00:00, run_after=2023-06-27T00:00:00+00:00
[2023-06-27T09:26:59.551+0000] {logging_mixin.py:149} INFO - [2023-06-27T09:26:59.551+0000] {dag.py:3486} INFO - Setting next_dagrun for example_branch_datetime_operator_2 to 2023-06-26T00:00:00+00:00, run_after=2023-06-27T00:00:00+00:00
[2023-06-27T09:26:59.554+0000] {logging_mixin.py:149} INFO - [2023-06-27T09:26:59.554+0000] {dag.py:3486} INFO - Setting next_dagrun for example_branch_datetime_operator_3 to 2023-06-26T00:00:00+00:00, run_after=2023-06-27T00:00:00+00:00
[2023-06-27T09:26:59.577+0000] {processor.py:179} INFO - Processing /home/airflow/.local/lib/python3.8/site-packages/airflow/example_dags/example_branch_datetime_operator.py took 0.153 seconds
[2023-06-27T09:27:30.541+0000] {processor.py:157} INFO - Started process (PID=286) to work on /home/airflow/.local/lib/python3.8/site-packages/airflow/example_dags/example_branch_datetime_operator.py
[2023-06-27T09:27:30.550+0000] {processor.py:826} INFO - Processing file /home/airflow/.local/lib/python3.8/site-packages/airflow/example_dags/example_branch_datetime_operator.py for tasks to queue
[2023-06-27T09:27:30.552+0000] {logging_mixin.py:149} INFO - [2023-06-27T09:27:30.552+0000] {dagbag.py:541} INFO - Filling up the DagBag from /home/airflow/.local/lib/python3.8/site-packages/airflow/example_dags/example_branch_datetime_operator.py
[2023-06-27T09:27:30.592+0000] {processor.py:836} INFO - DAG(s) dict_keys(['example_branch_datetime_operator_3', 'example_branch_datetime_operator', 'example_branch_datetime_operator_2']) retrieved from /home/airflow/.local/lib/python3.8/site-packages/airflow/example_dags/example_branch_datetime_operator.py
[2023-06-27T09:27:30.744+0000] {logging_mixin.py:149} INFO - [2023-06-27T09:27:30.744+0000] {dag.py:2726} INFO - Sync 3 DAGs
[2023-06-27T09:27:30.837+0000] {logging_mixin.py:149} INFO - [2023-06-27T09:27:30.837+0000] {dag.py:3486} INFO - Setting next_dagrun for example_branch_datetime_operator to 2023-06-26T00:00:00+00:00, run_after=2023-06-27T00:00:00+00:00
[2023-06-27T09:27:30.849+0000] {logging_mixin.py:149} INFO - [2023-06-27T09:27:30.848+0000] {dag.py:3486} INFO - Setting next_dagrun for example_branch_datetime_operator_2 to 2023-06-26T00:00:00+00:00, run_after=2023-06-27T00:00:00+00:00
[2023-06-27T09:27:30.857+0000] {logging_mixin.py:149} INFO - [2023-06-27T09:27:30.856+0000] {dag.py:3486} INFO - Setting next_dagrun for example_branch_datetime_operator_3 to 2023-06-26T00:00:00+00:00, run_after=2023-06-27T00:00:00+00:00
[2023-06-27T09:27:30.895+0000] {processor.py:179} INFO - Processing /home/airflow/.local/lib/python3.8/site-packages/airflow/example_dags/example_branch_datetime_operator.py took 0.366 seconds
[2023-06-27T09:28:01.008+0000] {processor.py:157} INFO - Started process (PID=353) to work on /home/airflow/.local/lib/python3.8/site-packages/airflow/example_dags/example_branch_datetime_operator.py
[2023-06-27T09:28:01.013+0000] {processor.py:826} INFO - Processing file /home/airflow/.local/lib/python3.8/site-packages/airflow/example_dags/example_branch_datetime_operator.py for tasks to queue
[2023-06-27T09:28:01.019+0000] {logging_mixin.py:149} INFO - [2023-06-27T09:28:01.019+0000] {dagbag.py:541} INFO - Filling up the DagBag from /home/airflow/.local/lib/python3.8/site-packages/airflow/example_dags/example_branch_datetime_operator.py
[2023-06-27T09:28:01.047+0000] {processor.py:836} INFO - DAG(s) dict_keys(['example_branch_datetime_operator_3', 'example_branch_datetime_operator_2', 'example_branch_datetime_operator']) retrieved from /home/airflow/.local/lib/python3.8/site-packages/airflow/example_dags/example_branch_datetime_operator.py
[2023-06-27T09:28:01.129+0000] {logging_mixin.py:149} INFO - [2023-06-27T09:28:01.128+0000] {dag.py:2726} INFO - Sync 3 DAGs
[2023-06-27T09:28:01.197+0000] {logging_mixin.py:149} INFO - [2023-06-27T09:28:01.197+0000] {dag.py:3486} INFO - Setting next_dagrun for example_branch_datetime_operator to 2023-06-26T00:00:00+00:00, run_after=2023-06-27T00:00:00+00:00
[2023-06-27T09:28:01.206+0000] {logging_mixin.py:149} INFO - [2023-06-27T09:28:01.205+0000] {dag.py:3486} INFO - Setting next_dagrun for example_branch_datetime_operator_2 to 2023-06-26T00:00:00+00:00, run_after=2023-06-27T00:00:00+00:00
[2023-06-27T09:28:01.215+0000] {logging_mixin.py:149} INFO - [2023-06-27T09:28:01.215+0000] {dag.py:3486} INFO - Setting next_dagrun for example_branch_datetime_operator_3 to 2023-06-26T00:00:00+00:00, run_after=2023-06-27T00:00:00+00:00
[2023-06-27T09:28:01.264+0000] {processor.py:179} INFO - Processing /home/airflow/.local/lib/python3.8/site-packages/airflow/example_dags/example_branch_datetime_operator.py took 0.265 seconds
[2023-06-27T09:28:31.543+0000] {processor.py:157} INFO - Started process (PID=420) to work on /home/airflow/.local/lib/python3.8/site-packages/airflow/example_dags/example_branch_datetime_operator.py
[2023-06-27T09:28:31.548+0000] {processor.py:826} INFO - Processing file /home/airflow/.local/lib/python3.8/site-packages/airflow/example_dags/example_branch_datetime_operator.py for tasks to queue
[2023-06-27T09:28:31.550+0000] {logging_mixin.py:149} INFO - [2023-06-27T09:28:31.550+0000] {dagbag.py:541} INFO - Filling up the DagBag from /home/airflow/.local/lib/python3.8/site-packages/airflow/example_dags/example_branch_datetime_operator.py
[2023-06-27T09:28:31.569+0000] {processor.py:836} INFO - DAG(s) dict_keys(['example_branch_datetime_operator', 'example_branch_datetime_operator_2', 'example_branch_datetime_operator_3']) retrieved from /home/airflow/.local/lib/python3.8/site-packages/airflow/example_dags/example_branch_datetime_operator.py
[2023-06-27T09:28:31.659+0000] {logging_mixin.py:149} INFO - [2023-06-27T09:28:31.659+0000] {dag.py:2726} INFO - Sync 3 DAGs
[2023-06-27T09:28:31.719+0000] {logging_mixin.py:149} INFO - [2023-06-27T09:28:31.719+0000] {dag.py:3486} INFO - Setting next_dagrun for example_branch_datetime_operator to 2023-06-26T00:00:00+00:00, run_after=2023-06-27T00:00:00+00:00
[2023-06-27T09:28:31.729+0000] {logging_mixin.py:149} INFO - [2023-06-27T09:28:31.729+0000] {dag.py:3486} INFO - Setting next_dagrun for example_branch_datetime_operator_2 to 2023-06-26T00:00:00+00:00, run_after=2023-06-27T00:00:00+00:00
[2023-06-27T09:28:31.736+0000] {logging_mixin.py:149} INFO - [2023-06-27T09:28:31.736+0000] {dag.py:3486} INFO - Setting next_dagrun for example_branch_datetime_operator_3 to 2023-06-26T00:00:00+00:00, run_after=2023-06-27T00:00:00+00:00
[2023-06-27T09:28:31.780+0000] {processor.py:179} INFO - Processing /home/airflow/.local/lib/python3.8/site-packages/airflow/example_dags/example_branch_datetime_operator.py took 0.249 seconds
[2023-06-27T09:29:01.857+0000] {processor.py:157} INFO - Started process (PID=495) to work on /home/airflow/.local/lib/python3.8/site-packages/airflow/example_dags/example_branch_datetime_operator.py
[2023-06-27T09:29:01.864+0000] {processor.py:826} INFO - Processing file /home/airflow/.local/lib/python3.8/site-packages/airflow/example_dags/example_branch_datetime_operator.py for tasks to queue
[2023-06-27T09:29:01.866+0000] {logging_mixin.py:149} INFO - [2023-06-27T09:29:01.865+0000] {dagbag.py:541} INFO - Filling up the DagBag from /home/airflow/.local/lib/python3.8/site-packages/airflow/example_dags/example_branch_datetime_operator.py
[2023-06-27T09:29:01.905+0000] {processor.py:836} INFO - DAG(s) dict_keys(['example_branch_datetime_operator', 'example_branch_datetime_operator_2', 'example_branch_datetime_operator_3']) retrieved from /home/airflow/.local/lib/python3.8/site-packages/airflow/example_dags/example_branch_datetime_operator.py
[2023-06-27T09:29:01.987+0000] {logging_mixin.py:149} INFO - [2023-06-27T09:29:01.987+0000] {dag.py:2726} INFO - Sync 3 DAGs
[2023-06-27T09:29:02.078+0000] {logging_mixin.py:149} INFO - [2023-06-27T09:29:02.077+0000] {dag.py:3486} INFO - Setting next_dagrun for example_branch_datetime_operator to 2023-06-26T00:00:00+00:00, run_after=2023-06-27T00:00:00+00:00
[2023-06-27T09:29:02.088+0000] {logging_mixin.py:149} INFO - [2023-06-27T09:29:02.088+0000] {dag.py:3486} INFO - Setting next_dagrun for example_branch_datetime_operator_2 to 2023-06-26T00:00:00+00:00, run_after=2023-06-27T00:00:00+00:00
[2023-06-27T09:29:02.093+0000] {logging_mixin.py:149} INFO - [2023-06-27T09:29:02.092+0000] {dag.py:3486} INFO - Setting next_dagrun for example_branch_datetime_operator_3 to 2023-06-26T00:00:00+00:00, run_after=2023-06-27T00:00:00+00:00
[2023-06-27T09:29:02.129+0000] {processor.py:179} INFO - Processing /home/airflow/.local/lib/python3.8/site-packages/airflow/example_dags/example_branch_datetime_operator.py took 0.282 seconds
[2023-06-27T09:29:32.795+0000] {processor.py:157} INFO - Started process (PID=564) to work on /home/airflow/.local/lib/python3.8/site-packages/airflow/example_dags/example_branch_datetime_operator.py
[2023-06-27T09:29:32.799+0000] {processor.py:826} INFO - Processing file /home/airflow/.local/lib/python3.8/site-packages/airflow/example_dags/example_branch_datetime_operator.py for tasks to queue
[2023-06-27T09:29:32.801+0000] {logging_mixin.py:149} INFO - [2023-06-27T09:29:32.801+0000] {dagbag.py:541} INFO - Filling up the DagBag from /home/airflow/.local/lib/python3.8/site-packages/airflow/example_dags/example_branch_datetime_operator.py
[2023-06-27T09:29:32.829+0000] {processor.py:836} INFO - DAG(s) dict_keys(['example_branch_datetime_operator', 'example_branch_datetime_operator_3', 'example_branch_datetime_operator_2']) retrieved from /home/airflow/.local/lib/python3.8/site-packages/airflow/example_dags/example_branch_datetime_operator.py
[2023-06-27T09:29:32.909+0000] {logging_mixin.py:149} INFO - [2023-06-27T09:29:32.908+0000] {dag.py:2726} INFO - Sync 3 DAGs
[2023-06-27T09:29:32.973+0000] {logging_mixin.py:149} INFO - [2023-06-27T09:29:32.973+0000] {dag.py:3486} INFO - Setting next_dagrun for example_branch_datetime_operator to 2023-06-26T00:00:00+00:00, run_after=2023-06-27T00:00:00+00:00
[2023-06-27T09:29:32.988+0000] {logging_mixin.py:149} INFO - [2023-06-27T09:29:32.987+0000] {dag.py:3486} INFO - Setting next_dagrun for example_branch_datetime_operator_2 to 2023-06-26T00:00:00+00:00, run_after=2023-06-27T00:00:00+00:00
[2023-06-27T09:29:32.991+0000] {logging_mixin.py:149} INFO - [2023-06-27T09:29:32.991+0000] {dag.py:3486} INFO - Setting next_dagrun for example_branch_datetime_operator_3 to 2023-06-26T00:00:00+00:00, run_after=2023-06-27T00:00:00+00:00
[2023-06-27T09:29:33.025+0000] {processor.py:179} INFO - Processing /home/airflow/.local/lib/python3.8/site-packages/airflow/example_dags/example_branch_datetime_operator.py took 0.243 seconds
[2023-06-27T09:30:03.523+0000] {processor.py:157} INFO - Started process (PID=630) to work on /home/airflow/.local/lib/python3.8/site-packages/airflow/example_dags/example_branch_datetime_operator.py
[2023-06-27T09:30:03.524+0000] {processor.py:826} INFO - Processing file /home/airflow/.local/lib/python3.8/site-packages/airflow/example_dags/example_branch_datetime_operator.py for tasks to queue
[2023-06-27T09:30:03.526+0000] {logging_mixin.py:149} INFO - [2023-06-27T09:30:03.526+0000] {dagbag.py:541} INFO - Filling up the DagBag from /home/airflow/.local/lib/python3.8/site-packages/airflow/example_dags/example_branch_datetime_operator.py
[2023-06-27T09:30:03.555+0000] {processor.py:836} INFO - DAG(s) dict_keys(['example_branch_datetime_operator', 'example_branch_datetime_operator_2', 'example_branch_datetime_operator_3']) retrieved from /home/airflow/.local/lib/python3.8/site-packages/airflow/example_dags/example_branch_datetime_operator.py
[2023-06-27T09:30:03.617+0000] {logging_mixin.py:149} INFO - [2023-06-27T09:30:03.616+0000] {dag.py:2726} INFO - Sync 3 DAGs
[2023-06-27T09:30:03.648+0000] {logging_mixin.py:149} INFO - [2023-06-27T09:30:03.647+0000] {dag.py:3486} INFO - Setting next_dagrun for example_branch_datetime_operator to 2023-06-26T00:00:00+00:00, run_after=2023-06-27T00:00:00+00:00
[2023-06-27T09:30:03.653+0000] {logging_mixin.py:149} INFO - [2023-06-27T09:30:03.653+0000] {dag.py:3486} INFO - Setting next_dagrun for example_branch_datetime_operator_2 to 2023-06-26T00:00:00+00:00, run_after=2023-06-27T00:00:00+00:00
[2023-06-27T09:30:03.657+0000] {logging_mixin.py:149} INFO - [2023-06-27T09:30:03.657+0000] {dag.py:3486} INFO - Setting next_dagrun for example_branch_datetime_operator_3 to 2023-06-26T00:00:00+00:00, run_after=2023-06-27T00:00:00+00:00
[2023-06-27T09:30:03.677+0000] {processor.py:179} INFO - Processing /home/airflow/.local/lib/python3.8/site-packages/airflow/example_dags/example_branch_datetime_operator.py took 0.166 seconds
[2023-06-27T09:30:34.247+0000] {processor.py:157} INFO - Started process (PID=701) to work on /home/airflow/.local/lib/python3.8/site-packages/airflow/example_dags/example_branch_datetime_operator.py
[2023-06-27T09:30:34.249+0000] {processor.py:826} INFO - Processing file /home/airflow/.local/lib/python3.8/site-packages/airflow/example_dags/example_branch_datetime_operator.py for tasks to queue
[2023-06-27T09:30:34.251+0000] {logging_mixin.py:149} INFO - [2023-06-27T09:30:34.251+0000] {dagbag.py:541} INFO - Filling up the DagBag from /home/airflow/.local/lib/python3.8/site-packages/airflow/example_dags/example_branch_datetime_operator.py
[2023-06-27T09:30:34.263+0000] {processor.py:836} INFO - DAG(s) dict_keys(['example_branch_datetime_operator', 'example_branch_datetime_operator_2', 'example_branch_datetime_operator_3']) retrieved from /home/airflow/.local/lib/python3.8/site-packages/airflow/example_dags/example_branch_datetime_operator.py
[2023-06-27T09:30:34.306+0000] {logging_mixin.py:149} INFO - [2023-06-27T09:30:34.305+0000] {dag.py:2726} INFO - Sync 3 DAGs
[2023-06-27T09:30:34.335+0000] {logging_mixin.py:149} INFO - [2023-06-27T09:30:34.335+0000] {dag.py:3486} INFO - Setting next_dagrun for example_branch_datetime_operator to 2023-06-26T00:00:00+00:00, run_after=2023-06-27T00:00:00+00:00
[2023-06-27T09:30:34.341+0000] {logging_mixin.py:149} INFO - [2023-06-27T09:30:34.341+0000] {dag.py:3486} INFO - Setting next_dagrun for example_branch_datetime_operator_2 to 2023-06-26T00:00:00+00:00, run_after=2023-06-27T00:00:00+00:00
[2023-06-27T09:30:34.344+0000] {logging_mixin.py:149} INFO - [2023-06-27T09:30:34.344+0000] {dag.py:3486} INFO - Setting next_dagrun for example_branch_datetime_operator_3 to 2023-06-26T00:00:00+00:00, run_after=2023-06-27T00:00:00+00:00
[2023-06-27T09:30:34.363+0000] {processor.py:179} INFO - Processing /home/airflow/.local/lib/python3.8/site-packages/airflow/example_dags/example_branch_datetime_operator.py took 0.120 seconds
[2023-06-27T09:31:05.196+0000] {processor.py:157} INFO - Started process (PID=779) to work on /home/airflow/.local/lib/python3.8/site-packages/airflow/example_dags/example_branch_datetime_operator.py
[2023-06-27T09:31:05.197+0000] {processor.py:826} INFO - Processing file /home/airflow/.local/lib/python3.8/site-packages/airflow/example_dags/example_branch_datetime_operator.py for tasks to queue
[2023-06-27T09:31:05.199+0000] {logging_mixin.py:149} INFO - [2023-06-27T09:31:05.199+0000] {dagbag.py:541} INFO - Filling up the DagBag from /home/airflow/.local/lib/python3.8/site-packages/airflow/example_dags/example_branch_datetime_operator.py
[2023-06-27T09:31:05.219+0000] {processor.py:836} INFO - DAG(s) dict_keys(['example_branch_datetime_operator_3', 'example_branch_datetime_operator', 'example_branch_datetime_operator_2']) retrieved from /home/airflow/.local/lib/python3.8/site-packages/airflow/example_dags/example_branch_datetime_operator.py
[2023-06-27T09:31:05.307+0000] {logging_mixin.py:149} INFO - [2023-06-27T09:31:05.306+0000] {dag.py:2726} INFO - Sync 3 DAGs
[2023-06-27T09:31:05.360+0000] {logging_mixin.py:149} INFO - [2023-06-27T09:31:05.360+0000] {dag.py:3486} INFO - Setting next_dagrun for example_branch_datetime_operator to 2023-06-26T00:00:00+00:00, run_after=2023-06-27T00:00:00+00:00
[2023-06-27T09:31:05.366+0000] {logging_mixin.py:149} INFO - [2023-06-27T09:31:05.366+0000] {dag.py:3486} INFO - Setting next_dagrun for example_branch_datetime_operator_2 to 2023-06-26T00:00:00+00:00, run_after=2023-06-27T00:00:00+00:00
[2023-06-27T09:31:05.369+0000] {logging_mixin.py:149} INFO - [2023-06-27T09:31:05.369+0000] {dag.py:3486} INFO - Setting next_dagrun for example_branch_datetime_operator_3 to 2023-06-26T00:00:00+00:00, run_after=2023-06-27T00:00:00+00:00
[2023-06-27T09:31:05.395+0000] {processor.py:179} INFO - Processing /home/airflow/.local/lib/python3.8/site-packages/airflow/example_dags/example_branch_datetime_operator.py took 0.208 seconds
[2023-06-27T09:31:35.633+0000] {processor.py:157} INFO - Started process (PID=845) to work on /home/airflow/.local/lib/python3.8/site-packages/airflow/example_dags/example_branch_datetime_operator.py
[2023-06-27T09:31:35.634+0000] {processor.py:826} INFO - Processing file /home/airflow/.local/lib/python3.8/site-packages/airflow/example_dags/example_branch_datetime_operator.py for tasks to queue
[2023-06-27T09:31:35.636+0000] {logging_mixin.py:149} INFO - [2023-06-27T09:31:35.636+0000] {dagbag.py:541} INFO - Filling up the DagBag from /home/airflow/.local/lib/python3.8/site-packages/airflow/example_dags/example_branch_datetime_operator.py
[2023-06-27T09:31:35.648+0000] {processor.py:836} INFO - DAG(s) dict_keys(['example_branch_datetime_operator_3', 'example_branch_datetime_operator_2', 'example_branch_datetime_operator']) retrieved from /home/airflow/.local/lib/python3.8/site-packages/airflow/example_dags/example_branch_datetime_operator.py
[2023-06-27T09:31:35.689+0000] {logging_mixin.py:149} INFO - [2023-06-27T09:31:35.688+0000] {dag.py:2726} INFO - Sync 3 DAGs
[2023-06-27T09:31:35.739+0000] {logging_mixin.py:149} INFO - [2023-06-27T09:31:35.739+0000] {dag.py:3486} INFO - Setting next_dagrun for example_branch_datetime_operator to 2023-06-26T00:00:00+00:00, run_after=2023-06-27T00:00:00+00:00
[2023-06-27T09:31:35.745+0000] {logging_mixin.py:149} INFO - [2023-06-27T09:31:35.745+0000] {dag.py:3486} INFO - Setting next_dagrun for example_branch_datetime_operator_2 to 2023-06-26T00:00:00+00:00, run_after=2023-06-27T00:00:00+00:00
[2023-06-27T09:31:35.751+0000] {logging_mixin.py:149} INFO - [2023-06-27T09:31:35.751+0000] {dag.py:3486} INFO - Setting next_dagrun for example_branch_datetime_operator_3 to 2023-06-26T00:00:00+00:00, run_after=2023-06-27T00:00:00+00:00
[2023-06-27T09:31:35.773+0000] {processor.py:179} INFO - Processing /home/airflow/.local/lib/python3.8/site-packages/airflow/example_dags/example_branch_datetime_operator.py took 0.146 seconds
[2023-06-27T09:32:06.431+0000] {processor.py:157} INFO - Started process (PID=918) to work on /home/airflow/.local/lib/python3.8/site-packages/airflow/example_dags/example_branch_datetime_operator.py
[2023-06-27T09:32:06.435+0000] {processor.py:826} INFO - Processing file /home/airflow/.local/lib/python3.8/site-packages/airflow/example_dags/example_branch_datetime_operator.py for tasks to queue
[2023-06-27T09:32:06.436+0000] {logging_mixin.py:149} INFO - [2023-06-27T09:32:06.436+0000] {dagbag.py:541} INFO - Filling up the DagBag from /home/airflow/.local/lib/python3.8/site-packages/airflow/example_dags/example_branch_datetime_operator.py
[2023-06-27T09:32:06.461+0000] {processor.py:836} INFO - DAG(s) dict_keys(['example_branch_datetime_operator_3', 'example_branch_datetime_operator', 'example_branch_datetime_operator_2']) retrieved from /home/airflow/.local/lib/python3.8/site-packages/airflow/example_dags/example_branch_datetime_operator.py
[2023-06-27T09:32:06.547+0000] {logging_mixin.py:149} INFO - [2023-06-27T09:32:06.546+0000] {dag.py:2726} INFO - Sync 3 DAGs
[2023-06-27T09:32:06.590+0000] {logging_mixin.py:149} INFO - [2023-06-27T09:32:06.590+0000] {dag.py:3486} INFO - Setting next_dagrun for example_branch_datetime_operator to 2023-06-26T00:00:00+00:00, run_after=2023-06-27T00:00:00+00:00
[2023-06-27T09:32:06.598+0000] {logging_mixin.py:149} INFO - [2023-06-27T09:32:06.598+0000] {dag.py:3486} INFO - Setting next_dagrun for example_branch_datetime_operator_2 to 2023-06-26T00:00:00+00:00, run_after=2023-06-27T00:00:00+00:00
[2023-06-27T09:32:06.601+0000] {logging_mixin.py:149} INFO - [2023-06-27T09:32:06.601+0000] {dag.py:3486} INFO - Setting next_dagrun for example_branch_datetime_operator_3 to 2023-06-26T00:00:00+00:00, run_after=2023-06-27T00:00:00+00:00
[2023-06-27T09:32:06.630+0000] {processor.py:179} INFO - Processing /home/airflow/.local/lib/python3.8/site-packages/airflow/example_dags/example_branch_datetime_operator.py took 0.208 seconds
[2023-06-27T09:32:39.556+0000] {processor.py:157} INFO - Started process (PID=987) to work on /home/airflow/.local/lib/python3.8/site-packages/airflow/example_dags/example_branch_datetime_operator.py
[2023-06-27T09:32:39.557+0000] {processor.py:826} INFO - Processing file /home/airflow/.local/lib/python3.8/site-packages/airflow/example_dags/example_branch_datetime_operator.py for tasks to queue
[2023-06-27T09:32:39.571+0000] {logging_mixin.py:149} INFO - [2023-06-27T09:32:39.571+0000] {dagbag.py:541} INFO - Filling up the DagBag from /home/airflow/.local/lib/python3.8/site-packages/airflow/example_dags/example_branch_datetime_operator.py
[2023-06-27T09:32:39.628+0000] {processor.py:836} INFO - DAG(s) dict_keys(['example_branch_datetime_operator', 'example_branch_datetime_operator_3', 'example_branch_datetime_operator_2']) retrieved from /home/airflow/.local/lib/python3.8/site-packages/airflow/example_dags/example_branch_datetime_operator.py
[2023-06-27T09:32:39.755+0000] {logging_mixin.py:149} INFO - [2023-06-27T09:32:39.755+0000] {dag.py:2726} INFO - Sync 3 DAGs
[2023-06-27T09:32:39.889+0000] {logging_mixin.py:149} INFO - [2023-06-27T09:32:39.888+0000] {dag.py:3486} INFO - Setting next_dagrun for example_branch_datetime_operator to 2023-06-26T00:00:00+00:00, run_after=2023-06-27T00:00:00+00:00
[2023-06-27T09:32:39.915+0000] {logging_mixin.py:149} INFO - [2023-06-27T09:32:39.915+0000] {dag.py:3486} INFO - Setting next_dagrun for example_branch_datetime_operator_2 to 2023-06-26T00:00:00+00:00, run_after=2023-06-27T00:00:00+00:00
[2023-06-27T09:32:39.922+0000] {logging_mixin.py:149} INFO - [2023-06-27T09:32:39.922+0000] {dag.py:3486} INFO - Setting next_dagrun for example_branch_datetime_operator_3 to 2023-06-26T00:00:00+00:00, run_after=2023-06-27T00:00:00+00:00
[2023-06-27T09:32:39.986+0000] {processor.py:179} INFO - Processing /home/airflow/.local/lib/python3.8/site-packages/airflow/example_dags/example_branch_datetime_operator.py took 0.446 seconds
[2023-06-27T09:33:10.914+0000] {processor.py:157} INFO - Started process (PID=1055) to work on /home/airflow/.local/lib/python3.8/site-packages/airflow/example_dags/example_branch_datetime_operator.py
[2023-06-27T09:33:10.916+0000] {processor.py:826} INFO - Processing file /home/airflow/.local/lib/python3.8/site-packages/airflow/example_dags/example_branch_datetime_operator.py for tasks to queue
[2023-06-27T09:33:10.919+0000] {logging_mixin.py:149} INFO - [2023-06-27T09:33:10.919+0000] {dagbag.py:541} INFO - Filling up the DagBag from /home/airflow/.local/lib/python3.8/site-packages/airflow/example_dags/example_branch_datetime_operator.py
[2023-06-27T09:33:10.933+0000] {processor.py:836} INFO - DAG(s) dict_keys(['example_branch_datetime_operator_2', 'example_branch_datetime_operator_3', 'example_branch_datetime_operator']) retrieved from /home/airflow/.local/lib/python3.8/site-packages/airflow/example_dags/example_branch_datetime_operator.py
[2023-06-27T09:33:10.977+0000] {logging_mixin.py:149} INFO - [2023-06-27T09:33:10.977+0000] {dag.py:2726} INFO - Sync 3 DAGs
[2023-06-27T09:33:11.037+0000] {logging_mixin.py:149} INFO - [2023-06-27T09:33:11.037+0000] {dag.py:3486} INFO - Setting next_dagrun for example_branch_datetime_operator to 2023-06-26T00:00:00+00:00, run_after=2023-06-27T00:00:00+00:00
[2023-06-27T09:33:11.049+0000] {logging_mixin.py:149} INFO - [2023-06-27T09:33:11.049+0000] {dag.py:3486} INFO - Setting next_dagrun for example_branch_datetime_operator_2 to 2023-06-26T00:00:00+00:00, run_after=2023-06-27T00:00:00+00:00
[2023-06-27T09:33:11.059+0000] {logging_mixin.py:149} INFO - [2023-06-27T09:33:11.057+0000] {dag.py:3486} INFO - Setting next_dagrun for example_branch_datetime_operator_3 to 2023-06-26T00:00:00+00:00, run_after=2023-06-27T00:00:00+00:00
[2023-06-27T09:33:11.121+0000] {processor.py:179} INFO - Processing /home/airflow/.local/lib/python3.8/site-packages/airflow/example_dags/example_branch_datetime_operator.py took 0.219 seconds
[2023-06-27T09:33:42.075+0000] {processor.py:157} INFO - Started process (PID=1124) to work on /home/airflow/.local/lib/python3.8/site-packages/airflow/example_dags/example_branch_datetime_operator.py
[2023-06-27T09:33:42.101+0000] {processor.py:826} INFO - Processing file /home/airflow/.local/lib/python3.8/site-packages/airflow/example_dags/example_branch_datetime_operator.py for tasks to queue
[2023-06-27T09:33:42.105+0000] {logging_mixin.py:149} INFO - [2023-06-27T09:33:42.105+0000] {dagbag.py:541} INFO - Filling up the DagBag from /home/airflow/.local/lib/python3.8/site-packages/airflow/example_dags/example_branch_datetime_operator.py
[2023-06-27T09:33:42.207+0000] {processor.py:836} INFO - DAG(s) dict_keys(['example_branch_datetime_operator_2', 'example_branch_datetime_operator', 'example_branch_datetime_operator_3']) retrieved from /home/airflow/.local/lib/python3.8/site-packages/airflow/example_dags/example_branch_datetime_operator.py
[2023-06-27T09:33:42.399+0000] {logging_mixin.py:149} INFO - [2023-06-27T09:33:42.399+0000] {dag.py:2726} INFO - Sync 3 DAGs
[2023-06-27T09:33:42.525+0000] {logging_mixin.py:149} INFO - [2023-06-27T09:33:42.525+0000] {dag.py:3486} INFO - Setting next_dagrun for example_branch_datetime_operator to 2023-06-26T00:00:00+00:00, run_after=2023-06-27T00:00:00+00:00
[2023-06-27T09:33:42.561+0000] {logging_mixin.py:149} INFO - [2023-06-27T09:33:42.561+0000] {dag.py:3486} INFO - Setting next_dagrun for example_branch_datetime_operator_2 to 2023-06-26T00:00:00+00:00, run_after=2023-06-27T00:00:00+00:00
[2023-06-27T09:33:42.581+0000] {logging_mixin.py:149} INFO - [2023-06-27T09:33:42.581+0000] {dag.py:3486} INFO - Setting next_dagrun for example_branch_datetime_operator_3 to 2023-06-26T00:00:00+00:00, run_after=2023-06-27T00:00:00+00:00
[2023-06-27T09:33:42.647+0000] {processor.py:179} INFO - Processing /home/airflow/.local/lib/python3.8/site-packages/airflow/example_dags/example_branch_datetime_operator.py took 0.589 seconds
[2023-06-27T09:34:13.173+0000] {processor.py:157} INFO - Started process (PID=1191) to work on /home/airflow/.local/lib/python3.8/site-packages/airflow/example_dags/example_branch_datetime_operator.py
[2023-06-27T09:34:13.177+0000] {processor.py:826} INFO - Processing file /home/airflow/.local/lib/python3.8/site-packages/airflow/example_dags/example_branch_datetime_operator.py for tasks to queue
[2023-06-27T09:34:13.197+0000] {logging_mixin.py:149} INFO - [2023-06-27T09:34:13.197+0000] {dagbag.py:541} INFO - Filling up the DagBag from /home/airflow/.local/lib/python3.8/site-packages/airflow/example_dags/example_branch_datetime_operator.py
[2023-06-27T09:34:13.235+0000] {processor.py:836} INFO - DAG(s) dict_keys(['example_branch_datetime_operator_3', 'example_branch_datetime_operator_2', 'example_branch_datetime_operator']) retrieved from /home/airflow/.local/lib/python3.8/site-packages/airflow/example_dags/example_branch_datetime_operator.py
[2023-06-27T09:34:13.381+0000] {logging_mixin.py:149} INFO - [2023-06-27T09:34:13.381+0000] {dag.py:2726} INFO - Sync 3 DAGs
[2023-06-27T09:34:13.483+0000] {logging_mixin.py:149} INFO - [2023-06-27T09:34:13.483+0000] {dag.py:3486} INFO - Setting next_dagrun for example_branch_datetime_operator to 2023-06-26T00:00:00+00:00, run_after=2023-06-27T00:00:00+00:00
[2023-06-27T09:34:13.497+0000] {logging_mixin.py:149} INFO - [2023-06-27T09:34:13.496+0000] {dag.py:3486} INFO - Setting next_dagrun for example_branch_datetime_operator_2 to 2023-06-26T00:00:00+00:00, run_after=2023-06-27T00:00:00+00:00
[2023-06-27T09:34:13.505+0000] {logging_mixin.py:149} INFO - [2023-06-27T09:34:13.504+0000] {dag.py:3486} INFO - Setting next_dagrun for example_branch_datetime_operator_3 to 2023-06-26T00:00:00+00:00, run_after=2023-06-27T00:00:00+00:00
[2023-06-27T09:34:13.562+0000] {processor.py:179} INFO - Processing /home/airflow/.local/lib/python3.8/site-packages/airflow/example_dags/example_branch_datetime_operator.py took 0.406 seconds
