[2023-06-27T00:00:37.384+0000] {processor.py:157} INFO - Started process (PID=433) to work on /home/airflow/.local/lib/python3.8/site-packages/airflow/example_dags/example_branch_labels.py
[2023-06-27T00:00:37.417+0000] {processor.py:826} INFO - Processing file /home/airflow/.local/lib/python3.8/site-packages/airflow/example_dags/example_branch_labels.py for tasks to queue
[2023-06-27T00:00:37.418+0000] {logging_mixin.py:149} INFO - [2023-06-27T00:00:37.418+0000] {dagbag.py:541} INFO - Filling up the DagBag from /home/airflow/.local/lib/python3.8/site-packages/airflow/example_dags/example_branch_labels.py
[2023-06-27T00:00:37.485+0000] {processor.py:836} INFO - DAG(s) dict_keys(['example_branch_labels']) retrieved from /home/airflow/.local/lib/python3.8/site-packages/airflow/example_dags/example_branch_labels.py
[2023-06-27T00:00:37.814+0000] {logging_mixin.py:149} INFO - [2023-06-27T00:00:37.813+0000] {dag.py:2726} INFO - Sync 1 DAGs
[2023-06-27T00:00:38.064+0000] {logging_mixin.py:149} INFO - [2023-06-27T00:00:38.064+0000] {dag.py:3486} INFO - Setting next_dagrun for example_branch_labels to 2023-06-26T00:00:00+00:00, run_after=2023-06-27T00:00:00+00:00
[2023-06-27T00:00:38.273+0000] {processor.py:179} INFO - Processing /home/airflow/.local/lib/python3.8/site-packages/airflow/example_dags/example_branch_labels.py took 0.922 seconds
[2023-06-27T00:02:57.621+0000] {processor.py:157} INFO - Started process (PID=538) to work on /home/airflow/.local/lib/python3.8/site-packages/airflow/example_dags/example_branch_labels.py
[2023-06-27T00:02:57.666+0000] {processor.py:826} INFO - Processing file /home/airflow/.local/lib/python3.8/site-packages/airflow/example_dags/example_branch_labels.py for tasks to queue
[2023-06-27T00:02:57.666+0000] {logging_mixin.py:149} INFO - [2023-06-27T00:02:57.666+0000] {dagbag.py:541} INFO - Filling up the DagBag from /home/airflow/.local/lib/python3.8/site-packages/airflow/example_dags/example_branch_labels.py
[2023-06-27T00:02:59.611+0000] {processor.py:836} INFO - DAG(s) dict_keys(['example_branch_labels']) retrieved from /home/airflow/.local/lib/python3.8/site-packages/airflow/example_dags/example_branch_labels.py
[2023-06-27T00:03:02.827+0000] {logging_mixin.py:149} INFO - [2023-06-27T00:03:02.826+0000] {dag.py:2726} INFO - Sync 1 DAGs
[2023-06-27T00:03:06.980+0000] {logging_mixin.py:149} INFO - [2023-06-27T00:03:06.980+0000] {dag.py:3486} INFO - Setting next_dagrun for example_branch_labels to 2023-06-26T00:00:00+00:00, run_after=2023-06-27T00:00:00+00:00
[2023-06-27T00:03:08.604+0000] {processor.py:179} INFO - Processing /home/airflow/.local/lib/python3.8/site-packages/airflow/example_dags/example_branch_labels.py took 11.741 seconds
[2023-06-27T01:02:53.102+0000] {processor.py:157} INFO - Started process (PID=97) to work on /home/airflow/.local/lib/python3.8/site-packages/airflow/example_dags/example_branch_labels.py
[2023-06-27T01:02:53.200+0000] {processor.py:826} INFO - Processing file /home/airflow/.local/lib/python3.8/site-packages/airflow/example_dags/example_branch_labels.py for tasks to queue
[2023-06-27T01:02:53.201+0000] {logging_mixin.py:149} INFO - [2023-06-27T01:02:53.200+0000] {dagbag.py:541} INFO - Filling up the DagBag from /home/airflow/.local/lib/python3.8/site-packages/airflow/example_dags/example_branch_labels.py
[2023-06-27T01:02:54.088+0000] {processor.py:836} INFO - DAG(s) dict_keys(['example_branch_labels']) retrieved from /home/airflow/.local/lib/python3.8/site-packages/airflow/example_dags/example_branch_labels.py
[2023-06-27T01:02:57.325+0000] {logging_mixin.py:149} INFO - [2023-06-27T01:02:57.325+0000] {dag.py:2726} INFO - Sync 1 DAGs
[2023-06-27T01:03:00.279+0000] {logging_mixin.py:149} INFO - [2023-06-27T01:03:00.279+0000] {dag.py:3486} INFO - Setting next_dagrun for example_branch_labels to 2023-06-26T00:00:00+00:00, run_after=2023-06-27T00:00:00+00:00
[2023-06-27T01:03:03.393+0000] {processor.py:179} INFO - Processing /home/airflow/.local/lib/python3.8/site-packages/airflow/example_dags/example_branch_labels.py took 10.593 seconds
[2023-06-27T01:37:43.052+0000] {processor.py:157} INFO - Started process (PID=74) to work on /home/airflow/.local/lib/python3.8/site-packages/airflow/example_dags/example_branch_labels.py
[2023-06-27T01:37:43.058+0000] {processor.py:826} INFO - Processing file /home/airflow/.local/lib/python3.8/site-packages/airflow/example_dags/example_branch_labels.py for tasks to queue
[2023-06-27T01:37:43.058+0000] {logging_mixin.py:149} INFO - [2023-06-27T01:37:43.058+0000] {dagbag.py:541} INFO - Filling up the DagBag from /home/airflow/.local/lib/python3.8/site-packages/airflow/example_dags/example_branch_labels.py
[2023-06-27T01:37:43.107+0000] {processor.py:836} INFO - DAG(s) dict_keys(['example_branch_labels']) retrieved from /home/airflow/.local/lib/python3.8/site-packages/airflow/example_dags/example_branch_labels.py
[2023-06-27T01:37:43.206+0000] {logging_mixin.py:149} INFO - [2023-06-27T01:37:43.206+0000] {dag.py:2726} INFO - Sync 1 DAGs
[2023-06-27T01:37:43.296+0000] {logging_mixin.py:149} INFO - [2023-06-27T01:37:43.296+0000] {dag.py:3486} INFO - Setting next_dagrun for example_branch_labels to 2023-06-26T00:00:00+00:00, run_after=2023-06-27T00:00:00+00:00
[2023-06-27T01:37:43.391+0000] {processor.py:179} INFO - Processing /home/airflow/.local/lib/python3.8/site-packages/airflow/example_dags/example_branch_labels.py took 0.353 seconds
[2023-06-27T01:40:42.469+0000] {processor.py:157} INFO - Started process (PID=220) to work on /home/airflow/.local/lib/python3.8/site-packages/airflow/example_dags/example_branch_labels.py
[2023-06-27T01:40:42.473+0000] {processor.py:826} INFO - Processing file /home/airflow/.local/lib/python3.8/site-packages/airflow/example_dags/example_branch_labels.py for tasks to queue
[2023-06-27T01:40:42.476+0000] {logging_mixin.py:149} INFO - [2023-06-27T01:40:42.475+0000] {dagbag.py:541} INFO - Filling up the DagBag from /home/airflow/.local/lib/python3.8/site-packages/airflow/example_dags/example_branch_labels.py
[2023-06-27T01:40:43.090+0000] {processor.py:836} INFO - DAG(s) dict_keys(['example_branch_labels']) retrieved from /home/airflow/.local/lib/python3.8/site-packages/airflow/example_dags/example_branch_labels.py
[2023-06-27T01:40:43.782+0000] {logging_mixin.py:149} INFO - [2023-06-27T01:40:43.781+0000] {dag.py:2726} INFO - Sync 1 DAGs
[2023-06-27T01:40:44.336+0000] {logging_mixin.py:149} INFO - [2023-06-27T01:40:44.336+0000] {dag.py:3486} INFO - Setting next_dagrun for example_branch_labels to 2023-06-26T00:00:00+00:00, run_after=2023-06-27T00:00:00+00:00
[2023-06-27T01:40:44.913+0000] {processor.py:179} INFO - Processing /home/airflow/.local/lib/python3.8/site-packages/airflow/example_dags/example_branch_labels.py took 2.533 seconds
[2023-06-27T02:18:47.300+0000] {processor.py:157} INFO - Started process (PID=118) to work on /home/airflow/.local/lib/python3.8/site-packages/airflow/example_dags/example_branch_labels.py
[2023-06-27T02:18:47.359+0000] {processor.py:826} INFO - Processing file /home/airflow/.local/lib/python3.8/site-packages/airflow/example_dags/example_branch_labels.py for tasks to queue
[2023-06-27T02:18:47.360+0000] {logging_mixin.py:149} INFO - [2023-06-27T02:18:47.360+0000] {dagbag.py:541} INFO - Filling up the DagBag from /home/airflow/.local/lib/python3.8/site-packages/airflow/example_dags/example_branch_labels.py
[2023-06-27T02:18:49.134+0000] {processor.py:836} INFO - DAG(s) dict_keys(['example_branch_labels']) retrieved from /home/airflow/.local/lib/python3.8/site-packages/airflow/example_dags/example_branch_labels.py
[2023-06-27T02:18:52.095+0000] {logging_mixin.py:149} INFO - [2023-06-27T02:18:52.094+0000] {dag.py:2726} INFO - Sync 1 DAGs
[2023-06-27T02:18:57.389+0000] {logging_mixin.py:149} INFO - [2023-06-27T02:18:57.388+0000] {dag.py:3486} INFO - Setting next_dagrun for example_branch_labels to 2023-06-26T00:00:00+00:00, run_after=2023-06-27T00:00:00+00:00
[2023-06-27T02:19:00.034+0000] {processor.py:179} INFO - Processing /home/airflow/.local/lib/python3.8/site-packages/airflow/example_dags/example_branch_labels.py took 13.791 seconds
[2023-06-27T02:28:14.696+0000] {processor.py:157} INFO - Started process (PID=349) to work on /home/airflow/.local/lib/python3.8/site-packages/airflow/example_dags/example_branch_labels.py
[2023-06-27T02:28:14.869+0000] {processor.py:826} INFO - Processing file /home/airflow/.local/lib/python3.8/site-packages/airflow/example_dags/example_branch_labels.py for tasks to queue
[2023-06-27T02:28:14.870+0000] {logging_mixin.py:149} INFO - [2023-06-27T02:28:14.870+0000] {dagbag.py:541} INFO - Filling up the DagBag from /home/airflow/.local/lib/python3.8/site-packages/airflow/example_dags/example_branch_labels.py
[2023-06-27T02:28:15.133+0000] {processor.py:836} INFO - DAG(s) dict_keys(['example_branch_labels']) retrieved from /home/airflow/.local/lib/python3.8/site-packages/airflow/example_dags/example_branch_labels.py
[2023-06-27T02:28:20.485+0000] {logging_mixin.py:149} INFO - [2023-06-27T02:28:20.484+0000] {dag.py:2726} INFO - Sync 1 DAGs
[2023-06-27T02:28:24.732+0000] {logging_mixin.py:149} INFO - [2023-06-27T02:28:24.732+0000] {dag.py:3486} INFO - Setting next_dagrun for example_branch_labels to 2023-06-26T00:00:00+00:00, run_after=2023-06-27T00:00:00+00:00
[2023-06-27T03:19:04.269+0000] {processor.py:876} ERROR - Error logging DAG warnings.
Traceback (most recent call last):
  File "/home/airflow/.local/lib/python3.8/site-packages/sqlalchemy/engine/base.py", line 3366, in _wrap_pool_connect
    return fn()
  File "/home/airflow/.local/lib/python3.8/site-packages/sqlalchemy/pool/base.py", line 327, in connect
    return _ConnectionFairy._checkout(self)
  File "/home/airflow/.local/lib/python3.8/site-packages/sqlalchemy/pool/base.py", line 894, in _checkout
    fairy = _ConnectionRecord.checkout(pool)
  File "/home/airflow/.local/lib/python3.8/site-packages/sqlalchemy/pool/base.py", line 498, in checkout
    rec._checkin_failed(err, _fairy_was_created=False)
  File "/home/airflow/.local/lib/python3.8/site-packages/sqlalchemy/util/langhelpers.py", line 70, in __exit__
    compat.raise_(
  File "/home/airflow/.local/lib/python3.8/site-packages/sqlalchemy/util/compat.py", line 211, in raise_
    raise exception
  File "/home/airflow/.local/lib/python3.8/site-packages/sqlalchemy/pool/base.py", line 495, in checkout
    dbapi_connection = rec.get_connection()
  File "/home/airflow/.local/lib/python3.8/site-packages/sqlalchemy/pool/base.py", line 659, in get_connection
    self.__connect()
  File "/home/airflow/.local/lib/python3.8/site-packages/sqlalchemy/pool/base.py", line 691, in __connect
    pool.logger.debug("Error on connect(): %s", e)
  File "/home/airflow/.local/lib/python3.8/site-packages/sqlalchemy/util/langhelpers.py", line 70, in __exit__
    compat.raise_(
  File "/home/airflow/.local/lib/python3.8/site-packages/sqlalchemy/util/compat.py", line 211, in raise_
    raise exception
  File "/home/airflow/.local/lib/python3.8/site-packages/sqlalchemy/pool/base.py", line 686, in __connect
    self.dbapi_connection = connection = pool._invoke_creator(self)
  File "/home/airflow/.local/lib/python3.8/site-packages/sqlalchemy/engine/create.py", line 574, in connect
    return dialect.connect(*cargs, **cparams)
  File "/home/airflow/.local/lib/python3.8/site-packages/sqlalchemy/engine/default.py", line 598, in connect
    return self.dbapi.connect(*cargs, **cparams)
  File "/home/airflow/.local/lib/python3.8/site-packages/psycopg2/__init__.py", line 122, in connect
    conn = _connect(dsn, connection_factory=connection_factory, **kwasync)
psycopg2.OperationalError: could not translate host name "postgres" to address: Temporary failure in name resolution


The above exception was the direct cause of the following exception:

Traceback (most recent call last):
  File "/home/airflow/.local/lib/python3.8/site-packages/airflow/dag_processing/processor.py", line 874, in process_file
    self.update_dag_warnings(session=session, dagbag=dagbag)
  File "/home/airflow/.local/lib/python3.8/site-packages/airflow/dag_processing/processor.py", line 674, in update_dag_warnings
    self._validate_task_pools(dagbag=dagbag)
  File "/home/airflow/.local/lib/python3.8/site-packages/airflow/utils/session.py", line 76, in wrapper
    return func(*args, session=session, **kwargs)
  File "/home/airflow/.local/lib/python3.8/site-packages/airflow/dag_processing/processor.py", line 654, in _validate_task_pools
    pools = {p.pool for p in Pool.get_pools(session)}
  File "/home/airflow/.local/lib/python3.8/site-packages/airflow/utils/session.py", line 73, in wrapper
    return func(*args, **kwargs)
  File "/home/airflow/.local/lib/python3.8/site-packages/airflow/models/pool.py", line 63, in get_pools
    return session.query(Pool).all()
  File "/home/airflow/.local/lib/python3.8/site-packages/sqlalchemy/orm/query.py", line 2773, in all
    return self._iter().all()
  File "/home/airflow/.local/lib/python3.8/site-packages/sqlalchemy/orm/query.py", line 2916, in _iter
    result = self.session.execute(
  File "/home/airflow/.local/lib/python3.8/site-packages/sqlalchemy/orm/session.py", line 1716, in execute
    conn = self._connection_for_bind(bind)
  File "/home/airflow/.local/lib/python3.8/site-packages/sqlalchemy/orm/session.py", line 1555, in _connection_for_bind
    return self._transaction._connection_for_bind(
  File "/home/airflow/.local/lib/python3.8/site-packages/sqlalchemy/orm/session.py", line 750, in _connection_for_bind
    conn = bind.connect()
  File "/home/airflow/.local/lib/python3.8/site-packages/sqlalchemy/engine/base.py", line 3320, in connect
    return self._connection_cls(self, close_with_result=close_with_result)
  File "/home/airflow/.local/lib/python3.8/site-packages/sqlalchemy/engine/base.py", line 96, in __init__
    else engine.raw_connection()
  File "/home/airflow/.local/lib/python3.8/site-packages/sqlalchemy/engine/base.py", line 3399, in raw_connection
    return self._wrap_pool_connect(self.pool.connect, _connection)
  File "/home/airflow/.local/lib/python3.8/site-packages/sqlalchemy/engine/base.py", line 3369, in _wrap_pool_connect
    Connection._handle_dbapi_exception_noconnection(
  File "/home/airflow/.local/lib/python3.8/site-packages/sqlalchemy/engine/base.py", line 2203, in _handle_dbapi_exception_noconnection
    util.raise_(
  File "/home/airflow/.local/lib/python3.8/site-packages/sqlalchemy/util/compat.py", line 211, in raise_
    raise exception
  File "/home/airflow/.local/lib/python3.8/site-packages/sqlalchemy/engine/base.py", line 3366, in _wrap_pool_connect
    return fn()
  File "/home/airflow/.local/lib/python3.8/site-packages/sqlalchemy/pool/base.py", line 327, in connect
    return _ConnectionFairy._checkout(self)
  File "/home/airflow/.local/lib/python3.8/site-packages/sqlalchemy/pool/base.py", line 894, in _checkout
    fairy = _ConnectionRecord.checkout(pool)
  File "/home/airflow/.local/lib/python3.8/site-packages/sqlalchemy/pool/base.py", line 498, in checkout
    rec._checkin_failed(err, _fairy_was_created=False)
  File "/home/airflow/.local/lib/python3.8/site-packages/sqlalchemy/util/langhelpers.py", line 70, in __exit__
    compat.raise_(
  File "/home/airflow/.local/lib/python3.8/site-packages/sqlalchemy/util/compat.py", line 211, in raise_
    raise exception
  File "/home/airflow/.local/lib/python3.8/site-packages/sqlalchemy/pool/base.py", line 495, in checkout
    dbapi_connection = rec.get_connection()
  File "/home/airflow/.local/lib/python3.8/site-packages/sqlalchemy/pool/base.py", line 659, in get_connection
    self.__connect()
  File "/home/airflow/.local/lib/python3.8/site-packages/sqlalchemy/pool/base.py", line 691, in __connect
    pool.logger.debug("Error on connect(): %s", e)
  File "/home/airflow/.local/lib/python3.8/site-packages/sqlalchemy/util/langhelpers.py", line 70, in __exit__
    compat.raise_(
  File "/home/airflow/.local/lib/python3.8/site-packages/sqlalchemy/util/compat.py", line 211, in raise_
    raise exception
  File "/home/airflow/.local/lib/python3.8/site-packages/sqlalchemy/pool/base.py", line 686, in __connect
    self.dbapi_connection = connection = pool._invoke_creator(self)
  File "/home/airflow/.local/lib/python3.8/site-packages/sqlalchemy/engine/create.py", line 574, in connect
    return dialect.connect(*cargs, **cparams)
  File "/home/airflow/.local/lib/python3.8/site-packages/sqlalchemy/engine/default.py", line 598, in connect
    return self.dbapi.connect(*cargs, **cparams)
  File "/home/airflow/.local/lib/python3.8/site-packages/psycopg2/__init__.py", line 122, in connect
    conn = _connect(dsn, connection_factory=connection_factory, **kwasync)
sqlalchemy.exc.OperationalError: (psycopg2.OperationalError) could not translate host name "postgres" to address: Temporary failure in name resolution

(Background on this error at: https://sqlalche.me/e/14/e3q8)
[2023-06-27T03:45:59.653+0000] {processor.py:179} INFO - Processing /home/airflow/.local/lib/python3.8/site-packages/airflow/example_dags/example_branch_labels.py took 4664.962 seconds
[2023-06-27T06:18:30.128+0000] {processor.py:157} INFO - Started process (PID=388) to work on /home/airflow/.local/lib/python3.8/site-packages/airflow/example_dags/example_branch_labels.py
[2023-06-27T06:18:30.349+0000] {processor.py:826} INFO - Processing file /home/airflow/.local/lib/python3.8/site-packages/airflow/example_dags/example_branch_labels.py for tasks to queue
[2023-06-27T06:18:30.350+0000] {logging_mixin.py:149} INFO - [2023-06-27T06:18:30.350+0000] {dagbag.py:541} INFO - Filling up the DagBag from /home/airflow/.local/lib/python3.8/site-packages/airflow/example_dags/example_branch_labels.py
[2023-06-27T06:18:35.496+0000] {processor.py:836} INFO - DAG(s) dict_keys(['example_branch_labels']) retrieved from /home/airflow/.local/lib/python3.8/site-packages/airflow/example_dags/example_branch_labels.py
[2023-06-27T06:18:45.204+0000] {logging_mixin.py:149} INFO - [2023-06-27T06:18:45.204+0000] {dag.py:2726} INFO - Sync 1 DAGs
[2023-06-27T06:18:48.930+0000] {logging_mixin.py:149} INFO - [2023-06-27T06:18:48.930+0000] {dag.py:3486} INFO - Setting next_dagrun for example_branch_labels to 2023-06-26T00:00:00+00:00, run_after=2023-06-27T00:00:00+00:00
[2023-06-27T06:18:53.623+0000] {processor.py:179} INFO - Processing /home/airflow/.local/lib/python3.8/site-packages/airflow/example_dags/example_branch_labels.py took 23.616 seconds
[2023-06-27T08:56:30.159+0000] {processor.py:157} INFO - Started process (PID=530) to work on /home/airflow/.local/lib/python3.8/site-packages/airflow/example_dags/example_branch_labels.py
[2023-06-27T08:56:30.188+0000] {processor.py:826} INFO - Processing file /home/airflow/.local/lib/python3.8/site-packages/airflow/example_dags/example_branch_labels.py for tasks to queue
[2023-06-27T08:56:30.189+0000] {logging_mixin.py:149} INFO - [2023-06-27T08:56:30.189+0000] {dagbag.py:541} INFO - Filling up the DagBag from /home/airflow/.local/lib/python3.8/site-packages/airflow/example_dags/example_branch_labels.py
[2023-06-27T08:56:30.199+0000] {processor.py:836} INFO - DAG(s) dict_keys(['example_branch_labels']) retrieved from /home/airflow/.local/lib/python3.8/site-packages/airflow/example_dags/example_branch_labels.py
[2023-06-27T08:56:30.236+0000] {logging_mixin.py:149} INFO - [2023-06-27T08:56:30.236+0000] {dag.py:2726} INFO - Sync 1 DAGs
[2023-06-27T08:56:30.263+0000] {logging_mixin.py:149} INFO - [2023-06-27T08:56:30.263+0000] {dag.py:3486} INFO - Setting next_dagrun for example_branch_labels to 2023-06-26T00:00:00+00:00, run_after=2023-06-27T00:00:00+00:00
[2023-06-27T08:56:30.311+0000] {processor.py:179} INFO - Processing /home/airflow/.local/lib/python3.8/site-packages/airflow/example_dags/example_branch_labels.py took 0.157 seconds
[2023-06-27T08:56:48.574+0000] {processor.py:157} INFO - Started process (PID=572) to work on /home/airflow/.local/lib/python3.8/site-packages/airflow/example_dags/example_branch_labels.py
[2023-06-27T08:56:48.575+0000] {processor.py:826} INFO - Processing file /home/airflow/.local/lib/python3.8/site-packages/airflow/example_dags/example_branch_labels.py for tasks to queue
[2023-06-27T08:56:48.576+0000] {logging_mixin.py:149} INFO - [2023-06-27T08:56:48.576+0000] {dagbag.py:541} INFO - Filling up the DagBag from /home/airflow/.local/lib/python3.8/site-packages/airflow/example_dags/example_branch_labels.py
[2023-06-27T08:56:48.586+0000] {processor.py:836} INFO - DAG(s) dict_keys(['example_branch_labels']) retrieved from /home/airflow/.local/lib/python3.8/site-packages/airflow/example_dags/example_branch_labels.py
[2023-06-27T08:56:48.622+0000] {logging_mixin.py:149} INFO - [2023-06-27T08:56:48.621+0000] {dag.py:2726} INFO - Sync 1 DAGs
[2023-06-27T08:56:48.650+0000] {logging_mixin.py:149} INFO - [2023-06-27T08:56:48.649+0000] {dag.py:3486} INFO - Setting next_dagrun for example_branch_labels to 2023-06-26T00:00:00+00:00, run_after=2023-06-27T00:00:00+00:00
[2023-06-27T08:56:48.806+0000] {processor.py:179} INFO - Processing /home/airflow/.local/lib/python3.8/site-packages/airflow/example_dags/example_branch_labels.py took 0.237 seconds
[2023-06-27T09:00:27.461+0000] {processor.py:157} INFO - Started process (PID=728) to work on /home/airflow/.local/lib/python3.8/site-packages/airflow/example_dags/example_branch_labels.py
[2023-06-27T09:00:27.555+0000] {processor.py:826} INFO - Processing file /home/airflow/.local/lib/python3.8/site-packages/airflow/example_dags/example_branch_labels.py for tasks to queue
[2023-06-27T09:00:27.606+0000] {logging_mixin.py:149} INFO - [2023-06-27T09:00:27.606+0000] {dagbag.py:541} INFO - Filling up the DagBag from /home/airflow/.local/lib/python3.8/site-packages/airflow/example_dags/example_branch_labels.py
[2023-06-27T09:00:27.804+0000] {processor.py:836} INFO - DAG(s) dict_keys(['example_branch_labels']) retrieved from /home/airflow/.local/lib/python3.8/site-packages/airflow/example_dags/example_branch_labels.py
[2023-06-27T09:00:27.918+0000] {logging_mixin.py:149} INFO - [2023-06-27T09:00:27.917+0000] {dag.py:2726} INFO - Sync 1 DAGs
[2023-06-27T09:00:27.995+0000] {logging_mixin.py:149} INFO - [2023-06-27T09:00:27.994+0000] {dag.py:3486} INFO - Setting next_dagrun for example_branch_labels to 2023-06-26T00:00:00+00:00, run_after=2023-06-27T00:00:00+00:00
[2023-06-27T09:00:28.357+0000] {processor.py:179} INFO - Processing /home/airflow/.local/lib/python3.8/site-packages/airflow/example_dags/example_branch_labels.py took 0.971 seconds
[2023-06-27T09:20:47.905+0000] {processor.py:157} INFO - Started process (PID=73) to work on /home/airflow/.local/lib/python3.8/site-packages/airflow/example_dags/example_branch_labels.py
[2023-06-27T09:20:47.918+0000] {processor.py:826} INFO - Processing file /home/airflow/.local/lib/python3.8/site-packages/airflow/example_dags/example_branch_labels.py for tasks to queue
[2023-06-27T09:20:47.919+0000] {logging_mixin.py:149} INFO - [2023-06-27T09:20:47.919+0000] {dagbag.py:541} INFO - Filling up the DagBag from /home/airflow/.local/lib/python3.8/site-packages/airflow/example_dags/example_branch_labels.py
[2023-06-27T09:20:47.959+0000] {processor.py:836} INFO - DAG(s) dict_keys(['example_branch_labels']) retrieved from /home/airflow/.local/lib/python3.8/site-packages/airflow/example_dags/example_branch_labels.py
[2023-06-27T09:20:48.059+0000] {logging_mixin.py:149} INFO - [2023-06-27T09:20:48.059+0000] {dag.py:2726} INFO - Sync 1 DAGs
[2023-06-27T09:20:48.197+0000] {logging_mixin.py:149} INFO - [2023-06-27T09:20:48.197+0000] {dag.py:3486} INFO - Setting next_dagrun for example_branch_labels to 2023-06-26T00:00:00+00:00, run_after=2023-06-27T00:00:00+00:00
[2023-06-27T09:20:48.270+0000] {processor.py:179} INFO - Processing /home/airflow/.local/lib/python3.8/site-packages/airflow/example_dags/example_branch_labels.py took 0.382 seconds
[2023-06-27T09:21:19.932+0000] {processor.py:157} INFO - Started process (PID=140) to work on /home/airflow/.local/lib/python3.8/site-packages/airflow/example_dags/example_branch_labels.py
[2023-06-27T09:21:19.939+0000] {processor.py:826} INFO - Processing file /home/airflow/.local/lib/python3.8/site-packages/airflow/example_dags/example_branch_labels.py for tasks to queue
[2023-06-27T09:21:19.941+0000] {logging_mixin.py:149} INFO - [2023-06-27T09:21:19.941+0000] {dagbag.py:541} INFO - Filling up the DagBag from /home/airflow/.local/lib/python3.8/site-packages/airflow/example_dags/example_branch_labels.py
[2023-06-27T09:21:20.004+0000] {processor.py:836} INFO - DAG(s) dict_keys(['example_branch_labels']) retrieved from /home/airflow/.local/lib/python3.8/site-packages/airflow/example_dags/example_branch_labels.py
[2023-06-27T09:21:20.211+0000] {logging_mixin.py:149} INFO - [2023-06-27T09:21:20.211+0000] {dag.py:2726} INFO - Sync 1 DAGs
[2023-06-27T09:21:20.414+0000] {logging_mixin.py:149} INFO - [2023-06-27T09:21:20.394+0000] {dag.py:3486} INFO - Setting next_dagrun for example_branch_labels to 2023-06-26T00:00:00+00:00, run_after=2023-06-27T00:00:00+00:00
[2023-06-27T09:21:20.596+0000] {processor.py:179} INFO - Processing /home/airflow/.local/lib/python3.8/site-packages/airflow/example_dags/example_branch_labels.py took 0.700 seconds
[2023-06-27T09:21:51.393+0000] {processor.py:157} INFO - Started process (PID=209) to work on /home/airflow/.local/lib/python3.8/site-packages/airflow/example_dags/example_branch_labels.py
[2023-06-27T09:21:51.423+0000] {processor.py:826} INFO - Processing file /home/airflow/.local/lib/python3.8/site-packages/airflow/example_dags/example_branch_labels.py for tasks to queue
[2023-06-27T09:21:51.425+0000] {logging_mixin.py:149} INFO - [2023-06-27T09:21:51.424+0000] {dagbag.py:541} INFO - Filling up the DagBag from /home/airflow/.local/lib/python3.8/site-packages/airflow/example_dags/example_branch_labels.py
[2023-06-27T09:21:51.455+0000] {processor.py:836} INFO - DAG(s) dict_keys(['example_branch_labels']) retrieved from /home/airflow/.local/lib/python3.8/site-packages/airflow/example_dags/example_branch_labels.py
[2023-06-27T09:21:51.531+0000] {logging_mixin.py:149} INFO - [2023-06-27T09:21:51.531+0000] {dag.py:2726} INFO - Sync 1 DAGs
[2023-06-27T09:21:51.585+0000] {logging_mixin.py:149} INFO - [2023-06-27T09:21:51.584+0000] {dag.py:3486} INFO - Setting next_dagrun for example_branch_labels to 2023-06-26T00:00:00+00:00, run_after=2023-06-27T00:00:00+00:00
[2023-06-27T09:21:51.639+0000] {processor.py:179} INFO - Processing /home/airflow/.local/lib/python3.8/site-packages/airflow/example_dags/example_branch_labels.py took 0.275 seconds
[2023-06-27T09:22:22.064+0000] {processor.py:157} INFO - Started process (PID=275) to work on /home/airflow/.local/lib/python3.8/site-packages/airflow/example_dags/example_branch_labels.py
[2023-06-27T09:22:22.071+0000] {processor.py:826} INFO - Processing file /home/airflow/.local/lib/python3.8/site-packages/airflow/example_dags/example_branch_labels.py for tasks to queue
[2023-06-27T09:22:22.073+0000] {logging_mixin.py:149} INFO - [2023-06-27T09:22:22.072+0000] {dagbag.py:541} INFO - Filling up the DagBag from /home/airflow/.local/lib/python3.8/site-packages/airflow/example_dags/example_branch_labels.py
[2023-06-27T09:22:22.093+0000] {processor.py:836} INFO - DAG(s) dict_keys(['example_branch_labels']) retrieved from /home/airflow/.local/lib/python3.8/site-packages/airflow/example_dags/example_branch_labels.py
[2023-06-27T09:22:22.163+0000] {logging_mixin.py:149} INFO - [2023-06-27T09:22:22.162+0000] {dag.py:2726} INFO - Sync 1 DAGs
[2023-06-27T09:22:22.225+0000] {logging_mixin.py:149} INFO - [2023-06-27T09:22:22.225+0000] {dag.py:3486} INFO - Setting next_dagrun for example_branch_labels to 2023-06-26T00:00:00+00:00, run_after=2023-06-27T00:00:00+00:00
[2023-06-27T09:22:22.245+0000] {processor.py:179} INFO - Processing /home/airflow/.local/lib/python3.8/site-packages/airflow/example_dags/example_branch_labels.py took 0.187 seconds
[2023-06-27T09:22:53.593+0000] {processor.py:157} INFO - Started process (PID=344) to work on /home/airflow/.local/lib/python3.8/site-packages/airflow/example_dags/example_branch_labels.py
[2023-06-27T09:22:53.599+0000] {processor.py:826} INFO - Processing file /home/airflow/.local/lib/python3.8/site-packages/airflow/example_dags/example_branch_labels.py for tasks to queue
[2023-06-27T09:22:53.601+0000] {logging_mixin.py:149} INFO - [2023-06-27T09:22:53.601+0000] {dagbag.py:541} INFO - Filling up the DagBag from /home/airflow/.local/lib/python3.8/site-packages/airflow/example_dags/example_branch_labels.py
[2023-06-27T09:22:53.623+0000] {processor.py:836} INFO - DAG(s) dict_keys(['example_branch_labels']) retrieved from /home/airflow/.local/lib/python3.8/site-packages/airflow/example_dags/example_branch_labels.py
[2023-06-27T09:22:53.684+0000] {logging_mixin.py:149} INFO - [2023-06-27T09:22:53.684+0000] {dag.py:2726} INFO - Sync 1 DAGs
[2023-06-27T09:22:53.801+0000] {logging_mixin.py:149} INFO - [2023-06-27T09:22:53.800+0000] {dag.py:3486} INFO - Setting next_dagrun for example_branch_labels to 2023-06-26T00:00:00+00:00, run_after=2023-06-27T00:00:00+00:00
[2023-06-27T09:22:53.914+0000] {processor.py:179} INFO - Processing /home/airflow/.local/lib/python3.8/site-packages/airflow/example_dags/example_branch_labels.py took 0.330 seconds
[2023-06-27T09:23:24.588+0000] {processor.py:157} INFO - Started process (PID=410) to work on /home/airflow/.local/lib/python3.8/site-packages/airflow/example_dags/example_branch_labels.py
[2023-06-27T09:23:24.591+0000] {processor.py:826} INFO - Processing file /home/airflow/.local/lib/python3.8/site-packages/airflow/example_dags/example_branch_labels.py for tasks to queue
[2023-06-27T09:23:24.592+0000] {logging_mixin.py:149} INFO - [2023-06-27T09:23:24.592+0000] {dagbag.py:541} INFO - Filling up the DagBag from /home/airflow/.local/lib/python3.8/site-packages/airflow/example_dags/example_branch_labels.py
[2023-06-27T09:23:24.618+0000] {processor.py:836} INFO - DAG(s) dict_keys(['example_branch_labels']) retrieved from /home/airflow/.local/lib/python3.8/site-packages/airflow/example_dags/example_branch_labels.py
[2023-06-27T09:23:24.680+0000] {logging_mixin.py:149} INFO - [2023-06-27T09:23:24.680+0000] {dag.py:2726} INFO - Sync 1 DAGs
[2023-06-27T09:23:24.747+0000] {logging_mixin.py:149} INFO - [2023-06-27T09:23:24.747+0000] {dag.py:3486} INFO - Setting next_dagrun for example_branch_labels to 2023-06-26T00:00:00+00:00, run_after=2023-06-27T00:00:00+00:00
[2023-06-27T09:23:24.768+0000] {processor.py:179} INFO - Processing /home/airflow/.local/lib/python3.8/site-packages/airflow/example_dags/example_branch_labels.py took 0.189 seconds
[2023-06-27T09:23:55.406+0000] {processor.py:157} INFO - Started process (PID=474) to work on /home/airflow/.local/lib/python3.8/site-packages/airflow/example_dags/example_branch_labels.py
[2023-06-27T09:23:55.407+0000] {processor.py:826} INFO - Processing file /home/airflow/.local/lib/python3.8/site-packages/airflow/example_dags/example_branch_labels.py for tasks to queue
[2023-06-27T09:23:55.409+0000] {logging_mixin.py:149} INFO - [2023-06-27T09:23:55.408+0000] {dagbag.py:541} INFO - Filling up the DagBag from /home/airflow/.local/lib/python3.8/site-packages/airflow/example_dags/example_branch_labels.py
[2023-06-27T09:23:55.429+0000] {processor.py:836} INFO - DAG(s) dict_keys(['example_branch_labels']) retrieved from /home/airflow/.local/lib/python3.8/site-packages/airflow/example_dags/example_branch_labels.py
[2023-06-27T09:23:55.493+0000] {logging_mixin.py:149} INFO - [2023-06-27T09:23:55.493+0000] {dag.py:2726} INFO - Sync 1 DAGs
[2023-06-27T09:23:55.552+0000] {logging_mixin.py:149} INFO - [2023-06-27T09:23:55.551+0000] {dag.py:3486} INFO - Setting next_dagrun for example_branch_labels to 2023-06-26T00:00:00+00:00, run_after=2023-06-27T00:00:00+00:00
[2023-06-27T09:23:55.598+0000] {processor.py:179} INFO - Processing /home/airflow/.local/lib/python3.8/site-packages/airflow/example_dags/example_branch_labels.py took 0.201 seconds
[2023-06-27T09:25:53.396+0000] {processor.py:157} INFO - Started process (PID=71) to work on /home/airflow/.local/lib/python3.8/site-packages/airflow/example_dags/example_branch_labels.py
[2023-06-27T09:25:53.411+0000] {processor.py:826} INFO - Processing file /home/airflow/.local/lib/python3.8/site-packages/airflow/example_dags/example_branch_labels.py for tasks to queue
[2023-06-27T09:25:53.412+0000] {logging_mixin.py:149} INFO - [2023-06-27T09:25:53.412+0000] {dagbag.py:541} INFO - Filling up the DagBag from /home/airflow/.local/lib/python3.8/site-packages/airflow/example_dags/example_branch_labels.py
[2023-06-27T09:25:53.430+0000] {processor.py:836} INFO - DAG(s) dict_keys(['example_branch_labels']) retrieved from /home/airflow/.local/lib/python3.8/site-packages/airflow/example_dags/example_branch_labels.py
[2023-06-27T09:25:53.571+0000] {logging_mixin.py:149} INFO - [2023-06-27T09:25:53.570+0000] {dag.py:2726} INFO - Sync 1 DAGs
[2023-06-27T09:25:53.645+0000] {logging_mixin.py:149} INFO - [2023-06-27T09:25:53.645+0000] {dag.py:3486} INFO - Setting next_dagrun for example_branch_labels to 2023-06-26T00:00:00+00:00, run_after=2023-06-27T00:00:00+00:00
[2023-06-27T09:25:53.771+0000] {processor.py:179} INFO - Processing /home/airflow/.local/lib/python3.8/site-packages/airflow/example_dags/example_branch_labels.py took 0.393 seconds
[2023-06-27T09:26:24.224+0000] {processor.py:157} INFO - Started process (PID=134) to work on /home/airflow/.local/lib/python3.8/site-packages/airflow/example_dags/example_branch_labels.py
[2023-06-27T09:26:24.225+0000] {processor.py:826} INFO - Processing file /home/airflow/.local/lib/python3.8/site-packages/airflow/example_dags/example_branch_labels.py for tasks to queue
[2023-06-27T09:26:24.231+0000] {logging_mixin.py:149} INFO - [2023-06-27T09:26:24.231+0000] {dagbag.py:541} INFO - Filling up the DagBag from /home/airflow/.local/lib/python3.8/site-packages/airflow/example_dags/example_branch_labels.py
[2023-06-27T09:26:24.249+0000] {processor.py:836} INFO - DAG(s) dict_keys(['example_branch_labels']) retrieved from /home/airflow/.local/lib/python3.8/site-packages/airflow/example_dags/example_branch_labels.py
[2023-06-27T09:26:24.337+0000] {logging_mixin.py:149} INFO - [2023-06-27T09:26:24.336+0000] {dag.py:2726} INFO - Sync 1 DAGs
[2023-06-27T09:26:24.403+0000] {logging_mixin.py:149} INFO - [2023-06-27T09:26:24.403+0000] {dag.py:3486} INFO - Setting next_dagrun for example_branch_labels to 2023-06-26T00:00:00+00:00, run_after=2023-06-27T00:00:00+00:00
[2023-06-27T09:26:24.466+0000] {processor.py:179} INFO - Processing /home/airflow/.local/lib/python3.8/site-packages/airflow/example_dags/example_branch_labels.py took 0.256 seconds
[2023-06-27T09:26:56.537+0000] {processor.py:157} INFO - Started process (PID=202) to work on /home/airflow/.local/lib/python3.8/site-packages/airflow/example_dags/example_branch_labels.py
[2023-06-27T09:26:56.559+0000] {processor.py:826} INFO - Processing file /home/airflow/.local/lib/python3.8/site-packages/airflow/example_dags/example_branch_labels.py for tasks to queue
[2023-06-27T09:26:56.561+0000] {logging_mixin.py:149} INFO - [2023-06-27T09:26:56.561+0000] {dagbag.py:541} INFO - Filling up the DagBag from /home/airflow/.local/lib/python3.8/site-packages/airflow/example_dags/example_branch_labels.py
[2023-06-27T09:26:56.640+0000] {processor.py:836} INFO - DAG(s) dict_keys(['example_branch_labels']) retrieved from /home/airflow/.local/lib/python3.8/site-packages/airflow/example_dags/example_branch_labels.py
[2023-06-27T09:26:56.783+0000] {logging_mixin.py:149} INFO - [2023-06-27T09:26:56.782+0000] {dag.py:2726} INFO - Sync 1 DAGs
[2023-06-27T09:26:56.921+0000] {logging_mixin.py:149} INFO - [2023-06-27T09:26:56.921+0000] {dag.py:3486} INFO - Setting next_dagrun for example_branch_labels to 2023-06-26T00:00:00+00:00, run_after=2023-06-27T00:00:00+00:00
[2023-06-27T09:26:57.083+0000] {processor.py:179} INFO - Processing /home/airflow/.local/lib/python3.8/site-packages/airflow/example_dags/example_branch_labels.py took 0.571 seconds
[2023-06-27T09:27:28.291+0000] {processor.py:157} INFO - Started process (PID=274) to work on /home/airflow/.local/lib/python3.8/site-packages/airflow/example_dags/example_branch_labels.py
[2023-06-27T09:27:28.292+0000] {processor.py:826} INFO - Processing file /home/airflow/.local/lib/python3.8/site-packages/airflow/example_dags/example_branch_labels.py for tasks to queue
[2023-06-27T09:27:28.294+0000] {logging_mixin.py:149} INFO - [2023-06-27T09:27:28.294+0000] {dagbag.py:541} INFO - Filling up the DagBag from /home/airflow/.local/lib/python3.8/site-packages/airflow/example_dags/example_branch_labels.py
[2023-06-27T09:27:28.340+0000] {processor.py:836} INFO - DAG(s) dict_keys(['example_branch_labels']) retrieved from /home/airflow/.local/lib/python3.8/site-packages/airflow/example_dags/example_branch_labels.py
[2023-06-27T09:27:28.443+0000] {logging_mixin.py:149} INFO - [2023-06-27T09:27:28.443+0000] {dag.py:2726} INFO - Sync 1 DAGs
[2023-06-27T09:27:28.530+0000] {logging_mixin.py:149} INFO - [2023-06-27T09:27:28.530+0000] {dag.py:3486} INFO - Setting next_dagrun for example_branch_labels to 2023-06-26T00:00:00+00:00, run_after=2023-06-27T00:00:00+00:00
[2023-06-27T09:27:28.585+0000] {processor.py:179} INFO - Processing /home/airflow/.local/lib/python3.8/site-packages/airflow/example_dags/example_branch_labels.py took 0.338 seconds
[2023-06-27T09:27:58.868+0000] {processor.py:157} INFO - Started process (PID=340) to work on /home/airflow/.local/lib/python3.8/site-packages/airflow/example_dags/example_branch_labels.py
[2023-06-27T09:27:58.870+0000] {processor.py:826} INFO - Processing file /home/airflow/.local/lib/python3.8/site-packages/airflow/example_dags/example_branch_labels.py for tasks to queue
[2023-06-27T09:27:58.871+0000] {logging_mixin.py:149} INFO - [2023-06-27T09:27:58.871+0000] {dagbag.py:541} INFO - Filling up the DagBag from /home/airflow/.local/lib/python3.8/site-packages/airflow/example_dags/example_branch_labels.py
[2023-06-27T09:27:58.881+0000] {processor.py:836} INFO - DAG(s) dict_keys(['example_branch_labels']) retrieved from /home/airflow/.local/lib/python3.8/site-packages/airflow/example_dags/example_branch_labels.py
[2023-06-27T09:27:58.914+0000] {logging_mixin.py:149} INFO - [2023-06-27T09:27:58.913+0000] {dag.py:2726} INFO - Sync 1 DAGs
[2023-06-27T09:27:58.943+0000] {logging_mixin.py:149} INFO - [2023-06-27T09:27:58.943+0000] {dag.py:3486} INFO - Setting next_dagrun for example_branch_labels to 2023-06-26T00:00:00+00:00, run_after=2023-06-27T00:00:00+00:00
[2023-06-27T09:27:58.964+0000] {processor.py:179} INFO - Processing /home/airflow/.local/lib/python3.8/site-packages/airflow/example_dags/example_branch_labels.py took 0.101 seconds
[2023-06-27T09:28:29.105+0000] {processor.py:157} INFO - Started process (PID=407) to work on /home/airflow/.local/lib/python3.8/site-packages/airflow/example_dags/example_branch_labels.py
[2023-06-27T09:28:29.106+0000] {processor.py:826} INFO - Processing file /home/airflow/.local/lib/python3.8/site-packages/airflow/example_dags/example_branch_labels.py for tasks to queue
[2023-06-27T09:28:29.108+0000] {logging_mixin.py:149} INFO - [2023-06-27T09:28:29.108+0000] {dagbag.py:541} INFO - Filling up the DagBag from /home/airflow/.local/lib/python3.8/site-packages/airflow/example_dags/example_branch_labels.py
[2023-06-27T09:28:29.117+0000] {processor.py:836} INFO - DAG(s) dict_keys(['example_branch_labels']) retrieved from /home/airflow/.local/lib/python3.8/site-packages/airflow/example_dags/example_branch_labels.py
[2023-06-27T09:28:29.149+0000] {logging_mixin.py:149} INFO - [2023-06-27T09:28:29.149+0000] {dag.py:2726} INFO - Sync 1 DAGs
[2023-06-27T09:28:29.179+0000] {logging_mixin.py:149} INFO - [2023-06-27T09:28:29.179+0000] {dag.py:3486} INFO - Setting next_dagrun for example_branch_labels to 2023-06-26T00:00:00+00:00, run_after=2023-06-27T00:00:00+00:00
[2023-06-27T09:28:29.202+0000] {processor.py:179} INFO - Processing /home/airflow/.local/lib/python3.8/site-packages/airflow/example_dags/example_branch_labels.py took 0.102 seconds
[2023-06-27T09:28:59.229+0000] {processor.py:157} INFO - Started process (PID=472) to work on /home/airflow/.local/lib/python3.8/site-packages/airflow/example_dags/example_branch_labels.py
[2023-06-27T09:28:59.231+0000] {processor.py:826} INFO - Processing file /home/airflow/.local/lib/python3.8/site-packages/airflow/example_dags/example_branch_labels.py for tasks to queue
[2023-06-27T09:28:59.233+0000] {logging_mixin.py:149} INFO - [2023-06-27T09:28:59.232+0000] {dagbag.py:541} INFO - Filling up the DagBag from /home/airflow/.local/lib/python3.8/site-packages/airflow/example_dags/example_branch_labels.py
[2023-06-27T09:28:59.242+0000] {processor.py:836} INFO - DAG(s) dict_keys(['example_branch_labels']) retrieved from /home/airflow/.local/lib/python3.8/site-packages/airflow/example_dags/example_branch_labels.py
[2023-06-27T09:28:59.279+0000] {logging_mixin.py:149} INFO - [2023-06-27T09:28:59.278+0000] {dag.py:2726} INFO - Sync 1 DAGs
[2023-06-27T09:28:59.309+0000] {logging_mixin.py:149} INFO - [2023-06-27T09:28:59.309+0000] {dag.py:3486} INFO - Setting next_dagrun for example_branch_labels to 2023-06-26T00:00:00+00:00, run_after=2023-06-27T00:00:00+00:00
[2023-06-27T09:28:59.330+0000] {processor.py:179} INFO - Processing /home/airflow/.local/lib/python3.8/site-packages/airflow/example_dags/example_branch_labels.py took 0.106 seconds
[2023-06-27T09:29:30.432+0000] {processor.py:157} INFO - Started process (PID=552) to work on /home/airflow/.local/lib/python3.8/site-packages/airflow/example_dags/example_branch_labels.py
[2023-06-27T09:29:30.439+0000] {processor.py:826} INFO - Processing file /home/airflow/.local/lib/python3.8/site-packages/airflow/example_dags/example_branch_labels.py for tasks to queue
[2023-06-27T09:29:30.441+0000] {logging_mixin.py:149} INFO - [2023-06-27T09:29:30.440+0000] {dagbag.py:541} INFO - Filling up the DagBag from /home/airflow/.local/lib/python3.8/site-packages/airflow/example_dags/example_branch_labels.py
[2023-06-27T09:29:30.454+0000] {processor.py:836} INFO - DAG(s) dict_keys(['example_branch_labels']) retrieved from /home/airflow/.local/lib/python3.8/site-packages/airflow/example_dags/example_branch_labels.py
[2023-06-27T09:29:30.537+0000] {logging_mixin.py:149} INFO - [2023-06-27T09:29:30.537+0000] {dag.py:2726} INFO - Sync 1 DAGs
[2023-06-27T09:29:30.619+0000] {logging_mixin.py:149} INFO - [2023-06-27T09:29:30.619+0000] {dag.py:3486} INFO - Setting next_dagrun for example_branch_labels to 2023-06-26T00:00:00+00:00, run_after=2023-06-27T00:00:00+00:00
[2023-06-27T09:29:30.667+0000] {processor.py:179} INFO - Processing /home/airflow/.local/lib/python3.8/site-packages/airflow/example_dags/example_branch_labels.py took 0.248 seconds
[2023-06-27T09:30:01.389+0000] {processor.py:157} INFO - Started process (PID=618) to work on /home/airflow/.local/lib/python3.8/site-packages/airflow/example_dags/example_branch_labels.py
[2023-06-27T09:30:01.390+0000] {processor.py:826} INFO - Processing file /home/airflow/.local/lib/python3.8/site-packages/airflow/example_dags/example_branch_labels.py for tasks to queue
[2023-06-27T09:30:01.392+0000] {logging_mixin.py:149} INFO - [2023-06-27T09:30:01.392+0000] {dagbag.py:541} INFO - Filling up the DagBag from /home/airflow/.local/lib/python3.8/site-packages/airflow/example_dags/example_branch_labels.py
[2023-06-27T09:30:01.418+0000] {processor.py:836} INFO - DAG(s) dict_keys(['example_branch_labels']) retrieved from /home/airflow/.local/lib/python3.8/site-packages/airflow/example_dags/example_branch_labels.py
[2023-06-27T09:30:01.499+0000] {logging_mixin.py:149} INFO - [2023-06-27T09:30:01.499+0000] {dag.py:2726} INFO - Sync 1 DAGs
[2023-06-27T09:30:01.557+0000] {logging_mixin.py:149} INFO - [2023-06-27T09:30:01.557+0000] {dag.py:3486} INFO - Setting next_dagrun for example_branch_labels to 2023-06-26T00:00:00+00:00, run_after=2023-06-27T00:00:00+00:00
[2023-06-27T09:30:01.611+0000] {processor.py:179} INFO - Processing /home/airflow/.local/lib/python3.8/site-packages/airflow/example_dags/example_branch_labels.py took 0.232 seconds
[2023-06-27T09:30:32.416+0000] {processor.py:157} INFO - Started process (PID=689) to work on /home/airflow/.local/lib/python3.8/site-packages/airflow/example_dags/example_branch_labels.py
[2023-06-27T09:30:32.418+0000] {processor.py:826} INFO - Processing file /home/airflow/.local/lib/python3.8/site-packages/airflow/example_dags/example_branch_labels.py for tasks to queue
[2023-06-27T09:30:32.420+0000] {logging_mixin.py:149} INFO - [2023-06-27T09:30:32.419+0000] {dagbag.py:541} INFO - Filling up the DagBag from /home/airflow/.local/lib/python3.8/site-packages/airflow/example_dags/example_branch_labels.py
[2023-06-27T09:30:32.429+0000] {processor.py:836} INFO - DAG(s) dict_keys(['example_branch_labels']) retrieved from /home/airflow/.local/lib/python3.8/site-packages/airflow/example_dags/example_branch_labels.py
[2023-06-27T09:30:32.462+0000] {logging_mixin.py:149} INFO - [2023-06-27T09:30:32.461+0000] {dag.py:2726} INFO - Sync 1 DAGs
[2023-06-27T09:30:32.491+0000] {logging_mixin.py:149} INFO - [2023-06-27T09:30:32.491+0000] {dag.py:3486} INFO - Setting next_dagrun for example_branch_labels to 2023-06-26T00:00:00+00:00, run_after=2023-06-27T00:00:00+00:00
[2023-06-27T09:30:32.511+0000] {processor.py:179} INFO - Processing /home/airflow/.local/lib/python3.8/site-packages/airflow/example_dags/example_branch_labels.py took 0.099 seconds
[2023-06-27T09:31:03.330+0000] {processor.py:157} INFO - Started process (PID=767) to work on /home/airflow/.local/lib/python3.8/site-packages/airflow/example_dags/example_branch_labels.py
[2023-06-27T09:31:03.331+0000] {processor.py:826} INFO - Processing file /home/airflow/.local/lib/python3.8/site-packages/airflow/example_dags/example_branch_labels.py for tasks to queue
[2023-06-27T09:31:03.334+0000] {logging_mixin.py:149} INFO - [2023-06-27T09:31:03.333+0000] {dagbag.py:541} INFO - Filling up the DagBag from /home/airflow/.local/lib/python3.8/site-packages/airflow/example_dags/example_branch_labels.py
[2023-06-27T09:31:03.345+0000] {processor.py:836} INFO - DAG(s) dict_keys(['example_branch_labels']) retrieved from /home/airflow/.local/lib/python3.8/site-packages/airflow/example_dags/example_branch_labels.py
[2023-06-27T09:31:03.379+0000] {logging_mixin.py:149} INFO - [2023-06-27T09:31:03.379+0000] {dag.py:2726} INFO - Sync 1 DAGs
[2023-06-27T09:31:03.409+0000] {logging_mixin.py:149} INFO - [2023-06-27T09:31:03.408+0000] {dag.py:3486} INFO - Setting next_dagrun for example_branch_labels to 2023-06-26T00:00:00+00:00, run_after=2023-06-27T00:00:00+00:00
[2023-06-27T09:31:03.428+0000] {processor.py:179} INFO - Processing /home/airflow/.local/lib/python3.8/site-packages/airflow/example_dags/example_branch_labels.py took 0.103 seconds
[2023-06-27T09:31:34.510+0000] {processor.py:157} INFO - Started process (PID=833) to work on /home/airflow/.local/lib/python3.8/site-packages/airflow/example_dags/example_branch_labels.py
[2023-06-27T09:31:34.523+0000] {processor.py:826} INFO - Processing file /home/airflow/.local/lib/python3.8/site-packages/airflow/example_dags/example_branch_labels.py for tasks to queue
[2023-06-27T09:31:34.525+0000] {logging_mixin.py:149} INFO - [2023-06-27T09:31:34.525+0000] {dagbag.py:541} INFO - Filling up the DagBag from /home/airflow/.local/lib/python3.8/site-packages/airflow/example_dags/example_branch_labels.py
[2023-06-27T09:31:34.557+0000] {processor.py:836} INFO - DAG(s) dict_keys(['example_branch_labels']) retrieved from /home/airflow/.local/lib/python3.8/site-packages/airflow/example_dags/example_branch_labels.py
[2023-06-27T09:31:34.618+0000] {logging_mixin.py:149} INFO - [2023-06-27T09:31:34.618+0000] {dag.py:2726} INFO - Sync 1 DAGs
[2023-06-27T09:31:34.650+0000] {logging_mixin.py:149} INFO - [2023-06-27T09:31:34.650+0000] {dag.py:3486} INFO - Setting next_dagrun for example_branch_labels to 2023-06-26T00:00:00+00:00, run_after=2023-06-27T00:00:00+00:00
[2023-06-27T09:31:34.673+0000] {processor.py:179} INFO - Processing /home/airflow/.local/lib/python3.8/site-packages/airflow/example_dags/example_branch_labels.py took 0.170 seconds
[2023-06-27T09:32:05.354+0000] {processor.py:157} INFO - Started process (PID=900) to work on /home/airflow/.local/lib/python3.8/site-packages/airflow/example_dags/example_branch_labels.py
[2023-06-27T09:32:05.356+0000] {processor.py:826} INFO - Processing file /home/airflow/.local/lib/python3.8/site-packages/airflow/example_dags/example_branch_labels.py for tasks to queue
[2023-06-27T09:32:05.358+0000] {logging_mixin.py:149} INFO - [2023-06-27T09:32:05.357+0000] {dagbag.py:541} INFO - Filling up the DagBag from /home/airflow/.local/lib/python3.8/site-packages/airflow/example_dags/example_branch_labels.py
[2023-06-27T09:32:05.367+0000] {processor.py:836} INFO - DAG(s) dict_keys(['example_branch_labels']) retrieved from /home/airflow/.local/lib/python3.8/site-packages/airflow/example_dags/example_branch_labels.py
[2023-06-27T09:32:05.417+0000] {logging_mixin.py:149} INFO - [2023-06-27T09:32:05.416+0000] {dag.py:2726} INFO - Sync 1 DAGs
[2023-06-27T09:32:05.453+0000] {logging_mixin.py:149} INFO - [2023-06-27T09:32:05.453+0000] {dag.py:3486} INFO - Setting next_dagrun for example_branch_labels to 2023-06-26T00:00:00+00:00, run_after=2023-06-27T00:00:00+00:00
[2023-06-27T09:32:05.476+0000] {processor.py:179} INFO - Processing /home/airflow/.local/lib/python3.8/site-packages/airflow/example_dags/example_branch_labels.py took 0.127 seconds
[2023-06-27T09:32:36.383+0000] {processor.py:157} INFO - Started process (PID=975) to work on /home/airflow/.local/lib/python3.8/site-packages/airflow/example_dags/example_branch_labels.py
[2023-06-27T09:32:36.384+0000] {processor.py:826} INFO - Processing file /home/airflow/.local/lib/python3.8/site-packages/airflow/example_dags/example_branch_labels.py for tasks to queue
[2023-06-27T09:32:36.386+0000] {logging_mixin.py:149} INFO - [2023-06-27T09:32:36.386+0000] {dagbag.py:541} INFO - Filling up the DagBag from /home/airflow/.local/lib/python3.8/site-packages/airflow/example_dags/example_branch_labels.py
[2023-06-27T09:32:36.468+0000] {processor.py:836} INFO - DAG(s) dict_keys(['example_branch_labels']) retrieved from /home/airflow/.local/lib/python3.8/site-packages/airflow/example_dags/example_branch_labels.py
[2023-06-27T09:32:36.652+0000] {logging_mixin.py:149} INFO - [2023-06-27T09:32:36.651+0000] {dag.py:2726} INFO - Sync 1 DAGs
[2023-06-27T09:32:36.793+0000] {logging_mixin.py:149} INFO - [2023-06-27T09:32:36.793+0000] {dag.py:3486} INFO - Setting next_dagrun for example_branch_labels to 2023-06-26T00:00:00+00:00, run_after=2023-06-27T00:00:00+00:00
[2023-06-27T09:32:36.891+0000] {processor.py:179} INFO - Processing /home/airflow/.local/lib/python3.8/site-packages/airflow/example_dags/example_branch_labels.py took 0.561 seconds
[2023-06-27T09:33:07.193+0000] {processor.py:157} INFO - Started process (PID=1043) to work on /home/airflow/.local/lib/python3.8/site-packages/airflow/example_dags/example_branch_labels.py
[2023-06-27T09:33:07.199+0000] {processor.py:826} INFO - Processing file /home/airflow/.local/lib/python3.8/site-packages/airflow/example_dags/example_branch_labels.py for tasks to queue
[2023-06-27T09:33:07.201+0000] {logging_mixin.py:149} INFO - [2023-06-27T09:33:07.200+0000] {dagbag.py:541} INFO - Filling up the DagBag from /home/airflow/.local/lib/python3.8/site-packages/airflow/example_dags/example_branch_labels.py
[2023-06-27T09:33:07.236+0000] {processor.py:836} INFO - DAG(s) dict_keys(['example_branch_labels']) retrieved from /home/airflow/.local/lib/python3.8/site-packages/airflow/example_dags/example_branch_labels.py
[2023-06-27T09:33:07.359+0000] {logging_mixin.py:149} INFO - [2023-06-27T09:33:07.359+0000] {dag.py:2726} INFO - Sync 1 DAGs
[2023-06-27T09:33:07.528+0000] {logging_mixin.py:149} INFO - [2023-06-27T09:33:07.528+0000] {dag.py:3486} INFO - Setting next_dagrun for example_branch_labels to 2023-06-26T00:00:00+00:00, run_after=2023-06-27T00:00:00+00:00
[2023-06-27T09:33:07.674+0000] {processor.py:179} INFO - Processing /home/airflow/.local/lib/python3.8/site-packages/airflow/example_dags/example_branch_labels.py took 0.498 seconds
[2023-06-27T09:33:38.039+0000] {processor.py:157} INFO - Started process (PID=1111) to work on /home/airflow/.local/lib/python3.8/site-packages/airflow/example_dags/example_branch_labels.py
[2023-06-27T09:33:38.040+0000] {processor.py:826} INFO - Processing file /home/airflow/.local/lib/python3.8/site-packages/airflow/example_dags/example_branch_labels.py for tasks to queue
[2023-06-27T09:33:38.055+0000] {logging_mixin.py:149} INFO - [2023-06-27T09:33:38.055+0000] {dagbag.py:541} INFO - Filling up the DagBag from /home/airflow/.local/lib/python3.8/site-packages/airflow/example_dags/example_branch_labels.py
[2023-06-27T09:33:38.097+0000] {processor.py:836} INFO - DAG(s) dict_keys(['example_branch_labels']) retrieved from /home/airflow/.local/lib/python3.8/site-packages/airflow/example_dags/example_branch_labels.py
[2023-06-27T09:33:38.215+0000] {logging_mixin.py:149} INFO - [2023-06-27T09:33:38.214+0000] {dag.py:2726} INFO - Sync 1 DAGs
[2023-06-27T09:33:38.353+0000] {logging_mixin.py:149} INFO - [2023-06-27T09:33:38.353+0000] {dag.py:3486} INFO - Setting next_dagrun for example_branch_labels to 2023-06-26T00:00:00+00:00, run_after=2023-06-27T00:00:00+00:00
[2023-06-27T09:33:38.419+0000] {processor.py:179} INFO - Processing /home/airflow/.local/lib/python3.8/site-packages/airflow/example_dags/example_branch_labels.py took 0.409 seconds
[2023-06-27T09:34:09.580+0000] {processor.py:157} INFO - Started process (PID=1178) to work on /home/airflow/.local/lib/python3.8/site-packages/airflow/example_dags/example_branch_labels.py
[2023-06-27T09:34:09.587+0000] {processor.py:826} INFO - Processing file /home/airflow/.local/lib/python3.8/site-packages/airflow/example_dags/example_branch_labels.py for tasks to queue
[2023-06-27T09:34:09.589+0000] {logging_mixin.py:149} INFO - [2023-06-27T09:34:09.589+0000] {dagbag.py:541} INFO - Filling up the DagBag from /home/airflow/.local/lib/python3.8/site-packages/airflow/example_dags/example_branch_labels.py
[2023-06-27T09:34:09.623+0000] {processor.py:836} INFO - DAG(s) dict_keys(['example_branch_labels']) retrieved from /home/airflow/.local/lib/python3.8/site-packages/airflow/example_dags/example_branch_labels.py
[2023-06-27T09:34:09.720+0000] {logging_mixin.py:149} INFO - [2023-06-27T09:34:09.719+0000] {dag.py:2726} INFO - Sync 1 DAGs
[2023-06-27T09:34:09.877+0000] {logging_mixin.py:149} INFO - [2023-06-27T09:34:09.877+0000] {dag.py:3486} INFO - Setting next_dagrun for example_branch_labels to 2023-06-26T00:00:00+00:00, run_after=2023-06-27T00:00:00+00:00
[2023-06-27T09:34:10.014+0000] {processor.py:179} INFO - Processing /home/airflow/.local/lib/python3.8/site-packages/airflow/example_dags/example_branch_labels.py took 0.451 seconds
