[2023-06-27T00:00:30.995+0000] {processor.py:157} INFO - Started process (PID=424) to work on /home/airflow/.local/lib/python3.8/site-packages/airflow/example_dags/example_short_circuit_decorator.py
[2023-06-27T00:00:30.996+0000] {processor.py:826} INFO - Processing file /home/airflow/.local/lib/python3.8/site-packages/airflow/example_dags/example_short_circuit_decorator.py for tasks to queue
[2023-06-27T00:00:31.057+0000] {logging_mixin.py:149} INFO - [2023-06-27T00:00:31.057+0000] {dagbag.py:541} INFO - Filling up the DagBag from /home/airflow/.local/lib/python3.8/site-packages/airflow/example_dags/example_short_circuit_decorator.py
[2023-06-27T00:00:31.232+0000] {processor.py:836} INFO - DAG(s) dict_keys(['example_short_circuit_decorator']) retrieved from /home/airflow/.local/lib/python3.8/site-packages/airflow/example_dags/example_short_circuit_decorator.py
[2023-06-27T00:00:31.566+0000] {logging_mixin.py:149} INFO - [2023-06-27T00:00:31.566+0000] {dag.py:2726} INFO - Sync 1 DAGs
[2023-06-27T00:00:31.846+0000] {logging_mixin.py:149} INFO - [2023-06-27T00:00:31.846+0000] {dag.py:3486} INFO - Setting next_dagrun for example_short_circuit_decorator to 2023-06-26T00:00:31.846244+00:00, run_after=2023-06-27T00:00:31.846244+00:00
[2023-06-27T00:00:32.088+0000] {processor.py:179} INFO - Processing /home/airflow/.local/lib/python3.8/site-packages/airflow/example_dags/example_short_circuit_decorator.py took 1.146 seconds
[2023-06-27T00:01:48.646+0000] {processor.py:157} INFO - Started process (PID=505) to work on /home/airflow/.local/lib/python3.8/site-packages/airflow/example_dags/example_short_circuit_decorator.py
[2023-06-27T00:01:48.904+0000] {processor.py:826} INFO - Processing file /home/airflow/.local/lib/python3.8/site-packages/airflow/example_dags/example_short_circuit_decorator.py for tasks to queue
[2023-06-27T00:01:48.905+0000] {logging_mixin.py:149} INFO - [2023-06-27T00:01:48.905+0000] {dagbag.py:541} INFO - Filling up the DagBag from /home/airflow/.local/lib/python3.8/site-packages/airflow/example_dags/example_short_circuit_decorator.py
[2023-06-27T00:01:50.313+0000] {processor.py:836} INFO - DAG(s) dict_keys(['example_short_circuit_decorator']) retrieved from /home/airflow/.local/lib/python3.8/site-packages/airflow/example_dags/example_short_circuit_decorator.py
[2023-06-27T00:01:52.690+0000] {logging_mixin.py:149} INFO - [2023-06-27T00:01:52.689+0000] {dag.py:2726} INFO - Sync 1 DAGs
[2023-06-27T00:01:55.850+0000] {logging_mixin.py:149} INFO - [2023-06-27T00:01:55.849+0000] {dag.py:3486} INFO - Setting next_dagrun for example_short_circuit_decorator to 2023-06-26T00:01:55.849597+00:00, run_after=2023-06-27T00:01:55.849597+00:00
[2023-06-27T00:01:57.299+0000] {processor.py:179} INFO - Processing /home/airflow/.local/lib/python3.8/site-packages/airflow/example_dags/example_short_circuit_decorator.py took 8.715 seconds
[2023-06-27T00:05:34.220+0000] {processor.py:157} INFO - Started process (PID=630) to work on /home/airflow/.local/lib/python3.8/site-packages/airflow/example_dags/example_short_circuit_decorator.py
[2023-06-27T00:05:34.238+0000] {processor.py:826} INFO - Processing file /home/airflow/.local/lib/python3.8/site-packages/airflow/example_dags/example_short_circuit_decorator.py for tasks to queue
[2023-06-27T00:05:34.241+0000] {logging_mixin.py:149} INFO - [2023-06-27T00:05:34.240+0000] {dagbag.py:541} INFO - Filling up the DagBag from /home/airflow/.local/lib/python3.8/site-packages/airflow/example_dags/example_short_circuit_decorator.py
[2023-06-27T00:05:34.333+0000] {processor.py:836} INFO - DAG(s) dict_keys(['example_short_circuit_decorator']) retrieved from /home/airflow/.local/lib/python3.8/site-packages/airflow/example_dags/example_short_circuit_decorator.py
[2023-06-27T00:05:35.265+0000] {logging_mixin.py:149} INFO - [2023-06-27T00:05:35.265+0000] {dag.py:2726} INFO - Sync 1 DAGs
[2023-06-27T00:05:36.378+0000] {logging_mixin.py:149} INFO - [2023-06-27T00:05:36.361+0000] {dag.py:3486} INFO - Setting next_dagrun for example_short_circuit_decorator to 2023-06-26T00:05:36.360892+00:00, run_after=2023-06-27T00:05:36.360892+00:00
[2023-06-27T00:05:36.835+0000] {processor.py:179} INFO - Processing /home/airflow/.local/lib/python3.8/site-packages/airflow/example_dags/example_short_circuit_decorator.py took 2.692 seconds
[2023-06-27T01:01:46.952+0000] {processor.py:157} INFO - Started process (PID=64) to work on /home/airflow/.local/lib/python3.8/site-packages/airflow/example_dags/example_short_circuit_decorator.py
[2023-06-27T01:01:47.032+0000] {processor.py:826} INFO - Processing file /home/airflow/.local/lib/python3.8/site-packages/airflow/example_dags/example_short_circuit_decorator.py for tasks to queue
[2023-06-27T01:01:47.091+0000] {logging_mixin.py:149} INFO - [2023-06-27T01:01:47.091+0000] {dagbag.py:541} INFO - Filling up the DagBag from /home/airflow/.local/lib/python3.8/site-packages/airflow/example_dags/example_short_circuit_decorator.py
[2023-06-27T01:01:47.733+0000] {processor.py:836} INFO - DAG(s) dict_keys(['example_short_circuit_decorator']) retrieved from /home/airflow/.local/lib/python3.8/site-packages/airflow/example_dags/example_short_circuit_decorator.py
[2023-06-27T01:01:50.332+0000] {logging_mixin.py:149} INFO - [2023-06-27T01:01:50.331+0000] {dag.py:2726} INFO - Sync 1 DAGs
[2023-06-27T01:01:52.600+0000] {logging_mixin.py:149} INFO - [2023-06-27T01:01:52.600+0000] {dag.py:3486} INFO - Setting next_dagrun for example_short_circuit_decorator to 2023-06-26T01:01:52.599930+00:00, run_after=2023-06-27T01:01:52.599930+00:00
[2023-06-27T01:01:53.884+0000] {processor.py:179} INFO - Processing /home/airflow/.local/lib/python3.8/site-packages/airflow/example_dags/example_short_circuit_decorator.py took 7.051 seconds
[2023-06-27T01:10:12.670+0000] {processor.py:157} INFO - Started process (PID=299) to work on /home/airflow/.local/lib/python3.8/site-packages/airflow/example_dags/example_short_circuit_decorator.py
[2023-06-27T01:10:12.979+0000] {processor.py:826} INFO - Processing file /home/airflow/.local/lib/python3.8/site-packages/airflow/example_dags/example_short_circuit_decorator.py for tasks to queue
[2023-06-27T01:10:12.980+0000] {logging_mixin.py:149} INFO - [2023-06-27T01:10:12.980+0000] {dagbag.py:541} INFO - Filling up the DagBag from /home/airflow/.local/lib/python3.8/site-packages/airflow/example_dags/example_short_circuit_decorator.py
[2023-06-27T01:10:13.148+0000] {processor.py:836} INFO - DAG(s) dict_keys(['example_short_circuit_decorator']) retrieved from /home/airflow/.local/lib/python3.8/site-packages/airflow/example_dags/example_short_circuit_decorator.py
[2023-06-27T01:10:29.326+0000] {logging_mixin.py:149} INFO - [2023-06-27T01:10:29.325+0000] {dag.py:2726} INFO - Sync 1 DAGs
[2023-06-27T01:10:30.653+0000] {logging_mixin.py:149} INFO - [2023-06-27T01:10:30.397+0000] {dag.py:3486} INFO - Setting next_dagrun for example_short_circuit_decorator to 2023-06-26T01:10:30.232270+00:00, run_after=2023-06-27T01:10:30.232270+00:00
[2023-06-27T01:10:33.483+0000] {processor.py:179} INFO - Processing /home/airflow/.local/lib/python3.8/site-packages/airflow/example_dags/example_short_circuit_decorator.py took 20.819 seconds
[2023-06-27T01:37:38.978+0000] {processor.py:157} INFO - Started process (PID=66) to work on /home/airflow/.local/lib/python3.8/site-packages/airflow/example_dags/example_short_circuit_decorator.py
[2023-06-27T01:37:38.986+0000] {processor.py:826} INFO - Processing file /home/airflow/.local/lib/python3.8/site-packages/airflow/example_dags/example_short_circuit_decorator.py for tasks to queue
[2023-06-27T01:37:38.987+0000] {logging_mixin.py:149} INFO - [2023-06-27T01:37:38.987+0000] {dagbag.py:541} INFO - Filling up the DagBag from /home/airflow/.local/lib/python3.8/site-packages/airflow/example_dags/example_short_circuit_decorator.py
[2023-06-27T01:37:39.022+0000] {processor.py:836} INFO - DAG(s) dict_keys(['example_short_circuit_decorator']) retrieved from /home/airflow/.local/lib/python3.8/site-packages/airflow/example_dags/example_short_circuit_decorator.py
[2023-06-27T01:37:39.174+0000] {logging_mixin.py:149} INFO - [2023-06-27T01:37:39.173+0000] {dag.py:2726} INFO - Sync 1 DAGs
[2023-06-27T01:37:39.311+0000] {logging_mixin.py:149} INFO - [2023-06-27T01:37:39.311+0000] {dag.py:3486} INFO - Setting next_dagrun for example_short_circuit_decorator to 2023-06-26T01:37:39.310749+00:00, run_after=2023-06-27T01:37:39.310749+00:00
[2023-06-27T01:37:39.401+0000] {processor.py:179} INFO - Processing /home/airflow/.local/lib/python3.8/site-packages/airflow/example_dags/example_short_circuit_decorator.py took 0.427 seconds
[2023-06-27T01:39:45.579+0000] {processor.py:157} INFO - Started process (PID=165) to work on /home/airflow/.local/lib/python3.8/site-packages/airflow/example_dags/example_short_circuit_decorator.py
[2023-06-27T01:39:45.943+0000] {processor.py:826} INFO - Processing file /home/airflow/.local/lib/python3.8/site-packages/airflow/example_dags/example_short_circuit_decorator.py for tasks to queue
[2023-06-27T01:39:45.963+0000] {logging_mixin.py:149} INFO - [2023-06-27T01:39:45.945+0000] {dagbag.py:541} INFO - Filling up the DagBag from /home/airflow/.local/lib/python3.8/site-packages/airflow/example_dags/example_short_circuit_decorator.py
[2023-06-27T01:39:46.967+0000] {processor.py:836} INFO - DAG(s) dict_keys(['example_short_circuit_decorator']) retrieved from /home/airflow/.local/lib/python3.8/site-packages/airflow/example_dags/example_short_circuit_decorator.py
[2023-06-27T01:39:50.778+0000] {logging_mixin.py:149} INFO - [2023-06-27T01:39:50.438+0000] {dag.py:2726} INFO - Sync 1 DAGs
[2023-06-27T01:39:53.096+0000] {logging_mixin.py:149} INFO - [2023-06-27T01:39:53.096+0000] {dag.py:3486} INFO - Setting next_dagrun for example_short_circuit_decorator to 2023-06-26T01:39:53.095653+00:00, run_after=2023-06-27T01:39:53.095653+00:00
[2023-06-27T01:39:56.049+0000] {processor.py:179} INFO - Processing /home/airflow/.local/lib/python3.8/site-packages/airflow/example_dags/example_short_circuit_decorator.py took 11.090 seconds
[2023-06-27T01:45:54.440+0000] {processor.py:157} INFO - Started process (PID=386) to work on /home/airflow/.local/lib/python3.8/site-packages/airflow/example_dags/example_short_circuit_decorator.py
[2023-06-27T01:45:54.481+0000] {processor.py:826} INFO - Processing file /home/airflow/.local/lib/python3.8/site-packages/airflow/example_dags/example_short_circuit_decorator.py for tasks to queue
[2023-06-27T01:45:54.488+0000] {logging_mixin.py:149} INFO - [2023-06-27T01:45:54.488+0000] {dagbag.py:541} INFO - Filling up the DagBag from /home/airflow/.local/lib/python3.8/site-packages/airflow/example_dags/example_short_circuit_decorator.py
[2023-06-27T01:45:56.107+0000] {processor.py:836} INFO - DAG(s) dict_keys(['example_short_circuit_decorator']) retrieved from /home/airflow/.local/lib/python3.8/site-packages/airflow/example_dags/example_short_circuit_decorator.py
[2023-06-27T01:46:11.768+0000] {logging_mixin.py:149} INFO - [2023-06-27T01:46:11.633+0000] {dag.py:2726} INFO - Sync 1 DAGs
[2023-06-27T02:14:34.220+0000] {logging_mixin.py:149} INFO - [2023-06-27T02:14:34.220+0000] {dag.py:3486} INFO - Setting next_dagrun for example_short_circuit_decorator to 2023-06-26T02:14:33.644405+00:00, run_after=2023-06-27T02:14:33.644405+00:00
[2023-06-27T02:14:37.236+0000] {processor.py:179} INFO - Processing /home/airflow/.local/lib/python3.8/site-packages/airflow/example_dags/example_short_circuit_decorator.py took 1722.861 seconds
[2023-06-27T02:17:35.348+0000] {processor.py:157} INFO - Started process (PID=79) to work on /home/airflow/.local/lib/python3.8/site-packages/airflow/example_dags/example_short_circuit_decorator.py
[2023-06-27T02:17:35.449+0000] {processor.py:826} INFO - Processing file /home/airflow/.local/lib/python3.8/site-packages/airflow/example_dags/example_short_circuit_decorator.py for tasks to queue
[2023-06-27T02:17:36.190+0000] {logging_mixin.py:149} INFO - [2023-06-27T02:17:36.189+0000] {dagbag.py:541} INFO - Filling up the DagBag from /home/airflow/.local/lib/python3.8/site-packages/airflow/example_dags/example_short_circuit_decorator.py
[2023-06-27T02:17:37.422+0000] {processor.py:836} INFO - DAG(s) dict_keys(['example_short_circuit_decorator']) retrieved from /home/airflow/.local/lib/python3.8/site-packages/airflow/example_dags/example_short_circuit_decorator.py
[2023-06-27T02:17:41.513+0000] {logging_mixin.py:149} INFO - [2023-06-27T02:17:41.513+0000] {dag.py:2726} INFO - Sync 1 DAGs
[2023-06-27T02:17:44.539+0000] {logging_mixin.py:149} INFO - [2023-06-27T02:17:44.539+0000] {dag.py:3486} INFO - Setting next_dagrun for example_short_circuit_decorator to 2023-06-26T02:17:44.538991+00:00, run_after=2023-06-27T02:17:44.538991+00:00
[2023-06-27T02:17:46.089+0000] {processor.py:179} INFO - Processing /home/airflow/.local/lib/python3.8/site-packages/airflow/example_dags/example_short_circuit_decorator.py took 11.905 seconds
[2023-06-27T02:27:03.072+0000] {processor.py:157} INFO - Started process (PID=323) to work on /home/airflow/.local/lib/python3.8/site-packages/airflow/example_dags/example_short_circuit_decorator.py
[2023-06-27T02:27:03.286+0000] {processor.py:826} INFO - Processing file /home/airflow/.local/lib/python3.8/site-packages/airflow/example_dags/example_short_circuit_decorator.py for tasks to queue
[2023-06-27T02:27:03.287+0000] {logging_mixin.py:149} INFO - [2023-06-27T02:27:03.287+0000] {dagbag.py:541} INFO - Filling up the DagBag from /home/airflow/.local/lib/python3.8/site-packages/airflow/example_dags/example_short_circuit_decorator.py
[2023-06-27T02:27:04.083+0000] {processor.py:836} INFO - DAG(s) dict_keys(['example_short_circuit_decorator']) retrieved from /home/airflow/.local/lib/python3.8/site-packages/airflow/example_dags/example_short_circuit_decorator.py
[2023-06-27T02:27:30.053+0000] {logging_mixin.py:149} INFO - [2023-06-27T02:27:30.052+0000] {dag.py:2726} INFO - Sync 1 DAGs
[2023-06-27T02:27:31.852+0000] {logging_mixin.py:149} INFO - [2023-06-27T02:27:31.852+0000] {dag.py:3486} INFO - Setting next_dagrun for example_short_circuit_decorator to 2023-06-26T02:27:31.731496+00:00, run_after=2023-06-27T02:27:31.731496+00:00
[2023-06-27T02:27:33.497+0000] {processor.py:179} INFO - Processing /home/airflow/.local/lib/python3.8/site-packages/airflow/example_dags/example_short_circuit_decorator.py took 30.570 seconds
[2023-06-27T06:15:59.585+0000] {processor.py:157} INFO - Started process (PID=320) to work on /home/airflow/.local/lib/python3.8/site-packages/airflow/example_dags/example_short_circuit_decorator.py
[2023-06-27T06:15:59.784+0000] {processor.py:826} INFO - Processing file /home/airflow/.local/lib/python3.8/site-packages/airflow/example_dags/example_short_circuit_decorator.py for tasks to queue
[2023-06-27T06:15:59.785+0000] {logging_mixin.py:149} INFO - [2023-06-27T06:15:59.785+0000] {dagbag.py:541} INFO - Filling up the DagBag from /home/airflow/.local/lib/python3.8/site-packages/airflow/example_dags/example_short_circuit_decorator.py
[2023-06-27T06:16:00.448+0000] {processor.py:836} INFO - DAG(s) dict_keys(['example_short_circuit_decorator']) retrieved from /home/airflow/.local/lib/python3.8/site-packages/airflow/example_dags/example_short_circuit_decorator.py
[2023-06-27T06:16:09.561+0000] {logging_mixin.py:149} INFO - [2023-06-27T06:16:08.321+0000] {dag.py:2726} INFO - Sync 1 DAGs
[2023-06-27T06:16:13.384+0000] {logging_mixin.py:149} INFO - [2023-06-27T06:16:13.383+0000] {dag.py:3486} INFO - Setting next_dagrun for example_short_circuit_decorator to 2023-06-26T06:16:13.061361+00:00, run_after=2023-06-27T06:16:13.061361+00:00
[2023-06-27T06:16:17.913+0000] {processor.py:179} INFO - Processing /home/airflow/.local/lib/python3.8/site-packages/airflow/example_dags/example_short_circuit_decorator.py took 18.811 seconds
[2023-06-27T08:56:19.067+0000] {processor.py:157} INFO - Started process (PID=512) to work on /home/airflow/.local/lib/python3.8/site-packages/airflow/example_dags/example_short_circuit_decorator.py
[2023-06-27T08:56:19.089+0000] {processor.py:826} INFO - Processing file /home/airflow/.local/lib/python3.8/site-packages/airflow/example_dags/example_short_circuit_decorator.py for tasks to queue
[2023-06-27T08:56:19.090+0000] {logging_mixin.py:149} INFO - [2023-06-27T08:56:19.090+0000] {dagbag.py:541} INFO - Filling up the DagBag from /home/airflow/.local/lib/python3.8/site-packages/airflow/example_dags/example_short_circuit_decorator.py
[2023-06-27T08:56:19.108+0000] {processor.py:836} INFO - DAG(s) dict_keys(['example_short_circuit_decorator']) retrieved from /home/airflow/.local/lib/python3.8/site-packages/airflow/example_dags/example_short_circuit_decorator.py
[2023-06-27T08:56:19.164+0000] {logging_mixin.py:149} INFO - [2023-06-27T08:56:19.163+0000] {dag.py:2726} INFO - Sync 1 DAGs
[2023-06-27T08:56:19.200+0000] {logging_mixin.py:149} INFO - [2023-06-27T08:56:19.199+0000] {dag.py:3486} INFO - Setting next_dagrun for example_short_circuit_decorator to 2023-06-26T08:56:19.199402+00:00, run_after=2023-06-27T08:56:19.199402+00:00
[2023-06-27T08:56:19.288+0000] {processor.py:179} INFO - Processing /home/airflow/.local/lib/python3.8/site-packages/airflow/example_dags/example_short_circuit_decorator.py took 0.227 seconds
[2023-06-27T08:56:46.453+0000] {processor.py:157} INFO - Started process (PID=564) to work on /home/airflow/.local/lib/python3.8/site-packages/airflow/example_dags/example_short_circuit_decorator.py
[2023-06-27T08:56:46.454+0000] {processor.py:826} INFO - Processing file /home/airflow/.local/lib/python3.8/site-packages/airflow/example_dags/example_short_circuit_decorator.py for tasks to queue
[2023-06-27T08:56:46.455+0000] {logging_mixin.py:149} INFO - [2023-06-27T08:56:46.455+0000] {dagbag.py:541} INFO - Filling up the DagBag from /home/airflow/.local/lib/python3.8/site-packages/airflow/example_dags/example_short_circuit_decorator.py
[2023-06-27T08:56:46.476+0000] {processor.py:836} INFO - DAG(s) dict_keys(['example_short_circuit_decorator']) retrieved from /home/airflow/.local/lib/python3.8/site-packages/airflow/example_dags/example_short_circuit_decorator.py
[2023-06-27T08:56:46.541+0000] {logging_mixin.py:149} INFO - [2023-06-27T08:56:46.541+0000] {dag.py:2726} INFO - Sync 1 DAGs
[2023-06-27T08:56:46.566+0000] {logging_mixin.py:149} INFO - [2023-06-27T08:56:46.566+0000] {dag.py:3486} INFO - Setting next_dagrun for example_short_circuit_decorator to 2023-06-26T08:56:46.566000+00:00, run_after=2023-06-27T08:56:46.566000+00:00
[2023-06-27T08:56:46.744+0000] {processor.py:179} INFO - Processing /home/airflow/.local/lib/python3.8/site-packages/airflow/example_dags/example_short_circuit_decorator.py took 0.304 seconds
[2023-06-27T09:00:13.713+0000] {processor.py:157} INFO - Started process (PID=710) to work on /home/airflow/.local/lib/python3.8/site-packages/airflow/example_dags/example_short_circuit_decorator.py
[2023-06-27T09:00:13.899+0000] {processor.py:826} INFO - Processing file /home/airflow/.local/lib/python3.8/site-packages/airflow/example_dags/example_short_circuit_decorator.py for tasks to queue
[2023-06-27T09:00:13.907+0000] {logging_mixin.py:149} INFO - [2023-06-27T09:00:13.907+0000] {dagbag.py:541} INFO - Filling up the DagBag from /home/airflow/.local/lib/python3.8/site-packages/airflow/example_dags/example_short_circuit_decorator.py
[2023-06-27T09:00:14.088+0000] {processor.py:836} INFO - DAG(s) dict_keys(['example_short_circuit_decorator']) retrieved from /home/airflow/.local/lib/python3.8/site-packages/airflow/example_dags/example_short_circuit_decorator.py
[2023-06-27T09:00:15.018+0000] {logging_mixin.py:149} INFO - [2023-06-27T09:00:15.018+0000] {dag.py:2726} INFO - Sync 1 DAGs
[2023-06-27T09:00:15.489+0000] {logging_mixin.py:149} INFO - [2023-06-27T09:00:15.488+0000] {dag.py:3486} INFO - Setting next_dagrun for example_short_circuit_decorator to 2023-06-26T09:00:15.488479+00:00, run_after=2023-06-27T09:00:15.488479+00:00
[2023-06-27T09:00:16.129+0000] {processor.py:179} INFO - Processing /home/airflow/.local/lib/python3.8/site-packages/airflow/example_dags/example_short_circuit_decorator.py took 2.526 seconds
[2023-06-27T09:20:44.684+0000] {processor.py:157} INFO - Started process (PID=65) to work on /home/airflow/.local/lib/python3.8/site-packages/airflow/example_dags/example_short_circuit_decorator.py
[2023-06-27T09:20:44.688+0000] {processor.py:826} INFO - Processing file /home/airflow/.local/lib/python3.8/site-packages/airflow/example_dags/example_short_circuit_decorator.py for tasks to queue
[2023-06-27T09:20:44.690+0000] {logging_mixin.py:149} INFO - [2023-06-27T09:20:44.690+0000] {dagbag.py:541} INFO - Filling up the DagBag from /home/airflow/.local/lib/python3.8/site-packages/airflow/example_dags/example_short_circuit_decorator.py
[2023-06-27T09:20:44.744+0000] {processor.py:836} INFO - DAG(s) dict_keys(['example_short_circuit_decorator']) retrieved from /home/airflow/.local/lib/python3.8/site-packages/airflow/example_dags/example_short_circuit_decorator.py
[2023-06-27T09:20:44.879+0000] {logging_mixin.py:149} INFO - [2023-06-27T09:20:44.879+0000] {dag.py:2726} INFO - Sync 1 DAGs
[2023-06-27T09:20:45.027+0000] {logging_mixin.py:149} INFO - [2023-06-27T09:20:45.027+0000] {dag.py:3486} INFO - Setting next_dagrun for example_short_circuit_decorator to 2023-06-26T09:20:45.027398+00:00, run_after=2023-06-27T09:20:45.027398+00:00
[2023-06-27T09:20:45.124+0000] {processor.py:179} INFO - Processing /home/airflow/.local/lib/python3.8/site-packages/airflow/example_dags/example_short_circuit_decorator.py took 0.454 seconds
[2023-06-27T09:21:15.408+0000] {processor.py:157} INFO - Started process (PID=131) to work on /home/airflow/.local/lib/python3.8/site-packages/airflow/example_dags/example_short_circuit_decorator.py
[2023-06-27T09:21:15.409+0000] {processor.py:826} INFO - Processing file /home/airflow/.local/lib/python3.8/site-packages/airflow/example_dags/example_short_circuit_decorator.py for tasks to queue
[2023-06-27T09:21:15.421+0000] {logging_mixin.py:149} INFO - [2023-06-27T09:21:15.421+0000] {dagbag.py:541} INFO - Filling up the DagBag from /home/airflow/.local/lib/python3.8/site-packages/airflow/example_dags/example_short_circuit_decorator.py
[2023-06-27T09:21:15.497+0000] {processor.py:836} INFO - DAG(s) dict_keys(['example_short_circuit_decorator']) retrieved from /home/airflow/.local/lib/python3.8/site-packages/airflow/example_dags/example_short_circuit_decorator.py
[2023-06-27T09:21:15.617+0000] {logging_mixin.py:149} INFO - [2023-06-27T09:21:15.616+0000] {dag.py:2726} INFO - Sync 1 DAGs
[2023-06-27T09:21:15.696+0000] {logging_mixin.py:149} INFO - [2023-06-27T09:21:15.695+0000] {dag.py:3486} INFO - Setting next_dagrun for example_short_circuit_decorator to 2023-06-26T09:21:15.695462+00:00, run_after=2023-06-27T09:21:15.695462+00:00
[2023-06-27T09:21:15.748+0000] {processor.py:179} INFO - Processing /home/airflow/.local/lib/python3.8/site-packages/airflow/example_dags/example_short_circuit_decorator.py took 0.365 seconds
[2023-06-27T09:21:45.965+0000] {processor.py:157} INFO - Started process (PID=199) to work on /home/airflow/.local/lib/python3.8/site-packages/airflow/example_dags/example_short_circuit_decorator.py
[2023-06-27T09:21:45.968+0000] {processor.py:826} INFO - Processing file /home/airflow/.local/lib/python3.8/site-packages/airflow/example_dags/example_short_circuit_decorator.py for tasks to queue
[2023-06-27T09:21:45.975+0000] {logging_mixin.py:149} INFO - [2023-06-27T09:21:45.975+0000] {dagbag.py:541} INFO - Filling up the DagBag from /home/airflow/.local/lib/python3.8/site-packages/airflow/example_dags/example_short_circuit_decorator.py
[2023-06-27T09:21:46.016+0000] {processor.py:836} INFO - DAG(s) dict_keys(['example_short_circuit_decorator']) retrieved from /home/airflow/.local/lib/python3.8/site-packages/airflow/example_dags/example_short_circuit_decorator.py
[2023-06-27T09:21:46.124+0000] {logging_mixin.py:149} INFO - [2023-06-27T09:21:46.123+0000] {dag.py:2726} INFO - Sync 1 DAGs
[2023-06-27T09:21:46.317+0000] {logging_mixin.py:149} INFO - [2023-06-27T09:21:46.317+0000] {dag.py:3486} INFO - Setting next_dagrun for example_short_circuit_decorator to 2023-06-26T09:21:46.317001+00:00, run_after=2023-06-27T09:21:46.317001+00:00
[2023-06-27T09:21:46.467+0000] {processor.py:179} INFO - Processing /home/airflow/.local/lib/python3.8/site-packages/airflow/example_dags/example_short_circuit_decorator.py took 0.507 seconds
[2023-06-27T09:22:16.924+0000] {processor.py:157} INFO - Started process (PID=266) to work on /home/airflow/.local/lib/python3.8/site-packages/airflow/example_dags/example_short_circuit_decorator.py
[2023-06-27T09:22:16.925+0000] {processor.py:826} INFO - Processing file /home/airflow/.local/lib/python3.8/site-packages/airflow/example_dags/example_short_circuit_decorator.py for tasks to queue
[2023-06-27T09:22:16.935+0000] {logging_mixin.py:149} INFO - [2023-06-27T09:22:16.935+0000] {dagbag.py:541} INFO - Filling up the DagBag from /home/airflow/.local/lib/python3.8/site-packages/airflow/example_dags/example_short_circuit_decorator.py
[2023-06-27T09:22:16.968+0000] {processor.py:836} INFO - DAG(s) dict_keys(['example_short_circuit_decorator']) retrieved from /home/airflow/.local/lib/python3.8/site-packages/airflow/example_dags/example_short_circuit_decorator.py
[2023-06-27T09:22:17.059+0000] {logging_mixin.py:149} INFO - [2023-06-27T09:22:17.059+0000] {dag.py:2726} INFO - Sync 1 DAGs
[2023-06-27T09:22:17.147+0000] {logging_mixin.py:149} INFO - [2023-06-27T09:22:17.147+0000] {dag.py:3486} INFO - Setting next_dagrun for example_short_circuit_decorator to 2023-06-26T09:22:17.147344+00:00, run_after=2023-06-27T09:22:17.147344+00:00
[2023-06-27T09:22:17.222+0000] {processor.py:179} INFO - Processing /home/airflow/.local/lib/python3.8/site-packages/airflow/example_dags/example_short_circuit_decorator.py took 0.314 seconds
[2023-06-27T09:22:47.615+0000] {processor.py:157} INFO - Started process (PID=334) to work on /home/airflow/.local/lib/python3.8/site-packages/airflow/example_dags/example_short_circuit_decorator.py
[2023-06-27T09:22:47.628+0000] {processor.py:826} INFO - Processing file /home/airflow/.local/lib/python3.8/site-packages/airflow/example_dags/example_short_circuit_decorator.py for tasks to queue
[2023-06-27T09:22:47.630+0000] {logging_mixin.py:149} INFO - [2023-06-27T09:22:47.629+0000] {dagbag.py:541} INFO - Filling up the DagBag from /home/airflow/.local/lib/python3.8/site-packages/airflow/example_dags/example_short_circuit_decorator.py
[2023-06-27T09:22:47.691+0000] {processor.py:836} INFO - DAG(s) dict_keys(['example_short_circuit_decorator']) retrieved from /home/airflow/.local/lib/python3.8/site-packages/airflow/example_dags/example_short_circuit_decorator.py
[2023-06-27T09:22:47.832+0000] {logging_mixin.py:149} INFO - [2023-06-27T09:22:47.832+0000] {dag.py:2726} INFO - Sync 1 DAGs
[2023-06-27T09:22:47.959+0000] {logging_mixin.py:149} INFO - [2023-06-27T09:22:47.959+0000] {dag.py:3486} INFO - Setting next_dagrun for example_short_circuit_decorator to 2023-06-26T09:22:47.959414+00:00, run_after=2023-06-27T09:22:47.959414+00:00
[2023-06-27T09:22:48.075+0000] {processor.py:179} INFO - Processing /home/airflow/.local/lib/python3.8/site-packages/airflow/example_dags/example_short_circuit_decorator.py took 0.484 seconds
[2023-06-27T09:23:18.347+0000] {processor.py:157} INFO - Started process (PID=392) to work on /home/airflow/.local/lib/python3.8/site-packages/airflow/example_dags/example_short_circuit_decorator.py
[2023-06-27T09:23:18.348+0000] {processor.py:826} INFO - Processing file /home/airflow/.local/lib/python3.8/site-packages/airflow/example_dags/example_short_circuit_decorator.py for tasks to queue
[2023-06-27T09:23:18.350+0000] {logging_mixin.py:149} INFO - [2023-06-27T09:23:18.350+0000] {dagbag.py:541} INFO - Filling up the DagBag from /home/airflow/.local/lib/python3.8/site-packages/airflow/example_dags/example_short_circuit_decorator.py
[2023-06-27T09:23:18.384+0000] {processor.py:836} INFO - DAG(s) dict_keys(['example_short_circuit_decorator']) retrieved from /home/airflow/.local/lib/python3.8/site-packages/airflow/example_dags/example_short_circuit_decorator.py
[2023-06-27T09:23:18.467+0000] {logging_mixin.py:149} INFO - [2023-06-27T09:23:18.467+0000] {dag.py:2726} INFO - Sync 1 DAGs
[2023-06-27T09:23:18.543+0000] {logging_mixin.py:149} INFO - [2023-06-27T09:23:18.542+0000] {dag.py:3486} INFO - Setting next_dagrun for example_short_circuit_decorator to 2023-06-26T09:23:18.542671+00:00, run_after=2023-06-27T09:23:18.542671+00:00
[2023-06-27T09:23:18.587+0000] {processor.py:179} INFO - Processing /home/airflow/.local/lib/python3.8/site-packages/airflow/example_dags/example_short_circuit_decorator.py took 0.253 seconds
[2023-06-27T09:23:48.714+0000] {processor.py:157} INFO - Started process (PID=463) to work on /home/airflow/.local/lib/python3.8/site-packages/airflow/example_dags/example_short_circuit_decorator.py
[2023-06-27T09:23:48.727+0000] {processor.py:826} INFO - Processing file /home/airflow/.local/lib/python3.8/site-packages/airflow/example_dags/example_short_circuit_decorator.py for tasks to queue
[2023-06-27T09:23:48.729+0000] {logging_mixin.py:149} INFO - [2023-06-27T09:23:48.729+0000] {dagbag.py:541} INFO - Filling up the DagBag from /home/airflow/.local/lib/python3.8/site-packages/airflow/example_dags/example_short_circuit_decorator.py
[2023-06-27T09:23:48.863+0000] {processor.py:836} INFO - DAG(s) dict_keys(['example_short_circuit_decorator']) retrieved from /home/airflow/.local/lib/python3.8/site-packages/airflow/example_dags/example_short_circuit_decorator.py
[2023-06-27T09:23:49.046+0000] {logging_mixin.py:149} INFO - [2023-06-27T09:23:49.046+0000] {dag.py:2726} INFO - Sync 1 DAGs
[2023-06-27T09:23:49.211+0000] {logging_mixin.py:149} INFO - [2023-06-27T09:23:49.211+0000] {dag.py:3486} INFO - Setting next_dagrun for example_short_circuit_decorator to 2023-06-26T09:23:49.211354+00:00, run_after=2023-06-27T09:23:49.211354+00:00
[2023-06-27T09:23:49.347+0000] {processor.py:179} INFO - Processing /home/airflow/.local/lib/python3.8/site-packages/airflow/example_dags/example_short_circuit_decorator.py took 0.658 seconds
[2023-06-27T09:25:51.283+0000] {processor.py:157} INFO - Started process (PID=63) to work on /home/airflow/.local/lib/python3.8/site-packages/airflow/example_dags/example_short_circuit_decorator.py
[2023-06-27T09:25:51.293+0000] {processor.py:826} INFO - Processing file /home/airflow/.local/lib/python3.8/site-packages/airflow/example_dags/example_short_circuit_decorator.py for tasks to queue
[2023-06-27T09:25:51.294+0000] {logging_mixin.py:149} INFO - [2023-06-27T09:25:51.294+0000] {dagbag.py:541} INFO - Filling up the DagBag from /home/airflow/.local/lib/python3.8/site-packages/airflow/example_dags/example_short_circuit_decorator.py
[2023-06-27T09:25:51.324+0000] {processor.py:836} INFO - DAG(s) dict_keys(['example_short_circuit_decorator']) retrieved from /home/airflow/.local/lib/python3.8/site-packages/airflow/example_dags/example_short_circuit_decorator.py
[2023-06-27T09:25:51.429+0000] {logging_mixin.py:149} INFO - [2023-06-27T09:25:51.429+0000] {dag.py:2726} INFO - Sync 1 DAGs
[2023-06-27T09:25:51.520+0000] {logging_mixin.py:149} INFO - [2023-06-27T09:25:51.520+0000] {dag.py:3486} INFO - Setting next_dagrun for example_short_circuit_decorator to 2023-06-26T09:25:51.517664+00:00, run_after=2023-06-27T09:25:51.517664+00:00
[2023-06-27T09:25:51.669+0000] {processor.py:179} INFO - Processing /home/airflow/.local/lib/python3.8/site-packages/airflow/example_dags/example_short_circuit_decorator.py took 0.431 seconds
[2023-06-27T09:26:21.954+0000] {processor.py:157} INFO - Started process (PID=125) to work on /home/airflow/.local/lib/python3.8/site-packages/airflow/example_dags/example_short_circuit_decorator.py
[2023-06-27T09:26:21.955+0000] {processor.py:826} INFO - Processing file /home/airflow/.local/lib/python3.8/site-packages/airflow/example_dags/example_short_circuit_decorator.py for tasks to queue
[2023-06-27T09:26:21.957+0000] {logging_mixin.py:149} INFO - [2023-06-27T09:26:21.957+0000] {dagbag.py:541} INFO - Filling up the DagBag from /home/airflow/.local/lib/python3.8/site-packages/airflow/example_dags/example_short_circuit_decorator.py
[2023-06-27T09:26:21.968+0000] {processor.py:836} INFO - DAG(s) dict_keys(['example_short_circuit_decorator']) retrieved from /home/airflow/.local/lib/python3.8/site-packages/airflow/example_dags/example_short_circuit_decorator.py
[2023-06-27T09:26:22.031+0000] {logging_mixin.py:149} INFO - [2023-06-27T09:26:22.031+0000] {dag.py:2726} INFO - Sync 1 DAGs
[2023-06-27T09:26:22.082+0000] {logging_mixin.py:149} INFO - [2023-06-27T09:26:22.082+0000] {dag.py:3486} INFO - Setting next_dagrun for example_short_circuit_decorator to 2023-06-26T09:26:22.082368+00:00, run_after=2023-06-27T09:26:22.082368+00:00
[2023-06-27T09:26:22.126+0000] {processor.py:179} INFO - Processing /home/airflow/.local/lib/python3.8/site-packages/airflow/example_dags/example_short_circuit_decorator.py took 0.201 seconds
[2023-06-27T09:26:53.177+0000] {processor.py:157} INFO - Started process (PID=194) to work on /home/airflow/.local/lib/python3.8/site-packages/airflow/example_dags/example_short_circuit_decorator.py
[2023-06-27T09:26:53.180+0000] {processor.py:826} INFO - Processing file /home/airflow/.local/lib/python3.8/site-packages/airflow/example_dags/example_short_circuit_decorator.py for tasks to queue
[2023-06-27T09:26:53.185+0000] {logging_mixin.py:149} INFO - [2023-06-27T09:26:53.185+0000] {dagbag.py:541} INFO - Filling up the DagBag from /home/airflow/.local/lib/python3.8/site-packages/airflow/example_dags/example_short_circuit_decorator.py
[2023-06-27T09:26:53.218+0000] {processor.py:836} INFO - DAG(s) dict_keys(['example_short_circuit_decorator']) retrieved from /home/airflow/.local/lib/python3.8/site-packages/airflow/example_dags/example_short_circuit_decorator.py
[2023-06-27T09:26:53.276+0000] {logging_mixin.py:149} INFO - [2023-06-27T09:26:53.275+0000] {dag.py:2726} INFO - Sync 1 DAGs
[2023-06-27T09:26:53.327+0000] {logging_mixin.py:149} INFO - [2023-06-27T09:26:53.327+0000] {dag.py:3486} INFO - Setting next_dagrun for example_short_circuit_decorator to 2023-06-26T09:26:53.327183+00:00, run_after=2023-06-27T09:26:53.327183+00:00
[2023-06-27T09:26:53.367+0000] {processor.py:179} INFO - Processing /home/airflow/.local/lib/python3.8/site-packages/airflow/example_dags/example_short_circuit_decorator.py took 0.200 seconds
[2023-06-27T09:27:23.459+0000] {processor.py:157} INFO - Started process (PID=258) to work on /home/airflow/.local/lib/python3.8/site-packages/airflow/example_dags/example_short_circuit_decorator.py
[2023-06-27T09:27:23.460+0000] {processor.py:826} INFO - Processing file /home/airflow/.local/lib/python3.8/site-packages/airflow/example_dags/example_short_circuit_decorator.py for tasks to queue
[2023-06-27T09:27:23.462+0000] {logging_mixin.py:149} INFO - [2023-06-27T09:27:23.462+0000] {dagbag.py:541} INFO - Filling up the DagBag from /home/airflow/.local/lib/python3.8/site-packages/airflow/example_dags/example_short_circuit_decorator.py
[2023-06-27T09:27:23.475+0000] {processor.py:836} INFO - DAG(s) dict_keys(['example_short_circuit_decorator']) retrieved from /home/airflow/.local/lib/python3.8/site-packages/airflow/example_dags/example_short_circuit_decorator.py
[2023-06-27T09:27:23.517+0000] {logging_mixin.py:149} INFO - [2023-06-27T09:27:23.516+0000] {dag.py:2726} INFO - Sync 1 DAGs
[2023-06-27T09:27:23.583+0000] {logging_mixin.py:149} INFO - [2023-06-27T09:27:23.583+0000] {dag.py:3486} INFO - Setting next_dagrun for example_short_circuit_decorator to 2023-06-26T09:27:23.583054+00:00, run_after=2023-06-27T09:27:23.583054+00:00
[2023-06-27T09:27:23.613+0000] {processor.py:179} INFO - Processing /home/airflow/.local/lib/python3.8/site-packages/airflow/example_dags/example_short_circuit_decorator.py took 0.159 seconds
[2023-06-27T09:27:54.187+0000] {processor.py:157} INFO - Started process (PID=324) to work on /home/airflow/.local/lib/python3.8/site-packages/airflow/example_dags/example_short_circuit_decorator.py
[2023-06-27T09:27:54.190+0000] {processor.py:826} INFO - Processing file /home/airflow/.local/lib/python3.8/site-packages/airflow/example_dags/example_short_circuit_decorator.py for tasks to queue
[2023-06-27T09:27:54.192+0000] {logging_mixin.py:149} INFO - [2023-06-27T09:27:54.192+0000] {dagbag.py:541} INFO - Filling up the DagBag from /home/airflow/.local/lib/python3.8/site-packages/airflow/example_dags/example_short_circuit_decorator.py
[2023-06-27T09:27:54.203+0000] {processor.py:836} INFO - DAG(s) dict_keys(['example_short_circuit_decorator']) retrieved from /home/airflow/.local/lib/python3.8/site-packages/airflow/example_dags/example_short_circuit_decorator.py
[2023-06-27T09:27:54.237+0000] {logging_mixin.py:149} INFO - [2023-06-27T09:27:54.237+0000] {dag.py:2726} INFO - Sync 1 DAGs
[2023-06-27T09:27:54.267+0000] {logging_mixin.py:149} INFO - [2023-06-27T09:27:54.267+0000] {dag.py:3486} INFO - Setting next_dagrun for example_short_circuit_decorator to 2023-06-26T09:27:54.266684+00:00, run_after=2023-06-27T09:27:54.266684+00:00
[2023-06-27T09:27:54.288+0000] {processor.py:179} INFO - Processing /home/airflow/.local/lib/python3.8/site-packages/airflow/example_dags/example_short_circuit_decorator.py took 0.106 seconds
[2023-06-27T09:28:24.577+0000] {processor.py:157} INFO - Started process (PID=400) to work on /home/airflow/.local/lib/python3.8/site-packages/airflow/example_dags/example_short_circuit_decorator.py
[2023-06-27T09:28:24.578+0000] {processor.py:826} INFO - Processing file /home/airflow/.local/lib/python3.8/site-packages/airflow/example_dags/example_short_circuit_decorator.py for tasks to queue
[2023-06-27T09:28:24.580+0000] {logging_mixin.py:149} INFO - [2023-06-27T09:28:24.580+0000] {dagbag.py:541} INFO - Filling up the DagBag from /home/airflow/.local/lib/python3.8/site-packages/airflow/example_dags/example_short_circuit_decorator.py
[2023-06-27T09:28:24.591+0000] {processor.py:836} INFO - DAG(s) dict_keys(['example_short_circuit_decorator']) retrieved from /home/airflow/.local/lib/python3.8/site-packages/airflow/example_dags/example_short_circuit_decorator.py
[2023-06-27T09:28:24.626+0000] {logging_mixin.py:149} INFO - [2023-06-27T09:28:24.625+0000] {dag.py:2726} INFO - Sync 1 DAGs
[2023-06-27T09:28:24.655+0000] {logging_mixin.py:149} INFO - [2023-06-27T09:28:24.654+0000] {dag.py:3486} INFO - Setting next_dagrun for example_short_circuit_decorator to 2023-06-26T09:28:24.654415+00:00, run_after=2023-06-27T09:28:24.654415+00:00
[2023-06-27T09:28:24.677+0000] {processor.py:179} INFO - Processing /home/airflow/.local/lib/python3.8/site-packages/airflow/example_dags/example_short_circuit_decorator.py took 0.105 seconds
[2023-06-27T09:28:54.763+0000] {processor.py:157} INFO - Started process (PID=466) to work on /home/airflow/.local/lib/python3.8/site-packages/airflow/example_dags/example_short_circuit_decorator.py
[2023-06-27T09:28:54.764+0000] {processor.py:826} INFO - Processing file /home/airflow/.local/lib/python3.8/site-packages/airflow/example_dags/example_short_circuit_decorator.py for tasks to queue
[2023-06-27T09:28:54.766+0000] {logging_mixin.py:149} INFO - [2023-06-27T09:28:54.766+0000] {dagbag.py:541} INFO - Filling up the DagBag from /home/airflow/.local/lib/python3.8/site-packages/airflow/example_dags/example_short_circuit_decorator.py
[2023-06-27T09:28:54.777+0000] {processor.py:836} INFO - DAG(s) dict_keys(['example_short_circuit_decorator']) retrieved from /home/airflow/.local/lib/python3.8/site-packages/airflow/example_dags/example_short_circuit_decorator.py
[2023-06-27T09:28:54.811+0000] {logging_mixin.py:149} INFO - [2023-06-27T09:28:54.810+0000] {dag.py:2726} INFO - Sync 1 DAGs
[2023-06-27T09:28:54.840+0000] {logging_mixin.py:149} INFO - [2023-06-27T09:28:54.840+0000] {dag.py:3486} INFO - Setting next_dagrun for example_short_circuit_decorator to 2023-06-26T09:28:54.839806+00:00, run_after=2023-06-27T09:28:54.839806+00:00
[2023-06-27T09:28:54.863+0000] {processor.py:179} INFO - Processing /home/airflow/.local/lib/python3.8/site-packages/airflow/example_dags/example_short_circuit_decorator.py took 0.104 seconds
[2023-06-27T09:29:25.495+0000] {processor.py:157} INFO - Started process (PID=534) to work on /home/airflow/.local/lib/python3.8/site-packages/airflow/example_dags/example_short_circuit_decorator.py
[2023-06-27T09:29:25.496+0000] {processor.py:826} INFO - Processing file /home/airflow/.local/lib/python3.8/site-packages/airflow/example_dags/example_short_circuit_decorator.py for tasks to queue
[2023-06-27T09:29:25.498+0000] {logging_mixin.py:149} INFO - [2023-06-27T09:29:25.498+0000] {dagbag.py:541} INFO - Filling up the DagBag from /home/airflow/.local/lib/python3.8/site-packages/airflow/example_dags/example_short_circuit_decorator.py
[2023-06-27T09:29:25.509+0000] {processor.py:836} INFO - DAG(s) dict_keys(['example_short_circuit_decorator']) retrieved from /home/airflow/.local/lib/python3.8/site-packages/airflow/example_dags/example_short_circuit_decorator.py
[2023-06-27T09:29:25.544+0000] {logging_mixin.py:149} INFO - [2023-06-27T09:29:25.544+0000] {dag.py:2726} INFO - Sync 1 DAGs
[2023-06-27T09:29:25.574+0000] {logging_mixin.py:149} INFO - [2023-06-27T09:29:25.574+0000] {dag.py:3486} INFO - Setting next_dagrun for example_short_circuit_decorator to 2023-06-26T09:29:25.574183+00:00, run_after=2023-06-27T09:29:25.574183+00:00
[2023-06-27T09:29:25.603+0000] {processor.py:179} INFO - Processing /home/airflow/.local/lib/python3.8/site-packages/airflow/example_dags/example_short_circuit_decorator.py took 0.113 seconds
[2023-06-27T09:29:56.175+0000] {processor.py:157} INFO - Started process (PID=609) to work on /home/airflow/.local/lib/python3.8/site-packages/airflow/example_dags/example_short_circuit_decorator.py
[2023-06-27T09:29:56.176+0000] {processor.py:826} INFO - Processing file /home/airflow/.local/lib/python3.8/site-packages/airflow/example_dags/example_short_circuit_decorator.py for tasks to queue
[2023-06-27T09:29:56.178+0000] {logging_mixin.py:149} INFO - [2023-06-27T09:29:56.178+0000] {dagbag.py:541} INFO - Filling up the DagBag from /home/airflow/.local/lib/python3.8/site-packages/airflow/example_dags/example_short_circuit_decorator.py
[2023-06-27T09:29:56.190+0000] {processor.py:836} INFO - DAG(s) dict_keys(['example_short_circuit_decorator']) retrieved from /home/airflow/.local/lib/python3.8/site-packages/airflow/example_dags/example_short_circuit_decorator.py
[2023-06-27T09:29:56.225+0000] {logging_mixin.py:149} INFO - [2023-06-27T09:29:56.225+0000] {dag.py:2726} INFO - Sync 1 DAGs
[2023-06-27T09:29:56.253+0000] {logging_mixin.py:149} INFO - [2023-06-27T09:29:56.253+0000] {dag.py:3486} INFO - Setting next_dagrun for example_short_circuit_decorator to 2023-06-26T09:29:56.253304+00:00, run_after=2023-06-27T09:29:56.253304+00:00
[2023-06-27T09:29:56.274+0000] {processor.py:179} INFO - Processing /home/airflow/.local/lib/python3.8/site-packages/airflow/example_dags/example_short_circuit_decorator.py took 0.104 seconds
[2023-06-27T09:30:26.697+0000] {processor.py:157} INFO - Started process (PID=681) to work on /home/airflow/.local/lib/python3.8/site-packages/airflow/example_dags/example_short_circuit_decorator.py
[2023-06-27T09:30:26.698+0000] {processor.py:826} INFO - Processing file /home/airflow/.local/lib/python3.8/site-packages/airflow/example_dags/example_short_circuit_decorator.py for tasks to queue
[2023-06-27T09:30:26.707+0000] {logging_mixin.py:149} INFO - [2023-06-27T09:30:26.707+0000] {dagbag.py:541} INFO - Filling up the DagBag from /home/airflow/.local/lib/python3.8/site-packages/airflow/example_dags/example_short_circuit_decorator.py
[2023-06-27T09:30:26.725+0000] {processor.py:836} INFO - DAG(s) dict_keys(['example_short_circuit_decorator']) retrieved from /home/airflow/.local/lib/python3.8/site-packages/airflow/example_dags/example_short_circuit_decorator.py
[2023-06-27T09:30:26.795+0000] {logging_mixin.py:149} INFO - [2023-06-27T09:30:26.795+0000] {dag.py:2726} INFO - Sync 1 DAGs
[2023-06-27T09:30:26.851+0000] {logging_mixin.py:149} INFO - [2023-06-27T09:30:26.851+0000] {dag.py:3486} INFO - Setting next_dagrun for example_short_circuit_decorator to 2023-06-26T09:30:26.851232+00:00, run_after=2023-06-27T09:30:26.851232+00:00
[2023-06-27T09:30:26.899+0000] {processor.py:179} INFO - Processing /home/airflow/.local/lib/python3.8/site-packages/airflow/example_dags/example_short_circuit_decorator.py took 0.208 seconds
[2023-06-27T09:30:57.670+0000] {processor.py:157} INFO - Started process (PID=750) to work on /home/airflow/.local/lib/python3.8/site-packages/airflow/example_dags/example_short_circuit_decorator.py
[2023-06-27T09:30:57.672+0000] {processor.py:826} INFO - Processing file /home/airflow/.local/lib/python3.8/site-packages/airflow/example_dags/example_short_circuit_decorator.py for tasks to queue
[2023-06-27T09:30:57.674+0000] {logging_mixin.py:149} INFO - [2023-06-27T09:30:57.673+0000] {dagbag.py:541} INFO - Filling up the DagBag from /home/airflow/.local/lib/python3.8/site-packages/airflow/example_dags/example_short_circuit_decorator.py
[2023-06-27T09:30:57.685+0000] {processor.py:836} INFO - DAG(s) dict_keys(['example_short_circuit_decorator']) retrieved from /home/airflow/.local/lib/python3.8/site-packages/airflow/example_dags/example_short_circuit_decorator.py
[2023-06-27T09:30:57.720+0000] {logging_mixin.py:149} INFO - [2023-06-27T09:30:57.720+0000] {dag.py:2726} INFO - Sync 1 DAGs
[2023-06-27T09:30:57.748+0000] {logging_mixin.py:149} INFO - [2023-06-27T09:30:57.747+0000] {dag.py:3486} INFO - Setting next_dagrun for example_short_circuit_decorator to 2023-06-26T09:30:57.747461+00:00, run_after=2023-06-27T09:30:57.747461+00:00
[2023-06-27T09:30:57.768+0000] {processor.py:179} INFO - Processing /home/airflow/.local/lib/python3.8/site-packages/airflow/example_dags/example_short_circuit_decorator.py took 0.103 seconds
[2023-06-27T09:31:28.239+0000] {processor.py:157} INFO - Started process (PID=825) to work on /home/airflow/.local/lib/python3.8/site-packages/airflow/example_dags/example_short_circuit_decorator.py
[2023-06-27T09:31:28.240+0000] {processor.py:826} INFO - Processing file /home/airflow/.local/lib/python3.8/site-packages/airflow/example_dags/example_short_circuit_decorator.py for tasks to queue
[2023-06-27T09:31:28.242+0000] {logging_mixin.py:149} INFO - [2023-06-27T09:31:28.242+0000] {dagbag.py:541} INFO - Filling up the DagBag from /home/airflow/.local/lib/python3.8/site-packages/airflow/example_dags/example_short_circuit_decorator.py
[2023-06-27T09:31:28.281+0000] {processor.py:836} INFO - DAG(s) dict_keys(['example_short_circuit_decorator']) retrieved from /home/airflow/.local/lib/python3.8/site-packages/airflow/example_dags/example_short_circuit_decorator.py
[2023-06-27T09:31:28.383+0000] {logging_mixin.py:149} INFO - [2023-06-27T09:31:28.383+0000] {dag.py:2726} INFO - Sync 1 DAGs
[2023-06-27T09:31:28.464+0000] {logging_mixin.py:149} INFO - [2023-06-27T09:31:28.464+0000] {dag.py:3486} INFO - Setting next_dagrun for example_short_circuit_decorator to 2023-06-26T09:31:28.463995+00:00, run_after=2023-06-27T09:31:28.463995+00:00
[2023-06-27T09:31:28.533+0000] {processor.py:179} INFO - Processing /home/airflow/.local/lib/python3.8/site-packages/airflow/example_dags/example_short_circuit_decorator.py took 0.304 seconds
[2023-06-27T09:31:58.794+0000] {processor.py:157} INFO - Started process (PID=892) to work on /home/airflow/.local/lib/python3.8/site-packages/airflow/example_dags/example_short_circuit_decorator.py
[2023-06-27T09:31:58.804+0000] {processor.py:826} INFO - Processing file /home/airflow/.local/lib/python3.8/site-packages/airflow/example_dags/example_short_circuit_decorator.py for tasks to queue
[2023-06-27T09:31:58.806+0000] {logging_mixin.py:149} INFO - [2023-06-27T09:31:58.806+0000] {dagbag.py:541} INFO - Filling up the DagBag from /home/airflow/.local/lib/python3.8/site-packages/airflow/example_dags/example_short_circuit_decorator.py
[2023-06-27T09:31:58.834+0000] {processor.py:836} INFO - DAG(s) dict_keys(['example_short_circuit_decorator']) retrieved from /home/airflow/.local/lib/python3.8/site-packages/airflow/example_dags/example_short_circuit_decorator.py
[2023-06-27T09:31:58.877+0000] {logging_mixin.py:149} INFO - [2023-06-27T09:31:58.877+0000] {dag.py:2726} INFO - Sync 1 DAGs
[2023-06-27T09:31:58.911+0000] {logging_mixin.py:149} INFO - [2023-06-27T09:31:58.911+0000] {dag.py:3486} INFO - Setting next_dagrun for example_short_circuit_decorator to 2023-06-26T09:31:58.911257+00:00, run_after=2023-06-27T09:31:58.911257+00:00
[2023-06-27T09:31:58.945+0000] {processor.py:179} INFO - Processing /home/airflow/.local/lib/python3.8/site-packages/airflow/example_dags/example_short_circuit_decorator.py took 0.164 seconds
[2023-06-27T09:32:29.742+0000] {processor.py:157} INFO - Started process (PID=957) to work on /home/airflow/.local/lib/python3.8/site-packages/airflow/example_dags/example_short_circuit_decorator.py
[2023-06-27T09:32:29.743+0000] {processor.py:826} INFO - Processing file /home/airflow/.local/lib/python3.8/site-packages/airflow/example_dags/example_short_circuit_decorator.py for tasks to queue
[2023-06-27T09:32:29.745+0000] {logging_mixin.py:149} INFO - [2023-06-27T09:32:29.745+0000] {dagbag.py:541} INFO - Filling up the DagBag from /home/airflow/.local/lib/python3.8/site-packages/airflow/example_dags/example_short_circuit_decorator.py
[2023-06-27T09:32:29.756+0000] {processor.py:836} INFO - DAG(s) dict_keys(['example_short_circuit_decorator']) retrieved from /home/airflow/.local/lib/python3.8/site-packages/airflow/example_dags/example_short_circuit_decorator.py
[2023-06-27T09:32:29.791+0000] {logging_mixin.py:149} INFO - [2023-06-27T09:32:29.790+0000] {dag.py:2726} INFO - Sync 1 DAGs
[2023-06-27T09:32:29.821+0000] {logging_mixin.py:149} INFO - [2023-06-27T09:32:29.821+0000] {dag.py:3486} INFO - Setting next_dagrun for example_short_circuit_decorator to 2023-06-26T09:32:29.820942+00:00, run_after=2023-06-27T09:32:29.820942+00:00
[2023-06-27T09:32:29.844+0000] {processor.py:179} INFO - Processing /home/airflow/.local/lib/python3.8/site-packages/airflow/example_dags/example_short_circuit_decorator.py took 0.107 seconds
[2023-06-27T09:33:00.553+0000] {processor.py:157} INFO - Started process (PID=1026) to work on /home/airflow/.local/lib/python3.8/site-packages/airflow/example_dags/example_short_circuit_decorator.py
[2023-06-27T09:33:00.556+0000] {processor.py:826} INFO - Processing file /home/airflow/.local/lib/python3.8/site-packages/airflow/example_dags/example_short_circuit_decorator.py for tasks to queue
[2023-06-27T09:33:00.564+0000] {logging_mixin.py:149} INFO - [2023-06-27T09:33:00.564+0000] {dagbag.py:541} INFO - Filling up the DagBag from /home/airflow/.local/lib/python3.8/site-packages/airflow/example_dags/example_short_circuit_decorator.py
[2023-06-27T09:33:00.588+0000] {processor.py:836} INFO - DAG(s) dict_keys(['example_short_circuit_decorator']) retrieved from /home/airflow/.local/lib/python3.8/site-packages/airflow/example_dags/example_short_circuit_decorator.py
[2023-06-27T09:33:00.656+0000] {logging_mixin.py:149} INFO - [2023-06-27T09:33:00.656+0000] {dag.py:2726} INFO - Sync 1 DAGs
[2023-06-27T09:33:00.724+0000] {logging_mixin.py:149} INFO - [2023-06-27T09:33:00.723+0000] {dag.py:3486} INFO - Setting next_dagrun for example_short_circuit_decorator to 2023-06-26T09:33:00.723601+00:00, run_after=2023-06-27T09:33:00.723601+00:00
[2023-06-27T09:33:00.756+0000] {processor.py:179} INFO - Processing /home/airflow/.local/lib/python3.8/site-packages/airflow/example_dags/example_short_circuit_decorator.py took 0.216 seconds
[2023-06-27T09:33:31.425+0000] {processor.py:157} INFO - Started process (PID=1094) to work on /home/airflow/.local/lib/python3.8/site-packages/airflow/example_dags/example_short_circuit_decorator.py
[2023-06-27T09:33:31.426+0000] {processor.py:826} INFO - Processing file /home/airflow/.local/lib/python3.8/site-packages/airflow/example_dags/example_short_circuit_decorator.py for tasks to queue
[2023-06-27T09:33:31.443+0000] {logging_mixin.py:149} INFO - [2023-06-27T09:33:31.443+0000] {dagbag.py:541} INFO - Filling up the DagBag from /home/airflow/.local/lib/python3.8/site-packages/airflow/example_dags/example_short_circuit_decorator.py
[2023-06-27T09:33:31.486+0000] {processor.py:836} INFO - DAG(s) dict_keys(['example_short_circuit_decorator']) retrieved from /home/airflow/.local/lib/python3.8/site-packages/airflow/example_dags/example_short_circuit_decorator.py
[2023-06-27T09:33:31.575+0000] {logging_mixin.py:149} INFO - [2023-06-27T09:33:31.575+0000] {dag.py:2726} INFO - Sync 1 DAGs
[2023-06-27T09:33:31.636+0000] {logging_mixin.py:149} INFO - [2023-06-27T09:33:31.636+0000] {dag.py:3486} INFO - Setting next_dagrun for example_short_circuit_decorator to 2023-06-26T09:33:31.636228+00:00, run_after=2023-06-27T09:33:31.636228+00:00
[2023-06-27T09:33:31.691+0000] {processor.py:179} INFO - Processing /home/airflow/.local/lib/python3.8/site-packages/airflow/example_dags/example_short_circuit_decorator.py took 0.297 seconds
[2023-06-27T09:34:01.860+0000] {processor.py:157} INFO - Started process (PID=1161) to work on /home/airflow/.local/lib/python3.8/site-packages/airflow/example_dags/example_short_circuit_decorator.py
[2023-06-27T09:34:01.863+0000] {processor.py:826} INFO - Processing file /home/airflow/.local/lib/python3.8/site-packages/airflow/example_dags/example_short_circuit_decorator.py for tasks to queue
[2023-06-27T09:34:01.867+0000] {logging_mixin.py:149} INFO - [2023-06-27T09:34:01.867+0000] {dagbag.py:541} INFO - Filling up the DagBag from /home/airflow/.local/lib/python3.8/site-packages/airflow/example_dags/example_short_circuit_decorator.py
[2023-06-27T09:34:01.892+0000] {processor.py:836} INFO - DAG(s) dict_keys(['example_short_circuit_decorator']) retrieved from /home/airflow/.local/lib/python3.8/site-packages/airflow/example_dags/example_short_circuit_decorator.py
[2023-06-27T09:34:01.936+0000] {logging_mixin.py:149} INFO - [2023-06-27T09:34:01.936+0000] {dag.py:2726} INFO - Sync 1 DAGs
[2023-06-27T09:34:01.964+0000] {logging_mixin.py:149} INFO - [2023-06-27T09:34:01.964+0000] {dag.py:3486} INFO - Setting next_dagrun for example_short_circuit_decorator to 2023-06-26T09:34:01.964341+00:00, run_after=2023-06-27T09:34:01.964341+00:00
[2023-06-27T09:34:01.999+0000] {processor.py:179} INFO - Processing /home/airflow/.local/lib/python3.8/site-packages/airflow/example_dags/example_short_circuit_decorator.py took 0.148 seconds
[2023-06-27T09:34:33.333+0000] {processor.py:157} INFO - Started process (PID=1228) to work on /home/airflow/.local/lib/python3.8/site-packages/airflow/example_dags/example_short_circuit_decorator.py
[2023-06-27T09:34:33.340+0000] {processor.py:826} INFO - Processing file /home/airflow/.local/lib/python3.8/site-packages/airflow/example_dags/example_short_circuit_decorator.py for tasks to queue
[2023-06-27T09:34:33.341+0000] {logging_mixin.py:149} INFO - [2023-06-27T09:34:33.341+0000] {dagbag.py:541} INFO - Filling up the DagBag from /home/airflow/.local/lib/python3.8/site-packages/airflow/example_dags/example_short_circuit_decorator.py
[2023-06-27T09:34:33.362+0000] {processor.py:836} INFO - DAG(s) dict_keys(['example_short_circuit_decorator']) retrieved from /home/airflow/.local/lib/python3.8/site-packages/airflow/example_dags/example_short_circuit_decorator.py
[2023-06-27T09:34:33.400+0000] {logging_mixin.py:149} INFO - [2023-06-27T09:34:33.400+0000] {dag.py:2726} INFO - Sync 1 DAGs
[2023-06-27T09:34:33.445+0000] {logging_mixin.py:149} INFO - [2023-06-27T09:34:33.445+0000] {dag.py:3486} INFO - Setting next_dagrun for example_short_circuit_decorator to 2023-06-26T09:34:33.445303+00:00, run_after=2023-06-27T09:34:33.445303+00:00
[2023-06-27T09:34:33.486+0000] {processor.py:179} INFO - Processing /home/airflow/.local/lib/python3.8/site-packages/airflow/example_dags/example_short_circuit_decorator.py took 0.162 seconds
