[2023-06-27T00:00:44.932+0000] {processor.py:157} INFO - Started process (PID=450) to work on /home/airflow/.local/lib/python3.8/site-packages/airflow/example_dags/example_skip_dag.py
[2023-06-27T00:00:44.933+0000] {processor.py:826} INFO - Processing file /home/airflow/.local/lib/python3.8/site-packages/airflow/example_dags/example_skip_dag.py for tasks to queue
[2023-06-27T00:00:44.994+0000] {logging_mixin.py:149} INFO - [2023-06-27T00:00:44.994+0000] {dagbag.py:541} INFO - Filling up the DagBag from /home/airflow/.local/lib/python3.8/site-packages/airflow/example_dags/example_skip_dag.py
[2023-06-27T00:00:45.063+0000] {processor.py:836} INFO - DAG(s) dict_keys(['example_skip_dag']) retrieved from /home/airflow/.local/lib/python3.8/site-packages/airflow/example_dags/example_skip_dag.py
[2023-06-27T00:00:45.418+0000] {logging_mixin.py:149} INFO - [2023-06-27T00:00:45.418+0000] {dag.py:2726} INFO - Sync 1 DAGs
[2023-06-27T00:00:45.742+0000] {logging_mixin.py:149} INFO - [2023-06-27T00:00:45.742+0000] {dag.py:3486} INFO - Setting next_dagrun for example_skip_dag to 2023-06-26T00:00:45.742233+00:00, run_after=2023-06-27T00:00:45.742233+00:00
[2023-06-27T00:00:46.013+0000] {processor.py:179} INFO - Processing /home/airflow/.local/lib/python3.8/site-packages/airflow/example_dags/example_skip_dag.py took 1.130 seconds
[2023-06-27T00:07:25.868+0000] {processor.py:157} INFO - Started process (PID=663) to work on /home/airflow/.local/lib/python3.8/site-packages/airflow/example_dags/example_skip_dag.py
[2023-06-27T00:07:26.056+0000] {processor.py:826} INFO - Processing file /home/airflow/.local/lib/python3.8/site-packages/airflow/example_dags/example_skip_dag.py for tasks to queue
[2023-06-27T00:07:26.057+0000] {logging_mixin.py:149} INFO - [2023-06-27T00:07:26.057+0000] {dagbag.py:541} INFO - Filling up the DagBag from /home/airflow/.local/lib/python3.8/site-packages/airflow/example_dags/example_skip_dag.py
[2023-06-27T00:07:26.410+0000] {processor.py:836} INFO - DAG(s) dict_keys(['example_skip_dag']) retrieved from /home/airflow/.local/lib/python3.8/site-packages/airflow/example_dags/example_skip_dag.py
[2023-06-27T00:07:28.824+0000] {logging_mixin.py:149} INFO - [2023-06-27T00:07:28.824+0000] {dag.py:2726} INFO - Sync 1 DAGs
[2023-06-27T00:07:31.485+0000] {logging_mixin.py:149} INFO - [2023-06-27T00:07:31.485+0000] {dag.py:3486} INFO - Setting next_dagrun for example_skip_dag to 2023-06-26T00:07:31.485075+00:00, run_after=2023-06-27T00:07:31.485075+00:00
[2023-06-27T00:07:34.739+0000] {processor.py:179} INFO - Processing /home/airflow/.local/lib/python3.8/site-packages/airflow/example_dags/example_skip_dag.py took 9.669 seconds
[2023-06-27T01:04:20.039+0000] {processor.py:157} INFO - Started process (PID=144) to work on /home/airflow/.local/lib/python3.8/site-packages/airflow/example_dags/example_skip_dag.py
[2023-06-27T01:04:20.573+0000] {processor.py:826} INFO - Processing file /home/airflow/.local/lib/python3.8/site-packages/airflow/example_dags/example_skip_dag.py for tasks to queue
[2023-06-27T01:04:20.574+0000] {logging_mixin.py:149} INFO - [2023-06-27T01:04:20.574+0000] {dagbag.py:541} INFO - Filling up the DagBag from /home/airflow/.local/lib/python3.8/site-packages/airflow/example_dags/example_skip_dag.py
[2023-06-27T01:04:22.927+0000] {processor.py:836} INFO - DAG(s) dict_keys(['example_skip_dag']) retrieved from /home/airflow/.local/lib/python3.8/site-packages/airflow/example_dags/example_skip_dag.py
[2023-06-27T01:04:27.926+0000] {logging_mixin.py:149} INFO - [2023-06-27T01:04:27.926+0000] {dag.py:2726} INFO - Sync 1 DAGs
[2023-06-27T01:04:32.270+0000] {logging_mixin.py:149} INFO - [2023-06-27T01:04:32.253+0000] {dag.py:3486} INFO - Setting next_dagrun for example_skip_dag to 2023-06-26T01:04:32.252778+00:00, run_after=2023-06-27T01:04:32.252778+00:00
[2023-06-27T01:04:34.516+0000] {processor.py:179} INFO - Processing /home/airflow/.local/lib/python3.8/site-packages/airflow/example_dags/example_skip_dag.py took 14.539 seconds
[2023-06-27T01:37:46.587+0000] {processor.py:157} INFO - Started process (PID=83) to work on /home/airflow/.local/lib/python3.8/site-packages/airflow/example_dags/example_skip_dag.py
[2023-06-27T01:37:46.603+0000] {processor.py:826} INFO - Processing file /home/airflow/.local/lib/python3.8/site-packages/airflow/example_dags/example_skip_dag.py for tasks to queue
[2023-06-27T01:37:46.604+0000] {logging_mixin.py:149} INFO - [2023-06-27T01:37:46.604+0000] {dagbag.py:541} INFO - Filling up the DagBag from /home/airflow/.local/lib/python3.8/site-packages/airflow/example_dags/example_skip_dag.py
[2023-06-27T01:37:46.613+0000] {processor.py:836} INFO - DAG(s) dict_keys(['example_skip_dag']) retrieved from /home/airflow/.local/lib/python3.8/site-packages/airflow/example_dags/example_skip_dag.py
[2023-06-27T01:37:46.703+0000] {logging_mixin.py:149} INFO - [2023-06-27T01:37:46.703+0000] {dag.py:2726} INFO - Sync 1 DAGs
[2023-06-27T01:37:46.786+0000] {logging_mixin.py:149} INFO - [2023-06-27T01:37:46.786+0000] {dag.py:3486} INFO - Setting next_dagrun for example_skip_dag to 2023-06-26T01:37:46.786095+00:00, run_after=2023-06-27T01:37:46.786095+00:00
[2023-06-27T01:37:46.864+0000] {processor.py:179} INFO - Processing /home/airflow/.local/lib/python3.8/site-packages/airflow/example_dags/example_skip_dag.py took 0.305 seconds
[2023-06-27T01:41:30.399+0000] {processor.py:157} INFO - Started process (PID=249) to work on /home/airflow/.local/lib/python3.8/site-packages/airflow/example_dags/example_skip_dag.py
[2023-06-27T01:41:30.441+0000] {processor.py:826} INFO - Processing file /home/airflow/.local/lib/python3.8/site-packages/airflow/example_dags/example_skip_dag.py for tasks to queue
[2023-06-27T01:41:31.048+0000] {logging_mixin.py:149} INFO - [2023-06-27T01:41:31.047+0000] {dagbag.py:541} INFO - Filling up the DagBag from /home/airflow/.local/lib/python3.8/site-packages/airflow/example_dags/example_skip_dag.py
[2023-06-27T01:41:35.378+0000] {processor.py:836} INFO - DAG(s) dict_keys(['example_skip_dag']) retrieved from /home/airflow/.local/lib/python3.8/site-packages/airflow/example_dags/example_skip_dag.py
[2023-06-27T01:41:41.567+0000] {logging_mixin.py:149} INFO - [2023-06-27T01:41:41.566+0000] {dag.py:2726} INFO - Sync 1 DAGs
[2023-06-27T01:41:48.357+0000] {logging_mixin.py:149} INFO - [2023-06-27T01:41:48.356+0000] {dag.py:3486} INFO - Setting next_dagrun for example_skip_dag to 2023-06-26T01:41:48.356341+00:00, run_after=2023-06-27T01:41:48.356341+00:00
[2023-06-27T01:41:51.687+0000] {processor.py:179} INFO - Processing /home/airflow/.local/lib/python3.8/site-packages/airflow/example_dags/example_skip_dag.py took 21.412 seconds
[2023-06-27T02:20:16.899+0000] {processor.py:157} INFO - Started process (PID=172) to work on /home/airflow/.local/lib/python3.8/site-packages/airflow/example_dags/example_skip_dag.py
[2023-06-27T02:20:16.986+0000] {processor.py:826} INFO - Processing file /home/airflow/.local/lib/python3.8/site-packages/airflow/example_dags/example_skip_dag.py for tasks to queue
[2023-06-27T02:20:16.987+0000] {logging_mixin.py:149} INFO - [2023-06-27T02:20:16.986+0000] {dagbag.py:541} INFO - Filling up the DagBag from /home/airflow/.local/lib/python3.8/site-packages/airflow/example_dags/example_skip_dag.py
[2023-06-27T02:20:17.399+0000] {processor.py:836} INFO - DAG(s) dict_keys(['example_skip_dag']) retrieved from /home/airflow/.local/lib/python3.8/site-packages/airflow/example_dags/example_skip_dag.py
[2023-06-27T02:20:18.339+0000] {logging_mixin.py:149} INFO - [2023-06-27T02:20:18.339+0000] {dag.py:2726} INFO - Sync 1 DAGs
[2023-06-27T02:20:19.275+0000] {logging_mixin.py:149} INFO - [2023-06-27T02:20:19.274+0000] {dag.py:3486} INFO - Setting next_dagrun for example_skip_dag to 2023-06-26T02:20:19.274388+00:00, run_after=2023-06-27T02:20:19.274388+00:00
[2023-06-27T02:20:20.113+0000] {processor.py:179} INFO - Processing /home/airflow/.local/lib/python3.8/site-packages/airflow/example_dags/example_skip_dag.py took 3.315 seconds
[2023-06-27T06:20:23.507+0000] {processor.py:157} INFO - Started process (PID=444) to work on /home/airflow/.local/lib/python3.8/site-packages/airflow/example_dags/example_skip_dag.py
[2023-06-27T06:20:23.558+0000] {processor.py:826} INFO - Processing file /home/airflow/.local/lib/python3.8/site-packages/airflow/example_dags/example_skip_dag.py for tasks to queue
[2023-06-27T06:20:23.584+0000] {logging_mixin.py:149} INFO - [2023-06-27T06:20:23.584+0000] {dagbag.py:541} INFO - Filling up the DagBag from /home/airflow/.local/lib/python3.8/site-packages/airflow/example_dags/example_skip_dag.py
[2023-06-27T06:20:24.118+0000] {processor.py:836} INFO - DAG(s) dict_keys(['example_skip_dag']) retrieved from /home/airflow/.local/lib/python3.8/site-packages/airflow/example_dags/example_skip_dag.py
[2023-06-27T06:20:25.238+0000] {logging_mixin.py:149} INFO - [2023-06-27T06:20:25.238+0000] {dag.py:2726} INFO - Sync 1 DAGs
[2023-06-27T06:20:26.194+0000] {logging_mixin.py:149} INFO - [2023-06-27T06:20:26.194+0000] {dag.py:3486} INFO - Setting next_dagrun for example_skip_dag to 2023-06-26T06:20:26.194297+00:00, run_after=2023-06-27T06:20:26.194297+00:00
[2023-06-27T06:20:27.383+0000] {processor.py:179} INFO - Processing /home/airflow/.local/lib/python3.8/site-packages/airflow/example_dags/example_skip_dag.py took 4.019 seconds
[2023-06-27T08:57:01.919+0000] {processor.py:157} INFO - Started process (PID=589) to work on /home/airflow/.local/lib/python3.8/site-packages/airflow/example_dags/example_skip_dag.py
[2023-06-27T08:57:01.934+0000] {processor.py:826} INFO - Processing file /home/airflow/.local/lib/python3.8/site-packages/airflow/example_dags/example_skip_dag.py for tasks to queue
[2023-06-27T08:57:01.937+0000] {logging_mixin.py:149} INFO - [2023-06-27T08:57:01.937+0000] {dagbag.py:541} INFO - Filling up the DagBag from /home/airflow/.local/lib/python3.8/site-packages/airflow/example_dags/example_skip_dag.py
[2023-06-27T08:57:01.949+0000] {processor.py:836} INFO - DAG(s) dict_keys(['example_skip_dag']) retrieved from /home/airflow/.local/lib/python3.8/site-packages/airflow/example_dags/example_skip_dag.py
[2023-06-27T08:57:01.990+0000] {logging_mixin.py:149} INFO - [2023-06-27T08:57:01.990+0000] {dag.py:2726} INFO - Sync 1 DAGs
[2023-06-27T08:57:02.022+0000] {logging_mixin.py:149} INFO - [2023-06-27T08:57:02.022+0000] {dag.py:3486} INFO - Setting next_dagrun for example_skip_dag to 2023-06-26T08:57:02.021652+00:00, run_after=2023-06-27T08:57:02.021652+00:00
[2023-06-27T08:57:02.065+0000] {processor.py:179} INFO - Processing /home/airflow/.local/lib/python3.8/site-packages/airflow/example_dags/example_skip_dag.py took 0.151 seconds
[2023-06-27T09:00:34.593+0000] {processor.py:157} INFO - Started process (PID=737) to work on /home/airflow/.local/lib/python3.8/site-packages/airflow/example_dags/example_skip_dag.py
[2023-06-27T09:00:34.663+0000] {processor.py:826} INFO - Processing file /home/airflow/.local/lib/python3.8/site-packages/airflow/example_dags/example_skip_dag.py for tasks to queue
[2023-06-27T09:00:34.665+0000] {logging_mixin.py:149} INFO - [2023-06-27T09:00:34.665+0000] {dagbag.py:541} INFO - Filling up the DagBag from /home/airflow/.local/lib/python3.8/site-packages/airflow/example_dags/example_skip_dag.py
[2023-06-27T09:00:34.767+0000] {processor.py:836} INFO - DAG(s) dict_keys(['example_skip_dag']) retrieved from /home/airflow/.local/lib/python3.8/site-packages/airflow/example_dags/example_skip_dag.py
[2023-06-27T09:00:34.824+0000] {logging_mixin.py:149} INFO - [2023-06-27T09:00:34.824+0000] {dag.py:2726} INFO - Sync 1 DAGs
[2023-06-27T09:00:34.860+0000] {logging_mixin.py:149} INFO - [2023-06-27T09:00:34.859+0000] {dag.py:3486} INFO - Setting next_dagrun for example_skip_dag to 2023-06-26T09:00:34.859487+00:00, run_after=2023-06-27T09:00:34.859487+00:00
[2023-06-27T09:00:34.960+0000] {processor.py:179} INFO - Processing /home/airflow/.local/lib/python3.8/site-packages/airflow/example_dags/example_skip_dag.py took 0.384 seconds
[2023-06-27T09:20:52.184+0000] {processor.py:157} INFO - Started process (PID=91) to work on /home/airflow/.local/lib/python3.8/site-packages/airflow/example_dags/example_skip_dag.py
[2023-06-27T09:20:52.207+0000] {processor.py:826} INFO - Processing file /home/airflow/.local/lib/python3.8/site-packages/airflow/example_dags/example_skip_dag.py for tasks to queue
[2023-06-27T09:20:52.208+0000] {logging_mixin.py:149} INFO - [2023-06-27T09:20:52.207+0000] {dagbag.py:541} INFO - Filling up the DagBag from /home/airflow/.local/lib/python3.8/site-packages/airflow/example_dags/example_skip_dag.py
[2023-06-27T09:20:52.312+0000] {processor.py:836} INFO - DAG(s) dict_keys(['example_skip_dag']) retrieved from /home/airflow/.local/lib/python3.8/site-packages/airflow/example_dags/example_skip_dag.py
[2023-06-27T09:20:52.591+0000] {logging_mixin.py:149} INFO - [2023-06-27T09:20:52.591+0000] {dag.py:2726} INFO - Sync 1 DAGs
[2023-06-27T09:20:52.713+0000] {logging_mixin.py:149} INFO - [2023-06-27T09:20:52.712+0000] {dag.py:3486} INFO - Setting next_dagrun for example_skip_dag to 2023-06-26T09:20:52.712584+00:00, run_after=2023-06-27T09:20:52.712584+00:00
[2023-06-27T09:20:52.897+0000] {processor.py:179} INFO - Processing /home/airflow/.local/lib/python3.8/site-packages/airflow/example_dags/example_skip_dag.py took 0.733 seconds
[2023-06-27T09:21:23.785+0000] {processor.py:157} INFO - Started process (PID=149) to work on /home/airflow/.local/lib/python3.8/site-packages/airflow/example_dags/example_skip_dag.py
[2023-06-27T09:21:23.786+0000] {processor.py:826} INFO - Processing file /home/airflow/.local/lib/python3.8/site-packages/airflow/example_dags/example_skip_dag.py for tasks to queue
[2023-06-27T09:21:23.802+0000] {logging_mixin.py:149} INFO - [2023-06-27T09:21:23.802+0000] {dagbag.py:541} INFO - Filling up the DagBag from /home/airflow/.local/lib/python3.8/site-packages/airflow/example_dags/example_skip_dag.py
[2023-06-27T09:21:23.894+0000] {processor.py:836} INFO - DAG(s) dict_keys(['example_skip_dag']) retrieved from /home/airflow/.local/lib/python3.8/site-packages/airflow/example_dags/example_skip_dag.py
[2023-06-27T09:21:24.033+0000] {logging_mixin.py:149} INFO - [2023-06-27T09:21:24.031+0000] {dag.py:2726} INFO - Sync 1 DAGs
[2023-06-27T09:21:24.219+0000] {logging_mixin.py:149} INFO - [2023-06-27T09:21:24.219+0000] {dag.py:3486} INFO - Setting next_dagrun for example_skip_dag to 2023-06-26T09:21:24.219398+00:00, run_after=2023-06-27T09:21:24.219398+00:00
[2023-06-27T09:21:24.356+0000] {processor.py:179} INFO - Processing /home/airflow/.local/lib/python3.8/site-packages/airflow/example_dags/example_skip_dag.py took 0.604 seconds
[2023-06-27T09:21:54.656+0000] {processor.py:157} INFO - Started process (PID=217) to work on /home/airflow/.local/lib/python3.8/site-packages/airflow/example_dags/example_skip_dag.py
[2023-06-27T09:21:54.658+0000] {processor.py:826} INFO - Processing file /home/airflow/.local/lib/python3.8/site-packages/airflow/example_dags/example_skip_dag.py for tasks to queue
[2023-06-27T09:21:54.660+0000] {logging_mixin.py:149} INFO - [2023-06-27T09:21:54.660+0000] {dagbag.py:541} INFO - Filling up the DagBag from /home/airflow/.local/lib/python3.8/site-packages/airflow/example_dags/example_skip_dag.py
[2023-06-27T09:21:54.668+0000] {processor.py:836} INFO - DAG(s) dict_keys(['example_skip_dag']) retrieved from /home/airflow/.local/lib/python3.8/site-packages/airflow/example_dags/example_skip_dag.py
[2023-06-27T09:21:54.702+0000] {logging_mixin.py:149} INFO - [2023-06-27T09:21:54.701+0000] {dag.py:2726} INFO - Sync 1 DAGs
[2023-06-27T09:21:54.732+0000] {logging_mixin.py:149} INFO - [2023-06-27T09:21:54.732+0000] {dag.py:3486} INFO - Setting next_dagrun for example_skip_dag to 2023-06-26T09:21:54.732058+00:00, run_after=2023-06-27T09:21:54.732058+00:00
[2023-06-27T09:21:54.755+0000] {processor.py:179} INFO - Processing /home/airflow/.local/lib/python3.8/site-packages/airflow/example_dags/example_skip_dag.py took 0.103 seconds
[2023-06-27T09:22:25.572+0000] {processor.py:157} INFO - Started process (PID=284) to work on /home/airflow/.local/lib/python3.8/site-packages/airflow/example_dags/example_skip_dag.py
[2023-06-27T09:22:25.573+0000] {processor.py:826} INFO - Processing file /home/airflow/.local/lib/python3.8/site-packages/airflow/example_dags/example_skip_dag.py for tasks to queue
[2023-06-27T09:22:25.587+0000] {logging_mixin.py:149} INFO - [2023-06-27T09:22:25.587+0000] {dagbag.py:541} INFO - Filling up the DagBag from /home/airflow/.local/lib/python3.8/site-packages/airflow/example_dags/example_skip_dag.py
[2023-06-27T09:22:25.613+0000] {processor.py:836} INFO - DAG(s) dict_keys(['example_skip_dag']) retrieved from /home/airflow/.local/lib/python3.8/site-packages/airflow/example_dags/example_skip_dag.py
[2023-06-27T09:22:25.724+0000] {logging_mixin.py:149} INFO - [2023-06-27T09:22:25.724+0000] {dag.py:2726} INFO - Sync 1 DAGs
[2023-06-27T09:22:25.850+0000] {logging_mixin.py:149} INFO - [2023-06-27T09:22:25.849+0000] {dag.py:3486} INFO - Setting next_dagrun for example_skip_dag to 2023-06-26T09:22:25.849608+00:00, run_after=2023-06-27T09:22:25.849608+00:00
[2023-06-27T09:22:25.931+0000] {processor.py:179} INFO - Processing /home/airflow/.local/lib/python3.8/site-packages/airflow/example_dags/example_skip_dag.py took 0.372 seconds
[2023-06-27T09:22:56.759+0000] {processor.py:157} INFO - Started process (PID=353) to work on /home/airflow/.local/lib/python3.8/site-packages/airflow/example_dags/example_skip_dag.py
[2023-06-27T09:22:56.764+0000] {processor.py:826} INFO - Processing file /home/airflow/.local/lib/python3.8/site-packages/airflow/example_dags/example_skip_dag.py for tasks to queue
[2023-06-27T09:22:56.766+0000] {logging_mixin.py:149} INFO - [2023-06-27T09:22:56.766+0000] {dagbag.py:541} INFO - Filling up the DagBag from /home/airflow/.local/lib/python3.8/site-packages/airflow/example_dags/example_skip_dag.py
[2023-06-27T09:22:56.782+0000] {processor.py:836} INFO - DAG(s) dict_keys(['example_skip_dag']) retrieved from /home/airflow/.local/lib/python3.8/site-packages/airflow/example_dags/example_skip_dag.py
[2023-06-27T09:22:56.869+0000] {logging_mixin.py:149} INFO - [2023-06-27T09:22:56.869+0000] {dag.py:2726} INFO - Sync 1 DAGs
[2023-06-27T09:22:56.977+0000] {logging_mixin.py:149} INFO - [2023-06-27T09:22:56.974+0000] {dag.py:3486} INFO - Setting next_dagrun for example_skip_dag to 2023-06-26T09:22:56.974412+00:00, run_after=2023-06-27T09:22:56.974412+00:00
[2023-06-27T09:22:57.022+0000] {processor.py:179} INFO - Processing /home/airflow/.local/lib/python3.8/site-packages/airflow/example_dags/example_skip_dag.py took 0.272 seconds
[2023-06-27T09:23:27.663+0000] {processor.py:157} INFO - Started process (PID=419) to work on /home/airflow/.local/lib/python3.8/site-packages/airflow/example_dags/example_skip_dag.py
[2023-06-27T09:23:27.664+0000] {processor.py:826} INFO - Processing file /home/airflow/.local/lib/python3.8/site-packages/airflow/example_dags/example_skip_dag.py for tasks to queue
[2023-06-27T09:23:27.675+0000] {logging_mixin.py:149} INFO - [2023-06-27T09:23:27.666+0000] {dagbag.py:541} INFO - Filling up the DagBag from /home/airflow/.local/lib/python3.8/site-packages/airflow/example_dags/example_skip_dag.py
[2023-06-27T09:23:27.692+0000] {processor.py:836} INFO - DAG(s) dict_keys(['example_skip_dag']) retrieved from /home/airflow/.local/lib/python3.8/site-packages/airflow/example_dags/example_skip_dag.py
[2023-06-27T09:23:27.801+0000] {logging_mixin.py:149} INFO - [2023-06-27T09:23:27.800+0000] {dag.py:2726} INFO - Sync 1 DAGs
[2023-06-27T09:23:27.895+0000] {logging_mixin.py:149} INFO - [2023-06-27T09:23:27.895+0000] {dag.py:3486} INFO - Setting next_dagrun for example_skip_dag to 2023-06-26T09:23:27.895418+00:00, run_after=2023-06-27T09:23:27.895418+00:00
[2023-06-27T09:23:27.963+0000] {processor.py:179} INFO - Processing /home/airflow/.local/lib/python3.8/site-packages/airflow/example_dags/example_skip_dag.py took 0.309 seconds
[2023-06-27T09:23:58.559+0000] {processor.py:157} INFO - Started process (PID=483) to work on /home/airflow/.local/lib/python3.8/site-packages/airflow/example_dags/example_skip_dag.py
[2023-06-27T09:23:58.577+0000] {processor.py:826} INFO - Processing file /home/airflow/.local/lib/python3.8/site-packages/airflow/example_dags/example_skip_dag.py for tasks to queue
[2023-06-27T09:23:58.579+0000] {logging_mixin.py:149} INFO - [2023-06-27T09:23:58.578+0000] {dagbag.py:541} INFO - Filling up the DagBag from /home/airflow/.local/lib/python3.8/site-packages/airflow/example_dags/example_skip_dag.py
[2023-06-27T09:23:58.595+0000] {processor.py:836} INFO - DAG(s) dict_keys(['example_skip_dag']) retrieved from /home/airflow/.local/lib/python3.8/site-packages/airflow/example_dags/example_skip_dag.py
[2023-06-27T09:23:58.677+0000] {logging_mixin.py:149} INFO - [2023-06-27T09:23:58.676+0000] {dag.py:2726} INFO - Sync 1 DAGs
[2023-06-27T09:23:58.766+0000] {logging_mixin.py:149} INFO - [2023-06-27T09:23:58.766+0000] {dag.py:3486} INFO - Setting next_dagrun for example_skip_dag to 2023-06-26T09:23:58.765767+00:00, run_after=2023-06-27T09:23:58.765767+00:00
[2023-06-27T09:23:58.824+0000] {processor.py:179} INFO - Processing /home/airflow/.local/lib/python3.8/site-packages/airflow/example_dags/example_skip_dag.py took 0.281 seconds
[2023-06-27T09:25:55.773+0000] {processor.py:157} INFO - Started process (PID=80) to work on /home/airflow/.local/lib/python3.8/site-packages/airflow/example_dags/example_skip_dag.py
[2023-06-27T09:25:55.779+0000] {processor.py:826} INFO - Processing file /home/airflow/.local/lib/python3.8/site-packages/airflow/example_dags/example_skip_dag.py for tasks to queue
[2023-06-27T09:25:55.780+0000] {logging_mixin.py:149} INFO - [2023-06-27T09:25:55.780+0000] {dagbag.py:541} INFO - Filling up the DagBag from /home/airflow/.local/lib/python3.8/site-packages/airflow/example_dags/example_skip_dag.py
[2023-06-27T09:25:55.810+0000] {processor.py:836} INFO - DAG(s) dict_keys(['example_skip_dag']) retrieved from /home/airflow/.local/lib/python3.8/site-packages/airflow/example_dags/example_skip_dag.py
[2023-06-27T09:25:55.904+0000] {logging_mixin.py:149} INFO - [2023-06-27T09:25:55.904+0000] {dag.py:2726} INFO - Sync 1 DAGs
[2023-06-27T09:25:55.978+0000] {logging_mixin.py:149} INFO - [2023-06-27T09:25:55.978+0000] {dag.py:3486} INFO - Setting next_dagrun for example_skip_dag to 2023-06-26T09:25:55.978028+00:00, run_after=2023-06-27T09:25:55.978028+00:00
[2023-06-27T09:25:56.046+0000] {processor.py:179} INFO - Processing /home/airflow/.local/lib/python3.8/site-packages/airflow/example_dags/example_skip_dag.py took 0.286 seconds
[2023-06-27T09:26:26.549+0000] {processor.py:157} INFO - Started process (PID=143) to work on /home/airflow/.local/lib/python3.8/site-packages/airflow/example_dags/example_skip_dag.py
[2023-06-27T09:26:26.550+0000] {processor.py:826} INFO - Processing file /home/airflow/.local/lib/python3.8/site-packages/airflow/example_dags/example_skip_dag.py for tasks to queue
[2023-06-27T09:26:26.564+0000] {logging_mixin.py:149} INFO - [2023-06-27T09:26:26.564+0000] {dagbag.py:541} INFO - Filling up the DagBag from /home/airflow/.local/lib/python3.8/site-packages/airflow/example_dags/example_skip_dag.py
[2023-06-27T09:26:26.585+0000] {processor.py:836} INFO - DAG(s) dict_keys(['example_skip_dag']) retrieved from /home/airflow/.local/lib/python3.8/site-packages/airflow/example_dags/example_skip_dag.py
[2023-06-27T09:26:26.739+0000] {logging_mixin.py:149} INFO - [2023-06-27T09:26:26.738+0000] {dag.py:2726} INFO - Sync 1 DAGs
[2023-06-27T09:26:26.820+0000] {logging_mixin.py:149} INFO - [2023-06-27T09:26:26.819+0000] {dag.py:3486} INFO - Setting next_dagrun for example_skip_dag to 2023-06-26T09:26:26.819452+00:00, run_after=2023-06-27T09:26:26.819452+00:00
[2023-06-27T09:26:26.888+0000] {processor.py:179} INFO - Processing /home/airflow/.local/lib/python3.8/site-packages/airflow/example_dags/example_skip_dag.py took 0.352 seconds
[2023-06-27T09:26:58.640+0000] {processor.py:157} INFO - Started process (PID=211) to work on /home/airflow/.local/lib/python3.8/site-packages/airflow/example_dags/example_skip_dag.py
[2023-06-27T09:26:58.658+0000] {processor.py:826} INFO - Processing file /home/airflow/.local/lib/python3.8/site-packages/airflow/example_dags/example_skip_dag.py for tasks to queue
[2023-06-27T09:26:58.660+0000] {logging_mixin.py:149} INFO - [2023-06-27T09:26:58.660+0000] {dagbag.py:541} INFO - Filling up the DagBag from /home/airflow/.local/lib/python3.8/site-packages/airflow/example_dags/example_skip_dag.py
[2023-06-27T09:26:58.691+0000] {processor.py:836} INFO - DAG(s) dict_keys(['example_skip_dag']) retrieved from /home/airflow/.local/lib/python3.8/site-packages/airflow/example_dags/example_skip_dag.py
[2023-06-27T09:26:58.787+0000] {logging_mixin.py:149} INFO - [2023-06-27T09:26:58.787+0000] {dag.py:2726} INFO - Sync 1 DAGs
[2023-06-27T09:26:58.893+0000] {logging_mixin.py:149} INFO - [2023-06-27T09:26:58.893+0000] {dag.py:3486} INFO - Setting next_dagrun for example_skip_dag to 2023-06-26T09:26:58.892956+00:00, run_after=2023-06-27T09:26:58.892956+00:00
[2023-06-27T09:26:58.991+0000] {processor.py:179} INFO - Processing /home/airflow/.local/lib/python3.8/site-packages/airflow/example_dags/example_skip_dag.py took 0.368 seconds
[2023-06-27T09:27:29.937+0000] {processor.py:157} INFO - Started process (PID=283) to work on /home/airflow/.local/lib/python3.8/site-packages/airflow/example_dags/example_skip_dag.py
[2023-06-27T09:27:29.941+0000] {processor.py:826} INFO - Processing file /home/airflow/.local/lib/python3.8/site-packages/airflow/example_dags/example_skip_dag.py for tasks to queue
[2023-06-27T09:27:29.948+0000] {logging_mixin.py:149} INFO - [2023-06-27T09:27:29.948+0000] {dagbag.py:541} INFO - Filling up the DagBag from /home/airflow/.local/lib/python3.8/site-packages/airflow/example_dags/example_skip_dag.py
[2023-06-27T09:27:29.988+0000] {processor.py:836} INFO - DAG(s) dict_keys(['example_skip_dag']) retrieved from /home/airflow/.local/lib/python3.8/site-packages/airflow/example_dags/example_skip_dag.py
[2023-06-27T09:27:30.074+0000] {logging_mixin.py:149} INFO - [2023-06-27T09:27:30.074+0000] {dag.py:2726} INFO - Sync 1 DAGs
[2023-06-27T09:27:30.121+0000] {logging_mixin.py:149} INFO - [2023-06-27T09:27:30.121+0000] {dag.py:3486} INFO - Setting next_dagrun for example_skip_dag to 2023-06-26T09:27:30.120973+00:00, run_after=2023-06-27T09:27:30.120973+00:00
[2023-06-27T09:27:30.192+0000] {processor.py:179} INFO - Processing /home/airflow/.local/lib/python3.8/site-packages/airflow/example_dags/example_skip_dag.py took 0.272 seconds
[2023-06-27T09:28:00.600+0000] {processor.py:157} INFO - Started process (PID=349) to work on /home/airflow/.local/lib/python3.8/site-packages/airflow/example_dags/example_skip_dag.py
[2023-06-27T09:28:00.602+0000] {processor.py:826} INFO - Processing file /home/airflow/.local/lib/python3.8/site-packages/airflow/example_dags/example_skip_dag.py for tasks to queue
[2023-06-27T09:28:00.605+0000] {logging_mixin.py:149} INFO - [2023-06-27T09:28:00.604+0000] {dagbag.py:541} INFO - Filling up the DagBag from /home/airflow/.local/lib/python3.8/site-packages/airflow/example_dags/example_skip_dag.py
[2023-06-27T09:28:00.613+0000] {processor.py:836} INFO - DAG(s) dict_keys(['example_skip_dag']) retrieved from /home/airflow/.local/lib/python3.8/site-packages/airflow/example_dags/example_skip_dag.py
[2023-06-27T09:28:00.654+0000] {logging_mixin.py:149} INFO - [2023-06-27T09:28:00.654+0000] {dag.py:2726} INFO - Sync 1 DAGs
[2023-06-27T09:28:00.686+0000] {logging_mixin.py:149} INFO - [2023-06-27T09:28:00.685+0000] {dag.py:3486} INFO - Setting next_dagrun for example_skip_dag to 2023-06-26T09:28:00.685487+00:00, run_after=2023-06-27T09:28:00.685487+00:00
[2023-06-27T09:28:00.711+0000] {processor.py:179} INFO - Processing /home/airflow/.local/lib/python3.8/site-packages/airflow/example_dags/example_skip_dag.py took 0.116 seconds
[2023-06-27T09:28:31.112+0000] {processor.py:157} INFO - Started process (PID=417) to work on /home/airflow/.local/lib/python3.8/site-packages/airflow/example_dags/example_skip_dag.py
[2023-06-27T09:28:31.113+0000] {processor.py:826} INFO - Processing file /home/airflow/.local/lib/python3.8/site-packages/airflow/example_dags/example_skip_dag.py for tasks to queue
[2023-06-27T09:28:31.115+0000] {logging_mixin.py:149} INFO - [2023-06-27T09:28:31.115+0000] {dagbag.py:541} INFO - Filling up the DagBag from /home/airflow/.local/lib/python3.8/site-packages/airflow/example_dags/example_skip_dag.py
[2023-06-27T09:28:31.123+0000] {processor.py:836} INFO - DAG(s) dict_keys(['example_skip_dag']) retrieved from /home/airflow/.local/lib/python3.8/site-packages/airflow/example_dags/example_skip_dag.py
[2023-06-27T09:28:31.157+0000] {logging_mixin.py:149} INFO - [2023-06-27T09:28:31.157+0000] {dag.py:2726} INFO - Sync 1 DAGs
[2023-06-27T09:28:31.211+0000] {logging_mixin.py:149} INFO - [2023-06-27T09:28:31.210+0000] {dag.py:3486} INFO - Setting next_dagrun for example_skip_dag to 2023-06-26T09:28:31.210531+00:00, run_after=2023-06-27T09:28:31.210531+00:00
[2023-06-27T09:28:31.255+0000] {processor.py:179} INFO - Processing /home/airflow/.local/lib/python3.8/site-packages/airflow/example_dags/example_skip_dag.py took 0.148 seconds
[2023-06-27T09:29:01.510+0000] {processor.py:157} INFO - Started process (PID=492) to work on /home/airflow/.local/lib/python3.8/site-packages/airflow/example_dags/example_skip_dag.py
[2023-06-27T09:29:01.512+0000] {processor.py:826} INFO - Processing file /home/airflow/.local/lib/python3.8/site-packages/airflow/example_dags/example_skip_dag.py for tasks to queue
[2023-06-27T09:29:01.522+0000] {logging_mixin.py:149} INFO - [2023-06-27T09:29:01.521+0000] {dagbag.py:541} INFO - Filling up the DagBag from /home/airflow/.local/lib/python3.8/site-packages/airflow/example_dags/example_skip_dag.py
[2023-06-27T09:29:01.543+0000] {processor.py:836} INFO - DAG(s) dict_keys(['example_skip_dag']) retrieved from /home/airflow/.local/lib/python3.8/site-packages/airflow/example_dags/example_skip_dag.py
[2023-06-27T09:29:01.607+0000] {logging_mixin.py:149} INFO - [2023-06-27T09:29:01.607+0000] {dag.py:2726} INFO - Sync 1 DAGs
[2023-06-27T09:29:01.666+0000] {logging_mixin.py:149} INFO - [2023-06-27T09:29:01.666+0000] {dag.py:3486} INFO - Setting next_dagrun for example_skip_dag to 2023-06-26T09:29:01.666166+00:00, run_after=2023-06-27T09:29:01.666166+00:00
[2023-06-27T09:29:01.713+0000] {processor.py:179} INFO - Processing /home/airflow/.local/lib/python3.8/site-packages/airflow/example_dags/example_skip_dag.py took 0.215 seconds
[2023-06-27T09:29:32.421+0000] {processor.py:157} INFO - Started process (PID=561) to work on /home/airflow/.local/lib/python3.8/site-packages/airflow/example_dags/example_skip_dag.py
[2023-06-27T09:29:32.427+0000] {processor.py:826} INFO - Processing file /home/airflow/.local/lib/python3.8/site-packages/airflow/example_dags/example_skip_dag.py for tasks to queue
[2023-06-27T09:29:32.439+0000] {logging_mixin.py:149} INFO - [2023-06-27T09:29:32.439+0000] {dagbag.py:541} INFO - Filling up the DagBag from /home/airflow/.local/lib/python3.8/site-packages/airflow/example_dags/example_skip_dag.py
[2023-06-27T09:29:32.468+0000] {processor.py:836} INFO - DAG(s) dict_keys(['example_skip_dag']) retrieved from /home/airflow/.local/lib/python3.8/site-packages/airflow/example_dags/example_skip_dag.py
[2023-06-27T09:29:32.546+0000] {logging_mixin.py:149} INFO - [2023-06-27T09:29:32.545+0000] {dag.py:2726} INFO - Sync 1 DAGs
[2023-06-27T09:29:32.577+0000] {logging_mixin.py:149} INFO - [2023-06-27T09:29:32.577+0000] {dag.py:3486} INFO - Setting next_dagrun for example_skip_dag to 2023-06-26T09:29:32.577091+00:00, run_after=2023-06-27T09:29:32.577091+00:00
[2023-06-27T09:29:32.607+0000] {processor.py:179} INFO - Processing /home/airflow/.local/lib/python3.8/site-packages/airflow/example_dags/example_skip_dag.py took 0.190 seconds
[2023-06-27T09:30:03.339+0000] {processor.py:157} INFO - Started process (PID=627) to work on /home/airflow/.local/lib/python3.8/site-packages/airflow/example_dags/example_skip_dag.py
[2023-06-27T09:30:03.340+0000] {processor.py:826} INFO - Processing file /home/airflow/.local/lib/python3.8/site-packages/airflow/example_dags/example_skip_dag.py for tasks to queue
[2023-06-27T09:30:03.342+0000] {logging_mixin.py:149} INFO - [2023-06-27T09:30:03.342+0000] {dagbag.py:541} INFO - Filling up the DagBag from /home/airflow/.local/lib/python3.8/site-packages/airflow/example_dags/example_skip_dag.py
[2023-06-27T09:30:03.349+0000] {processor.py:836} INFO - DAG(s) dict_keys(['example_skip_dag']) retrieved from /home/airflow/.local/lib/python3.8/site-packages/airflow/example_dags/example_skip_dag.py
[2023-06-27T09:30:03.381+0000] {logging_mixin.py:149} INFO - [2023-06-27T09:30:03.381+0000] {dag.py:2726} INFO - Sync 1 DAGs
[2023-06-27T09:30:03.409+0000] {logging_mixin.py:149} INFO - [2023-06-27T09:30:03.409+0000] {dag.py:3486} INFO - Setting next_dagrun for example_skip_dag to 2023-06-26T09:30:03.408669+00:00, run_after=2023-06-27T09:30:03.408669+00:00
[2023-06-27T09:30:03.450+0000] {processor.py:179} INFO - Processing /home/airflow/.local/lib/python3.8/site-packages/airflow/example_dags/example_skip_dag.py took 0.114 seconds
[2023-06-27T09:30:34.091+0000] {processor.py:157} INFO - Started process (PID=698) to work on /home/airflow/.local/lib/python3.8/site-packages/airflow/example_dags/example_skip_dag.py
[2023-06-27T09:30:34.092+0000] {processor.py:826} INFO - Processing file /home/airflow/.local/lib/python3.8/site-packages/airflow/example_dags/example_skip_dag.py for tasks to queue
[2023-06-27T09:30:34.094+0000] {logging_mixin.py:149} INFO - [2023-06-27T09:30:34.094+0000] {dagbag.py:541} INFO - Filling up the DagBag from /home/airflow/.local/lib/python3.8/site-packages/airflow/example_dags/example_skip_dag.py
[2023-06-27T09:30:34.101+0000] {processor.py:836} INFO - DAG(s) dict_keys(['example_skip_dag']) retrieved from /home/airflow/.local/lib/python3.8/site-packages/airflow/example_dags/example_skip_dag.py
[2023-06-27T09:30:34.133+0000] {logging_mixin.py:149} INFO - [2023-06-27T09:30:34.133+0000] {dag.py:2726} INFO - Sync 1 DAGs
[2023-06-27T09:30:34.160+0000] {logging_mixin.py:149} INFO - [2023-06-27T09:30:34.160+0000] {dag.py:3486} INFO - Setting next_dagrun for example_skip_dag to 2023-06-26T09:30:34.160340+00:00, run_after=2023-06-27T09:30:34.160340+00:00
[2023-06-27T09:30:34.181+0000] {processor.py:179} INFO - Processing /home/airflow/.local/lib/python3.8/site-packages/airflow/example_dags/example_skip_dag.py took 0.095 seconds
[2023-06-27T09:31:04.981+0000] {processor.py:157} INFO - Started process (PID=776) to work on /home/airflow/.local/lib/python3.8/site-packages/airflow/example_dags/example_skip_dag.py
[2023-06-27T09:31:04.983+0000] {processor.py:826} INFO - Processing file /home/airflow/.local/lib/python3.8/site-packages/airflow/example_dags/example_skip_dag.py for tasks to queue
[2023-06-27T09:31:04.985+0000] {logging_mixin.py:149} INFO - [2023-06-27T09:31:04.985+0000] {dagbag.py:541} INFO - Filling up the DagBag from /home/airflow/.local/lib/python3.8/site-packages/airflow/example_dags/example_skip_dag.py
[2023-06-27T09:31:04.993+0000] {processor.py:836} INFO - DAG(s) dict_keys(['example_skip_dag']) retrieved from /home/airflow/.local/lib/python3.8/site-packages/airflow/example_dags/example_skip_dag.py
[2023-06-27T09:31:05.030+0000] {logging_mixin.py:149} INFO - [2023-06-27T09:31:05.030+0000] {dag.py:2726} INFO - Sync 1 DAGs
[2023-06-27T09:31:05.068+0000] {logging_mixin.py:149} INFO - [2023-06-27T09:31:05.068+0000] {dag.py:3486} INFO - Setting next_dagrun for example_skip_dag to 2023-06-26T09:31:05.068395+00:00, run_after=2023-06-27T09:31:05.068395+00:00
[2023-06-27T09:31:05.109+0000] {processor.py:179} INFO - Processing /home/airflow/.local/lib/python3.8/site-packages/airflow/example_dags/example_skip_dag.py took 0.133 seconds
[2023-06-27T09:31:35.481+0000] {processor.py:157} INFO - Started process (PID=842) to work on /home/airflow/.local/lib/python3.8/site-packages/airflow/example_dags/example_skip_dag.py
[2023-06-27T09:31:35.482+0000] {processor.py:826} INFO - Processing file /home/airflow/.local/lib/python3.8/site-packages/airflow/example_dags/example_skip_dag.py for tasks to queue
[2023-06-27T09:31:35.484+0000] {logging_mixin.py:149} INFO - [2023-06-27T09:31:35.484+0000] {dagbag.py:541} INFO - Filling up the DagBag from /home/airflow/.local/lib/python3.8/site-packages/airflow/example_dags/example_skip_dag.py
[2023-06-27T09:31:35.492+0000] {processor.py:836} INFO - DAG(s) dict_keys(['example_skip_dag']) retrieved from /home/airflow/.local/lib/python3.8/site-packages/airflow/example_dags/example_skip_dag.py
[2023-06-27T09:31:35.533+0000] {logging_mixin.py:149} INFO - [2023-06-27T09:31:35.532+0000] {dag.py:2726} INFO - Sync 1 DAGs
[2023-06-27T09:31:35.563+0000] {logging_mixin.py:149} INFO - [2023-06-27T09:31:35.563+0000] {dag.py:3486} INFO - Setting next_dagrun for example_skip_dag to 2023-06-26T09:31:35.563388+00:00, run_after=2023-06-27T09:31:35.563388+00:00
[2023-06-27T09:31:35.585+0000] {processor.py:179} INFO - Processing /home/airflow/.local/lib/python3.8/site-packages/airflow/example_dags/example_skip_dag.py took 0.109 seconds
[2023-06-27T09:32:06.060+0000] {processor.py:157} INFO - Started process (PID=915) to work on /home/airflow/.local/lib/python3.8/site-packages/airflow/example_dags/example_skip_dag.py
[2023-06-27T09:32:06.062+0000] {processor.py:826} INFO - Processing file /home/airflow/.local/lib/python3.8/site-packages/airflow/example_dags/example_skip_dag.py for tasks to queue
[2023-06-27T09:32:06.064+0000] {logging_mixin.py:149} INFO - [2023-06-27T09:32:06.064+0000] {dagbag.py:541} INFO - Filling up the DagBag from /home/airflow/.local/lib/python3.8/site-packages/airflow/example_dags/example_skip_dag.py
[2023-06-27T09:32:06.081+0000] {processor.py:836} INFO - DAG(s) dict_keys(['example_skip_dag']) retrieved from /home/airflow/.local/lib/python3.8/site-packages/airflow/example_dags/example_skip_dag.py
[2023-06-27T09:32:06.147+0000] {logging_mixin.py:149} INFO - [2023-06-27T09:32:06.147+0000] {dag.py:2726} INFO - Sync 1 DAGs
[2023-06-27T09:32:06.184+0000] {logging_mixin.py:149} INFO - [2023-06-27T09:32:06.183+0000] {dag.py:3486} INFO - Setting next_dagrun for example_skip_dag to 2023-06-26T09:32:06.183474+00:00, run_after=2023-06-27T09:32:06.183474+00:00
[2023-06-27T09:32:06.215+0000] {processor.py:179} INFO - Processing /home/airflow/.local/lib/python3.8/site-packages/airflow/example_dags/example_skip_dag.py took 0.168 seconds
[2023-06-27T09:32:39.016+0000] {processor.py:157} INFO - Started process (PID=984) to work on /home/airflow/.local/lib/python3.8/site-packages/airflow/example_dags/example_skip_dag.py
[2023-06-27T09:32:39.026+0000] {processor.py:826} INFO - Processing file /home/airflow/.local/lib/python3.8/site-packages/airflow/example_dags/example_skip_dag.py for tasks to queue
[2023-06-27T09:32:39.028+0000] {logging_mixin.py:149} INFO - [2023-06-27T09:32:39.028+0000] {dagbag.py:541} INFO - Filling up the DagBag from /home/airflow/.local/lib/python3.8/site-packages/airflow/example_dags/example_skip_dag.py
[2023-06-27T09:32:39.106+0000] {processor.py:836} INFO - DAG(s) dict_keys(['example_skip_dag']) retrieved from /home/airflow/.local/lib/python3.8/site-packages/airflow/example_dags/example_skip_dag.py
[2023-06-27T09:32:39.223+0000] {logging_mixin.py:149} INFO - [2023-06-27T09:32:39.223+0000] {dag.py:2726} INFO - Sync 1 DAGs
[2023-06-27T09:32:39.307+0000] {logging_mixin.py:149} INFO - [2023-06-27T09:32:39.307+0000] {dag.py:3486} INFO - Setting next_dagrun for example_skip_dag to 2023-06-26T09:32:39.307198+00:00, run_after=2023-06-27T09:32:39.307198+00:00
[2023-06-27T09:32:39.388+0000] {processor.py:179} INFO - Processing /home/airflow/.local/lib/python3.8/site-packages/airflow/example_dags/example_skip_dag.py took 0.389 seconds
[2023-06-27T09:33:10.600+0000] {processor.py:157} INFO - Started process (PID=1052) to work on /home/airflow/.local/lib/python3.8/site-packages/airflow/example_dags/example_skip_dag.py
[2023-06-27T09:33:10.602+0000] {processor.py:826} INFO - Processing file /home/airflow/.local/lib/python3.8/site-packages/airflow/example_dags/example_skip_dag.py for tasks to queue
[2023-06-27T09:33:10.603+0000] {logging_mixin.py:149} INFO - [2023-06-27T09:33:10.603+0000] {dagbag.py:541} INFO - Filling up the DagBag from /home/airflow/.local/lib/python3.8/site-packages/airflow/example_dags/example_skip_dag.py
[2023-06-27T09:33:10.623+0000] {processor.py:836} INFO - DAG(s) dict_keys(['example_skip_dag']) retrieved from /home/airflow/.local/lib/python3.8/site-packages/airflow/example_dags/example_skip_dag.py
[2023-06-27T09:33:10.731+0000] {logging_mixin.py:149} INFO - [2023-06-27T09:33:10.731+0000] {dag.py:2726} INFO - Sync 1 DAGs
[2023-06-27T09:33:10.799+0000] {logging_mixin.py:149} INFO - [2023-06-27T09:33:10.799+0000] {dag.py:3486} INFO - Setting next_dagrun for example_skip_dag to 2023-06-26T09:33:10.799237+00:00, run_after=2023-06-27T09:33:10.799237+00:00
[2023-06-27T09:33:10.860+0000] {processor.py:179} INFO - Processing /home/airflow/.local/lib/python3.8/site-packages/airflow/example_dags/example_skip_dag.py took 0.265 seconds
[2023-06-27T09:33:41.553+0000] {processor.py:157} INFO - Started process (PID=1122) to work on /home/airflow/.local/lib/python3.8/site-packages/airflow/example_dags/example_skip_dag.py
[2023-06-27T09:33:41.554+0000] {processor.py:826} INFO - Processing file /home/airflow/.local/lib/python3.8/site-packages/airflow/example_dags/example_skip_dag.py for tasks to queue
[2023-06-27T09:33:41.560+0000] {logging_mixin.py:149} INFO - [2023-06-27T09:33:41.560+0000] {dagbag.py:541} INFO - Filling up the DagBag from /home/airflow/.local/lib/python3.8/site-packages/airflow/example_dags/example_skip_dag.py
[2023-06-27T09:33:41.613+0000] {processor.py:836} INFO - DAG(s) dict_keys(['example_skip_dag']) retrieved from /home/airflow/.local/lib/python3.8/site-packages/airflow/example_dags/example_skip_dag.py
[2023-06-27T09:33:41.781+0000] {logging_mixin.py:149} INFO - [2023-06-27T09:33:41.781+0000] {dag.py:2726} INFO - Sync 1 DAGs
[2023-06-27T09:33:41.879+0000] {logging_mixin.py:149} INFO - [2023-06-27T09:33:41.879+0000] {dag.py:3486} INFO - Setting next_dagrun for example_skip_dag to 2023-06-26T09:33:41.878929+00:00, run_after=2023-06-27T09:33:41.878929+00:00
[2023-06-27T09:33:41.964+0000] {processor.py:179} INFO - Processing /home/airflow/.local/lib/python3.8/site-packages/airflow/example_dags/example_skip_dag.py took 0.420 seconds
[2023-06-27T09:34:12.602+0000] {processor.py:157} INFO - Started process (PID=1188) to work on /home/airflow/.local/lib/python3.8/site-packages/airflow/example_dags/example_skip_dag.py
[2023-06-27T09:34:12.606+0000] {processor.py:826} INFO - Processing file /home/airflow/.local/lib/python3.8/site-packages/airflow/example_dags/example_skip_dag.py for tasks to queue
[2023-06-27T09:34:12.608+0000] {logging_mixin.py:149} INFO - [2023-06-27T09:34:12.608+0000] {dagbag.py:541} INFO - Filling up the DagBag from /home/airflow/.local/lib/python3.8/site-packages/airflow/example_dags/example_skip_dag.py
[2023-06-27T09:34:12.628+0000] {processor.py:836} INFO - DAG(s) dict_keys(['example_skip_dag']) retrieved from /home/airflow/.local/lib/python3.8/site-packages/airflow/example_dags/example_skip_dag.py
[2023-06-27T09:34:12.841+0000] {logging_mixin.py:149} INFO - [2023-06-27T09:34:12.840+0000] {dag.py:2726} INFO - Sync 1 DAGs
[2023-06-27T09:34:12.923+0000] {logging_mixin.py:149} INFO - [2023-06-27T09:34:12.923+0000] {dag.py:3486} INFO - Setting next_dagrun for example_skip_dag to 2023-06-26T09:34:12.923236+00:00, run_after=2023-06-27T09:34:12.923236+00:00
[2023-06-27T09:34:13.036+0000] {processor.py:179} INFO - Processing /home/airflow/.local/lib/python3.8/site-packages/airflow/example_dags/example_skip_dag.py took 0.461 seconds
