[2023-06-27T00:00:26.600+0000] {processor.py:157} INFO - Started process (PID=421) to work on /home/airflow/.local/lib/python3.8/site-packages/airflow/example_dags/example_time_delta_sensor_async.py
[2023-06-27T00:00:26.668+0000] {processor.py:826} INFO - Processing file /home/airflow/.local/lib/python3.8/site-packages/airflow/example_dags/example_time_delta_sensor_async.py for tasks to queue
[2023-06-27T00:00:26.722+0000] {logging_mixin.py:149} INFO - [2023-06-27T00:00:26.721+0000] {dagbag.py:541} INFO - Filling up the DagBag from /home/airflow/.local/lib/python3.8/site-packages/airflow/example_dags/example_time_delta_sensor_async.py
[2023-06-27T00:00:27.022+0000] {processor.py:836} INFO - DAG(s) dict_keys(['example_time_delta_sensor_async']) retrieved from /home/airflow/.local/lib/python3.8/site-packages/airflow/example_dags/example_time_delta_sensor_async.py
[2023-06-27T00:00:27.694+0000] {logging_mixin.py:149} INFO - [2023-06-27T00:00:27.694+0000] {dag.py:2726} INFO - Sync 1 DAGs
[2023-06-27T00:00:28.493+0000] {logging_mixin.py:149} INFO - [2023-06-27T00:00:28.492+0000] {dag.py:3486} INFO - Setting next_dagrun for example_time_delta_sensor_async to None, run_after=None
[2023-06-27T00:00:29.109+0000] {processor.py:179} INFO - Processing /home/airflow/.local/lib/python3.8/site-packages/airflow/example_dags/example_time_delta_sensor_async.py took 2.627 seconds
[2023-06-27T00:01:29.705+0000] {processor.py:157} INFO - Started process (PID=494) to work on /home/airflow/.local/lib/python3.8/site-packages/airflow/example_dags/example_time_delta_sensor_async.py
[2023-06-27T00:01:30.084+0000] {processor.py:826} INFO - Processing file /home/airflow/.local/lib/python3.8/site-packages/airflow/example_dags/example_time_delta_sensor_async.py for tasks to queue
[2023-06-27T00:01:30.086+0000] {logging_mixin.py:149} INFO - [2023-06-27T00:01:30.085+0000] {dagbag.py:541} INFO - Filling up the DagBag from /home/airflow/.local/lib/python3.8/site-packages/airflow/example_dags/example_time_delta_sensor_async.py
[2023-06-27T00:01:31.253+0000] {processor.py:836} INFO - DAG(s) dict_keys(['example_time_delta_sensor_async']) retrieved from /home/airflow/.local/lib/python3.8/site-packages/airflow/example_dags/example_time_delta_sensor_async.py
[2023-06-27T00:01:33.106+0000] {logging_mixin.py:149} INFO - [2023-06-27T00:01:33.105+0000] {dag.py:2726} INFO - Sync 1 DAGs
[2023-06-27T00:01:35.972+0000] {logging_mixin.py:149} INFO - [2023-06-27T00:01:35.971+0000] {dag.py:3486} INFO - Setting next_dagrun for example_time_delta_sensor_async to None, run_after=None
[2023-06-27T00:01:37.231+0000] {processor.py:179} INFO - Processing /home/airflow/.local/lib/python3.8/site-packages/airflow/example_dags/example_time_delta_sensor_async.py took 7.827 seconds
[2023-06-27T00:05:28.401+0000] {processor.py:157} INFO - Started process (PID=627) to work on /home/airflow/.local/lib/python3.8/site-packages/airflow/example_dags/example_time_delta_sensor_async.py
[2023-06-27T00:05:28.530+0000] {processor.py:826} INFO - Processing file /home/airflow/.local/lib/python3.8/site-packages/airflow/example_dags/example_time_delta_sensor_async.py for tasks to queue
[2023-06-27T00:05:28.531+0000] {logging_mixin.py:149} INFO - [2023-06-27T00:05:28.530+0000] {dagbag.py:541} INFO - Filling up the DagBag from /home/airflow/.local/lib/python3.8/site-packages/airflow/example_dags/example_time_delta_sensor_async.py
[2023-06-27T00:05:28.770+0000] {processor.py:836} INFO - DAG(s) dict_keys(['example_time_delta_sensor_async']) retrieved from /home/airflow/.local/lib/python3.8/site-packages/airflow/example_dags/example_time_delta_sensor_async.py
[2023-06-27T00:05:29.826+0000] {logging_mixin.py:149} INFO - [2023-06-27T00:05:29.826+0000] {dag.py:2726} INFO - Sync 1 DAGs
[2023-06-27T00:05:30.822+0000] {logging_mixin.py:149} INFO - [2023-06-27T00:05:30.822+0000] {dag.py:3486} INFO - Setting next_dagrun for example_time_delta_sensor_async to None, run_after=None
[2023-06-27T00:05:31.679+0000] {processor.py:179} INFO - Processing /home/airflow/.local/lib/python3.8/site-packages/airflow/example_dags/example_time_delta_sensor_async.py took 3.373 seconds
[2023-06-27T01:01:31.929+0000] {processor.py:157} INFO - Started process (PID=60) to work on /home/airflow/.local/lib/python3.8/site-packages/airflow/example_dags/example_time_delta_sensor_async.py
[2023-06-27T01:01:31.967+0000] {processor.py:826} INFO - Processing file /home/airflow/.local/lib/python3.8/site-packages/airflow/example_dags/example_time_delta_sensor_async.py for tasks to queue
[2023-06-27T01:01:31.968+0000] {logging_mixin.py:149} INFO - [2023-06-27T01:01:31.968+0000] {dagbag.py:541} INFO - Filling up the DagBag from /home/airflow/.local/lib/python3.8/site-packages/airflow/example_dags/example_time_delta_sensor_async.py
[2023-06-27T01:01:32.291+0000] {processor.py:836} INFO - DAG(s) dict_keys(['example_time_delta_sensor_async']) retrieved from /home/airflow/.local/lib/python3.8/site-packages/airflow/example_dags/example_time_delta_sensor_async.py
[2023-06-27T01:01:34.433+0000] {logging_mixin.py:149} INFO - [2023-06-27T01:01:34.433+0000] {dag.py:2726} INFO - Sync 1 DAGs
[2023-06-27T01:01:36.550+0000] {logging_mixin.py:149} INFO - [2023-06-27T01:01:36.550+0000] {dag.py:3486} INFO - Setting next_dagrun for example_time_delta_sensor_async to None, run_after=None
[2023-06-27T01:01:38.176+0000] {processor.py:179} INFO - Processing /home/airflow/.local/lib/python3.8/site-packages/airflow/example_dags/example_time_delta_sensor_async.py took 6.488 seconds
[2023-06-27T01:09:27.391+0000] {processor.py:157} INFO - Started process (PID=279) to work on /home/airflow/.local/lib/python3.8/site-packages/airflow/example_dags/example_time_delta_sensor_async.py
[2023-06-27T01:09:27.743+0000] {processor.py:826} INFO - Processing file /home/airflow/.local/lib/python3.8/site-packages/airflow/example_dags/example_time_delta_sensor_async.py for tasks to queue
[2023-06-27T01:09:27.744+0000] {logging_mixin.py:149} INFO - [2023-06-27T01:09:27.744+0000] {dagbag.py:541} INFO - Filling up the DagBag from /home/airflow/.local/lib/python3.8/site-packages/airflow/example_dags/example_time_delta_sensor_async.py
[2023-06-27T01:09:30.378+0000] {processor.py:836} INFO - DAG(s) dict_keys(['example_time_delta_sensor_async']) retrieved from /home/airflow/.local/lib/python3.8/site-packages/airflow/example_dags/example_time_delta_sensor_async.py
[2023-06-27T01:09:47.361+0000] {logging_mixin.py:149} INFO - [2023-06-27T01:09:47.360+0000] {dag.py:2726} INFO - Sync 1 DAGs
[2023-06-27T01:09:55.086+0000] {logging_mixin.py:149} INFO - [2023-06-27T01:09:55.086+0000] {dag.py:3486} INFO - Setting next_dagrun for example_time_delta_sensor_async to None, run_after=None
[2023-06-27T01:10:01.972+0000] {processor.py:179} INFO - Processing /home/airflow/.local/lib/python3.8/site-packages/airflow/example_dags/example_time_delta_sensor_async.py took 35.350 seconds
[2023-06-27T01:37:38.319+0000] {processor.py:157} INFO - Started process (PID=63) to work on /home/airflow/.local/lib/python3.8/site-packages/airflow/example_dags/example_time_delta_sensor_async.py
[2023-06-27T01:37:38.325+0000] {processor.py:826} INFO - Processing file /home/airflow/.local/lib/python3.8/site-packages/airflow/example_dags/example_time_delta_sensor_async.py for tasks to queue
[2023-06-27T01:37:38.326+0000] {logging_mixin.py:149} INFO - [2023-06-27T01:37:38.326+0000] {dagbag.py:541} INFO - Filling up the DagBag from /home/airflow/.local/lib/python3.8/site-packages/airflow/example_dags/example_time_delta_sensor_async.py
[2023-06-27T01:37:38.333+0000] {processor.py:836} INFO - DAG(s) dict_keys(['example_time_delta_sensor_async']) retrieved from /home/airflow/.local/lib/python3.8/site-packages/airflow/example_dags/example_time_delta_sensor_async.py
[2023-06-27T01:37:38.398+0000] {logging_mixin.py:149} INFO - [2023-06-27T01:37:38.397+0000] {dag.py:2726} INFO - Sync 1 DAGs
[2023-06-27T01:37:38.444+0000] {logging_mixin.py:149} INFO - [2023-06-27T01:37:38.444+0000] {dag.py:3486} INFO - Setting next_dagrun for example_time_delta_sensor_async to None, run_after=None
[2023-06-27T01:37:38.504+0000] {processor.py:179} INFO - Processing /home/airflow/.local/lib/python3.8/site-packages/airflow/example_dags/example_time_delta_sensor_async.py took 0.203 seconds
[2023-06-27T01:39:19.038+0000] {processor.py:157} INFO - Started process (PID=154) to work on /home/airflow/.local/lib/python3.8/site-packages/airflow/example_dags/example_time_delta_sensor_async.py
[2023-06-27T01:39:19.118+0000] {processor.py:826} INFO - Processing file /home/airflow/.local/lib/python3.8/site-packages/airflow/example_dags/example_time_delta_sensor_async.py for tasks to queue
[2023-06-27T01:39:19.398+0000] {logging_mixin.py:149} INFO - [2023-06-27T01:39:19.398+0000] {dagbag.py:541} INFO - Filling up the DagBag from /home/airflow/.local/lib/python3.8/site-packages/airflow/example_dags/example_time_delta_sensor_async.py
[2023-06-27T01:39:20.201+0000] {processor.py:836} INFO - DAG(s) dict_keys(['example_time_delta_sensor_async']) retrieved from /home/airflow/.local/lib/python3.8/site-packages/airflow/example_dags/example_time_delta_sensor_async.py
[2023-06-27T01:39:22.266+0000] {logging_mixin.py:149} INFO - [2023-06-27T01:39:22.265+0000] {dag.py:2726} INFO - Sync 1 DAGs
[2023-06-27T01:39:24.634+0000] {logging_mixin.py:149} INFO - [2023-06-27T01:39:24.634+0000] {dag.py:3486} INFO - Setting next_dagrun for example_time_delta_sensor_async to None, run_after=None
[2023-06-27T01:39:26.697+0000] {processor.py:179} INFO - Processing /home/airflow/.local/lib/python3.8/site-packages/airflow/example_dags/example_time_delta_sensor_async.py took 7.980 seconds
[2023-06-27T01:40:34.689+0000] {processor.py:157} INFO - Started process (PID=215) to work on /home/airflow/.local/lib/python3.8/site-packages/airflow/example_dags/example_time_delta_sensor_async.py
[2023-06-27T01:40:34.698+0000] {processor.py:826} INFO - Processing file /home/airflow/.local/lib/python3.8/site-packages/airflow/example_dags/example_time_delta_sensor_async.py for tasks to queue
[2023-06-27T01:40:34.700+0000] {logging_mixin.py:149} INFO - [2023-06-27T01:40:34.699+0000] {dagbag.py:541} INFO - Filling up the DagBag from /home/airflow/.local/lib/python3.8/site-packages/airflow/example_dags/example_time_delta_sensor_async.py
[2023-06-27T01:40:34.892+0000] {processor.py:836} INFO - DAG(s) dict_keys(['example_time_delta_sensor_async']) retrieved from /home/airflow/.local/lib/python3.8/site-packages/airflow/example_dags/example_time_delta_sensor_async.py
[2023-06-27T01:40:35.663+0000] {logging_mixin.py:149} INFO - [2023-06-27T01:40:35.663+0000] {dag.py:2726} INFO - Sync 1 DAGs
[2023-06-27T01:40:36.442+0000] {logging_mixin.py:149} INFO - [2023-06-27T01:40:36.442+0000] {dag.py:3486} INFO - Setting next_dagrun for example_time_delta_sensor_async to None, run_after=None
[2023-06-27T01:40:37.077+0000] {processor.py:179} INFO - Processing /home/airflow/.local/lib/python3.8/site-packages/airflow/example_dags/example_time_delta_sensor_async.py took 2.566 seconds
[2023-06-27T01:45:36.640+0000] {processor.py:157} INFO - Started process (PID=382) to work on /home/airflow/.local/lib/python3.8/site-packages/airflow/example_dags/example_time_delta_sensor_async.py
[2023-06-27T01:45:36.681+0000] {processor.py:826} INFO - Processing file /home/airflow/.local/lib/python3.8/site-packages/airflow/example_dags/example_time_delta_sensor_async.py for tasks to queue
[2023-06-27T01:45:36.746+0000] {logging_mixin.py:149} INFO - [2023-06-27T01:45:36.745+0000] {dagbag.py:541} INFO - Filling up the DagBag from /home/airflow/.local/lib/python3.8/site-packages/airflow/example_dags/example_time_delta_sensor_async.py
[2023-06-27T01:45:37.246+0000] {processor.py:836} INFO - DAG(s) dict_keys(['example_time_delta_sensor_async']) retrieved from /home/airflow/.local/lib/python3.8/site-packages/airflow/example_dags/example_time_delta_sensor_async.py
[2023-06-27T01:45:48.444+0000] {logging_mixin.py:149} INFO - [2023-06-27T01:45:48.443+0000] {dag.py:2726} INFO - Sync 1 DAGs
[2023-06-27T01:45:49.829+0000] {logging_mixin.py:149} INFO - [2023-06-27T01:45:49.828+0000] {dag.py:3486} INFO - Setting next_dagrun for example_time_delta_sensor_async to None, run_after=None
[2023-06-27T01:45:51.212+0000] {processor.py:179} INFO - Processing /home/airflow/.local/lib/python3.8/site-packages/airflow/example_dags/example_time_delta_sensor_async.py took 14.620 seconds
[2023-06-27T02:17:13.025+0000] {processor.py:157} INFO - Started process (PID=68) to work on /home/airflow/.local/lib/python3.8/site-packages/airflow/example_dags/example_time_delta_sensor_async.py
[2023-06-27T02:17:13.145+0000] {processor.py:826} INFO - Processing file /home/airflow/.local/lib/python3.8/site-packages/airflow/example_dags/example_time_delta_sensor_async.py for tasks to queue
[2023-06-27T02:17:13.163+0000] {logging_mixin.py:149} INFO - [2023-06-27T02:17:13.163+0000] {dagbag.py:541} INFO - Filling up the DagBag from /home/airflow/.local/lib/python3.8/site-packages/airflow/example_dags/example_time_delta_sensor_async.py
[2023-06-27T02:17:13.893+0000] {processor.py:836} INFO - DAG(s) dict_keys(['example_time_delta_sensor_async']) retrieved from /home/airflow/.local/lib/python3.8/site-packages/airflow/example_dags/example_time_delta_sensor_async.py
[2023-06-27T02:17:16.196+0000] {logging_mixin.py:149} INFO - [2023-06-27T02:17:16.196+0000] {dag.py:2726} INFO - Sync 1 DAGs
[2023-06-27T02:17:18.983+0000] {logging_mixin.py:149} INFO - [2023-06-27T02:17:18.982+0000] {dag.py:3486} INFO - Setting next_dagrun for example_time_delta_sensor_async to None, run_after=None
[2023-06-27T02:17:21.725+0000] {processor.py:179} INFO - Processing /home/airflow/.local/lib/python3.8/site-packages/airflow/example_dags/example_time_delta_sensor_async.py took 9.444 seconds
[2023-06-27T02:25:25.218+0000] {processor.py:157} INFO - Started process (PID=316) to work on /home/airflow/.local/lib/python3.8/site-packages/airflow/example_dags/example_time_delta_sensor_async.py
[2023-06-27T02:25:25.336+0000] {processor.py:826} INFO - Processing file /home/airflow/.local/lib/python3.8/site-packages/airflow/example_dags/example_time_delta_sensor_async.py for tasks to queue
[2023-06-27T02:25:25.414+0000] {logging_mixin.py:149} INFO - [2023-06-27T02:25:25.414+0000] {dagbag.py:541} INFO - Filling up the DagBag from /home/airflow/.local/lib/python3.8/site-packages/airflow/example_dags/example_time_delta_sensor_async.py
[2023-06-27T02:25:25.649+0000] {processor.py:836} INFO - DAG(s) dict_keys(['example_time_delta_sensor_async']) retrieved from /home/airflow/.local/lib/python3.8/site-packages/airflow/example_dags/example_time_delta_sensor_async.py
[2023-06-27T02:25:54.937+0000] {logging_mixin.py:149} INFO - [2023-06-27T02:25:54.849+0000] {dag.py:2726} INFO - Sync 1 DAGs
[2023-06-27T02:26:01.615+0000] {logging_mixin.py:149} INFO - [2023-06-27T02:26:01.612+0000] {dag.py:3486} INFO - Setting next_dagrun for example_time_delta_sensor_async to None, run_after=None
[2023-06-27T02:26:01.966+0000] {processor.py:179} INFO - Processing /home/airflow/.local/lib/python3.8/site-packages/airflow/example_dags/example_time_delta_sensor_async.py took 36.784 seconds
[2023-06-27T06:15:42.589+0000] {processor.py:157} INFO - Started process (PID=317) to work on /home/airflow/.local/lib/python3.8/site-packages/airflow/example_dags/example_time_delta_sensor_async.py
[2023-06-27T06:15:42.797+0000] {processor.py:826} INFO - Processing file /home/airflow/.local/lib/python3.8/site-packages/airflow/example_dags/example_time_delta_sensor_async.py for tasks to queue
[2023-06-27T06:15:42.798+0000] {logging_mixin.py:149} INFO - [2023-06-27T06:15:42.798+0000] {dagbag.py:541} INFO - Filling up the DagBag from /home/airflow/.local/lib/python3.8/site-packages/airflow/example_dags/example_time_delta_sensor_async.py
[2023-06-27T06:15:43.190+0000] {processor.py:836} INFO - DAG(s) dict_keys(['example_time_delta_sensor_async']) retrieved from /home/airflow/.local/lib/python3.8/site-packages/airflow/example_dags/example_time_delta_sensor_async.py
[2023-06-27T06:15:44.259+0000] {logging_mixin.py:149} INFO - [2023-06-27T06:15:44.259+0000] {dag.py:2726} INFO - Sync 1 DAGs
[2023-06-27T06:15:45.106+0000] {logging_mixin.py:149} INFO - [2023-06-27T06:15:45.106+0000] {dag.py:3486} INFO - Setting next_dagrun for example_time_delta_sensor_async to None, run_after=None
[2023-06-27T06:15:45.925+0000] {processor.py:179} INFO - Processing /home/airflow/.local/lib/python3.8/site-packages/airflow/example_dags/example_time_delta_sensor_async.py took 3.570 seconds
[2023-06-27T08:56:17.774+0000] {processor.py:157} INFO - Started process (PID=509) to work on /home/airflow/.local/lib/python3.8/site-packages/airflow/example_dags/example_time_delta_sensor_async.py
[2023-06-27T08:56:17.976+0000] {processor.py:826} INFO - Processing file /home/airflow/.local/lib/python3.8/site-packages/airflow/example_dags/example_time_delta_sensor_async.py for tasks to queue
[2023-06-27T08:56:17.977+0000] {logging_mixin.py:149} INFO - [2023-06-27T08:56:17.977+0000] {dagbag.py:541} INFO - Filling up the DagBag from /home/airflow/.local/lib/python3.8/site-packages/airflow/example_dags/example_time_delta_sensor_async.py
[2023-06-27T08:56:18.021+0000] {processor.py:836} INFO - DAG(s) dict_keys(['example_time_delta_sensor_async']) retrieved from /home/airflow/.local/lib/python3.8/site-packages/airflow/example_dags/example_time_delta_sensor_async.py
[2023-06-27T08:56:18.140+0000] {logging_mixin.py:149} INFO - [2023-06-27T08:56:18.140+0000] {dag.py:2726} INFO - Sync 1 DAGs
[2023-06-27T08:56:18.173+0000] {logging_mixin.py:149} INFO - [2023-06-27T08:56:18.173+0000] {dag.py:3486} INFO - Setting next_dagrun for example_time_delta_sensor_async to None, run_after=None
[2023-06-27T08:56:18.242+0000] {processor.py:179} INFO - Processing /home/airflow/.local/lib/python3.8/site-packages/airflow/example_dags/example_time_delta_sensor_async.py took 0.484 seconds
[2023-06-27T08:56:45.795+0000] {processor.py:157} INFO - Started process (PID=561) to work on /home/airflow/.local/lib/python3.8/site-packages/airflow/example_dags/example_time_delta_sensor_async.py
[2023-06-27T08:56:45.796+0000] {processor.py:826} INFO - Processing file /home/airflow/.local/lib/python3.8/site-packages/airflow/example_dags/example_time_delta_sensor_async.py for tasks to queue
[2023-06-27T08:56:45.797+0000] {logging_mixin.py:149} INFO - [2023-06-27T08:56:45.797+0000] {dagbag.py:541} INFO - Filling up the DagBag from /home/airflow/.local/lib/python3.8/site-packages/airflow/example_dags/example_time_delta_sensor_async.py
[2023-06-27T08:56:45.805+0000] {processor.py:836} INFO - DAG(s) dict_keys(['example_time_delta_sensor_async']) retrieved from /home/airflow/.local/lib/python3.8/site-packages/airflow/example_dags/example_time_delta_sensor_async.py
[2023-06-27T08:56:45.860+0000] {logging_mixin.py:149} INFO - [2023-06-27T08:56:45.860+0000] {dag.py:2726} INFO - Sync 1 DAGs
[2023-06-27T08:56:45.900+0000] {logging_mixin.py:149} INFO - [2023-06-27T08:56:45.900+0000] {dag.py:3486} INFO - Setting next_dagrun for example_time_delta_sensor_async to None, run_after=None
[2023-06-27T08:56:45.975+0000] {processor.py:179} INFO - Processing /home/airflow/.local/lib/python3.8/site-packages/airflow/example_dags/example_time_delta_sensor_async.py took 0.185 seconds
[2023-06-27T09:00:08.368+0000] {processor.py:157} INFO - Started process (PID=706) to work on /home/airflow/.local/lib/python3.8/site-packages/airflow/example_dags/example_time_delta_sensor_async.py
[2023-06-27T09:00:08.450+0000] {processor.py:826} INFO - Processing file /home/airflow/.local/lib/python3.8/site-packages/airflow/example_dags/example_time_delta_sensor_async.py for tasks to queue
[2023-06-27T09:00:08.452+0000] {logging_mixin.py:149} INFO - [2023-06-27T09:00:08.452+0000] {dagbag.py:541} INFO - Filling up the DagBag from /home/airflow/.local/lib/python3.8/site-packages/airflow/example_dags/example_time_delta_sensor_async.py
[2023-06-27T09:00:08.648+0000] {processor.py:836} INFO - DAG(s) dict_keys(['example_time_delta_sensor_async']) retrieved from /home/airflow/.local/lib/python3.8/site-packages/airflow/example_dags/example_time_delta_sensor_async.py
[2023-06-27T09:00:09.419+0000] {logging_mixin.py:149} INFO - [2023-06-27T09:00:09.417+0000] {dag.py:2726} INFO - Sync 1 DAGs
[2023-06-27T09:00:10.294+0000] {logging_mixin.py:149} INFO - [2023-06-27T09:00:10.294+0000] {dag.py:3486} INFO - Setting next_dagrun for example_time_delta_sensor_async to None, run_after=None
[2023-06-27T09:00:11.038+0000] {processor.py:179} INFO - Processing /home/airflow/.local/lib/python3.8/site-packages/airflow/example_dags/example_time_delta_sensor_async.py took 2.767 seconds
[2023-06-27T09:20:43.433+0000] {processor.py:157} INFO - Started process (PID=62) to work on /home/airflow/.local/lib/python3.8/site-packages/airflow/example_dags/example_time_delta_sensor_async.py
[2023-06-27T09:20:43.487+0000] {processor.py:826} INFO - Processing file /home/airflow/.local/lib/python3.8/site-packages/airflow/example_dags/example_time_delta_sensor_async.py for tasks to queue
[2023-06-27T09:20:43.491+0000] {logging_mixin.py:149} INFO - [2023-06-27T09:20:43.491+0000] {dagbag.py:541} INFO - Filling up the DagBag from /home/airflow/.local/lib/python3.8/site-packages/airflow/example_dags/example_time_delta_sensor_async.py
[2023-06-27T09:20:43.537+0000] {processor.py:836} INFO - DAG(s) dict_keys(['example_time_delta_sensor_async']) retrieved from /home/airflow/.local/lib/python3.8/site-packages/airflow/example_dags/example_time_delta_sensor_async.py
[2023-06-27T09:20:43.730+0000] {logging_mixin.py:149} INFO - [2023-06-27T09:20:43.729+0000] {dag.py:2726} INFO - Sync 1 DAGs
[2023-06-27T09:20:43.873+0000] {logging_mixin.py:149} INFO - [2023-06-27T09:20:43.871+0000] {dag.py:3486} INFO - Setting next_dagrun for example_time_delta_sensor_async to None, run_after=None
[2023-06-27T09:20:43.986+0000] {processor.py:179} INFO - Processing /home/airflow/.local/lib/python3.8/site-packages/airflow/example_dags/example_time_delta_sensor_async.py took 0.597 seconds
[2023-06-27T09:21:14.481+0000] {processor.py:157} INFO - Started process (PID=129) to work on /home/airflow/.local/lib/python3.8/site-packages/airflow/example_dags/example_time_delta_sensor_async.py
[2023-06-27T09:21:14.487+0000] {processor.py:826} INFO - Processing file /home/airflow/.local/lib/python3.8/site-packages/airflow/example_dags/example_time_delta_sensor_async.py for tasks to queue
[2023-06-27T09:21:14.489+0000] {logging_mixin.py:149} INFO - [2023-06-27T09:21:14.488+0000] {dagbag.py:541} INFO - Filling up the DagBag from /home/airflow/.local/lib/python3.8/site-packages/airflow/example_dags/example_time_delta_sensor_async.py
[2023-06-27T09:21:14.512+0000] {processor.py:836} INFO - DAG(s) dict_keys(['example_time_delta_sensor_async']) retrieved from /home/airflow/.local/lib/python3.8/site-packages/airflow/example_dags/example_time_delta_sensor_async.py
[2023-06-27T09:21:14.607+0000] {logging_mixin.py:149} INFO - [2023-06-27T09:21:14.607+0000] {dag.py:2726} INFO - Sync 1 DAGs
[2023-06-27T09:21:14.703+0000] {logging_mixin.py:149} INFO - [2023-06-27T09:21:14.703+0000] {dag.py:3486} INFO - Setting next_dagrun for example_time_delta_sensor_async to None, run_after=None
[2023-06-27T09:21:14.782+0000] {processor.py:179} INFO - Processing /home/airflow/.local/lib/python3.8/site-packages/airflow/example_dags/example_time_delta_sensor_async.py took 0.322 seconds
[2023-06-27T09:21:44.908+0000] {processor.py:157} INFO - Started process (PID=188) to work on /home/airflow/.local/lib/python3.8/site-packages/airflow/example_dags/example_time_delta_sensor_async.py
[2023-06-27T09:21:44.910+0000] {processor.py:826} INFO - Processing file /home/airflow/.local/lib/python3.8/site-packages/airflow/example_dags/example_time_delta_sensor_async.py for tasks to queue
[2023-06-27T09:21:44.920+0000] {logging_mixin.py:149} INFO - [2023-06-27T09:21:44.919+0000] {dagbag.py:541} INFO - Filling up the DagBag from /home/airflow/.local/lib/python3.8/site-packages/airflow/example_dags/example_time_delta_sensor_async.py
[2023-06-27T09:21:44.944+0000] {processor.py:836} INFO - DAG(s) dict_keys(['example_time_delta_sensor_async']) retrieved from /home/airflow/.local/lib/python3.8/site-packages/airflow/example_dags/example_time_delta_sensor_async.py
[2023-06-27T09:21:45.020+0000] {logging_mixin.py:149} INFO - [2023-06-27T09:21:45.019+0000] {dag.py:2726} INFO - Sync 1 DAGs
[2023-06-27T09:21:45.104+0000] {logging_mixin.py:149} INFO - [2023-06-27T09:21:45.103+0000] {dag.py:3486} INFO - Setting next_dagrun for example_time_delta_sensor_async to None, run_after=None
[2023-06-27T09:21:45.169+0000] {processor.py:179} INFO - Processing /home/airflow/.local/lib/python3.8/site-packages/airflow/example_dags/example_time_delta_sensor_async.py took 0.276 seconds
[2023-06-27T09:22:15.640+0000] {processor.py:157} INFO - Started process (PID=263) to work on /home/airflow/.local/lib/python3.8/site-packages/airflow/example_dags/example_time_delta_sensor_async.py
[2023-06-27T09:22:15.642+0000] {processor.py:826} INFO - Processing file /home/airflow/.local/lib/python3.8/site-packages/airflow/example_dags/example_time_delta_sensor_async.py for tasks to queue
[2023-06-27T09:22:15.644+0000] {logging_mixin.py:149} INFO - [2023-06-27T09:22:15.644+0000] {dagbag.py:541} INFO - Filling up the DagBag from /home/airflow/.local/lib/python3.8/site-packages/airflow/example_dags/example_time_delta_sensor_async.py
[2023-06-27T09:22:15.651+0000] {processor.py:836} INFO - DAG(s) dict_keys(['example_time_delta_sensor_async']) retrieved from /home/airflow/.local/lib/python3.8/site-packages/airflow/example_dags/example_time_delta_sensor_async.py
[2023-06-27T09:22:15.722+0000] {logging_mixin.py:149} INFO - [2023-06-27T09:22:15.721+0000] {dag.py:2726} INFO - Sync 1 DAGs
[2023-06-27T09:22:15.761+0000] {logging_mixin.py:149} INFO - [2023-06-27T09:22:15.761+0000] {dag.py:3486} INFO - Setting next_dagrun for example_time_delta_sensor_async to None, run_after=None
[2023-06-27T09:22:15.831+0000] {processor.py:179} INFO - Processing /home/airflow/.local/lib/python3.8/site-packages/airflow/example_dags/example_time_delta_sensor_async.py took 0.196 seconds
[2023-06-27T09:22:46.336+0000] {processor.py:157} INFO - Started process (PID=323) to work on /home/airflow/.local/lib/python3.8/site-packages/airflow/example_dags/example_time_delta_sensor_async.py
[2023-06-27T09:22:46.337+0000] {processor.py:826} INFO - Processing file /home/airflow/.local/lib/python3.8/site-packages/airflow/example_dags/example_time_delta_sensor_async.py for tasks to queue
[2023-06-27T09:22:46.343+0000] {logging_mixin.py:149} INFO - [2023-06-27T09:22:46.343+0000] {dagbag.py:541} INFO - Filling up the DagBag from /home/airflow/.local/lib/python3.8/site-packages/airflow/example_dags/example_time_delta_sensor_async.py
[2023-06-27T09:22:46.353+0000] {processor.py:836} INFO - DAG(s) dict_keys(['example_time_delta_sensor_async']) retrieved from /home/airflow/.local/lib/python3.8/site-packages/airflow/example_dags/example_time_delta_sensor_async.py
[2023-06-27T09:22:46.419+0000] {logging_mixin.py:149} INFO - [2023-06-27T09:22:46.419+0000] {dag.py:2726} INFO - Sync 1 DAGs
[2023-06-27T09:22:46.476+0000] {logging_mixin.py:149} INFO - [2023-06-27T09:22:46.476+0000] {dag.py:3486} INFO - Setting next_dagrun for example_time_delta_sensor_async to None, run_after=None
[2023-06-27T09:22:46.498+0000] {processor.py:179} INFO - Processing /home/airflow/.local/lib/python3.8/site-packages/airflow/example_dags/example_time_delta_sensor_async.py took 0.171 seconds
[2023-06-27T09:23:17.095+0000] {processor.py:157} INFO - Started process (PID=390) to work on /home/airflow/.local/lib/python3.8/site-packages/airflow/example_dags/example_time_delta_sensor_async.py
[2023-06-27T09:23:17.099+0000] {processor.py:826} INFO - Processing file /home/airflow/.local/lib/python3.8/site-packages/airflow/example_dags/example_time_delta_sensor_async.py for tasks to queue
[2023-06-27T09:23:17.101+0000] {logging_mixin.py:149} INFO - [2023-06-27T09:23:17.101+0000] {dagbag.py:541} INFO - Filling up the DagBag from /home/airflow/.local/lib/python3.8/site-packages/airflow/example_dags/example_time_delta_sensor_async.py
[2023-06-27T09:23:17.135+0000] {processor.py:836} INFO - DAG(s) dict_keys(['example_time_delta_sensor_async']) retrieved from /home/airflow/.local/lib/python3.8/site-packages/airflow/example_dags/example_time_delta_sensor_async.py
[2023-06-27T09:23:17.234+0000] {logging_mixin.py:149} INFO - [2023-06-27T09:23:17.233+0000] {dag.py:2726} INFO - Sync 1 DAGs
[2023-06-27T09:23:17.323+0000] {logging_mixin.py:149} INFO - [2023-06-27T09:23:17.323+0000] {dag.py:3486} INFO - Setting next_dagrun for example_time_delta_sensor_async to None, run_after=None
[2023-06-27T09:23:17.416+0000] {processor.py:179} INFO - Processing /home/airflow/.local/lib/python3.8/site-packages/airflow/example_dags/example_time_delta_sensor_async.py took 0.363 seconds
[2023-06-27T09:23:48.106+0000] {processor.py:157} INFO - Started process (PID=456) to work on /home/airflow/.local/lib/python3.8/site-packages/airflow/example_dags/example_time_delta_sensor_async.py
[2023-06-27T09:23:48.111+0000] {processor.py:826} INFO - Processing file /home/airflow/.local/lib/python3.8/site-packages/airflow/example_dags/example_time_delta_sensor_async.py for tasks to queue
[2023-06-27T09:23:48.113+0000] {logging_mixin.py:149} INFO - [2023-06-27T09:23:48.113+0000] {dagbag.py:541} INFO - Filling up the DagBag from /home/airflow/.local/lib/python3.8/site-packages/airflow/example_dags/example_time_delta_sensor_async.py
[2023-06-27T09:23:48.140+0000] {processor.py:836} INFO - DAG(s) dict_keys(['example_time_delta_sensor_async']) retrieved from /home/airflow/.local/lib/python3.8/site-packages/airflow/example_dags/example_time_delta_sensor_async.py
[2023-06-27T09:23:48.259+0000] {logging_mixin.py:149} INFO - [2023-06-27T09:23:48.259+0000] {dag.py:2726} INFO - Sync 1 DAGs
[2023-06-27T09:23:48.394+0000] {logging_mixin.py:149} INFO - [2023-06-27T09:23:48.394+0000] {dag.py:3486} INFO - Setting next_dagrun for example_time_delta_sensor_async to None, run_after=None
[2023-06-27T09:23:48.573+0000] {processor.py:179} INFO - Processing /home/airflow/.local/lib/python3.8/site-packages/airflow/example_dags/example_time_delta_sensor_async.py took 0.481 seconds
[2023-06-27T09:25:50.244+0000] {processor.py:157} INFO - Started process (PID=60) to work on /home/airflow/.local/lib/python3.8/site-packages/airflow/example_dags/example_time_delta_sensor_async.py
[2023-06-27T09:25:50.251+0000] {processor.py:826} INFO - Processing file /home/airflow/.local/lib/python3.8/site-packages/airflow/example_dags/example_time_delta_sensor_async.py for tasks to queue
[2023-06-27T09:25:50.251+0000] {logging_mixin.py:149} INFO - [2023-06-27T09:25:50.251+0000] {dagbag.py:541} INFO - Filling up the DagBag from /home/airflow/.local/lib/python3.8/site-packages/airflow/example_dags/example_time_delta_sensor_async.py
[2023-06-27T09:25:50.295+0000] {processor.py:836} INFO - DAG(s) dict_keys(['example_time_delta_sensor_async']) retrieved from /home/airflow/.local/lib/python3.8/site-packages/airflow/example_dags/example_time_delta_sensor_async.py
[2023-06-27T09:25:50.432+0000] {logging_mixin.py:149} INFO - [2023-06-27T09:25:50.432+0000] {dag.py:2726} INFO - Sync 1 DAGs
[2023-06-27T09:25:50.531+0000] {logging_mixin.py:149} INFO - [2023-06-27T09:25:50.531+0000] {dag.py:3486} INFO - Setting next_dagrun for example_time_delta_sensor_async to None, run_after=None
[2023-06-27T09:25:50.656+0000] {processor.py:179} INFO - Processing /home/airflow/.local/lib/python3.8/site-packages/airflow/example_dags/example_time_delta_sensor_async.py took 0.444 seconds
[2023-06-27T09:26:20.734+0000] {processor.py:157} INFO - Started process (PID=123) to work on /home/airflow/.local/lib/python3.8/site-packages/airflow/example_dags/example_time_delta_sensor_async.py
[2023-06-27T09:26:20.751+0000] {processor.py:826} INFO - Processing file /home/airflow/.local/lib/python3.8/site-packages/airflow/example_dags/example_time_delta_sensor_async.py for tasks to queue
[2023-06-27T09:26:20.753+0000] {logging_mixin.py:149} INFO - [2023-06-27T09:26:20.753+0000] {dagbag.py:541} INFO - Filling up the DagBag from /home/airflow/.local/lib/python3.8/site-packages/airflow/example_dags/example_time_delta_sensor_async.py
[2023-06-27T09:26:20.776+0000] {processor.py:836} INFO - DAG(s) dict_keys(['example_time_delta_sensor_async']) retrieved from /home/airflow/.local/lib/python3.8/site-packages/airflow/example_dags/example_time_delta_sensor_async.py
[2023-06-27T09:26:20.861+0000] {logging_mixin.py:149} INFO - [2023-06-27T09:26:20.860+0000] {dag.py:2726} INFO - Sync 1 DAGs
[2023-06-27T09:26:20.931+0000] {logging_mixin.py:149} INFO - [2023-06-27T09:26:20.931+0000] {dag.py:3486} INFO - Setting next_dagrun for example_time_delta_sensor_async to None, run_after=None
[2023-06-27T09:26:20.970+0000] {processor.py:179} INFO - Processing /home/airflow/.local/lib/python3.8/site-packages/airflow/example_dags/example_time_delta_sensor_async.py took 0.256 seconds
[2023-06-27T09:26:51.897+0000] {processor.py:157} INFO - Started process (PID=191) to work on /home/airflow/.local/lib/python3.8/site-packages/airflow/example_dags/example_time_delta_sensor_async.py
[2023-06-27T09:26:51.901+0000] {processor.py:826} INFO - Processing file /home/airflow/.local/lib/python3.8/site-packages/airflow/example_dags/example_time_delta_sensor_async.py for tasks to queue
[2023-06-27T09:26:51.903+0000] {logging_mixin.py:149} INFO - [2023-06-27T09:26:51.903+0000] {dagbag.py:541} INFO - Filling up the DagBag from /home/airflow/.local/lib/python3.8/site-packages/airflow/example_dags/example_time_delta_sensor_async.py
[2023-06-27T09:26:51.909+0000] {processor.py:836} INFO - DAG(s) dict_keys(['example_time_delta_sensor_async']) retrieved from /home/airflow/.local/lib/python3.8/site-packages/airflow/example_dags/example_time_delta_sensor_async.py
[2023-06-27T09:26:51.939+0000] {logging_mixin.py:149} INFO - [2023-06-27T09:26:51.938+0000] {dag.py:2726} INFO - Sync 1 DAGs
[2023-06-27T09:26:51.967+0000] {logging_mixin.py:149} INFO - [2023-06-27T09:26:51.967+0000] {dag.py:3486} INFO - Setting next_dagrun for example_time_delta_sensor_async to None, run_after=None
[2023-06-27T09:26:51.991+0000] {processor.py:179} INFO - Processing /home/airflow/.local/lib/python3.8/site-packages/airflow/example_dags/example_time_delta_sensor_async.py took 0.111 seconds
[2023-06-27T09:27:22.071+0000] {processor.py:157} INFO - Started process (PID=255) to work on /home/airflow/.local/lib/python3.8/site-packages/airflow/example_dags/example_time_delta_sensor_async.py
[2023-06-27T09:27:22.072+0000] {processor.py:826} INFO - Processing file /home/airflow/.local/lib/python3.8/site-packages/airflow/example_dags/example_time_delta_sensor_async.py for tasks to queue
[2023-06-27T09:27:22.074+0000] {logging_mixin.py:149} INFO - [2023-06-27T09:27:22.073+0000] {dagbag.py:541} INFO - Filling up the DagBag from /home/airflow/.local/lib/python3.8/site-packages/airflow/example_dags/example_time_delta_sensor_async.py
[2023-06-27T09:27:22.079+0000] {processor.py:836} INFO - DAG(s) dict_keys(['example_time_delta_sensor_async']) retrieved from /home/airflow/.local/lib/python3.8/site-packages/airflow/example_dags/example_time_delta_sensor_async.py
[2023-06-27T09:27:22.109+0000] {logging_mixin.py:149} INFO - [2023-06-27T09:27:22.109+0000] {dag.py:2726} INFO - Sync 1 DAGs
[2023-06-27T09:27:22.137+0000] {logging_mixin.py:149} INFO - [2023-06-27T09:27:22.137+0000] {dag.py:3486} INFO - Setting next_dagrun for example_time_delta_sensor_async to None, run_after=None
[2023-06-27T09:27:22.159+0000] {processor.py:179} INFO - Processing /home/airflow/.local/lib/python3.8/site-packages/airflow/example_dags/example_time_delta_sensor_async.py took 0.095 seconds
[2023-06-27T09:27:53.006+0000] {processor.py:157} INFO - Started process (PID=321) to work on /home/airflow/.local/lib/python3.8/site-packages/airflow/example_dags/example_time_delta_sensor_async.py
[2023-06-27T09:27:53.008+0000] {processor.py:826} INFO - Processing file /home/airflow/.local/lib/python3.8/site-packages/airflow/example_dags/example_time_delta_sensor_async.py for tasks to queue
[2023-06-27T09:27:53.010+0000] {logging_mixin.py:149} INFO - [2023-06-27T09:27:53.010+0000] {dagbag.py:541} INFO - Filling up the DagBag from /home/airflow/.local/lib/python3.8/site-packages/airflow/example_dags/example_time_delta_sensor_async.py
[2023-06-27T09:27:53.015+0000] {processor.py:836} INFO - DAG(s) dict_keys(['example_time_delta_sensor_async']) retrieved from /home/airflow/.local/lib/python3.8/site-packages/airflow/example_dags/example_time_delta_sensor_async.py
[2023-06-27T09:27:53.045+0000] {logging_mixin.py:149} INFO - [2023-06-27T09:27:53.045+0000] {dag.py:2726} INFO - Sync 1 DAGs
[2023-06-27T09:27:53.075+0000] {logging_mixin.py:149} INFO - [2023-06-27T09:27:53.074+0000] {dag.py:3486} INFO - Setting next_dagrun for example_time_delta_sensor_async to None, run_after=None
[2023-06-27T09:27:53.098+0000] {processor.py:179} INFO - Processing /home/airflow/.local/lib/python3.8/site-packages/airflow/example_dags/example_time_delta_sensor_async.py took 0.109 seconds
[2023-06-27T09:28:23.237+0000] {processor.py:157} INFO - Started process (PID=397) to work on /home/airflow/.local/lib/python3.8/site-packages/airflow/example_dags/example_time_delta_sensor_async.py
[2023-06-27T09:28:23.241+0000] {processor.py:826} INFO - Processing file /home/airflow/.local/lib/python3.8/site-packages/airflow/example_dags/example_time_delta_sensor_async.py for tasks to queue
[2023-06-27T09:28:23.243+0000] {logging_mixin.py:149} INFO - [2023-06-27T09:28:23.243+0000] {dagbag.py:541} INFO - Filling up the DagBag from /home/airflow/.local/lib/python3.8/site-packages/airflow/example_dags/example_time_delta_sensor_async.py
[2023-06-27T09:28:23.252+0000] {processor.py:836} INFO - DAG(s) dict_keys(['example_time_delta_sensor_async']) retrieved from /home/airflow/.local/lib/python3.8/site-packages/airflow/example_dags/example_time_delta_sensor_async.py
[2023-06-27T09:28:23.313+0000] {logging_mixin.py:149} INFO - [2023-06-27T09:28:23.312+0000] {dag.py:2726} INFO - Sync 1 DAGs
[2023-06-27T09:28:23.364+0000] {logging_mixin.py:149} INFO - [2023-06-27T09:28:23.364+0000] {dag.py:3486} INFO - Setting next_dagrun for example_time_delta_sensor_async to None, run_after=None
[2023-06-27T09:28:23.386+0000] {processor.py:179} INFO - Processing /home/airflow/.local/lib/python3.8/site-packages/airflow/example_dags/example_time_delta_sensor_async.py took 0.159 seconds
[2023-06-27T09:28:53.607+0000] {processor.py:157} INFO - Started process (PID=463) to work on /home/airflow/.local/lib/python3.8/site-packages/airflow/example_dags/example_time_delta_sensor_async.py
[2023-06-27T09:28:53.608+0000] {processor.py:826} INFO - Processing file /home/airflow/.local/lib/python3.8/site-packages/airflow/example_dags/example_time_delta_sensor_async.py for tasks to queue
[2023-06-27T09:28:53.610+0000] {logging_mixin.py:149} INFO - [2023-06-27T09:28:53.610+0000] {dagbag.py:541} INFO - Filling up the DagBag from /home/airflow/.local/lib/python3.8/site-packages/airflow/example_dags/example_time_delta_sensor_async.py
[2023-06-27T09:28:53.616+0000] {processor.py:836} INFO - DAG(s) dict_keys(['example_time_delta_sensor_async']) retrieved from /home/airflow/.local/lib/python3.8/site-packages/airflow/example_dags/example_time_delta_sensor_async.py
[2023-06-27T09:28:53.648+0000] {logging_mixin.py:149} INFO - [2023-06-27T09:28:53.648+0000] {dag.py:2726} INFO - Sync 1 DAGs
[2023-06-27T09:28:53.677+0000] {logging_mixin.py:149} INFO - [2023-06-27T09:28:53.677+0000] {dag.py:3486} INFO - Setting next_dagrun for example_time_delta_sensor_async to None, run_after=None
[2023-06-27T09:28:53.699+0000] {processor.py:179} INFO - Processing /home/airflow/.local/lib/python3.8/site-packages/airflow/example_dags/example_time_delta_sensor_async.py took 0.097 seconds
[2023-06-27T09:29:24.292+0000] {processor.py:157} INFO - Started process (PID=531) to work on /home/airflow/.local/lib/python3.8/site-packages/airflow/example_dags/example_time_delta_sensor_async.py
[2023-06-27T09:29:24.295+0000] {processor.py:826} INFO - Processing file /home/airflow/.local/lib/python3.8/site-packages/airflow/example_dags/example_time_delta_sensor_async.py for tasks to queue
[2023-06-27T09:29:24.297+0000] {logging_mixin.py:149} INFO - [2023-06-27T09:29:24.297+0000] {dagbag.py:541} INFO - Filling up the DagBag from /home/airflow/.local/lib/python3.8/site-packages/airflow/example_dags/example_time_delta_sensor_async.py
[2023-06-27T09:29:24.318+0000] {processor.py:836} INFO - DAG(s) dict_keys(['example_time_delta_sensor_async']) retrieved from /home/airflow/.local/lib/python3.8/site-packages/airflow/example_dags/example_time_delta_sensor_async.py
[2023-06-27T09:29:24.362+0000] {logging_mixin.py:149} INFO - [2023-06-27T09:29:24.362+0000] {dag.py:2726} INFO - Sync 1 DAGs
[2023-06-27T09:29:24.417+0000] {logging_mixin.py:149} INFO - [2023-06-27T09:29:24.417+0000] {dag.py:3486} INFO - Setting next_dagrun for example_time_delta_sensor_async to None, run_after=None
[2023-06-27T09:29:24.441+0000] {processor.py:179} INFO - Processing /home/airflow/.local/lib/python3.8/site-packages/airflow/example_dags/example_time_delta_sensor_async.py took 0.155 seconds
[2023-06-27T09:29:54.894+0000] {processor.py:157} INFO - Started process (PID=598) to work on /home/airflow/.local/lib/python3.8/site-packages/airflow/example_dags/example_time_delta_sensor_async.py
[2023-06-27T09:29:54.904+0000] {processor.py:826} INFO - Processing file /home/airflow/.local/lib/python3.8/site-packages/airflow/example_dags/example_time_delta_sensor_async.py for tasks to queue
[2023-06-27T09:29:54.906+0000] {logging_mixin.py:149} INFO - [2023-06-27T09:29:54.905+0000] {dagbag.py:541} INFO - Filling up the DagBag from /home/airflow/.local/lib/python3.8/site-packages/airflow/example_dags/example_time_delta_sensor_async.py
[2023-06-27T09:29:54.911+0000] {processor.py:836} INFO - DAG(s) dict_keys(['example_time_delta_sensor_async']) retrieved from /home/airflow/.local/lib/python3.8/site-packages/airflow/example_dags/example_time_delta_sensor_async.py
[2023-06-27T09:29:54.939+0000] {logging_mixin.py:149} INFO - [2023-06-27T09:29:54.939+0000] {dag.py:2726} INFO - Sync 1 DAGs
[2023-06-27T09:29:54.966+0000] {logging_mixin.py:149} INFO - [2023-06-27T09:29:54.966+0000] {dag.py:3486} INFO - Setting next_dagrun for example_time_delta_sensor_async to None, run_after=None
[2023-06-27T09:29:54.987+0000] {processor.py:179} INFO - Processing /home/airflow/.local/lib/python3.8/site-packages/airflow/example_dags/example_time_delta_sensor_async.py took 0.097 seconds
[2023-06-27T09:30:25.391+0000] {processor.py:157} INFO - Started process (PID=678) to work on /home/airflow/.local/lib/python3.8/site-packages/airflow/example_dags/example_time_delta_sensor_async.py
[2023-06-27T09:30:25.392+0000] {processor.py:826} INFO - Processing file /home/airflow/.local/lib/python3.8/site-packages/airflow/example_dags/example_time_delta_sensor_async.py for tasks to queue
[2023-06-27T09:30:25.394+0000] {logging_mixin.py:149} INFO - [2023-06-27T09:30:25.393+0000] {dagbag.py:541} INFO - Filling up the DagBag from /home/airflow/.local/lib/python3.8/site-packages/airflow/example_dags/example_time_delta_sensor_async.py
[2023-06-27T09:30:25.399+0000] {processor.py:836} INFO - DAG(s) dict_keys(['example_time_delta_sensor_async']) retrieved from /home/airflow/.local/lib/python3.8/site-packages/airflow/example_dags/example_time_delta_sensor_async.py
[2023-06-27T09:30:25.429+0000] {logging_mixin.py:149} INFO - [2023-06-27T09:30:25.428+0000] {dag.py:2726} INFO - Sync 1 DAGs
[2023-06-27T09:30:25.455+0000] {logging_mixin.py:149} INFO - [2023-06-27T09:30:25.455+0000] {dag.py:3486} INFO - Setting next_dagrun for example_time_delta_sensor_async to None, run_after=None
[2023-06-27T09:30:25.477+0000] {processor.py:179} INFO - Processing /home/airflow/.local/lib/python3.8/site-packages/airflow/example_dags/example_time_delta_sensor_async.py took 0.090 seconds
[2023-06-27T09:30:56.408+0000] {processor.py:157} INFO - Started process (PID=747) to work on /home/airflow/.local/lib/python3.8/site-packages/airflow/example_dags/example_time_delta_sensor_async.py
[2023-06-27T09:30:56.415+0000] {processor.py:826} INFO - Processing file /home/airflow/.local/lib/python3.8/site-packages/airflow/example_dags/example_time_delta_sensor_async.py for tasks to queue
[2023-06-27T09:30:56.416+0000] {logging_mixin.py:149} INFO - [2023-06-27T09:30:56.416+0000] {dagbag.py:541} INFO - Filling up the DagBag from /home/airflow/.local/lib/python3.8/site-packages/airflow/example_dags/example_time_delta_sensor_async.py
[2023-06-27T09:30:56.425+0000] {processor.py:836} INFO - DAG(s) dict_keys(['example_time_delta_sensor_async']) retrieved from /home/airflow/.local/lib/python3.8/site-packages/airflow/example_dags/example_time_delta_sensor_async.py
[2023-06-27T09:30:56.493+0000] {logging_mixin.py:149} INFO - [2023-06-27T09:30:56.493+0000] {dag.py:2726} INFO - Sync 1 DAGs
[2023-06-27T09:30:56.525+0000] {logging_mixin.py:149} INFO - [2023-06-27T09:30:56.525+0000] {dag.py:3486} INFO - Setting next_dagrun for example_time_delta_sensor_async to None, run_after=None
[2023-06-27T09:30:56.553+0000] {processor.py:179} INFO - Processing /home/airflow/.local/lib/python3.8/site-packages/airflow/example_dags/example_time_delta_sensor_async.py took 0.154 seconds
[2023-06-27T09:31:27.565+0000] {processor.py:157} INFO - Started process (PID=822) to work on /home/airflow/.local/lib/python3.8/site-packages/airflow/example_dags/example_time_delta_sensor_async.py
[2023-06-27T09:31:27.578+0000] {processor.py:826} INFO - Processing file /home/airflow/.local/lib/python3.8/site-packages/airflow/example_dags/example_time_delta_sensor_async.py for tasks to queue
[2023-06-27T09:31:27.580+0000] {logging_mixin.py:149} INFO - [2023-06-27T09:31:27.580+0000] {dagbag.py:541} INFO - Filling up the DagBag from /home/airflow/.local/lib/python3.8/site-packages/airflow/example_dags/example_time_delta_sensor_async.py
[2023-06-27T09:31:27.603+0000] {processor.py:836} INFO - DAG(s) dict_keys(['example_time_delta_sensor_async']) retrieved from /home/airflow/.local/lib/python3.8/site-packages/airflow/example_dags/example_time_delta_sensor_async.py
[2023-06-27T09:31:27.671+0000] {logging_mixin.py:149} INFO - [2023-06-27T09:31:27.670+0000] {dag.py:2726} INFO - Sync 1 DAGs
[2023-06-27T09:31:27.722+0000] {logging_mixin.py:149} INFO - [2023-06-27T09:31:27.721+0000] {dag.py:3486} INFO - Setting next_dagrun for example_time_delta_sensor_async to None, run_after=None
[2023-06-27T09:31:27.764+0000] {processor.py:179} INFO - Processing /home/airflow/.local/lib/python3.8/site-packages/airflow/example_dags/example_time_delta_sensor_async.py took 0.216 seconds
[2023-06-27T09:31:57.997+0000] {processor.py:157} INFO - Started process (PID=889) to work on /home/airflow/.local/lib/python3.8/site-packages/airflow/example_dags/example_time_delta_sensor_async.py
[2023-06-27T09:31:58.015+0000] {processor.py:826} INFO - Processing file /home/airflow/.local/lib/python3.8/site-packages/airflow/example_dags/example_time_delta_sensor_async.py for tasks to queue
[2023-06-27T09:31:58.017+0000] {logging_mixin.py:149} INFO - [2023-06-27T09:31:58.016+0000] {dagbag.py:541} INFO - Filling up the DagBag from /home/airflow/.local/lib/python3.8/site-packages/airflow/example_dags/example_time_delta_sensor_async.py
[2023-06-27T09:31:58.038+0000] {processor.py:836} INFO - DAG(s) dict_keys(['example_time_delta_sensor_async']) retrieved from /home/airflow/.local/lib/python3.8/site-packages/airflow/example_dags/example_time_delta_sensor_async.py
[2023-06-27T09:31:58.134+0000] {logging_mixin.py:149} INFO - [2023-06-27T09:31:58.134+0000] {dag.py:2726} INFO - Sync 1 DAGs
[2023-06-27T09:31:58.219+0000] {logging_mixin.py:149} INFO - [2023-06-27T09:31:58.219+0000] {dag.py:3486} INFO - Setting next_dagrun for example_time_delta_sensor_async to None, run_after=None
[2023-06-27T09:31:58.294+0000] {processor.py:179} INFO - Processing /home/airflow/.local/lib/python3.8/site-packages/airflow/example_dags/example_time_delta_sensor_async.py took 0.301 seconds
[2023-06-27T09:32:28.564+0000] {processor.py:157} INFO - Started process (PID=954) to work on /home/airflow/.local/lib/python3.8/site-packages/airflow/example_dags/example_time_delta_sensor_async.py
[2023-06-27T09:32:28.568+0000] {processor.py:826} INFO - Processing file /home/airflow/.local/lib/python3.8/site-packages/airflow/example_dags/example_time_delta_sensor_async.py for tasks to queue
[2023-06-27T09:32:28.570+0000] {logging_mixin.py:149} INFO - [2023-06-27T09:32:28.570+0000] {dagbag.py:541} INFO - Filling up the DagBag from /home/airflow/.local/lib/python3.8/site-packages/airflow/example_dags/example_time_delta_sensor_async.py
[2023-06-27T09:32:28.576+0000] {processor.py:836} INFO - DAG(s) dict_keys(['example_time_delta_sensor_async']) retrieved from /home/airflow/.local/lib/python3.8/site-packages/airflow/example_dags/example_time_delta_sensor_async.py
[2023-06-27T09:32:28.608+0000] {logging_mixin.py:149} INFO - [2023-06-27T09:32:28.607+0000] {dag.py:2726} INFO - Sync 1 DAGs
[2023-06-27T09:32:28.636+0000] {logging_mixin.py:149} INFO - [2023-06-27T09:32:28.636+0000] {dag.py:3486} INFO - Setting next_dagrun for example_time_delta_sensor_async to None, run_after=None
[2023-06-27T09:32:28.659+0000] {processor.py:179} INFO - Processing /home/airflow/.local/lib/python3.8/site-packages/airflow/example_dags/example_time_delta_sensor_async.py took 0.100 seconds
[2023-06-27T09:32:59.249+0000] {processor.py:157} INFO - Started process (PID=1023) to work on /home/airflow/.local/lib/python3.8/site-packages/airflow/example_dags/example_time_delta_sensor_async.py
[2023-06-27T09:32:59.250+0000] {processor.py:826} INFO - Processing file /home/airflow/.local/lib/python3.8/site-packages/airflow/example_dags/example_time_delta_sensor_async.py for tasks to queue
[2023-06-27T09:32:59.252+0000] {logging_mixin.py:149} INFO - [2023-06-27T09:32:59.252+0000] {dagbag.py:541} INFO - Filling up the DagBag from /home/airflow/.local/lib/python3.8/site-packages/airflow/example_dags/example_time_delta_sensor_async.py
[2023-06-27T09:32:59.257+0000] {processor.py:836} INFO - DAG(s) dict_keys(['example_time_delta_sensor_async']) retrieved from /home/airflow/.local/lib/python3.8/site-packages/airflow/example_dags/example_time_delta_sensor_async.py
[2023-06-27T09:32:59.288+0000] {logging_mixin.py:149} INFO - [2023-06-27T09:32:59.287+0000] {dag.py:2726} INFO - Sync 1 DAGs
[2023-06-27T09:32:59.315+0000] {logging_mixin.py:149} INFO - [2023-06-27T09:32:59.315+0000] {dag.py:3486} INFO - Setting next_dagrun for example_time_delta_sensor_async to None, run_after=None
[2023-06-27T09:32:59.363+0000] {processor.py:179} INFO - Processing /home/airflow/.local/lib/python3.8/site-packages/airflow/example_dags/example_time_delta_sensor_async.py took 0.134 seconds
[2023-06-27T09:33:30.613+0000] {processor.py:157} INFO - Started process (PID=1091) to work on /home/airflow/.local/lib/python3.8/site-packages/airflow/example_dags/example_time_delta_sensor_async.py
[2023-06-27T09:33:30.626+0000] {processor.py:826} INFO - Processing file /home/airflow/.local/lib/python3.8/site-packages/airflow/example_dags/example_time_delta_sensor_async.py for tasks to queue
[2023-06-27T09:33:30.628+0000] {logging_mixin.py:149} INFO - [2023-06-27T09:33:30.628+0000] {dagbag.py:541} INFO - Filling up the DagBag from /home/airflow/.local/lib/python3.8/site-packages/airflow/example_dags/example_time_delta_sensor_async.py
[2023-06-27T09:33:30.642+0000] {processor.py:836} INFO - DAG(s) dict_keys(['example_time_delta_sensor_async']) retrieved from /home/airflow/.local/lib/python3.8/site-packages/airflow/example_dags/example_time_delta_sensor_async.py
[2023-06-27T09:33:30.707+0000] {logging_mixin.py:149} INFO - [2023-06-27T09:33:30.707+0000] {dag.py:2726} INFO - Sync 1 DAGs
[2023-06-27T09:33:30.755+0000] {logging_mixin.py:149} INFO - [2023-06-27T09:33:30.755+0000] {dag.py:3486} INFO - Setting next_dagrun for example_time_delta_sensor_async to None, run_after=None
[2023-06-27T09:33:30.808+0000] {processor.py:179} INFO - Processing /home/airflow/.local/lib/python3.8/site-packages/airflow/example_dags/example_time_delta_sensor_async.py took 0.207 seconds
[2023-06-27T09:34:01.508+0000] {processor.py:157} INFO - Started process (PID=1158) to work on /home/airflow/.local/lib/python3.8/site-packages/airflow/example_dags/example_time_delta_sensor_async.py
[2023-06-27T09:34:01.515+0000] {processor.py:826} INFO - Processing file /home/airflow/.local/lib/python3.8/site-packages/airflow/example_dags/example_time_delta_sensor_async.py for tasks to queue
[2023-06-27T09:34:01.517+0000] {logging_mixin.py:149} INFO - [2023-06-27T09:34:01.517+0000] {dagbag.py:541} INFO - Filling up the DagBag from /home/airflow/.local/lib/python3.8/site-packages/airflow/example_dags/example_time_delta_sensor_async.py
[2023-06-27T09:34:01.536+0000] {processor.py:836} INFO - DAG(s) dict_keys(['example_time_delta_sensor_async']) retrieved from /home/airflow/.local/lib/python3.8/site-packages/airflow/example_dags/example_time_delta_sensor_async.py
[2023-06-27T09:34:01.608+0000] {logging_mixin.py:149} INFO - [2023-06-27T09:34:01.607+0000] {dag.py:2726} INFO - Sync 1 DAGs
[2023-06-27T09:34:01.667+0000] {logging_mixin.py:149} INFO - [2023-06-27T09:34:01.667+0000] {dag.py:3486} INFO - Setting next_dagrun for example_time_delta_sensor_async to None, run_after=None
[2023-06-27T09:34:01.712+0000] {processor.py:179} INFO - Processing /home/airflow/.local/lib/python3.8/site-packages/airflow/example_dags/example_time_delta_sensor_async.py took 0.212 seconds
[2023-06-27T09:34:32.505+0000] {processor.py:157} INFO - Started process (PID=1225) to work on /home/airflow/.local/lib/python3.8/site-packages/airflow/example_dags/example_time_delta_sensor_async.py
[2023-06-27T09:34:32.515+0000] {processor.py:826} INFO - Processing file /home/airflow/.local/lib/python3.8/site-packages/airflow/example_dags/example_time_delta_sensor_async.py for tasks to queue
[2023-06-27T09:34:32.517+0000] {logging_mixin.py:149} INFO - [2023-06-27T09:34:32.516+0000] {dagbag.py:541} INFO - Filling up the DagBag from /home/airflow/.local/lib/python3.8/site-packages/airflow/example_dags/example_time_delta_sensor_async.py
[2023-06-27T09:34:32.543+0000] {processor.py:836} INFO - DAG(s) dict_keys(['example_time_delta_sensor_async']) retrieved from /home/airflow/.local/lib/python3.8/site-packages/airflow/example_dags/example_time_delta_sensor_async.py
[2023-06-27T09:34:32.666+0000] {logging_mixin.py:149} INFO - [2023-06-27T09:34:32.665+0000] {dag.py:2726} INFO - Sync 1 DAGs
[2023-06-27T09:34:32.782+0000] {logging_mixin.py:149} INFO - [2023-06-27T09:34:32.782+0000] {dag.py:3486} INFO - Setting next_dagrun for example_time_delta_sensor_async to None, run_after=None
[2023-06-27T09:34:32.848+0000] {processor.py:179} INFO - Processing /home/airflow/.local/lib/python3.8/site-packages/airflow/example_dags/example_time_delta_sensor_async.py took 0.360 seconds
