[2023-06-27T00:00:42.916+0000] {processor.py:157} INFO - Started process (PID=448) to work on /home/airflow/.local/lib/python3.8/site-packages/airflow/example_dags/example_dynamic_task_mapping_with_no_taskflow_operators.py
[2023-06-27T00:00:42.974+0000] {processor.py:826} INFO - Processing file /home/airflow/.local/lib/python3.8/site-packages/airflow/example_dags/example_dynamic_task_mapping_with_no_taskflow_operators.py for tasks to queue
[2023-06-27T00:00:42.975+0000] {logging_mixin.py:149} INFO - [2023-06-27T00:00:42.974+0000] {dagbag.py:541} INFO - Filling up the DagBag from /home/airflow/.local/lib/python3.8/site-packages/airflow/example_dags/example_dynamic_task_mapping_with_no_taskflow_operators.py
[2023-06-27T00:00:43.141+0000] {processor.py:836} INFO - DAG(s) dict_keys(['example_dynamic_task_mapping_with_no_taskflow_operators']) retrieved from /home/airflow/.local/lib/python3.8/site-packages/airflow/example_dags/example_dynamic_task_mapping_with_no_taskflow_operators.py
[2023-06-27T00:00:43.538+0000] {logging_mixin.py:149} INFO - [2023-06-27T00:00:43.538+0000] {dag.py:2726} INFO - Sync 1 DAGs
[2023-06-27T00:00:44.035+0000] {logging_mixin.py:149} INFO - [2023-06-27T00:00:44.034+0000] {dag.py:3486} INFO - Setting next_dagrun for example_dynamic_task_mapping_with_no_taskflow_operators to 2023-06-26T00:00:44.034352+00:00, run_after=2023-06-27T00:00:44.034352+00:00
[2023-06-27T00:00:44.517+0000] {processor.py:179} INFO - Processing /home/airflow/.local/lib/python3.8/site-packages/airflow/example_dags/example_dynamic_task_mapping_with_no_taskflow_operators.py took 1.697 seconds
[2023-06-27T00:07:15.949+0000] {processor.py:157} INFO - Started process (PID=660) to work on /home/airflow/.local/lib/python3.8/site-packages/airflow/example_dags/example_dynamic_task_mapping_with_no_taskflow_operators.py
[2023-06-27T00:07:16.169+0000] {processor.py:826} INFO - Processing file /home/airflow/.local/lib/python3.8/site-packages/airflow/example_dags/example_dynamic_task_mapping_with_no_taskflow_operators.py for tasks to queue
[2023-06-27T00:07:16.170+0000] {logging_mixin.py:149} INFO - [2023-06-27T00:07:16.170+0000] {dagbag.py:541} INFO - Filling up the DagBag from /home/airflow/.local/lib/python3.8/site-packages/airflow/example_dags/example_dynamic_task_mapping_with_no_taskflow_operators.py
[2023-06-27T00:07:16.532+0000] {processor.py:836} INFO - DAG(s) dict_keys(['example_dynamic_task_mapping_with_no_taskflow_operators']) retrieved from /home/airflow/.local/lib/python3.8/site-packages/airflow/example_dags/example_dynamic_task_mapping_with_no_taskflow_operators.py
[2023-06-27T00:07:22.409+0000] {logging_mixin.py:149} INFO - [2023-06-27T00:07:22.408+0000] {dag.py:2726} INFO - Sync 1 DAGs
[2023-06-27T00:07:23.468+0000] {logging_mixin.py:149} INFO - [2023-06-27T00:07:23.468+0000] {dag.py:3486} INFO - Setting next_dagrun for example_dynamic_task_mapping_with_no_taskflow_operators to 2023-06-26T00:07:23.467782+00:00, run_after=2023-06-27T00:07:23.467782+00:00
[2023-06-27T00:07:24.393+0000] {processor.py:179} INFO - Processing /home/airflow/.local/lib/python3.8/site-packages/airflow/example_dags/example_dynamic_task_mapping_with_no_taskflow_operators.py took 8.485 seconds
[2023-06-27T01:04:03.304+0000] {processor.py:157} INFO - Started process (PID=135) to work on /home/airflow/.local/lib/python3.8/site-packages/airflow/example_dags/example_dynamic_task_mapping_with_no_taskflow_operators.py
[2023-06-27T01:04:03.326+0000] {processor.py:826} INFO - Processing file /home/airflow/.local/lib/python3.8/site-packages/airflow/example_dags/example_dynamic_task_mapping_with_no_taskflow_operators.py for tasks to queue
[2023-06-27T01:04:04.250+0000] {logging_mixin.py:149} INFO - [2023-06-27T01:04:04.250+0000] {dagbag.py:541} INFO - Filling up the DagBag from /home/airflow/.local/lib/python3.8/site-packages/airflow/example_dags/example_dynamic_task_mapping_with_no_taskflow_operators.py
[2023-06-27T01:04:05.195+0000] {processor.py:836} INFO - DAG(s) dict_keys(['example_dynamic_task_mapping_with_no_taskflow_operators']) retrieved from /home/airflow/.local/lib/python3.8/site-packages/airflow/example_dags/example_dynamic_task_mapping_with_no_taskflow_operators.py
[2023-06-27T01:04:09.894+0000] {logging_mixin.py:149} INFO - [2023-06-27T01:04:09.894+0000] {dag.py:2726} INFO - Sync 1 DAGs
[2023-06-27T01:04:13.042+0000] {logging_mixin.py:149} INFO - [2023-06-27T01:04:13.042+0000] {dag.py:3486} INFO - Setting next_dagrun for example_dynamic_task_mapping_with_no_taskflow_operators to 2023-06-26T01:04:13.042254+00:00, run_after=2023-06-27T01:04:13.042254+00:00
[2023-06-27T01:04:16.427+0000] {processor.py:179} INFO - Processing /home/airflow/.local/lib/python3.8/site-packages/airflow/example_dags/example_dynamic_task_mapping_with_no_taskflow_operators.py took 13.183 seconds
[2023-06-27T01:37:46.014+0000] {processor.py:157} INFO - Started process (PID=81) to work on /home/airflow/.local/lib/python3.8/site-packages/airflow/example_dags/example_dynamic_task_mapping_with_no_taskflow_operators.py
[2023-06-27T01:37:46.025+0000] {processor.py:826} INFO - Processing file /home/airflow/.local/lib/python3.8/site-packages/airflow/example_dags/example_dynamic_task_mapping_with_no_taskflow_operators.py for tasks to queue
[2023-06-27T01:37:46.026+0000] {logging_mixin.py:149} INFO - [2023-06-27T01:37:46.026+0000] {dagbag.py:541} INFO - Filling up the DagBag from /home/airflow/.local/lib/python3.8/site-packages/airflow/example_dags/example_dynamic_task_mapping_with_no_taskflow_operators.py
[2023-06-27T01:37:46.128+0000] {processor.py:836} INFO - DAG(s) dict_keys(['example_dynamic_task_mapping_with_no_taskflow_operators']) retrieved from /home/airflow/.local/lib/python3.8/site-packages/airflow/example_dags/example_dynamic_task_mapping_with_no_taskflow_operators.py
[2023-06-27T01:37:46.242+0000] {logging_mixin.py:149} INFO - [2023-06-27T01:37:46.241+0000] {dag.py:2726} INFO - Sync 1 DAGs
[2023-06-27T01:37:46.297+0000] {logging_mixin.py:149} INFO - [2023-06-27T01:37:46.297+0000] {dag.py:3486} INFO - Setting next_dagrun for example_dynamic_task_mapping_with_no_taskflow_operators to 2023-06-26T01:37:46.297074+00:00, run_after=2023-06-27T01:37:46.297074+00:00
[2023-06-27T01:37:46.404+0000] {processor.py:179} INFO - Processing /home/airflow/.local/lib/python3.8/site-packages/airflow/example_dags/example_dynamic_task_mapping_with_no_taskflow_operators.py took 0.404 seconds
[2023-06-27T01:41:11.729+0000] {processor.py:157} INFO - Started process (PID=240) to work on /home/airflow/.local/lib/python3.8/site-packages/airflow/example_dags/example_dynamic_task_mapping_with_no_taskflow_operators.py
[2023-06-27T01:41:11.748+0000] {processor.py:826} INFO - Processing file /home/airflow/.local/lib/python3.8/site-packages/airflow/example_dags/example_dynamic_task_mapping_with_no_taskflow_operators.py for tasks to queue
[2023-06-27T01:41:11.771+0000] {logging_mixin.py:149} INFO - [2023-06-27T01:41:11.770+0000] {dagbag.py:541} INFO - Filling up the DagBag from /home/airflow/.local/lib/python3.8/site-packages/airflow/example_dags/example_dynamic_task_mapping_with_no_taskflow_operators.py
[2023-06-27T01:41:13.476+0000] {processor.py:836} INFO - DAG(s) dict_keys(['example_dynamic_task_mapping_with_no_taskflow_operators']) retrieved from /home/airflow/.local/lib/python3.8/site-packages/airflow/example_dags/example_dynamic_task_mapping_with_no_taskflow_operators.py
[2023-06-27T01:41:19.545+0000] {logging_mixin.py:149} INFO - [2023-06-27T01:41:18.998+0000] {dag.py:2726} INFO - Sync 1 DAGs
[2023-06-27T01:41:24.288+0000] {logging_mixin.py:149} INFO - [2023-06-27T01:41:24.288+0000] {dag.py:3486} INFO - Setting next_dagrun for example_dynamic_task_mapping_with_no_taskflow_operators to 2023-06-26T01:41:24.287905+00:00, run_after=2023-06-27T01:41:24.287905+00:00
[2023-06-27T01:41:26.275+0000] {processor.py:179} INFO - Processing /home/airflow/.local/lib/python3.8/site-packages/airflow/example_dags/example_dynamic_task_mapping_with_no_taskflow_operators.py took 14.688 seconds
[2023-06-27T02:20:13.413+0000] {processor.py:157} INFO - Started process (PID=161) to work on /home/airflow/.local/lib/python3.8/site-packages/airflow/example_dags/example_dynamic_task_mapping_with_no_taskflow_operators.py
[2023-06-27T02:20:13.453+0000] {processor.py:826} INFO - Processing file /home/airflow/.local/lib/python3.8/site-packages/airflow/example_dags/example_dynamic_task_mapping_with_no_taskflow_operators.py for tasks to queue
[2023-06-27T02:20:13.454+0000] {logging_mixin.py:149} INFO - [2023-06-27T02:20:13.454+0000] {dagbag.py:541} INFO - Filling up the DagBag from /home/airflow/.local/lib/python3.8/site-packages/airflow/example_dags/example_dynamic_task_mapping_with_no_taskflow_operators.py
[2023-06-27T02:20:13.785+0000] {processor.py:836} INFO - DAG(s) dict_keys(['example_dynamic_task_mapping_with_no_taskflow_operators']) retrieved from /home/airflow/.local/lib/python3.8/site-packages/airflow/example_dags/example_dynamic_task_mapping_with_no_taskflow_operators.py
[2023-06-27T02:20:14.582+0000] {logging_mixin.py:149} INFO - [2023-06-27T02:20:14.582+0000] {dag.py:2726} INFO - Sync 1 DAGs
[2023-06-27T02:20:15.462+0000] {logging_mixin.py:149} INFO - [2023-06-27T02:20:15.462+0000] {dag.py:3486} INFO - Setting next_dagrun for example_dynamic_task_mapping_with_no_taskflow_operators to 2023-06-26T02:20:15.462281+00:00, run_after=2023-06-27T02:20:15.462281+00:00
[2023-06-27T02:20:16.181+0000] {processor.py:179} INFO - Processing /home/airflow/.local/lib/python3.8/site-packages/airflow/example_dags/example_dynamic_task_mapping_with_no_taskflow_operators.py took 2.938 seconds
[2023-06-27T06:20:12.182+0000] {processor.py:157} INFO - Started process (PID=439) to work on /home/airflow/.local/lib/python3.8/site-packages/airflow/example_dags/example_dynamic_task_mapping_with_no_taskflow_operators.py
[2023-06-27T06:20:12.221+0000] {processor.py:826} INFO - Processing file /home/airflow/.local/lib/python3.8/site-packages/airflow/example_dags/example_dynamic_task_mapping_with_no_taskflow_operators.py for tasks to queue
[2023-06-27T06:20:12.222+0000] {logging_mixin.py:149} INFO - [2023-06-27T06:20:12.222+0000] {dagbag.py:541} INFO - Filling up the DagBag from /home/airflow/.local/lib/python3.8/site-packages/airflow/example_dags/example_dynamic_task_mapping_with_no_taskflow_operators.py
[2023-06-27T06:20:12.548+0000] {processor.py:836} INFO - DAG(s) dict_keys(['example_dynamic_task_mapping_with_no_taskflow_operators']) retrieved from /home/airflow/.local/lib/python3.8/site-packages/airflow/example_dags/example_dynamic_task_mapping_with_no_taskflow_operators.py
[2023-06-27T06:20:20.427+0000] {logging_mixin.py:149} INFO - [2023-06-27T06:20:20.426+0000] {dag.py:2726} INFO - Sync 1 DAGs
[2023-06-27T06:20:20.880+0000] {logging_mixin.py:149} INFO - [2023-06-27T06:20:20.764+0000] {dag.py:3486} INFO - Setting next_dagrun for example_dynamic_task_mapping_with_no_taskflow_operators to 2023-06-26T06:20:20.705965+00:00, run_after=2023-06-27T06:20:20.705965+00:00
[2023-06-27T06:20:22.950+0000] {processor.py:179} INFO - Processing /home/airflow/.local/lib/python3.8/site-packages/airflow/example_dags/example_dynamic_task_mapping_with_no_taskflow_operators.py took 11.157 seconds
[2023-06-27T08:57:01.586+0000] {processor.py:157} INFO - Started process (PID=587) to work on /home/airflow/.local/lib/python3.8/site-packages/airflow/example_dags/example_dynamic_task_mapping_with_no_taskflow_operators.py
[2023-06-27T08:57:01.601+0000] {processor.py:826} INFO - Processing file /home/airflow/.local/lib/python3.8/site-packages/airflow/example_dags/example_dynamic_task_mapping_with_no_taskflow_operators.py for tasks to queue
[2023-06-27T08:57:01.602+0000] {logging_mixin.py:149} INFO - [2023-06-27T08:57:01.602+0000] {dagbag.py:541} INFO - Filling up the DagBag from /home/airflow/.local/lib/python3.8/site-packages/airflow/example_dags/example_dynamic_task_mapping_with_no_taskflow_operators.py
[2023-06-27T08:57:01.616+0000] {processor.py:836} INFO - DAG(s) dict_keys(['example_dynamic_task_mapping_with_no_taskflow_operators']) retrieved from /home/airflow/.local/lib/python3.8/site-packages/airflow/example_dags/example_dynamic_task_mapping_with_no_taskflow_operators.py
[2023-06-27T08:57:01.656+0000] {logging_mixin.py:149} INFO - [2023-06-27T08:57:01.656+0000] {dag.py:2726} INFO - Sync 1 DAGs
[2023-06-27T08:57:01.697+0000] {logging_mixin.py:149} INFO - [2023-06-27T08:57:01.696+0000] {dag.py:3486} INFO - Setting next_dagrun for example_dynamic_task_mapping_with_no_taskflow_operators to 2023-06-26T08:57:01.696168+00:00, run_after=2023-06-27T08:57:01.696168+00:00
[2023-06-27T08:57:01.875+0000] {processor.py:179} INFO - Processing /home/airflow/.local/lib/python3.8/site-packages/airflow/example_dags/example_dynamic_task_mapping_with_no_taskflow_operators.py took 0.295 seconds
[2023-06-27T09:00:33.680+0000] {processor.py:157} INFO - Started process (PID=735) to work on /home/airflow/.local/lib/python3.8/site-packages/airflow/example_dags/example_dynamic_task_mapping_with_no_taskflow_operators.py
[2023-06-27T09:00:33.753+0000] {processor.py:826} INFO - Processing file /home/airflow/.local/lib/python3.8/site-packages/airflow/example_dags/example_dynamic_task_mapping_with_no_taskflow_operators.py for tasks to queue
[2023-06-27T09:00:33.756+0000] {logging_mixin.py:149} INFO - [2023-06-27T09:00:33.756+0000] {dagbag.py:541} INFO - Filling up the DagBag from /home/airflow/.local/lib/python3.8/site-packages/airflow/example_dags/example_dynamic_task_mapping_with_no_taskflow_operators.py
[2023-06-27T09:00:33.816+0000] {processor.py:836} INFO - DAG(s) dict_keys(['example_dynamic_task_mapping_with_no_taskflow_operators']) retrieved from /home/airflow/.local/lib/python3.8/site-packages/airflow/example_dags/example_dynamic_task_mapping_with_no_taskflow_operators.py
[2023-06-27T09:00:34.118+0000] {logging_mixin.py:149} INFO - [2023-06-27T09:00:34.117+0000] {dag.py:2726} INFO - Sync 1 DAGs
[2023-06-27T09:00:34.278+0000] {logging_mixin.py:149} INFO - [2023-06-27T09:00:34.278+0000] {dag.py:3486} INFO - Setting next_dagrun for example_dynamic_task_mapping_with_no_taskflow_operators to 2023-06-26T09:00:34.240136+00:00, run_after=2023-06-27T09:00:34.240136+00:00
[2023-06-27T09:00:34.457+0000] {processor.py:179} INFO - Processing /home/airflow/.local/lib/python3.8/site-packages/airflow/example_dags/example_dynamic_task_mapping_with_no_taskflow_operators.py took 0.830 seconds
[2023-06-27T09:20:51.424+0000] {processor.py:157} INFO - Started process (PID=89) to work on /home/airflow/.local/lib/python3.8/site-packages/airflow/example_dags/example_dynamic_task_mapping_with_no_taskflow_operators.py
[2023-06-27T09:20:51.427+0000] {processor.py:826} INFO - Processing file /home/airflow/.local/lib/python3.8/site-packages/airflow/example_dags/example_dynamic_task_mapping_with_no_taskflow_operators.py for tasks to queue
[2023-06-27T09:20:51.427+0000] {logging_mixin.py:149} INFO - [2023-06-27T09:20:51.427+0000] {dagbag.py:541} INFO - Filling up the DagBag from /home/airflow/.local/lib/python3.8/site-packages/airflow/example_dags/example_dynamic_task_mapping_with_no_taskflow_operators.py
[2023-06-27T09:20:51.507+0000] {processor.py:836} INFO - DAG(s) dict_keys(['example_dynamic_task_mapping_with_no_taskflow_operators']) retrieved from /home/airflow/.local/lib/python3.8/site-packages/airflow/example_dags/example_dynamic_task_mapping_with_no_taskflow_operators.py
[2023-06-27T09:20:51.730+0000] {logging_mixin.py:149} INFO - [2023-06-27T09:20:51.730+0000] {dag.py:2726} INFO - Sync 1 DAGs
[2023-06-27T09:20:51.951+0000] {logging_mixin.py:149} INFO - [2023-06-27T09:20:51.951+0000] {dag.py:3486} INFO - Setting next_dagrun for example_dynamic_task_mapping_with_no_taskflow_operators to 2023-06-26T09:20:51.951344+00:00, run_after=2023-06-27T09:20:51.951344+00:00
[2023-06-27T09:20:52.059+0000] {processor.py:179} INFO - Processing /home/airflow/.local/lib/python3.8/site-packages/airflow/example_dags/example_dynamic_task_mapping_with_no_taskflow_operators.py took 0.677 seconds
[2023-06-27T09:21:22.916+0000] {processor.py:157} INFO - Started process (PID=147) to work on /home/airflow/.local/lib/python3.8/site-packages/airflow/example_dags/example_dynamic_task_mapping_with_no_taskflow_operators.py
[2023-06-27T09:21:22.918+0000] {processor.py:826} INFO - Processing file /home/airflow/.local/lib/python3.8/site-packages/airflow/example_dags/example_dynamic_task_mapping_with_no_taskflow_operators.py for tasks to queue
[2023-06-27T09:21:22.945+0000] {logging_mixin.py:149} INFO - [2023-06-27T09:21:22.944+0000] {dagbag.py:541} INFO - Filling up the DagBag from /home/airflow/.local/lib/python3.8/site-packages/airflow/example_dags/example_dynamic_task_mapping_with_no_taskflow_operators.py
[2023-06-27T09:21:23.032+0000] {processor.py:836} INFO - DAG(s) dict_keys(['example_dynamic_task_mapping_with_no_taskflow_operators']) retrieved from /home/airflow/.local/lib/python3.8/site-packages/airflow/example_dags/example_dynamic_task_mapping_with_no_taskflow_operators.py
[2023-06-27T09:21:23.275+0000] {logging_mixin.py:149} INFO - [2023-06-27T09:21:23.275+0000] {dag.py:2726} INFO - Sync 1 DAGs
[2023-06-27T09:21:23.463+0000] {logging_mixin.py:149} INFO - [2023-06-27T09:21:23.463+0000] {dag.py:3486} INFO - Setting next_dagrun for example_dynamic_task_mapping_with_no_taskflow_operators to 2023-06-26T09:21:23.463136+00:00, run_after=2023-06-27T09:21:23.463136+00:00
[2023-06-27T09:21:23.627+0000] {processor.py:179} INFO - Processing /home/airflow/.local/lib/python3.8/site-packages/airflow/example_dags/example_dynamic_task_mapping_with_no_taskflow_operators.py took 0.739 seconds
[2023-06-27T09:21:54.405+0000] {processor.py:157} INFO - Started process (PID=215) to work on /home/airflow/.local/lib/python3.8/site-packages/airflow/example_dags/example_dynamic_task_mapping_with_no_taskflow_operators.py
[2023-06-27T09:21:54.410+0000] {processor.py:826} INFO - Processing file /home/airflow/.local/lib/python3.8/site-packages/airflow/example_dags/example_dynamic_task_mapping_with_no_taskflow_operators.py for tasks to queue
[2023-06-27T09:21:54.412+0000] {logging_mixin.py:149} INFO - [2023-06-27T09:21:54.411+0000] {dagbag.py:541} INFO - Filling up the DagBag from /home/airflow/.local/lib/python3.8/site-packages/airflow/example_dags/example_dynamic_task_mapping_with_no_taskflow_operators.py
[2023-06-27T09:21:54.428+0000] {processor.py:836} INFO - DAG(s) dict_keys(['example_dynamic_task_mapping_with_no_taskflow_operators']) retrieved from /home/airflow/.local/lib/python3.8/site-packages/airflow/example_dags/example_dynamic_task_mapping_with_no_taskflow_operators.py
[2023-06-27T09:21:54.489+0000] {logging_mixin.py:149} INFO - [2023-06-27T09:21:54.489+0000] {dag.py:2726} INFO - Sync 1 DAGs
[2023-06-27T09:21:54.552+0000] {logging_mixin.py:149} INFO - [2023-06-27T09:21:54.551+0000] {dag.py:3486} INFO - Setting next_dagrun for example_dynamic_task_mapping_with_no_taskflow_operators to 2023-06-26T09:21:54.551632+00:00, run_after=2023-06-27T09:21:54.551632+00:00
[2023-06-27T09:21:54.602+0000] {processor.py:179} INFO - Processing /home/airflow/.local/lib/python3.8/site-packages/airflow/example_dags/example_dynamic_task_mapping_with_no_taskflow_operators.py took 0.205 seconds
[2023-06-27T09:22:25.124+0000] {processor.py:157} INFO - Started process (PID=282) to work on /home/airflow/.local/lib/python3.8/site-packages/airflow/example_dags/example_dynamic_task_mapping_with_no_taskflow_operators.py
[2023-06-27T09:22:25.125+0000] {processor.py:826} INFO - Processing file /home/airflow/.local/lib/python3.8/site-packages/airflow/example_dags/example_dynamic_task_mapping_with_no_taskflow_operators.py for tasks to queue
[2023-06-27T09:22:25.131+0000] {logging_mixin.py:149} INFO - [2023-06-27T09:22:25.131+0000] {dagbag.py:541} INFO - Filling up the DagBag from /home/airflow/.local/lib/python3.8/site-packages/airflow/example_dags/example_dynamic_task_mapping_with_no_taskflow_operators.py
[2023-06-27T09:22:25.160+0000] {processor.py:836} INFO - DAG(s) dict_keys(['example_dynamic_task_mapping_with_no_taskflow_operators']) retrieved from /home/airflow/.local/lib/python3.8/site-packages/airflow/example_dags/example_dynamic_task_mapping_with_no_taskflow_operators.py
[2023-06-27T09:22:25.295+0000] {logging_mixin.py:149} INFO - [2023-06-27T09:22:25.294+0000] {dag.py:2726} INFO - Sync 1 DAGs
[2023-06-27T09:22:25.427+0000] {logging_mixin.py:149} INFO - [2023-06-27T09:22:25.427+0000] {dag.py:3486} INFO - Setting next_dagrun for example_dynamic_task_mapping_with_no_taskflow_operators to 2023-06-26T09:22:25.427387+00:00, run_after=2023-06-27T09:22:25.427387+00:00
[2023-06-27T09:22:25.511+0000] {processor.py:179} INFO - Processing /home/airflow/.local/lib/python3.8/site-packages/airflow/example_dags/example_dynamic_task_mapping_with_no_taskflow_operators.py took 0.401 seconds
[2023-06-27T09:22:55.734+0000] {processor.py:157} INFO - Started process (PID=351) to work on /home/airflow/.local/lib/python3.8/site-packages/airflow/example_dags/example_dynamic_task_mapping_with_no_taskflow_operators.py
[2023-06-27T09:22:55.739+0000] {processor.py:826} INFO - Processing file /home/airflow/.local/lib/python3.8/site-packages/airflow/example_dags/example_dynamic_task_mapping_with_no_taskflow_operators.py for tasks to queue
[2023-06-27T09:22:55.740+0000] {logging_mixin.py:149} INFO - [2023-06-27T09:22:55.740+0000] {dagbag.py:541} INFO - Filling up the DagBag from /home/airflow/.local/lib/python3.8/site-packages/airflow/example_dags/example_dynamic_task_mapping_with_no_taskflow_operators.py
[2023-06-27T09:22:55.756+0000] {processor.py:836} INFO - DAG(s) dict_keys(['example_dynamic_task_mapping_with_no_taskflow_operators']) retrieved from /home/airflow/.local/lib/python3.8/site-packages/airflow/example_dags/example_dynamic_task_mapping_with_no_taskflow_operators.py
[2023-06-27T09:22:55.825+0000] {logging_mixin.py:149} INFO - [2023-06-27T09:22:55.824+0000] {dag.py:2726} INFO - Sync 1 DAGs
[2023-06-27T09:22:55.883+0000] {logging_mixin.py:149} INFO - [2023-06-27T09:22:55.883+0000] {dag.py:3486} INFO - Setting next_dagrun for example_dynamic_task_mapping_with_no_taskflow_operators to 2023-06-26T09:22:55.883378+00:00, run_after=2023-06-27T09:22:55.883378+00:00
[2023-06-27T09:22:55.915+0000] {processor.py:179} INFO - Processing /home/airflow/.local/lib/python3.8/site-packages/airflow/example_dags/example_dynamic_task_mapping_with_no_taskflow_operators.py took 0.189 seconds
[2023-06-27T09:23:26.486+0000] {processor.py:157} INFO - Started process (PID=417) to work on /home/airflow/.local/lib/python3.8/site-packages/airflow/example_dags/example_dynamic_task_mapping_with_no_taskflow_operators.py
[2023-06-27T09:23:26.487+0000] {processor.py:826} INFO - Processing file /home/airflow/.local/lib/python3.8/site-packages/airflow/example_dags/example_dynamic_task_mapping_with_no_taskflow_operators.py for tasks to queue
[2023-06-27T09:23:26.489+0000] {logging_mixin.py:149} INFO - [2023-06-27T09:23:26.489+0000] {dagbag.py:541} INFO - Filling up the DagBag from /home/airflow/.local/lib/python3.8/site-packages/airflow/example_dags/example_dynamic_task_mapping_with_no_taskflow_operators.py
[2023-06-27T09:23:26.505+0000] {processor.py:836} INFO - DAG(s) dict_keys(['example_dynamic_task_mapping_with_no_taskflow_operators']) retrieved from /home/airflow/.local/lib/python3.8/site-packages/airflow/example_dags/example_dynamic_task_mapping_with_no_taskflow_operators.py
[2023-06-27T09:23:26.551+0000] {logging_mixin.py:149} INFO - [2023-06-27T09:23:26.551+0000] {dag.py:2726} INFO - Sync 1 DAGs
[2023-06-27T09:23:26.580+0000] {logging_mixin.py:149} INFO - [2023-06-27T09:23:26.580+0000] {dag.py:3486} INFO - Setting next_dagrun for example_dynamic_task_mapping_with_no_taskflow_operators to 2023-06-26T09:23:26.579524+00:00, run_after=2023-06-27T09:23:26.579524+00:00
[2023-06-27T09:23:26.611+0000] {processor.py:179} INFO - Processing /home/airflow/.local/lib/python3.8/site-packages/airflow/example_dags/example_dynamic_task_mapping_with_no_taskflow_operators.py took 0.135 seconds
[2023-06-27T09:23:57.327+0000] {processor.py:157} INFO - Started process (PID=481) to work on /home/airflow/.local/lib/python3.8/site-packages/airflow/example_dags/example_dynamic_task_mapping_with_no_taskflow_operators.py
[2023-06-27T09:23:57.332+0000] {processor.py:826} INFO - Processing file /home/airflow/.local/lib/python3.8/site-packages/airflow/example_dags/example_dynamic_task_mapping_with_no_taskflow_operators.py for tasks to queue
[2023-06-27T09:23:57.334+0000] {logging_mixin.py:149} INFO - [2023-06-27T09:23:57.334+0000] {dagbag.py:541} INFO - Filling up the DagBag from /home/airflow/.local/lib/python3.8/site-packages/airflow/example_dags/example_dynamic_task_mapping_with_no_taskflow_operators.py
[2023-06-27T09:23:57.355+0000] {processor.py:836} INFO - DAG(s) dict_keys(['example_dynamic_task_mapping_with_no_taskflow_operators']) retrieved from /home/airflow/.local/lib/python3.8/site-packages/airflow/example_dags/example_dynamic_task_mapping_with_no_taskflow_operators.py
[2023-06-27T09:23:57.400+0000] {logging_mixin.py:149} INFO - [2023-06-27T09:23:57.400+0000] {dag.py:2726} INFO - Sync 1 DAGs
[2023-06-27T09:23:57.464+0000] {logging_mixin.py:149} INFO - [2023-06-27T09:23:57.464+0000] {dag.py:3486} INFO - Setting next_dagrun for example_dynamic_task_mapping_with_no_taskflow_operators to 2023-06-26T09:23:57.464278+00:00, run_after=2023-06-27T09:23:57.464278+00:00
[2023-06-27T09:23:57.505+0000] {processor.py:179} INFO - Processing /home/airflow/.local/lib/python3.8/site-packages/airflow/example_dags/example_dynamic_task_mapping_with_no_taskflow_operators.py took 0.191 seconds
[2023-06-27T09:25:55.376+0000] {processor.py:157} INFO - Started process (PID=78) to work on /home/airflow/.local/lib/python3.8/site-packages/airflow/example_dags/example_dynamic_task_mapping_with_no_taskflow_operators.py
[2023-06-27T09:25:55.379+0000] {processor.py:826} INFO - Processing file /home/airflow/.local/lib/python3.8/site-packages/airflow/example_dags/example_dynamic_task_mapping_with_no_taskflow_operators.py for tasks to queue
[2023-06-27T09:25:55.379+0000] {logging_mixin.py:149} INFO - [2023-06-27T09:25:55.379+0000] {dagbag.py:541} INFO - Filling up the DagBag from /home/airflow/.local/lib/python3.8/site-packages/airflow/example_dags/example_dynamic_task_mapping_with_no_taskflow_operators.py
[2023-06-27T09:25:55.404+0000] {processor.py:836} INFO - DAG(s) dict_keys(['example_dynamic_task_mapping_with_no_taskflow_operators']) retrieved from /home/airflow/.local/lib/python3.8/site-packages/airflow/example_dags/example_dynamic_task_mapping_with_no_taskflow_operators.py
[2023-06-27T09:25:55.495+0000] {logging_mixin.py:149} INFO - [2023-06-27T09:25:55.495+0000] {dag.py:2726} INFO - Sync 1 DAGs
[2023-06-27T09:25:55.578+0000] {logging_mixin.py:149} INFO - [2023-06-27T09:25:55.575+0000] {dag.py:3486} INFO - Setting next_dagrun for example_dynamic_task_mapping_with_no_taskflow_operators to 2023-06-26T09:25:55.575262+00:00, run_after=2023-06-27T09:25:55.575262+00:00
[2023-06-27T09:25:55.642+0000] {processor.py:179} INFO - Processing /home/airflow/.local/lib/python3.8/site-packages/airflow/example_dags/example_dynamic_task_mapping_with_no_taskflow_operators.py took 0.280 seconds
[2023-06-27T09:26:26.170+0000] {processor.py:157} INFO - Started process (PID=141) to work on /home/airflow/.local/lib/python3.8/site-packages/airflow/example_dags/example_dynamic_task_mapping_with_no_taskflow_operators.py
[2023-06-27T09:26:26.179+0000] {processor.py:826} INFO - Processing file /home/airflow/.local/lib/python3.8/site-packages/airflow/example_dags/example_dynamic_task_mapping_with_no_taskflow_operators.py for tasks to queue
[2023-06-27T09:26:26.181+0000] {logging_mixin.py:149} INFO - [2023-06-27T09:26:26.180+0000] {dagbag.py:541} INFO - Filling up the DagBag from /home/airflow/.local/lib/python3.8/site-packages/airflow/example_dags/example_dynamic_task_mapping_with_no_taskflow_operators.py
[2023-06-27T09:26:26.212+0000] {processor.py:836} INFO - DAG(s) dict_keys(['example_dynamic_task_mapping_with_no_taskflow_operators']) retrieved from /home/airflow/.local/lib/python3.8/site-packages/airflow/example_dags/example_dynamic_task_mapping_with_no_taskflow_operators.py
[2023-06-27T09:26:26.311+0000] {logging_mixin.py:149} INFO - [2023-06-27T09:26:26.310+0000] {dag.py:2726} INFO - Sync 1 DAGs
[2023-06-27T09:26:26.387+0000] {logging_mixin.py:149} INFO - [2023-06-27T09:26:26.387+0000] {dag.py:3486} INFO - Setting next_dagrun for example_dynamic_task_mapping_with_no_taskflow_operators to 2023-06-26T09:26:26.387245+00:00, run_after=2023-06-27T09:26:26.387245+00:00
[2023-06-27T09:26:26.470+0000] {processor.py:179} INFO - Processing /home/airflow/.local/lib/python3.8/site-packages/airflow/example_dags/example_dynamic_task_mapping_with_no_taskflow_operators.py took 0.313 seconds
[2023-06-27T09:26:58.228+0000] {processor.py:157} INFO - Started process (PID=209) to work on /home/airflow/.local/lib/python3.8/site-packages/airflow/example_dags/example_dynamic_task_mapping_with_no_taskflow_operators.py
[2023-06-27T09:26:58.239+0000] {processor.py:826} INFO - Processing file /home/airflow/.local/lib/python3.8/site-packages/airflow/example_dags/example_dynamic_task_mapping_with_no_taskflow_operators.py for tasks to queue
[2023-06-27T09:26:58.241+0000] {logging_mixin.py:149} INFO - [2023-06-27T09:26:58.241+0000] {dagbag.py:541} INFO - Filling up the DagBag from /home/airflow/.local/lib/python3.8/site-packages/airflow/example_dags/example_dynamic_task_mapping_with_no_taskflow_operators.py
[2023-06-27T09:26:58.269+0000] {processor.py:836} INFO - DAG(s) dict_keys(['example_dynamic_task_mapping_with_no_taskflow_operators']) retrieved from /home/airflow/.local/lib/python3.8/site-packages/airflow/example_dags/example_dynamic_task_mapping_with_no_taskflow_operators.py
[2023-06-27T09:26:58.347+0000] {logging_mixin.py:149} INFO - [2023-06-27T09:26:58.347+0000] {dag.py:2726} INFO - Sync 1 DAGs
[2023-06-27T09:26:58.439+0000] {logging_mixin.py:149} INFO - [2023-06-27T09:26:58.438+0000] {dag.py:3486} INFO - Setting next_dagrun for example_dynamic_task_mapping_with_no_taskflow_operators to 2023-06-26T09:26:58.432920+00:00, run_after=2023-06-27T09:26:58.432920+00:00
[2023-06-27T09:26:58.513+0000] {processor.py:179} INFO - Processing /home/airflow/.local/lib/python3.8/site-packages/airflow/example_dags/example_dynamic_task_mapping_with_no_taskflow_operators.py took 0.302 seconds
[2023-06-27T09:27:29.588+0000] {processor.py:157} INFO - Started process (PID=281) to work on /home/airflow/.local/lib/python3.8/site-packages/airflow/example_dags/example_dynamic_task_mapping_with_no_taskflow_operators.py
[2023-06-27T09:27:29.595+0000] {processor.py:826} INFO - Processing file /home/airflow/.local/lib/python3.8/site-packages/airflow/example_dags/example_dynamic_task_mapping_with_no_taskflow_operators.py for tasks to queue
[2023-06-27T09:27:29.597+0000] {logging_mixin.py:149} INFO - [2023-06-27T09:27:29.597+0000] {dagbag.py:541} INFO - Filling up the DagBag from /home/airflow/.local/lib/python3.8/site-packages/airflow/example_dags/example_dynamic_task_mapping_with_no_taskflow_operators.py
[2023-06-27T09:27:29.621+0000] {processor.py:836} INFO - DAG(s) dict_keys(['example_dynamic_task_mapping_with_no_taskflow_operators']) retrieved from /home/airflow/.local/lib/python3.8/site-packages/airflow/example_dags/example_dynamic_task_mapping_with_no_taskflow_operators.py
[2023-06-27T09:27:29.720+0000] {logging_mixin.py:149} INFO - [2023-06-27T09:27:29.720+0000] {dag.py:2726} INFO - Sync 1 DAGs
[2023-06-27T09:27:29.800+0000] {logging_mixin.py:149} INFO - [2023-06-27T09:27:29.799+0000] {dag.py:3486} INFO - Setting next_dagrun for example_dynamic_task_mapping_with_no_taskflow_operators to 2023-06-26T09:27:29.799441+00:00, run_after=2023-06-27T09:27:29.799441+00:00
[2023-06-27T09:27:29.847+0000] {processor.py:179} INFO - Processing /home/airflow/.local/lib/python3.8/site-packages/airflow/example_dags/example_dynamic_task_mapping_with_no_taskflow_operators.py took 0.272 seconds
[2023-06-27T09:28:00.358+0000] {processor.py:157} INFO - Started process (PID=347) to work on /home/airflow/.local/lib/python3.8/site-packages/airflow/example_dags/example_dynamic_task_mapping_with_no_taskflow_operators.py
[2023-06-27T09:28:00.360+0000] {processor.py:826} INFO - Processing file /home/airflow/.local/lib/python3.8/site-packages/airflow/example_dags/example_dynamic_task_mapping_with_no_taskflow_operators.py for tasks to queue
[2023-06-27T09:28:00.361+0000] {logging_mixin.py:149} INFO - [2023-06-27T09:28:00.361+0000] {dagbag.py:541} INFO - Filling up the DagBag from /home/airflow/.local/lib/python3.8/site-packages/airflow/example_dags/example_dynamic_task_mapping_with_no_taskflow_operators.py
[2023-06-27T09:28:00.371+0000] {processor.py:836} INFO - DAG(s) dict_keys(['example_dynamic_task_mapping_with_no_taskflow_operators']) retrieved from /home/airflow/.local/lib/python3.8/site-packages/airflow/example_dags/example_dynamic_task_mapping_with_no_taskflow_operators.py
[2023-06-27T09:28:00.401+0000] {logging_mixin.py:149} INFO - [2023-06-27T09:28:00.401+0000] {dag.py:2726} INFO - Sync 1 DAGs
[2023-06-27T09:28:00.438+0000] {logging_mixin.py:149} INFO - [2023-06-27T09:28:00.437+0000] {dag.py:3486} INFO - Setting next_dagrun for example_dynamic_task_mapping_with_no_taskflow_operators to 2023-06-26T09:28:00.437489+00:00, run_after=2023-06-27T09:28:00.437489+00:00
[2023-06-27T09:28:00.462+0000] {processor.py:179} INFO - Processing /home/airflow/.local/lib/python3.8/site-packages/airflow/example_dags/example_dynamic_task_mapping_with_no_taskflow_operators.py took 0.109 seconds
[2023-06-27T09:28:30.838+0000] {processor.py:157} INFO - Started process (PID=415) to work on /home/airflow/.local/lib/python3.8/site-packages/airflow/example_dags/example_dynamic_task_mapping_with_no_taskflow_operators.py
[2023-06-27T09:28:30.839+0000] {processor.py:826} INFO - Processing file /home/airflow/.local/lib/python3.8/site-packages/airflow/example_dags/example_dynamic_task_mapping_with_no_taskflow_operators.py for tasks to queue
[2023-06-27T09:28:30.841+0000] {logging_mixin.py:149} INFO - [2023-06-27T09:28:30.841+0000] {dagbag.py:541} INFO - Filling up the DagBag from /home/airflow/.local/lib/python3.8/site-packages/airflow/example_dags/example_dynamic_task_mapping_with_no_taskflow_operators.py
[2023-06-27T09:28:30.848+0000] {processor.py:836} INFO - DAG(s) dict_keys(['example_dynamic_task_mapping_with_no_taskflow_operators']) retrieved from /home/airflow/.local/lib/python3.8/site-packages/airflow/example_dags/example_dynamic_task_mapping_with_no_taskflow_operators.py
[2023-06-27T09:28:30.880+0000] {logging_mixin.py:149} INFO - [2023-06-27T09:28:30.879+0000] {dag.py:2726} INFO - Sync 1 DAGs
[2023-06-27T09:28:30.927+0000] {logging_mixin.py:149} INFO - [2023-06-27T09:28:30.922+0000] {dag.py:3486} INFO - Setting next_dagrun for example_dynamic_task_mapping_with_no_taskflow_operators to 2023-06-26T09:28:30.922108+00:00, run_after=2023-06-27T09:28:30.922108+00:00
[2023-06-27T09:28:30.984+0000] {processor.py:179} INFO - Processing /home/airflow/.local/lib/python3.8/site-packages/airflow/example_dags/example_dynamic_task_mapping_with_no_taskflow_operators.py took 0.150 seconds
[2023-06-27T09:29:01.228+0000] {processor.py:157} INFO - Started process (PID=490) to work on /home/airflow/.local/lib/python3.8/site-packages/airflow/example_dags/example_dynamic_task_mapping_with_no_taskflow_operators.py
[2023-06-27T09:29:01.232+0000] {processor.py:826} INFO - Processing file /home/airflow/.local/lib/python3.8/site-packages/airflow/example_dags/example_dynamic_task_mapping_with_no_taskflow_operators.py for tasks to queue
[2023-06-27T09:29:01.240+0000] {logging_mixin.py:149} INFO - [2023-06-27T09:29:01.240+0000] {dagbag.py:541} INFO - Filling up the DagBag from /home/airflow/.local/lib/python3.8/site-packages/airflow/example_dags/example_dynamic_task_mapping_with_no_taskflow_operators.py
[2023-06-27T09:29:01.264+0000] {processor.py:836} INFO - DAG(s) dict_keys(['example_dynamic_task_mapping_with_no_taskflow_operators']) retrieved from /home/airflow/.local/lib/python3.8/site-packages/airflow/example_dags/example_dynamic_task_mapping_with_no_taskflow_operators.py
[2023-06-27T09:29:01.352+0000] {logging_mixin.py:149} INFO - [2023-06-27T09:29:01.350+0000] {dag.py:2726} INFO - Sync 1 DAGs
[2023-06-27T09:29:01.411+0000] {logging_mixin.py:149} INFO - [2023-06-27T09:29:01.411+0000] {dag.py:3486} INFO - Setting next_dagrun for example_dynamic_task_mapping_with_no_taskflow_operators to 2023-06-26T09:29:01.411288+00:00, run_after=2023-06-27T09:29:01.411288+00:00
[2023-06-27T09:29:01.455+0000] {processor.py:179} INFO - Processing /home/airflow/.local/lib/python3.8/site-packages/airflow/example_dags/example_dynamic_task_mapping_with_no_taskflow_operators.py took 0.239 seconds
[2023-06-27T09:29:32.185+0000] {processor.py:157} INFO - Started process (PID=559) to work on /home/airflow/.local/lib/python3.8/site-packages/airflow/example_dags/example_dynamic_task_mapping_with_no_taskflow_operators.py
[2023-06-27T09:29:32.190+0000] {processor.py:826} INFO - Processing file /home/airflow/.local/lib/python3.8/site-packages/airflow/example_dags/example_dynamic_task_mapping_with_no_taskflow_operators.py for tasks to queue
[2023-06-27T09:29:32.192+0000] {logging_mixin.py:149} INFO - [2023-06-27T09:29:32.192+0000] {dagbag.py:541} INFO - Filling up the DagBag from /home/airflow/.local/lib/python3.8/site-packages/airflow/example_dags/example_dynamic_task_mapping_with_no_taskflow_operators.py
[2023-06-27T09:29:32.209+0000] {processor.py:836} INFO - DAG(s) dict_keys(['example_dynamic_task_mapping_with_no_taskflow_operators']) retrieved from /home/airflow/.local/lib/python3.8/site-packages/airflow/example_dags/example_dynamic_task_mapping_with_no_taskflow_operators.py
[2023-06-27T09:29:32.259+0000] {logging_mixin.py:149} INFO - [2023-06-27T09:29:32.259+0000] {dag.py:2726} INFO - Sync 1 DAGs
[2023-06-27T09:29:32.313+0000] {logging_mixin.py:149} INFO - [2023-06-27T09:29:32.313+0000] {dag.py:3486} INFO - Setting next_dagrun for example_dynamic_task_mapping_with_no_taskflow_operators to 2023-06-26T09:29:32.307137+00:00, run_after=2023-06-27T09:29:32.307137+00:00
[2023-06-27T09:29:32.358+0000] {processor.py:179} INFO - Processing /home/airflow/.local/lib/python3.8/site-packages/airflow/example_dags/example_dynamic_task_mapping_with_no_taskflow_operators.py took 0.183 seconds
[2023-06-27T09:30:03.218+0000] {processor.py:157} INFO - Started process (PID=625) to work on /home/airflow/.local/lib/python3.8/site-packages/airflow/example_dags/example_dynamic_task_mapping_with_no_taskflow_operators.py
[2023-06-27T09:30:03.220+0000] {processor.py:826} INFO - Processing file /home/airflow/.local/lib/python3.8/site-packages/airflow/example_dags/example_dynamic_task_mapping_with_no_taskflow_operators.py for tasks to queue
[2023-06-27T09:30:03.222+0000] {logging_mixin.py:149} INFO - [2023-06-27T09:30:03.222+0000] {dagbag.py:541} INFO - Filling up the DagBag from /home/airflow/.local/lib/python3.8/site-packages/airflow/example_dags/example_dynamic_task_mapping_with_no_taskflow_operators.py
[2023-06-27T09:30:03.230+0000] {processor.py:836} INFO - DAG(s) dict_keys(['example_dynamic_task_mapping_with_no_taskflow_operators']) retrieved from /home/airflow/.local/lib/python3.8/site-packages/airflow/example_dags/example_dynamic_task_mapping_with_no_taskflow_operators.py
[2023-06-27T09:30:03.260+0000] {logging_mixin.py:149} INFO - [2023-06-27T09:30:03.260+0000] {dag.py:2726} INFO - Sync 1 DAGs
[2023-06-27T09:30:03.288+0000] {logging_mixin.py:149} INFO - [2023-06-27T09:30:03.288+0000] {dag.py:3486} INFO - Setting next_dagrun for example_dynamic_task_mapping_with_no_taskflow_operators to 2023-06-26T09:30:03.288248+00:00, run_after=2023-06-27T09:30:03.288248+00:00
[2023-06-27T09:30:03.314+0000] {processor.py:179} INFO - Processing /home/airflow/.local/lib/python3.8/site-packages/airflow/example_dags/example_dynamic_task_mapping_with_no_taskflow_operators.py took 0.100 seconds
[2023-06-27T09:30:33.951+0000] {processor.py:157} INFO - Started process (PID=696) to work on /home/airflow/.local/lib/python3.8/site-packages/airflow/example_dags/example_dynamic_task_mapping_with_no_taskflow_operators.py
[2023-06-27T09:30:33.952+0000] {processor.py:826} INFO - Processing file /home/airflow/.local/lib/python3.8/site-packages/airflow/example_dags/example_dynamic_task_mapping_with_no_taskflow_operators.py for tasks to queue
[2023-06-27T09:30:33.954+0000] {logging_mixin.py:149} INFO - [2023-06-27T09:30:33.954+0000] {dagbag.py:541} INFO - Filling up the DagBag from /home/airflow/.local/lib/python3.8/site-packages/airflow/example_dags/example_dynamic_task_mapping_with_no_taskflow_operators.py
[2023-06-27T09:30:33.969+0000] {processor.py:836} INFO - DAG(s) dict_keys(['example_dynamic_task_mapping_with_no_taskflow_operators']) retrieved from /home/airflow/.local/lib/python3.8/site-packages/airflow/example_dags/example_dynamic_task_mapping_with_no_taskflow_operators.py
[2023-06-27T09:30:34.005+0000] {logging_mixin.py:149} INFO - [2023-06-27T09:30:34.005+0000] {dag.py:2726} INFO - Sync 1 DAGs
[2023-06-27T09:30:34.034+0000] {logging_mixin.py:149} INFO - [2023-06-27T09:30:34.034+0000] {dag.py:3486} INFO - Setting next_dagrun for example_dynamic_task_mapping_with_no_taskflow_operators to 2023-06-26T09:30:34.033823+00:00, run_after=2023-06-27T09:30:34.033823+00:00
[2023-06-27T09:30:34.056+0000] {processor.py:179} INFO - Processing /home/airflow/.local/lib/python3.8/site-packages/airflow/example_dags/example_dynamic_task_mapping_with_no_taskflow_operators.py took 0.110 seconds
[2023-06-27T09:31:04.752+0000] {processor.py:157} INFO - Started process (PID=774) to work on /home/airflow/.local/lib/python3.8/site-packages/airflow/example_dags/example_dynamic_task_mapping_with_no_taskflow_operators.py
[2023-06-27T09:31:04.755+0000] {processor.py:826} INFO - Processing file /home/airflow/.local/lib/python3.8/site-packages/airflow/example_dags/example_dynamic_task_mapping_with_no_taskflow_operators.py for tasks to queue
[2023-06-27T09:31:04.757+0000] {logging_mixin.py:149} INFO - [2023-06-27T09:31:04.757+0000] {dagbag.py:541} INFO - Filling up the DagBag from /home/airflow/.local/lib/python3.8/site-packages/airflow/example_dags/example_dynamic_task_mapping_with_no_taskflow_operators.py
[2023-06-27T09:31:04.764+0000] {processor.py:836} INFO - DAG(s) dict_keys(['example_dynamic_task_mapping_with_no_taskflow_operators']) retrieved from /home/airflow/.local/lib/python3.8/site-packages/airflow/example_dags/example_dynamic_task_mapping_with_no_taskflow_operators.py
[2023-06-27T09:31:04.794+0000] {logging_mixin.py:149} INFO - [2023-06-27T09:31:04.793+0000] {dag.py:2726} INFO - Sync 1 DAGs
[2023-06-27T09:31:04.820+0000] {logging_mixin.py:149} INFO - [2023-06-27T09:31:04.820+0000] {dag.py:3486} INFO - Setting next_dagrun for example_dynamic_task_mapping_with_no_taskflow_operators to 2023-06-26T09:31:04.820378+00:00, run_after=2023-06-27T09:31:04.820378+00:00
[2023-06-27T09:31:04.840+0000] {processor.py:179} INFO - Processing /home/airflow/.local/lib/python3.8/site-packages/airflow/example_dags/example_dynamic_task_mapping_with_no_taskflow_operators.py took 0.093 seconds
[2023-06-27T09:31:35.340+0000] {processor.py:157} INFO - Started process (PID=840) to work on /home/airflow/.local/lib/python3.8/site-packages/airflow/example_dags/example_dynamic_task_mapping_with_no_taskflow_operators.py
[2023-06-27T09:31:35.341+0000] {processor.py:826} INFO - Processing file /home/airflow/.local/lib/python3.8/site-packages/airflow/example_dags/example_dynamic_task_mapping_with_no_taskflow_operators.py for tasks to queue
[2023-06-27T09:31:35.343+0000] {logging_mixin.py:149} INFO - [2023-06-27T09:31:35.343+0000] {dagbag.py:541} INFO - Filling up the DagBag from /home/airflow/.local/lib/python3.8/site-packages/airflow/example_dags/example_dynamic_task_mapping_with_no_taskflow_operators.py
[2023-06-27T09:31:35.351+0000] {processor.py:836} INFO - DAG(s) dict_keys(['example_dynamic_task_mapping_with_no_taskflow_operators']) retrieved from /home/airflow/.local/lib/python3.8/site-packages/airflow/example_dags/example_dynamic_task_mapping_with_no_taskflow_operators.py
[2023-06-27T09:31:35.401+0000] {logging_mixin.py:149} INFO - [2023-06-27T09:31:35.400+0000] {dag.py:2726} INFO - Sync 1 DAGs
[2023-06-27T09:31:35.430+0000] {logging_mixin.py:149} INFO - [2023-06-27T09:31:35.430+0000] {dag.py:3486} INFO - Setting next_dagrun for example_dynamic_task_mapping_with_no_taskflow_operators to 2023-06-26T09:31:35.430232+00:00, run_after=2023-06-27T09:31:35.430232+00:00
[2023-06-27T09:31:35.453+0000] {processor.py:179} INFO - Processing /home/airflow/.local/lib/python3.8/site-packages/airflow/example_dags/example_dynamic_task_mapping_with_no_taskflow_operators.py took 0.118 seconds
[2023-06-27T09:32:05.841+0000] {processor.py:157} INFO - Started process (PID=907) to work on /home/airflow/.local/lib/python3.8/site-packages/airflow/example_dags/example_dynamic_task_mapping_with_no_taskflow_operators.py
[2023-06-27T09:32:05.847+0000] {processor.py:826} INFO - Processing file /home/airflow/.local/lib/python3.8/site-packages/airflow/example_dags/example_dynamic_task_mapping_with_no_taskflow_operators.py for tasks to queue
[2023-06-27T09:32:05.849+0000] {logging_mixin.py:149} INFO - [2023-06-27T09:32:05.849+0000] {dagbag.py:541} INFO - Filling up the DagBag from /home/airflow/.local/lib/python3.8/site-packages/airflow/example_dags/example_dynamic_task_mapping_with_no_taskflow_operators.py
[2023-06-27T09:32:05.865+0000] {processor.py:836} INFO - DAG(s) dict_keys(['example_dynamic_task_mapping_with_no_taskflow_operators']) retrieved from /home/airflow/.local/lib/python3.8/site-packages/airflow/example_dags/example_dynamic_task_mapping_with_no_taskflow_operators.py
[2023-06-27T09:32:05.925+0000] {logging_mixin.py:149} INFO - [2023-06-27T09:32:05.924+0000] {dag.py:2726} INFO - Sync 1 DAGs
[2023-06-27T09:32:05.971+0000] {logging_mixin.py:149} INFO - [2023-06-27T09:32:05.971+0000] {dag.py:3486} INFO - Setting next_dagrun for example_dynamic_task_mapping_with_no_taskflow_operators to 2023-06-26T09:32:05.971122+00:00, run_after=2023-06-27T09:32:05.971122+00:00
[2023-06-27T09:32:06.007+0000] {processor.py:179} INFO - Processing /home/airflow/.local/lib/python3.8/site-packages/airflow/example_dags/example_dynamic_task_mapping_with_no_taskflow_operators.py took 0.171 seconds
[2023-06-27T09:32:38.555+0000] {processor.py:157} INFO - Started process (PID=982) to work on /home/airflow/.local/lib/python3.8/site-packages/airflow/example_dags/example_dynamic_task_mapping_with_no_taskflow_operators.py
[2023-06-27T09:32:38.557+0000] {processor.py:826} INFO - Processing file /home/airflow/.local/lib/python3.8/site-packages/airflow/example_dags/example_dynamic_task_mapping_with_no_taskflow_operators.py for tasks to queue
[2023-06-27T09:32:38.559+0000] {logging_mixin.py:149} INFO - [2023-06-27T09:32:38.559+0000] {dagbag.py:541} INFO - Filling up the DagBag from /home/airflow/.local/lib/python3.8/site-packages/airflow/example_dags/example_dynamic_task_mapping_with_no_taskflow_operators.py
[2023-06-27T09:32:38.578+0000] {processor.py:836} INFO - DAG(s) dict_keys(['example_dynamic_task_mapping_with_no_taskflow_operators']) retrieved from /home/airflow/.local/lib/python3.8/site-packages/airflow/example_dags/example_dynamic_task_mapping_with_no_taskflow_operators.py
[2023-06-27T09:32:38.701+0000] {logging_mixin.py:149} INFO - [2023-06-27T09:32:38.701+0000] {dag.py:2726} INFO - Sync 1 DAGs
[2023-06-27T09:32:38.865+0000] {logging_mixin.py:149} INFO - [2023-06-27T09:32:38.865+0000] {dag.py:3486} INFO - Setting next_dagrun for example_dynamic_task_mapping_with_no_taskflow_operators to 2023-06-26T09:32:38.865098+00:00, run_after=2023-06-27T09:32:38.865098+00:00
[2023-06-27T09:32:38.932+0000] {processor.py:179} INFO - Processing /home/airflow/.local/lib/python3.8/site-packages/airflow/example_dags/example_dynamic_task_mapping_with_no_taskflow_operators.py took 0.397 seconds
[2023-06-27T09:33:10.153+0000] {processor.py:157} INFO - Started process (PID=1050) to work on /home/airflow/.local/lib/python3.8/site-packages/airflow/example_dags/example_dynamic_task_mapping_with_no_taskflow_operators.py
[2023-06-27T09:33:10.159+0000] {processor.py:826} INFO - Processing file /home/airflow/.local/lib/python3.8/site-packages/airflow/example_dags/example_dynamic_task_mapping_with_no_taskflow_operators.py for tasks to queue
[2023-06-27T09:33:10.172+0000] {logging_mixin.py:149} INFO - [2023-06-27T09:33:10.172+0000] {dagbag.py:541} INFO - Filling up the DagBag from /home/airflow/.local/lib/python3.8/site-packages/airflow/example_dags/example_dynamic_task_mapping_with_no_taskflow_operators.py
[2023-06-27T09:33:10.202+0000] {processor.py:836} INFO - DAG(s) dict_keys(['example_dynamic_task_mapping_with_no_taskflow_operators']) retrieved from /home/airflow/.local/lib/python3.8/site-packages/airflow/example_dags/example_dynamic_task_mapping_with_no_taskflow_operators.py
[2023-06-27T09:33:10.372+0000] {logging_mixin.py:149} INFO - [2023-06-27T09:33:10.368+0000] {dag.py:2726} INFO - Sync 1 DAGs
[2023-06-27T09:33:10.483+0000] {logging_mixin.py:149} INFO - [2023-06-27T09:33:10.483+0000] {dag.py:3486} INFO - Setting next_dagrun for example_dynamic_task_mapping_with_no_taskflow_operators to 2023-06-26T09:33:10.483374+00:00, run_after=2023-06-27T09:33:10.483374+00:00
[2023-06-27T09:33:10.549+0000] {processor.py:179} INFO - Processing /home/airflow/.local/lib/python3.8/site-packages/airflow/example_dags/example_dynamic_task_mapping_with_no_taskflow_operators.py took 0.412 seconds
[2023-06-27T09:33:41.111+0000] {processor.py:157} INFO - Started process (PID=1119) to work on /home/airflow/.local/lib/python3.8/site-packages/airflow/example_dags/example_dynamic_task_mapping_with_no_taskflow_operators.py
[2023-06-27T09:33:41.117+0000] {processor.py:826} INFO - Processing file /home/airflow/.local/lib/python3.8/site-packages/airflow/example_dags/example_dynamic_task_mapping_with_no_taskflow_operators.py for tasks to queue
[2023-06-27T09:33:41.120+0000] {logging_mixin.py:149} INFO - [2023-06-27T09:33:41.120+0000] {dagbag.py:541} INFO - Filling up the DagBag from /home/airflow/.local/lib/python3.8/site-packages/airflow/example_dags/example_dynamic_task_mapping_with_no_taskflow_operators.py
[2023-06-27T09:33:41.136+0000] {processor.py:836} INFO - DAG(s) dict_keys(['example_dynamic_task_mapping_with_no_taskflow_operators']) retrieved from /home/airflow/.local/lib/python3.8/site-packages/airflow/example_dags/example_dynamic_task_mapping_with_no_taskflow_operators.py
[2023-06-27T09:33:41.194+0000] {logging_mixin.py:149} INFO - [2023-06-27T09:33:41.194+0000] {dag.py:2726} INFO - Sync 1 DAGs
[2023-06-27T09:33:41.251+0000] {logging_mixin.py:149} INFO - [2023-06-27T09:33:41.251+0000] {dag.py:3486} INFO - Setting next_dagrun for example_dynamic_task_mapping_with_no_taskflow_operators to 2023-06-26T09:33:41.251163+00:00, run_after=2023-06-27T09:33:41.251163+00:00
[2023-06-27T09:33:41.316+0000] {processor.py:179} INFO - Processing /home/airflow/.local/lib/python3.8/site-packages/airflow/example_dags/example_dynamic_task_mapping_with_no_taskflow_operators.py took 0.233 seconds
[2023-06-27T09:34:12.293+0000] {processor.py:157} INFO - Started process (PID=1186) to work on /home/airflow/.local/lib/python3.8/site-packages/airflow/example_dags/example_dynamic_task_mapping_with_no_taskflow_operators.py
[2023-06-27T09:34:12.298+0000] {processor.py:826} INFO - Processing file /home/airflow/.local/lib/python3.8/site-packages/airflow/example_dags/example_dynamic_task_mapping_with_no_taskflow_operators.py for tasks to queue
[2023-06-27T09:34:12.300+0000] {logging_mixin.py:149} INFO - [2023-06-27T09:34:12.300+0000] {dagbag.py:541} INFO - Filling up the DagBag from /home/airflow/.local/lib/python3.8/site-packages/airflow/example_dags/example_dynamic_task_mapping_with_no_taskflow_operators.py
[2023-06-27T09:34:12.320+0000] {processor.py:836} INFO - DAG(s) dict_keys(['example_dynamic_task_mapping_with_no_taskflow_operators']) retrieved from /home/airflow/.local/lib/python3.8/site-packages/airflow/example_dags/example_dynamic_task_mapping_with_no_taskflow_operators.py
[2023-06-27T09:34:12.379+0000] {logging_mixin.py:149} INFO - [2023-06-27T09:34:12.379+0000] {dag.py:2726} INFO - Sync 1 DAGs
[2023-06-27T09:34:12.453+0000] {logging_mixin.py:149} INFO - [2023-06-27T09:34:12.453+0000] {dag.py:3486} INFO - Setting next_dagrun for example_dynamic_task_mapping_with_no_taskflow_operators to 2023-06-26T09:34:12.453371+00:00, run_after=2023-06-27T09:34:12.453371+00:00
[2023-06-27T09:34:12.518+0000] {processor.py:179} INFO - Processing /home/airflow/.local/lib/python3.8/site-packages/airflow/example_dags/example_dynamic_task_mapping_with_no_taskflow_operators.py took 0.234 seconds
