[2023-06-27T00:00:51.055+0000] {processor.py:157} INFO - Started process (PID=459) to work on /home/airflow/.local/lib/python3.8/site-packages/airflow/example_dags/example_trigger_controller_dag.py
[2023-06-27T00:00:51.056+0000] {processor.py:826} INFO - Processing file /home/airflow/.local/lib/python3.8/site-packages/airflow/example_dags/example_trigger_controller_dag.py for tasks to queue
[2023-06-27T00:00:51.091+0000] {logging_mixin.py:149} INFO - [2023-06-27T00:00:51.090+0000] {dagbag.py:541} INFO - Filling up the DagBag from /home/airflow/.local/lib/python3.8/site-packages/airflow/example_dags/example_trigger_controller_dag.py
[2023-06-27T00:00:51.131+0000] {processor.py:836} INFO - DAG(s) dict_keys(['example_trigger_controller_dag']) retrieved from /home/airflow/.local/lib/python3.8/site-packages/airflow/example_dags/example_trigger_controller_dag.py
[2023-06-27T00:00:51.430+0000] {logging_mixin.py:149} INFO - [2023-06-27T00:00:51.429+0000] {dag.py:2726} INFO - Sync 1 DAGs
[2023-06-27T00:00:51.702+0000] {logging_mixin.py:149} INFO - [2023-06-27T00:00:51.702+0000] {dag.py:3486} INFO - Setting next_dagrun for example_trigger_controller_dag to 2021-01-01T00:00:00+00:00, run_after=2021-01-01T00:00:00+00:00
[2023-06-27T00:00:51.900+0000] {processor.py:179} INFO - Processing /home/airflow/.local/lib/python3.8/site-packages/airflow/example_dags/example_trigger_controller_dag.py took 0.920 seconds
[2023-06-27T00:04:11.008+0000] {processor.py:157} INFO - Started process (PID=577) to work on /home/airflow/.local/lib/python3.8/site-packages/airflow/example_dags/example_trigger_controller_dag.py
[2023-06-27T00:04:11.030+0000] {processor.py:826} INFO - Processing file /home/airflow/.local/lib/python3.8/site-packages/airflow/example_dags/example_trigger_controller_dag.py for tasks to queue
[2023-06-27T00:04:11.031+0000] {logging_mixin.py:149} INFO - [2023-06-27T00:04:11.030+0000] {dagbag.py:541} INFO - Filling up the DagBag from /home/airflow/.local/lib/python3.8/site-packages/airflow/example_dags/example_trigger_controller_dag.py
[2023-06-27T00:04:12.700+0000] {processor.py:836} INFO - DAG(s) dict_keys(['example_trigger_controller_dag']) retrieved from /home/airflow/.local/lib/python3.8/site-packages/airflow/example_dags/example_trigger_controller_dag.py
[2023-06-27T00:04:17.324+0000] {logging_mixin.py:149} INFO - [2023-06-27T00:04:17.324+0000] {dag.py:2726} INFO - Sync 1 DAGs
[2023-06-27T00:04:23.090+0000] {logging_mixin.py:149} INFO - [2023-06-27T00:04:23.090+0000] {dag.py:3486} INFO - Setting next_dagrun for example_trigger_controller_dag to 2021-01-01T00:00:00+00:00, run_after=2021-01-01T00:00:00+00:00
[2023-06-27T00:04:27.615+0000] {processor.py:179} INFO - Processing /home/airflow/.local/lib/python3.8/site-packages/airflow/example_dags/example_trigger_controller_dag.py took 17.030 seconds
[2023-06-27T01:01:19.776+0000] {processor.py:157} INFO - Started process (PID=40) to work on /home/airflow/.local/lib/python3.8/site-packages/airflow/example_dags/example_trigger_controller_dag.py
[2023-06-27T01:01:19.795+0000] {processor.py:826} INFO - Processing file /home/airflow/.local/lib/python3.8/site-packages/airflow/example_dags/example_trigger_controller_dag.py for tasks to queue
[2023-06-27T01:01:19.796+0000] {logging_mixin.py:149} INFO - [2023-06-27T01:01:19.796+0000] {dagbag.py:541} INFO - Filling up the DagBag from /home/airflow/.local/lib/python3.8/site-packages/airflow/example_dags/example_trigger_controller_dag.py
[2023-06-27T01:01:19.866+0000] {processor.py:836} INFO - DAG(s) dict_keys(['example_trigger_controller_dag']) retrieved from /home/airflow/.local/lib/python3.8/site-packages/airflow/example_dags/example_trigger_controller_dag.py
[2023-06-27T01:01:20.084+0000] {logging_mixin.py:149} INFO - [2023-06-27T01:01:20.083+0000] {dag.py:2726} INFO - Sync 1 DAGs
[2023-06-27T01:01:20.265+0000] {logging_mixin.py:149} INFO - [2023-06-27T01:01:20.264+0000] {dag.py:3486} INFO - Setting next_dagrun for example_trigger_controller_dag to 2021-01-01T00:00:00+00:00, run_after=2021-01-01T00:00:00+00:00
[2023-06-27T01:01:20.493+0000] {processor.py:179} INFO - Processing /home/airflow/.local/lib/python3.8/site-packages/airflow/example_dags/example_trigger_controller_dag.py took 0.746 seconds
[2023-06-27T01:05:40.357+0000] {processor.py:157} INFO - Started process (PID=195) to work on /home/airflow/.local/lib/python3.8/site-packages/airflow/example_dags/example_trigger_controller_dag.py
[2023-06-27T01:05:40.506+0000] {processor.py:826} INFO - Processing file /home/airflow/.local/lib/python3.8/site-packages/airflow/example_dags/example_trigger_controller_dag.py for tasks to queue
[2023-06-27T01:05:40.508+0000] {logging_mixin.py:149} INFO - [2023-06-27T01:05:40.508+0000] {dagbag.py:541} INFO - Filling up the DagBag from /home/airflow/.local/lib/python3.8/site-packages/airflow/example_dags/example_trigger_controller_dag.py
[2023-06-27T01:05:40.933+0000] {processor.py:836} INFO - DAG(s) dict_keys(['example_trigger_controller_dag']) retrieved from /home/airflow/.local/lib/python3.8/site-packages/airflow/example_dags/example_trigger_controller_dag.py
[2023-06-27T01:05:41.714+0000] {logging_mixin.py:149} INFO - [2023-06-27T01:05:41.714+0000] {dag.py:2726} INFO - Sync 1 DAGs
[2023-06-27T01:05:42.718+0000] {logging_mixin.py:149} INFO - [2023-06-27T01:05:42.718+0000] {dag.py:3486} INFO - Setting next_dagrun for example_trigger_controller_dag to 2021-01-01T00:00:00+00:00, run_after=2021-01-01T00:00:00+00:00
[2023-06-27T01:05:43.981+0000] {processor.py:179} INFO - Processing /home/airflow/.local/lib/python3.8/site-packages/airflow/example_dags/example_trigger_controller_dag.py took 3.794 seconds
[2023-06-27T01:37:35.432+0000] {processor.py:157} INFO - Started process (PID=49) to work on /home/airflow/.local/lib/python3.8/site-packages/airflow/example_dags/example_trigger_controller_dag.py
[2023-06-27T01:37:35.434+0000] {processor.py:826} INFO - Processing file /home/airflow/.local/lib/python3.8/site-packages/airflow/example_dags/example_trigger_controller_dag.py for tasks to queue
[2023-06-27T01:37:35.435+0000] {logging_mixin.py:149} INFO - [2023-06-27T01:37:35.435+0000] {dagbag.py:541} INFO - Filling up the DagBag from /home/airflow/.local/lib/python3.8/site-packages/airflow/example_dags/example_trigger_controller_dag.py
[2023-06-27T01:37:35.452+0000] {processor.py:836} INFO - DAG(s) dict_keys(['example_trigger_controller_dag']) retrieved from /home/airflow/.local/lib/python3.8/site-packages/airflow/example_dags/example_trigger_controller_dag.py
[2023-06-27T01:37:35.550+0000] {logging_mixin.py:149} INFO - [2023-06-27T01:37:35.550+0000] {dag.py:2726} INFO - Sync 1 DAGs
[2023-06-27T01:37:35.611+0000] {logging_mixin.py:149} INFO - [2023-06-27T01:37:35.610+0000] {dag.py:3486} INFO - Setting next_dagrun for example_trigger_controller_dag to 2021-01-01T00:00:00+00:00, run_after=2021-01-01T00:00:00+00:00
[2023-06-27T01:37:35.661+0000] {processor.py:179} INFO - Processing /home/airflow/.local/lib/python3.8/site-packages/airflow/example_dags/example_trigger_controller_dag.py took 0.254 seconds
[2023-06-27T01:38:13.068+0000] {processor.py:157} INFO - Started process (PID=114) to work on /home/airflow/.local/lib/python3.8/site-packages/airflow/example_dags/example_trigger_controller_dag.py
[2023-06-27T01:38:13.510+0000] {processor.py:826} INFO - Processing file /home/airflow/.local/lib/python3.8/site-packages/airflow/example_dags/example_trigger_controller_dag.py for tasks to queue
[2023-06-27T01:38:13.769+0000] {logging_mixin.py:149} INFO - [2023-06-27T01:38:13.769+0000] {dagbag.py:541} INFO - Filling up the DagBag from /home/airflow/.local/lib/python3.8/site-packages/airflow/example_dags/example_trigger_controller_dag.py
[2023-06-27T01:38:14.227+0000] {processor.py:836} INFO - DAG(s) dict_keys(['example_trigger_controller_dag']) retrieved from /home/airflow/.local/lib/python3.8/site-packages/airflow/example_dags/example_trigger_controller_dag.py
[2023-06-27T01:38:15.551+0000] {logging_mixin.py:149} INFO - [2023-06-27T01:38:15.550+0000] {dag.py:2726} INFO - Sync 1 DAGs
[2023-06-27T01:38:16.138+0000] {logging_mixin.py:149} INFO - [2023-06-27T01:38:16.137+0000] {dag.py:3486} INFO - Setting next_dagrun for example_trigger_controller_dag to 2021-01-01T00:00:00+00:00, run_after=2021-01-01T00:00:00+00:00
[2023-06-27T01:38:18.089+0000] {processor.py:179} INFO - Processing /home/airflow/.local/lib/python3.8/site-packages/airflow/example_dags/example_trigger_controller_dag.py took 5.124 seconds
[2023-06-27T01:40:17.048+0000] {processor.py:157} INFO - Started process (PID=191) to work on /home/airflow/.local/lib/python3.8/site-packages/airflow/example_dags/example_trigger_controller_dag.py
[2023-06-27T01:40:17.094+0000] {processor.py:826} INFO - Processing file /home/airflow/.local/lib/python3.8/site-packages/airflow/example_dags/example_trigger_controller_dag.py for tasks to queue
[2023-06-27T01:40:17.097+0000] {logging_mixin.py:149} INFO - [2023-06-27T01:40:17.096+0000] {dagbag.py:541} INFO - Filling up the DagBag from /home/airflow/.local/lib/python3.8/site-packages/airflow/example_dags/example_trigger_controller_dag.py
[2023-06-27T01:40:17.289+0000] {processor.py:836} INFO - DAG(s) dict_keys(['example_trigger_controller_dag']) retrieved from /home/airflow/.local/lib/python3.8/site-packages/airflow/example_dags/example_trigger_controller_dag.py
[2023-06-27T01:40:17.918+0000] {logging_mixin.py:149} INFO - [2023-06-27T01:40:17.918+0000] {dag.py:2726} INFO - Sync 1 DAGs
[2023-06-27T01:40:18.544+0000] {logging_mixin.py:149} INFO - [2023-06-27T01:40:18.544+0000] {dag.py:3486} INFO - Setting next_dagrun for example_trigger_controller_dag to 2021-01-01T00:00:00+00:00, run_after=2021-01-01T00:00:00+00:00
[2023-06-27T01:40:19.075+0000] {processor.py:179} INFO - Processing /home/airflow/.local/lib/python3.8/site-packages/airflow/example_dags/example_trigger_controller_dag.py took 2.150 seconds
[2023-06-27T01:44:01.459+0000] {processor.py:157} INFO - Started process (PID=322) to work on /home/airflow/.local/lib/python3.8/site-packages/airflow/example_dags/example_trigger_controller_dag.py
[2023-06-27T01:44:01.909+0000] {processor.py:826} INFO - Processing file /home/airflow/.local/lib/python3.8/site-packages/airflow/example_dags/example_trigger_controller_dag.py for tasks to queue
[2023-06-27T01:44:03.090+0000] {logging_mixin.py:149} INFO - [2023-06-27T01:44:03.089+0000] {dagbag.py:541} INFO - Filling up the DagBag from /home/airflow/.local/lib/python3.8/site-packages/airflow/example_dags/example_trigger_controller_dag.py
[2023-06-27T01:44:06.993+0000] {processor.py:836} INFO - DAG(s) dict_keys(['example_trigger_controller_dag']) retrieved from /home/airflow/.local/lib/python3.8/site-packages/airflow/example_dags/example_trigger_controller_dag.py
[2023-06-27T01:44:12.217+0000] {logging_mixin.py:149} INFO - [2023-06-27T01:44:12.136+0000] {dag.py:2726} INFO - Sync 1 DAGs
[2023-06-27T01:44:19.997+0000] {logging_mixin.py:149} INFO - [2023-06-27T01:44:19.997+0000] {dag.py:3486} INFO - Setting next_dagrun for example_trigger_controller_dag to 2021-01-01T00:00:00+00:00, run_after=2021-01-01T00:00:00+00:00
[2023-06-27T01:44:26.106+0000] {processor.py:179} INFO - Processing /home/airflow/.local/lib/python3.8/site-packages/airflow/example_dags/example_trigger_controller_dag.py took 26.240 seconds
[2023-06-27T02:16:32.526+0000] {processor.py:157} INFO - Started process (PID=38) to work on /home/airflow/.local/lib/python3.8/site-packages/airflow/example_dags/example_trigger_controller_dag.py
[2023-06-27T02:16:32.567+0000] {processor.py:826} INFO - Processing file /home/airflow/.local/lib/python3.8/site-packages/airflow/example_dags/example_trigger_controller_dag.py for tasks to queue
[2023-06-27T02:16:32.568+0000] {logging_mixin.py:149} INFO - [2023-06-27T02:16:32.568+0000] {dagbag.py:541} INFO - Filling up the DagBag from /home/airflow/.local/lib/python3.8/site-packages/airflow/example_dags/example_trigger_controller_dag.py
[2023-06-27T02:16:32.628+0000] {processor.py:836} INFO - DAG(s) dict_keys(['example_trigger_controller_dag']) retrieved from /home/airflow/.local/lib/python3.8/site-packages/airflow/example_dags/example_trigger_controller_dag.py
[2023-06-27T02:16:32.895+0000] {logging_mixin.py:149} INFO - [2023-06-27T02:16:32.894+0000] {dag.py:2726} INFO - Sync 1 DAGs
[2023-06-27T02:16:32.973+0000] {logging_mixin.py:149} INFO - [2023-06-27T02:16:32.972+0000] {dag.py:3486} INFO - Setting next_dagrun for example_trigger_controller_dag to 2021-01-01T00:00:00+00:00, run_after=2021-01-01T00:00:00+00:00
[2023-06-27T02:16:33.064+0000] {processor.py:179} INFO - Processing /home/airflow/.local/lib/python3.8/site-packages/airflow/example_dags/example_trigger_controller_dag.py took 0.592 seconds
[2023-06-27T02:21:12.040+0000] {processor.py:157} INFO - Started process (PID=203) to work on /home/airflow/.local/lib/python3.8/site-packages/airflow/example_dags/example_trigger_controller_dag.py
[2023-06-27T02:21:12.059+0000] {processor.py:826} INFO - Processing file /home/airflow/.local/lib/python3.8/site-packages/airflow/example_dags/example_trigger_controller_dag.py for tasks to queue
[2023-06-27T02:21:12.968+0000] {logging_mixin.py:149} INFO - [2023-06-27T02:21:12.968+0000] {dagbag.py:541} INFO - Filling up the DagBag from /home/airflow/.local/lib/python3.8/site-packages/airflow/example_dags/example_trigger_controller_dag.py
[2023-06-27T02:21:13.851+0000] {processor.py:836} INFO - DAG(s) dict_keys(['example_trigger_controller_dag']) retrieved from /home/airflow/.local/lib/python3.8/site-packages/airflow/example_dags/example_trigger_controller_dag.py
[2023-06-27T02:21:19.986+0000] {logging_mixin.py:149} INFO - [2023-06-27T02:21:19.986+0000] {dag.py:2726} INFO - Sync 1 DAGs
[2023-06-27T02:21:26.490+0000] {logging_mixin.py:149} INFO - [2023-06-27T02:21:26.490+0000] {dag.py:3486} INFO - Setting next_dagrun for example_trigger_controller_dag to 2021-01-01T00:00:00+00:00, run_after=2021-01-01T00:00:00+00:00
[2023-06-27T02:21:29.348+0000] {processor.py:179} INFO - Processing /home/airflow/.local/lib/python3.8/site-packages/airflow/example_dags/example_trigger_controller_dag.py took 17.925 seconds
[2023-06-27T06:15:16.051+0000] {processor.py:157} INFO - Started process (PID=284) to work on /home/airflow/.local/lib/python3.8/site-packages/airflow/example_dags/example_trigger_controller_dag.py
[2023-06-27T06:15:16.230+0000] {processor.py:826} INFO - Processing file /home/airflow/.local/lib/python3.8/site-packages/airflow/example_dags/example_trigger_controller_dag.py for tasks to queue
[2023-06-27T06:15:16.231+0000] {logging_mixin.py:149} INFO - [2023-06-27T06:15:16.230+0000] {dagbag.py:541} INFO - Filling up the DagBag from /home/airflow/.local/lib/python3.8/site-packages/airflow/example_dags/example_trigger_controller_dag.py
[2023-06-27T06:15:16.833+0000] {processor.py:836} INFO - DAG(s) dict_keys(['example_trigger_controller_dag']) retrieved from /home/airflow/.local/lib/python3.8/site-packages/airflow/example_dags/example_trigger_controller_dag.py
[2023-06-27T06:15:17.678+0000] {logging_mixin.py:149} INFO - [2023-06-27T06:15:17.678+0000] {dag.py:2726} INFO - Sync 1 DAGs
[2023-06-27T06:15:18.302+0000] {logging_mixin.py:149} INFO - [2023-06-27T06:15:18.302+0000] {dag.py:3486} INFO - Setting next_dagrun for example_trigger_controller_dag to 2021-01-01T00:00:00+00:00, run_after=2021-01-01T00:00:00+00:00
[2023-06-27T06:15:19.117+0000] {processor.py:179} INFO - Processing /home/airflow/.local/lib/python3.8/site-packages/airflow/example_dags/example_trigger_controller_dag.py took 3.171 seconds
[2023-06-27T08:56:10.363+0000] {processor.py:157} INFO - Started process (PID=494) to work on /home/airflow/.local/lib/python3.8/site-packages/airflow/example_dags/example_trigger_controller_dag.py
[2023-06-27T08:56:10.421+0000] {processor.py:826} INFO - Processing file /home/airflow/.local/lib/python3.8/site-packages/airflow/example_dags/example_trigger_controller_dag.py for tasks to queue
[2023-06-27T08:56:10.422+0000] {logging_mixin.py:149} INFO - [2023-06-27T08:56:10.422+0000] {dagbag.py:541} INFO - Filling up the DagBag from /home/airflow/.local/lib/python3.8/site-packages/airflow/example_dags/example_trigger_controller_dag.py
[2023-06-27T08:56:10.437+0000] {processor.py:836} INFO - DAG(s) dict_keys(['example_trigger_controller_dag']) retrieved from /home/airflow/.local/lib/python3.8/site-packages/airflow/example_dags/example_trigger_controller_dag.py
[2023-06-27T08:56:10.479+0000] {logging_mixin.py:149} INFO - [2023-06-27T08:56:10.479+0000] {dag.py:2726} INFO - Sync 1 DAGs
[2023-06-27T08:56:10.503+0000] {logging_mixin.py:149} INFO - [2023-06-27T08:56:10.503+0000] {dag.py:3486} INFO - Setting next_dagrun for example_trigger_controller_dag to 2021-01-01T00:00:00+00:00, run_after=2021-01-01T00:00:00+00:00
[2023-06-27T08:56:10.582+0000] {processor.py:179} INFO - Processing /home/airflow/.local/lib/python3.8/site-packages/airflow/example_dags/example_trigger_controller_dag.py took 0.231 seconds
[2023-06-27T08:56:43.710+0000] {processor.py:157} INFO - Started process (PID=547) to work on /home/airflow/.local/lib/python3.8/site-packages/airflow/example_dags/example_trigger_controller_dag.py
[2023-06-27T08:56:43.744+0000] {processor.py:826} INFO - Processing file /home/airflow/.local/lib/python3.8/site-packages/airflow/example_dags/example_trigger_controller_dag.py for tasks to queue
[2023-06-27T08:56:43.745+0000] {logging_mixin.py:149} INFO - [2023-06-27T08:56:43.745+0000] {dagbag.py:541} INFO - Filling up the DagBag from /home/airflow/.local/lib/python3.8/site-packages/airflow/example_dags/example_trigger_controller_dag.py
[2023-06-27T08:56:43.772+0000] {processor.py:836} INFO - DAG(s) dict_keys(['example_trigger_controller_dag']) retrieved from /home/airflow/.local/lib/python3.8/site-packages/airflow/example_dags/example_trigger_controller_dag.py
[2023-06-27T08:56:43.881+0000] {logging_mixin.py:149} INFO - [2023-06-27T08:56:43.881+0000] {dag.py:2726} INFO - Sync 1 DAGs
[2023-06-27T08:56:43.912+0000] {logging_mixin.py:149} INFO - [2023-06-27T08:56:43.911+0000] {dag.py:3486} INFO - Setting next_dagrun for example_trigger_controller_dag to 2021-01-01T00:00:00+00:00, run_after=2021-01-01T00:00:00+00:00
[2023-06-27T08:56:44.021+0000] {processor.py:179} INFO - Processing /home/airflow/.local/lib/python3.8/site-packages/airflow/example_dags/example_trigger_controller_dag.py took 0.333 seconds
[2023-06-27T08:57:19.853+0000] {processor.py:157} INFO - Started process (PID=621) to work on /home/airflow/.local/lib/python3.8/site-packages/airflow/example_dags/example_trigger_controller_dag.py
[2023-06-27T08:57:19.914+0000] {processor.py:826} INFO - Processing file /home/airflow/.local/lib/python3.8/site-packages/airflow/example_dags/example_trigger_controller_dag.py for tasks to queue
[2023-06-27T08:57:20.054+0000] {logging_mixin.py:149} INFO - [2023-06-27T08:57:20.054+0000] {dagbag.py:541} INFO - Filling up the DagBag from /home/airflow/.local/lib/python3.8/site-packages/airflow/example_dags/example_trigger_controller_dag.py
[2023-06-27T08:57:20.335+0000] {processor.py:836} INFO - DAG(s) dict_keys(['example_trigger_controller_dag']) retrieved from /home/airflow/.local/lib/python3.8/site-packages/airflow/example_dags/example_trigger_controller_dag.py
[2023-06-27T08:57:21.880+0000] {logging_mixin.py:149} INFO - [2023-06-27T08:57:21.879+0000] {dag.py:2726} INFO - Sync 1 DAGs
[2023-06-27T08:57:23.046+0000] {logging_mixin.py:149} INFO - [2023-06-27T08:57:23.045+0000] {dag.py:3486} INFO - Setting next_dagrun for example_trigger_controller_dag to 2021-01-01T00:00:00+00:00, run_after=2021-01-01T00:00:00+00:00
[2023-06-27T08:57:24.935+0000] {processor.py:179} INFO - Processing /home/airflow/.local/lib/python3.8/site-packages/airflow/example_dags/example_trigger_controller_dag.py took 5.163 seconds
[2023-06-27T08:58:31.638+0000] {processor.py:157} INFO - Started process (PID=660) to work on /home/airflow/.local/lib/python3.8/site-packages/airflow/example_dags/example_trigger_controller_dag.py
[2023-06-27T08:58:31.744+0000] {processor.py:826} INFO - Processing file /home/airflow/.local/lib/python3.8/site-packages/airflow/example_dags/example_trigger_controller_dag.py for tasks to queue
[2023-06-27T08:58:31.900+0000] {logging_mixin.py:149} INFO - [2023-06-27T08:58:31.899+0000] {dagbag.py:541} INFO - Filling up the DagBag from /home/airflow/.local/lib/python3.8/site-packages/airflow/example_dags/example_trigger_controller_dag.py
[2023-06-27T08:58:32.281+0000] {processor.py:836} INFO - DAG(s) dict_keys(['example_trigger_controller_dag']) retrieved from /home/airflow/.local/lib/python3.8/site-packages/airflow/example_dags/example_trigger_controller_dag.py
[2023-06-27T08:58:35.233+0000] {logging_mixin.py:149} INFO - [2023-06-27T08:58:35.232+0000] {dag.py:2726} INFO - Sync 1 DAGs
[2023-06-27T08:58:37.720+0000] {logging_mixin.py:149} INFO - [2023-06-27T08:58:37.719+0000] {dag.py:3486} INFO - Setting next_dagrun for example_trigger_controller_dag to 2021-01-01T00:00:00+00:00, run_after=2021-01-01T00:00:00+00:00
[2023-06-27T08:59:05.153+0000] {processor.py:179} INFO - Processing /home/airflow/.local/lib/python3.8/site-packages/airflow/example_dags/example_trigger_controller_dag.py took 34.573 seconds
[2023-06-27T09:00:41.044+0000] {processor.py:157} INFO - Started process (PID=759) to work on /home/airflow/.local/lib/python3.8/site-packages/airflow/example_dags/example_trigger_controller_dag.py
[2023-06-27T09:00:41.115+0000] {processor.py:826} INFO - Processing file /home/airflow/.local/lib/python3.8/site-packages/airflow/example_dags/example_trigger_controller_dag.py for tasks to queue
[2023-06-27T09:00:41.118+0000] {logging_mixin.py:149} INFO - [2023-06-27T09:00:41.118+0000] {dagbag.py:541} INFO - Filling up the DagBag from /home/airflow/.local/lib/python3.8/site-packages/airflow/example_dags/example_trigger_controller_dag.py
[2023-06-27T09:00:41.293+0000] {processor.py:836} INFO - DAG(s) dict_keys(['example_trigger_controller_dag']) retrieved from /home/airflow/.local/lib/python3.8/site-packages/airflow/example_dags/example_trigger_controller_dag.py
[2023-06-27T09:00:41.440+0000] {logging_mixin.py:149} INFO - [2023-06-27T09:00:41.440+0000] {dag.py:2726} INFO - Sync 1 DAGs
[2023-06-27T09:00:41.548+0000] {logging_mixin.py:149} INFO - [2023-06-27T09:00:41.548+0000] {dag.py:3486} INFO - Setting next_dagrun for example_trigger_controller_dag to 2021-01-01T00:00:00+00:00, run_after=2021-01-01T00:00:00+00:00
[2023-06-27T09:00:41.808+0000] {processor.py:179} INFO - Processing /home/airflow/.local/lib/python3.8/site-packages/airflow/example_dags/example_trigger_controller_dag.py took 0.768 seconds
[2023-06-27T09:04:43.627+0000] {processor.py:157} INFO - Started process (PID=862) to work on /home/airflow/.local/lib/python3.8/site-packages/airflow/example_dags/example_trigger_controller_dag.py
[2023-06-27T09:04:43.847+0000] {processor.py:826} INFO - Processing file /home/airflow/.local/lib/python3.8/site-packages/airflow/example_dags/example_trigger_controller_dag.py for tasks to queue
[2023-06-27T09:04:44.088+0000] {logging_mixin.py:149} INFO - [2023-06-27T09:04:44.087+0000] {dagbag.py:541} INFO - Filling up the DagBag from /home/airflow/.local/lib/python3.8/site-packages/airflow/example_dags/example_trigger_controller_dag.py
[2023-06-27T09:04:44.652+0000] {processor.py:836} INFO - DAG(s) dict_keys(['example_trigger_controller_dag']) retrieved from /home/airflow/.local/lib/python3.8/site-packages/airflow/example_dags/example_trigger_controller_dag.py
[2023-06-27T09:04:51.447+0000] {logging_mixin.py:149} INFO - [2023-06-27T09:04:51.446+0000] {dag.py:2726} INFO - Sync 1 DAGs
[2023-06-27T09:04:57.350+0000] {logging_mixin.py:149} INFO - [2023-06-27T09:04:57.349+0000] {dag.py:3486} INFO - Setting next_dagrun for example_trigger_controller_dag to 2021-01-01T00:00:00+00:00, run_after=2021-01-01T00:00:00+00:00
[2023-06-27T09:05:00.497+0000] {processor.py:179} INFO - Processing /home/airflow/.local/lib/python3.8/site-packages/airflow/example_dags/example_trigger_controller_dag.py took 17.929 seconds
[2023-06-27T09:20:36.990+0000] {processor.py:157} INFO - Started process (PID=48) to work on /home/airflow/.local/lib/python3.8/site-packages/airflow/example_dags/example_trigger_controller_dag.py
[2023-06-27T09:20:37.025+0000] {processor.py:826} INFO - Processing file /home/airflow/.local/lib/python3.8/site-packages/airflow/example_dags/example_trigger_controller_dag.py for tasks to queue
[2023-06-27T09:20:37.029+0000] {logging_mixin.py:149} INFO - [2023-06-27T09:20:37.028+0000] {dagbag.py:541} INFO - Filling up the DagBag from /home/airflow/.local/lib/python3.8/site-packages/airflow/example_dags/example_trigger_controller_dag.py
[2023-06-27T09:20:37.072+0000] {processor.py:836} INFO - DAG(s) dict_keys(['example_trigger_controller_dag']) retrieved from /home/airflow/.local/lib/python3.8/site-packages/airflow/example_dags/example_trigger_controller_dag.py
[2023-06-27T09:20:37.383+0000] {logging_mixin.py:149} INFO - [2023-06-27T09:20:37.379+0000] {dag.py:2726} INFO - Sync 1 DAGs
[2023-06-27T09:20:37.718+0000] {logging_mixin.py:149} INFO - [2023-06-27T09:20:37.718+0000] {dag.py:3486} INFO - Setting next_dagrun for example_trigger_controller_dag to 2021-01-01T00:00:00+00:00, run_after=2021-01-01T00:00:00+00:00
[2023-06-27T09:20:37.967+0000] {processor.py:179} INFO - Processing /home/airflow/.local/lib/python3.8/site-packages/airflow/example_dags/example_trigger_controller_dag.py took 1.011 seconds
[2023-06-27T09:21:08.606+0000] {processor.py:157} INFO - Started process (PID=107) to work on /home/airflow/.local/lib/python3.8/site-packages/airflow/example_dags/example_trigger_controller_dag.py
[2023-06-27T09:21:08.620+0000] {processor.py:826} INFO - Processing file /home/airflow/.local/lib/python3.8/site-packages/airflow/example_dags/example_trigger_controller_dag.py for tasks to queue
[2023-06-27T09:21:08.622+0000] {logging_mixin.py:149} INFO - [2023-06-27T09:21:08.621+0000] {dagbag.py:541} INFO - Filling up the DagBag from /home/airflow/.local/lib/python3.8/site-packages/airflow/example_dags/example_trigger_controller_dag.py
[2023-06-27T09:21:08.668+0000] {processor.py:836} INFO - DAG(s) dict_keys(['example_trigger_controller_dag']) retrieved from /home/airflow/.local/lib/python3.8/site-packages/airflow/example_dags/example_trigger_controller_dag.py
[2023-06-27T09:21:08.868+0000] {logging_mixin.py:149} INFO - [2023-06-27T09:21:08.868+0000] {dag.py:2726} INFO - Sync 1 DAGs
[2023-06-27T09:21:08.963+0000] {logging_mixin.py:149} INFO - [2023-06-27T09:21:08.963+0000] {dag.py:3486} INFO - Setting next_dagrun for example_trigger_controller_dag to 2021-01-01T00:00:00+00:00, run_after=2021-01-01T00:00:00+00:00
[2023-06-27T09:21:09.079+0000] {processor.py:179} INFO - Processing /home/airflow/.local/lib/python3.8/site-packages/airflow/example_dags/example_trigger_controller_dag.py took 0.495 seconds
[2023-06-27T09:21:40.005+0000] {processor.py:157} INFO - Started process (PID=174) to work on /home/airflow/.local/lib/python3.8/site-packages/airflow/example_dags/example_trigger_controller_dag.py
[2023-06-27T09:21:40.011+0000] {processor.py:826} INFO - Processing file /home/airflow/.local/lib/python3.8/site-packages/airflow/example_dags/example_trigger_controller_dag.py for tasks to queue
[2023-06-27T09:21:40.013+0000] {logging_mixin.py:149} INFO - [2023-06-27T09:21:40.012+0000] {dagbag.py:541} INFO - Filling up the DagBag from /home/airflow/.local/lib/python3.8/site-packages/airflow/example_dags/example_trigger_controller_dag.py
[2023-06-27T09:21:40.031+0000] {processor.py:836} INFO - DAG(s) dict_keys(['example_trigger_controller_dag']) retrieved from /home/airflow/.local/lib/python3.8/site-packages/airflow/example_dags/example_trigger_controller_dag.py
[2023-06-27T09:21:40.095+0000] {logging_mixin.py:149} INFO - [2023-06-27T09:21:40.095+0000] {dag.py:2726} INFO - Sync 1 DAGs
[2023-06-27T09:21:40.155+0000] {logging_mixin.py:149} INFO - [2023-06-27T09:21:40.155+0000] {dag.py:3486} INFO - Setting next_dagrun for example_trigger_controller_dag to 2021-01-01T00:00:00+00:00, run_after=2021-01-01T00:00:00+00:00
[2023-06-27T09:21:40.201+0000] {processor.py:179} INFO - Processing /home/airflow/.local/lib/python3.8/site-packages/airflow/example_dags/example_trigger_controller_dag.py took 0.204 seconds
[2023-06-27T09:22:10.307+0000] {processor.py:157} INFO - Started process (PID=241) to work on /home/airflow/.local/lib/python3.8/site-packages/airflow/example_dags/example_trigger_controller_dag.py
[2023-06-27T09:22:10.315+0000] {processor.py:826} INFO - Processing file /home/airflow/.local/lib/python3.8/site-packages/airflow/example_dags/example_trigger_controller_dag.py for tasks to queue
[2023-06-27T09:22:10.316+0000] {logging_mixin.py:149} INFO - [2023-06-27T09:22:10.316+0000] {dagbag.py:541} INFO - Filling up the DagBag from /home/airflow/.local/lib/python3.8/site-packages/airflow/example_dags/example_trigger_controller_dag.py
[2023-06-27T09:22:10.326+0000] {processor.py:836} INFO - DAG(s) dict_keys(['example_trigger_controller_dag']) retrieved from /home/airflow/.local/lib/python3.8/site-packages/airflow/example_dags/example_trigger_controller_dag.py
[2023-06-27T09:22:10.394+0000] {logging_mixin.py:149} INFO - [2023-06-27T09:22:10.392+0000] {dag.py:2726} INFO - Sync 1 DAGs
[2023-06-27T09:22:10.452+0000] {logging_mixin.py:149} INFO - [2023-06-27T09:22:10.451+0000] {dag.py:3486} INFO - Setting next_dagrun for example_trigger_controller_dag to 2021-01-01T00:00:00+00:00, run_after=2021-01-01T00:00:00+00:00
[2023-06-27T09:22:10.498+0000] {processor.py:179} INFO - Processing /home/airflow/.local/lib/python3.8/site-packages/airflow/example_dags/example_trigger_controller_dag.py took 0.198 seconds
[2023-06-27T09:22:40.537+0000] {processor.py:157} INFO - Started process (PID=308) to work on /home/airflow/.local/lib/python3.8/site-packages/airflow/example_dags/example_trigger_controller_dag.py
[2023-06-27T09:22:40.539+0000] {processor.py:826} INFO - Processing file /home/airflow/.local/lib/python3.8/site-packages/airflow/example_dags/example_trigger_controller_dag.py for tasks to queue
[2023-06-27T09:22:40.540+0000] {logging_mixin.py:149} INFO - [2023-06-27T09:22:40.540+0000] {dagbag.py:541} INFO - Filling up the DagBag from /home/airflow/.local/lib/python3.8/site-packages/airflow/example_dags/example_trigger_controller_dag.py
[2023-06-27T09:22:40.546+0000] {processor.py:836} INFO - DAG(s) dict_keys(['example_trigger_controller_dag']) retrieved from /home/airflow/.local/lib/python3.8/site-packages/airflow/example_dags/example_trigger_controller_dag.py
[2023-06-27T09:22:40.578+0000] {logging_mixin.py:149} INFO - [2023-06-27T09:22:40.578+0000] {dag.py:2726} INFO - Sync 1 DAGs
[2023-06-27T09:22:40.608+0000] {logging_mixin.py:149} INFO - [2023-06-27T09:22:40.608+0000] {dag.py:3486} INFO - Setting next_dagrun for example_trigger_controller_dag to 2021-01-01T00:00:00+00:00, run_after=2021-01-01T00:00:00+00:00
[2023-06-27T09:22:40.630+0000] {processor.py:179} INFO - Processing /home/airflow/.local/lib/python3.8/site-packages/airflow/example_dags/example_trigger_controller_dag.py took 0.097 seconds
[2023-06-27T09:23:11.029+0000] {processor.py:157} INFO - Started process (PID=376) to work on /home/airflow/.local/lib/python3.8/site-packages/airflow/example_dags/example_trigger_controller_dag.py
[2023-06-27T09:23:11.035+0000] {processor.py:826} INFO - Processing file /home/airflow/.local/lib/python3.8/site-packages/airflow/example_dags/example_trigger_controller_dag.py for tasks to queue
[2023-06-27T09:23:11.037+0000] {logging_mixin.py:149} INFO - [2023-06-27T09:23:11.037+0000] {dagbag.py:541} INFO - Filling up the DagBag from /home/airflow/.local/lib/python3.8/site-packages/airflow/example_dags/example_trigger_controller_dag.py
[2023-06-27T09:23:11.051+0000] {processor.py:836} INFO - DAG(s) dict_keys(['example_trigger_controller_dag']) retrieved from /home/airflow/.local/lib/python3.8/site-packages/airflow/example_dags/example_trigger_controller_dag.py
[2023-06-27T09:23:11.091+0000] {logging_mixin.py:149} INFO - [2023-06-27T09:23:11.090+0000] {dag.py:2726} INFO - Sync 1 DAGs
[2023-06-27T09:23:11.121+0000] {logging_mixin.py:149} INFO - [2023-06-27T09:23:11.121+0000] {dag.py:3486} INFO - Setting next_dagrun for example_trigger_controller_dag to 2021-01-01T00:00:00+00:00, run_after=2021-01-01T00:00:00+00:00
[2023-06-27T09:23:11.145+0000] {processor.py:179} INFO - Processing /home/airflow/.local/lib/python3.8/site-packages/airflow/example_dags/example_trigger_controller_dag.py took 0.125 seconds
[2023-06-27T09:23:41.867+0000] {processor.py:157} INFO - Started process (PID=442) to work on /home/airflow/.local/lib/python3.8/site-packages/airflow/example_dags/example_trigger_controller_dag.py
[2023-06-27T09:23:41.868+0000] {processor.py:826} INFO - Processing file /home/airflow/.local/lib/python3.8/site-packages/airflow/example_dags/example_trigger_controller_dag.py for tasks to queue
[2023-06-27T09:23:41.870+0000] {logging_mixin.py:149} INFO - [2023-06-27T09:23:41.870+0000] {dagbag.py:541} INFO - Filling up the DagBag from /home/airflow/.local/lib/python3.8/site-packages/airflow/example_dags/example_trigger_controller_dag.py
[2023-06-27T09:23:41.880+0000] {processor.py:836} INFO - DAG(s) dict_keys(['example_trigger_controller_dag']) retrieved from /home/airflow/.local/lib/python3.8/site-packages/airflow/example_dags/example_trigger_controller_dag.py
[2023-06-27T09:23:41.923+0000] {logging_mixin.py:149} INFO - [2023-06-27T09:23:41.923+0000] {dag.py:2726} INFO - Sync 1 DAGs
[2023-06-27T09:23:41.955+0000] {logging_mixin.py:149} INFO - [2023-06-27T09:23:41.955+0000] {dag.py:3486} INFO - Setting next_dagrun for example_trigger_controller_dag to 2021-01-01T00:00:00+00:00, run_after=2021-01-01T00:00:00+00:00
[2023-06-27T09:23:41.978+0000] {processor.py:179} INFO - Processing /home/airflow/.local/lib/python3.8/site-packages/airflow/example_dags/example_trigger_controller_dag.py took 0.120 seconds
[2023-06-27T09:25:43.984+0000] {processor.py:157} INFO - Started process (PID=45) to work on /home/airflow/.local/lib/python3.8/site-packages/airflow/example_dags/example_trigger_controller_dag.py
[2023-06-27T09:25:44.003+0000] {processor.py:826} INFO - Processing file /home/airflow/.local/lib/python3.8/site-packages/airflow/example_dags/example_trigger_controller_dag.py for tasks to queue
[2023-06-27T09:25:44.004+0000] {logging_mixin.py:149} INFO - [2023-06-27T09:25:44.004+0000] {dagbag.py:541} INFO - Filling up the DagBag from /home/airflow/.local/lib/python3.8/site-packages/airflow/example_dags/example_trigger_controller_dag.py
[2023-06-27T09:25:44.060+0000] {processor.py:836} INFO - DAG(s) dict_keys(['example_trigger_controller_dag']) retrieved from /home/airflow/.local/lib/python3.8/site-packages/airflow/example_dags/example_trigger_controller_dag.py
[2023-06-27T09:25:44.255+0000] {logging_mixin.py:149} INFO - [2023-06-27T09:25:44.255+0000] {dag.py:2726} INFO - Sync 1 DAGs
[2023-06-27T09:25:44.478+0000] {logging_mixin.py:149} INFO - [2023-06-27T09:25:44.478+0000] {dag.py:3486} INFO - Setting next_dagrun for example_trigger_controller_dag to 2021-01-01T00:00:00+00:00, run_after=2021-01-01T00:00:00+00:00
[2023-06-27T09:25:44.637+0000] {processor.py:179} INFO - Processing /home/airflow/.local/lib/python3.8/site-packages/airflow/example_dags/example_trigger_controller_dag.py took 0.681 seconds
[2023-06-27T09:26:15.298+0000] {processor.py:157} INFO - Started process (PID=102) to work on /home/airflow/.local/lib/python3.8/site-packages/airflow/example_dags/example_trigger_controller_dag.py
[2023-06-27T09:26:15.311+0000] {processor.py:826} INFO - Processing file /home/airflow/.local/lib/python3.8/site-packages/airflow/example_dags/example_trigger_controller_dag.py for tasks to queue
[2023-06-27T09:26:15.313+0000] {logging_mixin.py:149} INFO - [2023-06-27T09:26:15.312+0000] {dagbag.py:541} INFO - Filling up the DagBag from /home/airflow/.local/lib/python3.8/site-packages/airflow/example_dags/example_trigger_controller_dag.py
[2023-06-27T09:26:15.343+0000] {processor.py:836} INFO - DAG(s) dict_keys(['example_trigger_controller_dag']) retrieved from /home/airflow/.local/lib/python3.8/site-packages/airflow/example_dags/example_trigger_controller_dag.py
[2023-06-27T09:26:15.455+0000] {logging_mixin.py:149} INFO - [2023-06-27T09:26:15.455+0000] {dag.py:2726} INFO - Sync 1 DAGs
[2023-06-27T09:26:15.544+0000] {logging_mixin.py:149} INFO - [2023-06-27T09:26:15.543+0000] {dag.py:3486} INFO - Setting next_dagrun for example_trigger_controller_dag to 2021-01-01T00:00:00+00:00, run_after=2021-01-01T00:00:00+00:00
[2023-06-27T09:26:15.641+0000] {processor.py:179} INFO - Processing /home/airflow/.local/lib/python3.8/site-packages/airflow/example_dags/example_trigger_controller_dag.py took 0.391 seconds
[2023-06-27T09:26:46.583+0000] {processor.py:157} INFO - Started process (PID=177) to work on /home/airflow/.local/lib/python3.8/site-packages/airflow/example_dags/example_trigger_controller_dag.py
[2023-06-27T09:26:46.586+0000] {processor.py:826} INFO - Processing file /home/airflow/.local/lib/python3.8/site-packages/airflow/example_dags/example_trigger_controller_dag.py for tasks to queue
[2023-06-27T09:26:46.590+0000] {logging_mixin.py:149} INFO - [2023-06-27T09:26:46.590+0000] {dagbag.py:541} INFO - Filling up the DagBag from /home/airflow/.local/lib/python3.8/site-packages/airflow/example_dags/example_trigger_controller_dag.py
[2023-06-27T09:26:46.602+0000] {processor.py:836} INFO - DAG(s) dict_keys(['example_trigger_controller_dag']) retrieved from /home/airflow/.local/lib/python3.8/site-packages/airflow/example_dags/example_trigger_controller_dag.py
[2023-06-27T09:26:46.687+0000] {logging_mixin.py:149} INFO - [2023-06-27T09:26:46.687+0000] {dag.py:2726} INFO - Sync 1 DAGs
[2023-06-27T09:26:46.737+0000] {logging_mixin.py:149} INFO - [2023-06-27T09:26:46.737+0000] {dag.py:3486} INFO - Setting next_dagrun for example_trigger_controller_dag to 2021-01-01T00:00:00+00:00, run_after=2021-01-01T00:00:00+00:00
[2023-06-27T09:26:46.774+0000] {processor.py:179} INFO - Processing /home/airflow/.local/lib/python3.8/site-packages/airflow/example_dags/example_trigger_controller_dag.py took 0.202 seconds
[2023-06-27T09:27:17.026+0000] {processor.py:157} INFO - Started process (PID=241) to work on /home/airflow/.local/lib/python3.8/site-packages/airflow/example_dags/example_trigger_controller_dag.py
[2023-06-27T09:27:17.027+0000] {processor.py:826} INFO - Processing file /home/airflow/.local/lib/python3.8/site-packages/airflow/example_dags/example_trigger_controller_dag.py for tasks to queue
[2023-06-27T09:27:17.029+0000] {logging_mixin.py:149} INFO - [2023-06-27T09:27:17.029+0000] {dagbag.py:541} INFO - Filling up the DagBag from /home/airflow/.local/lib/python3.8/site-packages/airflow/example_dags/example_trigger_controller_dag.py
[2023-06-27T09:27:17.036+0000] {processor.py:836} INFO - DAG(s) dict_keys(['example_trigger_controller_dag']) retrieved from /home/airflow/.local/lib/python3.8/site-packages/airflow/example_dags/example_trigger_controller_dag.py
[2023-06-27T09:27:17.068+0000] {logging_mixin.py:149} INFO - [2023-06-27T09:27:17.067+0000] {dag.py:2726} INFO - Sync 1 DAGs
[2023-06-27T09:27:17.098+0000] {logging_mixin.py:149} INFO - [2023-06-27T09:27:17.097+0000] {dag.py:3486} INFO - Setting next_dagrun for example_trigger_controller_dag to 2021-01-01T00:00:00+00:00, run_after=2021-01-01T00:00:00+00:00
[2023-06-27T09:27:17.128+0000] {processor.py:179} INFO - Processing /home/airflow/.local/lib/python3.8/site-packages/airflow/example_dags/example_trigger_controller_dag.py took 0.113 seconds
[2023-06-27T09:27:47.485+0000] {processor.py:157} INFO - Started process (PID=307) to work on /home/airflow/.local/lib/python3.8/site-packages/airflow/example_dags/example_trigger_controller_dag.py
[2023-06-27T09:27:47.486+0000] {processor.py:826} INFO - Processing file /home/airflow/.local/lib/python3.8/site-packages/airflow/example_dags/example_trigger_controller_dag.py for tasks to queue
[2023-06-27T09:27:47.488+0000] {logging_mixin.py:149} INFO - [2023-06-27T09:27:47.488+0000] {dagbag.py:541} INFO - Filling up the DagBag from /home/airflow/.local/lib/python3.8/site-packages/airflow/example_dags/example_trigger_controller_dag.py
[2023-06-27T09:27:47.495+0000] {processor.py:836} INFO - DAG(s) dict_keys(['example_trigger_controller_dag']) retrieved from /home/airflow/.local/lib/python3.8/site-packages/airflow/example_dags/example_trigger_controller_dag.py
[2023-06-27T09:27:47.524+0000] {logging_mixin.py:149} INFO - [2023-06-27T09:27:47.523+0000] {dag.py:2726} INFO - Sync 1 DAGs
[2023-06-27T09:27:47.551+0000] {logging_mixin.py:149} INFO - [2023-06-27T09:27:47.551+0000] {dag.py:3486} INFO - Setting next_dagrun for example_trigger_controller_dag to 2021-01-01T00:00:00+00:00, run_after=2021-01-01T00:00:00+00:00
[2023-06-27T09:27:47.571+0000] {processor.py:179} INFO - Processing /home/airflow/.local/lib/python3.8/site-packages/airflow/example_dags/example_trigger_controller_dag.py took 0.093 seconds
[2023-06-27T09:28:17.991+0000] {processor.py:157} INFO - Started process (PID=374) to work on /home/airflow/.local/lib/python3.8/site-packages/airflow/example_dags/example_trigger_controller_dag.py
[2023-06-27T09:28:17.992+0000] {processor.py:826} INFO - Processing file /home/airflow/.local/lib/python3.8/site-packages/airflow/example_dags/example_trigger_controller_dag.py for tasks to queue
[2023-06-27T09:28:17.995+0000] {logging_mixin.py:149} INFO - [2023-06-27T09:28:17.994+0000] {dagbag.py:541} INFO - Filling up the DagBag from /home/airflow/.local/lib/python3.8/site-packages/airflow/example_dags/example_trigger_controller_dag.py
[2023-06-27T09:28:18.004+0000] {processor.py:836} INFO - DAG(s) dict_keys(['example_trigger_controller_dag']) retrieved from /home/airflow/.local/lib/python3.8/site-packages/airflow/example_dags/example_trigger_controller_dag.py
[2023-06-27T09:28:18.063+0000] {logging_mixin.py:149} INFO - [2023-06-27T09:28:18.063+0000] {dag.py:2726} INFO - Sync 1 DAGs
[2023-06-27T09:28:18.129+0000] {logging_mixin.py:149} INFO - [2023-06-27T09:28:18.129+0000] {dag.py:3486} INFO - Setting next_dagrun for example_trigger_controller_dag to 2021-01-01T00:00:00+00:00, run_after=2021-01-01T00:00:00+00:00
[2023-06-27T09:28:18.167+0000] {processor.py:179} INFO - Processing /home/airflow/.local/lib/python3.8/site-packages/airflow/example_dags/example_trigger_controller_dag.py took 0.185 seconds
[2023-06-27T09:28:48.259+0000] {processor.py:157} INFO - Started process (PID=449) to work on /home/airflow/.local/lib/python3.8/site-packages/airflow/example_dags/example_trigger_controller_dag.py
[2023-06-27T09:28:48.260+0000] {processor.py:826} INFO - Processing file /home/airflow/.local/lib/python3.8/site-packages/airflow/example_dags/example_trigger_controller_dag.py for tasks to queue
[2023-06-27T09:28:48.266+0000] {logging_mixin.py:149} INFO - [2023-06-27T09:28:48.262+0000] {dagbag.py:541} INFO - Filling up the DagBag from /home/airflow/.local/lib/python3.8/site-packages/airflow/example_dags/example_trigger_controller_dag.py
[2023-06-27T09:28:48.276+0000] {processor.py:836} INFO - DAG(s) dict_keys(['example_trigger_controller_dag']) retrieved from /home/airflow/.local/lib/python3.8/site-packages/airflow/example_dags/example_trigger_controller_dag.py
[2023-06-27T09:28:48.343+0000] {logging_mixin.py:149} INFO - [2023-06-27T09:28:48.343+0000] {dag.py:2726} INFO - Sync 1 DAGs
[2023-06-27T09:28:48.403+0000] {logging_mixin.py:149} INFO - [2023-06-27T09:28:48.403+0000] {dag.py:3486} INFO - Setting next_dagrun for example_trigger_controller_dag to 2021-01-01T00:00:00+00:00, run_after=2021-01-01T00:00:00+00:00
[2023-06-27T09:28:48.450+0000] {processor.py:179} INFO - Processing /home/airflow/.local/lib/python3.8/site-packages/airflow/example_dags/example_trigger_controller_dag.py took 0.202 seconds
[2023-06-27T09:29:18.518+0000] {processor.py:157} INFO - Started process (PID=517) to work on /home/airflow/.local/lib/python3.8/site-packages/airflow/example_dags/example_trigger_controller_dag.py
[2023-06-27T09:29:18.520+0000] {processor.py:826} INFO - Processing file /home/airflow/.local/lib/python3.8/site-packages/airflow/example_dags/example_trigger_controller_dag.py for tasks to queue
[2023-06-27T09:29:18.522+0000] {logging_mixin.py:149} INFO - [2023-06-27T09:29:18.522+0000] {dagbag.py:541} INFO - Filling up the DagBag from /home/airflow/.local/lib/python3.8/site-packages/airflow/example_dags/example_trigger_controller_dag.py
[2023-06-27T09:29:18.540+0000] {processor.py:836} INFO - DAG(s) dict_keys(['example_trigger_controller_dag']) retrieved from /home/airflow/.local/lib/python3.8/site-packages/airflow/example_dags/example_trigger_controller_dag.py
[2023-06-27T09:29:18.605+0000] {logging_mixin.py:149} INFO - [2023-06-27T09:29:18.604+0000] {dag.py:2726} INFO - Sync 1 DAGs
[2023-06-27T09:29:18.661+0000] {logging_mixin.py:149} INFO - [2023-06-27T09:29:18.661+0000] {dag.py:3486} INFO - Setting next_dagrun for example_trigger_controller_dag to 2021-01-01T00:00:00+00:00, run_after=2021-01-01T00:00:00+00:00
[2023-06-27T09:29:18.683+0000] {processor.py:179} INFO - Processing /home/airflow/.local/lib/python3.8/site-packages/airflow/example_dags/example_trigger_controller_dag.py took 0.178 seconds
[2023-06-27T09:29:49.248+0000] {processor.py:157} INFO - Started process (PID=584) to work on /home/airflow/.local/lib/python3.8/site-packages/airflow/example_dags/example_trigger_controller_dag.py
[2023-06-27T09:29:49.249+0000] {processor.py:826} INFO - Processing file /home/airflow/.local/lib/python3.8/site-packages/airflow/example_dags/example_trigger_controller_dag.py for tasks to queue
[2023-06-27T09:29:49.256+0000] {logging_mixin.py:149} INFO - [2023-06-27T09:29:49.256+0000] {dagbag.py:541} INFO - Filling up the DagBag from /home/airflow/.local/lib/python3.8/site-packages/airflow/example_dags/example_trigger_controller_dag.py
[2023-06-27T09:29:49.265+0000] {processor.py:836} INFO - DAG(s) dict_keys(['example_trigger_controller_dag']) retrieved from /home/airflow/.local/lib/python3.8/site-packages/airflow/example_dags/example_trigger_controller_dag.py
[2023-06-27T09:29:49.327+0000] {logging_mixin.py:149} INFO - [2023-06-27T09:29:49.326+0000] {dag.py:2726} INFO - Sync 1 DAGs
[2023-06-27T09:29:49.381+0000] {logging_mixin.py:149} INFO - [2023-06-27T09:29:49.381+0000] {dag.py:3486} INFO - Setting next_dagrun for example_trigger_controller_dag to 2021-01-01T00:00:00+00:00, run_after=2021-01-01T00:00:00+00:00
[2023-06-27T09:29:49.424+0000] {processor.py:179} INFO - Processing /home/airflow/.local/lib/python3.8/site-packages/airflow/example_dags/example_trigger_controller_dag.py took 0.184 seconds
[2023-06-27T09:30:20.111+0000] {processor.py:157} INFO - Started process (PID=655) to work on /home/airflow/.local/lib/python3.8/site-packages/airflow/example_dags/example_trigger_controller_dag.py
[2023-06-27T09:30:20.115+0000] {processor.py:826} INFO - Processing file /home/airflow/.local/lib/python3.8/site-packages/airflow/example_dags/example_trigger_controller_dag.py for tasks to queue
[2023-06-27T09:30:20.116+0000] {logging_mixin.py:149} INFO - [2023-06-27T09:30:20.116+0000] {dagbag.py:541} INFO - Filling up the DagBag from /home/airflow/.local/lib/python3.8/site-packages/airflow/example_dags/example_trigger_controller_dag.py
[2023-06-27T09:30:20.127+0000] {processor.py:836} INFO - DAG(s) dict_keys(['example_trigger_controller_dag']) retrieved from /home/airflow/.local/lib/python3.8/site-packages/airflow/example_dags/example_trigger_controller_dag.py
[2023-06-27T09:30:20.191+0000] {logging_mixin.py:149} INFO - [2023-06-27T09:30:20.191+0000] {dag.py:2726} INFO - Sync 1 DAGs
[2023-06-27T09:30:20.247+0000] {logging_mixin.py:149} INFO - [2023-06-27T09:30:20.247+0000] {dag.py:3486} INFO - Setting next_dagrun for example_trigger_controller_dag to 2021-01-01T00:00:00+00:00, run_after=2021-01-01T00:00:00+00:00
[2023-06-27T09:30:20.288+0000] {processor.py:179} INFO - Processing /home/airflow/.local/lib/python3.8/site-packages/airflow/example_dags/example_trigger_controller_dag.py took 0.189 seconds
[2023-06-27T09:30:50.591+0000] {processor.py:157} INFO - Started process (PID=733) to work on /home/airflow/.local/lib/python3.8/site-packages/airflow/example_dags/example_trigger_controller_dag.py
[2023-06-27T09:30:50.592+0000] {processor.py:826} INFO - Processing file /home/airflow/.local/lib/python3.8/site-packages/airflow/example_dags/example_trigger_controller_dag.py for tasks to queue
[2023-06-27T09:30:50.593+0000] {logging_mixin.py:149} INFO - [2023-06-27T09:30:50.593+0000] {dagbag.py:541} INFO - Filling up the DagBag from /home/airflow/.local/lib/python3.8/site-packages/airflow/example_dags/example_trigger_controller_dag.py
[2023-06-27T09:30:50.598+0000] {processor.py:836} INFO - DAG(s) dict_keys(['example_trigger_controller_dag']) retrieved from /home/airflow/.local/lib/python3.8/site-packages/airflow/example_dags/example_trigger_controller_dag.py
[2023-06-27T09:30:50.626+0000] {logging_mixin.py:149} INFO - [2023-06-27T09:30:50.625+0000] {dag.py:2726} INFO - Sync 1 DAGs
[2023-06-27T09:30:50.653+0000] {logging_mixin.py:149} INFO - [2023-06-27T09:30:50.653+0000] {dag.py:3486} INFO - Setting next_dagrun for example_trigger_controller_dag to 2021-01-01T00:00:00+00:00, run_after=2021-01-01T00:00:00+00:00
[2023-06-27T09:30:50.676+0000] {processor.py:179} INFO - Processing /home/airflow/.local/lib/python3.8/site-packages/airflow/example_dags/example_trigger_controller_dag.py took 0.089 seconds
[2023-06-27T09:31:21.392+0000] {processor.py:157} INFO - Started process (PID=800) to work on /home/airflow/.local/lib/python3.8/site-packages/airflow/example_dags/example_trigger_controller_dag.py
[2023-06-27T09:31:21.406+0000] {processor.py:826} INFO - Processing file /home/airflow/.local/lib/python3.8/site-packages/airflow/example_dags/example_trigger_controller_dag.py for tasks to queue
[2023-06-27T09:31:21.408+0000] {logging_mixin.py:149} INFO - [2023-06-27T09:31:21.408+0000] {dagbag.py:541} INFO - Filling up the DagBag from /home/airflow/.local/lib/python3.8/site-packages/airflow/example_dags/example_trigger_controller_dag.py
[2023-06-27T09:31:21.432+0000] {processor.py:836} INFO - DAG(s) dict_keys(['example_trigger_controller_dag']) retrieved from /home/airflow/.local/lib/python3.8/site-packages/airflow/example_dags/example_trigger_controller_dag.py
[2023-06-27T09:31:21.528+0000] {logging_mixin.py:149} INFO - [2023-06-27T09:31:21.527+0000] {dag.py:2726} INFO - Sync 1 DAGs
[2023-06-27T09:31:21.625+0000] {logging_mixin.py:149} INFO - [2023-06-27T09:31:21.625+0000] {dag.py:3486} INFO - Setting next_dagrun for example_trigger_controller_dag to 2021-01-01T00:00:00+00:00, run_after=2021-01-01T00:00:00+00:00
[2023-06-27T09:31:21.671+0000] {processor.py:179} INFO - Processing /home/airflow/.local/lib/python3.8/site-packages/airflow/example_dags/example_trigger_controller_dag.py took 0.282 seconds
[2023-06-27T09:31:51.799+0000] {processor.py:157} INFO - Started process (PID=867) to work on /home/airflow/.local/lib/python3.8/site-packages/airflow/example_dags/example_trigger_controller_dag.py
[2023-06-27T09:31:51.800+0000] {processor.py:826} INFO - Processing file /home/airflow/.local/lib/python3.8/site-packages/airflow/example_dags/example_trigger_controller_dag.py for tasks to queue
[2023-06-27T09:31:51.802+0000] {logging_mixin.py:149} INFO - [2023-06-27T09:31:51.802+0000] {dagbag.py:541} INFO - Filling up the DagBag from /home/airflow/.local/lib/python3.8/site-packages/airflow/example_dags/example_trigger_controller_dag.py
[2023-06-27T09:31:51.807+0000] {processor.py:836} INFO - DAG(s) dict_keys(['example_trigger_controller_dag']) retrieved from /home/airflow/.local/lib/python3.8/site-packages/airflow/example_dags/example_trigger_controller_dag.py
[2023-06-27T09:31:51.835+0000] {logging_mixin.py:149} INFO - [2023-06-27T09:31:51.835+0000] {dag.py:2726} INFO - Sync 1 DAGs
[2023-06-27T09:31:51.862+0000] {logging_mixin.py:149} INFO - [2023-06-27T09:31:51.862+0000] {dag.py:3486} INFO - Setting next_dagrun for example_trigger_controller_dag to 2021-01-01T00:00:00+00:00, run_after=2021-01-01T00:00:00+00:00
[2023-06-27T09:31:51.886+0000] {processor.py:179} INFO - Processing /home/airflow/.local/lib/python3.8/site-packages/airflow/example_dags/example_trigger_controller_dag.py took 0.091 seconds
[2023-06-27T09:32:22.266+0000] {processor.py:157} INFO - Started process (PID=940) to work on /home/airflow/.local/lib/python3.8/site-packages/airflow/example_dags/example_trigger_controller_dag.py
[2023-06-27T09:32:22.274+0000] {processor.py:826} INFO - Processing file /home/airflow/.local/lib/python3.8/site-packages/airflow/example_dags/example_trigger_controller_dag.py for tasks to queue
[2023-06-27T09:32:22.276+0000] {logging_mixin.py:149} INFO - [2023-06-27T09:32:22.275+0000] {dagbag.py:541} INFO - Filling up the DagBag from /home/airflow/.local/lib/python3.8/site-packages/airflow/example_dags/example_trigger_controller_dag.py
[2023-06-27T09:32:22.281+0000] {processor.py:836} INFO - DAG(s) dict_keys(['example_trigger_controller_dag']) retrieved from /home/airflow/.local/lib/python3.8/site-packages/airflow/example_dags/example_trigger_controller_dag.py
[2023-06-27T09:32:22.343+0000] {logging_mixin.py:149} INFO - [2023-06-27T09:32:22.343+0000] {dag.py:2726} INFO - Sync 1 DAGs
[2023-06-27T09:32:22.401+0000] {logging_mixin.py:149} INFO - [2023-06-27T09:32:22.400+0000] {dag.py:3486} INFO - Setting next_dagrun for example_trigger_controller_dag to 2021-01-01T00:00:00+00:00, run_after=2021-01-01T00:00:00+00:00
[2023-06-27T09:32:22.448+0000] {processor.py:179} INFO - Processing /home/airflow/.local/lib/python3.8/site-packages/airflow/example_dags/example_trigger_controller_dag.py took 0.194 seconds
[2023-06-27T09:32:53.258+0000] {processor.py:157} INFO - Started process (PID=1009) to work on /home/airflow/.local/lib/python3.8/site-packages/airflow/example_dags/example_trigger_controller_dag.py
[2023-06-27T09:32:53.271+0000] {processor.py:826} INFO - Processing file /home/airflow/.local/lib/python3.8/site-packages/airflow/example_dags/example_trigger_controller_dag.py for tasks to queue
[2023-06-27T09:32:53.273+0000] {logging_mixin.py:149} INFO - [2023-06-27T09:32:53.273+0000] {dagbag.py:541} INFO - Filling up the DagBag from /home/airflow/.local/lib/python3.8/site-packages/airflow/example_dags/example_trigger_controller_dag.py
[2023-06-27T09:32:53.299+0000] {processor.py:836} INFO - DAG(s) dict_keys(['example_trigger_controller_dag']) retrieved from /home/airflow/.local/lib/python3.8/site-packages/airflow/example_dags/example_trigger_controller_dag.py
[2023-06-27T09:32:53.395+0000] {logging_mixin.py:149} INFO - [2023-06-27T09:32:53.395+0000] {dag.py:2726} INFO - Sync 1 DAGs
[2023-06-27T09:32:53.484+0000] {logging_mixin.py:149} INFO - [2023-06-27T09:32:53.484+0000] {dag.py:3486} INFO - Setting next_dagrun for example_trigger_controller_dag to 2021-01-01T00:00:00+00:00, run_after=2021-01-01T00:00:00+00:00
[2023-06-27T09:32:53.612+0000] {processor.py:179} INFO - Processing /home/airflow/.local/lib/python3.8/site-packages/airflow/example_dags/example_trigger_controller_dag.py took 0.367 seconds
[2023-06-27T09:33:23.985+0000] {processor.py:157} INFO - Started process (PID=1077) to work on /home/airflow/.local/lib/python3.8/site-packages/airflow/example_dags/example_trigger_controller_dag.py
[2023-06-27T09:33:24.010+0000] {processor.py:826} INFO - Processing file /home/airflow/.local/lib/python3.8/site-packages/airflow/example_dags/example_trigger_controller_dag.py for tasks to queue
[2023-06-27T09:33:24.012+0000] {logging_mixin.py:149} INFO - [2023-06-27T09:33:24.012+0000] {dagbag.py:541} INFO - Filling up the DagBag from /home/airflow/.local/lib/python3.8/site-packages/airflow/example_dags/example_trigger_controller_dag.py
[2023-06-27T09:33:24.037+0000] {processor.py:836} INFO - DAG(s) dict_keys(['example_trigger_controller_dag']) retrieved from /home/airflow/.local/lib/python3.8/site-packages/airflow/example_dags/example_trigger_controller_dag.py
[2023-06-27T09:33:24.207+0000] {logging_mixin.py:149} INFO - [2023-06-27T09:33:24.206+0000] {dag.py:2726} INFO - Sync 1 DAGs
[2023-06-27T09:33:24.339+0000] {logging_mixin.py:149} INFO - [2023-06-27T09:33:24.339+0000] {dag.py:3486} INFO - Setting next_dagrun for example_trigger_controller_dag to 2021-01-01T00:00:00+00:00, run_after=2021-01-01T00:00:00+00:00
[2023-06-27T09:33:24.443+0000] {processor.py:179} INFO - Processing /home/airflow/.local/lib/python3.8/site-packages/airflow/example_dags/example_trigger_controller_dag.py took 0.490 seconds
[2023-06-27T09:33:54.633+0000] {processor.py:157} INFO - Started process (PID=1144) to work on /home/airflow/.local/lib/python3.8/site-packages/airflow/example_dags/example_trigger_controller_dag.py
[2023-06-27T09:33:54.634+0000] {processor.py:826} INFO - Processing file /home/airflow/.local/lib/python3.8/site-packages/airflow/example_dags/example_trigger_controller_dag.py for tasks to queue
[2023-06-27T09:33:54.636+0000] {logging_mixin.py:149} INFO - [2023-06-27T09:33:54.636+0000] {dagbag.py:541} INFO - Filling up the DagBag from /home/airflow/.local/lib/python3.8/site-packages/airflow/example_dags/example_trigger_controller_dag.py
[2023-06-27T09:33:54.653+0000] {processor.py:836} INFO - DAG(s) dict_keys(['example_trigger_controller_dag']) retrieved from /home/airflow/.local/lib/python3.8/site-packages/airflow/example_dags/example_trigger_controller_dag.py
[2023-06-27T09:33:54.722+0000] {logging_mixin.py:149} INFO - [2023-06-27T09:33:54.722+0000] {dag.py:2726} INFO - Sync 1 DAGs
[2023-06-27T09:33:54.765+0000] {logging_mixin.py:149} INFO - [2023-06-27T09:33:54.765+0000] {dag.py:3486} INFO - Setting next_dagrun for example_trigger_controller_dag to 2021-01-01T00:00:00+00:00, run_after=2021-01-01T00:00:00+00:00
[2023-06-27T09:33:54.793+0000] {processor.py:179} INFO - Processing /home/airflow/.local/lib/python3.8/site-packages/airflow/example_dags/example_trigger_controller_dag.py took 0.189 seconds
[2023-06-27T09:34:25.500+0000] {processor.py:157} INFO - Started process (PID=1211) to work on /home/airflow/.local/lib/python3.8/site-packages/airflow/example_dags/example_trigger_controller_dag.py
[2023-06-27T09:34:25.502+0000] {processor.py:826} INFO - Processing file /home/airflow/.local/lib/python3.8/site-packages/airflow/example_dags/example_trigger_controller_dag.py for tasks to queue
[2023-06-27T09:34:25.504+0000] {logging_mixin.py:149} INFO - [2023-06-27T09:34:25.504+0000] {dagbag.py:541} INFO - Filling up the DagBag from /home/airflow/.local/lib/python3.8/site-packages/airflow/example_dags/example_trigger_controller_dag.py
[2023-06-27T09:34:25.513+0000] {processor.py:836} INFO - DAG(s) dict_keys(['example_trigger_controller_dag']) retrieved from /home/airflow/.local/lib/python3.8/site-packages/airflow/example_dags/example_trigger_controller_dag.py
[2023-06-27T09:34:25.580+0000] {logging_mixin.py:149} INFO - [2023-06-27T09:34:25.579+0000] {dag.py:2726} INFO - Sync 1 DAGs
[2023-06-27T09:34:25.634+0000] {logging_mixin.py:149} INFO - [2023-06-27T09:34:25.634+0000] {dag.py:3486} INFO - Setting next_dagrun for example_trigger_controller_dag to 2021-01-01T00:00:00+00:00, run_after=2021-01-01T00:00:00+00:00
[2023-06-27T09:34:25.679+0000] {processor.py:179} INFO - Processing /home/airflow/.local/lib/python3.8/site-packages/airflow/example_dags/example_trigger_controller_dag.py took 0.192 seconds
