[2023-06-27T00:00:45.584+0000] {processor.py:157} INFO - Started process (PID=451) to work on /home/airflow/.local/lib/python3.8/site-packages/airflow/example_dags/example_trigger_target_dag.py
[2023-06-27T00:00:45.629+0000] {processor.py:826} INFO - Processing file /home/airflow/.local/lib/python3.8/site-packages/airflow/example_dags/example_trigger_target_dag.py for tasks to queue
[2023-06-27T00:00:45.630+0000] {logging_mixin.py:149} INFO - [2023-06-27T00:00:45.630+0000] {dagbag.py:541} INFO - Filling up the DagBag from /home/airflow/.local/lib/python3.8/site-packages/airflow/example_dags/example_trigger_target_dag.py
[2023-06-27T00:00:45.730+0000] {processor.py:836} INFO - DAG(s) dict_keys(['example_trigger_target_dag']) retrieved from /home/airflow/.local/lib/python3.8/site-packages/airflow/example_dags/example_trigger_target_dag.py
[2023-06-27T00:00:46.926+0000] {logging_mixin.py:149} INFO - [2023-06-27T00:00:46.926+0000] {dag.py:2726} INFO - Sync 1 DAGs
[2023-06-27T00:00:47.126+0000] {logging_mixin.py:149} INFO - [2023-06-27T00:00:47.126+0000] {dag.py:3486} INFO - Setting next_dagrun for example_trigger_target_dag to None, run_after=None
[2023-06-27T00:00:47.299+0000] {processor.py:179} INFO - Processing /home/airflow/.local/lib/python3.8/site-packages/airflow/example_dags/example_trigger_target_dag.py took 1.769 seconds
[2023-06-27T00:07:27.372+0000] {processor.py:157} INFO - Started process (PID=664) to work on /home/airflow/.local/lib/python3.8/site-packages/airflow/example_dags/example_trigger_target_dag.py
[2023-06-27T00:07:27.531+0000] {processor.py:826} INFO - Processing file /home/airflow/.local/lib/python3.8/site-packages/airflow/example_dags/example_trigger_target_dag.py for tasks to queue
[2023-06-27T00:07:27.532+0000] {logging_mixin.py:149} INFO - [2023-06-27T00:07:27.531+0000] {dagbag.py:541} INFO - Filling up the DagBag from /home/airflow/.local/lib/python3.8/site-packages/airflow/example_dags/example_trigger_target_dag.py
[2023-06-27T00:07:28.530+0000] {processor.py:836} INFO - DAG(s) dict_keys(['example_trigger_target_dag']) retrieved from /home/airflow/.local/lib/python3.8/site-packages/airflow/example_dags/example_trigger_target_dag.py
[2023-06-27T00:07:31.691+0000] {logging_mixin.py:149} INFO - [2023-06-27T00:07:31.691+0000] {dag.py:2726} INFO - Sync 1 DAGs
[2023-06-27T00:07:37.355+0000] {logging_mixin.py:149} INFO - [2023-06-27T00:07:37.354+0000] {dag.py:3486} INFO - Setting next_dagrun for example_trigger_target_dag to None, run_after=None
[2023-06-27T00:07:39.281+0000] {processor.py:179} INFO - Processing /home/airflow/.local/lib/python3.8/site-packages/airflow/example_dags/example_trigger_target_dag.py took 12.331 seconds
[2023-06-27T01:04:39.941+0000] {processor.py:157} INFO - Started process (PID=152) to work on /home/airflow/.local/lib/python3.8/site-packages/airflow/example_dags/example_trigger_target_dag.py
[2023-06-27T01:04:40.101+0000] {processor.py:826} INFO - Processing file /home/airflow/.local/lib/python3.8/site-packages/airflow/example_dags/example_trigger_target_dag.py for tasks to queue
[2023-06-27T01:04:40.102+0000] {logging_mixin.py:149} INFO - [2023-06-27T01:04:40.102+0000] {dagbag.py:541} INFO - Filling up the DagBag from /home/airflow/.local/lib/python3.8/site-packages/airflow/example_dags/example_trigger_target_dag.py
[2023-06-27T01:04:41.606+0000] {processor.py:836} INFO - DAG(s) dict_keys(['example_trigger_target_dag']) retrieved from /home/airflow/.local/lib/python3.8/site-packages/airflow/example_dags/example_trigger_target_dag.py
[2023-06-27T01:04:48.675+0000] {logging_mixin.py:149} INFO - [2023-06-27T01:04:48.675+0000] {dag.py:2726} INFO - Sync 1 DAGs
[2023-06-27T01:04:56.901+0000] {logging_mixin.py:149} INFO - [2023-06-27T01:04:56.901+0000] {dag.py:3486} INFO - Setting next_dagrun for example_trigger_target_dag to None, run_after=None
[2023-06-27T01:05:00.412+0000] {processor.py:179} INFO - Processing /home/airflow/.local/lib/python3.8/site-packages/airflow/example_dags/example_trigger_target_dag.py took 22.687 seconds
[2023-06-27T01:37:46.814+0000] {processor.py:157} INFO - Started process (PID=84) to work on /home/airflow/.local/lib/python3.8/site-packages/airflow/example_dags/example_trigger_target_dag.py
[2023-06-27T01:37:46.816+0000] {processor.py:826} INFO - Processing file /home/airflow/.local/lib/python3.8/site-packages/airflow/example_dags/example_trigger_target_dag.py for tasks to queue
[2023-06-27T01:37:46.817+0000] {logging_mixin.py:149} INFO - [2023-06-27T01:37:46.817+0000] {dagbag.py:541} INFO - Filling up the DagBag from /home/airflow/.local/lib/python3.8/site-packages/airflow/example_dags/example_trigger_target_dag.py
[2023-06-27T01:37:46.841+0000] {processor.py:836} INFO - DAG(s) dict_keys(['example_trigger_target_dag']) retrieved from /home/airflow/.local/lib/python3.8/site-packages/airflow/example_dags/example_trigger_target_dag.py
[2023-06-27T01:37:46.935+0000] {logging_mixin.py:149} INFO - [2023-06-27T01:37:46.935+0000] {dag.py:2726} INFO - Sync 1 DAGs
[2023-06-27T01:37:46.993+0000] {logging_mixin.py:149} INFO - [2023-06-27T01:37:46.992+0000] {dag.py:3486} INFO - Setting next_dagrun for example_trigger_target_dag to None, run_after=None
[2023-06-27T01:37:47.116+0000] {processor.py:179} INFO - Processing /home/airflow/.local/lib/python3.8/site-packages/airflow/example_dags/example_trigger_target_dag.py took 0.307 seconds
[2023-06-27T01:41:41.692+0000] {processor.py:157} INFO - Started process (PID=251) to work on /home/airflow/.local/lib/python3.8/site-packages/airflow/example_dags/example_trigger_target_dag.py
[2023-06-27T01:41:41.833+0000] {processor.py:826} INFO - Processing file /home/airflow/.local/lib/python3.8/site-packages/airflow/example_dags/example_trigger_target_dag.py for tasks to queue
[2023-06-27T01:41:42.793+0000] {logging_mixin.py:149} INFO - [2023-06-27T01:41:42.335+0000] {dagbag.py:541} INFO - Filling up the DagBag from /home/airflow/.local/lib/python3.8/site-packages/airflow/example_dags/example_trigger_target_dag.py
[2023-06-27T01:41:42.956+0000] {processor.py:836} INFO - DAG(s) dict_keys(['example_trigger_target_dag']) retrieved from /home/airflow/.local/lib/python3.8/site-packages/airflow/example_dags/example_trigger_target_dag.py
[2023-06-27T01:41:49.462+0000] {logging_mixin.py:149} INFO - [2023-06-27T01:41:49.462+0000] {dag.py:2726} INFO - Sync 1 DAGs
[2023-06-27T01:41:56.682+0000] {logging_mixin.py:149} INFO - [2023-06-27T01:41:56.682+0000] {dag.py:3486} INFO - Setting next_dagrun for example_trigger_target_dag to None, run_after=None
[2023-06-27T01:42:00.447+0000] {processor.py:179} INFO - Processing /home/airflow/.local/lib/python3.8/site-packages/airflow/example_dags/example_trigger_target_dag.py took 19.638 seconds
[2023-06-27T02:20:17.670+0000] {processor.py:157} INFO - Started process (PID=173) to work on /home/airflow/.local/lib/python3.8/site-packages/airflow/example_dags/example_trigger_target_dag.py
[2023-06-27T02:20:17.750+0000] {processor.py:826} INFO - Processing file /home/airflow/.local/lib/python3.8/site-packages/airflow/example_dags/example_trigger_target_dag.py for tasks to queue
[2023-06-27T02:20:17.751+0000] {logging_mixin.py:149} INFO - [2023-06-27T02:20:17.750+0000] {dagbag.py:541} INFO - Filling up the DagBag from /home/airflow/.local/lib/python3.8/site-packages/airflow/example_dags/example_trigger_target_dag.py
[2023-06-27T02:20:17.976+0000] {processor.py:836} INFO - DAG(s) dict_keys(['example_trigger_target_dag']) retrieved from /home/airflow/.local/lib/python3.8/site-packages/airflow/example_dags/example_trigger_target_dag.py
[2023-06-27T02:20:18.866+0000] {logging_mixin.py:149} INFO - [2023-06-27T02:20:18.866+0000] {dag.py:2726} INFO - Sync 1 DAGs
[2023-06-27T02:20:19.927+0000] {logging_mixin.py:149} INFO - [2023-06-27T02:20:19.927+0000] {dag.py:3486} INFO - Setting next_dagrun for example_trigger_target_dag to None, run_after=None
[2023-06-27T02:20:20.749+0000] {processor.py:179} INFO - Processing /home/airflow/.local/lib/python3.8/site-packages/airflow/example_dags/example_trigger_target_dag.py took 3.215 seconds
[2023-06-27T06:20:26.488+0000] {processor.py:157} INFO - Started process (PID=453) to work on /home/airflow/.local/lib/python3.8/site-packages/airflow/example_dags/example_trigger_target_dag.py
[2023-06-27T06:20:26.624+0000] {processor.py:826} INFO - Processing file /home/airflow/.local/lib/python3.8/site-packages/airflow/example_dags/example_trigger_target_dag.py for tasks to queue
[2023-06-27T06:20:26.741+0000] {logging_mixin.py:149} INFO - [2023-06-27T06:20:26.637+0000] {dagbag.py:541} INFO - Filling up the DagBag from /home/airflow/.local/lib/python3.8/site-packages/airflow/example_dags/example_trigger_target_dag.py
[2023-06-27T06:20:26.964+0000] {processor.py:836} INFO - DAG(s) dict_keys(['example_trigger_target_dag']) retrieved from /home/airflow/.local/lib/python3.8/site-packages/airflow/example_dags/example_trigger_target_dag.py
[2023-06-27T06:20:28.546+0000] {logging_mixin.py:149} INFO - [2023-06-27T06:20:28.491+0000] {dag.py:2726} INFO - Sync 1 DAGs
[2023-06-27T06:20:29.794+0000] {logging_mixin.py:149} INFO - [2023-06-27T06:20:29.793+0000] {dag.py:3486} INFO - Setting next_dagrun for example_trigger_target_dag to None, run_after=None
[2023-06-27T06:20:31.114+0000] {processor.py:179} INFO - Processing /home/airflow/.local/lib/python3.8/site-packages/airflow/example_dags/example_trigger_target_dag.py took 4.775 seconds
[2023-06-27T08:57:02.045+0000] {processor.py:157} INFO - Started process (PID=590) to work on /home/airflow/.local/lib/python3.8/site-packages/airflow/example_dags/example_trigger_target_dag.py
[2023-06-27T08:57:02.068+0000] {processor.py:826} INFO - Processing file /home/airflow/.local/lib/python3.8/site-packages/airflow/example_dags/example_trigger_target_dag.py for tasks to queue
[2023-06-27T08:57:02.069+0000] {logging_mixin.py:149} INFO - [2023-06-27T08:57:02.068+0000] {dagbag.py:541} INFO - Filling up the DagBag from /home/airflow/.local/lib/python3.8/site-packages/airflow/example_dags/example_trigger_target_dag.py
[2023-06-27T08:57:02.080+0000] {processor.py:836} INFO - DAG(s) dict_keys(['example_trigger_target_dag']) retrieved from /home/airflow/.local/lib/python3.8/site-packages/airflow/example_dags/example_trigger_target_dag.py
[2023-06-27T08:57:02.119+0000] {logging_mixin.py:149} INFO - [2023-06-27T08:57:02.119+0000] {dag.py:2726} INFO - Sync 1 DAGs
[2023-06-27T08:57:02.151+0000] {logging_mixin.py:149} INFO - [2023-06-27T08:57:02.151+0000] {dag.py:3486} INFO - Setting next_dagrun for example_trigger_target_dag to None, run_after=None
[2023-06-27T08:57:02.196+0000] {processor.py:179} INFO - Processing /home/airflow/.local/lib/python3.8/site-packages/airflow/example_dags/example_trigger_target_dag.py took 0.159 seconds
[2023-06-27T09:00:35.241+0000] {processor.py:157} INFO - Started process (PID=738) to work on /home/airflow/.local/lib/python3.8/site-packages/airflow/example_dags/example_trigger_target_dag.py
[2023-06-27T09:00:35.306+0000] {processor.py:826} INFO - Processing file /home/airflow/.local/lib/python3.8/site-packages/airflow/example_dags/example_trigger_target_dag.py for tasks to queue
[2023-06-27T09:00:35.308+0000] {logging_mixin.py:149} INFO - [2023-06-27T09:00:35.308+0000] {dagbag.py:541} INFO - Filling up the DagBag from /home/airflow/.local/lib/python3.8/site-packages/airflow/example_dags/example_trigger_target_dag.py
[2023-06-27T09:00:35.429+0000] {processor.py:836} INFO - DAG(s) dict_keys(['example_trigger_target_dag']) retrieved from /home/airflow/.local/lib/python3.8/site-packages/airflow/example_dags/example_trigger_target_dag.py
[2023-06-27T09:00:35.526+0000] {logging_mixin.py:149} INFO - [2023-06-27T09:00:35.525+0000] {dag.py:2726} INFO - Sync 1 DAGs
[2023-06-27T09:00:35.600+0000] {logging_mixin.py:149} INFO - [2023-06-27T09:00:35.600+0000] {dag.py:3486} INFO - Setting next_dagrun for example_trigger_target_dag to None, run_after=None
[2023-06-27T09:00:35.779+0000] {processor.py:179} INFO - Processing /home/airflow/.local/lib/python3.8/site-packages/airflow/example_dags/example_trigger_target_dag.py took 0.550 seconds
[2023-06-27T09:20:52.464+0000] {processor.py:157} INFO - Started process (PID=92) to work on /home/airflow/.local/lib/python3.8/site-packages/airflow/example_dags/example_trigger_target_dag.py
[2023-06-27T09:20:52.475+0000] {processor.py:826} INFO - Processing file /home/airflow/.local/lib/python3.8/site-packages/airflow/example_dags/example_trigger_target_dag.py for tasks to queue
[2023-06-27T09:20:52.476+0000] {logging_mixin.py:149} INFO - [2023-06-27T09:20:52.476+0000] {dagbag.py:541} INFO - Filling up the DagBag from /home/airflow/.local/lib/python3.8/site-packages/airflow/example_dags/example_trigger_target_dag.py
[2023-06-27T09:20:52.525+0000] {processor.py:836} INFO - DAG(s) dict_keys(['example_trigger_target_dag']) retrieved from /home/airflow/.local/lib/python3.8/site-packages/airflow/example_dags/example_trigger_target_dag.py
[2023-06-27T09:20:52.711+0000] {logging_mixin.py:149} INFO - [2023-06-27T09:20:52.711+0000] {dag.py:2726} INFO - Sync 1 DAGs
[2023-06-27T09:20:52.827+0000] {logging_mixin.py:149} INFO - [2023-06-27T09:20:52.827+0000] {dag.py:3486} INFO - Setting next_dagrun for example_trigger_target_dag to None, run_after=None
[2023-06-27T09:20:52.966+0000] {processor.py:179} INFO - Processing /home/airflow/.local/lib/python3.8/site-packages/airflow/example_dags/example_trigger_target_dag.py took 0.530 seconds
[2023-06-27T09:21:23.934+0000] {processor.py:157} INFO - Started process (PID=150) to work on /home/airflow/.local/lib/python3.8/site-packages/airflow/example_dags/example_trigger_target_dag.py
[2023-06-27T09:21:23.951+0000] {processor.py:826} INFO - Processing file /home/airflow/.local/lib/python3.8/site-packages/airflow/example_dags/example_trigger_target_dag.py for tasks to queue
[2023-06-27T09:21:23.957+0000] {logging_mixin.py:149} INFO - [2023-06-27T09:21:23.956+0000] {dagbag.py:541} INFO - Filling up the DagBag from /home/airflow/.local/lib/python3.8/site-packages/airflow/example_dags/example_trigger_target_dag.py
[2023-06-27T09:21:24.014+0000] {processor.py:836} INFO - DAG(s) dict_keys(['example_trigger_target_dag']) retrieved from /home/airflow/.local/lib/python3.8/site-packages/airflow/example_dags/example_trigger_target_dag.py
[2023-06-27T09:21:24.213+0000] {logging_mixin.py:149} INFO - [2023-06-27T09:21:24.213+0000] {dag.py:2726} INFO - Sync 1 DAGs
[2023-06-27T09:21:24.379+0000] {logging_mixin.py:149} INFO - [2023-06-27T09:21:24.379+0000] {dag.py:3486} INFO - Setting next_dagrun for example_trigger_target_dag to None, run_after=None
[2023-06-27T09:21:24.443+0000] {processor.py:179} INFO - Processing /home/airflow/.local/lib/python3.8/site-packages/airflow/example_dags/example_trigger_target_dag.py took 0.552 seconds
[2023-06-27T09:21:54.785+0000] {processor.py:157} INFO - Started process (PID=218) to work on /home/airflow/.local/lib/python3.8/site-packages/airflow/example_dags/example_trigger_target_dag.py
[2023-06-27T09:21:54.787+0000] {processor.py:826} INFO - Processing file /home/airflow/.local/lib/python3.8/site-packages/airflow/example_dags/example_trigger_target_dag.py for tasks to queue
[2023-06-27T09:21:54.789+0000] {logging_mixin.py:149} INFO - [2023-06-27T09:21:54.788+0000] {dagbag.py:541} INFO - Filling up the DagBag from /home/airflow/.local/lib/python3.8/site-packages/airflow/example_dags/example_trigger_target_dag.py
[2023-06-27T09:21:54.797+0000] {processor.py:836} INFO - DAG(s) dict_keys(['example_trigger_target_dag']) retrieved from /home/airflow/.local/lib/python3.8/site-packages/airflow/example_dags/example_trigger_target_dag.py
[2023-06-27T09:21:54.830+0000] {logging_mixin.py:149} INFO - [2023-06-27T09:21:54.830+0000] {dag.py:2726} INFO - Sync 1 DAGs
[2023-06-27T09:21:54.859+0000] {logging_mixin.py:149} INFO - [2023-06-27T09:21:54.859+0000] {dag.py:3486} INFO - Setting next_dagrun for example_trigger_target_dag to None, run_after=None
[2023-06-27T09:21:54.881+0000] {processor.py:179} INFO - Processing /home/airflow/.local/lib/python3.8/site-packages/airflow/example_dags/example_trigger_target_dag.py took 0.101 seconds
[2023-06-27T09:22:25.654+0000] {processor.py:157} INFO - Started process (PID=285) to work on /home/airflow/.local/lib/python3.8/site-packages/airflow/example_dags/example_trigger_target_dag.py
[2023-06-27T09:22:25.655+0000] {processor.py:826} INFO - Processing file /home/airflow/.local/lib/python3.8/site-packages/airflow/example_dags/example_trigger_target_dag.py for tasks to queue
[2023-06-27T09:22:25.657+0000] {logging_mixin.py:149} INFO - [2023-06-27T09:22:25.657+0000] {dagbag.py:541} INFO - Filling up the DagBag from /home/airflow/.local/lib/python3.8/site-packages/airflow/example_dags/example_trigger_target_dag.py
[2023-06-27T09:22:25.678+0000] {processor.py:836} INFO - DAG(s) dict_keys(['example_trigger_target_dag']) retrieved from /home/airflow/.local/lib/python3.8/site-packages/airflow/example_dags/example_trigger_target_dag.py
[2023-06-27T09:22:25.771+0000] {logging_mixin.py:149} INFO - [2023-06-27T09:22:25.771+0000] {dag.py:2726} INFO - Sync 1 DAGs
[2023-06-27T09:22:25.851+0000] {logging_mixin.py:149} INFO - [2023-06-27T09:22:25.851+0000] {dag.py:3486} INFO - Setting next_dagrun for example_trigger_target_dag to None, run_after=None
[2023-06-27T09:22:25.931+0000] {processor.py:179} INFO - Processing /home/airflow/.local/lib/python3.8/site-packages/airflow/example_dags/example_trigger_target_dag.py took 0.294 seconds
[2023-06-27T09:22:56.762+0000] {processor.py:157} INFO - Started process (PID=354) to work on /home/airflow/.local/lib/python3.8/site-packages/airflow/example_dags/example_trigger_target_dag.py
[2023-06-27T09:22:56.763+0000] {processor.py:826} INFO - Processing file /home/airflow/.local/lib/python3.8/site-packages/airflow/example_dags/example_trigger_target_dag.py for tasks to queue
[2023-06-27T09:22:56.772+0000] {logging_mixin.py:149} INFO - [2023-06-27T09:22:56.771+0000] {dagbag.py:541} INFO - Filling up the DagBag from /home/airflow/.local/lib/python3.8/site-packages/airflow/example_dags/example_trigger_target_dag.py
[2023-06-27T09:22:56.788+0000] {processor.py:836} INFO - DAG(s) dict_keys(['example_trigger_target_dag']) retrieved from /home/airflow/.local/lib/python3.8/site-packages/airflow/example_dags/example_trigger_target_dag.py
[2023-06-27T09:22:56.871+0000] {logging_mixin.py:149} INFO - [2023-06-27T09:22:56.871+0000] {dag.py:2726} INFO - Sync 1 DAGs
[2023-06-27T09:22:56.975+0000] {logging_mixin.py:149} INFO - [2023-06-27T09:22:56.975+0000] {dag.py:3486} INFO - Setting next_dagrun for example_trigger_target_dag to None, run_after=None
[2023-06-27T09:22:57.019+0000] {processor.py:179} INFO - Processing /home/airflow/.local/lib/python3.8/site-packages/airflow/example_dags/example_trigger_target_dag.py took 0.264 seconds
[2023-06-27T09:23:27.668+0000] {processor.py:157} INFO - Started process (PID=420) to work on /home/airflow/.local/lib/python3.8/site-packages/airflow/example_dags/example_trigger_target_dag.py
[2023-06-27T09:23:27.678+0000] {processor.py:826} INFO - Processing file /home/airflow/.local/lib/python3.8/site-packages/airflow/example_dags/example_trigger_target_dag.py for tasks to queue
[2023-06-27T09:23:27.680+0000] {logging_mixin.py:149} INFO - [2023-06-27T09:23:27.680+0000] {dagbag.py:541} INFO - Filling up the DagBag from /home/airflow/.local/lib/python3.8/site-packages/airflow/example_dags/example_trigger_target_dag.py
[2023-06-27T09:23:27.696+0000] {processor.py:836} INFO - DAG(s) dict_keys(['example_trigger_target_dag']) retrieved from /home/airflow/.local/lib/python3.8/site-packages/airflow/example_dags/example_trigger_target_dag.py
[2023-06-27T09:23:27.791+0000] {logging_mixin.py:149} INFO - [2023-06-27T09:23:27.791+0000] {dag.py:2726} INFO - Sync 1 DAGs
[2023-06-27T09:23:27.891+0000] {logging_mixin.py:149} INFO - [2023-06-27T09:23:27.890+0000] {dag.py:3486} INFO - Setting next_dagrun for example_trigger_target_dag to None, run_after=None
[2023-06-27T09:23:27.940+0000] {processor.py:179} INFO - Processing /home/airflow/.local/lib/python3.8/site-packages/airflow/example_dags/example_trigger_target_dag.py took 0.281 seconds
[2023-06-27T09:23:58.565+0000] {processor.py:157} INFO - Started process (PID=484) to work on /home/airflow/.local/lib/python3.8/site-packages/airflow/example_dags/example_trigger_target_dag.py
[2023-06-27T09:23:58.583+0000] {processor.py:826} INFO - Processing file /home/airflow/.local/lib/python3.8/site-packages/airflow/example_dags/example_trigger_target_dag.py for tasks to queue
[2023-06-27T09:23:58.584+0000] {logging_mixin.py:149} INFO - [2023-06-27T09:23:58.584+0000] {dagbag.py:541} INFO - Filling up the DagBag from /home/airflow/.local/lib/python3.8/site-packages/airflow/example_dags/example_trigger_target_dag.py
[2023-06-27T09:23:58.601+0000] {processor.py:836} INFO - DAG(s) dict_keys(['example_trigger_target_dag']) retrieved from /home/airflow/.local/lib/python3.8/site-packages/airflow/example_dags/example_trigger_target_dag.py
[2023-06-27T09:23:58.666+0000] {logging_mixin.py:149} INFO - [2023-06-27T09:23:58.666+0000] {dag.py:2726} INFO - Sync 1 DAGs
[2023-06-27T09:23:58.755+0000] {logging_mixin.py:149} INFO - [2023-06-27T09:23:58.755+0000] {dag.py:3486} INFO - Setting next_dagrun for example_trigger_target_dag to None, run_after=None
[2023-06-27T09:23:58.809+0000] {processor.py:179} INFO - Processing /home/airflow/.local/lib/python3.8/site-packages/airflow/example_dags/example_trigger_target_dag.py took 0.253 seconds
[2023-06-27T09:25:56.041+0000] {processor.py:157} INFO - Started process (PID=81) to work on /home/airflow/.local/lib/python3.8/site-packages/airflow/example_dags/example_trigger_target_dag.py
[2023-06-27T09:25:56.059+0000] {processor.py:826} INFO - Processing file /home/airflow/.local/lib/python3.8/site-packages/airflow/example_dags/example_trigger_target_dag.py for tasks to queue
[2023-06-27T09:25:56.060+0000] {logging_mixin.py:149} INFO - [2023-06-27T09:25:56.060+0000] {dagbag.py:541} INFO - Filling up the DagBag from /home/airflow/.local/lib/python3.8/site-packages/airflow/example_dags/example_trigger_target_dag.py
[2023-06-27T09:25:56.085+0000] {processor.py:836} INFO - DAG(s) dict_keys(['example_trigger_target_dag']) retrieved from /home/airflow/.local/lib/python3.8/site-packages/airflow/example_dags/example_trigger_target_dag.py
[2023-06-27T09:25:56.171+0000] {logging_mixin.py:149} INFO - [2023-06-27T09:25:56.171+0000] {dag.py:2726} INFO - Sync 1 DAGs
[2023-06-27T09:25:56.253+0000] {logging_mixin.py:149} INFO - [2023-06-27T09:25:56.253+0000] {dag.py:3486} INFO - Setting next_dagrun for example_trigger_target_dag to None, run_after=None
[2023-06-27T09:25:56.305+0000] {processor.py:179} INFO - Processing /home/airflow/.local/lib/python3.8/site-packages/airflow/example_dags/example_trigger_target_dag.py took 0.281 seconds
[2023-06-27T09:26:26.885+0000] {processor.py:157} INFO - Started process (PID=144) to work on /home/airflow/.local/lib/python3.8/site-packages/airflow/example_dags/example_trigger_target_dag.py
[2023-06-27T09:26:26.895+0000] {processor.py:826} INFO - Processing file /home/airflow/.local/lib/python3.8/site-packages/airflow/example_dags/example_trigger_target_dag.py for tasks to queue
[2023-06-27T09:26:26.897+0000] {logging_mixin.py:149} INFO - [2023-06-27T09:26:26.897+0000] {dagbag.py:541} INFO - Filling up the DagBag from /home/airflow/.local/lib/python3.8/site-packages/airflow/example_dags/example_trigger_target_dag.py
[2023-06-27T09:26:26.926+0000] {processor.py:836} INFO - DAG(s) dict_keys(['example_trigger_target_dag']) retrieved from /home/airflow/.local/lib/python3.8/site-packages/airflow/example_dags/example_trigger_target_dag.py
[2023-06-27T09:26:27.011+0000] {logging_mixin.py:149} INFO - [2023-06-27T09:26:27.011+0000] {dag.py:2726} INFO - Sync 1 DAGs
[2023-06-27T09:26:27.101+0000] {logging_mixin.py:149} INFO - [2023-06-27T09:26:27.101+0000] {dag.py:3486} INFO - Setting next_dagrun for example_trigger_target_dag to None, run_after=None
[2023-06-27T09:26:27.167+0000] {processor.py:179} INFO - Processing /home/airflow/.local/lib/python3.8/site-packages/airflow/example_dags/example_trigger_target_dag.py took 0.295 seconds
[2023-06-27T09:26:59.031+0000] {processor.py:157} INFO - Started process (PID=212) to work on /home/airflow/.local/lib/python3.8/site-packages/airflow/example_dags/example_trigger_target_dag.py
[2023-06-27T09:26:59.040+0000] {processor.py:826} INFO - Processing file /home/airflow/.local/lib/python3.8/site-packages/airflow/example_dags/example_trigger_target_dag.py for tasks to queue
[2023-06-27T09:26:59.055+0000] {logging_mixin.py:149} INFO - [2023-06-27T09:26:59.054+0000] {dagbag.py:541} INFO - Filling up the DagBag from /home/airflow/.local/lib/python3.8/site-packages/airflow/example_dags/example_trigger_target_dag.py
[2023-06-27T09:26:59.072+0000] {processor.py:836} INFO - DAG(s) dict_keys(['example_trigger_target_dag']) retrieved from /home/airflow/.local/lib/python3.8/site-packages/airflow/example_dags/example_trigger_target_dag.py
[2023-06-27T09:26:59.175+0000] {logging_mixin.py:149} INFO - [2023-06-27T09:26:59.175+0000] {dag.py:2726} INFO - Sync 1 DAGs
[2023-06-27T09:26:59.251+0000] {logging_mixin.py:149} INFO - [2023-06-27T09:26:59.251+0000] {dag.py:3486} INFO - Setting next_dagrun for example_trigger_target_dag to None, run_after=None
[2023-06-27T09:26:59.339+0000] {processor.py:179} INFO - Processing /home/airflow/.local/lib/python3.8/site-packages/airflow/example_dags/example_trigger_target_dag.py took 0.323 seconds
[2023-06-27T09:27:30.174+0000] {processor.py:157} INFO - Started process (PID=284) to work on /home/airflow/.local/lib/python3.8/site-packages/airflow/example_dags/example_trigger_target_dag.py
[2023-06-27T09:27:30.186+0000] {processor.py:826} INFO - Processing file /home/airflow/.local/lib/python3.8/site-packages/airflow/example_dags/example_trigger_target_dag.py for tasks to queue
[2023-06-27T09:27:30.188+0000] {logging_mixin.py:149} INFO - [2023-06-27T09:27:30.188+0000] {dagbag.py:541} INFO - Filling up the DagBag from /home/airflow/.local/lib/python3.8/site-packages/airflow/example_dags/example_trigger_target_dag.py
[2023-06-27T09:27:30.212+0000] {processor.py:836} INFO - DAG(s) dict_keys(['example_trigger_target_dag']) retrieved from /home/airflow/.local/lib/python3.8/site-packages/airflow/example_dags/example_trigger_target_dag.py
[2023-06-27T09:27:30.308+0000] {logging_mixin.py:149} INFO - [2023-06-27T09:27:30.308+0000] {dag.py:2726} INFO - Sync 1 DAGs
[2023-06-27T09:27:30.399+0000] {logging_mixin.py:149} INFO - [2023-06-27T09:27:30.399+0000] {dag.py:3486} INFO - Setting next_dagrun for example_trigger_target_dag to None, run_after=None
[2023-06-27T09:27:30.463+0000] {processor.py:179} INFO - Processing /home/airflow/.local/lib/python3.8/site-packages/airflow/example_dags/example_trigger_target_dag.py took 0.306 seconds
[2023-06-27T09:28:00.738+0000] {processor.py:157} INFO - Started process (PID=350) to work on /home/airflow/.local/lib/python3.8/site-packages/airflow/example_dags/example_trigger_target_dag.py
[2023-06-27T09:28:00.748+0000] {processor.py:826} INFO - Processing file /home/airflow/.local/lib/python3.8/site-packages/airflow/example_dags/example_trigger_target_dag.py for tasks to queue
[2023-06-27T09:28:00.750+0000] {logging_mixin.py:149} INFO - [2023-06-27T09:28:00.750+0000] {dagbag.py:541} INFO - Filling up the DagBag from /home/airflow/.local/lib/python3.8/site-packages/airflow/example_dags/example_trigger_target_dag.py
[2023-06-27T09:28:00.766+0000] {processor.py:836} INFO - DAG(s) dict_keys(['example_trigger_target_dag']) retrieved from /home/airflow/.local/lib/python3.8/site-packages/airflow/example_dags/example_trigger_target_dag.py
[2023-06-27T09:28:00.834+0000] {logging_mixin.py:149} INFO - [2023-06-27T09:28:00.833+0000] {dag.py:2726} INFO - Sync 1 DAGs
[2023-06-27T09:28:00.907+0000] {logging_mixin.py:149} INFO - [2023-06-27T09:28:00.907+0000] {dag.py:3486} INFO - Setting next_dagrun for example_trigger_target_dag to None, run_after=None
[2023-06-27T09:28:00.946+0000] {processor.py:179} INFO - Processing /home/airflow/.local/lib/python3.8/site-packages/airflow/example_dags/example_trigger_target_dag.py took 0.212 seconds
[2023-06-27T09:28:31.300+0000] {processor.py:157} INFO - Started process (PID=418) to work on /home/airflow/.local/lib/python3.8/site-packages/airflow/example_dags/example_trigger_target_dag.py
[2023-06-27T09:28:31.303+0000] {processor.py:826} INFO - Processing file /home/airflow/.local/lib/python3.8/site-packages/airflow/example_dags/example_trigger_target_dag.py for tasks to queue
[2023-06-27T09:28:31.304+0000] {logging_mixin.py:149} INFO - [2023-06-27T09:28:31.304+0000] {dagbag.py:541} INFO - Filling up the DagBag from /home/airflow/.local/lib/python3.8/site-packages/airflow/example_dags/example_trigger_target_dag.py
[2023-06-27T09:28:31.318+0000] {processor.py:836} INFO - DAG(s) dict_keys(['example_trigger_target_dag']) retrieved from /home/airflow/.local/lib/python3.8/site-packages/airflow/example_dags/example_trigger_target_dag.py
[2023-06-27T09:28:31.384+0000] {logging_mixin.py:149} INFO - [2023-06-27T09:28:31.384+0000] {dag.py:2726} INFO - Sync 1 DAGs
[2023-06-27T09:28:31.443+0000] {logging_mixin.py:149} INFO - [2023-06-27T09:28:31.443+0000] {dag.py:3486} INFO - Setting next_dagrun for example_trigger_target_dag to None, run_after=None
[2023-06-27T09:28:31.486+0000] {processor.py:179} INFO - Processing /home/airflow/.local/lib/python3.8/site-packages/airflow/example_dags/example_trigger_target_dag.py took 0.202 seconds
[2023-06-27T09:29:01.640+0000] {processor.py:157} INFO - Started process (PID=493) to work on /home/airflow/.local/lib/python3.8/site-packages/airflow/example_dags/example_trigger_target_dag.py
[2023-06-27T09:29:01.642+0000] {processor.py:826} INFO - Processing file /home/airflow/.local/lib/python3.8/site-packages/airflow/example_dags/example_trigger_target_dag.py for tasks to queue
[2023-06-27T09:29:01.644+0000] {logging_mixin.py:149} INFO - [2023-06-27T09:29:01.644+0000] {dagbag.py:541} INFO - Filling up the DagBag from /home/airflow/.local/lib/python3.8/site-packages/airflow/example_dags/example_trigger_target_dag.py
[2023-06-27T09:29:01.660+0000] {processor.py:836} INFO - DAG(s) dict_keys(['example_trigger_target_dag']) retrieved from /home/airflow/.local/lib/python3.8/site-packages/airflow/example_dags/example_trigger_target_dag.py
[2023-06-27T09:29:01.703+0000] {logging_mixin.py:149} INFO - [2023-06-27T09:29:01.703+0000] {dag.py:2726} INFO - Sync 1 DAGs
[2023-06-27T09:29:01.740+0000] {logging_mixin.py:149} INFO - [2023-06-27T09:29:01.740+0000] {dag.py:3486} INFO - Setting next_dagrun for example_trigger_target_dag to None, run_after=None
[2023-06-27T09:29:01.788+0000] {processor.py:179} INFO - Processing /home/airflow/.local/lib/python3.8/site-packages/airflow/example_dags/example_trigger_target_dag.py took 0.164 seconds
[2023-06-27T09:29:32.592+0000] {processor.py:157} INFO - Started process (PID=562) to work on /home/airflow/.local/lib/python3.8/site-packages/airflow/example_dags/example_trigger_target_dag.py
[2023-06-27T09:29:32.597+0000] {processor.py:826} INFO - Processing file /home/airflow/.local/lib/python3.8/site-packages/airflow/example_dags/example_trigger_target_dag.py for tasks to queue
[2023-06-27T09:29:32.599+0000] {logging_mixin.py:149} INFO - [2023-06-27T09:29:32.598+0000] {dagbag.py:541} INFO - Filling up the DagBag from /home/airflow/.local/lib/python3.8/site-packages/airflow/example_dags/example_trigger_target_dag.py
[2023-06-27T09:29:32.621+0000] {processor.py:836} INFO - DAG(s) dict_keys(['example_trigger_target_dag']) retrieved from /home/airflow/.local/lib/python3.8/site-packages/airflow/example_dags/example_trigger_target_dag.py
[2023-06-27T09:29:32.687+0000] {logging_mixin.py:149} INFO - [2023-06-27T09:29:32.687+0000] {dag.py:2726} INFO - Sync 1 DAGs
[2023-06-27T09:29:32.725+0000] {logging_mixin.py:149} INFO - [2023-06-27T09:29:32.725+0000] {dag.py:3486} INFO - Setting next_dagrun for example_trigger_target_dag to None, run_after=None
[2023-06-27T09:29:32.747+0000] {processor.py:179} INFO - Processing /home/airflow/.local/lib/python3.8/site-packages/airflow/example_dags/example_trigger_target_dag.py took 0.164 seconds
[2023-06-27T09:30:03.356+0000] {processor.py:157} INFO - Started process (PID=628) to work on /home/airflow/.local/lib/python3.8/site-packages/airflow/example_dags/example_trigger_target_dag.py
[2023-06-27T09:30:03.357+0000] {processor.py:826} INFO - Processing file /home/airflow/.local/lib/python3.8/site-packages/airflow/example_dags/example_trigger_target_dag.py for tasks to queue
[2023-06-27T09:30:03.359+0000] {logging_mixin.py:149} INFO - [2023-06-27T09:30:03.359+0000] {dagbag.py:541} INFO - Filling up the DagBag from /home/airflow/.local/lib/python3.8/site-packages/airflow/example_dags/example_trigger_target_dag.py
[2023-06-27T09:30:03.368+0000] {processor.py:836} INFO - DAG(s) dict_keys(['example_trigger_target_dag']) retrieved from /home/airflow/.local/lib/python3.8/site-packages/airflow/example_dags/example_trigger_target_dag.py
[2023-06-27T09:30:03.398+0000] {logging_mixin.py:149} INFO - [2023-06-27T09:30:03.398+0000] {dag.py:2726} INFO - Sync 1 DAGs
[2023-06-27T09:30:03.435+0000] {logging_mixin.py:149} INFO - [2023-06-27T09:30:03.434+0000] {dag.py:3486} INFO - Setting next_dagrun for example_trigger_target_dag to None, run_after=None
[2023-06-27T09:30:03.473+0000] {processor.py:179} INFO - Processing /home/airflow/.local/lib/python3.8/site-packages/airflow/example_dags/example_trigger_target_dag.py took 0.122 seconds
[2023-06-27T09:30:34.109+0000] {processor.py:157} INFO - Started process (PID=699) to work on /home/airflow/.local/lib/python3.8/site-packages/airflow/example_dags/example_trigger_target_dag.py
[2023-06-27T09:30:34.110+0000] {processor.py:826} INFO - Processing file /home/airflow/.local/lib/python3.8/site-packages/airflow/example_dags/example_trigger_target_dag.py for tasks to queue
[2023-06-27T09:30:34.112+0000] {logging_mixin.py:149} INFO - [2023-06-27T09:30:34.112+0000] {dagbag.py:541} INFO - Filling up the DagBag from /home/airflow/.local/lib/python3.8/site-packages/airflow/example_dags/example_trigger_target_dag.py
[2023-06-27T09:30:34.120+0000] {processor.py:836} INFO - DAG(s) dict_keys(['example_trigger_target_dag']) retrieved from /home/airflow/.local/lib/python3.8/site-packages/airflow/example_dags/example_trigger_target_dag.py
[2023-06-27T09:30:34.164+0000] {logging_mixin.py:149} INFO - [2023-06-27T09:30:34.164+0000] {dag.py:2726} INFO - Sync 1 DAGs
[2023-06-27T09:30:34.191+0000] {logging_mixin.py:149} INFO - [2023-06-27T09:30:34.191+0000] {dag.py:3486} INFO - Setting next_dagrun for example_trigger_target_dag to None, run_after=None
[2023-06-27T09:30:34.217+0000] {processor.py:179} INFO - Processing /home/airflow/.local/lib/python3.8/site-packages/airflow/example_dags/example_trigger_target_dag.py took 0.114 seconds
[2023-06-27T09:31:04.989+0000] {processor.py:157} INFO - Started process (PID=777) to work on /home/airflow/.local/lib/python3.8/site-packages/airflow/example_dags/example_trigger_target_dag.py
[2023-06-27T09:31:04.991+0000] {processor.py:826} INFO - Processing file /home/airflow/.local/lib/python3.8/site-packages/airflow/example_dags/example_trigger_target_dag.py for tasks to queue
[2023-06-27T09:31:04.993+0000] {logging_mixin.py:149} INFO - [2023-06-27T09:31:04.993+0000] {dagbag.py:541} INFO - Filling up the DagBag from /home/airflow/.local/lib/python3.8/site-packages/airflow/example_dags/example_trigger_target_dag.py
[2023-06-27T09:31:05.001+0000] {processor.py:836} INFO - DAG(s) dict_keys(['example_trigger_target_dag']) retrieved from /home/airflow/.local/lib/python3.8/site-packages/airflow/example_dags/example_trigger_target_dag.py
[2023-06-27T09:31:05.058+0000] {logging_mixin.py:149} INFO - [2023-06-27T09:31:05.058+0000] {dag.py:2726} INFO - Sync 1 DAGs
[2023-06-27T09:31:05.091+0000] {logging_mixin.py:149} INFO - [2023-06-27T09:31:05.091+0000] {dag.py:3486} INFO - Setting next_dagrun for example_trigger_target_dag to None, run_after=None
[2023-06-27T09:31:05.137+0000] {processor.py:179} INFO - Processing /home/airflow/.local/lib/python3.8/site-packages/airflow/example_dags/example_trigger_target_dag.py took 0.152 seconds
[2023-06-27T09:31:35.500+0000] {processor.py:157} INFO - Started process (PID=843) to work on /home/airflow/.local/lib/python3.8/site-packages/airflow/example_dags/example_trigger_target_dag.py
[2023-06-27T09:31:35.502+0000] {processor.py:826} INFO - Processing file /home/airflow/.local/lib/python3.8/site-packages/airflow/example_dags/example_trigger_target_dag.py for tasks to queue
[2023-06-27T09:31:35.504+0000] {logging_mixin.py:149} INFO - [2023-06-27T09:31:35.503+0000] {dagbag.py:541} INFO - Filling up the DagBag from /home/airflow/.local/lib/python3.8/site-packages/airflow/example_dags/example_trigger_target_dag.py
[2023-06-27T09:31:35.512+0000] {processor.py:836} INFO - DAG(s) dict_keys(['example_trigger_target_dag']) retrieved from /home/airflow/.local/lib/python3.8/site-packages/airflow/example_dags/example_trigger_target_dag.py
[2023-06-27T09:31:35.541+0000] {logging_mixin.py:149} INFO - [2023-06-27T09:31:35.541+0000] {dag.py:2726} INFO - Sync 1 DAGs
[2023-06-27T09:31:35.572+0000] {logging_mixin.py:149} INFO - [2023-06-27T09:31:35.572+0000] {dag.py:3486} INFO - Setting next_dagrun for example_trigger_target_dag to None, run_after=None
[2023-06-27T09:31:35.596+0000] {processor.py:179} INFO - Processing /home/airflow/.local/lib/python3.8/site-packages/airflow/example_dags/example_trigger_target_dag.py took 0.102 seconds
[2023-06-27T09:32:06.198+0000] {processor.py:157} INFO - Started process (PID=916) to work on /home/airflow/.local/lib/python3.8/site-packages/airflow/example_dags/example_trigger_target_dag.py
[2023-06-27T09:32:06.202+0000] {processor.py:826} INFO - Processing file /home/airflow/.local/lib/python3.8/site-packages/airflow/example_dags/example_trigger_target_dag.py for tasks to queue
[2023-06-27T09:32:06.204+0000] {logging_mixin.py:149} INFO - [2023-06-27T09:32:06.204+0000] {dagbag.py:541} INFO - Filling up the DagBag from /home/airflow/.local/lib/python3.8/site-packages/airflow/example_dags/example_trigger_target_dag.py
[2023-06-27T09:32:06.225+0000] {processor.py:836} INFO - DAG(s) dict_keys(['example_trigger_target_dag']) retrieved from /home/airflow/.local/lib/python3.8/site-packages/airflow/example_dags/example_trigger_target_dag.py
[2023-06-27T09:32:06.284+0000] {logging_mixin.py:149} INFO - [2023-06-27T09:32:06.284+0000] {dag.py:2726} INFO - Sync 1 DAGs
[2023-06-27T09:32:06.329+0000] {logging_mixin.py:149} INFO - [2023-06-27T09:32:06.329+0000] {dag.py:3486} INFO - Setting next_dagrun for example_trigger_target_dag to None, run_after=None
[2023-06-27T09:32:06.379+0000] {processor.py:179} INFO - Processing /home/airflow/.local/lib/python3.8/site-packages/airflow/example_dags/example_trigger_target_dag.py took 0.192 seconds
[2023-06-27T09:32:39.140+0000] {processor.py:157} INFO - Started process (PID=985) to work on /home/airflow/.local/lib/python3.8/site-packages/airflow/example_dags/example_trigger_target_dag.py
[2023-06-27T09:32:39.141+0000] {processor.py:826} INFO - Processing file /home/airflow/.local/lib/python3.8/site-packages/airflow/example_dags/example_trigger_target_dag.py for tasks to queue
[2023-06-27T09:32:39.143+0000] {logging_mixin.py:149} INFO - [2023-06-27T09:32:39.143+0000] {dagbag.py:541} INFO - Filling up the DagBag from /home/airflow/.local/lib/python3.8/site-packages/airflow/example_dags/example_trigger_target_dag.py
[2023-06-27T09:32:39.168+0000] {processor.py:836} INFO - DAG(s) dict_keys(['example_trigger_target_dag']) retrieved from /home/airflow/.local/lib/python3.8/site-packages/airflow/example_dags/example_trigger_target_dag.py
[2023-06-27T09:32:39.295+0000] {logging_mixin.py:149} INFO - [2023-06-27T09:32:39.295+0000] {dag.py:2726} INFO - Sync 1 DAGs
[2023-06-27T09:32:39.377+0000] {logging_mixin.py:149} INFO - [2023-06-27T09:32:39.377+0000] {dag.py:3486} INFO - Setting next_dagrun for example_trigger_target_dag to None, run_after=None
[2023-06-27T09:32:39.448+0000] {processor.py:179} INFO - Processing /home/airflow/.local/lib/python3.8/site-packages/airflow/example_dags/example_trigger_target_dag.py took 0.323 seconds
[2023-06-27T09:33:10.622+0000] {processor.py:157} INFO - Started process (PID=1053) to work on /home/airflow/.local/lib/python3.8/site-packages/airflow/example_dags/example_trigger_target_dag.py
[2023-06-27T09:33:10.623+0000] {processor.py:826} INFO - Processing file /home/airflow/.local/lib/python3.8/site-packages/airflow/example_dags/example_trigger_target_dag.py for tasks to queue
[2023-06-27T09:33:10.625+0000] {logging_mixin.py:149} INFO - [2023-06-27T09:33:10.625+0000] {dagbag.py:541} INFO - Filling up the DagBag from /home/airflow/.local/lib/python3.8/site-packages/airflow/example_dags/example_trigger_target_dag.py
[2023-06-27T09:33:10.633+0000] {processor.py:836} INFO - DAG(s) dict_keys(['example_trigger_target_dag']) retrieved from /home/airflow/.local/lib/python3.8/site-packages/airflow/example_dags/example_trigger_target_dag.py
[2023-06-27T09:33:10.669+0000] {logging_mixin.py:149} INFO - [2023-06-27T09:33:10.668+0000] {dag.py:2726} INFO - Sync 1 DAGs
[2023-06-27T09:33:10.699+0000] {logging_mixin.py:149} INFO - [2023-06-27T09:33:10.699+0000] {dag.py:3486} INFO - Setting next_dagrun for example_trigger_target_dag to None, run_after=None
[2023-06-27T09:33:10.722+0000] {processor.py:179} INFO - Processing /home/airflow/.local/lib/python3.8/site-packages/airflow/example_dags/example_trigger_target_dag.py took 0.105 seconds
[2023-06-27T09:33:41.412+0000] {processor.py:157} INFO - Started process (PID=1121) to work on /home/airflow/.local/lib/python3.8/site-packages/airflow/example_dags/example_trigger_target_dag.py
[2023-06-27T09:33:41.414+0000] {processor.py:826} INFO - Processing file /home/airflow/.local/lib/python3.8/site-packages/airflow/example_dags/example_trigger_target_dag.py for tasks to queue
[2023-06-27T09:33:41.428+0000] {logging_mixin.py:149} INFO - [2023-06-27T09:33:41.428+0000] {dagbag.py:541} INFO - Filling up the DagBag from /home/airflow/.local/lib/python3.8/site-packages/airflow/example_dags/example_trigger_target_dag.py
[2023-06-27T09:33:41.460+0000] {processor.py:836} INFO - DAG(s) dict_keys(['example_trigger_target_dag']) retrieved from /home/airflow/.local/lib/python3.8/site-packages/airflow/example_dags/example_trigger_target_dag.py
[2023-06-27T09:33:41.628+0000] {logging_mixin.py:149} INFO - [2023-06-27T09:33:41.628+0000] {dag.py:2726} INFO - Sync 1 DAGs
[2023-06-27T09:33:41.799+0000] {logging_mixin.py:149} INFO - [2023-06-27T09:33:41.791+0000] {dag.py:3486} INFO - Setting next_dagrun for example_trigger_target_dag to None, run_after=None
[2023-06-27T09:33:41.866+0000] {processor.py:179} INFO - Processing /home/airflow/.local/lib/python3.8/site-packages/airflow/example_dags/example_trigger_target_dag.py took 0.470 seconds
[2023-06-27T09:34:12.685+0000] {processor.py:157} INFO - Started process (PID=1189) to work on /home/airflow/.local/lib/python3.8/site-packages/airflow/example_dags/example_trigger_target_dag.py
[2023-06-27T09:34:12.692+0000] {processor.py:826} INFO - Processing file /home/airflow/.local/lib/python3.8/site-packages/airflow/example_dags/example_trigger_target_dag.py for tasks to queue
[2023-06-27T09:34:12.694+0000] {logging_mixin.py:149} INFO - [2023-06-27T09:34:12.694+0000] {dagbag.py:541} INFO - Filling up the DagBag from /home/airflow/.local/lib/python3.8/site-packages/airflow/example_dags/example_trigger_target_dag.py
[2023-06-27T09:34:12.730+0000] {processor.py:836} INFO - DAG(s) dict_keys(['example_trigger_target_dag']) retrieved from /home/airflow/.local/lib/python3.8/site-packages/airflow/example_dags/example_trigger_target_dag.py
[2023-06-27T09:34:12.888+0000] {logging_mixin.py:149} INFO - [2023-06-27T09:34:12.888+0000] {dag.py:2726} INFO - Sync 1 DAGs
[2023-06-27T09:34:13.001+0000] {logging_mixin.py:149} INFO - [2023-06-27T09:34:13.001+0000] {dag.py:3486} INFO - Setting next_dagrun for example_trigger_target_dag to None, run_after=None
[2023-06-27T09:34:13.083+0000] {processor.py:179} INFO - Processing /home/airflow/.local/lib/python3.8/site-packages/airflow/example_dags/example_trigger_target_dag.py took 0.447 seconds
