[2023-06-27T00:00:39.480+0000] {processor.py:157} INFO - Started process (PID=438) to work on /home/airflow/.local/lib/python3.8/site-packages/airflow/example_dags/example_branch_operator.py
[2023-06-27T00:00:39.509+0000] {processor.py:826} INFO - Processing file /home/airflow/.local/lib/python3.8/site-packages/airflow/example_dags/example_branch_operator.py for tasks to queue
[2023-06-27T00:00:39.510+0000] {logging_mixin.py:149} INFO - [2023-06-27T00:00:39.510+0000] {dagbag.py:541} INFO - Filling up the DagBag from /home/airflow/.local/lib/python3.8/site-packages/airflow/example_dags/example_branch_operator.py
[2023-06-27T00:00:39.584+0000] {processor.py:836} INFO - DAG(s) dict_keys(['example_branch_operator']) retrieved from /home/airflow/.local/lib/python3.8/site-packages/airflow/example_dags/example_branch_operator.py
[2023-06-27T00:00:41.770+0000] {logging_mixin.py:149} INFO - [2023-06-27T00:00:41.770+0000] {dag.py:2726} INFO - Sync 1 DAGs
[2023-06-27T00:00:42.156+0000] {logging_mixin.py:149} INFO - [2023-06-27T00:00:42.156+0000] {dag.py:3486} INFO - Setting next_dagrun for example_branch_operator to 2023-06-26T00:00:00+00:00, run_after=2023-06-27T00:00:00+00:00
[2023-06-27T00:00:42.577+0000] {processor.py:179} INFO - Processing /home/airflow/.local/lib/python3.8/site-packages/airflow/example_dags/example_branch_operator.py took 3.123 seconds
[2023-06-27T00:06:51.711+0000] {processor.py:157} INFO - Started process (PID=657) to work on /home/airflow/.local/lib/python3.8/site-packages/airflow/example_dags/example_branch_operator.py
[2023-06-27T00:06:51.959+0000] {processor.py:826} INFO - Processing file /home/airflow/.local/lib/python3.8/site-packages/airflow/example_dags/example_branch_operator.py for tasks to queue
[2023-06-27T00:06:51.960+0000] {logging_mixin.py:149} INFO - [2023-06-27T00:06:51.960+0000] {dagbag.py:541} INFO - Filling up the DagBag from /home/airflow/.local/lib/python3.8/site-packages/airflow/example_dags/example_branch_operator.py
[2023-06-27T00:06:52.947+0000] {processor.py:836} INFO - DAG(s) dict_keys(['example_branch_operator']) retrieved from /home/airflow/.local/lib/python3.8/site-packages/airflow/example_dags/example_branch_operator.py
[2023-06-27T00:07:00.705+0000] {logging_mixin.py:149} INFO - [2023-06-27T00:07:00.704+0000] {dag.py:2726} INFO - Sync 1 DAGs
[2023-06-27T00:07:02.897+0000] {logging_mixin.py:149} INFO - [2023-06-27T00:07:02.896+0000] {dag.py:3486} INFO - Setting next_dagrun for example_branch_operator to 2023-06-26T00:00:00+00:00, run_after=2023-06-27T00:00:00+00:00
[2023-06-27T00:07:03.832+0000] {processor.py:179} INFO - Processing /home/airflow/.local/lib/python3.8/site-packages/airflow/example_dags/example_branch_operator.py took 12.143 seconds
[2023-06-27T01:03:44.102+0000] {processor.py:157} INFO - Started process (PID=125) to work on /home/airflow/.local/lib/python3.8/site-packages/airflow/example_dags/example_branch_operator.py
[2023-06-27T01:03:44.124+0000] {processor.py:826} INFO - Processing file /home/airflow/.local/lib/python3.8/site-packages/airflow/example_dags/example_branch_operator.py for tasks to queue
[2023-06-27T01:03:44.125+0000] {logging_mixin.py:149} INFO - [2023-06-27T01:03:44.125+0000] {dagbag.py:541} INFO - Filling up the DagBag from /home/airflow/.local/lib/python3.8/site-packages/airflow/example_dags/example_branch_operator.py
[2023-06-27T01:03:46.429+0000] {processor.py:836} INFO - DAG(s) dict_keys(['example_branch_operator']) retrieved from /home/airflow/.local/lib/python3.8/site-packages/airflow/example_dags/example_branch_operator.py
[2023-06-27T01:03:51.978+0000] {logging_mixin.py:149} INFO - [2023-06-27T01:03:51.977+0000] {dag.py:2726} INFO - Sync 1 DAGs
[2023-06-27T01:03:55.857+0000] {logging_mixin.py:149} INFO - [2023-06-27T01:03:55.857+0000] {dag.py:3486} INFO - Setting next_dagrun for example_branch_operator to 2023-06-26T00:00:00+00:00, run_after=2023-06-27T00:00:00+00:00
[2023-06-27T01:04:00.319+0000] {processor.py:179} INFO - Processing /home/airflow/.local/lib/python3.8/site-packages/airflow/example_dags/example_branch_operator.py took 17.256 seconds
[2023-06-27T01:37:44.873+0000] {processor.py:157} INFO - Started process (PID=79) to work on /home/airflow/.local/lib/python3.8/site-packages/airflow/example_dags/example_branch_operator.py
[2023-06-27T01:37:44.877+0000] {processor.py:826} INFO - Processing file /home/airflow/.local/lib/python3.8/site-packages/airflow/example_dags/example_branch_operator.py for tasks to queue
[2023-06-27T01:37:44.878+0000] {logging_mixin.py:149} INFO - [2023-06-27T01:37:44.878+0000] {dagbag.py:541} INFO - Filling up the DagBag from /home/airflow/.local/lib/python3.8/site-packages/airflow/example_dags/example_branch_operator.py
[2023-06-27T01:37:44.915+0000] {processor.py:836} INFO - DAG(s) dict_keys(['example_branch_operator']) retrieved from /home/airflow/.local/lib/python3.8/site-packages/airflow/example_dags/example_branch_operator.py
[2023-06-27T01:37:45.050+0000] {logging_mixin.py:149} INFO - [2023-06-27T01:37:45.049+0000] {dag.py:2726} INFO - Sync 1 DAGs
[2023-06-27T01:37:45.180+0000] {logging_mixin.py:149} INFO - [2023-06-27T01:37:45.180+0000] {dag.py:3486} INFO - Setting next_dagrun for example_branch_operator to 2023-06-26T00:00:00+00:00, run_after=2023-06-27T00:00:00+00:00
[2023-06-27T01:37:45.269+0000] {processor.py:179} INFO - Processing /home/airflow/.local/lib/python3.8/site-packages/airflow/example_dags/example_branch_operator.py took 0.413 seconds
[2023-06-27T01:40:51.777+0000] {processor.py:157} INFO - Started process (PID=232) to work on /home/airflow/.local/lib/python3.8/site-packages/airflow/example_dags/example_branch_operator.py
[2023-06-27T01:40:51.779+0000] {processor.py:826} INFO - Processing file /home/airflow/.local/lib/python3.8/site-packages/airflow/example_dags/example_branch_operator.py for tasks to queue
[2023-06-27T01:40:52.239+0000] {logging_mixin.py:149} INFO - [2023-06-27T01:40:52.239+0000] {dagbag.py:541} INFO - Filling up the DagBag from /home/airflow/.local/lib/python3.8/site-packages/airflow/example_dags/example_branch_operator.py
[2023-06-27T01:40:54.522+0000] {processor.py:836} INFO - DAG(s) dict_keys(['example_branch_operator']) retrieved from /home/airflow/.local/lib/python3.8/site-packages/airflow/example_dags/example_branch_operator.py
[2023-06-27T01:40:58.581+0000] {logging_mixin.py:149} INFO - [2023-06-27T01:40:58.580+0000] {dag.py:2726} INFO - Sync 1 DAGs
[2023-06-27T01:41:03.124+0000] {logging_mixin.py:149} INFO - [2023-06-27T01:41:03.124+0000] {dag.py:3486} INFO - Setting next_dagrun for example_branch_operator to 2023-06-26T00:00:00+00:00, run_after=2023-06-27T00:00:00+00:00
[2023-06-27T01:41:06.913+0000] {processor.py:179} INFO - Processing /home/airflow/.local/lib/python3.8/site-packages/airflow/example_dags/example_branch_operator.py took 16.078 seconds
[2023-06-27T02:20:06.445+0000] {processor.py:157} INFO - Started process (PID=158) to work on /home/airflow/.local/lib/python3.8/site-packages/airflow/example_dags/example_branch_operator.py
[2023-06-27T02:20:06.447+0000] {processor.py:826} INFO - Processing file /home/airflow/.local/lib/python3.8/site-packages/airflow/example_dags/example_branch_operator.py for tasks to queue
[2023-06-27T02:20:06.545+0000] {logging_mixin.py:149} INFO - [2023-06-27T02:20:06.545+0000] {dagbag.py:541} INFO - Filling up the DagBag from /home/airflow/.local/lib/python3.8/site-packages/airflow/example_dags/example_branch_operator.py
[2023-06-27T02:20:10.138+0000] {processor.py:836} INFO - DAG(s) dict_keys(['example_branch_operator']) retrieved from /home/airflow/.local/lib/python3.8/site-packages/airflow/example_dags/example_branch_operator.py
[2023-06-27T02:20:11.166+0000] {logging_mixin.py:149} INFO - [2023-06-27T02:20:11.166+0000] {dag.py:2726} INFO - Sync 1 DAGs
[2023-06-27T02:20:12.048+0000] {logging_mixin.py:149} INFO - [2023-06-27T02:20:12.048+0000] {dag.py:3486} INFO - Setting next_dagrun for example_branch_operator to 2023-06-26T00:00:00+00:00, run_after=2023-06-27T00:00:00+00:00
[2023-06-27T02:20:12.921+0000] {processor.py:179} INFO - Processing /home/airflow/.local/lib/python3.8/site-packages/airflow/example_dags/example_branch_operator.py took 7.298 seconds
[2023-06-27T06:19:58.597+0000] {processor.py:157} INFO - Started process (PID=429) to work on /home/airflow/.local/lib/python3.8/site-packages/airflow/example_dags/example_branch_operator.py
[2023-06-27T06:19:58.720+0000] {processor.py:826} INFO - Processing file /home/airflow/.local/lib/python3.8/site-packages/airflow/example_dags/example_branch_operator.py for tasks to queue
[2023-06-27T06:19:58.894+0000] {logging_mixin.py:149} INFO - [2023-06-27T06:19:58.893+0000] {dagbag.py:541} INFO - Filling up the DagBag from /home/airflow/.local/lib/python3.8/site-packages/airflow/example_dags/example_branch_operator.py
[2023-06-27T06:20:02.684+0000] {processor.py:836} INFO - DAG(s) dict_keys(['example_branch_operator']) retrieved from /home/airflow/.local/lib/python3.8/site-packages/airflow/example_dags/example_branch_operator.py
[2023-06-27T06:20:06.419+0000] {logging_mixin.py:149} INFO - [2023-06-27T06:20:06.419+0000] {dag.py:2726} INFO - Sync 1 DAGs
[2023-06-27T06:20:07.704+0000] {logging_mixin.py:149} INFO - [2023-06-27T06:20:07.704+0000] {dag.py:3486} INFO - Setting next_dagrun for example_branch_operator to 2023-06-26T00:00:00+00:00, run_after=2023-06-27T00:00:00+00:00
[2023-06-27T06:20:09.017+0000] {processor.py:179} INFO - Processing /home/airflow/.local/lib/python3.8/site-packages/airflow/example_dags/example_branch_operator.py took 10.785 seconds
[2023-06-27T08:57:01.369+0000] {processor.py:157} INFO - Started process (PID=585) to work on /home/airflow/.local/lib/python3.8/site-packages/airflow/example_dags/example_branch_operator.py
[2023-06-27T08:57:01.390+0000] {processor.py:826} INFO - Processing file /home/airflow/.local/lib/python3.8/site-packages/airflow/example_dags/example_branch_operator.py for tasks to queue
[2023-06-27T08:57:01.391+0000] {logging_mixin.py:149} INFO - [2023-06-27T08:57:01.391+0000] {dagbag.py:541} INFO - Filling up the DagBag from /home/airflow/.local/lib/python3.8/site-packages/airflow/example_dags/example_branch_operator.py
[2023-06-27T08:57:01.407+0000] {processor.py:836} INFO - DAG(s) dict_keys(['example_branch_operator']) retrieved from /home/airflow/.local/lib/python3.8/site-packages/airflow/example_dags/example_branch_operator.py
[2023-06-27T08:57:01.462+0000] {logging_mixin.py:149} INFO - [2023-06-27T08:57:01.462+0000] {dag.py:2726} INFO - Sync 1 DAGs
[2023-06-27T08:57:01.494+0000] {logging_mixin.py:149} INFO - [2023-06-27T08:57:01.494+0000] {dag.py:3486} INFO - Setting next_dagrun for example_branch_operator to 2023-06-26T00:00:00+00:00, run_after=2023-06-27T00:00:00+00:00
[2023-06-27T08:57:01.544+0000] {processor.py:179} INFO - Processing /home/airflow/.local/lib/python3.8/site-packages/airflow/example_dags/example_branch_operator.py took 0.180 seconds
[2023-06-27T09:00:31.754+0000] {processor.py:157} INFO - Started process (PID=733) to work on /home/airflow/.local/lib/python3.8/site-packages/airflow/example_dags/example_branch_operator.py
[2023-06-27T09:00:31.877+0000] {processor.py:826} INFO - Processing file /home/airflow/.local/lib/python3.8/site-packages/airflow/example_dags/example_branch_operator.py for tasks to queue
[2023-06-27T09:00:31.880+0000] {logging_mixin.py:149} INFO - [2023-06-27T09:00:31.879+0000] {dagbag.py:541} INFO - Filling up the DagBag from /home/airflow/.local/lib/python3.8/site-packages/airflow/example_dags/example_branch_operator.py
[2023-06-27T09:00:32.209+0000] {processor.py:836} INFO - DAG(s) dict_keys(['example_branch_operator']) retrieved from /home/airflow/.local/lib/python3.8/site-packages/airflow/example_dags/example_branch_operator.py
[2023-06-27T09:00:32.645+0000] {logging_mixin.py:149} INFO - [2023-06-27T09:00:32.644+0000] {dag.py:2726} INFO - Sync 1 DAGs
[2023-06-27T09:00:33.027+0000] {logging_mixin.py:149} INFO - [2023-06-27T09:00:33.027+0000] {dag.py:3486} INFO - Setting next_dagrun for example_branch_operator to 2023-06-26T00:00:00+00:00, run_after=2023-06-27T00:00:00+00:00
[2023-06-27T09:00:33.355+0000] {processor.py:179} INFO - Processing /home/airflow/.local/lib/python3.8/site-packages/airflow/example_dags/example_branch_operator.py took 1.695 seconds
[2023-06-27T09:20:49.937+0000] {processor.py:157} INFO - Started process (PID=78) to work on /home/airflow/.local/lib/python3.8/site-packages/airflow/example_dags/example_branch_operator.py
[2023-06-27T09:20:49.955+0000] {processor.py:826} INFO - Processing file /home/airflow/.local/lib/python3.8/site-packages/airflow/example_dags/example_branch_operator.py for tasks to queue
[2023-06-27T09:20:49.956+0000] {logging_mixin.py:149} INFO - [2023-06-27T09:20:49.955+0000] {dagbag.py:541} INFO - Filling up the DagBag from /home/airflow/.local/lib/python3.8/site-packages/airflow/example_dags/example_branch_operator.py
[2023-06-27T09:20:50.028+0000] {processor.py:836} INFO - DAG(s) dict_keys(['example_branch_operator']) retrieved from /home/airflow/.local/lib/python3.8/site-packages/airflow/example_dags/example_branch_operator.py
[2023-06-27T09:20:50.191+0000] {logging_mixin.py:149} INFO - [2023-06-27T09:20:50.191+0000] {dag.py:2726} INFO - Sync 1 DAGs
[2023-06-27T09:20:50.313+0000] {logging_mixin.py:149} INFO - [2023-06-27T09:20:50.313+0000] {dag.py:3486} INFO - Setting next_dagrun for example_branch_operator to 2023-06-26T00:00:00+00:00, run_after=2023-06-27T00:00:00+00:00
[2023-06-27T09:20:50.405+0000] {processor.py:179} INFO - Processing /home/airflow/.local/lib/python3.8/site-packages/airflow/example_dags/example_branch_operator.py took 0.493 seconds
[2023-06-27T09:21:21.525+0000] {processor.py:157} INFO - Started process (PID=144) to work on /home/airflow/.local/lib/python3.8/site-packages/airflow/example_dags/example_branch_operator.py
[2023-06-27T09:21:21.526+0000] {processor.py:826} INFO - Processing file /home/airflow/.local/lib/python3.8/site-packages/airflow/example_dags/example_branch_operator.py for tasks to queue
[2023-06-27T09:21:21.548+0000] {logging_mixin.py:149} INFO - [2023-06-27T09:21:21.548+0000] {dagbag.py:541} INFO - Filling up the DagBag from /home/airflow/.local/lib/python3.8/site-packages/airflow/example_dags/example_branch_operator.py
[2023-06-27T09:21:21.628+0000] {processor.py:836} INFO - DAG(s) dict_keys(['example_branch_operator']) retrieved from /home/airflow/.local/lib/python3.8/site-packages/airflow/example_dags/example_branch_operator.py
[2023-06-27T09:21:21.865+0000] {logging_mixin.py:149} INFO - [2023-06-27T09:21:21.863+0000] {dag.py:2726} INFO - Sync 1 DAGs
[2023-06-27T09:21:22.057+0000] {logging_mixin.py:149} INFO - [2023-06-27T09:21:22.057+0000] {dag.py:3486} INFO - Setting next_dagrun for example_branch_operator to 2023-06-26T00:00:00+00:00, run_after=2023-06-27T00:00:00+00:00
[2023-06-27T09:21:22.252+0000] {processor.py:179} INFO - Processing /home/airflow/.local/lib/python3.8/site-packages/airflow/example_dags/example_branch_operator.py took 0.744 seconds
[2023-06-27T09:21:53.007+0000] {processor.py:157} INFO - Started process (PID=213) to work on /home/airflow/.local/lib/python3.8/site-packages/airflow/example_dags/example_branch_operator.py
[2023-06-27T09:21:53.013+0000] {processor.py:826} INFO - Processing file /home/airflow/.local/lib/python3.8/site-packages/airflow/example_dags/example_branch_operator.py for tasks to queue
[2023-06-27T09:21:53.019+0000] {logging_mixin.py:149} INFO - [2023-06-27T09:21:53.019+0000] {dagbag.py:541} INFO - Filling up the DagBag from /home/airflow/.local/lib/python3.8/site-packages/airflow/example_dags/example_branch_operator.py
[2023-06-27T09:21:53.060+0000] {processor.py:836} INFO - DAG(s) dict_keys(['example_branch_operator']) retrieved from /home/airflow/.local/lib/python3.8/site-packages/airflow/example_dags/example_branch_operator.py
[2023-06-27T09:21:53.190+0000] {logging_mixin.py:149} INFO - [2023-06-27T09:21:53.186+0000] {dag.py:2726} INFO - Sync 1 DAGs
[2023-06-27T09:21:53.272+0000] {logging_mixin.py:149} INFO - [2023-06-27T09:21:53.272+0000] {dag.py:3486} INFO - Setting next_dagrun for example_branch_operator to 2023-06-26T00:00:00+00:00, run_after=2023-06-27T00:00:00+00:00
[2023-06-27T09:21:53.335+0000] {processor.py:179} INFO - Processing /home/airflow/.local/lib/python3.8/site-packages/airflow/example_dags/example_branch_operator.py took 0.353 seconds
[2023-06-27T09:22:23.583+0000] {processor.py:157} INFO - Started process (PID=280) to work on /home/airflow/.local/lib/python3.8/site-packages/airflow/example_dags/example_branch_operator.py
[2023-06-27T09:22:23.584+0000] {processor.py:826} INFO - Processing file /home/airflow/.local/lib/python3.8/site-packages/airflow/example_dags/example_branch_operator.py for tasks to queue
[2023-06-27T09:22:23.585+0000] {logging_mixin.py:149} INFO - [2023-06-27T09:22:23.585+0000] {dagbag.py:541} INFO - Filling up the DagBag from /home/airflow/.local/lib/python3.8/site-packages/airflow/example_dags/example_branch_operator.py
[2023-06-27T09:22:23.597+0000] {processor.py:836} INFO - DAG(s) dict_keys(['example_branch_operator']) retrieved from /home/airflow/.local/lib/python3.8/site-packages/airflow/example_dags/example_branch_operator.py
[2023-06-27T09:22:23.695+0000] {logging_mixin.py:149} INFO - [2023-06-27T09:22:23.695+0000] {dag.py:2726} INFO - Sync 1 DAGs
[2023-06-27T09:22:23.789+0000] {logging_mixin.py:149} INFO - [2023-06-27T09:22:23.789+0000] {dag.py:3486} INFO - Setting next_dagrun for example_branch_operator to 2023-06-26T00:00:00+00:00, run_after=2023-06-27T00:00:00+00:00
[2023-06-27T09:22:23.869+0000] {processor.py:179} INFO - Processing /home/airflow/.local/lib/python3.8/site-packages/airflow/example_dags/example_branch_operator.py took 0.291 seconds
[2023-06-27T09:22:54.624+0000] {processor.py:157} INFO - Started process (PID=349) to work on /home/airflow/.local/lib/python3.8/site-packages/airflow/example_dags/example_branch_operator.py
[2023-06-27T09:22:54.630+0000] {processor.py:826} INFO - Processing file /home/airflow/.local/lib/python3.8/site-packages/airflow/example_dags/example_branch_operator.py for tasks to queue
[2023-06-27T09:22:54.632+0000] {logging_mixin.py:149} INFO - [2023-06-27T09:22:54.632+0000] {dagbag.py:541} INFO - Filling up the DagBag from /home/airflow/.local/lib/python3.8/site-packages/airflow/example_dags/example_branch_operator.py
[2023-06-27T09:22:54.714+0000] {processor.py:836} INFO - DAG(s) dict_keys(['example_branch_operator']) retrieved from /home/airflow/.local/lib/python3.8/site-packages/airflow/example_dags/example_branch_operator.py
[2023-06-27T09:22:54.822+0000] {logging_mixin.py:149} INFO - [2023-06-27T09:22:54.821+0000] {dag.py:2726} INFO - Sync 1 DAGs
[2023-06-27T09:22:54.898+0000] {logging_mixin.py:149} INFO - [2023-06-27T09:22:54.896+0000] {dag.py:3486} INFO - Setting next_dagrun for example_branch_operator to 2023-06-26T00:00:00+00:00, run_after=2023-06-27T00:00:00+00:00
[2023-06-27T09:22:54.957+0000] {processor.py:179} INFO - Processing /home/airflow/.local/lib/python3.8/site-packages/airflow/example_dags/example_branch_operator.py took 0.340 seconds
[2023-06-27T09:23:25.198+0000] {processor.py:157} INFO - Started process (PID=415) to work on /home/airflow/.local/lib/python3.8/site-packages/airflow/example_dags/example_branch_operator.py
[2023-06-27T09:23:25.199+0000] {processor.py:826} INFO - Processing file /home/airflow/.local/lib/python3.8/site-packages/airflow/example_dags/example_branch_operator.py for tasks to queue
[2023-06-27T09:23:25.201+0000] {logging_mixin.py:149} INFO - [2023-06-27T09:23:25.200+0000] {dagbag.py:541} INFO - Filling up the DagBag from /home/airflow/.local/lib/python3.8/site-packages/airflow/example_dags/example_branch_operator.py
[2023-06-27T09:23:25.212+0000] {processor.py:836} INFO - DAG(s) dict_keys(['example_branch_operator']) retrieved from /home/airflow/.local/lib/python3.8/site-packages/airflow/example_dags/example_branch_operator.py
[2023-06-27T09:23:25.247+0000] {logging_mixin.py:149} INFO - [2023-06-27T09:23:25.245+0000] {dag.py:2726} INFO - Sync 1 DAGs
[2023-06-27T09:23:25.281+0000] {logging_mixin.py:149} INFO - [2023-06-27T09:23:25.281+0000] {dag.py:3486} INFO - Setting next_dagrun for example_branch_operator to 2023-06-26T00:00:00+00:00, run_after=2023-06-27T00:00:00+00:00
[2023-06-27T09:23:25.315+0000] {processor.py:179} INFO - Processing /home/airflow/.local/lib/python3.8/site-packages/airflow/example_dags/example_branch_operator.py took 0.122 seconds
[2023-06-27T09:23:56.071+0000] {processor.py:157} INFO - Started process (PID=479) to work on /home/airflow/.local/lib/python3.8/site-packages/airflow/example_dags/example_branch_operator.py
[2023-06-27T09:23:56.074+0000] {processor.py:826} INFO - Processing file /home/airflow/.local/lib/python3.8/site-packages/airflow/example_dags/example_branch_operator.py for tasks to queue
[2023-06-27T09:23:56.076+0000] {logging_mixin.py:149} INFO - [2023-06-27T09:23:56.076+0000] {dagbag.py:541} INFO - Filling up the DagBag from /home/airflow/.local/lib/python3.8/site-packages/airflow/example_dags/example_branch_operator.py
[2023-06-27T09:23:56.096+0000] {processor.py:836} INFO - DAG(s) dict_keys(['example_branch_operator']) retrieved from /home/airflow/.local/lib/python3.8/site-packages/airflow/example_dags/example_branch_operator.py
[2023-06-27T09:23:56.165+0000] {logging_mixin.py:149} INFO - [2023-06-27T09:23:56.165+0000] {dag.py:2726} INFO - Sync 1 DAGs
[2023-06-27T09:23:56.225+0000] {logging_mixin.py:149} INFO - [2023-06-27T09:23:56.225+0000] {dag.py:3486} INFO - Setting next_dagrun for example_branch_operator to 2023-06-26T00:00:00+00:00, run_after=2023-06-27T00:00:00+00:00
[2023-06-27T09:23:56.271+0000] {processor.py:179} INFO - Processing /home/airflow/.local/lib/python3.8/site-packages/airflow/example_dags/example_branch_operator.py took 0.217 seconds
[2023-06-27T09:25:54.741+0000] {processor.py:157} INFO - Started process (PID=76) to work on /home/airflow/.local/lib/python3.8/site-packages/airflow/example_dags/example_branch_operator.py
[2023-06-27T09:25:54.754+0000] {processor.py:826} INFO - Processing file /home/airflow/.local/lib/python3.8/site-packages/airflow/example_dags/example_branch_operator.py for tasks to queue
[2023-06-27T09:25:54.755+0000] {logging_mixin.py:149} INFO - [2023-06-27T09:25:54.754+0000] {dagbag.py:541} INFO - Filling up the DagBag from /home/airflow/.local/lib/python3.8/site-packages/airflow/example_dags/example_branch_operator.py
[2023-06-27T09:25:54.780+0000] {processor.py:836} INFO - DAG(s) dict_keys(['example_branch_operator']) retrieved from /home/airflow/.local/lib/python3.8/site-packages/airflow/example_dags/example_branch_operator.py
[2023-06-27T09:25:54.816+0000] {logging_mixin.py:149} INFO - [2023-06-27T09:25:54.816+0000] {dag.py:2726} INFO - Sync 1 DAGs
[2023-06-27T09:25:54.894+0000] {logging_mixin.py:149} INFO - [2023-06-27T09:25:54.893+0000] {dag.py:3486} INFO - Setting next_dagrun for example_branch_operator to 2023-06-26T00:00:00+00:00, run_after=2023-06-27T00:00:00+00:00
[2023-06-27T09:25:54.960+0000] {processor.py:179} INFO - Processing /home/airflow/.local/lib/python3.8/site-packages/airflow/example_dags/example_branch_operator.py took 0.261 seconds
[2023-06-27T09:26:25.772+0000] {processor.py:157} INFO - Started process (PID=139) to work on /home/airflow/.local/lib/python3.8/site-packages/airflow/example_dags/example_branch_operator.py
[2023-06-27T09:26:25.773+0000] {processor.py:826} INFO - Processing file /home/airflow/.local/lib/python3.8/site-packages/airflow/example_dags/example_branch_operator.py for tasks to queue
[2023-06-27T09:26:25.775+0000] {logging_mixin.py:149} INFO - [2023-06-27T09:26:25.775+0000] {dagbag.py:541} INFO - Filling up the DagBag from /home/airflow/.local/lib/python3.8/site-packages/airflow/example_dags/example_branch_operator.py
[2023-06-27T09:26:25.786+0000] {processor.py:836} INFO - DAG(s) dict_keys(['example_branch_operator']) retrieved from /home/airflow/.local/lib/python3.8/site-packages/airflow/example_dags/example_branch_operator.py
[2023-06-27T09:26:25.854+0000] {logging_mixin.py:149} INFO - [2023-06-27T09:26:25.850+0000] {dag.py:2726} INFO - Sync 1 DAGs
[2023-06-27T09:26:25.950+0000] {logging_mixin.py:149} INFO - [2023-06-27T09:26:25.949+0000] {dag.py:3486} INFO - Setting next_dagrun for example_branch_operator to 2023-06-26T00:00:00+00:00, run_after=2023-06-27T00:00:00+00:00
[2023-06-27T09:26:25.993+0000] {processor.py:179} INFO - Processing /home/airflow/.local/lib/python3.8/site-packages/airflow/example_dags/example_branch_operator.py took 0.226 seconds
[2023-06-27T09:26:57.834+0000] {processor.py:157} INFO - Started process (PID=207) to work on /home/airflow/.local/lib/python3.8/site-packages/airflow/example_dags/example_branch_operator.py
[2023-06-27T09:26:57.839+0000] {processor.py:826} INFO - Processing file /home/airflow/.local/lib/python3.8/site-packages/airflow/example_dags/example_branch_operator.py for tasks to queue
[2023-06-27T09:26:57.841+0000] {logging_mixin.py:149} INFO - [2023-06-27T09:26:57.840+0000] {dagbag.py:541} INFO - Filling up the DagBag from /home/airflow/.local/lib/python3.8/site-packages/airflow/example_dags/example_branch_operator.py
[2023-06-27T09:26:57.883+0000] {processor.py:836} INFO - DAG(s) dict_keys(['example_branch_operator']) retrieved from /home/airflow/.local/lib/python3.8/site-packages/airflow/example_dags/example_branch_operator.py
[2023-06-27T09:26:57.978+0000] {logging_mixin.py:149} INFO - [2023-06-27T09:26:57.977+0000] {dag.py:2726} INFO - Sync 1 DAGs
[2023-06-27T09:26:58.065+0000] {logging_mixin.py:149} INFO - [2023-06-27T09:26:58.065+0000] {dag.py:3486} INFO - Setting next_dagrun for example_branch_operator to 2023-06-26T00:00:00+00:00, run_after=2023-06-27T00:00:00+00:00
[2023-06-27T09:26:58.151+0000] {processor.py:179} INFO - Processing /home/airflow/.local/lib/python3.8/site-packages/airflow/example_dags/example_branch_operator.py took 0.336 seconds
[2023-06-27T09:27:29.233+0000] {processor.py:157} INFO - Started process (PID=279) to work on /home/airflow/.local/lib/python3.8/site-packages/airflow/example_dags/example_branch_operator.py
[2023-06-27T09:27:29.235+0000] {processor.py:826} INFO - Processing file /home/airflow/.local/lib/python3.8/site-packages/airflow/example_dags/example_branch_operator.py for tasks to queue
[2023-06-27T09:27:29.237+0000] {logging_mixin.py:149} INFO - [2023-06-27T09:27:29.236+0000] {dagbag.py:541} INFO - Filling up the DagBag from /home/airflow/.local/lib/python3.8/site-packages/airflow/example_dags/example_branch_operator.py
[2023-06-27T09:27:29.264+0000] {processor.py:836} INFO - DAG(s) dict_keys(['example_branch_operator']) retrieved from /home/airflow/.local/lib/python3.8/site-packages/airflow/example_dags/example_branch_operator.py
[2023-06-27T09:27:29.371+0000] {logging_mixin.py:149} INFO - [2023-06-27T09:27:29.371+0000] {dag.py:2726} INFO - Sync 1 DAGs
[2023-06-27T09:27:29.433+0000] {logging_mixin.py:149} INFO - [2023-06-27T09:27:29.433+0000] {dag.py:3486} INFO - Setting next_dagrun for example_branch_operator to 2023-06-26T00:00:00+00:00, run_after=2023-06-27T00:00:00+00:00
[2023-06-27T09:27:29.502+0000] {processor.py:179} INFO - Processing /home/airflow/.local/lib/python3.8/site-packages/airflow/example_dags/example_branch_operator.py took 0.282 seconds
[2023-06-27T09:28:00.223+0000] {processor.py:157} INFO - Started process (PID=345) to work on /home/airflow/.local/lib/python3.8/site-packages/airflow/example_dags/example_branch_operator.py
[2023-06-27T09:28:00.224+0000] {processor.py:826} INFO - Processing file /home/airflow/.local/lib/python3.8/site-packages/airflow/example_dags/example_branch_operator.py for tasks to queue
[2023-06-27T09:28:00.226+0000] {logging_mixin.py:149} INFO - [2023-06-27T09:28:00.226+0000] {dagbag.py:541} INFO - Filling up the DagBag from /home/airflow/.local/lib/python3.8/site-packages/airflow/example_dags/example_branch_operator.py
[2023-06-27T09:28:00.239+0000] {processor.py:836} INFO - DAG(s) dict_keys(['example_branch_operator']) retrieved from /home/airflow/.local/lib/python3.8/site-packages/airflow/example_dags/example_branch_operator.py
[2023-06-27T09:28:00.274+0000] {logging_mixin.py:149} INFO - [2023-06-27T09:28:00.274+0000] {dag.py:2726} INFO - Sync 1 DAGs
[2023-06-27T09:28:00.305+0000] {logging_mixin.py:149} INFO - [2023-06-27T09:28:00.304+0000] {dag.py:3486} INFO - Setting next_dagrun for example_branch_operator to 2023-06-26T00:00:00+00:00, run_after=2023-06-27T00:00:00+00:00
[2023-06-27T09:28:00.328+0000] {processor.py:179} INFO - Processing /home/airflow/.local/lib/python3.8/site-packages/airflow/example_dags/example_branch_operator.py took 0.110 seconds
[2023-06-27T09:28:30.588+0000] {processor.py:157} INFO - Started process (PID=413) to work on /home/airflow/.local/lib/python3.8/site-packages/airflow/example_dags/example_branch_operator.py
[2023-06-27T09:28:30.589+0000] {processor.py:826} INFO - Processing file /home/airflow/.local/lib/python3.8/site-packages/airflow/example_dags/example_branch_operator.py for tasks to queue
[2023-06-27T09:28:30.599+0000] {logging_mixin.py:149} INFO - [2023-06-27T09:28:30.599+0000] {dagbag.py:541} INFO - Filling up the DagBag from /home/airflow/.local/lib/python3.8/site-packages/airflow/example_dags/example_branch_operator.py
[2023-06-27T09:28:30.618+0000] {processor.py:836} INFO - DAG(s) dict_keys(['example_branch_operator']) retrieved from /home/airflow/.local/lib/python3.8/site-packages/airflow/example_dags/example_branch_operator.py
[2023-06-27T09:28:30.687+0000] {logging_mixin.py:149} INFO - [2023-06-27T09:28:30.687+0000] {dag.py:2726} INFO - Sync 1 DAGs
[2023-06-27T09:28:30.746+0000] {logging_mixin.py:149} INFO - [2023-06-27T09:28:30.745+0000] {dag.py:3486} INFO - Setting next_dagrun for example_branch_operator to 2023-06-26T00:00:00+00:00, run_after=2023-06-27T00:00:00+00:00
[2023-06-27T09:28:30.806+0000] {processor.py:179} INFO - Processing /home/airflow/.local/lib/python3.8/site-packages/airflow/example_dags/example_branch_operator.py took 0.230 seconds
[2023-06-27T09:29:00.890+0000] {processor.py:157} INFO - Started process (PID=488) to work on /home/airflow/.local/lib/python3.8/site-packages/airflow/example_dags/example_branch_operator.py
[2023-06-27T09:29:00.915+0000] {processor.py:826} INFO - Processing file /home/airflow/.local/lib/python3.8/site-packages/airflow/example_dags/example_branch_operator.py for tasks to queue
[2023-06-27T09:29:00.917+0000] {logging_mixin.py:149} INFO - [2023-06-27T09:29:00.916+0000] {dagbag.py:541} INFO - Filling up the DagBag from /home/airflow/.local/lib/python3.8/site-packages/airflow/example_dags/example_branch_operator.py
[2023-06-27T09:29:00.942+0000] {processor.py:836} INFO - DAG(s) dict_keys(['example_branch_operator']) retrieved from /home/airflow/.local/lib/python3.8/site-packages/airflow/example_dags/example_branch_operator.py
[2023-06-27T09:29:01.016+0000] {logging_mixin.py:149} INFO - [2023-06-27T09:29:01.016+0000] {dag.py:2726} INFO - Sync 1 DAGs
[2023-06-27T09:29:01.081+0000] {logging_mixin.py:149} INFO - [2023-06-27T09:29:01.081+0000] {dag.py:3486} INFO - Setting next_dagrun for example_branch_operator to 2023-06-26T00:00:00+00:00, run_after=2023-06-27T00:00:00+00:00
[2023-06-27T09:29:01.134+0000] {processor.py:179} INFO - Processing /home/airflow/.local/lib/python3.8/site-packages/airflow/example_dags/example_branch_operator.py took 0.248 seconds
[2023-06-27T09:29:31.925+0000] {processor.py:157} INFO - Started process (PID=557) to work on /home/airflow/.local/lib/python3.8/site-packages/airflow/example_dags/example_branch_operator.py
[2023-06-27T09:29:31.926+0000] {processor.py:826} INFO - Processing file /home/airflow/.local/lib/python3.8/site-packages/airflow/example_dags/example_branch_operator.py for tasks to queue
[2023-06-27T09:29:31.932+0000] {logging_mixin.py:149} INFO - [2023-06-27T09:29:31.932+0000] {dagbag.py:541} INFO - Filling up the DagBag from /home/airflow/.local/lib/python3.8/site-packages/airflow/example_dags/example_branch_operator.py
[2023-06-27T09:29:31.956+0000] {processor.py:836} INFO - DAG(s) dict_keys(['example_branch_operator']) retrieved from /home/airflow/.local/lib/python3.8/site-packages/airflow/example_dags/example_branch_operator.py
[2023-06-27T09:29:31.996+0000] {logging_mixin.py:149} INFO - [2023-06-27T09:29:31.995+0000] {dag.py:2726} INFO - Sync 1 DAGs
[2023-06-27T09:29:32.025+0000] {logging_mixin.py:149} INFO - [2023-06-27T09:29:32.025+0000] {dag.py:3486} INFO - Setting next_dagrun for example_branch_operator to 2023-06-26T00:00:00+00:00, run_after=2023-06-27T00:00:00+00:00
[2023-06-27T09:29:32.056+0000] {processor.py:179} INFO - Processing /home/airflow/.local/lib/python3.8/site-packages/airflow/example_dags/example_branch_operator.py took 0.139 seconds
[2023-06-27T09:30:02.957+0000] {processor.py:157} INFO - Started process (PID=623) to work on /home/airflow/.local/lib/python3.8/site-packages/airflow/example_dags/example_branch_operator.py
[2023-06-27T09:30:02.963+0000] {processor.py:826} INFO - Processing file /home/airflow/.local/lib/python3.8/site-packages/airflow/example_dags/example_branch_operator.py for tasks to queue
[2023-06-27T09:30:02.965+0000] {logging_mixin.py:149} INFO - [2023-06-27T09:30:02.965+0000] {dagbag.py:541} INFO - Filling up the DagBag from /home/airflow/.local/lib/python3.8/site-packages/airflow/example_dags/example_branch_operator.py
[2023-06-27T09:30:02.988+0000] {processor.py:836} INFO - DAG(s) dict_keys(['example_branch_operator']) retrieved from /home/airflow/.local/lib/python3.8/site-packages/airflow/example_dags/example_branch_operator.py
[2023-06-27T09:30:03.021+0000] {logging_mixin.py:149} INFO - [2023-06-27T09:30:03.020+0000] {dag.py:2726} INFO - Sync 1 DAGs
[2023-06-27T09:30:03.050+0000] {logging_mixin.py:149} INFO - [2023-06-27T09:30:03.049+0000] {dag.py:3486} INFO - Setting next_dagrun for example_branch_operator to 2023-06-26T00:00:00+00:00, run_after=2023-06-27T00:00:00+00:00
[2023-06-27T09:30:03.075+0000] {processor.py:179} INFO - Processing /home/airflow/.local/lib/python3.8/site-packages/airflow/example_dags/example_branch_operator.py took 0.132 seconds
[2023-06-27T09:30:33.694+0000] {processor.py:157} INFO - Started process (PID=694) to work on /home/airflow/.local/lib/python3.8/site-packages/airflow/example_dags/example_branch_operator.py
[2023-06-27T09:30:33.695+0000] {processor.py:826} INFO - Processing file /home/airflow/.local/lib/python3.8/site-packages/airflow/example_dags/example_branch_operator.py for tasks to queue
[2023-06-27T09:30:33.697+0000] {logging_mixin.py:149} INFO - [2023-06-27T09:30:33.697+0000] {dagbag.py:541} INFO - Filling up the DagBag from /home/airflow/.local/lib/python3.8/site-packages/airflow/example_dags/example_branch_operator.py
[2023-06-27T09:30:33.710+0000] {processor.py:836} INFO - DAG(s) dict_keys(['example_branch_operator']) retrieved from /home/airflow/.local/lib/python3.8/site-packages/airflow/example_dags/example_branch_operator.py
[2023-06-27T09:30:33.744+0000] {logging_mixin.py:149} INFO - [2023-06-27T09:30:33.743+0000] {dag.py:2726} INFO - Sync 1 DAGs
[2023-06-27T09:30:33.784+0000] {logging_mixin.py:149} INFO - [2023-06-27T09:30:33.783+0000] {dag.py:3486} INFO - Setting next_dagrun for example_branch_operator to 2023-06-26T00:00:00+00:00, run_after=2023-06-27T00:00:00+00:00
[2023-06-27T09:30:33.816+0000] {processor.py:179} INFO - Processing /home/airflow/.local/lib/python3.8/site-packages/airflow/example_dags/example_branch_operator.py took 0.127 seconds
[2023-06-27T09:31:04.604+0000] {processor.py:157} INFO - Started process (PID=772) to work on /home/airflow/.local/lib/python3.8/site-packages/airflow/example_dags/example_branch_operator.py
[2023-06-27T09:31:04.605+0000] {processor.py:826} INFO - Processing file /home/airflow/.local/lib/python3.8/site-packages/airflow/example_dags/example_branch_operator.py for tasks to queue
[2023-06-27T09:31:04.607+0000] {logging_mixin.py:149} INFO - [2023-06-27T09:31:04.607+0000] {dagbag.py:541} INFO - Filling up the DagBag from /home/airflow/.local/lib/python3.8/site-packages/airflow/example_dags/example_branch_operator.py
[2023-06-27T09:31:04.619+0000] {processor.py:836} INFO - DAG(s) dict_keys(['example_branch_operator']) retrieved from /home/airflow/.local/lib/python3.8/site-packages/airflow/example_dags/example_branch_operator.py
[2023-06-27T09:31:04.651+0000] {logging_mixin.py:149} INFO - [2023-06-27T09:31:04.650+0000] {dag.py:2726} INFO - Sync 1 DAGs
[2023-06-27T09:31:04.697+0000] {logging_mixin.py:149} INFO - [2023-06-27T09:31:04.697+0000] {dag.py:3486} INFO - Setting next_dagrun for example_branch_operator to 2023-06-26T00:00:00+00:00, run_after=2023-06-27T00:00:00+00:00
[2023-06-27T09:31:04.725+0000] {processor.py:179} INFO - Processing /home/airflow/.local/lib/python3.8/site-packages/airflow/example_dags/example_branch_operator.py took 0.127 seconds
[2023-06-27T09:31:35.094+0000] {processor.py:157} INFO - Started process (PID=838) to work on /home/airflow/.local/lib/python3.8/site-packages/airflow/example_dags/example_branch_operator.py
[2023-06-27T09:31:35.096+0000] {processor.py:826} INFO - Processing file /home/airflow/.local/lib/python3.8/site-packages/airflow/example_dags/example_branch_operator.py for tasks to queue
[2023-06-27T09:31:35.098+0000] {logging_mixin.py:149} INFO - [2023-06-27T09:31:35.098+0000] {dagbag.py:541} INFO - Filling up the DagBag from /home/airflow/.local/lib/python3.8/site-packages/airflow/example_dags/example_branch_operator.py
[2023-06-27T09:31:35.111+0000] {processor.py:836} INFO - DAG(s) dict_keys(['example_branch_operator']) retrieved from /home/airflow/.local/lib/python3.8/site-packages/airflow/example_dags/example_branch_operator.py
[2023-06-27T09:31:35.144+0000] {logging_mixin.py:149} INFO - [2023-06-27T09:31:35.144+0000] {dag.py:2726} INFO - Sync 1 DAGs
[2023-06-27T09:31:35.175+0000] {logging_mixin.py:149} INFO - [2023-06-27T09:31:35.175+0000] {dag.py:3486} INFO - Setting next_dagrun for example_branch_operator to 2023-06-26T00:00:00+00:00, run_after=2023-06-27T00:00:00+00:00
[2023-06-27T09:31:35.197+0000] {processor.py:179} INFO - Processing /home/airflow/.local/lib/python3.8/site-packages/airflow/example_dags/example_branch_operator.py took 0.107 seconds
[2023-06-27T09:32:05.708+0000] {processor.py:157} INFO - Started process (PID=905) to work on /home/airflow/.local/lib/python3.8/site-packages/airflow/example_dags/example_branch_operator.py
[2023-06-27T09:32:05.709+0000] {processor.py:826} INFO - Processing file /home/airflow/.local/lib/python3.8/site-packages/airflow/example_dags/example_branch_operator.py for tasks to queue
[2023-06-27T09:32:05.711+0000] {logging_mixin.py:149} INFO - [2023-06-27T09:32:05.711+0000] {dagbag.py:541} INFO - Filling up the DagBag from /home/airflow/.local/lib/python3.8/site-packages/airflow/example_dags/example_branch_operator.py
[2023-06-27T09:32:05.723+0000] {processor.py:836} INFO - DAG(s) dict_keys(['example_branch_operator']) retrieved from /home/airflow/.local/lib/python3.8/site-packages/airflow/example_dags/example_branch_operator.py
[2023-06-27T09:32:05.756+0000] {logging_mixin.py:149} INFO - [2023-06-27T09:32:05.756+0000] {dag.py:2726} INFO - Sync 1 DAGs
[2023-06-27T09:32:05.786+0000] {logging_mixin.py:149} INFO - [2023-06-27T09:32:05.786+0000] {dag.py:3486} INFO - Setting next_dagrun for example_branch_operator to 2023-06-26T00:00:00+00:00, run_after=2023-06-27T00:00:00+00:00
[2023-06-27T09:32:05.814+0000] {processor.py:179} INFO - Processing /home/airflow/.local/lib/python3.8/site-packages/airflow/example_dags/example_branch_operator.py took 0.111 seconds
[2023-06-27T09:32:38.168+0000] {processor.py:157} INFO - Started process (PID=980) to work on /home/airflow/.local/lib/python3.8/site-packages/airflow/example_dags/example_branch_operator.py
[2023-06-27T09:32:38.171+0000] {processor.py:826} INFO - Processing file /home/airflow/.local/lib/python3.8/site-packages/airflow/example_dags/example_branch_operator.py for tasks to queue
[2023-06-27T09:32:38.180+0000] {logging_mixin.py:149} INFO - [2023-06-27T09:32:38.180+0000] {dagbag.py:541} INFO - Filling up the DagBag from /home/airflow/.local/lib/python3.8/site-packages/airflow/example_dags/example_branch_operator.py
[2023-06-27T09:32:38.218+0000] {processor.py:836} INFO - DAG(s) dict_keys(['example_branch_operator']) retrieved from /home/airflow/.local/lib/python3.8/site-packages/airflow/example_dags/example_branch_operator.py
[2023-06-27T09:32:38.306+0000] {logging_mixin.py:149} INFO - [2023-06-27T09:32:38.302+0000] {dag.py:2726} INFO - Sync 1 DAGs
[2023-06-27T09:32:38.405+0000] {logging_mixin.py:149} INFO - [2023-06-27T09:32:38.405+0000] {dag.py:3486} INFO - Setting next_dagrun for example_branch_operator to 2023-06-26T00:00:00+00:00, run_after=2023-06-27T00:00:00+00:00
[2023-06-27T09:32:38.478+0000] {processor.py:179} INFO - Processing /home/airflow/.local/lib/python3.8/site-packages/airflow/example_dags/example_branch_operator.py took 0.344 seconds
[2023-06-27T09:33:09.679+0000] {processor.py:157} INFO - Started process (PID=1048) to work on /home/airflow/.local/lib/python3.8/site-packages/airflow/example_dags/example_branch_operator.py
[2023-06-27T09:33:09.680+0000] {processor.py:826} INFO - Processing file /home/airflow/.local/lib/python3.8/site-packages/airflow/example_dags/example_branch_operator.py for tasks to queue
[2023-06-27T09:33:09.693+0000] {logging_mixin.py:149} INFO - [2023-06-27T09:33:09.693+0000] {dagbag.py:541} INFO - Filling up the DagBag from /home/airflow/.local/lib/python3.8/site-packages/airflow/example_dags/example_branch_operator.py
[2023-06-27T09:33:09.746+0000] {processor.py:836} INFO - DAG(s) dict_keys(['example_branch_operator']) retrieved from /home/airflow/.local/lib/python3.8/site-packages/airflow/example_dags/example_branch_operator.py
[2023-06-27T09:33:09.873+0000] {logging_mixin.py:149} INFO - [2023-06-27T09:33:09.873+0000] {dag.py:2726} INFO - Sync 1 DAGs
[2023-06-27T09:33:09.973+0000] {logging_mixin.py:149} INFO - [2023-06-27T09:33:09.973+0000] {dag.py:3486} INFO - Setting next_dagrun for example_branch_operator to 2023-06-26T00:00:00+00:00, run_after=2023-06-27T00:00:00+00:00
[2023-06-27T09:33:10.056+0000] {processor.py:179} INFO - Processing /home/airflow/.local/lib/python3.8/site-packages/airflow/example_dags/example_branch_operator.py took 0.406 seconds
[2023-06-27T09:33:40.743+0000] {processor.py:157} INFO - Started process (PID=1117) to work on /home/airflow/.local/lib/python3.8/site-packages/airflow/example_dags/example_branch_operator.py
[2023-06-27T09:33:40.751+0000] {processor.py:826} INFO - Processing file /home/airflow/.local/lib/python3.8/site-packages/airflow/example_dags/example_branch_operator.py for tasks to queue
[2023-06-27T09:33:40.753+0000] {logging_mixin.py:149} INFO - [2023-06-27T09:33:40.752+0000] {dagbag.py:541} INFO - Filling up the DagBag from /home/airflow/.local/lib/python3.8/site-packages/airflow/example_dags/example_branch_operator.py
[2023-06-27T09:33:40.781+0000] {processor.py:836} INFO - DAG(s) dict_keys(['example_branch_operator']) retrieved from /home/airflow/.local/lib/python3.8/site-packages/airflow/example_dags/example_branch_operator.py
[2023-06-27T09:33:40.893+0000] {logging_mixin.py:149} INFO - [2023-06-27T09:33:40.892+0000] {dag.py:2726} INFO - Sync 1 DAGs
[2023-06-27T09:33:40.982+0000] {logging_mixin.py:149} INFO - [2023-06-27T09:33:40.982+0000] {dag.py:3486} INFO - Setting next_dagrun for example_branch_operator to 2023-06-26T00:00:00+00:00, run_after=2023-06-27T00:00:00+00:00
[2023-06-27T09:33:41.019+0000] {processor.py:179} INFO - Processing /home/airflow/.local/lib/python3.8/site-packages/airflow/example_dags/example_branch_operator.py took 0.291 seconds
[2023-06-27T09:34:11.624+0000] {processor.py:157} INFO - Started process (PID=1184) to work on /home/airflow/.local/lib/python3.8/site-packages/airflow/example_dags/example_branch_operator.py
[2023-06-27T09:34:11.625+0000] {processor.py:826} INFO - Processing file /home/airflow/.local/lib/python3.8/site-packages/airflow/example_dags/example_branch_operator.py for tasks to queue
[2023-06-27T09:34:11.645+0000] {logging_mixin.py:149} INFO - [2023-06-27T09:34:11.645+0000] {dagbag.py:541} INFO - Filling up the DagBag from /home/airflow/.local/lib/python3.8/site-packages/airflow/example_dags/example_branch_operator.py
[2023-06-27T09:34:11.754+0000] {processor.py:836} INFO - DAG(s) dict_keys(['example_branch_operator']) retrieved from /home/airflow/.local/lib/python3.8/site-packages/airflow/example_dags/example_branch_operator.py
[2023-06-27T09:34:11.865+0000] {logging_mixin.py:149} INFO - [2023-06-27T09:34:11.865+0000] {dag.py:2726} INFO - Sync 1 DAGs
[2023-06-27T09:34:11.949+0000] {logging_mixin.py:149} INFO - [2023-06-27T09:34:11.949+0000] {dag.py:3486} INFO - Setting next_dagrun for example_branch_operator to 2023-06-26T00:00:00+00:00, run_after=2023-06-27T00:00:00+00:00
[2023-06-27T09:34:12.014+0000] {processor.py:179} INFO - Processing /home/airflow/.local/lib/python3.8/site-packages/airflow/example_dags/example_branch_operator.py took 0.406 seconds
