[2023-06-27T00:00:28.234+0000] {processor.py:157} INFO - Started process (PID=422) to work on /home/airflow/.local/lib/python3.8/site-packages/airflow/example_dags/example_kubernetes_executor.py
[2023-06-27T00:00:28.236+0000] {processor.py:826} INFO - Processing file /home/airflow/.local/lib/python3.8/site-packages/airflow/example_dags/example_kubernetes_executor.py for tasks to queue
[2023-06-27T00:00:28.236+0000] {logging_mixin.py:149} INFO - [2023-06-27T00:00:28.236+0000] {dagbag.py:541} INFO - Filling up the DagBag from /home/airflow/.local/lib/python3.8/site-packages/airflow/example_dags/example_kubernetes_executor.py
[2023-06-27T00:00:28.682+0000] {processor.py:836} INFO - DAG(s) dict_keys(['example_kubernetes_executor']) retrieved from /home/airflow/.local/lib/python3.8/site-packages/airflow/example_dags/example_kubernetes_executor.py
[2023-06-27T00:00:29.878+0000] {logging_mixin.py:149} INFO - [2023-06-27T00:00:29.878+0000] {dag.py:2726} INFO - Sync 1 DAGs
[2023-06-27T00:00:30.262+0000] {logging_mixin.py:149} INFO - [2023-06-27T00:00:30.262+0000] {dag.py:3486} INFO - Setting next_dagrun for example_kubernetes_executor to None, run_after=None
[2023-06-27T00:00:30.662+0000] {processor.py:179} INFO - Processing /home/airflow/.local/lib/python3.8/site-packages/airflow/example_dags/example_kubernetes_executor.py took 2.591 seconds
[2023-06-27T00:01:37.531+0000] {processor.py:157} INFO - Started process (PID=496) to work on /home/airflow/.local/lib/python3.8/site-packages/airflow/example_dags/example_kubernetes_executor.py
[2023-06-27T00:01:37.593+0000] {processor.py:826} INFO - Processing file /home/airflow/.local/lib/python3.8/site-packages/airflow/example_dags/example_kubernetes_executor.py for tasks to queue
[2023-06-27T00:01:37.873+0000] {logging_mixin.py:149} INFO - [2023-06-27T00:01:37.872+0000] {dagbag.py:541} INFO - Filling up the DagBag from /home/airflow/.local/lib/python3.8/site-packages/airflow/example_dags/example_kubernetes_executor.py
[2023-06-27T00:01:39.512+0000] {processor.py:836} INFO - DAG(s) dict_keys(['example_kubernetes_executor']) retrieved from /home/airflow/.local/lib/python3.8/site-packages/airflow/example_dags/example_kubernetes_executor.py
[2023-06-27T00:01:44.285+0000] {logging_mixin.py:149} INFO - [2023-06-27T00:01:44.284+0000] {dag.py:2726} INFO - Sync 1 DAGs
[2023-06-27T00:01:47.119+0000] {logging_mixin.py:149} INFO - [2023-06-27T00:01:47.119+0000] {dag.py:3486} INFO - Setting next_dagrun for example_kubernetes_executor to None, run_after=None
[2023-06-27T00:01:47.823+0000] {processor.py:179} INFO - Processing /home/airflow/.local/lib/python3.8/site-packages/airflow/example_dags/example_kubernetes_executor.py took 10.833 seconds
[2023-06-27T00:05:29.952+0000] {processor.py:157} INFO - Started process (PID=628) to work on /home/airflow/.local/lib/python3.8/site-packages/airflow/example_dags/example_kubernetes_executor.py
[2023-06-27T00:05:30.090+0000] {processor.py:826} INFO - Processing file /home/airflow/.local/lib/python3.8/site-packages/airflow/example_dags/example_kubernetes_executor.py for tasks to queue
[2023-06-27T00:05:30.113+0000] {logging_mixin.py:149} INFO - [2023-06-27T00:05:30.113+0000] {dagbag.py:541} INFO - Filling up the DagBag from /home/airflow/.local/lib/python3.8/site-packages/airflow/example_dags/example_kubernetes_executor.py
[2023-06-27T00:05:30.581+0000] {processor.py:836} INFO - DAG(s) dict_keys(['example_kubernetes_executor']) retrieved from /home/airflow/.local/lib/python3.8/site-packages/airflow/example_dags/example_kubernetes_executor.py
[2023-06-27T00:05:32.970+0000] {logging_mixin.py:149} INFO - [2023-06-27T00:05:32.851+0000] {dag.py:2726} INFO - Sync 1 DAGs
[2023-06-27T00:05:33.399+0000] {logging_mixin.py:149} INFO - [2023-06-27T00:05:33.398+0000] {dag.py:3486} INFO - Setting next_dagrun for example_kubernetes_executor to None, run_after=None
[2023-06-27T00:05:33.936+0000] {processor.py:179} INFO - Processing /home/airflow/.local/lib/python3.8/site-packages/airflow/example_dags/example_kubernetes_executor.py took 4.096 seconds
[2023-06-27T01:01:32.668+0000] {processor.py:157} INFO - Started process (PID=61) to work on /home/airflow/.local/lib/python3.8/site-packages/airflow/example_dags/example_kubernetes_executor.py
[2023-06-27T01:01:32.828+0000] {processor.py:826} INFO - Processing file /home/airflow/.local/lib/python3.8/site-packages/airflow/example_dags/example_kubernetes_executor.py for tasks to queue
[2023-06-27T01:01:32.829+0000] {logging_mixin.py:149} INFO - [2023-06-27T01:01:32.829+0000] {dagbag.py:541} INFO - Filling up the DagBag from /home/airflow/.local/lib/python3.8/site-packages/airflow/example_dags/example_kubernetes_executor.py
[2023-06-27T01:02:03.216+0000] {logging_mixin.py:149} INFO - [2023-06-27T01:02:03.037+0000] {timeout.py:68} ERROR - Process timed out, PID: 61
[2023-06-27T01:02:03.276+0000] {logging_mixin.py:149} INFO - [2023-06-27T01:02:03.216+0000] {dagbag.py:350} ERROR - Failed to import: /home/airflow/.local/lib/python3.8/site-packages/airflow/example_dags/example_kubernetes_executor.py
Traceback (most recent call last):
  File "/home/airflow/.local/lib/python3.8/site-packages/airflow/models/dagbag.py", line 346, in parse
    loader.exec_module(new_module)
  File "<frozen importlib._bootstrap_external>", line 843, in exec_module
  File "<frozen importlib._bootstrap>", line 219, in _call_with_frames_removed
  File "/home/airflow/.local/lib/python3.8/site-packages/airflow/example_dags/example_kubernetes_executor.py", line 39, in <module>
    from kubernetes.client import models as k8s
  File "/home/airflow/.local/lib/python3.8/site-packages/kubernetes/__init__.py", line 20, in <module>
    import kubernetes.config
  File "/home/airflow/.local/lib/python3.8/site-packages/kubernetes/config/__init__.py", line 17, in <module>
    from .kube_config import (list_kube_config_contexts, load_kube_config,
  File "/home/airflow/.local/lib/python3.8/site-packages/kubernetes/config/kube_config.py", line 30, in <module>
    import oauthlib.oauth2
  File "<frozen importlib._bootstrap>", line 991, in _find_and_load
  File "<frozen importlib._bootstrap>", line 975, in _find_and_load_unlocked
  File "<frozen importlib._bootstrap>", line 671, in _load_unlocked
  File "<frozen importlib._bootstrap_external>", line 839, in exec_module
  File "<frozen importlib._bootstrap_external>", line 934, in get_code
  File "<frozen importlib._bootstrap_external>", line 1033, in get_data
  File "/home/airflow/.local/lib/python3.8/site-packages/airflow/utils/timeout.py", line 69, in handle_timeout
    raise AirflowTaskTimeout(self.error_message)
airflow.exceptions.AirflowTaskTimeout: DagBag import timeout for /home/airflow/.local/lib/python3.8/site-packages/airflow/example_dags/example_kubernetes_executor.py after 30.0s.
Please take a look at these docs to improve your DAG import time:
* https://airflow.apache.org/docs/apache-airflow/2.6.2/best-practices.html#top-level-python-code
* https://airflow.apache.org/docs/apache-airflow/2.6.2/best-practices.html#reducing-dag-complexity, PID: 61
[2023-06-27T01:02:03.277+0000] {processor.py:838} WARNING - No viable dags retrieved from /home/airflow/.local/lib/python3.8/site-packages/airflow/example_dags/example_kubernetes_executor.py
[2023-06-27T01:02:04.198+0000] {processor.py:179} INFO - Processing /home/airflow/.local/lib/python3.8/site-packages/airflow/example_dags/example_kubernetes_executor.py took 31.689 seconds
[2023-06-27T01:09:27.391+0000] {processor.py:157} INFO - Started process (PID=280) to work on /home/airflow/.local/lib/python3.8/site-packages/airflow/example_dags/example_kubernetes_executor.py
[2023-06-27T01:09:27.605+0000] {processor.py:826} INFO - Processing file /home/airflow/.local/lib/python3.8/site-packages/airflow/example_dags/example_kubernetes_executor.py for tasks to queue
[2023-06-27T01:09:27.606+0000] {logging_mixin.py:149} INFO - [2023-06-27T01:09:27.606+0000] {dagbag.py:541} INFO - Filling up the DagBag from /home/airflow/.local/lib/python3.8/site-packages/airflow/example_dags/example_kubernetes_executor.py
[2023-06-27T01:09:30.382+0000] {processor.py:836} INFO - DAG(s) dict_keys(['example_kubernetes_executor']) retrieved from /home/airflow/.local/lib/python3.8/site-packages/airflow/example_dags/example_kubernetes_executor.py
[2023-06-27T01:37:38.352+0000] {processor.py:157} INFO - Started process (PID=64) to work on /home/airflow/.local/lib/python3.8/site-packages/airflow/example_dags/example_kubernetes_executor.py
[2023-06-27T01:37:38.362+0000] {processor.py:826} INFO - Processing file /home/airflow/.local/lib/python3.8/site-packages/airflow/example_dags/example_kubernetes_executor.py for tasks to queue
[2023-06-27T01:37:38.363+0000] {logging_mixin.py:149} INFO - [2023-06-27T01:37:38.362+0000] {dagbag.py:541} INFO - Filling up the DagBag from /home/airflow/.local/lib/python3.8/site-packages/airflow/example_dags/example_kubernetes_executor.py
[2023-06-27T01:37:41.112+0000] {processor.py:836} INFO - DAG(s) dict_keys(['example_kubernetes_executor']) retrieved from /home/airflow/.local/lib/python3.8/site-packages/airflow/example_dags/example_kubernetes_executor.py
[2023-06-27T01:37:41.796+0000] {logging_mixin.py:149} INFO - [2023-06-27T01:37:41.795+0000] {dag.py:2726} INFO - Sync 1 DAGs
[2023-06-27T01:37:41.848+0000] {logging_mixin.py:149} INFO - [2023-06-27T01:37:41.848+0000] {dag.py:3486} INFO - Setting next_dagrun for example_kubernetes_executor to None, run_after=None
[2023-06-27T01:37:41.911+0000] {processor.py:179} INFO - Processing /home/airflow/.local/lib/python3.8/site-packages/airflow/example_dags/example_kubernetes_executor.py took 3.572 seconds
[2023-06-27T01:39:27.071+0000] {processor.py:157} INFO - Started process (PID=155) to work on /home/airflow/.local/lib/python3.8/site-packages/airflow/example_dags/example_kubernetes_executor.py
[2023-06-27T01:39:27.150+0000] {processor.py:826} INFO - Processing file /home/airflow/.local/lib/python3.8/site-packages/airflow/example_dags/example_kubernetes_executor.py for tasks to queue
[2023-06-27T01:39:27.152+0000] {logging_mixin.py:149} INFO - [2023-06-27T01:39:27.152+0000] {dagbag.py:541} INFO - Filling up the DagBag from /home/airflow/.local/lib/python3.8/site-packages/airflow/example_dags/example_kubernetes_executor.py
[2023-06-27T01:39:28.770+0000] {processor.py:836} INFO - DAG(s) dict_keys(['example_kubernetes_executor']) retrieved from /home/airflow/.local/lib/python3.8/site-packages/airflow/example_dags/example_kubernetes_executor.py
[2023-06-27T01:39:35.752+0000] {logging_mixin.py:149} INFO - [2023-06-27T01:39:35.752+0000] {dag.py:2726} INFO - Sync 1 DAGs
[2023-06-27T01:39:39.841+0000] {logging_mixin.py:149} INFO - [2023-06-27T01:39:39.841+0000] {dag.py:3486} INFO - Setting next_dagrun for example_kubernetes_executor to None, run_after=None
[2023-06-27T01:39:42.850+0000] {processor.py:179} INFO - Processing /home/airflow/.local/lib/python3.8/site-packages/airflow/example_dags/example_kubernetes_executor.py took 16.570 seconds
[2023-06-27T01:45:48.062+0000] {processor.py:157} INFO - Started process (PID=384) to work on /home/airflow/.local/lib/python3.8/site-packages/airflow/example_dags/example_kubernetes_executor.py
[2023-06-27T01:45:48.134+0000] {processor.py:826} INFO - Processing file /home/airflow/.local/lib/python3.8/site-packages/airflow/example_dags/example_kubernetes_executor.py for tasks to queue
[2023-06-27T01:45:48.136+0000] {logging_mixin.py:149} INFO - [2023-06-27T01:45:48.135+0000] {dagbag.py:541} INFO - Filling up the DagBag from /home/airflow/.local/lib/python3.8/site-packages/airflow/example_dags/example_kubernetes_executor.py
[2023-06-27T01:45:48.558+0000] {processor.py:836} INFO - DAG(s) dict_keys(['example_kubernetes_executor']) retrieved from /home/airflow/.local/lib/python3.8/site-packages/airflow/example_dags/example_kubernetes_executor.py
[2023-06-27T01:45:51.243+0000] {logging_mixin.py:149} INFO - [2023-06-27T01:45:50.908+0000] {dag.py:2726} INFO - Sync 1 DAGs
[2023-06-27T01:45:52.450+0000] {logging_mixin.py:149} INFO - [2023-06-27T01:45:52.450+0000] {dag.py:3486} INFO - Setting next_dagrun for example_kubernetes_executor to None, run_after=None
[2023-06-27T01:45:53.679+0000] {processor.py:179} INFO - Processing /home/airflow/.local/lib/python3.8/site-packages/airflow/example_dags/example_kubernetes_executor.py took 5.861 seconds
[2023-06-27T02:17:14.148+0000] {processor.py:157} INFO - Started process (PID=69) to work on /home/airflow/.local/lib/python3.8/site-packages/airflow/example_dags/example_kubernetes_executor.py
[2023-06-27T02:17:14.247+0000] {processor.py:826} INFO - Processing file /home/airflow/.local/lib/python3.8/site-packages/airflow/example_dags/example_kubernetes_executor.py for tasks to queue
[2023-06-27T02:17:14.248+0000] {logging_mixin.py:149} INFO - [2023-06-27T02:17:14.248+0000] {dagbag.py:541} INFO - Filling up the DagBag from /home/airflow/.local/lib/python3.8/site-packages/airflow/example_dags/example_kubernetes_executor.py
[2023-06-27T02:17:44.329+0000] {logging_mixin.py:149} INFO - [2023-06-27T02:17:44.329+0000] {timeout.py:68} ERROR - Process timed out, PID: 69
[2023-06-27T02:17:45.233+0000] {logging_mixin.py:149} INFO - [2023-06-27T02:17:44.330+0000] {dagbag.py:350} ERROR - Failed to import: /home/airflow/.local/lib/python3.8/site-packages/airflow/example_dags/example_kubernetes_executor.py
Traceback (most recent call last):
  File "/home/airflow/.local/lib/python3.8/site-packages/airflow/models/dagbag.py", line 346, in parse
    loader.exec_module(new_module)
  File "<frozen importlib._bootstrap_external>", line 843, in exec_module
  File "<frozen importlib._bootstrap>", line 219, in _call_with_frames_removed
  File "/home/airflow/.local/lib/python3.8/site-packages/airflow/example_dags/example_kubernetes_executor.py", line 39, in <module>
    from kubernetes.client import models as k8s
  File "/home/airflow/.local/lib/python3.8/site-packages/kubernetes/__init__.py", line 19, in <module>
    import kubernetes.client
  File "/home/airflow/.local/lib/python3.8/site-packages/kubernetes/client/__init__.py", line 20, in <module>
    from kubernetes.client.api.admissionregistration_api import AdmissionregistrationApi
  File "/home/airflow/.local/lib/python3.8/site-packages/kubernetes/client/api/__init__.py", line 6, in <module>
    from kubernetes.client.api.admissionregistration_api import AdmissionregistrationApi
  File "/home/airflow/.local/lib/python3.8/site-packages/kubernetes/client/api/admissionregistration_api.py", line 20, in <module>
    from kubernetes.client.api_client import ApiClient
  File "/home/airflow/.local/lib/python3.8/site-packages/kubernetes/client/api_client.py", line 27, in <module>
    import kubernetes.client.models
  File "/home/airflow/.local/lib/python3.8/site-packages/kubernetes/client/models/__init__.py", line 607, in <module>
    from kubernetes.client.models.v2beta2_horizontal_pod_autoscaler_spec import V2beta2HorizontalPodAutoscalerSpec
  File "<frozen importlib._bootstrap>", line 991, in _find_and_load
  File "<frozen importlib._bootstrap>", line 975, in _find_and_load_unlocked
  File "<frozen importlib._bootstrap>", line 671, in _load_unlocked
  File "<frozen importlib._bootstrap_external>", line 839, in exec_module
  File "<frozen importlib._bootstrap_external>", line 934, in get_code
  File "<frozen importlib._bootstrap_external>", line 1033, in get_data
  File "/home/airflow/.local/lib/python3.8/site-packages/airflow/utils/timeout.py", line 69, in handle_timeout
    raise AirflowTaskTimeout(self.error_message)
airflow.exceptions.AirflowTaskTimeout: DagBag import timeout for /home/airflow/.local/lib/python3.8/site-packages/airflow/example_dags/example_kubernetes_executor.py after 30.0s.
Please take a look at these docs to improve your DAG import time:
* https://airflow.apache.org/docs/apache-airflow/2.6.2/best-practices.html#top-level-python-code
* https://airflow.apache.org/docs/apache-airflow/2.6.2/best-practices.html#reducing-dag-complexity, PID: 69
[2023-06-27T02:17:45.234+0000] {processor.py:838} WARNING - No viable dags retrieved from /home/airflow/.local/lib/python3.8/site-packages/airflow/example_dags/example_kubernetes_executor.py
[2023-06-27T02:17:46.984+0000] {processor.py:179} INFO - Processing /home/airflow/.local/lib/python3.8/site-packages/airflow/example_dags/example_kubernetes_executor.py took 33.638 seconds
[2023-06-27T02:25:57.236+0000] {processor.py:157} INFO - Started process (PID=321) to work on /home/airflow/.local/lib/python3.8/site-packages/airflow/example_dags/example_kubernetes_executor.py
[2023-06-27T02:25:57.321+0000] {processor.py:826} INFO - Processing file /home/airflow/.local/lib/python3.8/site-packages/airflow/example_dags/example_kubernetes_executor.py for tasks to queue
[2023-06-27T02:25:57.336+0000] {logging_mixin.py:149} INFO - [2023-06-27T02:25:57.336+0000] {dagbag.py:541} INFO - Filling up the DagBag from /home/airflow/.local/lib/python3.8/site-packages/airflow/example_dags/example_kubernetes_executor.py
[2023-06-27T02:25:59.932+0000] {processor.py:836} INFO - DAG(s) dict_keys(['example_kubernetes_executor']) retrieved from /home/airflow/.local/lib/python3.8/site-packages/airflow/example_dags/example_kubernetes_executor.py
[2023-06-27T06:15:44.174+0000] {processor.py:157} INFO - Started process (PID=318) to work on /home/airflow/.local/lib/python3.8/site-packages/airflow/example_dags/example_kubernetes_executor.py
[2023-06-27T06:15:44.269+0000] {processor.py:826} INFO - Processing file /home/airflow/.local/lib/python3.8/site-packages/airflow/example_dags/example_kubernetes_executor.py for tasks to queue
[2023-06-27T06:15:44.270+0000] {logging_mixin.py:149} INFO - [2023-06-27T06:15:44.270+0000] {dagbag.py:541} INFO - Filling up the DagBag from /home/airflow/.local/lib/python3.8/site-packages/airflow/example_dags/example_kubernetes_executor.py
[2023-06-27T06:16:14.289+0000] {logging_mixin.py:149} INFO - [2023-06-27T06:16:14.289+0000] {timeout.py:68} ERROR - Process timed out, PID: 318
[2023-06-27T06:16:14.631+0000] {logging_mixin.py:149} INFO - [2023-06-27T06:16:14.290+0000] {dagbag.py:350} ERROR - Failed to import: /home/airflow/.local/lib/python3.8/site-packages/airflow/example_dags/example_kubernetes_executor.py
Traceback (most recent call last):
  File "/home/airflow/.local/lib/python3.8/site-packages/airflow/models/dagbag.py", line 346, in parse
    loader.exec_module(new_module)
  File "<frozen importlib._bootstrap_external>", line 843, in exec_module
  File "<frozen importlib._bootstrap>", line 219, in _call_with_frames_removed
  File "/home/airflow/.local/lib/python3.8/site-packages/airflow/example_dags/example_kubernetes_executor.py", line 39, in <module>
    from kubernetes.client import models as k8s
  File "/home/airflow/.local/lib/python3.8/site-packages/kubernetes/__init__.py", line 19, in <module>
    import kubernetes.client
  File "/home/airflow/.local/lib/python3.8/site-packages/kubernetes/client/__init__.py", line 20, in <module>
    from kubernetes.client.api.admissionregistration_api import AdmissionregistrationApi
  File "/home/airflow/.local/lib/python3.8/site-packages/kubernetes/client/api/__init__.py", line 6, in <module>
    from kubernetes.client.api.admissionregistration_api import AdmissionregistrationApi
  File "/home/airflow/.local/lib/python3.8/site-packages/kubernetes/client/api/admissionregistration_api.py", line 20, in <module>
    from kubernetes.client.api_client import ApiClient
  File "/home/airflow/.local/lib/python3.8/site-packages/kubernetes/client/api_client.py", line 27, in <module>
    import kubernetes.client.models
  File "/home/airflow/.local/lib/python3.8/site-packages/kubernetes/client/models/__init__.py", line 587, in <module>
    from kubernetes.client.models.v2beta1_external_metric_status import V2beta1ExternalMetricStatus
  File "<frozen importlib._bootstrap>", line 991, in _find_and_load
  File "<frozen importlib._bootstrap>", line 975, in _find_and_load_unlocked
  File "<frozen importlib._bootstrap>", line 671, in _load_unlocked
  File "<frozen importlib._bootstrap_external>", line 839, in exec_module
  File "<frozen importlib._bootstrap_external>", line 934, in get_code
  File "<frozen importlib._bootstrap_external>", line 1033, in get_data
  File "/home/airflow/.local/lib/python3.8/site-packages/airflow/utils/timeout.py", line 69, in handle_timeout
    raise AirflowTaskTimeout(self.error_message)
airflow.exceptions.AirflowTaskTimeout: DagBag import timeout for /home/airflow/.local/lib/python3.8/site-packages/airflow/example_dags/example_kubernetes_executor.py after 30.0s.
Please take a look at these docs to improve your DAG import time:
* https://airflow.apache.org/docs/apache-airflow/2.6.2/best-practices.html#top-level-python-code
* https://airflow.apache.org/docs/apache-airflow/2.6.2/best-practices.html#reducing-dag-complexity, PID: 318
[2023-06-27T06:16:14.632+0000] {processor.py:838} WARNING - No viable dags retrieved from /home/airflow/.local/lib/python3.8/site-packages/airflow/example_dags/example_kubernetes_executor.py
[2023-06-27T06:16:16.800+0000] {processor.py:179} INFO - Processing /home/airflow/.local/lib/python3.8/site-packages/airflow/example_dags/example_kubernetes_executor.py took 32.741 seconds
[2023-06-27T08:56:18.154+0000] {processor.py:157} INFO - Started process (PID=510) to work on /home/airflow/.local/lib/python3.8/site-packages/airflow/example_dags/example_kubernetes_executor.py
[2023-06-27T08:56:18.237+0000] {processor.py:826} INFO - Processing file /home/airflow/.local/lib/python3.8/site-packages/airflow/example_dags/example_kubernetes_executor.py for tasks to queue
[2023-06-27T08:56:18.238+0000] {logging_mixin.py:149} INFO - [2023-06-27T08:56:18.238+0000] {dagbag.py:541} INFO - Filling up the DagBag from /home/airflow/.local/lib/python3.8/site-packages/airflow/example_dags/example_kubernetes_executor.py
[2023-06-27T08:56:46.004+0000] {processor.py:157} INFO - Started process (PID=562) to work on /home/airflow/.local/lib/python3.8/site-packages/airflow/example_dags/example_kubernetes_executor.py
[2023-06-27T08:56:46.014+0000] {processor.py:826} INFO - Processing file /home/airflow/.local/lib/python3.8/site-packages/airflow/example_dags/example_kubernetes_executor.py for tasks to queue
[2023-06-27T08:56:46.014+0000] {logging_mixin.py:149} INFO - [2023-06-27T08:56:46.014+0000] {dagbag.py:541} INFO - Filling up the DagBag from /home/airflow/.local/lib/python3.8/site-packages/airflow/example_dags/example_kubernetes_executor.py
[2023-06-27T08:56:59.185+0000] {processor.py:836} INFO - DAG(s) dict_keys(['example_kubernetes_executor']) retrieved from /home/airflow/.local/lib/python3.8/site-packages/airflow/example_dags/example_kubernetes_executor.py
[2023-06-27T08:57:00.338+0000] {logging_mixin.py:149} INFO - [2023-06-27T08:57:00.337+0000] {dag.py:2726} INFO - Sync 1 DAGs
[2023-06-27T08:57:00.933+0000] {logging_mixin.py:149} INFO - [2023-06-27T08:57:00.932+0000] {dag.py:3486} INFO - Setting next_dagrun for example_kubernetes_executor to None, run_after=None
[2023-06-27T08:57:01.021+0000] {processor.py:179} INFO - Processing /home/airflow/.local/lib/python3.8/site-packages/airflow/example_dags/example_kubernetes_executor.py took 15.022 seconds
[2023-06-27T09:00:10.127+0000] {processor.py:157} INFO - Started process (PID=707) to work on /home/airflow/.local/lib/python3.8/site-packages/airflow/example_dags/example_kubernetes_executor.py
[2023-06-27T09:00:10.142+0000] {processor.py:826} INFO - Processing file /home/airflow/.local/lib/python3.8/site-packages/airflow/example_dags/example_kubernetes_executor.py for tasks to queue
[2023-06-27T09:00:10.175+0000] {logging_mixin.py:149} INFO - [2023-06-27T09:00:10.175+0000] {dagbag.py:541} INFO - Filling up the DagBag from /home/airflow/.local/lib/python3.8/site-packages/airflow/example_dags/example_kubernetes_executor.py
[2023-06-27T09:00:10.564+0000] {processor.py:836} INFO - DAG(s) dict_keys(['example_kubernetes_executor']) retrieved from /home/airflow/.local/lib/python3.8/site-packages/airflow/example_dags/example_kubernetes_executor.py
[2023-06-27T09:00:12.018+0000] {logging_mixin.py:149} INFO - [2023-06-27T09:00:12.018+0000] {dag.py:2726} INFO - Sync 1 DAGs
[2023-06-27T09:00:12.654+0000] {logging_mixin.py:149} INFO - [2023-06-27T09:00:12.654+0000] {dag.py:3486} INFO - Setting next_dagrun for example_kubernetes_executor to None, run_after=None
[2023-06-27T09:00:13.305+0000] {processor.py:179} INFO - Processing /home/airflow/.local/lib/python3.8/site-packages/airflow/example_dags/example_kubernetes_executor.py took 3.414 seconds
[2023-06-27T09:20:43.728+0000] {processor.py:157} INFO - Started process (PID=63) to work on /home/airflow/.local/lib/python3.8/site-packages/airflow/example_dags/example_kubernetes_executor.py
[2023-06-27T09:20:43.741+0000] {processor.py:826} INFO - Processing file /home/airflow/.local/lib/python3.8/site-packages/airflow/example_dags/example_kubernetes_executor.py for tasks to queue
[2023-06-27T09:20:43.742+0000] {logging_mixin.py:149} INFO - [2023-06-27T09:20:43.742+0000] {dagbag.py:541} INFO - Filling up the DagBag from /home/airflow/.local/lib/python3.8/site-packages/airflow/example_dags/example_kubernetes_executor.py
[2023-06-27T09:20:46.367+0000] {processor.py:836} INFO - DAG(s) dict_keys(['example_kubernetes_executor']) retrieved from /home/airflow/.local/lib/python3.8/site-packages/airflow/example_dags/example_kubernetes_executor.py
[2023-06-27T09:20:46.636+0000] {logging_mixin.py:149} INFO - [2023-06-27T09:20:46.636+0000] {dag.py:2726} INFO - Sync 1 DAGs
[2023-06-27T09:20:46.803+0000] {logging_mixin.py:149} INFO - [2023-06-27T09:20:46.803+0000] {dag.py:3486} INFO - Setting next_dagrun for example_kubernetes_executor to None, run_after=None
[2023-06-27T09:20:46.900+0000] {processor.py:179} INFO - Processing /home/airflow/.local/lib/python3.8/site-packages/airflow/example_dags/example_kubernetes_executor.py took 3.204 seconds
[2023-06-27T09:21:17.264+0000] {processor.py:157} INFO - Started process (PID=134) to work on /home/airflow/.local/lib/python3.8/site-packages/airflow/example_dags/example_kubernetes_executor.py
[2023-06-27T09:21:17.275+0000] {processor.py:826} INFO - Processing file /home/airflow/.local/lib/python3.8/site-packages/airflow/example_dags/example_kubernetes_executor.py for tasks to queue
[2023-06-27T09:21:17.277+0000] {logging_mixin.py:149} INFO - [2023-06-27T09:21:17.277+0000] {dagbag.py:541} INFO - Filling up the DagBag from /home/airflow/.local/lib/python3.8/site-packages/airflow/example_dags/example_kubernetes_executor.py
[2023-06-27T09:21:17.344+0000] {processor.py:836} INFO - DAG(s) dict_keys(['example_kubernetes_executor']) retrieved from /home/airflow/.local/lib/python3.8/site-packages/airflow/example_dags/example_kubernetes_executor.py
[2023-06-27T09:21:17.539+0000] {logging_mixin.py:149} INFO - [2023-06-27T09:21:17.539+0000] {dag.py:2726} INFO - Sync 1 DAGs
[2023-06-27T09:21:17.700+0000] {logging_mixin.py:149} INFO - [2023-06-27T09:21:17.700+0000] {dag.py:3486} INFO - Setting next_dagrun for example_kubernetes_executor to None, run_after=None
[2023-06-27T09:21:17.820+0000] {processor.py:179} INFO - Processing /home/airflow/.local/lib/python3.8/site-packages/airflow/example_dags/example_kubernetes_executor.py took 0.592 seconds
[2023-06-27T09:21:48.644+0000] {processor.py:157} INFO - Started process (PID=202) to work on /home/airflow/.local/lib/python3.8/site-packages/airflow/example_dags/example_kubernetes_executor.py
[2023-06-27T09:21:48.645+0000] {processor.py:826} INFO - Processing file /home/airflow/.local/lib/python3.8/site-packages/airflow/example_dags/example_kubernetes_executor.py for tasks to queue
[2023-06-27T09:21:48.655+0000] {logging_mixin.py:149} INFO - [2023-06-27T09:21:48.655+0000] {dagbag.py:541} INFO - Filling up the DagBag from /home/airflow/.local/lib/python3.8/site-packages/airflow/example_dags/example_kubernetes_executor.py
[2023-06-27T09:21:48.694+0000] {processor.py:836} INFO - DAG(s) dict_keys(['example_kubernetes_executor']) retrieved from /home/airflow/.local/lib/python3.8/site-packages/airflow/example_dags/example_kubernetes_executor.py
[2023-06-27T09:21:48.847+0000] {logging_mixin.py:149} INFO - [2023-06-27T09:21:48.847+0000] {dag.py:2726} INFO - Sync 1 DAGs
[2023-06-27T09:21:48.941+0000] {logging_mixin.py:149} INFO - [2023-06-27T09:21:48.941+0000] {dag.py:3486} INFO - Setting next_dagrun for example_kubernetes_executor to None, run_after=None
[2023-06-27T09:21:49.009+0000] {processor.py:179} INFO - Processing /home/airflow/.local/lib/python3.8/site-packages/airflow/example_dags/example_kubernetes_executor.py took 0.374 seconds
[2023-06-27T09:22:19.562+0000] {processor.py:157} INFO - Started process (PID=269) to work on /home/airflow/.local/lib/python3.8/site-packages/airflow/example_dags/example_kubernetes_executor.py
[2023-06-27T09:22:19.575+0000] {processor.py:826} INFO - Processing file /home/airflow/.local/lib/python3.8/site-packages/airflow/example_dags/example_kubernetes_executor.py for tasks to queue
[2023-06-27T09:22:19.577+0000] {logging_mixin.py:149} INFO - [2023-06-27T09:22:19.576+0000] {dagbag.py:541} INFO - Filling up the DagBag from /home/airflow/.local/lib/python3.8/site-packages/airflow/example_dags/example_kubernetes_executor.py
[2023-06-27T09:22:19.649+0000] {processor.py:836} INFO - DAG(s) dict_keys(['example_kubernetes_executor']) retrieved from /home/airflow/.local/lib/python3.8/site-packages/airflow/example_dags/example_kubernetes_executor.py
[2023-06-27T09:22:19.883+0000] {logging_mixin.py:149} INFO - [2023-06-27T09:22:19.883+0000] {dag.py:2726} INFO - Sync 1 DAGs
[2023-06-27T09:22:19.987+0000] {logging_mixin.py:149} INFO - [2023-06-27T09:22:19.987+0000] {dag.py:3486} INFO - Setting next_dagrun for example_kubernetes_executor to None, run_after=None
[2023-06-27T09:22:20.112+0000] {processor.py:179} INFO - Processing /home/airflow/.local/lib/python3.8/site-packages/airflow/example_dags/example_kubernetes_executor.py took 0.582 seconds
[2023-06-27T09:22:50.599+0000] {processor.py:157} INFO - Started process (PID=338) to work on /home/airflow/.local/lib/python3.8/site-packages/airflow/example_dags/example_kubernetes_executor.py
[2023-06-27T09:22:50.615+0000] {processor.py:826} INFO - Processing file /home/airflow/.local/lib/python3.8/site-packages/airflow/example_dags/example_kubernetes_executor.py for tasks to queue
[2023-06-27T09:22:50.617+0000] {logging_mixin.py:149} INFO - [2023-06-27T09:22:50.616+0000] {dagbag.py:541} INFO - Filling up the DagBag from /home/airflow/.local/lib/python3.8/site-packages/airflow/example_dags/example_kubernetes_executor.py
[2023-06-27T09:22:50.673+0000] {processor.py:836} INFO - DAG(s) dict_keys(['example_kubernetes_executor']) retrieved from /home/airflow/.local/lib/python3.8/site-packages/airflow/example_dags/example_kubernetes_executor.py
[2023-06-27T09:22:50.903+0000] {logging_mixin.py:149} INFO - [2023-06-27T09:22:50.903+0000] {dag.py:2726} INFO - Sync 1 DAGs
[2023-06-27T09:22:51.027+0000] {logging_mixin.py:149} INFO - [2023-06-27T09:22:51.027+0000] {dag.py:3486} INFO - Setting next_dagrun for example_kubernetes_executor to None, run_after=None
[2023-06-27T09:22:51.094+0000] {processor.py:179} INFO - Processing /home/airflow/.local/lib/python3.8/site-packages/airflow/example_dags/example_kubernetes_executor.py took 0.548 seconds
[2023-06-27T09:23:21.256+0000] {processor.py:157} INFO - Started process (PID=404) to work on /home/airflow/.local/lib/python3.8/site-packages/airflow/example_dags/example_kubernetes_executor.py
[2023-06-27T09:23:21.259+0000] {processor.py:826} INFO - Processing file /home/airflow/.local/lib/python3.8/site-packages/airflow/example_dags/example_kubernetes_executor.py for tasks to queue
[2023-06-27T09:23:21.260+0000] {logging_mixin.py:149} INFO - [2023-06-27T09:23:21.260+0000] {dagbag.py:541} INFO - Filling up the DagBag from /home/airflow/.local/lib/python3.8/site-packages/airflow/example_dags/example_kubernetes_executor.py
[2023-06-27T09:23:21.284+0000] {processor.py:836} INFO - DAG(s) dict_keys(['example_kubernetes_executor']) retrieved from /home/airflow/.local/lib/python3.8/site-packages/airflow/example_dags/example_kubernetes_executor.py
[2023-06-27T09:23:21.467+0000] {logging_mixin.py:149} INFO - [2023-06-27T09:23:21.467+0000] {dag.py:2726} INFO - Sync 1 DAGs
[2023-06-27T09:23:21.539+0000] {logging_mixin.py:149} INFO - [2023-06-27T09:23:21.539+0000] {dag.py:3486} INFO - Setting next_dagrun for example_kubernetes_executor to None, run_after=None
[2023-06-27T09:23:21.580+0000] {processor.py:179} INFO - Processing /home/airflow/.local/lib/python3.8/site-packages/airflow/example_dags/example_kubernetes_executor.py took 0.333 seconds
[2023-06-27T09:23:51.780+0000] {processor.py:157} INFO - Started process (PID=468) to work on /home/airflow/.local/lib/python3.8/site-packages/airflow/example_dags/example_kubernetes_executor.py
[2023-06-27T09:23:51.781+0000] {processor.py:826} INFO - Processing file /home/airflow/.local/lib/python3.8/site-packages/airflow/example_dags/example_kubernetes_executor.py for tasks to queue
[2023-06-27T09:23:51.783+0000] {logging_mixin.py:149} INFO - [2023-06-27T09:23:51.782+0000] {dagbag.py:541} INFO - Filling up the DagBag from /home/airflow/.local/lib/python3.8/site-packages/airflow/example_dags/example_kubernetes_executor.py
[2023-06-27T09:23:51.801+0000] {processor.py:836} INFO - DAG(s) dict_keys(['example_kubernetes_executor']) retrieved from /home/airflow/.local/lib/python3.8/site-packages/airflow/example_dags/example_kubernetes_executor.py
[2023-06-27T09:23:51.923+0000] {logging_mixin.py:149} INFO - [2023-06-27T09:23:51.923+0000] {dag.py:2726} INFO - Sync 1 DAGs
[2023-06-27T09:23:51.975+0000] {logging_mixin.py:149} INFO - [2023-06-27T09:23:51.975+0000] {dag.py:3486} INFO - Setting next_dagrun for example_kubernetes_executor to None, run_after=None
[2023-06-27T09:23:52.014+0000] {processor.py:179} INFO - Processing /home/airflow/.local/lib/python3.8/site-packages/airflow/example_dags/example_kubernetes_executor.py took 0.255 seconds
[2023-06-27T09:25:50.579+0000] {processor.py:157} INFO - Started process (PID=61) to work on /home/airflow/.local/lib/python3.8/site-packages/airflow/example_dags/example_kubernetes_executor.py
[2023-06-27T09:25:50.582+0000] {processor.py:826} INFO - Processing file /home/airflow/.local/lib/python3.8/site-packages/airflow/example_dags/example_kubernetes_executor.py for tasks to queue
[2023-06-27T09:25:50.583+0000] {logging_mixin.py:149} INFO - [2023-06-27T09:25:50.583+0000] {dagbag.py:541} INFO - Filling up the DagBag from /home/airflow/.local/lib/python3.8/site-packages/airflow/example_dags/example_kubernetes_executor.py
[2023-06-27T09:25:51.675+0000] {processor.py:836} INFO - DAG(s) dict_keys(['example_kubernetes_executor']) retrieved from /home/airflow/.local/lib/python3.8/site-packages/airflow/example_dags/example_kubernetes_executor.py
[2023-06-27T09:25:51.881+0000] {logging_mixin.py:149} INFO - [2023-06-27T09:25:51.881+0000] {dag.py:2726} INFO - Sync 1 DAGs
[2023-06-27T09:25:51.967+0000] {logging_mixin.py:149} INFO - [2023-06-27T09:25:51.967+0000] {dag.py:3486} INFO - Setting next_dagrun for example_kubernetes_executor to None, run_after=None
[2023-06-27T09:25:52.027+0000] {processor.py:179} INFO - Processing /home/airflow/.local/lib/python3.8/site-packages/airflow/example_dags/example_kubernetes_executor.py took 1.485 seconds
[2023-06-27T09:26:22.102+0000] {processor.py:157} INFO - Started process (PID=126) to work on /home/airflow/.local/lib/python3.8/site-packages/airflow/example_dags/example_kubernetes_executor.py
[2023-06-27T09:26:22.103+0000] {processor.py:826} INFO - Processing file /home/airflow/.local/lib/python3.8/site-packages/airflow/example_dags/example_kubernetes_executor.py for tasks to queue
[2023-06-27T09:26:22.105+0000] {logging_mixin.py:149} INFO - [2023-06-27T09:26:22.105+0000] {dagbag.py:541} INFO - Filling up the DagBag from /home/airflow/.local/lib/python3.8/site-packages/airflow/example_dags/example_kubernetes_executor.py
[2023-06-27T09:26:22.119+0000] {processor.py:836} INFO - DAG(s) dict_keys(['example_kubernetes_executor']) retrieved from /home/airflow/.local/lib/python3.8/site-packages/airflow/example_dags/example_kubernetes_executor.py
[2023-06-27T09:26:22.203+0000] {logging_mixin.py:149} INFO - [2023-06-27T09:26:22.203+0000] {dag.py:2726} INFO - Sync 1 DAGs
[2023-06-27T09:26:22.263+0000] {logging_mixin.py:149} INFO - [2023-06-27T09:26:22.262+0000] {dag.py:3486} INFO - Setting next_dagrun for example_kubernetes_executor to None, run_after=None
[2023-06-27T09:26:22.300+0000] {processor.py:179} INFO - Processing /home/airflow/.local/lib/python3.8/site-packages/airflow/example_dags/example_kubernetes_executor.py took 0.204 seconds
[2023-06-27T09:26:52.930+0000] {processor.py:157} INFO - Started process (PID=192) to work on /home/airflow/.local/lib/python3.8/site-packages/airflow/example_dags/example_kubernetes_executor.py
[2023-06-27T09:26:52.939+0000] {processor.py:826} INFO - Processing file /home/airflow/.local/lib/python3.8/site-packages/airflow/example_dags/example_kubernetes_executor.py for tasks to queue
[2023-06-27T09:26:52.941+0000] {logging_mixin.py:149} INFO - [2023-06-27T09:26:52.940+0000] {dagbag.py:541} INFO - Filling up the DagBag from /home/airflow/.local/lib/python3.8/site-packages/airflow/example_dags/example_kubernetes_executor.py
[2023-06-27T09:26:52.958+0000] {processor.py:836} INFO - DAG(s) dict_keys(['example_kubernetes_executor']) retrieved from /home/airflow/.local/lib/python3.8/site-packages/airflow/example_dags/example_kubernetes_executor.py
[2023-06-27T09:26:53.080+0000] {logging_mixin.py:149} INFO - [2023-06-27T09:26:53.080+0000] {dag.py:2726} INFO - Sync 1 DAGs
[2023-06-27T09:26:53.141+0000] {logging_mixin.py:149} INFO - [2023-06-27T09:26:53.141+0000] {dag.py:3486} INFO - Setting next_dagrun for example_kubernetes_executor to None, run_after=None
[2023-06-27T09:26:53.190+0000] {processor.py:179} INFO - Processing /home/airflow/.local/lib/python3.8/site-packages/airflow/example_dags/example_kubernetes_executor.py took 0.272 seconds
[2023-06-27T09:27:23.317+0000] {processor.py:157} INFO - Started process (PID=257) to work on /home/airflow/.local/lib/python3.8/site-packages/airflow/example_dags/example_kubernetes_executor.py
[2023-06-27T09:27:23.319+0000] {processor.py:826} INFO - Processing file /home/airflow/.local/lib/python3.8/site-packages/airflow/example_dags/example_kubernetes_executor.py for tasks to queue
[2023-06-27T09:27:23.321+0000] {logging_mixin.py:149} INFO - [2023-06-27T09:27:23.320+0000] {dagbag.py:541} INFO - Filling up the DagBag from /home/airflow/.local/lib/python3.8/site-packages/airflow/example_dags/example_kubernetes_executor.py
[2023-06-27T09:27:23.332+0000] {processor.py:836} INFO - DAG(s) dict_keys(['example_kubernetes_executor']) retrieved from /home/airflow/.local/lib/python3.8/site-packages/airflow/example_dags/example_kubernetes_executor.py
[2023-06-27T09:27:23.384+0000] {logging_mixin.py:149} INFO - [2023-06-27T09:27:23.383+0000] {dag.py:2726} INFO - Sync 1 DAGs
[2023-06-27T09:27:23.410+0000] {logging_mixin.py:149} INFO - [2023-06-27T09:27:23.410+0000] {dag.py:3486} INFO - Setting next_dagrun for example_kubernetes_executor to None, run_after=None
[2023-06-27T09:27:23.433+0000] {processor.py:179} INFO - Processing /home/airflow/.local/lib/python3.8/site-packages/airflow/example_dags/example_kubernetes_executor.py took 0.120 seconds
[2023-06-27T09:27:54.032+0000] {processor.py:157} INFO - Started process (PID=322) to work on /home/airflow/.local/lib/python3.8/site-packages/airflow/example_dags/example_kubernetes_executor.py
[2023-06-27T09:27:54.034+0000] {processor.py:826} INFO - Processing file /home/airflow/.local/lib/python3.8/site-packages/airflow/example_dags/example_kubernetes_executor.py for tasks to queue
[2023-06-27T09:27:54.036+0000] {logging_mixin.py:149} INFO - [2023-06-27T09:27:54.036+0000] {dagbag.py:541} INFO - Filling up the DagBag from /home/airflow/.local/lib/python3.8/site-packages/airflow/example_dags/example_kubernetes_executor.py
[2023-06-27T09:27:54.047+0000] {processor.py:836} INFO - DAG(s) dict_keys(['example_kubernetes_executor']) retrieved from /home/airflow/.local/lib/python3.8/site-packages/airflow/example_dags/example_kubernetes_executor.py
[2023-06-27T09:27:54.099+0000] {logging_mixin.py:149} INFO - [2023-06-27T09:27:54.099+0000] {dag.py:2726} INFO - Sync 1 DAGs
[2023-06-27T09:27:54.132+0000] {logging_mixin.py:149} INFO - [2023-06-27T09:27:54.132+0000] {dag.py:3486} INFO - Setting next_dagrun for example_kubernetes_executor to None, run_after=None
[2023-06-27T09:27:54.158+0000] {processor.py:179} INFO - Processing /home/airflow/.local/lib/python3.8/site-packages/airflow/example_dags/example_kubernetes_executor.py took 0.132 seconds
[2023-06-27T09:28:24.343+0000] {processor.py:157} INFO - Started process (PID=398) to work on /home/airflow/.local/lib/python3.8/site-packages/airflow/example_dags/example_kubernetes_executor.py
[2023-06-27T09:28:24.344+0000] {processor.py:826} INFO - Processing file /home/airflow/.local/lib/python3.8/site-packages/airflow/example_dags/example_kubernetes_executor.py for tasks to queue
[2023-06-27T09:28:24.348+0000] {logging_mixin.py:149} INFO - [2023-06-27T09:28:24.347+0000] {dagbag.py:541} INFO - Filling up the DagBag from /home/airflow/.local/lib/python3.8/site-packages/airflow/example_dags/example_kubernetes_executor.py
[2023-06-27T09:28:24.371+0000] {processor.py:836} INFO - DAG(s) dict_keys(['example_kubernetes_executor']) retrieved from /home/airflow/.local/lib/python3.8/site-packages/airflow/example_dags/example_kubernetes_executor.py
[2023-06-27T09:28:24.475+0000] {logging_mixin.py:149} INFO - [2023-06-27T09:28:24.475+0000] {dag.py:2726} INFO - Sync 1 DAGs
[2023-06-27T09:28:24.529+0000] {logging_mixin.py:149} INFO - [2023-06-27T09:28:24.528+0000] {dag.py:3486} INFO - Setting next_dagrun for example_kubernetes_executor to None, run_after=None
[2023-06-27T09:28:24.556+0000] {processor.py:179} INFO - Processing /home/airflow/.local/lib/python3.8/site-packages/airflow/example_dags/example_kubernetes_executor.py took 0.222 seconds
[2023-06-27T09:28:54.620+0000] {processor.py:157} INFO - Started process (PID=464) to work on /home/airflow/.local/lib/python3.8/site-packages/airflow/example_dags/example_kubernetes_executor.py
[2023-06-27T09:28:54.621+0000] {processor.py:826} INFO - Processing file /home/airflow/.local/lib/python3.8/site-packages/airflow/example_dags/example_kubernetes_executor.py for tasks to queue
[2023-06-27T09:28:54.623+0000] {logging_mixin.py:149} INFO - [2023-06-27T09:28:54.623+0000] {dagbag.py:541} INFO - Filling up the DagBag from /home/airflow/.local/lib/python3.8/site-packages/airflow/example_dags/example_kubernetes_executor.py
[2023-06-27T09:28:54.634+0000] {processor.py:836} INFO - DAG(s) dict_keys(['example_kubernetes_executor']) retrieved from /home/airflow/.local/lib/python3.8/site-packages/airflow/example_dags/example_kubernetes_executor.py
[2023-06-27T09:28:54.685+0000] {logging_mixin.py:149} INFO - [2023-06-27T09:28:54.685+0000] {dag.py:2726} INFO - Sync 1 DAGs
[2023-06-27T09:28:54.713+0000] {logging_mixin.py:149} INFO - [2023-06-27T09:28:54.713+0000] {dag.py:3486} INFO - Setting next_dagrun for example_kubernetes_executor to None, run_after=None
[2023-06-27T09:28:54.736+0000] {processor.py:179} INFO - Processing /home/airflow/.local/lib/python3.8/site-packages/airflow/example_dags/example_kubernetes_executor.py took 0.121 seconds
[2023-06-27T09:29:25.351+0000] {processor.py:157} INFO - Started process (PID=532) to work on /home/airflow/.local/lib/python3.8/site-packages/airflow/example_dags/example_kubernetes_executor.py
[2023-06-27T09:29:25.352+0000] {processor.py:826} INFO - Processing file /home/airflow/.local/lib/python3.8/site-packages/airflow/example_dags/example_kubernetes_executor.py for tasks to queue
[2023-06-27T09:29:25.354+0000] {logging_mixin.py:149} INFO - [2023-06-27T09:29:25.354+0000] {dagbag.py:541} INFO - Filling up the DagBag from /home/airflow/.local/lib/python3.8/site-packages/airflow/example_dags/example_kubernetes_executor.py
[2023-06-27T09:29:25.366+0000] {processor.py:836} INFO - DAG(s) dict_keys(['example_kubernetes_executor']) retrieved from /home/airflow/.local/lib/python3.8/site-packages/airflow/example_dags/example_kubernetes_executor.py
[2023-06-27T09:29:25.422+0000] {logging_mixin.py:149} INFO - [2023-06-27T09:29:25.421+0000] {dag.py:2726} INFO - Sync 1 DAGs
[2023-06-27T09:29:25.473+0000] {logging_mixin.py:149} INFO - [2023-06-27T09:29:25.472+0000] {dag.py:3486} INFO - Setting next_dagrun for example_kubernetes_executor to None, run_after=None
[2023-06-27T09:29:25.497+0000] {processor.py:179} INFO - Processing /home/airflow/.local/lib/python3.8/site-packages/airflow/example_dags/example_kubernetes_executor.py took 0.151 seconds
[2023-06-27T09:29:55.932+0000] {processor.py:157} INFO - Started process (PID=607) to work on /home/airflow/.local/lib/python3.8/site-packages/airflow/example_dags/example_kubernetes_executor.py
[2023-06-27T09:29:55.933+0000] {processor.py:826} INFO - Processing file /home/airflow/.local/lib/python3.8/site-packages/airflow/example_dags/example_kubernetes_executor.py for tasks to queue
[2023-06-27T09:29:55.939+0000] {logging_mixin.py:149} INFO - [2023-06-27T09:29:55.939+0000] {dagbag.py:541} INFO - Filling up the DagBag from /home/airflow/.local/lib/python3.8/site-packages/airflow/example_dags/example_kubernetes_executor.py
[2023-06-27T09:29:55.962+0000] {processor.py:836} INFO - DAG(s) dict_keys(['example_kubernetes_executor']) retrieved from /home/airflow/.local/lib/python3.8/site-packages/airflow/example_dags/example_kubernetes_executor.py
[2023-06-27T09:29:56.069+0000] {logging_mixin.py:149} INFO - [2023-06-27T09:29:56.068+0000] {dag.py:2726} INFO - Sync 1 DAGs
[2023-06-27T09:29:56.119+0000] {logging_mixin.py:149} INFO - [2023-06-27T09:29:56.119+0000] {dag.py:3486} INFO - Setting next_dagrun for example_kubernetes_executor to None, run_after=None
[2023-06-27T09:29:56.141+0000] {processor.py:179} INFO - Processing /home/airflow/.local/lib/python3.8/site-packages/airflow/example_dags/example_kubernetes_executor.py took 0.218 seconds
[2023-06-27T09:30:26.419+0000] {processor.py:157} INFO - Started process (PID=679) to work on /home/airflow/.local/lib/python3.8/site-packages/airflow/example_dags/example_kubernetes_executor.py
[2023-06-27T09:30:26.423+0000] {processor.py:826} INFO - Processing file /home/airflow/.local/lib/python3.8/site-packages/airflow/example_dags/example_kubernetes_executor.py for tasks to queue
[2023-06-27T09:30:26.425+0000] {logging_mixin.py:149} INFO - [2023-06-27T09:30:26.424+0000] {dagbag.py:541} INFO - Filling up the DagBag from /home/airflow/.local/lib/python3.8/site-packages/airflow/example_dags/example_kubernetes_executor.py
[2023-06-27T09:30:26.448+0000] {processor.py:836} INFO - DAG(s) dict_keys(['example_kubernetes_executor']) retrieved from /home/airflow/.local/lib/python3.8/site-packages/airflow/example_dags/example_kubernetes_executor.py
[2023-06-27T09:30:26.562+0000] {logging_mixin.py:149} INFO - [2023-06-27T09:30:26.561+0000] {dag.py:2726} INFO - Sync 1 DAGs
[2023-06-27T09:30:26.625+0000] {logging_mixin.py:149} INFO - [2023-06-27T09:30:26.625+0000] {dag.py:3486} INFO - Setting next_dagrun for example_kubernetes_executor to None, run_after=None
[2023-06-27T09:30:26.673+0000] {processor.py:179} INFO - Processing /home/airflow/.local/lib/python3.8/site-packages/airflow/example_dags/example_kubernetes_executor.py took 0.262 seconds
[2023-06-27T09:30:57.509+0000] {processor.py:157} INFO - Started process (PID=748) to work on /home/airflow/.local/lib/python3.8/site-packages/airflow/example_dags/example_kubernetes_executor.py
[2023-06-27T09:30:57.510+0000] {processor.py:826} INFO - Processing file /home/airflow/.local/lib/python3.8/site-packages/airflow/example_dags/example_kubernetes_executor.py for tasks to queue
[2023-06-27T09:30:57.512+0000] {logging_mixin.py:149} INFO - [2023-06-27T09:30:57.512+0000] {dagbag.py:541} INFO - Filling up the DagBag from /home/airflow/.local/lib/python3.8/site-packages/airflow/example_dags/example_kubernetes_executor.py
[2023-06-27T09:30:57.523+0000] {processor.py:836} INFO - DAG(s) dict_keys(['example_kubernetes_executor']) retrieved from /home/airflow/.local/lib/python3.8/site-packages/airflow/example_dags/example_kubernetes_executor.py
[2023-06-27T09:30:57.591+0000] {logging_mixin.py:149} INFO - [2023-06-27T09:30:57.591+0000] {dag.py:2726} INFO - Sync 1 DAGs
[2023-06-27T09:30:57.619+0000] {logging_mixin.py:149} INFO - [2023-06-27T09:30:57.619+0000] {dag.py:3486} INFO - Setting next_dagrun for example_kubernetes_executor to None, run_after=None
[2023-06-27T09:30:57.641+0000] {processor.py:179} INFO - Processing /home/airflow/.local/lib/python3.8/site-packages/airflow/example_dags/example_kubernetes_executor.py took 0.137 seconds
[2023-06-27T09:31:27.820+0000] {processor.py:157} INFO - Started process (PID=823) to work on /home/airflow/.local/lib/python3.8/site-packages/airflow/example_dags/example_kubernetes_executor.py
[2023-06-27T09:31:27.824+0000] {processor.py:826} INFO - Processing file /home/airflow/.local/lib/python3.8/site-packages/airflow/example_dags/example_kubernetes_executor.py for tasks to queue
[2023-06-27T09:31:27.826+0000] {logging_mixin.py:149} INFO - [2023-06-27T09:31:27.825+0000] {dagbag.py:541} INFO - Filling up the DagBag from /home/airflow/.local/lib/python3.8/site-packages/airflow/example_dags/example_kubernetes_executor.py
[2023-06-27T09:31:27.861+0000] {processor.py:836} INFO - DAG(s) dict_keys(['example_kubernetes_executor']) retrieved from /home/airflow/.local/lib/python3.8/site-packages/airflow/example_dags/example_kubernetes_executor.py
[2023-06-27T09:31:28.031+0000] {logging_mixin.py:149} INFO - [2023-06-27T09:31:28.031+0000] {dag.py:2726} INFO - Sync 1 DAGs
[2023-06-27T09:31:28.118+0000] {logging_mixin.py:149} INFO - [2023-06-27T09:31:28.118+0000] {dag.py:3486} INFO - Setting next_dagrun for example_kubernetes_executor to None, run_after=None
[2023-06-27T09:31:28.195+0000] {processor.py:179} INFO - Processing /home/airflow/.local/lib/python3.8/site-packages/airflow/example_dags/example_kubernetes_executor.py took 0.387 seconds
[2023-06-27T09:31:58.280+0000] {processor.py:157} INFO - Started process (PID=890) to work on /home/airflow/.local/lib/python3.8/site-packages/airflow/example_dags/example_kubernetes_executor.py
[2023-06-27T09:31:58.281+0000] {processor.py:826} INFO - Processing file /home/airflow/.local/lib/python3.8/site-packages/airflow/example_dags/example_kubernetes_executor.py for tasks to queue
[2023-06-27T09:31:58.293+0000] {logging_mixin.py:149} INFO - [2023-06-27T09:31:58.291+0000] {dagbag.py:541} INFO - Filling up the DagBag from /home/airflow/.local/lib/python3.8/site-packages/airflow/example_dags/example_kubernetes_executor.py
[2023-06-27T09:31:58.354+0000] {processor.py:836} INFO - DAG(s) dict_keys(['example_kubernetes_executor']) retrieved from /home/airflow/.local/lib/python3.8/site-packages/airflow/example_dags/example_kubernetes_executor.py
[2023-06-27T09:31:58.575+0000] {logging_mixin.py:149} INFO - [2023-06-27T09:31:58.574+0000] {dag.py:2726} INFO - Sync 1 DAGs
[2023-06-27T09:31:58.655+0000] {logging_mixin.py:149} INFO - [2023-06-27T09:31:58.655+0000] {dag.py:3486} INFO - Setting next_dagrun for example_kubernetes_executor to None, run_after=None
[2023-06-27T09:31:58.716+0000] {processor.py:179} INFO - Processing /home/airflow/.local/lib/python3.8/site-packages/airflow/example_dags/example_kubernetes_executor.py took 0.456 seconds
[2023-06-27T09:32:29.593+0000] {processor.py:157} INFO - Started process (PID=955) to work on /home/airflow/.local/lib/python3.8/site-packages/airflow/example_dags/example_kubernetes_executor.py
[2023-06-27T09:32:29.595+0000] {processor.py:826} INFO - Processing file /home/airflow/.local/lib/python3.8/site-packages/airflow/example_dags/example_kubernetes_executor.py for tasks to queue
[2023-06-27T09:32:29.597+0000] {logging_mixin.py:149} INFO - [2023-06-27T09:32:29.597+0000] {dagbag.py:541} INFO - Filling up the DagBag from /home/airflow/.local/lib/python3.8/site-packages/airflow/example_dags/example_kubernetes_executor.py
[2023-06-27T09:32:29.608+0000] {processor.py:836} INFO - DAG(s) dict_keys(['example_kubernetes_executor']) retrieved from /home/airflow/.local/lib/python3.8/site-packages/airflow/example_dags/example_kubernetes_executor.py
[2023-06-27T09:32:29.661+0000] {logging_mixin.py:149} INFO - [2023-06-27T09:32:29.660+0000] {dag.py:2726} INFO - Sync 1 DAGs
[2023-06-27T09:32:29.689+0000] {logging_mixin.py:149} INFO - [2023-06-27T09:32:29.689+0000] {dag.py:3486} INFO - Setting next_dagrun for example_kubernetes_executor to None, run_after=None
[2023-06-27T09:32:29.715+0000] {processor.py:179} INFO - Processing /home/airflow/.local/lib/python3.8/site-packages/airflow/example_dags/example_kubernetes_executor.py took 0.126 seconds
[2023-06-27T09:33:00.283+0000] {processor.py:157} INFO - Started process (PID=1024) to work on /home/airflow/.local/lib/python3.8/site-packages/airflow/example_dags/example_kubernetes_executor.py
[2023-06-27T09:33:00.287+0000] {processor.py:826} INFO - Processing file /home/airflow/.local/lib/python3.8/site-packages/airflow/example_dags/example_kubernetes_executor.py for tasks to queue
[2023-06-27T09:33:00.288+0000] {logging_mixin.py:149} INFO - [2023-06-27T09:33:00.288+0000] {dagbag.py:541} INFO - Filling up the DagBag from /home/airflow/.local/lib/python3.8/site-packages/airflow/example_dags/example_kubernetes_executor.py
[2023-06-27T09:33:00.312+0000] {processor.py:836} INFO - DAG(s) dict_keys(['example_kubernetes_executor']) retrieved from /home/airflow/.local/lib/python3.8/site-packages/airflow/example_dags/example_kubernetes_executor.py
[2023-06-27T09:33:00.419+0000] {logging_mixin.py:149} INFO - [2023-06-27T09:33:00.419+0000] {dag.py:2726} INFO - Sync 1 DAGs
[2023-06-27T09:33:00.483+0000] {logging_mixin.py:149} INFO - [2023-06-27T09:33:00.483+0000] {dag.py:3486} INFO - Setting next_dagrun for example_kubernetes_executor to None, run_after=None
[2023-06-27T09:33:00.538+0000] {processor.py:179} INFO - Processing /home/airflow/.local/lib/python3.8/site-packages/airflow/example_dags/example_kubernetes_executor.py took 0.263 seconds
[2023-06-27T09:33:30.889+0000] {processor.py:157} INFO - Started process (PID=1092) to work on /home/airflow/.local/lib/python3.8/site-packages/airflow/example_dags/example_kubernetes_executor.py
[2023-06-27T09:33:30.901+0000] {processor.py:826} INFO - Processing file /home/airflow/.local/lib/python3.8/site-packages/airflow/example_dags/example_kubernetes_executor.py for tasks to queue
[2023-06-27T09:33:30.904+0000] {logging_mixin.py:149} INFO - [2023-06-27T09:33:30.904+0000] {dagbag.py:541} INFO - Filling up the DagBag from /home/airflow/.local/lib/python3.8/site-packages/airflow/example_dags/example_kubernetes_executor.py
[2023-06-27T09:33:30.944+0000] {processor.py:836} INFO - DAG(s) dict_keys(['example_kubernetes_executor']) retrieved from /home/airflow/.local/lib/python3.8/site-packages/airflow/example_dags/example_kubernetes_executor.py
[2023-06-27T09:33:31.176+0000] {logging_mixin.py:149} INFO - [2023-06-27T09:33:31.175+0000] {dag.py:2726} INFO - Sync 1 DAGs
[2023-06-27T09:33:31.273+0000] {logging_mixin.py:149} INFO - [2023-06-27T09:33:31.273+0000] {dag.py:3486} INFO - Setting next_dagrun for example_kubernetes_executor to None, run_after=None
[2023-06-27T09:33:31.360+0000] {processor.py:179} INFO - Processing /home/airflow/.local/lib/python3.8/site-packages/airflow/example_dags/example_kubernetes_executor.py took 0.496 seconds
[2023-06-27T09:34:01.556+0000] {processor.py:157} INFO - Started process (PID=1159) to work on /home/airflow/.local/lib/python3.8/site-packages/airflow/example_dags/example_kubernetes_executor.py
[2023-06-27T09:34:01.559+0000] {processor.py:826} INFO - Processing file /home/airflow/.local/lib/python3.8/site-packages/airflow/example_dags/example_kubernetes_executor.py for tasks to queue
[2023-06-27T09:34:01.561+0000] {logging_mixin.py:149} INFO - [2023-06-27T09:34:01.561+0000] {dagbag.py:541} INFO - Filling up the DagBag from /home/airflow/.local/lib/python3.8/site-packages/airflow/example_dags/example_kubernetes_executor.py
[2023-06-27T09:34:01.590+0000] {processor.py:836} INFO - DAG(s) dict_keys(['example_kubernetes_executor']) retrieved from /home/airflow/.local/lib/python3.8/site-packages/airflow/example_dags/example_kubernetes_executor.py
[2023-06-27T09:34:01.697+0000] {logging_mixin.py:149} INFO - [2023-06-27T09:34:01.696+0000] {dag.py:2726} INFO - Sync 1 DAGs
[2023-06-27T09:34:01.761+0000] {logging_mixin.py:149} INFO - [2023-06-27T09:34:01.760+0000] {dag.py:3486} INFO - Setting next_dagrun for example_kubernetes_executor to None, run_after=None
[2023-06-27T09:34:01.802+0000] {processor.py:179} INFO - Processing /home/airflow/.local/lib/python3.8/site-packages/airflow/example_dags/example_kubernetes_executor.py took 0.251 seconds
[2023-06-27T09:34:32.629+0000] {processor.py:157} INFO - Started process (PID=1226) to work on /home/airflow/.local/lib/python3.8/site-packages/airflow/example_dags/example_kubernetes_executor.py
[2023-06-27T09:34:32.630+0000] {processor.py:826} INFO - Processing file /home/airflow/.local/lib/python3.8/site-packages/airflow/example_dags/example_kubernetes_executor.py for tasks to queue
[2023-06-27T09:34:32.662+0000] {logging_mixin.py:149} INFO - [2023-06-27T09:34:32.662+0000] {dagbag.py:541} INFO - Filling up the DagBag from /home/airflow/.local/lib/python3.8/site-packages/airflow/example_dags/example_kubernetes_executor.py
[2023-06-27T09:34:32.732+0000] {processor.py:836} INFO - DAG(s) dict_keys(['example_kubernetes_executor']) retrieved from /home/airflow/.local/lib/python3.8/site-packages/airflow/example_dags/example_kubernetes_executor.py
[2023-06-27T09:34:32.930+0000] {logging_mixin.py:149} INFO - [2023-06-27T09:34:32.921+0000] {dag.py:2726} INFO - Sync 1 DAGs
[2023-06-27T09:34:33.105+0000] {logging_mixin.py:149} INFO - [2023-06-27T09:34:33.105+0000] {dag.py:3486} INFO - Setting next_dagrun for example_kubernetes_executor to None, run_after=None
[2023-06-27T09:34:33.234+0000] {processor.py:179} INFO - Processing /home/airflow/.local/lib/python3.8/site-packages/airflow/example_dags/example_kubernetes_executor.py took 0.626 seconds
