[2023-06-27T00:00:34.761+0000] {processor.py:157} INFO - Started process (PID=430) to work on /home/airflow/.local/lib/python3.8/site-packages/airflow/example_dags/example_external_task_marker_dag.py
[2023-06-27T00:00:34.763+0000] {processor.py:826} INFO - Processing file /home/airflow/.local/lib/python3.8/site-packages/airflow/example_dags/example_external_task_marker_dag.py for tasks to queue
[2023-06-27T00:00:34.763+0000] {logging_mixin.py:149} INFO - [2023-06-27T00:00:34.763+0000] {dagbag.py:541} INFO - Filling up the DagBag from /home/airflow/.local/lib/python3.8/site-packages/airflow/example_dags/example_external_task_marker_dag.py
[2023-06-27T00:00:34.856+0000] {processor.py:836} INFO - DAG(s) dict_keys(['example_external_task_marker_child', 'example_external_task_marker_parent']) retrieved from /home/airflow/.local/lib/python3.8/site-packages/airflow/example_dags/example_external_task_marker_dag.py
[2023-06-27T00:00:35.150+0000] {logging_mixin.py:149} INFO - [2023-06-27T00:00:35.149+0000] {dag.py:2726} INFO - Sync 2 DAGs
[2023-06-27T00:00:35.406+0000] {logging_mixin.py:149} INFO - [2023-06-27T00:00:35.406+0000] {dag.py:3486} INFO - Setting next_dagrun for example_external_task_marker_child to None, run_after=None
[2023-06-27T00:00:35.442+0000] {logging_mixin.py:149} INFO - [2023-06-27T00:00:35.442+0000] {dag.py:3486} INFO - Setting next_dagrun for example_external_task_marker_parent to None, run_after=None
[2023-06-27T00:00:35.669+0000] {processor.py:179} INFO - Processing /home/airflow/.local/lib/python3.8/site-packages/airflow/example_dags/example_external_task_marker_dag.py took 0.962 seconds
[2023-06-27T00:02:29.682+0000] {processor.py:157} INFO - Started process (PID=527) to work on /home/airflow/.local/lib/python3.8/site-packages/airflow/example_dags/example_external_task_marker_dag.py
[2023-06-27T00:02:29.685+0000] {processor.py:826} INFO - Processing file /home/airflow/.local/lib/python3.8/site-packages/airflow/example_dags/example_external_task_marker_dag.py for tasks to queue
[2023-06-27T00:02:30.003+0000] {logging_mixin.py:149} INFO - [2023-06-27T00:02:30.003+0000] {dagbag.py:541} INFO - Filling up the DagBag from /home/airflow/.local/lib/python3.8/site-packages/airflow/example_dags/example_external_task_marker_dag.py
[2023-06-27T00:02:30.766+0000] {processor.py:836} INFO - DAG(s) dict_keys(['example_external_task_marker_child', 'example_external_task_marker_parent']) retrieved from /home/airflow/.local/lib/python3.8/site-packages/airflow/example_dags/example_external_task_marker_dag.py
[2023-06-27T00:02:36.678+0000] {logging_mixin.py:149} INFO - [2023-06-27T00:02:36.677+0000] {dag.py:2726} INFO - Sync 2 DAGs
[2023-06-27T00:02:39.566+0000] {logging_mixin.py:149} INFO - [2023-06-27T00:02:39.566+0000] {dag.py:3486} INFO - Setting next_dagrun for example_external_task_marker_child to None, run_after=None
[2023-06-27T00:02:39.968+0000] {logging_mixin.py:149} INFO - [2023-06-27T00:02:39.968+0000] {dag.py:3486} INFO - Setting next_dagrun for example_external_task_marker_parent to None, run_after=None
[2023-06-27T00:02:41.269+0000] {processor.py:179} INFO - Processing /home/airflow/.local/lib/python3.8/site-packages/airflow/example_dags/example_external_task_marker_dag.py took 11.790 seconds
[2023-06-27T00:06:05.178+0000] {processor.py:157} INFO - Started process (PID=654) to work on /home/airflow/.local/lib/python3.8/site-packages/airflow/example_dags/example_external_task_marker_dag.py
[2023-06-27T00:06:05.198+0000] {processor.py:826} INFO - Processing file /home/airflow/.local/lib/python3.8/site-packages/airflow/example_dags/example_external_task_marker_dag.py for tasks to queue
[2023-06-27T00:06:05.199+0000] {logging_mixin.py:149} INFO - [2023-06-27T00:06:05.199+0000] {dagbag.py:541} INFO - Filling up the DagBag from /home/airflow/.local/lib/python3.8/site-packages/airflow/example_dags/example_external_task_marker_dag.py
[2023-06-27T00:06:06.511+0000] {processor.py:836} INFO - DAG(s) dict_keys(['example_external_task_marker_parent', 'example_external_task_marker_child']) retrieved from /home/airflow/.local/lib/python3.8/site-packages/airflow/example_dags/example_external_task_marker_dag.py
[2023-06-27T00:06:14.529+0000] {logging_mixin.py:149} INFO - [2023-06-27T00:06:13.869+0000] {dag.py:2726} INFO - Sync 2 DAGs
[2023-06-27T00:06:39.725+0000] {logging_mixin.py:149} INFO - [2023-06-27T00:06:39.181+0000] {dag.py:3486} INFO - Setting next_dagrun for example_external_task_marker_child to None, run_after=None
[2023-06-27T00:06:49.493+0000] {logging_mixin.py:149} INFO - [2023-06-27T00:06:49.492+0000] {dag.py:3486} INFO - Setting next_dagrun for example_external_task_marker_parent to None, run_after=None
[2023-06-27T00:06:51.391+0000] {processor.py:179} INFO - Processing /home/airflow/.local/lib/python3.8/site-packages/airflow/example_dags/example_external_task_marker_dag.py took 46.814 seconds
[2023-06-27T01:02:29.103+0000] {processor.py:157} INFO - Started process (PID=85) to work on /home/airflow/.local/lib/python3.8/site-packages/airflow/example_dags/example_external_task_marker_dag.py
[2023-06-27T01:02:29.105+0000] {processor.py:826} INFO - Processing file /home/airflow/.local/lib/python3.8/site-packages/airflow/example_dags/example_external_task_marker_dag.py for tasks to queue
[2023-06-27T01:02:29.407+0000] {logging_mixin.py:149} INFO - [2023-06-27T01:02:29.106+0000] {dagbag.py:541} INFO - Filling up the DagBag from /home/airflow/.local/lib/python3.8/site-packages/airflow/example_dags/example_external_task_marker_dag.py
[2023-06-27T01:02:29.706+0000] {processor.py:836} INFO - DAG(s) dict_keys(['example_external_task_marker_child', 'example_external_task_marker_parent']) retrieved from /home/airflow/.local/lib/python3.8/site-packages/airflow/example_dags/example_external_task_marker_dag.py
[2023-06-27T01:02:32.874+0000] {logging_mixin.py:149} INFO - [2023-06-27T01:02:32.874+0000] {dag.py:2726} INFO - Sync 2 DAGs
[2023-06-27T01:02:35.799+0000] {logging_mixin.py:149} INFO - [2023-06-27T01:02:35.798+0000] {dag.py:3486} INFO - Setting next_dagrun for example_external_task_marker_child to None, run_after=None
[2023-06-27T01:02:36.402+0000] {logging_mixin.py:149} INFO - [2023-06-27T01:02:36.402+0000] {dag.py:3486} INFO - Setting next_dagrun for example_external_task_marker_parent to None, run_after=None
[2023-06-27T01:02:37.965+0000] {processor.py:179} INFO - Processing /home/airflow/.local/lib/python3.8/site-packages/airflow/example_dags/example_external_task_marker_dag.py took 9.139 seconds
[2023-06-27T01:33:44.360+0000] {processor.py:157} INFO - Started process (PID=309) to work on /home/airflow/.local/lib/python3.8/site-packages/airflow/example_dags/example_external_task_marker_dag.py
[2023-06-27T01:33:44.578+0000] {processor.py:826} INFO - Processing file /home/airflow/.local/lib/python3.8/site-packages/airflow/example_dags/example_external_task_marker_dag.py for tasks to queue
[2023-06-27T01:33:44.579+0000] {logging_mixin.py:149} INFO - [2023-06-27T01:33:44.579+0000] {dagbag.py:541} INFO - Filling up the DagBag from /home/airflow/.local/lib/python3.8/site-packages/airflow/example_dags/example_external_task_marker_dag.py
[2023-06-27T01:33:48.745+0000] {processor.py:836} INFO - DAG(s) dict_keys(['example_external_task_marker_parent', 'example_external_task_marker_child']) retrieved from /home/airflow/.local/lib/python3.8/site-packages/airflow/example_dags/example_external_task_marker_dag.py
[2023-06-27T01:37:42.079+0000] {processor.py:157} INFO - Started process (PID=71) to work on /home/airflow/.local/lib/python3.8/site-packages/airflow/example_dags/example_external_task_marker_dag.py
[2023-06-27T01:37:42.101+0000] {processor.py:826} INFO - Processing file /home/airflow/.local/lib/python3.8/site-packages/airflow/example_dags/example_external_task_marker_dag.py for tasks to queue
[2023-06-27T01:37:42.102+0000] {logging_mixin.py:149} INFO - [2023-06-27T01:37:42.102+0000] {dagbag.py:541} INFO - Filling up the DagBag from /home/airflow/.local/lib/python3.8/site-packages/airflow/example_dags/example_external_task_marker_dag.py
[2023-06-27T01:37:42.136+0000] {processor.py:836} INFO - DAG(s) dict_keys(['example_external_task_marker_parent', 'example_external_task_marker_child']) retrieved from /home/airflow/.local/lib/python3.8/site-packages/airflow/example_dags/example_external_task_marker_dag.py
[2023-06-27T01:37:42.729+0000] {logging_mixin.py:149} INFO - [2023-06-27T01:37:42.729+0000] {dag.py:2726} INFO - Sync 2 DAGs
[2023-06-27T01:37:42.830+0000] {logging_mixin.py:149} INFO - [2023-06-27T01:37:42.830+0000] {dag.py:3486} INFO - Setting next_dagrun for example_external_task_marker_child to None, run_after=None
[2023-06-27T01:37:42.841+0000] {logging_mixin.py:149} INFO - [2023-06-27T01:37:42.840+0000] {dag.py:3486} INFO - Setting next_dagrun for example_external_task_marker_parent to None, run_after=None
[2023-06-27T01:37:42.905+0000] {processor.py:179} INFO - Processing /home/airflow/.local/lib/python3.8/site-packages/airflow/example_dags/example_external_task_marker_dag.py took 0.888 seconds
[2023-06-27T01:40:36.599+0000] {processor.py:157} INFO - Started process (PID=216) to work on /home/airflow/.local/lib/python3.8/site-packages/airflow/example_dags/example_external_task_marker_dag.py
[2023-06-27T01:40:36.685+0000] {processor.py:826} INFO - Processing file /home/airflow/.local/lib/python3.8/site-packages/airflow/example_dags/example_external_task_marker_dag.py for tasks to queue
[2023-06-27T01:40:36.687+0000] {logging_mixin.py:149} INFO - [2023-06-27T01:40:36.687+0000] {dagbag.py:541} INFO - Filling up the DagBag from /home/airflow/.local/lib/python3.8/site-packages/airflow/example_dags/example_external_task_marker_dag.py
[2023-06-27T01:40:36.888+0000] {processor.py:836} INFO - DAG(s) dict_keys(['example_external_task_marker_child', 'example_external_task_marker_parent']) retrieved from /home/airflow/.local/lib/python3.8/site-packages/airflow/example_dags/example_external_task_marker_dag.py
[2023-06-27T01:40:37.754+0000] {logging_mixin.py:149} INFO - [2023-06-27T01:40:37.753+0000] {dag.py:2726} INFO - Sync 2 DAGs
[2023-06-27T01:40:38.314+0000] {logging_mixin.py:149} INFO - [2023-06-27T01:40:38.314+0000] {dag.py:3486} INFO - Setting next_dagrun for example_external_task_marker_child to None, run_after=None
[2023-06-27T01:40:38.402+0000] {logging_mixin.py:149} INFO - [2023-06-27T01:40:38.402+0000] {dag.py:3486} INFO - Setting next_dagrun for example_external_task_marker_parent to None, run_after=None
[2023-06-27T01:40:38.804+0000] {processor.py:179} INFO - Processing /home/airflow/.local/lib/python3.8/site-packages/airflow/example_dags/example_external_task_marker_dag.py took 2.306 seconds
[2023-06-27T02:18:10.961+0000] {processor.py:157} INFO - Started process (PID=100) to work on /home/airflow/.local/lib/python3.8/site-packages/airflow/example_dags/example_external_task_marker_dag.py
[2023-06-27T02:18:11.043+0000] {processor.py:826} INFO - Processing file /home/airflow/.local/lib/python3.8/site-packages/airflow/example_dags/example_external_task_marker_dag.py for tasks to queue
[2023-06-27T02:18:11.044+0000] {logging_mixin.py:149} INFO - [2023-06-27T02:18:11.044+0000] {dagbag.py:541} INFO - Filling up the DagBag from /home/airflow/.local/lib/python3.8/site-packages/airflow/example_dags/example_external_task_marker_dag.py
[2023-06-27T02:18:11.465+0000] {processor.py:836} INFO - DAG(s) dict_keys(['example_external_task_marker_parent', 'example_external_task_marker_child']) retrieved from /home/airflow/.local/lib/python3.8/site-packages/airflow/example_dags/example_external_task_marker_dag.py
[2023-06-27T02:18:29.941+0000] {logging_mixin.py:149} INFO - [2023-06-27T02:18:29.940+0000] {dag.py:2726} INFO - Sync 2 DAGs
[2023-06-27T02:18:32.458+0000] {logging_mixin.py:149} INFO - [2023-06-27T02:18:32.458+0000] {dag.py:3486} INFO - Setting next_dagrun for example_external_task_marker_child to None, run_after=None
[2023-06-27T02:18:32.879+0000] {logging_mixin.py:149} INFO - [2023-06-27T02:18:32.879+0000] {dag.py:3486} INFO - Setting next_dagrun for example_external_task_marker_parent to None, run_after=None
[2023-06-27T02:18:35.833+0000] {processor.py:179} INFO - Processing /home/airflow/.local/lib/python3.8/site-packages/airflow/example_dags/example_external_task_marker_dag.py took 25.717 seconds
[2023-06-27T02:27:54.800+0000] {processor.py:157} INFO - Started process (PID=338) to work on /home/airflow/.local/lib/python3.8/site-packages/airflow/example_dags/example_external_task_marker_dag.py
[2023-06-27T02:27:54.941+0000] {processor.py:826} INFO - Processing file /home/airflow/.local/lib/python3.8/site-packages/airflow/example_dags/example_external_task_marker_dag.py for tasks to queue
[2023-06-27T02:27:56.392+0000] {logging_mixin.py:149} INFO - [2023-06-27T02:27:56.392+0000] {dagbag.py:541} INFO - Filling up the DagBag from /home/airflow/.local/lib/python3.8/site-packages/airflow/example_dags/example_external_task_marker_dag.py
[2023-06-27T02:27:56.830+0000] {processor.py:836} INFO - DAG(s) dict_keys(['example_external_task_marker_parent', 'example_external_task_marker_child']) retrieved from /home/airflow/.local/lib/python3.8/site-packages/airflow/example_dags/example_external_task_marker_dag.py
[2023-06-27T02:28:04.461+0000] {logging_mixin.py:149} INFO - [2023-06-27T02:28:04.375+0000] {dag.py:2726} INFO - Sync 2 DAGs
[2023-06-27T02:28:05.362+0000] {logging_mixin.py:149} INFO - [2023-06-27T02:28:05.362+0000] {dag.py:3486} INFO - Setting next_dagrun for example_external_task_marker_child to None, run_after=None
[2023-06-27T02:28:05.383+0000] {logging_mixin.py:149} INFO - [2023-06-27T02:28:05.383+0000] {dag.py:3486} INFO - Setting next_dagrun for example_external_task_marker_parent to None, run_after=None
[2023-06-27T02:28:08.154+0000] {processor.py:179} INFO - Processing /home/airflow/.local/lib/python3.8/site-packages/airflow/example_dags/example_external_task_marker_dag.py took 13.411 seconds
[2023-06-27T06:17:18.069+0000] {processor.py:157} INFO - Started process (PID=355) to work on /home/airflow/.local/lib/python3.8/site-packages/airflow/example_dags/example_external_task_marker_dag.py
[2023-06-27T06:17:18.127+0000] {processor.py:826} INFO - Processing file /home/airflow/.local/lib/python3.8/site-packages/airflow/example_dags/example_external_task_marker_dag.py for tasks to queue
[2023-06-27T06:17:18.128+0000] {logging_mixin.py:149} INFO - [2023-06-27T06:17:18.128+0000] {dagbag.py:541} INFO - Filling up the DagBag from /home/airflow/.local/lib/python3.8/site-packages/airflow/example_dags/example_external_task_marker_dag.py
[2023-06-27T06:17:24.401+0000] {processor.py:836} INFO - DAG(s) dict_keys(['example_external_task_marker_parent', 'example_external_task_marker_child']) retrieved from /home/airflow/.local/lib/python3.8/site-packages/airflow/example_dags/example_external_task_marker_dag.py
[2023-06-27T06:17:33.293+0000] {logging_mixin.py:149} INFO - [2023-06-27T06:17:33.293+0000] {dag.py:2726} INFO - Sync 2 DAGs
[2023-06-27T06:17:39.423+0000] {logging_mixin.py:149} INFO - [2023-06-27T06:17:39.423+0000] {dag.py:3486} INFO - Setting next_dagrun for example_external_task_marker_child to None, run_after=None
[2023-06-27T06:17:40.450+0000] {logging_mixin.py:149} INFO - [2023-06-27T06:17:40.450+0000] {dag.py:3486} INFO - Setting next_dagrun for example_external_task_marker_parent to None, run_after=None
[2023-06-27T06:17:45.816+0000] {processor.py:179} INFO - Processing /home/airflow/.local/lib/python3.8/site-packages/airflow/example_dags/example_external_task_marker_dag.py took 28.569 seconds
[2023-06-27T08:56:28.468+0000] {processor.py:157} INFO - Started process (PID=527) to work on /home/airflow/.local/lib/python3.8/site-packages/airflow/example_dags/example_external_task_marker_dag.py
[2023-06-27T08:56:28.496+0000] {processor.py:826} INFO - Processing file /home/airflow/.local/lib/python3.8/site-packages/airflow/example_dags/example_external_task_marker_dag.py for tasks to queue
[2023-06-27T08:56:28.497+0000] {logging_mixin.py:149} INFO - [2023-06-27T08:56:28.497+0000] {dagbag.py:541} INFO - Filling up the DagBag from /home/airflow/.local/lib/python3.8/site-packages/airflow/example_dags/example_external_task_marker_dag.py
[2023-06-27T08:56:28.506+0000] {processor.py:836} INFO - DAG(s) dict_keys(['example_external_task_marker_parent', 'example_external_task_marker_child']) retrieved from /home/airflow/.local/lib/python3.8/site-packages/airflow/example_dags/example_external_task_marker_dag.py
[2023-06-27T08:56:28.546+0000] {logging_mixin.py:149} INFO - [2023-06-27T08:56:28.546+0000] {dag.py:2726} INFO - Sync 2 DAGs
[2023-06-27T08:56:28.571+0000] {logging_mixin.py:149} INFO - [2023-06-27T08:56:28.571+0000] {dag.py:3486} INFO - Setting next_dagrun for example_external_task_marker_child to None, run_after=None
[2023-06-27T08:56:28.575+0000] {logging_mixin.py:149} INFO - [2023-06-27T08:56:28.575+0000] {dag.py:3486} INFO - Setting next_dagrun for example_external_task_marker_parent to None, run_after=None
[2023-06-27T08:56:28.615+0000] {processor.py:179} INFO - Processing /home/airflow/.local/lib/python3.8/site-packages/airflow/example_dags/example_external_task_marker_dag.py took 0.152 seconds
[2023-06-27T08:56:47.822+0000] {processor.py:157} INFO - Started process (PID=569) to work on /home/airflow/.local/lib/python3.8/site-packages/airflow/example_dags/example_external_task_marker_dag.py
[2023-06-27T08:56:47.823+0000] {processor.py:826} INFO - Processing file /home/airflow/.local/lib/python3.8/site-packages/airflow/example_dags/example_external_task_marker_dag.py for tasks to queue
[2023-06-27T08:56:47.824+0000] {logging_mixin.py:149} INFO - [2023-06-27T08:56:47.824+0000] {dagbag.py:541} INFO - Filling up the DagBag from /home/airflow/.local/lib/python3.8/site-packages/airflow/example_dags/example_external_task_marker_dag.py
[2023-06-27T08:56:47.835+0000] {processor.py:836} INFO - DAG(s) dict_keys(['example_external_task_marker_parent', 'example_external_task_marker_child']) retrieved from /home/airflow/.local/lib/python3.8/site-packages/airflow/example_dags/example_external_task_marker_dag.py
[2023-06-27T08:56:47.873+0000] {logging_mixin.py:149} INFO - [2023-06-27T08:56:47.873+0000] {dag.py:2726} INFO - Sync 2 DAGs
[2023-06-27T08:56:47.899+0000] {logging_mixin.py:149} INFO - [2023-06-27T08:56:47.898+0000] {dag.py:3486} INFO - Setting next_dagrun for example_external_task_marker_child to None, run_after=None
[2023-06-27T08:56:47.903+0000] {logging_mixin.py:149} INFO - [2023-06-27T08:56:47.902+0000] {dag.py:3486} INFO - Setting next_dagrun for example_external_task_marker_parent to None, run_after=None
[2023-06-27T08:56:48.079+0000] {processor.py:179} INFO - Processing /home/airflow/.local/lib/python3.8/site-packages/airflow/example_dags/example_external_task_marker_dag.py took 0.263 seconds
[2023-06-27T09:00:23.157+0000] {processor.py:157} INFO - Started process (PID=724) to work on /home/airflow/.local/lib/python3.8/site-packages/airflow/example_dags/example_external_task_marker_dag.py
[2023-06-27T09:00:23.805+0000] {processor.py:826} INFO - Processing file /home/airflow/.local/lib/python3.8/site-packages/airflow/example_dags/example_external_task_marker_dag.py for tasks to queue
[2023-06-27T09:00:23.809+0000] {logging_mixin.py:149} INFO - [2023-06-27T09:00:23.809+0000] {dagbag.py:541} INFO - Filling up the DagBag from /home/airflow/.local/lib/python3.8/site-packages/airflow/example_dags/example_external_task_marker_dag.py
[2023-06-27T09:00:24.128+0000] {processor.py:836} INFO - DAG(s) dict_keys(['example_external_task_marker_child', 'example_external_task_marker_parent']) retrieved from /home/airflow/.local/lib/python3.8/site-packages/airflow/example_dags/example_external_task_marker_dag.py
[2023-06-27T09:00:25.509+0000] {logging_mixin.py:149} INFO - [2023-06-27T09:00:25.509+0000] {dag.py:2726} INFO - Sync 2 DAGs
[2023-06-27T09:00:25.609+0000] {logging_mixin.py:149} INFO - [2023-06-27T09:00:25.609+0000] {dag.py:3486} INFO - Setting next_dagrun for example_external_task_marker_child to None, run_after=None
[2023-06-27T09:00:25.681+0000] {logging_mixin.py:149} INFO - [2023-06-27T09:00:25.681+0000] {dag.py:3486} INFO - Setting next_dagrun for example_external_task_marker_parent to None, run_after=None
[2023-06-27T09:00:25.861+0000] {processor.py:179} INFO - Processing /home/airflow/.local/lib/python3.8/site-packages/airflow/example_dags/example_external_task_marker_dag.py took 2.822 seconds
[2023-06-27T09:20:47.022+0000] {processor.py:157} INFO - Started process (PID=70) to work on /home/airflow/.local/lib/python3.8/site-packages/airflow/example_dags/example_external_task_marker_dag.py
[2023-06-27T09:20:47.039+0000] {processor.py:826} INFO - Processing file /home/airflow/.local/lib/python3.8/site-packages/airflow/example_dags/example_external_task_marker_dag.py for tasks to queue
[2023-06-27T09:20:47.040+0000] {logging_mixin.py:149} INFO - [2023-06-27T09:20:47.039+0000] {dagbag.py:541} INFO - Filling up the DagBag from /home/airflow/.local/lib/python3.8/site-packages/airflow/example_dags/example_external_task_marker_dag.py
[2023-06-27T09:20:47.061+0000] {processor.py:836} INFO - DAG(s) dict_keys(['example_external_task_marker_child', 'example_external_task_marker_parent']) retrieved from /home/airflow/.local/lib/python3.8/site-packages/airflow/example_dags/example_external_task_marker_dag.py
[2023-06-27T09:20:47.508+0000] {logging_mixin.py:149} INFO - [2023-06-27T09:20:47.508+0000] {dag.py:2726} INFO - Sync 2 DAGs
[2023-06-27T09:20:47.560+0000] {logging_mixin.py:149} INFO - [2023-06-27T09:20:47.560+0000] {dag.py:3486} INFO - Setting next_dagrun for example_external_task_marker_child to None, run_after=None
[2023-06-27T09:20:47.571+0000] {logging_mixin.py:149} INFO - [2023-06-27T09:20:47.571+0000] {dag.py:3486} INFO - Setting next_dagrun for example_external_task_marker_parent to None, run_after=None
[2023-06-27T09:20:47.613+0000] {processor.py:179} INFO - Processing /home/airflow/.local/lib/python3.8/site-packages/airflow/example_dags/example_external_task_marker_dag.py took 0.604 seconds
[2023-06-27T09:21:18.549+0000] {processor.py:157} INFO - Started process (PID=137) to work on /home/airflow/.local/lib/python3.8/site-packages/airflow/example_dags/example_external_task_marker_dag.py
[2023-06-27T09:21:18.550+0000] {processor.py:826} INFO - Processing file /home/airflow/.local/lib/python3.8/site-packages/airflow/example_dags/example_external_task_marker_dag.py for tasks to queue
[2023-06-27T09:21:18.568+0000] {logging_mixin.py:149} INFO - [2023-06-27T09:21:18.568+0000] {dagbag.py:541} INFO - Filling up the DagBag from /home/airflow/.local/lib/python3.8/site-packages/airflow/example_dags/example_external_task_marker_dag.py
[2023-06-27T09:21:18.584+0000] {processor.py:836} INFO - DAG(s) dict_keys(['example_external_task_marker_child', 'example_external_task_marker_parent']) retrieved from /home/airflow/.local/lib/python3.8/site-packages/airflow/example_dags/example_external_task_marker_dag.py
[2023-06-27T09:21:18.678+0000] {logging_mixin.py:149} INFO - [2023-06-27T09:21:18.674+0000] {dag.py:2726} INFO - Sync 2 DAGs
[2023-06-27T09:21:18.859+0000] {logging_mixin.py:149} INFO - [2023-06-27T09:21:18.859+0000] {dag.py:3486} INFO - Setting next_dagrun for example_external_task_marker_child to None, run_after=None
[2023-06-27T09:21:18.884+0000] {logging_mixin.py:149} INFO - [2023-06-27T09:21:18.884+0000] {dag.py:3486} INFO - Setting next_dagrun for example_external_task_marker_parent to None, run_after=None
[2023-06-27T09:21:18.994+0000] {processor.py:179} INFO - Processing /home/airflow/.local/lib/python3.8/site-packages/airflow/example_dags/example_external_task_marker_dag.py took 0.474 seconds
[2023-06-27T09:21:49.432+0000] {processor.py:157} INFO - Started process (PID=205) to work on /home/airflow/.local/lib/python3.8/site-packages/airflow/example_dags/example_external_task_marker_dag.py
[2023-06-27T09:21:49.434+0000] {processor.py:826} INFO - Processing file /home/airflow/.local/lib/python3.8/site-packages/airflow/example_dags/example_external_task_marker_dag.py for tasks to queue
[2023-06-27T09:21:49.439+0000] {logging_mixin.py:149} INFO - [2023-06-27T09:21:49.439+0000] {dagbag.py:541} INFO - Filling up the DagBag from /home/airflow/.local/lib/python3.8/site-packages/airflow/example_dags/example_external_task_marker_dag.py
[2023-06-27T09:21:49.455+0000] {processor.py:836} INFO - DAG(s) dict_keys(['example_external_task_marker_parent', 'example_external_task_marker_child']) retrieved from /home/airflow/.local/lib/python3.8/site-packages/airflow/example_dags/example_external_task_marker_dag.py
[2023-06-27T09:21:49.565+0000] {logging_mixin.py:149} INFO - [2023-06-27T09:21:49.564+0000] {dag.py:2726} INFO - Sync 2 DAGs
[2023-06-27T09:21:49.692+0000] {logging_mixin.py:149} INFO - [2023-06-27T09:21:49.692+0000] {dag.py:3486} INFO - Setting next_dagrun for example_external_task_marker_child to None, run_after=None
[2023-06-27T09:21:49.723+0000] {logging_mixin.py:149} INFO - [2023-06-27T09:21:49.723+0000] {dag.py:3486} INFO - Setting next_dagrun for example_external_task_marker_parent to None, run_after=None
[2023-06-27T09:21:49.784+0000] {processor.py:179} INFO - Processing /home/airflow/.local/lib/python3.8/site-packages/airflow/example_dags/example_external_task_marker_dag.py took 0.365 seconds
[2023-06-27T09:22:20.936+0000] {processor.py:157} INFO - Started process (PID=272) to work on /home/airflow/.local/lib/python3.8/site-packages/airflow/example_dags/example_external_task_marker_dag.py
[2023-06-27T09:22:20.940+0000] {processor.py:826} INFO - Processing file /home/airflow/.local/lib/python3.8/site-packages/airflow/example_dags/example_external_task_marker_dag.py for tasks to queue
[2023-06-27T09:22:20.945+0000] {logging_mixin.py:149} INFO - [2023-06-27T09:22:20.944+0000] {dagbag.py:541} INFO - Filling up the DagBag from /home/airflow/.local/lib/python3.8/site-packages/airflow/example_dags/example_external_task_marker_dag.py
[2023-06-27T09:22:20.992+0000] {processor.py:836} INFO - DAG(s) dict_keys(['example_external_task_marker_parent', 'example_external_task_marker_child']) retrieved from /home/airflow/.local/lib/python3.8/site-packages/airflow/example_dags/example_external_task_marker_dag.py
[2023-06-27T09:22:21.134+0000] {logging_mixin.py:149} INFO - [2023-06-27T09:22:21.133+0000] {dag.py:2726} INFO - Sync 2 DAGs
[2023-06-27T09:22:21.223+0000] {logging_mixin.py:149} INFO - [2023-06-27T09:22:21.223+0000] {dag.py:3486} INFO - Setting next_dagrun for example_external_task_marker_child to None, run_after=None
[2023-06-27T09:22:21.247+0000] {logging_mixin.py:149} INFO - [2023-06-27T09:22:21.247+0000] {dag.py:3486} INFO - Setting next_dagrun for example_external_task_marker_parent to None, run_after=None
[2023-06-27T09:22:21.355+0000] {processor.py:179} INFO - Processing /home/airflow/.local/lib/python3.8/site-packages/airflow/example_dags/example_external_task_marker_dag.py took 0.460 seconds
[2023-06-27T09:22:52.054+0000] {processor.py:157} INFO - Started process (PID=341) to work on /home/airflow/.local/lib/python3.8/site-packages/airflow/example_dags/example_external_task_marker_dag.py
[2023-06-27T09:22:52.056+0000] {processor.py:826} INFO - Processing file /home/airflow/.local/lib/python3.8/site-packages/airflow/example_dags/example_external_task_marker_dag.py for tasks to queue
[2023-06-27T09:22:52.058+0000] {logging_mixin.py:149} INFO - [2023-06-27T09:22:52.057+0000] {dagbag.py:541} INFO - Filling up the DagBag from /home/airflow/.local/lib/python3.8/site-packages/airflow/example_dags/example_external_task_marker_dag.py
[2023-06-27T09:22:52.098+0000] {processor.py:836} INFO - DAG(s) dict_keys(['example_external_task_marker_child', 'example_external_task_marker_parent']) retrieved from /home/airflow/.local/lib/python3.8/site-packages/airflow/example_dags/example_external_task_marker_dag.py
[2023-06-27T09:22:52.275+0000] {logging_mixin.py:149} INFO - [2023-06-27T09:22:52.275+0000] {dag.py:2726} INFO - Sync 2 DAGs
[2023-06-27T09:22:52.435+0000] {logging_mixin.py:149} INFO - [2023-06-27T09:22:52.435+0000] {dag.py:3486} INFO - Setting next_dagrun for example_external_task_marker_child to None, run_after=None
[2023-06-27T09:22:52.475+0000] {logging_mixin.py:149} INFO - [2023-06-27T09:22:52.475+0000] {dag.py:3486} INFO - Setting next_dagrun for example_external_task_marker_parent to None, run_after=None
[2023-06-27T09:22:52.620+0000] {processor.py:179} INFO - Processing /home/airflow/.local/lib/python3.8/site-packages/airflow/example_dags/example_external_task_marker_dag.py took 0.590 seconds
[2023-06-27T09:23:23.250+0000] {processor.py:157} INFO - Started process (PID=407) to work on /home/airflow/.local/lib/python3.8/site-packages/airflow/example_dags/example_external_task_marker_dag.py
[2023-06-27T09:23:23.255+0000] {processor.py:826} INFO - Processing file /home/airflow/.local/lib/python3.8/site-packages/airflow/example_dags/example_external_task_marker_dag.py for tasks to queue
[2023-06-27T09:23:23.257+0000] {logging_mixin.py:149} INFO - [2023-06-27T09:23:23.257+0000] {dagbag.py:541} INFO - Filling up the DagBag from /home/airflow/.local/lib/python3.8/site-packages/airflow/example_dags/example_external_task_marker_dag.py
[2023-06-27T09:23:23.274+0000] {processor.py:836} INFO - DAG(s) dict_keys(['example_external_task_marker_child', 'example_external_task_marker_parent']) retrieved from /home/airflow/.local/lib/python3.8/site-packages/airflow/example_dags/example_external_task_marker_dag.py
[2023-06-27T09:23:23.347+0000] {logging_mixin.py:149} INFO - [2023-06-27T09:23:23.347+0000] {dag.py:2726} INFO - Sync 2 DAGs
[2023-06-27T09:23:23.403+0000] {logging_mixin.py:149} INFO - [2023-06-27T09:23:23.403+0000] {dag.py:3486} INFO - Setting next_dagrun for example_external_task_marker_child to None, run_after=None
[2023-06-27T09:23:23.413+0000] {logging_mixin.py:149} INFO - [2023-06-27T09:23:23.413+0000] {dag.py:3486} INFO - Setting next_dagrun for example_external_task_marker_parent to None, run_after=None
[2023-06-27T09:23:23.446+0000] {processor.py:179} INFO - Processing /home/airflow/.local/lib/python3.8/site-packages/airflow/example_dags/example_external_task_marker_dag.py took 0.206 seconds
[2023-06-27T09:23:53.853+0000] {processor.py:157} INFO - Started process (PID=471) to work on /home/airflow/.local/lib/python3.8/site-packages/airflow/example_dags/example_external_task_marker_dag.py
[2023-06-27T09:23:53.862+0000] {processor.py:826} INFO - Processing file /home/airflow/.local/lib/python3.8/site-packages/airflow/example_dags/example_external_task_marker_dag.py for tasks to queue
[2023-06-27T09:23:53.864+0000] {logging_mixin.py:149} INFO - [2023-06-27T09:23:53.864+0000] {dagbag.py:541} INFO - Filling up the DagBag from /home/airflow/.local/lib/python3.8/site-packages/airflow/example_dags/example_external_task_marker_dag.py
[2023-06-27T09:23:53.889+0000] {processor.py:836} INFO - DAG(s) dict_keys(['example_external_task_marker_child', 'example_external_task_marker_parent']) retrieved from /home/airflow/.local/lib/python3.8/site-packages/airflow/example_dags/example_external_task_marker_dag.py
[2023-06-27T09:23:53.975+0000] {logging_mixin.py:149} INFO - [2023-06-27T09:23:53.975+0000] {dag.py:2726} INFO - Sync 2 DAGs
[2023-06-27T09:23:54.026+0000] {logging_mixin.py:149} INFO - [2023-06-27T09:23:54.026+0000] {dag.py:3486} INFO - Setting next_dagrun for example_external_task_marker_child to None, run_after=None
[2023-06-27T09:23:54.036+0000] {logging_mixin.py:149} INFO - [2023-06-27T09:23:54.036+0000] {dag.py:3486} INFO - Setting next_dagrun for example_external_task_marker_parent to None, run_after=None
[2023-06-27T09:23:54.078+0000] {processor.py:179} INFO - Processing /home/airflow/.local/lib/python3.8/site-packages/airflow/example_dags/example_external_task_marker_dag.py took 0.238 seconds
[2023-06-27T09:25:52.864+0000] {processor.py:157} INFO - Started process (PID=68) to work on /home/airflow/.local/lib/python3.8/site-packages/airflow/example_dags/example_external_task_marker_dag.py
[2023-06-27T09:25:52.866+0000] {processor.py:826} INFO - Processing file /home/airflow/.local/lib/python3.8/site-packages/airflow/example_dags/example_external_task_marker_dag.py for tasks to queue
[2023-06-27T09:25:52.867+0000] {logging_mixin.py:149} INFO - [2023-06-27T09:25:52.867+0000] {dagbag.py:541} INFO - Filling up the DagBag from /home/airflow/.local/lib/python3.8/site-packages/airflow/example_dags/example_external_task_marker_dag.py
[2023-06-27T09:25:52.882+0000] {processor.py:836} INFO - DAG(s) dict_keys(['example_external_task_marker_child', 'example_external_task_marker_parent']) retrieved from /home/airflow/.local/lib/python3.8/site-packages/airflow/example_dags/example_external_task_marker_dag.py
[2023-06-27T09:25:52.943+0000] {logging_mixin.py:149} INFO - [2023-06-27T09:25:52.942+0000] {dag.py:2726} INFO - Sync 2 DAGs
[2023-06-27T09:25:52.989+0000] {logging_mixin.py:149} INFO - [2023-06-27T09:25:52.989+0000] {dag.py:3486} INFO - Setting next_dagrun for example_external_task_marker_child to None, run_after=None
[2023-06-27T09:25:53.011+0000] {logging_mixin.py:149} INFO - [2023-06-27T09:25:53.010+0000] {dag.py:3486} INFO - Setting next_dagrun for example_external_task_marker_parent to None, run_after=None
[2023-06-27T09:25:53.056+0000] {processor.py:179} INFO - Processing /home/airflow/.local/lib/python3.8/site-packages/airflow/example_dags/example_external_task_marker_dag.py took 0.197 seconds
[2023-06-27T09:26:23.761+0000] {processor.py:157} INFO - Started process (PID=131) to work on /home/airflow/.local/lib/python3.8/site-packages/airflow/example_dags/example_external_task_marker_dag.py
[2023-06-27T09:26:23.762+0000] {processor.py:826} INFO - Processing file /home/airflow/.local/lib/python3.8/site-packages/airflow/example_dags/example_external_task_marker_dag.py for tasks to queue
[2023-06-27T09:26:23.768+0000] {logging_mixin.py:149} INFO - [2023-06-27T09:26:23.768+0000] {dagbag.py:541} INFO - Filling up the DagBag from /home/airflow/.local/lib/python3.8/site-packages/airflow/example_dags/example_external_task_marker_dag.py
[2023-06-27T09:26:23.789+0000] {processor.py:836} INFO - DAG(s) dict_keys(['example_external_task_marker_child', 'example_external_task_marker_parent']) retrieved from /home/airflow/.local/lib/python3.8/site-packages/airflow/example_dags/example_external_task_marker_dag.py
[2023-06-27T09:26:23.868+0000] {logging_mixin.py:149} INFO - [2023-06-27T09:26:23.868+0000] {dag.py:2726} INFO - Sync 2 DAGs
[2023-06-27T09:26:23.931+0000] {logging_mixin.py:149} INFO - [2023-06-27T09:26:23.931+0000] {dag.py:3486} INFO - Setting next_dagrun for example_external_task_marker_child to None, run_after=None
[2023-06-27T09:26:23.939+0000] {logging_mixin.py:149} INFO - [2023-06-27T09:26:23.939+0000] {dag.py:3486} INFO - Setting next_dagrun for example_external_task_marker_parent to None, run_after=None
[2023-06-27T09:26:23.971+0000] {processor.py:179} INFO - Processing /home/airflow/.local/lib/python3.8/site-packages/airflow/example_dags/example_external_task_marker_dag.py took 0.219 seconds
[2023-06-27T09:26:55.299+0000] {processor.py:157} INFO - Started process (PID=199) to work on /home/airflow/.local/lib/python3.8/site-packages/airflow/example_dags/example_external_task_marker_dag.py
[2023-06-27T09:26:55.312+0000] {processor.py:826} INFO - Processing file /home/airflow/.local/lib/python3.8/site-packages/airflow/example_dags/example_external_task_marker_dag.py for tasks to queue
[2023-06-27T09:26:55.324+0000] {logging_mixin.py:149} INFO - [2023-06-27T09:26:55.324+0000] {dagbag.py:541} INFO - Filling up the DagBag from /home/airflow/.local/lib/python3.8/site-packages/airflow/example_dags/example_external_task_marker_dag.py
[2023-06-27T09:26:55.349+0000] {processor.py:836} INFO - DAG(s) dict_keys(['example_external_task_marker_child', 'example_external_task_marker_parent']) retrieved from /home/airflow/.local/lib/python3.8/site-packages/airflow/example_dags/example_external_task_marker_dag.py
[2023-06-27T09:26:55.539+0000] {logging_mixin.py:149} INFO - [2023-06-27T09:26:55.538+0000] {dag.py:2726} INFO - Sync 2 DAGs
[2023-06-27T09:26:55.667+0000] {logging_mixin.py:149} INFO - [2023-06-27T09:26:55.667+0000] {dag.py:3486} INFO - Setting next_dagrun for example_external_task_marker_child to None, run_after=None
[2023-06-27T09:26:55.679+0000] {logging_mixin.py:149} INFO - [2023-06-27T09:26:55.679+0000] {dag.py:3486} INFO - Setting next_dagrun for example_external_task_marker_parent to None, run_after=None
[2023-06-27T09:26:55.754+0000] {processor.py:179} INFO - Processing /home/airflow/.local/lib/python3.8/site-packages/airflow/example_dags/example_external_task_marker_dag.py took 0.528 seconds
[2023-06-27T09:27:26.494+0000] {processor.py:157} INFO - Started process (PID=270) to work on /home/airflow/.local/lib/python3.8/site-packages/airflow/example_dags/example_external_task_marker_dag.py
[2023-06-27T09:27:26.496+0000] {processor.py:826} INFO - Processing file /home/airflow/.local/lib/python3.8/site-packages/airflow/example_dags/example_external_task_marker_dag.py for tasks to queue
[2023-06-27T09:27:26.498+0000] {logging_mixin.py:149} INFO - [2023-06-27T09:27:26.497+0000] {dagbag.py:541} INFO - Filling up the DagBag from /home/airflow/.local/lib/python3.8/site-packages/airflow/example_dags/example_external_task_marker_dag.py
[2023-06-27T09:27:26.594+0000] {processor.py:836} INFO - DAG(s) dict_keys(['example_external_task_marker_parent', 'example_external_task_marker_child']) retrieved from /home/airflow/.local/lib/python3.8/site-packages/airflow/example_dags/example_external_task_marker_dag.py
[2023-06-27T09:27:26.767+0000] {logging_mixin.py:149} INFO - [2023-06-27T09:27:26.767+0000] {dag.py:2726} INFO - Sync 2 DAGs
[2023-06-27T09:27:26.955+0000] {logging_mixin.py:149} INFO - [2023-06-27T09:27:26.955+0000] {dag.py:3486} INFO - Setting next_dagrun for example_external_task_marker_child to None, run_after=None
[2023-06-27T09:27:26.972+0000] {logging_mixin.py:149} INFO - [2023-06-27T09:27:26.972+0000] {dag.py:3486} INFO - Setting next_dagrun for example_external_task_marker_parent to None, run_after=None
[2023-06-27T09:27:27.099+0000] {processor.py:179} INFO - Processing /home/airflow/.local/lib/python3.8/site-packages/airflow/example_dags/example_external_task_marker_dag.py took 0.647 seconds
[2023-06-27T09:27:57.474+0000] {processor.py:157} INFO - Started process (PID=336) to work on /home/airflow/.local/lib/python3.8/site-packages/airflow/example_dags/example_external_task_marker_dag.py
[2023-06-27T09:27:57.475+0000] {processor.py:826} INFO - Processing file /home/airflow/.local/lib/python3.8/site-packages/airflow/example_dags/example_external_task_marker_dag.py for tasks to queue
[2023-06-27T09:27:57.477+0000] {logging_mixin.py:149} INFO - [2023-06-27T09:27:57.477+0000] {dagbag.py:541} INFO - Filling up the DagBag from /home/airflow/.local/lib/python3.8/site-packages/airflow/example_dags/example_external_task_marker_dag.py
[2023-06-27T09:27:57.485+0000] {processor.py:836} INFO - DAG(s) dict_keys(['example_external_task_marker_parent', 'example_external_task_marker_child']) retrieved from /home/airflow/.local/lib/python3.8/site-packages/airflow/example_dags/example_external_task_marker_dag.py
[2023-06-27T09:27:57.521+0000] {logging_mixin.py:149} INFO - [2023-06-27T09:27:57.520+0000] {dag.py:2726} INFO - Sync 2 DAGs
[2023-06-27T09:27:57.547+0000] {logging_mixin.py:149} INFO - [2023-06-27T09:27:57.547+0000] {dag.py:3486} INFO - Setting next_dagrun for example_external_task_marker_child to None, run_after=None
[2023-06-27T09:27:57.551+0000] {logging_mixin.py:149} INFO - [2023-06-27T09:27:57.551+0000] {dag.py:3486} INFO - Setting next_dagrun for example_external_task_marker_parent to None, run_after=None
[2023-06-27T09:27:57.570+0000] {processor.py:179} INFO - Processing /home/airflow/.local/lib/python3.8/site-packages/airflow/example_dags/example_external_task_marker_dag.py took 0.101 seconds
[2023-06-27T09:28:27.864+0000] {processor.py:157} INFO - Started process (PID=404) to work on /home/airflow/.local/lib/python3.8/site-packages/airflow/example_dags/example_external_task_marker_dag.py
[2023-06-27T09:28:27.865+0000] {processor.py:826} INFO - Processing file /home/airflow/.local/lib/python3.8/site-packages/airflow/example_dags/example_external_task_marker_dag.py for tasks to queue
[2023-06-27T09:28:27.867+0000] {logging_mixin.py:149} INFO - [2023-06-27T09:28:27.867+0000] {dagbag.py:541} INFO - Filling up the DagBag from /home/airflow/.local/lib/python3.8/site-packages/airflow/example_dags/example_external_task_marker_dag.py
[2023-06-27T09:28:27.875+0000] {processor.py:836} INFO - DAG(s) dict_keys(['example_external_task_marker_child', 'example_external_task_marker_parent']) retrieved from /home/airflow/.local/lib/python3.8/site-packages/airflow/example_dags/example_external_task_marker_dag.py
[2023-06-27T09:28:27.913+0000] {logging_mixin.py:149} INFO - [2023-06-27T09:28:27.912+0000] {dag.py:2726} INFO - Sync 2 DAGs
[2023-06-27T09:28:27.942+0000] {logging_mixin.py:149} INFO - [2023-06-27T09:28:27.942+0000] {dag.py:3486} INFO - Setting next_dagrun for example_external_task_marker_child to None, run_after=None
[2023-06-27T09:28:27.947+0000] {logging_mixin.py:149} INFO - [2023-06-27T09:28:27.947+0000] {dag.py:3486} INFO - Setting next_dagrun for example_external_task_marker_parent to None, run_after=None
[2023-06-27T09:28:27.970+0000] {processor.py:179} INFO - Processing /home/airflow/.local/lib/python3.8/site-packages/airflow/example_dags/example_external_task_marker_dag.py took 0.111 seconds
[2023-06-27T09:28:58.094+0000] {processor.py:157} INFO - Started process (PID=470) to work on /home/airflow/.local/lib/python3.8/site-packages/airflow/example_dags/example_external_task_marker_dag.py
[2023-06-27T09:28:58.095+0000] {processor.py:826} INFO - Processing file /home/airflow/.local/lib/python3.8/site-packages/airflow/example_dags/example_external_task_marker_dag.py for tasks to queue
[2023-06-27T09:28:58.097+0000] {logging_mixin.py:149} INFO - [2023-06-27T09:28:58.097+0000] {dagbag.py:541} INFO - Filling up the DagBag from /home/airflow/.local/lib/python3.8/site-packages/airflow/example_dags/example_external_task_marker_dag.py
[2023-06-27T09:28:58.105+0000] {processor.py:836} INFO - DAG(s) dict_keys(['example_external_task_marker_child', 'example_external_task_marker_parent']) retrieved from /home/airflow/.local/lib/python3.8/site-packages/airflow/example_dags/example_external_task_marker_dag.py
[2023-06-27T09:28:58.142+0000] {logging_mixin.py:149} INFO - [2023-06-27T09:28:58.142+0000] {dag.py:2726} INFO - Sync 2 DAGs
[2023-06-27T09:28:58.170+0000] {logging_mixin.py:149} INFO - [2023-06-27T09:28:58.170+0000] {dag.py:3486} INFO - Setting next_dagrun for example_external_task_marker_child to None, run_after=None
[2023-06-27T09:28:58.174+0000] {logging_mixin.py:149} INFO - [2023-06-27T09:28:58.174+0000] {dag.py:3486} INFO - Setting next_dagrun for example_external_task_marker_parent to None, run_after=None
[2023-06-27T09:28:58.193+0000] {processor.py:179} INFO - Processing /home/airflow/.local/lib/python3.8/site-packages/airflow/example_dags/example_external_task_marker_dag.py took 0.104 seconds
[2023-06-27T09:29:28.764+0000] {processor.py:157} INFO - Started process (PID=538) to work on /home/airflow/.local/lib/python3.8/site-packages/airflow/example_dags/example_external_task_marker_dag.py
[2023-06-27T09:29:28.765+0000] {processor.py:826} INFO - Processing file /home/airflow/.local/lib/python3.8/site-packages/airflow/example_dags/example_external_task_marker_dag.py for tasks to queue
[2023-06-27T09:29:28.767+0000] {logging_mixin.py:149} INFO - [2023-06-27T09:29:28.767+0000] {dagbag.py:541} INFO - Filling up the DagBag from /home/airflow/.local/lib/python3.8/site-packages/airflow/example_dags/example_external_task_marker_dag.py
[2023-06-27T09:29:28.775+0000] {processor.py:836} INFO - DAG(s) dict_keys(['example_external_task_marker_child', 'example_external_task_marker_parent']) retrieved from /home/airflow/.local/lib/python3.8/site-packages/airflow/example_dags/example_external_task_marker_dag.py
[2023-06-27T09:29:28.817+0000] {logging_mixin.py:149} INFO - [2023-06-27T09:29:28.816+0000] {dag.py:2726} INFO - Sync 2 DAGs
[2023-06-27T09:29:28.846+0000] {logging_mixin.py:149} INFO - [2023-06-27T09:29:28.846+0000] {dag.py:3486} INFO - Setting next_dagrun for example_external_task_marker_child to None, run_after=None
[2023-06-27T09:29:28.850+0000] {logging_mixin.py:149} INFO - [2023-06-27T09:29:28.850+0000] {dag.py:3486} INFO - Setting next_dagrun for example_external_task_marker_parent to None, run_after=None
[2023-06-27T09:29:28.870+0000] {processor.py:179} INFO - Processing /home/airflow/.local/lib/python3.8/site-packages/airflow/example_dags/example_external_task_marker_dag.py took 0.111 seconds
[2023-06-27T09:29:59.451+0000] {processor.py:157} INFO - Started process (PID=614) to work on /home/airflow/.local/lib/python3.8/site-packages/airflow/example_dags/example_external_task_marker_dag.py
[2023-06-27T09:29:59.452+0000] {processor.py:826} INFO - Processing file /home/airflow/.local/lib/python3.8/site-packages/airflow/example_dags/example_external_task_marker_dag.py for tasks to queue
[2023-06-27T09:29:59.454+0000] {logging_mixin.py:149} INFO - [2023-06-27T09:29:59.454+0000] {dagbag.py:541} INFO - Filling up the DagBag from /home/airflow/.local/lib/python3.8/site-packages/airflow/example_dags/example_external_task_marker_dag.py
[2023-06-27T09:29:59.462+0000] {processor.py:836} INFO - DAG(s) dict_keys(['example_external_task_marker_parent', 'example_external_task_marker_child']) retrieved from /home/airflow/.local/lib/python3.8/site-packages/airflow/example_dags/example_external_task_marker_dag.py
[2023-06-27T09:29:59.498+0000] {logging_mixin.py:149} INFO - [2023-06-27T09:29:59.498+0000] {dag.py:2726} INFO - Sync 2 DAGs
[2023-06-27T09:29:59.527+0000] {logging_mixin.py:149} INFO - [2023-06-27T09:29:59.527+0000] {dag.py:3486} INFO - Setting next_dagrun for example_external_task_marker_child to None, run_after=None
[2023-06-27T09:29:59.533+0000] {logging_mixin.py:149} INFO - [2023-06-27T09:29:59.532+0000] {dag.py:3486} INFO - Setting next_dagrun for example_external_task_marker_parent to None, run_after=None
[2023-06-27T09:29:59.559+0000] {processor.py:179} INFO - Processing /home/airflow/.local/lib/python3.8/site-packages/airflow/example_dags/example_external_task_marker_dag.py took 0.113 seconds
[2023-06-27T09:30:30.089+0000] {processor.py:157} INFO - Started process (PID=685) to work on /home/airflow/.local/lib/python3.8/site-packages/airflow/example_dags/example_external_task_marker_dag.py
[2023-06-27T09:30:30.090+0000] {processor.py:826} INFO - Processing file /home/airflow/.local/lib/python3.8/site-packages/airflow/example_dags/example_external_task_marker_dag.py for tasks to queue
[2023-06-27T09:30:30.092+0000] {logging_mixin.py:149} INFO - [2023-06-27T09:30:30.092+0000] {dagbag.py:541} INFO - Filling up the DagBag from /home/airflow/.local/lib/python3.8/site-packages/airflow/example_dags/example_external_task_marker_dag.py
[2023-06-27T09:30:30.105+0000] {processor.py:836} INFO - DAG(s) dict_keys(['example_external_task_marker_parent', 'example_external_task_marker_child']) retrieved from /home/airflow/.local/lib/python3.8/site-packages/airflow/example_dags/example_external_task_marker_dag.py
[2023-06-27T09:30:30.140+0000] {logging_mixin.py:149} INFO - [2023-06-27T09:30:30.140+0000] {dag.py:2726} INFO - Sync 2 DAGs
[2023-06-27T09:30:30.170+0000] {logging_mixin.py:149} INFO - [2023-06-27T09:30:30.169+0000] {dag.py:3486} INFO - Setting next_dagrun for example_external_task_marker_child to None, run_after=None
[2023-06-27T09:30:30.174+0000] {logging_mixin.py:149} INFO - [2023-06-27T09:30:30.174+0000] {dag.py:3486} INFO - Setting next_dagrun for example_external_task_marker_parent to None, run_after=None
[2023-06-27T09:30:30.195+0000] {processor.py:179} INFO - Processing /home/airflow/.local/lib/python3.8/site-packages/airflow/example_dags/example_external_task_marker_dag.py took 0.110 seconds
[2023-06-27T09:31:00.946+0000] {processor.py:157} INFO - Started process (PID=763) to work on /home/airflow/.local/lib/python3.8/site-packages/airflow/example_dags/example_external_task_marker_dag.py
[2023-06-27T09:31:00.948+0000] {processor.py:826} INFO - Processing file /home/airflow/.local/lib/python3.8/site-packages/airflow/example_dags/example_external_task_marker_dag.py for tasks to queue
[2023-06-27T09:31:00.950+0000] {logging_mixin.py:149} INFO - [2023-06-27T09:31:00.950+0000] {dagbag.py:541} INFO - Filling up the DagBag from /home/airflow/.local/lib/python3.8/site-packages/airflow/example_dags/example_external_task_marker_dag.py
[2023-06-27T09:31:00.958+0000] {processor.py:836} INFO - DAG(s) dict_keys(['example_external_task_marker_child', 'example_external_task_marker_parent']) retrieved from /home/airflow/.local/lib/python3.8/site-packages/airflow/example_dags/example_external_task_marker_dag.py
[2023-06-27T09:31:00.997+0000] {logging_mixin.py:149} INFO - [2023-06-27T09:31:00.997+0000] {dag.py:2726} INFO - Sync 2 DAGs
[2023-06-27T09:31:01.027+0000] {logging_mixin.py:149} INFO - [2023-06-27T09:31:01.027+0000] {dag.py:3486} INFO - Setting next_dagrun for example_external_task_marker_child to None, run_after=None
[2023-06-27T09:31:01.031+0000] {logging_mixin.py:149} INFO - [2023-06-27T09:31:01.031+0000] {dag.py:3486} INFO - Setting next_dagrun for example_external_task_marker_parent to None, run_after=None
[2023-06-27T09:31:01.057+0000] {processor.py:179} INFO - Processing /home/airflow/.local/lib/python3.8/site-packages/airflow/example_dags/example_external_task_marker_dag.py took 0.115 seconds
[2023-06-27T09:31:31.654+0000] {processor.py:157} INFO - Started process (PID=829) to work on /home/airflow/.local/lib/python3.8/site-packages/airflow/example_dags/example_external_task_marker_dag.py
[2023-06-27T09:31:31.658+0000] {processor.py:826} INFO - Processing file /home/airflow/.local/lib/python3.8/site-packages/airflow/example_dags/example_external_task_marker_dag.py for tasks to queue
[2023-06-27T09:31:31.660+0000] {logging_mixin.py:149} INFO - [2023-06-27T09:31:31.660+0000] {dagbag.py:541} INFO - Filling up the DagBag from /home/airflow/.local/lib/python3.8/site-packages/airflow/example_dags/example_external_task_marker_dag.py
[2023-06-27T09:31:31.668+0000] {processor.py:836} INFO - DAG(s) dict_keys(['example_external_task_marker_child', 'example_external_task_marker_parent']) retrieved from /home/airflow/.local/lib/python3.8/site-packages/airflow/example_dags/example_external_task_marker_dag.py
[2023-06-27T09:31:31.729+0000] {logging_mixin.py:149} INFO - [2023-06-27T09:31:31.729+0000] {dag.py:2726} INFO - Sync 2 DAGs
[2023-06-27T09:31:31.781+0000] {logging_mixin.py:149} INFO - [2023-06-27T09:31:31.780+0000] {dag.py:3486} INFO - Setting next_dagrun for example_external_task_marker_child to None, run_after=None
[2023-06-27T09:31:31.787+0000] {logging_mixin.py:149} INFO - [2023-06-27T09:31:31.787+0000] {dag.py:3486} INFO - Setting next_dagrun for example_external_task_marker_parent to None, run_after=None
[2023-06-27T09:31:31.857+0000] {processor.py:179} INFO - Processing /home/airflow/.local/lib/python3.8/site-packages/airflow/example_dags/example_external_task_marker_dag.py took 0.223 seconds
[2023-06-27T09:32:02.019+0000] {processor.py:157} INFO - Started process (PID=896) to work on /home/airflow/.local/lib/python3.8/site-packages/airflow/example_dags/example_external_task_marker_dag.py
[2023-06-27T09:32:02.020+0000] {processor.py:826} INFO - Processing file /home/airflow/.local/lib/python3.8/site-packages/airflow/example_dags/example_external_task_marker_dag.py for tasks to queue
[2023-06-27T09:32:02.022+0000] {logging_mixin.py:149} INFO - [2023-06-27T09:32:02.022+0000] {dagbag.py:541} INFO - Filling up the DagBag from /home/airflow/.local/lib/python3.8/site-packages/airflow/example_dags/example_external_task_marker_dag.py
[2023-06-27T09:32:02.030+0000] {processor.py:836} INFO - DAG(s) dict_keys(['example_external_task_marker_parent', 'example_external_task_marker_child']) retrieved from /home/airflow/.local/lib/python3.8/site-packages/airflow/example_dags/example_external_task_marker_dag.py
[2023-06-27T09:32:02.065+0000] {logging_mixin.py:149} INFO - [2023-06-27T09:32:02.065+0000] {dag.py:2726} INFO - Sync 2 DAGs
[2023-06-27T09:32:02.095+0000] {logging_mixin.py:149} INFO - [2023-06-27T09:32:02.094+0000] {dag.py:3486} INFO - Setting next_dagrun for example_external_task_marker_child to None, run_after=None
[2023-06-27T09:32:02.100+0000] {logging_mixin.py:149} INFO - [2023-06-27T09:32:02.099+0000] {dag.py:3486} INFO - Setting next_dagrun for example_external_task_marker_parent to None, run_after=None
[2023-06-27T09:32:02.121+0000] {processor.py:179} INFO - Processing /home/airflow/.local/lib/python3.8/site-packages/airflow/example_dags/example_external_task_marker_dag.py took 0.106 seconds
[2023-06-27T09:32:32.260+0000] {processor.py:157} INFO - Started process (PID=970) to work on /home/airflow/.local/lib/python3.8/site-packages/airflow/example_dags/example_external_task_marker_dag.py
[2023-06-27T09:32:32.263+0000] {processor.py:826} INFO - Processing file /home/airflow/.local/lib/python3.8/site-packages/airflow/example_dags/example_external_task_marker_dag.py for tasks to queue
[2023-06-27T09:32:32.265+0000] {logging_mixin.py:149} INFO - [2023-06-27T09:32:32.264+0000] {dagbag.py:541} INFO - Filling up the DagBag from /home/airflow/.local/lib/python3.8/site-packages/airflow/example_dags/example_external_task_marker_dag.py
[2023-06-27T09:32:32.313+0000] {processor.py:836} INFO - DAG(s) dict_keys(['example_external_task_marker_parent', 'example_external_task_marker_child']) retrieved from /home/airflow/.local/lib/python3.8/site-packages/airflow/example_dags/example_external_task_marker_dag.py
[2023-06-27T09:32:32.421+0000] {logging_mixin.py:149} INFO - [2023-06-27T09:32:32.420+0000] {dag.py:2726} INFO - Sync 2 DAGs
[2023-06-27T09:32:32.473+0000] {logging_mixin.py:149} INFO - [2023-06-27T09:32:32.473+0000] {dag.py:3486} INFO - Setting next_dagrun for example_external_task_marker_child to None, run_after=None
[2023-06-27T09:32:32.480+0000] {logging_mixin.py:149} INFO - [2023-06-27T09:32:32.480+0000] {dag.py:3486} INFO - Setting next_dagrun for example_external_task_marker_parent to None, run_after=None
[2023-06-27T09:32:32.523+0000] {processor.py:179} INFO - Processing /home/airflow/.local/lib/python3.8/site-packages/airflow/example_dags/example_external_task_marker_dag.py took 0.277 seconds
[2023-06-27T09:33:02.929+0000] {processor.py:157} INFO - Started process (PID=1039) to work on /home/airflow/.local/lib/python3.8/site-packages/airflow/example_dags/example_external_task_marker_dag.py
[2023-06-27T09:33:02.930+0000] {processor.py:826} INFO - Processing file /home/airflow/.local/lib/python3.8/site-packages/airflow/example_dags/example_external_task_marker_dag.py for tasks to queue
[2023-06-27T09:33:02.968+0000] {logging_mixin.py:149} INFO - [2023-06-27T09:33:02.968+0000] {dagbag.py:541} INFO - Filling up the DagBag from /home/airflow/.local/lib/python3.8/site-packages/airflow/example_dags/example_external_task_marker_dag.py
[2023-06-27T09:33:03.004+0000] {processor.py:836} INFO - DAG(s) dict_keys(['example_external_task_marker_child', 'example_external_task_marker_parent']) retrieved from /home/airflow/.local/lib/python3.8/site-packages/airflow/example_dags/example_external_task_marker_dag.py
[2023-06-27T09:33:03.203+0000] {logging_mixin.py:149} INFO - [2023-06-27T09:33:03.202+0000] {dag.py:2726} INFO - Sync 2 DAGs
[2023-06-27T09:33:03.320+0000] {logging_mixin.py:149} INFO - [2023-06-27T09:33:03.320+0000] {dag.py:3486} INFO - Setting next_dagrun for example_external_task_marker_child to None, run_after=None
[2023-06-27T09:33:03.332+0000] {logging_mixin.py:149} INFO - [2023-06-27T09:33:03.331+0000] {dag.py:3486} INFO - Setting next_dagrun for example_external_task_marker_parent to None, run_after=None
[2023-06-27T09:33:03.406+0000] {processor.py:179} INFO - Processing /home/airflow/.local/lib/python3.8/site-packages/airflow/example_dags/example_external_task_marker_dag.py took 0.500 seconds
[2023-06-27T09:33:33.767+0000] {processor.py:157} INFO - Started process (PID=1098) to work on /home/airflow/.local/lib/python3.8/site-packages/airflow/example_dags/example_external_task_marker_dag.py
[2023-06-27T09:33:33.769+0000] {processor.py:826} INFO - Processing file /home/airflow/.local/lib/python3.8/site-packages/airflow/example_dags/example_external_task_marker_dag.py for tasks to queue
[2023-06-27T09:33:33.771+0000] {logging_mixin.py:149} INFO - [2023-06-27T09:33:33.771+0000] {dagbag.py:541} INFO - Filling up the DagBag from /home/airflow/.local/lib/python3.8/site-packages/airflow/example_dags/example_external_task_marker_dag.py
[2023-06-27T09:33:33.782+0000] {processor.py:836} INFO - DAG(s) dict_keys(['example_external_task_marker_child', 'example_external_task_marker_parent']) retrieved from /home/airflow/.local/lib/python3.8/site-packages/airflow/example_dags/example_external_task_marker_dag.py
[2023-06-27T09:33:33.828+0000] {logging_mixin.py:149} INFO - [2023-06-27T09:33:33.827+0000] {dag.py:2726} INFO - Sync 2 DAGs
[2023-06-27T09:33:33.861+0000] {logging_mixin.py:149} INFO - [2023-06-27T09:33:33.861+0000] {dag.py:3486} INFO - Setting next_dagrun for example_external_task_marker_child to None, run_after=None
[2023-06-27T09:33:33.867+0000] {logging_mixin.py:149} INFO - [2023-06-27T09:33:33.867+0000] {dag.py:3486} INFO - Setting next_dagrun for example_external_task_marker_parent to None, run_after=None
[2023-06-27T09:33:33.894+0000] {processor.py:179} INFO - Processing /home/airflow/.local/lib/python3.8/site-packages/airflow/example_dags/example_external_task_marker_dag.py took 0.132 seconds
[2023-06-27T09:34:04.218+0000] {processor.py:157} INFO - Started process (PID=1165) to work on /home/airflow/.local/lib/python3.8/site-packages/airflow/example_dags/example_external_task_marker_dag.py
[2023-06-27T09:34:04.219+0000] {processor.py:826} INFO - Processing file /home/airflow/.local/lib/python3.8/site-packages/airflow/example_dags/example_external_task_marker_dag.py for tasks to queue
[2023-06-27T09:34:04.221+0000] {logging_mixin.py:149} INFO - [2023-06-27T09:34:04.221+0000] {dagbag.py:541} INFO - Filling up the DagBag from /home/airflow/.local/lib/python3.8/site-packages/airflow/example_dags/example_external_task_marker_dag.py
[2023-06-27T09:34:04.247+0000] {processor.py:836} INFO - DAG(s) dict_keys(['example_external_task_marker_child', 'example_external_task_marker_parent']) retrieved from /home/airflow/.local/lib/python3.8/site-packages/airflow/example_dags/example_external_task_marker_dag.py
[2023-06-27T09:34:04.319+0000] {logging_mixin.py:149} INFO - [2023-06-27T09:34:04.319+0000] {dag.py:2726} INFO - Sync 2 DAGs
[2023-06-27T09:34:04.419+0000] {logging_mixin.py:149} INFO - [2023-06-27T09:34:04.419+0000] {dag.py:3486} INFO - Setting next_dagrun for example_external_task_marker_child to None, run_after=None
[2023-06-27T09:34:04.435+0000] {logging_mixin.py:149} INFO - [2023-06-27T09:34:04.435+0000] {dag.py:3486} INFO - Setting next_dagrun for example_external_task_marker_parent to None, run_after=None
[2023-06-27T09:34:04.501+0000] {processor.py:179} INFO - Processing /home/airflow/.local/lib/python3.8/site-packages/airflow/example_dags/example_external_task_marker_dag.py took 0.303 seconds
[2023-06-27T09:34:34.776+0000] {processor.py:157} INFO - Started process (PID=1232) to work on /home/airflow/.local/lib/python3.8/site-packages/airflow/example_dags/example_external_task_marker_dag.py
[2023-06-27T09:34:34.787+0000] {processor.py:826} INFO - Processing file /home/airflow/.local/lib/python3.8/site-packages/airflow/example_dags/example_external_task_marker_dag.py for tasks to queue
[2023-06-27T09:34:34.789+0000] {logging_mixin.py:149} INFO - [2023-06-27T09:34:34.788+0000] {dagbag.py:541} INFO - Filling up the DagBag from /home/airflow/.local/lib/python3.8/site-packages/airflow/example_dags/example_external_task_marker_dag.py
[2023-06-27T09:34:34.843+0000] {processor.py:836} INFO - DAG(s) dict_keys(['example_external_task_marker_child', 'example_external_task_marker_parent']) retrieved from /home/airflow/.local/lib/python3.8/site-packages/airflow/example_dags/example_external_task_marker_dag.py
[2023-06-27T09:34:34.947+0000] {logging_mixin.py:149} INFO - [2023-06-27T09:34:34.946+0000] {dag.py:2726} INFO - Sync 2 DAGs
[2023-06-27T09:34:35.031+0000] {logging_mixin.py:149} INFO - [2023-06-27T09:34:35.031+0000] {dag.py:3486} INFO - Setting next_dagrun for example_external_task_marker_child to None, run_after=None
[2023-06-27T09:34:35.047+0000] {logging_mixin.py:149} INFO - [2023-06-27T09:34:35.047+0000] {dag.py:3486} INFO - Setting next_dagrun for example_external_task_marker_parent to None, run_after=None
[2023-06-27T09:34:35.102+0000] {processor.py:179} INFO - Processing /home/airflow/.local/lib/python3.8/site-packages/airflow/example_dags/example_external_task_marker_dag.py took 0.343 seconds
