[2023-06-27T00:00:17.591+0000] {processor.py:157} INFO - Started process (PID=408) to work on /home/airflow/.local/lib/python3.8/site-packages/airflow/example_dags/example_subdag_operator.py
[2023-06-27T00:00:17.592+0000] {processor.py:826} INFO - Processing file /home/airflow/.local/lib/python3.8/site-packages/airflow/example_dags/example_subdag_operator.py for tasks to queue
[2023-06-27T00:00:17.593+0000] {logging_mixin.py:149} INFO - [2023-06-27T00:00:17.592+0000] {dagbag.py:541} INFO - Filling up the DagBag from /home/airflow/.local/lib/python3.8/site-packages/airflow/example_dags/example_subdag_operator.py
[2023-06-27T00:00:18.567+0000] {processor.py:836} INFO - DAG(s) dict_keys(['example_subdag_operator.section-1', 'example_subdag_operator.section-2', 'example_subdag_operator']) retrieved from /home/airflow/.local/lib/python3.8/site-packages/airflow/example_dags/example_subdag_operator.py
[2023-06-27T00:00:19.403+0000] {logging_mixin.py:149} INFO - [2023-06-27T00:00:19.402+0000] {dag.py:2726} INFO - Sync 3 DAGs
[2023-06-27T00:00:20.318+0000] {logging_mixin.py:149} INFO - [2023-06-27T00:00:20.318+0000] {dag.py:3486} INFO - Setting next_dagrun for example_subdag_operator to 2022-01-01T00:00:00+00:00, run_after=2022-01-01T00:00:00+00:00
[2023-06-27T00:00:20.430+0000] {logging_mixin.py:149} INFO - [2023-06-27T00:00:20.430+0000] {dag.py:3486} INFO - Setting next_dagrun for example_subdag_operator.section-1 to None, run_after=None
[2023-06-27T00:00:20.454+0000] {logging_mixin.py:149} INFO - [2023-06-27T00:00:20.454+0000] {dag.py:3486} INFO - Setting next_dagrun for example_subdag_operator.section-2 to None, run_after=None
[2023-06-27T00:00:20.755+0000] {logging_mixin.py:149} INFO - [2023-06-27T00:00:20.754+0000] {dag.py:2726} INFO - Sync 2 DAGs
[2023-06-27T00:00:20.999+0000] {logging_mixin.py:149} INFO - [2023-06-27T00:00:20.990+0000] {dag.py:3486} INFO - Setting next_dagrun for example_subdag_operator.section-1 to None, run_after=None
[2023-06-27T00:00:20.999+0000] {logging_mixin.py:149} INFO - [2023-06-27T00:00:20.999+0000] {dag.py:3486} INFO - Setting next_dagrun for example_subdag_operator.section-2 to None, run_after=None
[2023-06-27T00:00:21.617+0000] {processor.py:179} INFO - Processing /home/airflow/.local/lib/python3.8/site-packages/airflow/example_dags/example_subdag_operator.py took 4.229 seconds
[2023-06-27T00:01:02.387+0000] {processor.py:157} INFO - Started process (PID=482) to work on /home/airflow/.local/lib/python3.8/site-packages/airflow/example_dags/example_subdag_operator.py
[2023-06-27T00:01:02.508+0000] {processor.py:826} INFO - Processing file /home/airflow/.local/lib/python3.8/site-packages/airflow/example_dags/example_subdag_operator.py for tasks to queue
[2023-06-27T00:01:02.587+0000] {logging_mixin.py:149} INFO - [2023-06-27T00:01:02.587+0000] {dagbag.py:541} INFO - Filling up the DagBag from /home/airflow/.local/lib/python3.8/site-packages/airflow/example_dags/example_subdag_operator.py
[2023-06-27T00:01:04.195+0000] {processor.py:836} INFO - DAG(s) dict_keys(['example_subdag_operator.section-1', 'example_subdag_operator.section-2', 'example_subdag_operator']) retrieved from /home/airflow/.local/lib/python3.8/site-packages/airflow/example_dags/example_subdag_operator.py
[2023-06-27T00:01:06.279+0000] {logging_mixin.py:149} INFO - [2023-06-27T00:01:06.279+0000] {dag.py:2726} INFO - Sync 3 DAGs
[2023-06-27T00:01:07.514+0000] {logging_mixin.py:149} INFO - [2023-06-27T00:01:07.513+0000] {dag.py:3486} INFO - Setting next_dagrun for example_subdag_operator to 2022-01-01T00:00:00+00:00, run_after=2022-01-01T00:00:00+00:00
[2023-06-27T00:01:08.110+0000] {logging_mixin.py:149} INFO - [2023-06-27T00:01:08.110+0000] {dag.py:3486} INFO - Setting next_dagrun for example_subdag_operator.section-1 to None, run_after=None
[2023-06-27T00:01:08.112+0000] {logging_mixin.py:149} INFO - [2023-06-27T00:01:08.111+0000] {dag.py:3486} INFO - Setting next_dagrun for example_subdag_operator.section-2 to None, run_after=None
[2023-06-27T00:01:08.871+0000] {logging_mixin.py:149} INFO - [2023-06-27T00:01:08.871+0000] {dag.py:2726} INFO - Sync 2 DAGs
[2023-06-27T00:01:09.232+0000] {logging_mixin.py:149} INFO - [2023-06-27T00:01:09.232+0000] {dag.py:3486} INFO - Setting next_dagrun for example_subdag_operator.section-1 to None, run_after=None
[2023-06-27T00:01:09.233+0000] {logging_mixin.py:149} INFO - [2023-06-27T00:01:09.233+0000] {dag.py:3486} INFO - Setting next_dagrun for example_subdag_operator.section-2 to None, run_after=None
[2023-06-27T00:01:10.424+0000] {processor.py:179} INFO - Processing /home/airflow/.local/lib/python3.8/site-packages/airflow/example_dags/example_subdag_operator.py took 8.457 seconds
[2023-06-27T00:05:17.879+0000] {processor.py:157} INFO - Started process (PID=613) to work on /home/airflow/.local/lib/python3.8/site-packages/airflow/example_dags/example_subdag_operator.py
[2023-06-27T00:05:17.962+0000] {processor.py:826} INFO - Processing file /home/airflow/.local/lib/python3.8/site-packages/airflow/example_dags/example_subdag_operator.py for tasks to queue
[2023-06-27T00:05:17.963+0000] {logging_mixin.py:149} INFO - [2023-06-27T00:05:17.962+0000] {dagbag.py:541} INFO - Filling up the DagBag from /home/airflow/.local/lib/python3.8/site-packages/airflow/example_dags/example_subdag_operator.py
[2023-06-27T00:05:18.956+0000] {processor.py:836} INFO - DAG(s) dict_keys(['example_subdag_operator.section-1', 'example_subdag_operator.section-2', 'example_subdag_operator']) retrieved from /home/airflow/.local/lib/python3.8/site-packages/airflow/example_dags/example_subdag_operator.py
[2023-06-27T00:05:19.834+0000] {logging_mixin.py:149} INFO - [2023-06-27T00:05:19.834+0000] {dag.py:2726} INFO - Sync 3 DAGs
[2023-06-27T00:05:20.906+0000] {logging_mixin.py:149} INFO - [2023-06-27T00:05:20.905+0000] {dag.py:3486} INFO - Setting next_dagrun for example_subdag_operator to 2022-01-01T00:00:00+00:00, run_after=2022-01-01T00:00:00+00:00
[2023-06-27T00:05:21.035+0000] {logging_mixin.py:149} INFO - [2023-06-27T00:05:21.034+0000] {dag.py:3486} INFO - Setting next_dagrun for example_subdag_operator.section-1 to None, run_after=None
[2023-06-27T00:05:21.177+0000] {logging_mixin.py:149} INFO - [2023-06-27T00:05:21.177+0000] {dag.py:3486} INFO - Setting next_dagrun for example_subdag_operator.section-2 to None, run_after=None
[2023-06-27T00:05:21.559+0000] {logging_mixin.py:149} INFO - [2023-06-27T00:05:21.558+0000] {dag.py:2726} INFO - Sync 2 DAGs
[2023-06-27T00:05:21.795+0000] {logging_mixin.py:149} INFO - [2023-06-27T00:05:21.795+0000] {dag.py:3486} INFO - Setting next_dagrun for example_subdag_operator.section-1 to None, run_after=None
[2023-06-27T00:05:21.795+0000] {logging_mixin.py:149} INFO - [2023-06-27T00:05:21.795+0000] {dag.py:3486} INFO - Setting next_dagrun for example_subdag_operator.section-2 to None, run_after=None
[2023-06-27T00:05:22.449+0000] {processor.py:179} INFO - Processing /home/airflow/.local/lib/python3.8/site-packages/airflow/example_dags/example_subdag_operator.py took 4.704 seconds
[2023-06-27T01:01:24.886+0000] {processor.py:157} INFO - Started process (PID=50) to work on /home/airflow/.local/lib/python3.8/site-packages/airflow/example_dags/example_subdag_operator.py
[2023-06-27T01:01:24.917+0000] {processor.py:826} INFO - Processing file /home/airflow/.local/lib/python3.8/site-packages/airflow/example_dags/example_subdag_operator.py for tasks to queue
[2023-06-27T01:01:24.918+0000] {logging_mixin.py:149} INFO - [2023-06-27T01:01:24.918+0000] {dagbag.py:541} INFO - Filling up the DagBag from /home/airflow/.local/lib/python3.8/site-packages/airflow/example_dags/example_subdag_operator.py
[2023-06-27T01:01:25.218+0000] {processor.py:836} INFO - DAG(s) dict_keys(['example_subdag_operator.section-1', 'example_subdag_operator.section-2', 'example_subdag_operator']) retrieved from /home/airflow/.local/lib/python3.8/site-packages/airflow/example_dags/example_subdag_operator.py
[2023-06-27T01:01:25.580+0000] {logging_mixin.py:149} INFO - [2023-06-27T01:01:25.580+0000] {dag.py:2726} INFO - Sync 3 DAGs
[2023-06-27T01:01:25.959+0000] {logging_mixin.py:149} INFO - [2023-06-27T01:01:25.959+0000] {dag.py:3486} INFO - Setting next_dagrun for example_subdag_operator to 2022-01-01T00:00:00+00:00, run_after=2022-01-01T00:00:00+00:00
[2023-06-27T01:01:26.000+0000] {logging_mixin.py:149} INFO - [2023-06-27T01:01:26.000+0000] {dag.py:3486} INFO - Setting next_dagrun for example_subdag_operator.section-1 to None, run_after=None
[2023-06-27T01:01:26.039+0000] {logging_mixin.py:149} INFO - [2023-06-27T01:01:26.039+0000] {dag.py:3486} INFO - Setting next_dagrun for example_subdag_operator.section-2 to None, run_after=None
[2023-06-27T01:01:26.142+0000] {logging_mixin.py:149} INFO - [2023-06-27T01:01:26.142+0000] {dag.py:2726} INFO - Sync 2 DAGs
[2023-06-27T01:01:26.280+0000] {logging_mixin.py:149} INFO - [2023-06-27T01:01:26.243+0000] {dag.py:3486} INFO - Setting next_dagrun for example_subdag_operator.section-1 to None, run_after=None
[2023-06-27T01:01:26.281+0000] {logging_mixin.py:149} INFO - [2023-06-27T01:01:26.280+0000] {dag.py:3486} INFO - Setting next_dagrun for example_subdag_operator.section-2 to None, run_after=None
[2023-06-27T01:01:26.502+0000] {processor.py:179} INFO - Processing /home/airflow/.local/lib/python3.8/site-packages/airflow/example_dags/example_subdag_operator.py took 1.669 seconds
[2023-06-27T01:07:27.638+0000] {processor.py:157} INFO - Started process (PID=241) to work on /home/airflow/.local/lib/python3.8/site-packages/airflow/example_dags/example_subdag_operator.py
[2023-06-27T01:07:29.791+0000] {processor.py:826} INFO - Processing file /home/airflow/.local/lib/python3.8/site-packages/airflow/example_dags/example_subdag_operator.py for tasks to queue
[2023-06-27T01:07:31.698+0000] {logging_mixin.py:149} INFO - [2023-06-27T01:07:31.698+0000] {dagbag.py:541} INFO - Filling up the DagBag from /home/airflow/.local/lib/python3.8/site-packages/airflow/example_dags/example_subdag_operator.py
[2023-06-27T01:07:41.245+0000] {processor.py:836} INFO - DAG(s) dict_keys(['example_subdag_operator.section-1', 'example_subdag_operator.section-2', 'example_subdag_operator']) retrieved from /home/airflow/.local/lib/python3.8/site-packages/airflow/example_dags/example_subdag_operator.py
[2023-06-27T01:07:51.476+0000] {logging_mixin.py:149} INFO - [2023-06-27T01:07:51.476+0000] {dag.py:2726} INFO - Sync 3 DAGs
[2023-06-27T01:08:07.631+0000] {logging_mixin.py:149} INFO - [2023-06-27T01:08:07.631+0000] {dag.py:3486} INFO - Setting next_dagrun for example_subdag_operator to 2022-01-01T00:00:00+00:00, run_after=2022-01-01T00:00:00+00:00
[2023-06-27T01:08:10.093+0000] {logging_mixin.py:149} INFO - [2023-06-27T01:08:10.092+0000] {dag.py:3486} INFO - Setting next_dagrun for example_subdag_operator.section-1 to None, run_after=None
[2023-06-27T01:08:10.233+0000] {logging_mixin.py:149} INFO - [2023-06-27T01:08:10.232+0000] {dag.py:3486} INFO - Setting next_dagrun for example_subdag_operator.section-2 to None, run_after=None
[2023-06-27T01:37:37.272+0000] {processor.py:157} INFO - Started process (PID=59) to work on /home/airflow/.local/lib/python3.8/site-packages/airflow/example_dags/example_subdag_operator.py
[2023-06-27T01:37:37.283+0000] {processor.py:826} INFO - Processing file /home/airflow/.local/lib/python3.8/site-packages/airflow/example_dags/example_subdag_operator.py for tasks to queue
[2023-06-27T01:37:37.284+0000] {logging_mixin.py:149} INFO - [2023-06-27T01:37:37.284+0000] {dagbag.py:541} INFO - Filling up the DagBag from /home/airflow/.local/lib/python3.8/site-packages/airflow/example_dags/example_subdag_operator.py
[2023-06-27T01:37:37.344+0000] {processor.py:836} INFO - DAG(s) dict_keys(['example_subdag_operator.section-1', 'example_subdag_operator.section-2', 'example_subdag_operator']) retrieved from /home/airflow/.local/lib/python3.8/site-packages/airflow/example_dags/example_subdag_operator.py
[2023-06-27T01:37:37.584+0000] {logging_mixin.py:149} INFO - [2023-06-27T01:37:37.583+0000] {dag.py:2726} INFO - Sync 3 DAGs
[2023-06-27T01:37:37.638+0000] {logging_mixin.py:149} INFO - [2023-06-27T01:37:37.638+0000] {dag.py:3486} INFO - Setting next_dagrun for example_subdag_operator to 2022-01-01T00:00:00+00:00, run_after=2022-01-01T00:00:00+00:00
[2023-06-27T01:37:37.644+0000] {logging_mixin.py:149} INFO - [2023-06-27T01:37:37.644+0000] {dag.py:3486} INFO - Setting next_dagrun for example_subdag_operator.section-1 to None, run_after=None
[2023-06-27T01:37:37.650+0000] {logging_mixin.py:149} INFO - [2023-06-27T01:37:37.650+0000] {dag.py:3486} INFO - Setting next_dagrun for example_subdag_operator.section-2 to None, run_after=None
[2023-06-27T01:37:37.674+0000] {logging_mixin.py:149} INFO - [2023-06-27T01:37:37.674+0000] {dag.py:2726} INFO - Sync 2 DAGs
[2023-06-27T01:37:37.686+0000] {logging_mixin.py:149} INFO - [2023-06-27T01:37:37.685+0000] {dag.py:3486} INFO - Setting next_dagrun for example_subdag_operator.section-1 to None, run_after=None
[2023-06-27T01:37:37.686+0000] {logging_mixin.py:149} INFO - [2023-06-27T01:37:37.686+0000] {dag.py:3486} INFO - Setting next_dagrun for example_subdag_operator.section-2 to None, run_after=None
[2023-06-27T01:37:37.718+0000] {processor.py:179} INFO - Processing /home/airflow/.local/lib/python3.8/site-packages/airflow/example_dags/example_subdag_operator.py took 0.459 seconds
[2023-06-27T01:38:50.525+0000] {processor.py:157} INFO - Started process (PID=141) to work on /home/airflow/.local/lib/python3.8/site-packages/airflow/example_dags/example_subdag_operator.py
[2023-06-27T01:38:50.765+0000] {processor.py:826} INFO - Processing file /home/airflow/.local/lib/python3.8/site-packages/airflow/example_dags/example_subdag_operator.py for tasks to queue
[2023-06-27T01:38:51.026+0000] {logging_mixin.py:149} INFO - [2023-06-27T01:38:51.026+0000] {dagbag.py:541} INFO - Filling up the DagBag from /home/airflow/.local/lib/python3.8/site-packages/airflow/example_dags/example_subdag_operator.py
[2023-06-27T01:38:53.450+0000] {processor.py:836} INFO - DAG(s) dict_keys(['example_subdag_operator.section-1', 'example_subdag_operator.section-2', 'example_subdag_operator']) retrieved from /home/airflow/.local/lib/python3.8/site-packages/airflow/example_dags/example_subdag_operator.py
[2023-06-27T01:38:55.175+0000] {logging_mixin.py:149} INFO - [2023-06-27T01:38:55.174+0000] {dag.py:2726} INFO - Sync 3 DAGs
[2023-06-27T01:38:57.687+0000] {logging_mixin.py:149} INFO - [2023-06-27T01:38:57.687+0000] {dag.py:3486} INFO - Setting next_dagrun for example_subdag_operator to 2022-01-01T00:00:00+00:00, run_after=2022-01-01T00:00:00+00:00
[2023-06-27T01:38:58.050+0000] {logging_mixin.py:149} INFO - [2023-06-27T01:38:58.049+0000] {dag.py:3486} INFO - Setting next_dagrun for example_subdag_operator.section-1 to None, run_after=None
[2023-06-27T01:38:58.068+0000] {logging_mixin.py:149} INFO - [2023-06-27T01:38:58.068+0000] {dag.py:3486} INFO - Setting next_dagrun for example_subdag_operator.section-2 to None, run_after=None
[2023-06-27T01:38:58.951+0000] {logging_mixin.py:149} INFO - [2023-06-27T01:38:58.951+0000] {dag.py:2726} INFO - Sync 2 DAGs
[2023-06-27T01:38:59.034+0000] {logging_mixin.py:149} INFO - [2023-06-27T01:38:59.033+0000] {dag.py:3486} INFO - Setting next_dagrun for example_subdag_operator.section-1 to None, run_after=None
[2023-06-27T01:38:59.034+0000] {logging_mixin.py:149} INFO - [2023-06-27T01:38:59.034+0000] {dag.py:3486} INFO - Setting next_dagrun for example_subdag_operator.section-2 to None, run_after=None
[2023-06-27T01:39:00.561+0000] {processor.py:179} INFO - Processing /home/airflow/.local/lib/python3.8/site-packages/airflow/example_dags/example_subdag_operator.py took 10.298 seconds
[2023-06-27T01:40:28.759+0000] {processor.py:157} INFO - Started process (PID=211) to work on /home/airflow/.local/lib/python3.8/site-packages/airflow/example_dags/example_subdag_operator.py
[2023-06-27T01:40:28.818+0000] {processor.py:826} INFO - Processing file /home/airflow/.local/lib/python3.8/site-packages/airflow/example_dags/example_subdag_operator.py for tasks to queue
[2023-06-27T01:40:28.820+0000] {logging_mixin.py:149} INFO - [2023-06-27T01:40:28.820+0000] {dagbag.py:541} INFO - Filling up the DagBag from /home/airflow/.local/lib/python3.8/site-packages/airflow/example_dags/example_subdag_operator.py
[2023-06-27T01:40:29.524+0000] {processor.py:836} INFO - DAG(s) dict_keys(['example_subdag_operator.section-1', 'example_subdag_operator.section-2', 'example_subdag_operator']) retrieved from /home/airflow/.local/lib/python3.8/site-packages/airflow/example_dags/example_subdag_operator.py
[2023-06-27T01:40:29.970+0000] {logging_mixin.py:149} INFO - [2023-06-27T01:40:29.970+0000] {dag.py:2726} INFO - Sync 3 DAGs
[2023-06-27T01:40:30.390+0000] {logging_mixin.py:149} INFO - [2023-06-27T01:40:30.390+0000] {dag.py:3486} INFO - Setting next_dagrun for example_subdag_operator to 2022-01-01T00:00:00+00:00, run_after=2022-01-01T00:00:00+00:00
[2023-06-27T01:40:30.450+0000] {logging_mixin.py:149} INFO - [2023-06-27T01:40:30.450+0000] {dag.py:3486} INFO - Setting next_dagrun for example_subdag_operator.section-1 to None, run_after=None
[2023-06-27T01:40:30.500+0000] {logging_mixin.py:149} INFO - [2023-06-27T01:40:30.499+0000] {dag.py:3486} INFO - Setting next_dagrun for example_subdag_operator.section-2 to None, run_after=None
[2023-06-27T01:40:30.647+0000] {logging_mixin.py:149} INFO - [2023-06-27T01:40:30.646+0000] {dag.py:2726} INFO - Sync 2 DAGs
[2023-06-27T01:40:30.774+0000] {logging_mixin.py:149} INFO - [2023-06-27T01:40:30.774+0000] {dag.py:3486} INFO - Setting next_dagrun for example_subdag_operator.section-1 to None, run_after=None
[2023-06-27T01:40:30.774+0000] {logging_mixin.py:149} INFO - [2023-06-27T01:40:30.774+0000] {dag.py:3486} INFO - Setting next_dagrun for example_subdag_operator.section-2 to None, run_after=None
[2023-06-27T01:40:31.172+0000] {processor.py:179} INFO - Processing /home/airflow/.local/lib/python3.8/site-packages/airflow/example_dags/example_subdag_operator.py took 2.505 seconds
[2023-06-27T01:45:22.316+0000] {processor.py:157} INFO - Started process (PID=368) to work on /home/airflow/.local/lib/python3.8/site-packages/airflow/example_dags/example_subdag_operator.py
[2023-06-27T01:45:22.399+0000] {processor.py:826} INFO - Processing file /home/airflow/.local/lib/python3.8/site-packages/airflow/example_dags/example_subdag_operator.py for tasks to queue
[2023-06-27T01:45:22.461+0000] {logging_mixin.py:149} INFO - [2023-06-27T01:45:22.401+0000] {dagbag.py:541} INFO - Filling up the DagBag from /home/airflow/.local/lib/python3.8/site-packages/airflow/example_dags/example_subdag_operator.py
[2023-06-27T01:45:23.590+0000] {processor.py:836} INFO - DAG(s) dict_keys(['example_subdag_operator.section-1', 'example_subdag_operator.section-2', 'example_subdag_operator']) retrieved from /home/airflow/.local/lib/python3.8/site-packages/airflow/example_dags/example_subdag_operator.py
[2023-06-27T01:45:24.466+0000] {logging_mixin.py:149} INFO - [2023-06-27T01:45:24.466+0000] {dag.py:2726} INFO - Sync 3 DAGs
[2023-06-27T01:45:25.557+0000] {logging_mixin.py:149} INFO - [2023-06-27T01:45:25.515+0000] {dag.py:3486} INFO - Setting next_dagrun for example_subdag_operator to 2022-01-01T00:00:00+00:00, run_after=2022-01-01T00:00:00+00:00
[2023-06-27T01:45:25.662+0000] {logging_mixin.py:149} INFO - [2023-06-27T01:45:25.662+0000] {dag.py:3486} INFO - Setting next_dagrun for example_subdag_operator.section-1 to None, run_after=None
[2023-06-27T01:45:25.738+0000] {logging_mixin.py:149} INFO - [2023-06-27T01:45:25.738+0000] {dag.py:3486} INFO - Setting next_dagrun for example_subdag_operator.section-2 to None, run_after=None
[2023-06-27T01:45:26.073+0000] {logging_mixin.py:149} INFO - [2023-06-27T01:45:26.073+0000] {dag.py:2726} INFO - Sync 2 DAGs
[2023-06-27T01:45:26.407+0000] {logging_mixin.py:149} INFO - [2023-06-27T01:45:26.407+0000] {dag.py:3486} INFO - Setting next_dagrun for example_subdag_operator.section-1 to None, run_after=None
[2023-06-27T01:45:26.408+0000] {logging_mixin.py:149} INFO - [2023-06-27T01:45:26.407+0000] {dag.py:3486} INFO - Setting next_dagrun for example_subdag_operator.section-2 to None, run_after=None
[2023-06-27T01:45:27.089+0000] {processor.py:179} INFO - Processing /home/airflow/.local/lib/python3.8/site-packages/airflow/example_dags/example_subdag_operator.py took 4.955 seconds
[2023-06-27T02:16:49.894+0000] {processor.py:157} INFO - Started process (PID=56) to work on /home/airflow/.local/lib/python3.8/site-packages/airflow/example_dags/example_subdag_operator.py
[2023-06-27T02:16:49.969+0000] {processor.py:826} INFO - Processing file /home/airflow/.local/lib/python3.8/site-packages/airflow/example_dags/example_subdag_operator.py for tasks to queue
[2023-06-27T02:16:49.970+0000] {logging_mixin.py:149} INFO - [2023-06-27T02:16:49.970+0000] {dagbag.py:541} INFO - Filling up the DagBag from /home/airflow/.local/lib/python3.8/site-packages/airflow/example_dags/example_subdag_operator.py
[2023-06-27T02:16:51.094+0000] {processor.py:836} INFO - DAG(s) dict_keys(['example_subdag_operator.section-1', 'example_subdag_operator.section-2', 'example_subdag_operator']) retrieved from /home/airflow/.local/lib/python3.8/site-packages/airflow/example_dags/example_subdag_operator.py
[2023-06-27T02:16:54.182+0000] {logging_mixin.py:149} INFO - [2023-06-27T02:16:54.182+0000] {dag.py:2726} INFO - Sync 3 DAGs
[2023-06-27T02:16:56.830+0000] {logging_mixin.py:149} INFO - [2023-06-27T02:16:56.829+0000] {dag.py:3486} INFO - Setting next_dagrun for example_subdag_operator to 2022-01-01T00:00:00+00:00, run_after=2022-01-01T00:00:00+00:00
[2023-06-27T02:16:57.252+0000] {logging_mixin.py:149} INFO - [2023-06-27T02:16:57.252+0000] {dag.py:3486} INFO - Setting next_dagrun for example_subdag_operator.section-1 to None, run_after=None
[2023-06-27T02:16:57.253+0000] {logging_mixin.py:149} INFO - [2023-06-27T02:16:57.253+0000] {dag.py:3486} INFO - Setting next_dagrun for example_subdag_operator.section-2 to None, run_after=None
[2023-06-27T02:16:58.152+0000] {logging_mixin.py:149} INFO - [2023-06-27T02:16:58.152+0000] {dag.py:2726} INFO - Sync 2 DAGs
[2023-06-27T02:16:58.761+0000] {logging_mixin.py:149} INFO - [2023-06-27T02:16:58.761+0000] {dag.py:3486} INFO - Setting next_dagrun for example_subdag_operator.section-1 to None, run_after=None
[2023-06-27T02:16:58.762+0000] {logging_mixin.py:149} INFO - [2023-06-27T02:16:58.761+0000] {dag.py:3486} INFO - Setting next_dagrun for example_subdag_operator.section-2 to None, run_after=None
[2023-06-27T02:17:00.061+0000] {processor.py:179} INFO - Processing /home/airflow/.local/lib/python3.8/site-packages/airflow/example_dags/example_subdag_operator.py took 10.507 seconds
[2023-06-27T02:24:02.939+0000] {processor.py:157} INFO - Started process (PID=280) to work on /home/airflow/.local/lib/python3.8/site-packages/airflow/example_dags/example_subdag_operator.py
[2023-06-27T02:24:02.981+0000] {processor.py:826} INFO - Processing file /home/airflow/.local/lib/python3.8/site-packages/airflow/example_dags/example_subdag_operator.py for tasks to queue
[2023-06-27T02:24:04.063+0000] {logging_mixin.py:149} INFO - [2023-06-27T02:24:04.063+0000] {dagbag.py:541} INFO - Filling up the DagBag from /home/airflow/.local/lib/python3.8/site-packages/airflow/example_dags/example_subdag_operator.py
[2023-06-27T02:24:11.955+0000] {processor.py:836} INFO - DAG(s) dict_keys(['example_subdag_operator.section-1', 'example_subdag_operator.section-2', 'example_subdag_operator']) retrieved from /home/airflow/.local/lib/python3.8/site-packages/airflow/example_dags/example_subdag_operator.py
[2023-06-27T02:24:20.022+0000] {logging_mixin.py:149} INFO - [2023-06-27T02:24:20.022+0000] {dag.py:2726} INFO - Sync 3 DAGs
[2023-06-27T02:24:30.261+0000] {logging_mixin.py:149} INFO - [2023-06-27T02:24:30.261+0000] {dag.py:3486} INFO - Setting next_dagrun for example_subdag_operator to 2022-01-01T00:00:00+00:00, run_after=2022-01-01T00:00:00+00:00
[2023-06-27T02:24:33.524+0000] {logging_mixin.py:149} INFO - [2023-06-27T02:24:33.524+0000] {dag.py:3486} INFO - Setting next_dagrun for example_subdag_operator.section-1 to None, run_after=None
[2023-06-27T02:24:33.586+0000] {logging_mixin.py:149} INFO - [2023-06-27T02:24:33.586+0000] {dag.py:3486} INFO - Setting next_dagrun for example_subdag_operator.section-2 to None, run_after=None
[2023-06-27T02:24:36.911+0000] {logging_mixin.py:149} INFO - [2023-06-27T02:24:36.911+0000] {dag.py:2726} INFO - Sync 2 DAGs
[2023-06-27T02:24:39.162+0000] {logging_mixin.py:149} INFO - [2023-06-27T02:24:39.162+0000] {dag.py:3486} INFO - Setting next_dagrun for example_subdag_operator.section-1 to None, run_after=None
[2023-06-27T02:24:39.162+0000] {logging_mixin.py:149} INFO - [2023-06-27T02:24:39.162+0000] {dag.py:3486} INFO - Setting next_dagrun for example_subdag_operator.section-2 to None, run_after=None
[2023-06-27T02:24:45.289+0000] {processor.py:179} INFO - Processing /home/airflow/.local/lib/python3.8/site-packages/airflow/example_dags/example_subdag_operator.py took 44.659 seconds
[2023-06-27T06:15:36.004+0000] {processor.py:157} INFO - Started process (PID=305) to work on /home/airflow/.local/lib/python3.8/site-packages/airflow/example_dags/example_subdag_operator.py
[2023-06-27T06:15:36.083+0000] {processor.py:826} INFO - Processing file /home/airflow/.local/lib/python3.8/site-packages/airflow/example_dags/example_subdag_operator.py for tasks to queue
[2023-06-27T06:15:36.094+0000] {logging_mixin.py:149} INFO - [2023-06-27T06:15:36.094+0000] {dagbag.py:541} INFO - Filling up the DagBag from /home/airflow/.local/lib/python3.8/site-packages/airflow/example_dags/example_subdag_operator.py
[2023-06-27T06:15:36.699+0000] {processor.py:836} INFO - DAG(s) dict_keys(['example_subdag_operator.section-1', 'example_subdag_operator.section-2', 'example_subdag_operator']) retrieved from /home/airflow/.local/lib/python3.8/site-packages/airflow/example_dags/example_subdag_operator.py
[2023-06-27T06:15:37.190+0000] {logging_mixin.py:149} INFO - [2023-06-27T06:15:37.189+0000] {dag.py:2726} INFO - Sync 3 DAGs
[2023-06-27T06:15:37.608+0000] {logging_mixin.py:149} INFO - [2023-06-27T06:15:37.607+0000] {dag.py:3486} INFO - Setting next_dagrun for example_subdag_operator to 2022-01-01T00:00:00+00:00, run_after=2022-01-01T00:00:00+00:00
[2023-06-27T06:15:37.727+0000] {logging_mixin.py:149} INFO - [2023-06-27T06:15:37.727+0000] {dag.py:3486} INFO - Setting next_dagrun for example_subdag_operator.section-1 to None, run_after=None
[2023-06-27T06:15:37.798+0000] {logging_mixin.py:149} INFO - [2023-06-27T06:15:37.798+0000] {dag.py:3486} INFO - Setting next_dagrun for example_subdag_operator.section-2 to None, run_after=None
[2023-06-27T06:15:37.975+0000] {logging_mixin.py:149} INFO - [2023-06-27T06:15:37.974+0000] {dag.py:2726} INFO - Sync 2 DAGs
[2023-06-27T06:15:38.106+0000] {logging_mixin.py:149} INFO - [2023-06-27T06:15:38.106+0000] {dag.py:3486} INFO - Setting next_dagrun for example_subdag_operator.section-1 to None, run_after=None
[2023-06-27T06:15:38.106+0000] {logging_mixin.py:149} INFO - [2023-06-27T06:15:38.106+0000] {dag.py:3486} INFO - Setting next_dagrun for example_subdag_operator.section-2 to None, run_after=None
[2023-06-27T06:15:38.470+0000] {processor.py:179} INFO - Processing /home/airflow/.local/lib/python3.8/site-packages/airflow/example_dags/example_subdag_operator.py took 2.523 seconds
[2023-06-27T08:56:15.378+0000] {processor.py:157} INFO - Started process (PID=505) to work on /home/airflow/.local/lib/python3.8/site-packages/airflow/example_dags/example_subdag_operator.py
[2023-06-27T08:56:15.737+0000] {processor.py:826} INFO - Processing file /home/airflow/.local/lib/python3.8/site-packages/airflow/example_dags/example_subdag_operator.py for tasks to queue
[2023-06-27T08:56:15.738+0000] {logging_mixin.py:149} INFO - [2023-06-27T08:56:15.738+0000] {dagbag.py:541} INFO - Filling up the DagBag from /home/airflow/.local/lib/python3.8/site-packages/airflow/example_dags/example_subdag_operator.py
[2023-06-27T08:56:15.955+0000] {processor.py:836} INFO - DAG(s) dict_keys(['example_subdag_operator.section-1', 'example_subdag_operator.section-2', 'example_subdag_operator']) retrieved from /home/airflow/.local/lib/python3.8/site-packages/airflow/example_dags/example_subdag_operator.py
[2023-06-27T08:56:16.142+0000] {logging_mixin.py:149} INFO - [2023-06-27T08:56:16.141+0000] {dag.py:2726} INFO - Sync 3 DAGs
[2023-06-27T08:56:16.414+0000] {logging_mixin.py:149} INFO - [2023-06-27T08:56:16.414+0000] {dag.py:3486} INFO - Setting next_dagrun for example_subdag_operator to 2022-01-01T00:00:00+00:00, run_after=2022-01-01T00:00:00+00:00
[2023-06-27T08:56:16.474+0000] {logging_mixin.py:149} INFO - [2023-06-27T08:56:16.474+0000] {dag.py:3486} INFO - Setting next_dagrun for example_subdag_operator.section-1 to None, run_after=None
[2023-06-27T08:56:16.498+0000] {logging_mixin.py:149} INFO - [2023-06-27T08:56:16.498+0000] {dag.py:3486} INFO - Setting next_dagrun for example_subdag_operator.section-2 to None, run_after=None
[2023-06-27T08:56:16.587+0000] {logging_mixin.py:149} INFO - [2023-06-27T08:56:16.586+0000] {dag.py:2726} INFO - Sync 2 DAGs
[2023-06-27T08:56:16.661+0000] {logging_mixin.py:149} INFO - [2023-06-27T08:56:16.660+0000] {dag.py:3486} INFO - Setting next_dagrun for example_subdag_operator.section-1 to None, run_after=None
[2023-06-27T08:56:16.673+0000] {logging_mixin.py:149} INFO - [2023-06-27T08:56:16.673+0000] {dag.py:3486} INFO - Setting next_dagrun for example_subdag_operator.section-2 to None, run_after=None
[2023-06-27T08:56:16.793+0000] {processor.py:179} INFO - Processing /home/airflow/.local/lib/python3.8/site-packages/airflow/example_dags/example_subdag_operator.py took 1.448 seconds
[2023-06-27T08:56:45.163+0000] {processor.py:157} INFO - Started process (PID=557) to work on /home/airflow/.local/lib/python3.8/site-packages/airflow/example_dags/example_subdag_operator.py
[2023-06-27T08:56:45.164+0000] {processor.py:826} INFO - Processing file /home/airflow/.local/lib/python3.8/site-packages/airflow/example_dags/example_subdag_operator.py for tasks to queue
[2023-06-27T08:56:45.165+0000] {logging_mixin.py:149} INFO - [2023-06-27T08:56:45.165+0000] {dagbag.py:541} INFO - Filling up the DagBag from /home/airflow/.local/lib/python3.8/site-packages/airflow/example_dags/example_subdag_operator.py
[2023-06-27T08:56:45.199+0000] {processor.py:836} INFO - DAG(s) dict_keys(['example_subdag_operator.section-1', 'example_subdag_operator.section-2', 'example_subdag_operator']) retrieved from /home/airflow/.local/lib/python3.8/site-packages/airflow/example_dags/example_subdag_operator.py
[2023-06-27T08:56:45.224+0000] {logging_mixin.py:149} INFO - [2023-06-27T08:56:45.224+0000] {dag.py:2726} INFO - Sync 3 DAGs
[2023-06-27T08:56:45.255+0000] {logging_mixin.py:149} INFO - [2023-06-27T08:56:45.255+0000] {dag.py:3486} INFO - Setting next_dagrun for example_subdag_operator to 2022-01-01T00:00:00+00:00, run_after=2022-01-01T00:00:00+00:00
[2023-06-27T08:56:45.259+0000] {logging_mixin.py:149} INFO - [2023-06-27T08:56:45.259+0000] {dag.py:3486} INFO - Setting next_dagrun for example_subdag_operator.section-1 to None, run_after=None
[2023-06-27T08:56:45.260+0000] {logging_mixin.py:149} INFO - [2023-06-27T08:56:45.260+0000] {dag.py:3486} INFO - Setting next_dagrun for example_subdag_operator.section-2 to None, run_after=None
[2023-06-27T08:56:45.269+0000] {logging_mixin.py:149} INFO - [2023-06-27T08:56:45.268+0000] {dag.py:2726} INFO - Sync 2 DAGs
[2023-06-27T08:56:45.275+0000] {logging_mixin.py:149} INFO - [2023-06-27T08:56:45.275+0000] {dag.py:3486} INFO - Setting next_dagrun for example_subdag_operator.section-1 to None, run_after=None
[2023-06-27T08:56:45.275+0000] {logging_mixin.py:149} INFO - [2023-06-27T08:56:45.275+0000] {dag.py:3486} INFO - Setting next_dagrun for example_subdag_operator.section-2 to None, run_after=None
[2023-06-27T08:56:45.349+0000] {processor.py:179} INFO - Processing /home/airflow/.local/lib/python3.8/site-packages/airflow/example_dags/example_subdag_operator.py took 0.191 seconds
[2023-06-27T08:59:28.852+0000] {processor.py:157} INFO - Started process (PID=686) to work on /home/airflow/.local/lib/python3.8/site-packages/airflow/example_dags/example_subdag_operator.py
[2023-06-27T08:59:29.011+0000] {processor.py:826} INFO - Processing file /home/airflow/.local/lib/python3.8/site-packages/airflow/example_dags/example_subdag_operator.py for tasks to queue
[2023-06-27T08:59:29.033+0000] {logging_mixin.py:149} INFO - [2023-06-27T08:59:29.013+0000] {dagbag.py:541} INFO - Filling up the DagBag from /home/airflow/.local/lib/python3.8/site-packages/airflow/example_dags/example_subdag_operator.py
[2023-06-27T08:59:33.359+0000] {processor.py:836} INFO - DAG(s) dict_keys(['example_subdag_operator.section-1', 'example_subdag_operator.section-2', 'example_subdag_operator']) retrieved from /home/airflow/.local/lib/python3.8/site-packages/airflow/example_dags/example_subdag_operator.py
[2023-06-27T08:59:36.751+0000] {logging_mixin.py:149} INFO - [2023-06-27T08:59:36.751+0000] {dag.py:2726} INFO - Sync 3 DAGs
[2023-06-27T08:59:41.127+0000] {logging_mixin.py:149} INFO - [2023-06-27T08:59:41.127+0000] {dag.py:3486} INFO - Setting next_dagrun for example_subdag_operator to 2022-01-01T00:00:00+00:00, run_after=2022-01-01T00:00:00+00:00
[2023-06-27T08:59:42.581+0000] {logging_mixin.py:149} INFO - [2023-06-27T08:59:42.581+0000] {dag.py:3486} INFO - Setting next_dagrun for example_subdag_operator.section-1 to None, run_after=None
[2023-06-27T08:59:42.583+0000] {logging_mixin.py:149} INFO - [2023-06-27T08:59:42.583+0000] {dag.py:3486} INFO - Setting next_dagrun for example_subdag_operator.section-2 to None, run_after=None
[2023-06-27T08:59:43.123+0000] {logging_mixin.py:149} INFO - [2023-06-27T08:59:43.123+0000] {dag.py:2726} INFO - Sync 2 DAGs
[2023-06-27T08:59:43.780+0000] {logging_mixin.py:149} INFO - [2023-06-27T08:59:43.566+0000] {dag.py:3486} INFO - Setting next_dagrun for example_subdag_operator.section-1 to None, run_after=None
[2023-06-27T08:59:43.780+0000] {logging_mixin.py:149} INFO - [2023-06-27T08:59:43.780+0000] {dag.py:3486} INFO - Setting next_dagrun for example_subdag_operator.section-2 to None, run_after=None
[2023-06-27T08:59:45.238+0000] {processor.py:179} INFO - Processing /home/airflow/.local/lib/python3.8/site-packages/airflow/example_dags/example_subdag_operator.py took 18.058 seconds
[2023-06-27T09:03:22.379+0000] {processor.py:157} INFO - Started process (PID=824) to work on /home/airflow/.local/lib/python3.8/site-packages/airflow/example_dags/example_subdag_operator.py
[2023-06-27T09:03:22.682+0000] {processor.py:826} INFO - Processing file /home/airflow/.local/lib/python3.8/site-packages/airflow/example_dags/example_subdag_operator.py for tasks to queue
[2023-06-27T09:03:22.683+0000] {logging_mixin.py:149} INFO - [2023-06-27T09:03:22.683+0000] {dagbag.py:541} INFO - Filling up the DagBag from /home/airflow/.local/lib/python3.8/site-packages/airflow/example_dags/example_subdag_operator.py
[2023-06-27T09:03:29.100+0000] {processor.py:836} INFO - DAG(s) dict_keys(['example_subdag_operator.section-1', 'example_subdag_operator.section-2', 'example_subdag_operator']) retrieved from /home/airflow/.local/lib/python3.8/site-packages/airflow/example_dags/example_subdag_operator.py
[2023-06-27T09:03:34.185+0000] {logging_mixin.py:149} INFO - [2023-06-27T09:03:34.185+0000] {dag.py:2726} INFO - Sync 3 DAGs
[2023-06-27T09:03:39.349+0000] {logging_mixin.py:149} INFO - [2023-06-27T09:03:39.329+0000] {dag.py:3486} INFO - Setting next_dagrun for example_subdag_operator to 2022-01-01T00:00:00+00:00, run_after=2022-01-01T00:00:00+00:00
[2023-06-27T09:03:40.287+0000] {logging_mixin.py:149} INFO - [2023-06-27T09:03:40.286+0000] {dag.py:3486} INFO - Setting next_dagrun for example_subdag_operator.section-1 to None, run_after=None
[2023-06-27T09:03:40.327+0000] {logging_mixin.py:149} INFO - [2023-06-27T09:03:40.327+0000] {dag.py:3486} INFO - Setting next_dagrun for example_subdag_operator.section-2 to None, run_after=None
[2023-06-27T09:03:43.086+0000] {logging_mixin.py:149} INFO - [2023-06-27T09:03:43.085+0000] {dag.py:2726} INFO - Sync 2 DAGs
[2023-06-27T09:03:44.670+0000] {logging_mixin.py:149} INFO - [2023-06-27T09:03:44.670+0000] {dag.py:3486} INFO - Setting next_dagrun for example_subdag_operator.section-1 to None, run_after=None
[2023-06-27T09:03:44.670+0000] {logging_mixin.py:149} INFO - [2023-06-27T09:03:44.670+0000] {dag.py:3486} INFO - Setting next_dagrun for example_subdag_operator.section-2 to None, run_after=None
[2023-06-27T09:03:46.474+0000] {processor.py:179} INFO - Processing /home/airflow/.local/lib/python3.8/site-packages/airflow/example_dags/example_subdag_operator.py took 24.936 seconds
[2023-06-27T09:20:41.795+0000] {processor.py:157} INFO - Started process (PID=58) to work on /home/airflow/.local/lib/python3.8/site-packages/airflow/example_dags/example_subdag_operator.py
[2023-06-27T09:20:41.811+0000] {processor.py:826} INFO - Processing file /home/airflow/.local/lib/python3.8/site-packages/airflow/example_dags/example_subdag_operator.py for tasks to queue
[2023-06-27T09:20:41.812+0000] {logging_mixin.py:149} INFO - [2023-06-27T09:20:41.811+0000] {dagbag.py:541} INFO - Filling up the DagBag from /home/airflow/.local/lib/python3.8/site-packages/airflow/example_dags/example_subdag_operator.py
[2023-06-27T09:20:42.025+0000] {processor.py:836} INFO - DAG(s) dict_keys(['example_subdag_operator.section-1', 'example_subdag_operator.section-2', 'example_subdag_operator']) retrieved from /home/airflow/.local/lib/python3.8/site-packages/airflow/example_dags/example_subdag_operator.py
[2023-06-27T09:20:42.191+0000] {logging_mixin.py:149} INFO - [2023-06-27T09:20:42.191+0000] {dag.py:2726} INFO - Sync 3 DAGs
[2023-06-27T09:20:42.311+0000] {logging_mixin.py:149} INFO - [2023-06-27T09:20:42.311+0000] {dag.py:3486} INFO - Setting next_dagrun for example_subdag_operator to 2022-01-01T00:00:00+00:00, run_after=2022-01-01T00:00:00+00:00
[2023-06-27T09:20:42.354+0000] {logging_mixin.py:149} INFO - [2023-06-27T09:20:42.354+0000] {dag.py:3486} INFO - Setting next_dagrun for example_subdag_operator.section-1 to None, run_after=None
[2023-06-27T09:20:42.363+0000] {logging_mixin.py:149} INFO - [2023-06-27T09:20:42.363+0000] {dag.py:3486} INFO - Setting next_dagrun for example_subdag_operator.section-2 to None, run_after=None
[2023-06-27T09:20:42.409+0000] {logging_mixin.py:149} INFO - [2023-06-27T09:20:42.408+0000] {dag.py:2726} INFO - Sync 2 DAGs
[2023-06-27T09:20:42.463+0000] {logging_mixin.py:149} INFO - [2023-06-27T09:20:42.463+0000] {dag.py:3486} INFO - Setting next_dagrun for example_subdag_operator.section-1 to None, run_after=None
[2023-06-27T09:20:42.463+0000] {logging_mixin.py:149} INFO - [2023-06-27T09:20:42.463+0000] {dag.py:3486} INFO - Setting next_dagrun for example_subdag_operator.section-2 to None, run_after=None
[2023-06-27T09:20:42.519+0000] {processor.py:179} INFO - Processing /home/airflow/.local/lib/python3.8/site-packages/airflow/example_dags/example_subdag_operator.py took 0.751 seconds
[2023-06-27T09:21:12.775+0000] {processor.py:157} INFO - Started process (PID=125) to work on /home/airflow/.local/lib/python3.8/site-packages/airflow/example_dags/example_subdag_operator.py
[2023-06-27T09:21:12.776+0000] {processor.py:826} INFO - Processing file /home/airflow/.local/lib/python3.8/site-packages/airflow/example_dags/example_subdag_operator.py for tasks to queue
[2023-06-27T09:21:12.778+0000] {logging_mixin.py:149} INFO - [2023-06-27T09:21:12.778+0000] {dagbag.py:541} INFO - Filling up the DagBag from /home/airflow/.local/lib/python3.8/site-packages/airflow/example_dags/example_subdag_operator.py
[2023-06-27T09:21:12.969+0000] {processor.py:836} INFO - DAG(s) dict_keys(['example_subdag_operator.section-1', 'example_subdag_operator.section-2', 'example_subdag_operator']) retrieved from /home/airflow/.local/lib/python3.8/site-packages/airflow/example_dags/example_subdag_operator.py
[2023-06-27T09:21:13.127+0000] {logging_mixin.py:149} INFO - [2023-06-27T09:21:13.126+0000] {dag.py:2726} INFO - Sync 3 DAGs
[2023-06-27T09:21:13.269+0000] {logging_mixin.py:149} INFO - [2023-06-27T09:21:13.269+0000] {dag.py:3486} INFO - Setting next_dagrun for example_subdag_operator to 2022-01-01T00:00:00+00:00, run_after=2022-01-01T00:00:00+00:00
[2023-06-27T09:21:13.280+0000] {logging_mixin.py:149} INFO - [2023-06-27T09:21:13.279+0000] {dag.py:3486} INFO - Setting next_dagrun for example_subdag_operator.section-1 to None, run_after=None
[2023-06-27T09:21:13.281+0000] {logging_mixin.py:149} INFO - [2023-06-27T09:21:13.281+0000] {dag.py:3486} INFO - Setting next_dagrun for example_subdag_operator.section-2 to None, run_after=None
[2023-06-27T09:21:13.299+0000] {logging_mixin.py:149} INFO - [2023-06-27T09:21:13.298+0000] {dag.py:2726} INFO - Sync 2 DAGs
[2023-06-27T09:21:13.316+0000] {logging_mixin.py:149} INFO - [2023-06-27T09:21:13.315+0000] {dag.py:3486} INFO - Setting next_dagrun for example_subdag_operator.section-1 to None, run_after=None
[2023-06-27T09:21:13.316+0000] {logging_mixin.py:149} INFO - [2023-06-27T09:21:13.316+0000] {dag.py:3486} INFO - Setting next_dagrun for example_subdag_operator.section-2 to None, run_after=None
[2023-06-27T09:21:13.341+0000] {processor.py:179} INFO - Processing /home/airflow/.local/lib/python3.8/site-packages/airflow/example_dags/example_subdag_operator.py took 0.603 seconds
[2023-06-27T09:21:44.103+0000] {processor.py:157} INFO - Started process (PID=184) to work on /home/airflow/.local/lib/python3.8/site-packages/airflow/example_dags/example_subdag_operator.py
[2023-06-27T09:21:44.111+0000] {processor.py:826} INFO - Processing file /home/airflow/.local/lib/python3.8/site-packages/airflow/example_dags/example_subdag_operator.py for tasks to queue
[2023-06-27T09:21:44.113+0000] {logging_mixin.py:149} INFO - [2023-06-27T09:21:44.112+0000] {dagbag.py:541} INFO - Filling up the DagBag from /home/airflow/.local/lib/python3.8/site-packages/airflow/example_dags/example_subdag_operator.py
[2023-06-27T09:21:44.169+0000] {processor.py:836} INFO - DAG(s) dict_keys(['example_subdag_operator.section-1', 'example_subdag_operator.section-2', 'example_subdag_operator']) retrieved from /home/airflow/.local/lib/python3.8/site-packages/airflow/example_dags/example_subdag_operator.py
[2023-06-27T09:21:44.219+0000] {logging_mixin.py:149} INFO - [2023-06-27T09:21:44.219+0000] {dag.py:2726} INFO - Sync 3 DAGs
[2023-06-27T09:21:44.279+0000] {logging_mixin.py:149} INFO - [2023-06-27T09:21:44.279+0000] {dag.py:3486} INFO - Setting next_dagrun for example_subdag_operator to 2022-01-01T00:00:00+00:00, run_after=2022-01-01T00:00:00+00:00
[2023-06-27T09:21:44.289+0000] {logging_mixin.py:149} INFO - [2023-06-27T09:21:44.289+0000] {dag.py:3486} INFO - Setting next_dagrun for example_subdag_operator.section-1 to None, run_after=None
[2023-06-27T09:21:44.293+0000] {logging_mixin.py:149} INFO - [2023-06-27T09:21:44.293+0000] {dag.py:3486} INFO - Setting next_dagrun for example_subdag_operator.section-2 to None, run_after=None
[2023-06-27T09:21:44.309+0000] {logging_mixin.py:149} INFO - [2023-06-27T09:21:44.309+0000] {dag.py:2726} INFO - Sync 2 DAGs
[2023-06-27T09:21:44.327+0000] {logging_mixin.py:149} INFO - [2023-06-27T09:21:44.327+0000] {dag.py:3486} INFO - Setting next_dagrun for example_subdag_operator.section-1 to None, run_after=None
[2023-06-27T09:21:44.327+0000] {logging_mixin.py:149} INFO - [2023-06-27T09:21:44.327+0000] {dag.py:3486} INFO - Setting next_dagrun for example_subdag_operator.section-2 to None, run_after=None
[2023-06-27T09:21:44.355+0000] {processor.py:179} INFO - Processing /home/airflow/.local/lib/python3.8/site-packages/airflow/example_dags/example_subdag_operator.py took 0.267 seconds
[2023-06-27T09:22:14.865+0000] {processor.py:157} INFO - Started process (PID=251) to work on /home/airflow/.local/lib/python3.8/site-packages/airflow/example_dags/example_subdag_operator.py
[2023-06-27T09:22:14.866+0000] {processor.py:826} INFO - Processing file /home/airflow/.local/lib/python3.8/site-packages/airflow/example_dags/example_subdag_operator.py for tasks to queue
[2023-06-27T09:22:14.876+0000] {logging_mixin.py:149} INFO - [2023-06-27T09:22:14.876+0000] {dagbag.py:541} INFO - Filling up the DagBag from /home/airflow/.local/lib/python3.8/site-packages/airflow/example_dags/example_subdag_operator.py
[2023-06-27T09:22:14.938+0000] {processor.py:836} INFO - DAG(s) dict_keys(['example_subdag_operator.section-1', 'example_subdag_operator.section-2', 'example_subdag_operator']) retrieved from /home/airflow/.local/lib/python3.8/site-packages/airflow/example_dags/example_subdag_operator.py
[2023-06-27T09:22:14.991+0000] {logging_mixin.py:149} INFO - [2023-06-27T09:22:14.991+0000] {dag.py:2726} INFO - Sync 3 DAGs
[2023-06-27T09:22:15.039+0000] {logging_mixin.py:149} INFO - [2023-06-27T09:22:15.039+0000] {dag.py:3486} INFO - Setting next_dagrun for example_subdag_operator to 2022-01-01T00:00:00+00:00, run_after=2022-01-01T00:00:00+00:00
[2023-06-27T09:22:15.047+0000] {logging_mixin.py:149} INFO - [2023-06-27T09:22:15.047+0000] {dag.py:3486} INFO - Setting next_dagrun for example_subdag_operator.section-1 to None, run_after=None
[2023-06-27T09:22:15.052+0000] {logging_mixin.py:149} INFO - [2023-06-27T09:22:15.052+0000] {dag.py:3486} INFO - Setting next_dagrun for example_subdag_operator.section-2 to None, run_after=None
[2023-06-27T09:22:15.083+0000] {logging_mixin.py:149} INFO - [2023-06-27T09:22:15.083+0000] {dag.py:2726} INFO - Sync 2 DAGs
[2023-06-27T09:22:15.103+0000] {logging_mixin.py:149} INFO - [2023-06-27T09:22:15.102+0000] {dag.py:3486} INFO - Setting next_dagrun for example_subdag_operator.section-1 to None, run_after=None
[2023-06-27T09:22:15.103+0000] {logging_mixin.py:149} INFO - [2023-06-27T09:22:15.103+0000] {dag.py:3486} INFO - Setting next_dagrun for example_subdag_operator.section-2 to None, run_after=None
[2023-06-27T09:22:15.139+0000] {processor.py:179} INFO - Processing /home/airflow/.local/lib/python3.8/site-packages/airflow/example_dags/example_subdag_operator.py took 0.285 seconds
[2023-06-27T09:22:45.701+0000] {processor.py:157} INFO - Started process (PID=319) to work on /home/airflow/.local/lib/python3.8/site-packages/airflow/example_dags/example_subdag_operator.py
[2023-06-27T09:22:45.707+0000] {processor.py:826} INFO - Processing file /home/airflow/.local/lib/python3.8/site-packages/airflow/example_dags/example_subdag_operator.py for tasks to queue
[2023-06-27T09:22:45.709+0000] {logging_mixin.py:149} INFO - [2023-06-27T09:22:45.709+0000] {dagbag.py:541} INFO - Filling up the DagBag from /home/airflow/.local/lib/python3.8/site-packages/airflow/example_dags/example_subdag_operator.py
[2023-06-27T09:22:45.777+0000] {processor.py:836} INFO - DAG(s) dict_keys(['example_subdag_operator.section-1', 'example_subdag_operator.section-2', 'example_subdag_operator']) retrieved from /home/airflow/.local/lib/python3.8/site-packages/airflow/example_dags/example_subdag_operator.py
[2023-06-27T09:22:45.825+0000] {logging_mixin.py:149} INFO - [2023-06-27T09:22:45.825+0000] {dag.py:2726} INFO - Sync 3 DAGs
[2023-06-27T09:22:45.882+0000] {logging_mixin.py:149} INFO - [2023-06-27T09:22:45.882+0000] {dag.py:3486} INFO - Setting next_dagrun for example_subdag_operator to 2022-01-01T00:00:00+00:00, run_after=2022-01-01T00:00:00+00:00
[2023-06-27T09:22:45.891+0000] {logging_mixin.py:149} INFO - [2023-06-27T09:22:45.891+0000] {dag.py:3486} INFO - Setting next_dagrun for example_subdag_operator.section-1 to None, run_after=None
[2023-06-27T09:22:45.895+0000] {logging_mixin.py:149} INFO - [2023-06-27T09:22:45.895+0000] {dag.py:3486} INFO - Setting next_dagrun for example_subdag_operator.section-2 to None, run_after=None
[2023-06-27T09:22:45.912+0000] {logging_mixin.py:149} INFO - [2023-06-27T09:22:45.910+0000] {dag.py:2726} INFO - Sync 2 DAGs
[2023-06-27T09:22:45.929+0000] {logging_mixin.py:149} INFO - [2023-06-27T09:22:45.929+0000] {dag.py:3486} INFO - Setting next_dagrun for example_subdag_operator.section-1 to None, run_after=None
[2023-06-27T09:22:45.929+0000] {logging_mixin.py:149} INFO - [2023-06-27T09:22:45.929+0000] {dag.py:3486} INFO - Setting next_dagrun for example_subdag_operator.section-2 to None, run_after=None
[2023-06-27T09:22:45.952+0000] {processor.py:179} INFO - Processing /home/airflow/.local/lib/python3.8/site-packages/airflow/example_dags/example_subdag_operator.py took 0.260 seconds
[2023-06-27T09:23:16.032+0000] {processor.py:157} INFO - Started process (PID=386) to work on /home/airflow/.local/lib/python3.8/site-packages/airflow/example_dags/example_subdag_operator.py
[2023-06-27T09:23:16.033+0000] {processor.py:826} INFO - Processing file /home/airflow/.local/lib/python3.8/site-packages/airflow/example_dags/example_subdag_operator.py for tasks to queue
[2023-06-27T09:23:16.047+0000] {logging_mixin.py:149} INFO - [2023-06-27T09:23:16.047+0000] {dagbag.py:541} INFO - Filling up the DagBag from /home/airflow/.local/lib/python3.8/site-packages/airflow/example_dags/example_subdag_operator.py
[2023-06-27T09:23:16.164+0000] {processor.py:836} INFO - DAG(s) dict_keys(['example_subdag_operator.section-1', 'example_subdag_operator.section-2', 'example_subdag_operator']) retrieved from /home/airflow/.local/lib/python3.8/site-packages/airflow/example_dags/example_subdag_operator.py
[2023-06-27T09:23:16.239+0000] {logging_mixin.py:149} INFO - [2023-06-27T09:23:16.239+0000] {dag.py:2726} INFO - Sync 3 DAGs
[2023-06-27T09:23:16.317+0000] {logging_mixin.py:149} INFO - [2023-06-27T09:23:16.317+0000] {dag.py:3486} INFO - Setting next_dagrun for example_subdag_operator to 2022-01-01T00:00:00+00:00, run_after=2022-01-01T00:00:00+00:00
[2023-06-27T09:23:16.325+0000] {logging_mixin.py:149} INFO - [2023-06-27T09:23:16.325+0000] {dag.py:3486} INFO - Setting next_dagrun for example_subdag_operator.section-1 to None, run_after=None
[2023-06-27T09:23:16.328+0000] {logging_mixin.py:149} INFO - [2023-06-27T09:23:16.328+0000] {dag.py:3486} INFO - Setting next_dagrun for example_subdag_operator.section-2 to None, run_after=None
[2023-06-27T09:23:16.344+0000] {logging_mixin.py:149} INFO - [2023-06-27T09:23:16.344+0000] {dag.py:2726} INFO - Sync 2 DAGs
[2023-06-27T09:23:16.364+0000] {logging_mixin.py:149} INFO - [2023-06-27T09:23:16.364+0000] {dag.py:3486} INFO - Setting next_dagrun for example_subdag_operator.section-1 to None, run_after=None
[2023-06-27T09:23:16.365+0000] {logging_mixin.py:149} INFO - [2023-06-27T09:23:16.364+0000] {dag.py:3486} INFO - Setting next_dagrun for example_subdag_operator.section-2 to None, run_after=None
[2023-06-27T09:23:16.396+0000] {processor.py:179} INFO - Processing /home/airflow/.local/lib/python3.8/site-packages/airflow/example_dags/example_subdag_operator.py took 0.377 seconds
[2023-06-27T09:23:46.628+0000] {processor.py:157} INFO - Started process (PID=452) to work on /home/airflow/.local/lib/python3.8/site-packages/airflow/example_dags/example_subdag_operator.py
[2023-06-27T09:23:46.655+0000] {processor.py:826} INFO - Processing file /home/airflow/.local/lib/python3.8/site-packages/airflow/example_dags/example_subdag_operator.py for tasks to queue
[2023-06-27T09:23:46.657+0000] {logging_mixin.py:149} INFO - [2023-06-27T09:23:46.656+0000] {dagbag.py:541} INFO - Filling up the DagBag from /home/airflow/.local/lib/python3.8/site-packages/airflow/example_dags/example_subdag_operator.py
[2023-06-27T09:23:46.793+0000] {processor.py:836} INFO - DAG(s) dict_keys(['example_subdag_operator.section-1', 'example_subdag_operator.section-2', 'example_subdag_operator']) retrieved from /home/airflow/.local/lib/python3.8/site-packages/airflow/example_dags/example_subdag_operator.py
[2023-06-27T09:23:46.867+0000] {logging_mixin.py:149} INFO - [2023-06-27T09:23:46.867+0000] {dag.py:2726} INFO - Sync 3 DAGs
[2023-06-27T09:23:46.939+0000] {logging_mixin.py:149} INFO - [2023-06-27T09:23:46.939+0000] {dag.py:3486} INFO - Setting next_dagrun for example_subdag_operator to 2022-01-01T00:00:00+00:00, run_after=2022-01-01T00:00:00+00:00
[2023-06-27T09:23:46.951+0000] {logging_mixin.py:149} INFO - [2023-06-27T09:23:46.951+0000] {dag.py:3486} INFO - Setting next_dagrun for example_subdag_operator.section-1 to None, run_after=None
[2023-06-27T09:23:46.954+0000] {logging_mixin.py:149} INFO - [2023-06-27T09:23:46.953+0000] {dag.py:3486} INFO - Setting next_dagrun for example_subdag_operator.section-2 to None, run_after=None
[2023-06-27T09:23:46.980+0000] {logging_mixin.py:149} INFO - [2023-06-27T09:23:46.980+0000] {dag.py:2726} INFO - Sync 2 DAGs
[2023-06-27T09:23:46.997+0000] {logging_mixin.py:149} INFO - [2023-06-27T09:23:46.996+0000] {dag.py:3486} INFO - Setting next_dagrun for example_subdag_operator.section-1 to None, run_after=None
[2023-06-27T09:23:46.997+0000] {logging_mixin.py:149} INFO - [2023-06-27T09:23:46.997+0000] {dag.py:3486} INFO - Setting next_dagrun for example_subdag_operator.section-2 to None, run_after=None
[2023-06-27T09:23:47.047+0000] {processor.py:179} INFO - Processing /home/airflow/.local/lib/python3.8/site-packages/airflow/example_dags/example_subdag_operator.py took 0.443 seconds
[2023-06-27T09:25:48.292+0000] {processor.py:157} INFO - Started process (PID=56) to work on /home/airflow/.local/lib/python3.8/site-packages/airflow/example_dags/example_subdag_operator.py
[2023-06-27T09:25:48.307+0000] {processor.py:826} INFO - Processing file /home/airflow/.local/lib/python3.8/site-packages/airflow/example_dags/example_subdag_operator.py for tasks to queue
[2023-06-27T09:25:48.308+0000] {logging_mixin.py:149} INFO - [2023-06-27T09:25:48.307+0000] {dagbag.py:541} INFO - Filling up the DagBag from /home/airflow/.local/lib/python3.8/site-packages/airflow/example_dags/example_subdag_operator.py
[2023-06-27T09:25:48.457+0000] {processor.py:836} INFO - DAG(s) dict_keys(['example_subdag_operator.section-1', 'example_subdag_operator.section-2', 'example_subdag_operator']) retrieved from /home/airflow/.local/lib/python3.8/site-packages/airflow/example_dags/example_subdag_operator.py
[2023-06-27T09:25:48.723+0000] {logging_mixin.py:149} INFO - [2023-06-27T09:25:48.723+0000] {dag.py:2726} INFO - Sync 3 DAGs
[2023-06-27T09:25:48.976+0000] {logging_mixin.py:149} INFO - [2023-06-27T09:25:48.975+0000] {dag.py:3486} INFO - Setting next_dagrun for example_subdag_operator to 2022-01-01T00:00:00+00:00, run_after=2022-01-01T00:00:00+00:00
[2023-06-27T09:25:49.027+0000] {logging_mixin.py:149} INFO - [2023-06-27T09:25:49.027+0000] {dag.py:3486} INFO - Setting next_dagrun for example_subdag_operator.section-1 to None, run_after=None
[2023-06-27T09:25:49.031+0000] {logging_mixin.py:149} INFO - [2023-06-27T09:25:49.031+0000] {dag.py:3486} INFO - Setting next_dagrun for example_subdag_operator.section-2 to None, run_after=None
[2023-06-27T09:25:49.117+0000] {logging_mixin.py:149} INFO - [2023-06-27T09:25:49.117+0000] {dag.py:2726} INFO - Sync 2 DAGs
[2023-06-27T09:25:49.179+0000] {logging_mixin.py:149} INFO - [2023-06-27T09:25:49.179+0000] {dag.py:3486} INFO - Setting next_dagrun for example_subdag_operator.section-1 to None, run_after=None
[2023-06-27T09:25:49.180+0000] {logging_mixin.py:149} INFO - [2023-06-27T09:25:49.180+0000] {dag.py:3486} INFO - Setting next_dagrun for example_subdag_operator.section-2 to None, run_after=None
[2023-06-27T09:25:49.290+0000] {processor.py:179} INFO - Processing /home/airflow/.local/lib/python3.8/site-packages/airflow/example_dags/example_subdag_operator.py took 1.022 seconds
[2023-06-27T09:26:19.710+0000] {processor.py:157} INFO - Started process (PID=119) to work on /home/airflow/.local/lib/python3.8/site-packages/airflow/example_dags/example_subdag_operator.py
[2023-06-27T09:26:19.714+0000] {processor.py:826} INFO - Processing file /home/airflow/.local/lib/python3.8/site-packages/airflow/example_dags/example_subdag_operator.py for tasks to queue
[2023-06-27T09:26:19.715+0000] {logging_mixin.py:149} INFO - [2023-06-27T09:26:19.715+0000] {dagbag.py:541} INFO - Filling up the DagBag from /home/airflow/.local/lib/python3.8/site-packages/airflow/example_dags/example_subdag_operator.py
[2023-06-27T09:26:19.816+0000] {processor.py:836} INFO - DAG(s) dict_keys(['example_subdag_operator.section-1', 'example_subdag_operator.section-2', 'example_subdag_operator']) retrieved from /home/airflow/.local/lib/python3.8/site-packages/airflow/example_dags/example_subdag_operator.py
[2023-06-27T09:26:19.887+0000] {logging_mixin.py:149} INFO - [2023-06-27T09:26:19.886+0000] {dag.py:2726} INFO - Sync 3 DAGs
[2023-06-27T09:26:19.986+0000] {logging_mixin.py:149} INFO - [2023-06-27T09:26:19.986+0000] {dag.py:3486} INFO - Setting next_dagrun for example_subdag_operator to 2022-01-01T00:00:00+00:00, run_after=2022-01-01T00:00:00+00:00
[2023-06-27T09:26:19.999+0000] {logging_mixin.py:149} INFO - [2023-06-27T09:26:19.999+0000] {dag.py:3486} INFO - Setting next_dagrun for example_subdag_operator.section-1 to None, run_after=None
[2023-06-27T09:26:20.007+0000] {logging_mixin.py:149} INFO - [2023-06-27T09:26:20.006+0000] {dag.py:3486} INFO - Setting next_dagrun for example_subdag_operator.section-2 to None, run_after=None
[2023-06-27T09:26:20.029+0000] {logging_mixin.py:149} INFO - [2023-06-27T09:26:20.028+0000] {dag.py:2726} INFO - Sync 2 DAGs
[2023-06-27T09:26:20.053+0000] {logging_mixin.py:149} INFO - [2023-06-27T09:26:20.052+0000] {dag.py:3486} INFO - Setting next_dagrun for example_subdag_operator.section-1 to None, run_after=None
[2023-06-27T09:26:20.053+0000] {logging_mixin.py:149} INFO - [2023-06-27T09:26:20.053+0000] {dag.py:3486} INFO - Setting next_dagrun for example_subdag_operator.section-2 to None, run_after=None
[2023-06-27T09:26:20.091+0000] {processor.py:179} INFO - Processing /home/airflow/.local/lib/python3.8/site-packages/airflow/example_dags/example_subdag_operator.py took 0.402 seconds
[2023-06-27T09:26:50.313+0000] {processor.py:157} INFO - Started process (PID=187) to work on /home/airflow/.local/lib/python3.8/site-packages/airflow/example_dags/example_subdag_operator.py
[2023-06-27T09:26:50.314+0000] {processor.py:826} INFO - Processing file /home/airflow/.local/lib/python3.8/site-packages/airflow/example_dags/example_subdag_operator.py for tasks to queue
[2023-06-27T09:26:50.316+0000] {logging_mixin.py:149} INFO - [2023-06-27T09:26:50.316+0000] {dagbag.py:541} INFO - Filling up the DagBag from /home/airflow/.local/lib/python3.8/site-packages/airflow/example_dags/example_subdag_operator.py
[2023-06-27T09:26:50.349+0000] {processor.py:836} INFO - DAG(s) dict_keys(['example_subdag_operator.section-1', 'example_subdag_operator.section-2', 'example_subdag_operator']) retrieved from /home/airflow/.local/lib/python3.8/site-packages/airflow/example_dags/example_subdag_operator.py
[2023-06-27T09:26:50.372+0000] {logging_mixin.py:149} INFO - [2023-06-27T09:26:50.372+0000] {dag.py:2726} INFO - Sync 3 DAGs
[2023-06-27T09:26:50.401+0000] {logging_mixin.py:149} INFO - [2023-06-27T09:26:50.401+0000] {dag.py:3486} INFO - Setting next_dagrun for example_subdag_operator to 2022-01-01T00:00:00+00:00, run_after=2022-01-01T00:00:00+00:00
[2023-06-27T09:26:50.407+0000] {logging_mixin.py:149} INFO - [2023-06-27T09:26:50.406+0000] {dag.py:3486} INFO - Setting next_dagrun for example_subdag_operator.section-1 to None, run_after=None
[2023-06-27T09:26:50.408+0000] {logging_mixin.py:149} INFO - [2023-06-27T09:26:50.408+0000] {dag.py:3486} INFO - Setting next_dagrun for example_subdag_operator.section-2 to None, run_after=None
[2023-06-27T09:26:50.416+0000] {logging_mixin.py:149} INFO - [2023-06-27T09:26:50.416+0000] {dag.py:2726} INFO - Sync 2 DAGs
[2023-06-27T09:26:50.422+0000] {logging_mixin.py:149} INFO - [2023-06-27T09:26:50.422+0000] {dag.py:3486} INFO - Setting next_dagrun for example_subdag_operator.section-1 to None, run_after=None
[2023-06-27T09:26:50.423+0000] {logging_mixin.py:149} INFO - [2023-06-27T09:26:50.423+0000] {dag.py:3486} INFO - Setting next_dagrun for example_subdag_operator.section-2 to None, run_after=None
[2023-06-27T09:26:50.435+0000] {processor.py:179} INFO - Processing /home/airflow/.local/lib/python3.8/site-packages/airflow/example_dags/example_subdag_operator.py took 0.127 seconds
[2023-06-27T09:27:20.646+0000] {processor.py:157} INFO - Started process (PID=251) to work on /home/airflow/.local/lib/python3.8/site-packages/airflow/example_dags/example_subdag_operator.py
[2023-06-27T09:27:20.648+0000] {processor.py:826} INFO - Processing file /home/airflow/.local/lib/python3.8/site-packages/airflow/example_dags/example_subdag_operator.py for tasks to queue
[2023-06-27T09:27:20.654+0000] {logging_mixin.py:149} INFO - [2023-06-27T09:27:20.654+0000] {dagbag.py:541} INFO - Filling up the DagBag from /home/airflow/.local/lib/python3.8/site-packages/airflow/example_dags/example_subdag_operator.py
[2023-06-27T09:27:20.687+0000] {processor.py:836} INFO - DAG(s) dict_keys(['example_subdag_operator.section-1', 'example_subdag_operator.section-2', 'example_subdag_operator']) retrieved from /home/airflow/.local/lib/python3.8/site-packages/airflow/example_dags/example_subdag_operator.py
[2023-06-27T09:27:20.710+0000] {logging_mixin.py:149} INFO - [2023-06-27T09:27:20.709+0000] {dag.py:2726} INFO - Sync 3 DAGs
[2023-06-27T09:27:20.742+0000] {logging_mixin.py:149} INFO - [2023-06-27T09:27:20.742+0000] {dag.py:3486} INFO - Setting next_dagrun for example_subdag_operator to 2022-01-01T00:00:00+00:00, run_after=2022-01-01T00:00:00+00:00
[2023-06-27T09:27:20.747+0000] {logging_mixin.py:149} INFO - [2023-06-27T09:27:20.746+0000] {dag.py:3486} INFO - Setting next_dagrun for example_subdag_operator.section-1 to None, run_after=None
[2023-06-27T09:27:20.748+0000] {logging_mixin.py:149} INFO - [2023-06-27T09:27:20.748+0000] {dag.py:3486} INFO - Setting next_dagrun for example_subdag_operator.section-2 to None, run_after=None
[2023-06-27T09:27:20.756+0000] {logging_mixin.py:149} INFO - [2023-06-27T09:27:20.756+0000] {dag.py:2726} INFO - Sync 2 DAGs
[2023-06-27T09:27:20.762+0000] {logging_mixin.py:149} INFO - [2023-06-27T09:27:20.762+0000] {dag.py:3486} INFO - Setting next_dagrun for example_subdag_operator.section-1 to None, run_after=None
[2023-06-27T09:27:20.763+0000] {logging_mixin.py:149} INFO - [2023-06-27T09:27:20.763+0000] {dag.py:3486} INFO - Setting next_dagrun for example_subdag_operator.section-2 to None, run_after=None
[2023-06-27T09:27:20.775+0000] {processor.py:179} INFO - Processing /home/airflow/.local/lib/python3.8/site-packages/airflow/example_dags/example_subdag_operator.py took 0.134 seconds
[2023-06-27T09:27:51.408+0000] {processor.py:157} INFO - Started process (PID=317) to work on /home/airflow/.local/lib/python3.8/site-packages/airflow/example_dags/example_subdag_operator.py
[2023-06-27T09:27:51.409+0000] {processor.py:826} INFO - Processing file /home/airflow/.local/lib/python3.8/site-packages/airflow/example_dags/example_subdag_operator.py for tasks to queue
[2023-06-27T09:27:51.415+0000] {logging_mixin.py:149} INFO - [2023-06-27T09:27:51.415+0000] {dagbag.py:541} INFO - Filling up the DagBag from /home/airflow/.local/lib/python3.8/site-packages/airflow/example_dags/example_subdag_operator.py
[2023-06-27T09:27:51.477+0000] {processor.py:836} INFO - DAG(s) dict_keys(['example_subdag_operator.section-1', 'example_subdag_operator.section-2', 'example_subdag_operator']) retrieved from /home/airflow/.local/lib/python3.8/site-packages/airflow/example_dags/example_subdag_operator.py
[2023-06-27T09:27:51.524+0000] {logging_mixin.py:149} INFO - [2023-06-27T09:27:51.524+0000] {dag.py:2726} INFO - Sync 3 DAGs
[2023-06-27T09:27:51.593+0000] {logging_mixin.py:149} INFO - [2023-06-27T09:27:51.593+0000] {dag.py:3486} INFO - Setting next_dagrun for example_subdag_operator to 2022-01-01T00:00:00+00:00, run_after=2022-01-01T00:00:00+00:00
[2023-06-27T09:27:51.608+0000] {logging_mixin.py:149} INFO - [2023-06-27T09:27:51.608+0000] {dag.py:3486} INFO - Setting next_dagrun for example_subdag_operator.section-1 to None, run_after=None
[2023-06-27T09:27:51.615+0000] {logging_mixin.py:149} INFO - [2023-06-27T09:27:51.615+0000] {dag.py:3486} INFO - Setting next_dagrun for example_subdag_operator.section-2 to None, run_after=None
[2023-06-27T09:27:51.636+0000] {logging_mixin.py:149} INFO - [2023-06-27T09:27:51.635+0000] {dag.py:2726} INFO - Sync 2 DAGs
[2023-06-27T09:27:51.651+0000] {logging_mixin.py:149} INFO - [2023-06-27T09:27:51.651+0000] {dag.py:3486} INFO - Setting next_dagrun for example_subdag_operator.section-1 to None, run_after=None
[2023-06-27T09:27:51.652+0000] {logging_mixin.py:149} INFO - [2023-06-27T09:27:51.652+0000] {dag.py:3486} INFO - Setting next_dagrun for example_subdag_operator.section-2 to None, run_after=None
[2023-06-27T09:27:51.679+0000] {processor.py:179} INFO - Processing /home/airflow/.local/lib/python3.8/site-packages/airflow/example_dags/example_subdag_operator.py took 0.284 seconds
[2023-06-27T09:28:21.732+0000] {processor.py:157} INFO - Started process (PID=392) to work on /home/airflow/.local/lib/python3.8/site-packages/airflow/example_dags/example_subdag_operator.py
[2023-06-27T09:28:21.737+0000] {processor.py:826} INFO - Processing file /home/airflow/.local/lib/python3.8/site-packages/airflow/example_dags/example_subdag_operator.py for tasks to queue
[2023-06-27T09:28:21.739+0000] {logging_mixin.py:149} INFO - [2023-06-27T09:28:21.739+0000] {dagbag.py:541} INFO - Filling up the DagBag from /home/airflow/.local/lib/python3.8/site-packages/airflow/example_dags/example_subdag_operator.py
[2023-06-27T09:28:21.809+0000] {processor.py:836} INFO - DAG(s) dict_keys(['example_subdag_operator.section-1', 'example_subdag_operator.section-2', 'example_subdag_operator']) retrieved from /home/airflow/.local/lib/python3.8/site-packages/airflow/example_dags/example_subdag_operator.py
[2023-06-27T09:28:21.850+0000] {logging_mixin.py:149} INFO - [2023-06-27T09:28:21.850+0000] {dag.py:2726} INFO - Sync 3 DAGs
[2023-06-27T09:28:21.915+0000] {logging_mixin.py:149} INFO - [2023-06-27T09:28:21.915+0000] {dag.py:3486} INFO - Setting next_dagrun for example_subdag_operator to 2022-01-01T00:00:00+00:00, run_after=2022-01-01T00:00:00+00:00
[2023-06-27T09:28:21.920+0000] {logging_mixin.py:149} INFO - [2023-06-27T09:28:21.920+0000] {dag.py:3486} INFO - Setting next_dagrun for example_subdag_operator.section-1 to None, run_after=None
[2023-06-27T09:28:21.927+0000] {logging_mixin.py:149} INFO - [2023-06-27T09:28:21.927+0000] {dag.py:3486} INFO - Setting next_dagrun for example_subdag_operator.section-2 to None, run_after=None
[2023-06-27T09:28:21.944+0000] {logging_mixin.py:149} INFO - [2023-06-27T09:28:21.943+0000] {dag.py:2726} INFO - Sync 2 DAGs
[2023-06-27T09:28:21.956+0000] {logging_mixin.py:149} INFO - [2023-06-27T09:28:21.955+0000] {dag.py:3486} INFO - Setting next_dagrun for example_subdag_operator.section-1 to None, run_after=None
[2023-06-27T09:28:21.956+0000] {logging_mixin.py:149} INFO - [2023-06-27T09:28:21.956+0000] {dag.py:3486} INFO - Setting next_dagrun for example_subdag_operator.section-2 to None, run_after=None
[2023-06-27T09:28:21.982+0000] {processor.py:179} INFO - Processing /home/airflow/.local/lib/python3.8/site-packages/airflow/example_dags/example_subdag_operator.py took 0.261 seconds
[2023-06-27T09:28:52.261+0000] {processor.py:157} INFO - Started process (PID=459) to work on /home/airflow/.local/lib/python3.8/site-packages/airflow/example_dags/example_subdag_operator.py
[2023-06-27T09:28:52.262+0000] {processor.py:826} INFO - Processing file /home/airflow/.local/lib/python3.8/site-packages/airflow/example_dags/example_subdag_operator.py for tasks to queue
[2023-06-27T09:28:52.264+0000] {logging_mixin.py:149} INFO - [2023-06-27T09:28:52.264+0000] {dagbag.py:541} INFO - Filling up the DagBag from /home/airflow/.local/lib/python3.8/site-packages/airflow/example_dags/example_subdag_operator.py
[2023-06-27T09:28:52.299+0000] {processor.py:836} INFO - DAG(s) dict_keys(['example_subdag_operator.section-1', 'example_subdag_operator.section-2', 'example_subdag_operator']) retrieved from /home/airflow/.local/lib/python3.8/site-packages/airflow/example_dags/example_subdag_operator.py
[2023-06-27T09:28:52.331+0000] {logging_mixin.py:149} INFO - [2023-06-27T09:28:52.331+0000] {dag.py:2726} INFO - Sync 3 DAGs
[2023-06-27T09:28:52.365+0000] {logging_mixin.py:149} INFO - [2023-06-27T09:28:52.365+0000] {dag.py:3486} INFO - Setting next_dagrun for example_subdag_operator to 2022-01-01T00:00:00+00:00, run_after=2022-01-01T00:00:00+00:00
[2023-06-27T09:28:52.370+0000] {logging_mixin.py:149} INFO - [2023-06-27T09:28:52.370+0000] {dag.py:3486} INFO - Setting next_dagrun for example_subdag_operator.section-1 to None, run_after=None
[2023-06-27T09:28:52.372+0000] {logging_mixin.py:149} INFO - [2023-06-27T09:28:52.371+0000] {dag.py:3486} INFO - Setting next_dagrun for example_subdag_operator.section-2 to None, run_after=None
[2023-06-27T09:28:52.380+0000] {logging_mixin.py:149} INFO - [2023-06-27T09:28:52.380+0000] {dag.py:2726} INFO - Sync 2 DAGs
[2023-06-27T09:28:52.387+0000] {logging_mixin.py:149} INFO - [2023-06-27T09:28:52.387+0000] {dag.py:3486} INFO - Setting next_dagrun for example_subdag_operator.section-1 to None, run_after=None
[2023-06-27T09:28:52.387+0000] {logging_mixin.py:149} INFO - [2023-06-27T09:28:52.387+0000] {dag.py:3486} INFO - Setting next_dagrun for example_subdag_operator.section-2 to None, run_after=None
[2023-06-27T09:28:52.402+0000] {processor.py:179} INFO - Processing /home/airflow/.local/lib/python3.8/site-packages/airflow/example_dags/example_subdag_operator.py took 0.151 seconds
[2023-06-27T09:29:22.698+0000] {processor.py:157} INFO - Started process (PID=527) to work on /home/airflow/.local/lib/python3.8/site-packages/airflow/example_dags/example_subdag_operator.py
[2023-06-27T09:29:22.703+0000] {processor.py:826} INFO - Processing file /home/airflow/.local/lib/python3.8/site-packages/airflow/example_dags/example_subdag_operator.py for tasks to queue
[2023-06-27T09:29:22.707+0000] {logging_mixin.py:149} INFO - [2023-06-27T09:29:22.707+0000] {dagbag.py:541} INFO - Filling up the DagBag from /home/airflow/.local/lib/python3.8/site-packages/airflow/example_dags/example_subdag_operator.py
[2023-06-27T09:29:22.777+0000] {processor.py:836} INFO - DAG(s) dict_keys(['example_subdag_operator.section-1', 'example_subdag_operator.section-2', 'example_subdag_operator']) retrieved from /home/airflow/.local/lib/python3.8/site-packages/airflow/example_dags/example_subdag_operator.py
[2023-06-27T09:29:22.815+0000] {logging_mixin.py:149} INFO - [2023-06-27T09:29:22.815+0000] {dag.py:2726} INFO - Sync 3 DAGs
[2023-06-27T09:29:22.871+0000] {logging_mixin.py:149} INFO - [2023-06-27T09:29:22.871+0000] {dag.py:3486} INFO - Setting next_dagrun for example_subdag_operator to 2022-01-01T00:00:00+00:00, run_after=2022-01-01T00:00:00+00:00
[2023-06-27T09:29:22.881+0000] {logging_mixin.py:149} INFO - [2023-06-27T09:29:22.881+0000] {dag.py:3486} INFO - Setting next_dagrun for example_subdag_operator.section-1 to None, run_after=None
[2023-06-27T09:29:22.883+0000] {logging_mixin.py:149} INFO - [2023-06-27T09:29:22.883+0000] {dag.py:3486} INFO - Setting next_dagrun for example_subdag_operator.section-2 to None, run_after=None
[2023-06-27T09:29:22.899+0000] {logging_mixin.py:149} INFO - [2023-06-27T09:29:22.899+0000] {dag.py:2726} INFO - Sync 2 DAGs
[2023-06-27T09:29:22.910+0000] {logging_mixin.py:149} INFO - [2023-06-27T09:29:22.910+0000] {dag.py:3486} INFO - Setting next_dagrun for example_subdag_operator.section-1 to None, run_after=None
[2023-06-27T09:29:22.911+0000] {logging_mixin.py:149} INFO - [2023-06-27T09:29:22.911+0000] {dag.py:3486} INFO - Setting next_dagrun for example_subdag_operator.section-2 to None, run_after=None
[2023-06-27T09:29:22.931+0000] {processor.py:179} INFO - Processing /home/airflow/.local/lib/python3.8/site-packages/airflow/example_dags/example_subdag_operator.py took 0.258 seconds
[2023-06-27T09:29:53.385+0000] {processor.py:157} INFO - Started process (PID=594) to work on /home/airflow/.local/lib/python3.8/site-packages/airflow/example_dags/example_subdag_operator.py
[2023-06-27T09:29:53.389+0000] {processor.py:826} INFO - Processing file /home/airflow/.local/lib/python3.8/site-packages/airflow/example_dags/example_subdag_operator.py for tasks to queue
[2023-06-27T09:29:53.396+0000] {logging_mixin.py:149} INFO - [2023-06-27T09:29:53.395+0000] {dagbag.py:541} INFO - Filling up the DagBag from /home/airflow/.local/lib/python3.8/site-packages/airflow/example_dags/example_subdag_operator.py
[2023-06-27T09:29:53.480+0000] {processor.py:836} INFO - DAG(s) dict_keys(['example_subdag_operator.section-1', 'example_subdag_operator.section-2', 'example_subdag_operator']) retrieved from /home/airflow/.local/lib/python3.8/site-packages/airflow/example_dags/example_subdag_operator.py
[2023-06-27T09:29:53.527+0000] {logging_mixin.py:149} INFO - [2023-06-27T09:29:53.523+0000] {dag.py:2726} INFO - Sync 3 DAGs
[2023-06-27T09:29:53.583+0000] {logging_mixin.py:149} INFO - [2023-06-27T09:29:53.583+0000] {dag.py:3486} INFO - Setting next_dagrun for example_subdag_operator to 2022-01-01T00:00:00+00:00, run_after=2022-01-01T00:00:00+00:00
[2023-06-27T09:29:53.595+0000] {logging_mixin.py:149} INFO - [2023-06-27T09:29:53.595+0000] {dag.py:3486} INFO - Setting next_dagrun for example_subdag_operator.section-1 to None, run_after=None
[2023-06-27T09:29:53.597+0000] {logging_mixin.py:149} INFO - [2023-06-27T09:29:53.597+0000] {dag.py:3486} INFO - Setting next_dagrun for example_subdag_operator.section-2 to None, run_after=None
[2023-06-27T09:29:53.611+0000] {logging_mixin.py:149} INFO - [2023-06-27T09:29:53.611+0000] {dag.py:2726} INFO - Sync 2 DAGs
[2023-06-27T09:29:53.622+0000] {logging_mixin.py:149} INFO - [2023-06-27T09:29:53.622+0000] {dag.py:3486} INFO - Setting next_dagrun for example_subdag_operator.section-1 to None, run_after=None
[2023-06-27T09:29:53.622+0000] {logging_mixin.py:149} INFO - [2023-06-27T09:29:53.622+0000] {dag.py:3486} INFO - Setting next_dagrun for example_subdag_operator.section-2 to None, run_after=None
[2023-06-27T09:29:53.645+0000] {processor.py:179} INFO - Processing /home/airflow/.local/lib/python3.8/site-packages/airflow/example_dags/example_subdag_operator.py took 0.264 seconds
[2023-06-27T09:30:24.020+0000] {processor.py:157} INFO - Started process (PID=674) to work on /home/airflow/.local/lib/python3.8/site-packages/airflow/example_dags/example_subdag_operator.py
[2023-06-27T09:30:24.023+0000] {processor.py:826} INFO - Processing file /home/airflow/.local/lib/python3.8/site-packages/airflow/example_dags/example_subdag_operator.py for tasks to queue
[2023-06-27T09:30:24.025+0000] {logging_mixin.py:149} INFO - [2023-06-27T09:30:24.024+0000] {dagbag.py:541} INFO - Filling up the DagBag from /home/airflow/.local/lib/python3.8/site-packages/airflow/example_dags/example_subdag_operator.py
[2023-06-27T09:30:24.084+0000] {processor.py:836} INFO - DAG(s) dict_keys(['example_subdag_operator.section-1', 'example_subdag_operator.section-2', 'example_subdag_operator']) retrieved from /home/airflow/.local/lib/python3.8/site-packages/airflow/example_dags/example_subdag_operator.py
[2023-06-27T09:30:24.135+0000] {logging_mixin.py:149} INFO - [2023-06-27T09:30:24.134+0000] {dag.py:2726} INFO - Sync 3 DAGs
[2023-06-27T09:30:24.169+0000] {logging_mixin.py:149} INFO - [2023-06-27T09:30:24.168+0000] {dag.py:3486} INFO - Setting next_dagrun for example_subdag_operator to 2022-01-01T00:00:00+00:00, run_after=2022-01-01T00:00:00+00:00
[2023-06-27T09:30:24.176+0000] {logging_mixin.py:149} INFO - [2023-06-27T09:30:24.176+0000] {dag.py:3486} INFO - Setting next_dagrun for example_subdag_operator.section-1 to None, run_after=None
[2023-06-27T09:30:24.177+0000] {logging_mixin.py:149} INFO - [2023-06-27T09:30:24.177+0000] {dag.py:3486} INFO - Setting next_dagrun for example_subdag_operator.section-2 to None, run_after=None
[2023-06-27T09:30:24.186+0000] {logging_mixin.py:149} INFO - [2023-06-27T09:30:24.186+0000] {dag.py:2726} INFO - Sync 2 DAGs
[2023-06-27T09:30:24.193+0000] {logging_mixin.py:149} INFO - [2023-06-27T09:30:24.193+0000] {dag.py:3486} INFO - Setting next_dagrun for example_subdag_operator.section-1 to None, run_after=None
[2023-06-27T09:30:24.193+0000] {logging_mixin.py:149} INFO - [2023-06-27T09:30:24.193+0000] {dag.py:3486} INFO - Setting next_dagrun for example_subdag_operator.section-2 to None, run_after=None
[2023-06-27T09:30:24.213+0000] {processor.py:179} INFO - Processing /home/airflow/.local/lib/python3.8/site-packages/airflow/example_dags/example_subdag_operator.py took 0.214 seconds
[2023-06-27T09:30:54.795+0000] {processor.py:157} INFO - Started process (PID=743) to work on /home/airflow/.local/lib/python3.8/site-packages/airflow/example_dags/example_subdag_operator.py
[2023-06-27T09:30:54.796+0000] {processor.py:826} INFO - Processing file /home/airflow/.local/lib/python3.8/site-packages/airflow/example_dags/example_subdag_operator.py for tasks to queue
[2023-06-27T09:30:54.810+0000] {logging_mixin.py:149} INFO - [2023-06-27T09:30:54.798+0000] {dagbag.py:541} INFO - Filling up the DagBag from /home/airflow/.local/lib/python3.8/site-packages/airflow/example_dags/example_subdag_operator.py
[2023-06-27T09:30:54.904+0000] {processor.py:836} INFO - DAG(s) dict_keys(['example_subdag_operator.section-1', 'example_subdag_operator.section-2', 'example_subdag_operator']) retrieved from /home/airflow/.local/lib/python3.8/site-packages/airflow/example_dags/example_subdag_operator.py
[2023-06-27T09:30:55.012+0000] {logging_mixin.py:149} INFO - [2023-06-27T09:30:55.012+0000] {dag.py:2726} INFO - Sync 3 DAGs
[2023-06-27T09:30:55.055+0000] {logging_mixin.py:149} INFO - [2023-06-27T09:30:55.055+0000] {dag.py:3486} INFO - Setting next_dagrun for example_subdag_operator to 2022-01-01T00:00:00+00:00, run_after=2022-01-01T00:00:00+00:00
[2023-06-27T09:30:55.063+0000] {logging_mixin.py:149} INFO - [2023-06-27T09:30:55.063+0000] {dag.py:3486} INFO - Setting next_dagrun for example_subdag_operator.section-1 to None, run_after=None
[2023-06-27T09:30:55.067+0000] {logging_mixin.py:149} INFO - [2023-06-27T09:30:55.067+0000] {dag.py:3486} INFO - Setting next_dagrun for example_subdag_operator.section-2 to None, run_after=None
[2023-06-27T09:30:55.080+0000] {logging_mixin.py:149} INFO - [2023-06-27T09:30:55.080+0000] {dag.py:2726} INFO - Sync 2 DAGs
[2023-06-27T09:30:55.097+0000] {logging_mixin.py:149} INFO - [2023-06-27T09:30:55.096+0000] {dag.py:3486} INFO - Setting next_dagrun for example_subdag_operator.section-1 to None, run_after=None
[2023-06-27T09:30:55.097+0000] {logging_mixin.py:149} INFO - [2023-06-27T09:30:55.097+0000] {dag.py:3486} INFO - Setting next_dagrun for example_subdag_operator.section-2 to None, run_after=None
[2023-06-27T09:30:55.118+0000] {processor.py:179} INFO - Processing /home/airflow/.local/lib/python3.8/site-packages/airflow/example_dags/example_subdag_operator.py took 0.352 seconds
[2023-06-27T09:31:25.771+0000] {processor.py:157} INFO - Started process (PID=810) to work on /home/airflow/.local/lib/python3.8/site-packages/airflow/example_dags/example_subdag_operator.py
[2023-06-27T09:31:25.775+0000] {processor.py:826} INFO - Processing file /home/airflow/.local/lib/python3.8/site-packages/airflow/example_dags/example_subdag_operator.py for tasks to queue
[2023-06-27T09:31:25.776+0000] {logging_mixin.py:149} INFO - [2023-06-27T09:31:25.776+0000] {dagbag.py:541} INFO - Filling up the DagBag from /home/airflow/.local/lib/python3.8/site-packages/airflow/example_dags/example_subdag_operator.py
[2023-06-27T09:31:25.841+0000] {processor.py:836} INFO - DAG(s) dict_keys(['example_subdag_operator.section-1', 'example_subdag_operator.section-2', 'example_subdag_operator']) retrieved from /home/airflow/.local/lib/python3.8/site-packages/airflow/example_dags/example_subdag_operator.py
[2023-06-27T09:31:25.893+0000] {logging_mixin.py:149} INFO - [2023-06-27T09:31:25.893+0000] {dag.py:2726} INFO - Sync 3 DAGs
[2023-06-27T09:31:25.959+0000] {logging_mixin.py:149} INFO - [2023-06-27T09:31:25.959+0000] {dag.py:3486} INFO - Setting next_dagrun for example_subdag_operator to 2022-01-01T00:00:00+00:00, run_after=2022-01-01T00:00:00+00:00
[2023-06-27T09:31:25.979+0000] {logging_mixin.py:149} INFO - [2023-06-27T09:31:25.979+0000] {dag.py:3486} INFO - Setting next_dagrun for example_subdag_operator.section-1 to None, run_after=None
[2023-06-27T09:31:25.985+0000] {logging_mixin.py:149} INFO - [2023-06-27T09:31:25.984+0000] {dag.py:3486} INFO - Setting next_dagrun for example_subdag_operator.section-2 to None, run_after=None
[2023-06-27T09:31:26.014+0000] {logging_mixin.py:149} INFO - [2023-06-27T09:31:26.014+0000] {dag.py:2726} INFO - Sync 2 DAGs
[2023-06-27T09:31:26.039+0000] {logging_mixin.py:149} INFO - [2023-06-27T09:31:26.039+0000] {dag.py:3486} INFO - Setting next_dagrun for example_subdag_operator.section-1 to None, run_after=None
[2023-06-27T09:31:26.040+0000] {logging_mixin.py:149} INFO - [2023-06-27T09:31:26.039+0000] {dag.py:3486} INFO - Setting next_dagrun for example_subdag_operator.section-2 to None, run_after=None
[2023-06-27T09:31:26.078+0000] {processor.py:179} INFO - Processing /home/airflow/.local/lib/python3.8/site-packages/airflow/example_dags/example_subdag_operator.py took 0.318 seconds
[2023-06-27T09:31:56.482+0000] {processor.py:157} INFO - Started process (PID=885) to work on /home/airflow/.local/lib/python3.8/site-packages/airflow/example_dags/example_subdag_operator.py
[2023-06-27T09:31:56.484+0000] {processor.py:826} INFO - Processing file /home/airflow/.local/lib/python3.8/site-packages/airflow/example_dags/example_subdag_operator.py for tasks to queue
[2023-06-27T09:31:56.485+0000] {logging_mixin.py:149} INFO - [2023-06-27T09:31:56.485+0000] {dagbag.py:541} INFO - Filling up the DagBag from /home/airflow/.local/lib/python3.8/site-packages/airflow/example_dags/example_subdag_operator.py
[2023-06-27T09:31:56.517+0000] {processor.py:836} INFO - DAG(s) dict_keys(['example_subdag_operator.section-1', 'example_subdag_operator.section-2', 'example_subdag_operator']) retrieved from /home/airflow/.local/lib/python3.8/site-packages/airflow/example_dags/example_subdag_operator.py
[2023-06-27T09:31:56.539+0000] {logging_mixin.py:149} INFO - [2023-06-27T09:31:56.539+0000] {dag.py:2726} INFO - Sync 3 DAGs
[2023-06-27T09:31:56.567+0000] {logging_mixin.py:149} INFO - [2023-06-27T09:31:56.566+0000] {dag.py:3486} INFO - Setting next_dagrun for example_subdag_operator to 2022-01-01T00:00:00+00:00, run_after=2022-01-01T00:00:00+00:00
[2023-06-27T09:31:56.571+0000] {logging_mixin.py:149} INFO - [2023-06-27T09:31:56.571+0000] {dag.py:3486} INFO - Setting next_dagrun for example_subdag_operator.section-1 to None, run_after=None
[2023-06-27T09:31:56.572+0000] {logging_mixin.py:149} INFO - [2023-06-27T09:31:56.572+0000] {dag.py:3486} INFO - Setting next_dagrun for example_subdag_operator.section-2 to None, run_after=None
[2023-06-27T09:31:56.581+0000] {logging_mixin.py:149} INFO - [2023-06-27T09:31:56.581+0000] {dag.py:2726} INFO - Sync 2 DAGs
[2023-06-27T09:31:56.587+0000] {logging_mixin.py:149} INFO - [2023-06-27T09:31:56.587+0000] {dag.py:3486} INFO - Setting next_dagrun for example_subdag_operator.section-1 to None, run_after=None
[2023-06-27T09:31:56.588+0000] {logging_mixin.py:149} INFO - [2023-06-27T09:31:56.588+0000] {dag.py:3486} INFO - Setting next_dagrun for example_subdag_operator.section-2 to None, run_after=None
[2023-06-27T09:31:56.600+0000] {processor.py:179} INFO - Processing /home/airflow/.local/lib/python3.8/site-packages/airflow/example_dags/example_subdag_operator.py took 0.123 seconds
[2023-06-27T09:32:27.213+0000] {processor.py:157} INFO - Started process (PID=950) to work on /home/airflow/.local/lib/python3.8/site-packages/airflow/example_dags/example_subdag_operator.py
[2023-06-27T09:32:27.214+0000] {processor.py:826} INFO - Processing file /home/airflow/.local/lib/python3.8/site-packages/airflow/example_dags/example_subdag_operator.py for tasks to queue
[2023-06-27T09:32:27.216+0000] {logging_mixin.py:149} INFO - [2023-06-27T09:32:27.216+0000] {dagbag.py:541} INFO - Filling up the DagBag from /home/airflow/.local/lib/python3.8/site-packages/airflow/example_dags/example_subdag_operator.py
[2023-06-27T09:32:27.247+0000] {processor.py:836} INFO - DAG(s) dict_keys(['example_subdag_operator.section-1', 'example_subdag_operator.section-2', 'example_subdag_operator']) retrieved from /home/airflow/.local/lib/python3.8/site-packages/airflow/example_dags/example_subdag_operator.py
[2023-06-27T09:32:27.269+0000] {logging_mixin.py:149} INFO - [2023-06-27T09:32:27.269+0000] {dag.py:2726} INFO - Sync 3 DAGs
[2023-06-27T09:32:27.304+0000] {logging_mixin.py:149} INFO - [2023-06-27T09:32:27.304+0000] {dag.py:3486} INFO - Setting next_dagrun for example_subdag_operator to 2022-01-01T00:00:00+00:00, run_after=2022-01-01T00:00:00+00:00
[2023-06-27T09:32:27.308+0000] {logging_mixin.py:149} INFO - [2023-06-27T09:32:27.308+0000] {dag.py:3486} INFO - Setting next_dagrun for example_subdag_operator.section-1 to None, run_after=None
[2023-06-27T09:32:27.310+0000] {logging_mixin.py:149} INFO - [2023-06-27T09:32:27.309+0000] {dag.py:3486} INFO - Setting next_dagrun for example_subdag_operator.section-2 to None, run_after=None
[2023-06-27T09:32:27.318+0000] {logging_mixin.py:149} INFO - [2023-06-27T09:32:27.317+0000] {dag.py:2726} INFO - Sync 2 DAGs
[2023-06-27T09:32:27.324+0000] {logging_mixin.py:149} INFO - [2023-06-27T09:32:27.324+0000] {dag.py:3486} INFO - Setting next_dagrun for example_subdag_operator.section-1 to None, run_after=None
[2023-06-27T09:32:27.324+0000] {logging_mixin.py:149} INFO - [2023-06-27T09:32:27.324+0000] {dag.py:3486} INFO - Setting next_dagrun for example_subdag_operator.section-2 to None, run_after=None
[2023-06-27T09:32:27.336+0000] {processor.py:179} INFO - Processing /home/airflow/.local/lib/python3.8/site-packages/airflow/example_dags/example_subdag_operator.py took 0.130 seconds
[2023-06-27T09:32:57.616+0000] {processor.py:157} INFO - Started process (PID=1019) to work on /home/airflow/.local/lib/python3.8/site-packages/airflow/example_dags/example_subdag_operator.py
[2023-06-27T09:32:57.617+0000] {processor.py:826} INFO - Processing file /home/airflow/.local/lib/python3.8/site-packages/airflow/example_dags/example_subdag_operator.py for tasks to queue
[2023-06-27T09:32:57.623+0000] {logging_mixin.py:149} INFO - [2023-06-27T09:32:57.623+0000] {dagbag.py:541} INFO - Filling up the DagBag from /home/airflow/.local/lib/python3.8/site-packages/airflow/example_dags/example_subdag_operator.py
[2023-06-27T09:32:57.687+0000] {processor.py:836} INFO - DAG(s) dict_keys(['example_subdag_operator.section-1', 'example_subdag_operator.section-2', 'example_subdag_operator']) retrieved from /home/airflow/.local/lib/python3.8/site-packages/airflow/example_dags/example_subdag_operator.py
[2023-06-27T09:32:57.739+0000] {logging_mixin.py:149} INFO - [2023-06-27T09:32:57.739+0000] {dag.py:2726} INFO - Sync 3 DAGs
[2023-06-27T09:32:57.796+0000] {logging_mixin.py:149} INFO - [2023-06-27T09:32:57.795+0000] {dag.py:3486} INFO - Setting next_dagrun for example_subdag_operator to 2022-01-01T00:00:00+00:00, run_after=2022-01-01T00:00:00+00:00
[2023-06-27T09:32:57.809+0000] {logging_mixin.py:149} INFO - [2023-06-27T09:32:57.809+0000] {dag.py:3486} INFO - Setting next_dagrun for example_subdag_operator.section-1 to None, run_after=None
[2023-06-27T09:32:57.812+0000] {logging_mixin.py:149} INFO - [2023-06-27T09:32:57.812+0000] {dag.py:3486} INFO - Setting next_dagrun for example_subdag_operator.section-2 to None, run_after=None
[2023-06-27T09:32:57.843+0000] {logging_mixin.py:149} INFO - [2023-06-27T09:32:57.843+0000] {dag.py:2726} INFO - Sync 2 DAGs
[2023-06-27T09:32:57.859+0000] {logging_mixin.py:149} INFO - [2023-06-27T09:32:57.859+0000] {dag.py:3486} INFO - Setting next_dagrun for example_subdag_operator.section-1 to None, run_after=None
[2023-06-27T09:32:57.859+0000] {logging_mixin.py:149} INFO - [2023-06-27T09:32:57.859+0000] {dag.py:3486} INFO - Setting next_dagrun for example_subdag_operator.section-2 to None, run_after=None
[2023-06-27T09:32:57.884+0000] {processor.py:179} INFO - Processing /home/airflow/.local/lib/python3.8/site-packages/airflow/example_dags/example_subdag_operator.py took 0.276 seconds
[2023-06-27T09:33:28.636+0000] {processor.py:157} INFO - Started process (PID=1087) to work on /home/airflow/.local/lib/python3.8/site-packages/airflow/example_dags/example_subdag_operator.py
[2023-06-27T09:33:28.654+0000] {processor.py:826} INFO - Processing file /home/airflow/.local/lib/python3.8/site-packages/airflow/example_dags/example_subdag_operator.py for tasks to queue
[2023-06-27T09:33:28.656+0000] {logging_mixin.py:149} INFO - [2023-06-27T09:33:28.656+0000] {dagbag.py:541} INFO - Filling up the DagBag from /home/airflow/.local/lib/python3.8/site-packages/airflow/example_dags/example_subdag_operator.py
[2023-06-27T09:33:28.714+0000] {processor.py:836} INFO - DAG(s) dict_keys(['example_subdag_operator.section-1', 'example_subdag_operator.section-2', 'example_subdag_operator']) retrieved from /home/airflow/.local/lib/python3.8/site-packages/airflow/example_dags/example_subdag_operator.py
[2023-06-27T09:33:28.806+0000] {logging_mixin.py:149} INFO - [2023-06-27T09:33:28.805+0000] {dag.py:2726} INFO - Sync 3 DAGs
[2023-06-27T09:33:28.874+0000] {logging_mixin.py:149} INFO - [2023-06-27T09:33:28.874+0000] {dag.py:3486} INFO - Setting next_dagrun for example_subdag_operator to 2022-01-01T00:00:00+00:00, run_after=2022-01-01T00:00:00+00:00
[2023-06-27T09:33:28.903+0000] {logging_mixin.py:149} INFO - [2023-06-27T09:33:28.903+0000] {dag.py:3486} INFO - Setting next_dagrun for example_subdag_operator.section-1 to None, run_after=None
[2023-06-27T09:33:28.911+0000] {logging_mixin.py:149} INFO - [2023-06-27T09:33:28.911+0000] {dag.py:3486} INFO - Setting next_dagrun for example_subdag_operator.section-2 to None, run_after=None
[2023-06-27T09:33:28.944+0000] {logging_mixin.py:149} INFO - [2023-06-27T09:33:28.944+0000] {dag.py:2726} INFO - Sync 2 DAGs
[2023-06-27T09:33:28.960+0000] {logging_mixin.py:149} INFO - [2023-06-27T09:33:28.960+0000] {dag.py:3486} INFO - Setting next_dagrun for example_subdag_operator.section-1 to None, run_after=None
[2023-06-27T09:33:28.960+0000] {logging_mixin.py:149} INFO - [2023-06-27T09:33:28.960+0000] {dag.py:3486} INFO - Setting next_dagrun for example_subdag_operator.section-2 to None, run_after=None
[2023-06-27T09:33:29.011+0000] {processor.py:179} INFO - Processing /home/airflow/.local/lib/python3.8/site-packages/airflow/example_dags/example_subdag_operator.py took 0.384 seconds
[2023-06-27T09:33:59.037+0000] {processor.py:157} INFO - Started process (PID=1154) to work on /home/airflow/.local/lib/python3.8/site-packages/airflow/example_dags/example_subdag_operator.py
[2023-06-27T09:33:59.039+0000] {processor.py:826} INFO - Processing file /home/airflow/.local/lib/python3.8/site-packages/airflow/example_dags/example_subdag_operator.py for tasks to queue
[2023-06-27T09:33:59.040+0000] {logging_mixin.py:149} INFO - [2023-06-27T09:33:59.040+0000] {dagbag.py:541} INFO - Filling up the DagBag from /home/airflow/.local/lib/python3.8/site-packages/airflow/example_dags/example_subdag_operator.py
[2023-06-27T09:33:59.072+0000] {processor.py:836} INFO - DAG(s) dict_keys(['example_subdag_operator.section-1', 'example_subdag_operator.section-2', 'example_subdag_operator']) retrieved from /home/airflow/.local/lib/python3.8/site-packages/airflow/example_dags/example_subdag_operator.py
[2023-06-27T09:33:59.095+0000] {logging_mixin.py:149} INFO - [2023-06-27T09:33:59.095+0000] {dag.py:2726} INFO - Sync 3 DAGs
[2023-06-27T09:33:59.122+0000] {logging_mixin.py:149} INFO - [2023-06-27T09:33:59.122+0000] {dag.py:3486} INFO - Setting next_dagrun for example_subdag_operator to 2022-01-01T00:00:00+00:00, run_after=2022-01-01T00:00:00+00:00
[2023-06-27T09:33:59.126+0000] {logging_mixin.py:149} INFO - [2023-06-27T09:33:59.126+0000] {dag.py:3486} INFO - Setting next_dagrun for example_subdag_operator.section-1 to None, run_after=None
[2023-06-27T09:33:59.127+0000] {logging_mixin.py:149} INFO - [2023-06-27T09:33:59.127+0000] {dag.py:3486} INFO - Setting next_dagrun for example_subdag_operator.section-2 to None, run_after=None
[2023-06-27T09:33:59.137+0000] {logging_mixin.py:149} INFO - [2023-06-27T09:33:59.137+0000] {dag.py:2726} INFO - Sync 2 DAGs
[2023-06-27T09:33:59.144+0000] {logging_mixin.py:149} INFO - [2023-06-27T09:33:59.143+0000] {dag.py:3486} INFO - Setting next_dagrun for example_subdag_operator.section-1 to None, run_after=None
[2023-06-27T09:33:59.144+0000] {logging_mixin.py:149} INFO - [2023-06-27T09:33:59.144+0000] {dag.py:3486} INFO - Setting next_dagrun for example_subdag_operator.section-2 to None, run_after=None
[2023-06-27T09:33:59.156+0000] {processor.py:179} INFO - Processing /home/airflow/.local/lib/python3.8/site-packages/airflow/example_dags/example_subdag_operator.py took 0.124 seconds
[2023-06-27T09:34:29.981+0000] {processor.py:157} INFO - Started process (PID=1221) to work on /home/airflow/.local/lib/python3.8/site-packages/airflow/example_dags/example_subdag_operator.py
[2023-06-27T09:34:29.987+0000] {processor.py:826} INFO - Processing file /home/airflow/.local/lib/python3.8/site-packages/airflow/example_dags/example_subdag_operator.py for tasks to queue
[2023-06-27T09:34:29.989+0000] {logging_mixin.py:149} INFO - [2023-06-27T09:34:29.989+0000] {dagbag.py:541} INFO - Filling up the DagBag from /home/airflow/.local/lib/python3.8/site-packages/airflow/example_dags/example_subdag_operator.py
[2023-06-27T09:34:30.112+0000] {processor.py:836} INFO - DAG(s) dict_keys(['example_subdag_operator.section-1', 'example_subdag_operator.section-2', 'example_subdag_operator']) retrieved from /home/airflow/.local/lib/python3.8/site-packages/airflow/example_dags/example_subdag_operator.py
[2023-06-27T09:34:30.230+0000] {logging_mixin.py:149} INFO - [2023-06-27T09:34:30.229+0000] {dag.py:2726} INFO - Sync 3 DAGs
[2023-06-27T09:34:30.299+0000] {logging_mixin.py:149} INFO - [2023-06-27T09:34:30.299+0000] {dag.py:3486} INFO - Setting next_dagrun for example_subdag_operator to 2022-01-01T00:00:00+00:00, run_after=2022-01-01T00:00:00+00:00
[2023-06-27T09:34:30.312+0000] {logging_mixin.py:149} INFO - [2023-06-27T09:34:30.312+0000] {dag.py:3486} INFO - Setting next_dagrun for example_subdag_operator.section-1 to None, run_after=None
[2023-06-27T09:34:30.323+0000] {logging_mixin.py:149} INFO - [2023-06-27T09:34:30.323+0000] {dag.py:3486} INFO - Setting next_dagrun for example_subdag_operator.section-2 to None, run_after=None
[2023-06-27T09:34:30.344+0000] {logging_mixin.py:149} INFO - [2023-06-27T09:34:30.344+0000] {dag.py:2726} INFO - Sync 2 DAGs
[2023-06-27T09:34:30.360+0000] {logging_mixin.py:149} INFO - [2023-06-27T09:34:30.360+0000] {dag.py:3486} INFO - Setting next_dagrun for example_subdag_operator.section-1 to None, run_after=None
[2023-06-27T09:34:30.360+0000] {logging_mixin.py:149} INFO - [2023-06-27T09:34:30.360+0000] {dag.py:3486} INFO - Setting next_dagrun for example_subdag_operator.section-2 to None, run_after=None
[2023-06-27T09:34:30.388+0000] {processor.py:179} INFO - Processing /home/airflow/.local/lib/python3.8/site-packages/airflow/example_dags/example_subdag_operator.py took 0.416 seconds
