[2023-06-27T00:00:51.232+0000] {processor.py:157} INFO - Started process (PID=460) to work on /home/airflow/.local/lib/python3.8/site-packages/airflow/example_dags/tutorial_taskflow_api.py
[2023-06-27T00:00:51.242+0000] {processor.py:826} INFO - Processing file /home/airflow/.local/lib/python3.8/site-packages/airflow/example_dags/tutorial_taskflow_api.py for tasks to queue
[2023-06-27T00:00:51.325+0000] {logging_mixin.py:149} INFO - [2023-06-27T00:00:51.325+0000] {dagbag.py:541} INFO - Filling up the DagBag from /home/airflow/.local/lib/python3.8/site-packages/airflow/example_dags/tutorial_taskflow_api.py
[2023-06-27T00:00:51.510+0000] {processor.py:836} INFO - DAG(s) dict_keys(['tutorial_taskflow_api']) retrieved from /home/airflow/.local/lib/python3.8/site-packages/airflow/example_dags/tutorial_taskflow_api.py
[2023-06-27T00:00:51.710+0000] {logging_mixin.py:149} INFO - [2023-06-27T00:00:51.710+0000] {dag.py:2726} INFO - Sync 1 DAGs
[2023-06-27T00:00:51.872+0000] {logging_mixin.py:149} INFO - [2023-06-27T00:00:51.871+0000] {dag.py:3486} INFO - Setting next_dagrun for tutorial_taskflow_api to None, run_after=None
[2023-06-27T00:00:52.014+0000] {processor.py:179} INFO - Processing /home/airflow/.local/lib/python3.8/site-packages/airflow/example_dags/tutorial_taskflow_api.py took 0.830 seconds
[2023-06-27T00:04:20.583+0000] {processor.py:157} INFO - Started process (PID=579) to work on /home/airflow/.local/lib/python3.8/site-packages/airflow/example_dags/tutorial_taskflow_api.py
[2023-06-27T00:04:20.600+0000] {processor.py:826} INFO - Processing file /home/airflow/.local/lib/python3.8/site-packages/airflow/example_dags/tutorial_taskflow_api.py for tasks to queue
[2023-06-27T00:04:20.601+0000] {logging_mixin.py:149} INFO - [2023-06-27T00:04:20.601+0000] {dagbag.py:541} INFO - Filling up the DagBag from /home/airflow/.local/lib/python3.8/site-packages/airflow/example_dags/tutorial_taskflow_api.py
[2023-06-27T00:04:21.723+0000] {processor.py:836} INFO - DAG(s) dict_keys(['tutorial_taskflow_api']) retrieved from /home/airflow/.local/lib/python3.8/site-packages/airflow/example_dags/tutorial_taskflow_api.py
[2023-06-27T00:04:25.269+0000] {logging_mixin.py:149} INFO - [2023-06-27T00:04:25.269+0000] {dag.py:2726} INFO - Sync 1 DAGs
[2023-06-27T00:04:30.506+0000] {logging_mixin.py:149} INFO - [2023-06-27T00:04:30.506+0000] {dag.py:3486} INFO - Setting next_dagrun for tutorial_taskflow_api to None, run_after=None
[2023-06-27T00:04:34.849+0000] {processor.py:179} INFO - Processing /home/airflow/.local/lib/python3.8/site-packages/airflow/example_dags/tutorial_taskflow_api.py took 14.508 seconds
[2023-06-27T01:01:20.651+0000] {processor.py:157} INFO - Started process (PID=41) to work on /home/airflow/.local/lib/python3.8/site-packages/airflow/example_dags/tutorial_taskflow_api.py
[2023-06-27T01:01:20.669+0000] {processor.py:826} INFO - Processing file /home/airflow/.local/lib/python3.8/site-packages/airflow/example_dags/tutorial_taskflow_api.py for tasks to queue
[2023-06-27T01:01:20.670+0000] {logging_mixin.py:149} INFO - [2023-06-27T01:01:20.670+0000] {dagbag.py:541} INFO - Filling up the DagBag from /home/airflow/.local/lib/python3.8/site-packages/airflow/example_dags/tutorial_taskflow_api.py
[2023-06-27T01:01:20.747+0000] {processor.py:836} INFO - DAG(s) dict_keys(['tutorial_taskflow_api']) retrieved from /home/airflow/.local/lib/python3.8/site-packages/airflow/example_dags/tutorial_taskflow_api.py
[2023-06-27T01:01:21.135+0000] {logging_mixin.py:149} INFO - [2023-06-27T01:01:21.135+0000] {dag.py:2726} INFO - Sync 1 DAGs
[2023-06-27T01:01:21.324+0000] {logging_mixin.py:149} INFO - [2023-06-27T01:01:21.324+0000] {dag.py:3486} INFO - Setting next_dagrun for tutorial_taskflow_api to None, run_after=None
[2023-06-27T01:01:21.580+0000] {processor.py:179} INFO - Processing /home/airflow/.local/lib/python3.8/site-packages/airflow/example_dags/tutorial_taskflow_api.py took 0.934 seconds
[2023-06-27T01:05:43.845+0000] {processor.py:157} INFO - Started process (PID=196) to work on /home/airflow/.local/lib/python3.8/site-packages/airflow/example_dags/tutorial_taskflow_api.py
[2023-06-27T01:05:43.885+0000] {processor.py:826} INFO - Processing file /home/airflow/.local/lib/python3.8/site-packages/airflow/example_dags/tutorial_taskflow_api.py for tasks to queue
[2023-06-27T01:05:43.903+0000] {logging_mixin.py:149} INFO - [2023-06-27T01:05:43.903+0000] {dagbag.py:541} INFO - Filling up the DagBag from /home/airflow/.local/lib/python3.8/site-packages/airflow/example_dags/tutorial_taskflow_api.py
[2023-06-27T01:05:44.198+0000] {processor.py:836} INFO - DAG(s) dict_keys(['tutorial_taskflow_api']) retrieved from /home/airflow/.local/lib/python3.8/site-packages/airflow/example_dags/tutorial_taskflow_api.py
[2023-06-27T01:05:44.871+0000] {logging_mixin.py:149} INFO - [2023-06-27T01:05:44.849+0000] {dag.py:2726} INFO - Sync 1 DAGs
[2023-06-27T01:05:45.654+0000] {logging_mixin.py:149} INFO - [2023-06-27T01:05:45.654+0000] {dag.py:3486} INFO - Setting next_dagrun for tutorial_taskflow_api to None, run_after=None
[2023-06-27T01:05:47.115+0000] {processor.py:179} INFO - Processing /home/airflow/.local/lib/python3.8/site-packages/airflow/example_dags/tutorial_taskflow_api.py took 3.605 seconds
[2023-06-27T01:37:35.646+0000] {processor.py:157} INFO - Started process (PID=50) to work on /home/airflow/.local/lib/python3.8/site-packages/airflow/example_dags/tutorial_taskflow_api.py
[2023-06-27T01:37:35.652+0000] {processor.py:826} INFO - Processing file /home/airflow/.local/lib/python3.8/site-packages/airflow/example_dags/tutorial_taskflow_api.py for tasks to queue
[2023-06-27T01:37:35.653+0000] {logging_mixin.py:149} INFO - [2023-06-27T01:37:35.652+0000] {dagbag.py:541} INFO - Filling up the DagBag from /home/airflow/.local/lib/python3.8/site-packages/airflow/example_dags/tutorial_taskflow_api.py
[2023-06-27T01:37:35.676+0000] {processor.py:836} INFO - DAG(s) dict_keys(['tutorial_taskflow_api']) retrieved from /home/airflow/.local/lib/python3.8/site-packages/airflow/example_dags/tutorial_taskflow_api.py
[2023-06-27T01:37:35.750+0000] {logging_mixin.py:149} INFO - [2023-06-27T01:37:35.749+0000] {dag.py:2726} INFO - Sync 1 DAGs
[2023-06-27T01:37:35.850+0000] {logging_mixin.py:149} INFO - [2023-06-27T01:37:35.850+0000] {dag.py:3486} INFO - Setting next_dagrun for tutorial_taskflow_api to None, run_after=None
[2023-06-27T01:37:35.907+0000] {processor.py:179} INFO - Processing /home/airflow/.local/lib/python3.8/site-packages/airflow/example_dags/tutorial_taskflow_api.py took 0.273 seconds
[2023-06-27T01:38:17.945+0000] {processor.py:157} INFO - Started process (PID=115) to work on /home/airflow/.local/lib/python3.8/site-packages/airflow/example_dags/tutorial_taskflow_api.py
[2023-06-27T01:38:18.003+0000] {processor.py:826} INFO - Processing file /home/airflow/.local/lib/python3.8/site-packages/airflow/example_dags/tutorial_taskflow_api.py for tasks to queue
[2023-06-27T01:38:18.005+0000] {logging_mixin.py:149} INFO - [2023-06-27T01:38:18.005+0000] {dagbag.py:541} INFO - Filling up the DagBag from /home/airflow/.local/lib/python3.8/site-packages/airflow/example_dags/tutorial_taskflow_api.py
[2023-06-27T01:38:18.907+0000] {processor.py:836} INFO - DAG(s) dict_keys(['tutorial_taskflow_api']) retrieved from /home/airflow/.local/lib/python3.8/site-packages/airflow/example_dags/tutorial_taskflow_api.py
[2023-06-27T01:38:20.448+0000] {logging_mixin.py:149} INFO - [2023-06-27T01:38:20.447+0000] {dag.py:2726} INFO - Sync 1 DAGs
[2023-06-27T01:38:21.572+0000] {logging_mixin.py:149} INFO - [2023-06-27T01:38:21.571+0000] {dag.py:3486} INFO - Setting next_dagrun for tutorial_taskflow_api to None, run_after=None
[2023-06-27T01:38:22.353+0000] {processor.py:179} INFO - Processing /home/airflow/.local/lib/python3.8/site-packages/airflow/example_dags/tutorial_taskflow_api.py took 4.430 seconds
[2023-06-27T01:40:17.942+0000] {processor.py:157} INFO - Started process (PID=193) to work on /home/airflow/.local/lib/python3.8/site-packages/airflow/example_dags/tutorial_taskflow_api.py
[2023-06-27T01:40:17.966+0000] {processor.py:826} INFO - Processing file /home/airflow/.local/lib/python3.8/site-packages/airflow/example_dags/tutorial_taskflow_api.py for tasks to queue
[2023-06-27T01:40:17.968+0000] {logging_mixin.py:149} INFO - [2023-06-27T01:40:17.968+0000] {dagbag.py:541} INFO - Filling up the DagBag from /home/airflow/.local/lib/python3.8/site-packages/airflow/example_dags/tutorial_taskflow_api.py
[2023-06-27T01:40:18.201+0000] {processor.py:836} INFO - DAG(s) dict_keys(['tutorial_taskflow_api']) retrieved from /home/airflow/.local/lib/python3.8/site-packages/airflow/example_dags/tutorial_taskflow_api.py
[2023-06-27T01:40:18.810+0000] {logging_mixin.py:149} INFO - [2023-06-27T01:40:18.810+0000] {dag.py:2726} INFO - Sync 1 DAGs
[2023-06-27T01:40:19.410+0000] {logging_mixin.py:149} INFO - [2023-06-27T01:40:19.410+0000] {dag.py:3486} INFO - Setting next_dagrun for tutorial_taskflow_api to None, run_after=None
[2023-06-27T01:40:20.029+0000] {processor.py:179} INFO - Processing /home/airflow/.local/lib/python3.8/site-packages/airflow/example_dags/tutorial_taskflow_api.py took 2.265 seconds
[2023-06-27T01:44:25.585+0000] {processor.py:157} INFO - Started process (PID=330) to work on /home/airflow/.local/lib/python3.8/site-packages/airflow/example_dags/tutorial_taskflow_api.py
[2023-06-27T01:44:25.665+0000] {processor.py:826} INFO - Processing file /home/airflow/.local/lib/python3.8/site-packages/airflow/example_dags/tutorial_taskflow_api.py for tasks to queue
[2023-06-27T01:44:25.667+0000] {logging_mixin.py:149} INFO - [2023-06-27T01:44:25.667+0000] {dagbag.py:541} INFO - Filling up the DagBag from /home/airflow/.local/lib/python3.8/site-packages/airflow/example_dags/tutorial_taskflow_api.py
[2023-06-27T01:44:28.391+0000] {processor.py:836} INFO - DAG(s) dict_keys(['tutorial_taskflow_api']) retrieved from /home/airflow/.local/lib/python3.8/site-packages/airflow/example_dags/tutorial_taskflow_api.py
[2023-06-27T01:44:35.632+0000] {logging_mixin.py:149} INFO - [2023-06-27T01:44:35.631+0000] {dag.py:2726} INFO - Sync 1 DAGs
[2023-06-27T01:44:43.230+0000] {logging_mixin.py:149} INFO - [2023-06-27T01:44:43.230+0000] {dag.py:3486} INFO - Setting next_dagrun for tutorial_taskflow_api to None, run_after=None
[2023-06-27T01:44:46.000+0000] {processor.py:179} INFO - Processing /home/airflow/.local/lib/python3.8/site-packages/airflow/example_dags/tutorial_taskflow_api.py took 21.557 seconds
[2023-06-27T02:16:32.479+0000] {processor.py:157} INFO - Started process (PID=39) to work on /home/airflow/.local/lib/python3.8/site-packages/airflow/example_dags/tutorial_taskflow_api.py
[2023-06-27T02:16:32.480+0000] {processor.py:826} INFO - Processing file /home/airflow/.local/lib/python3.8/site-packages/airflow/example_dags/tutorial_taskflow_api.py for tasks to queue
[2023-06-27T02:16:32.481+0000] {logging_mixin.py:149} INFO - [2023-06-27T02:16:32.481+0000] {dagbag.py:541} INFO - Filling up the DagBag from /home/airflow/.local/lib/python3.8/site-packages/airflow/example_dags/tutorial_taskflow_api.py
[2023-06-27T02:16:32.505+0000] {processor.py:836} INFO - DAG(s) dict_keys(['tutorial_taskflow_api']) retrieved from /home/airflow/.local/lib/python3.8/site-packages/airflow/example_dags/tutorial_taskflow_api.py
[2023-06-27T02:16:32.675+0000] {logging_mixin.py:149} INFO - [2023-06-27T02:16:32.674+0000] {dag.py:2726} INFO - Sync 1 DAGs
[2023-06-27T02:16:32.859+0000] {logging_mixin.py:149} INFO - [2023-06-27T02:16:32.859+0000] {dag.py:3486} INFO - Setting next_dagrun for tutorial_taskflow_api to None, run_after=None
[2023-06-27T02:16:33.057+0000] {processor.py:179} INFO - Processing /home/airflow/.local/lib/python3.8/site-packages/airflow/example_dags/tutorial_taskflow_api.py took 0.596 seconds
[2023-06-27T02:21:45.863+0000] {processor.py:157} INFO - Started process (PID=219) to work on /home/airflow/.local/lib/python3.8/site-packages/airflow/example_dags/tutorial_taskflow_api.py
[2023-06-27T02:21:45.865+0000] {processor.py:826} INFO - Processing file /home/airflow/.local/lib/python3.8/site-packages/airflow/example_dags/tutorial_taskflow_api.py for tasks to queue
[2023-06-27T02:21:46.640+0000] {logging_mixin.py:149} INFO - [2023-06-27T02:21:46.639+0000] {dagbag.py:541} INFO - Filling up the DagBag from /home/airflow/.local/lib/python3.8/site-packages/airflow/example_dags/tutorial_taskflow_api.py
[2023-06-27T02:21:49.726+0000] {processor.py:836} INFO - DAG(s) dict_keys(['tutorial_taskflow_api']) retrieved from /home/airflow/.local/lib/python3.8/site-packages/airflow/example_dags/tutorial_taskflow_api.py
[2023-06-27T02:21:55.436+0000] {logging_mixin.py:149} INFO - [2023-06-27T02:21:55.436+0000] {dag.py:2726} INFO - Sync 1 DAGs
[2023-06-27T02:22:00.928+0000] {logging_mixin.py:149} INFO - [2023-06-27T02:22:00.928+0000] {dag.py:3486} INFO - Setting next_dagrun for tutorial_taskflow_api to None, run_after=None
[2023-06-27T02:22:05.617+0000] {processor.py:179} INFO - Processing /home/airflow/.local/lib/python3.8/site-packages/airflow/example_dags/tutorial_taskflow_api.py took 20.216 seconds
[2023-06-27T06:15:19.351+0000] {processor.py:157} INFO - Started process (PID=286) to work on /home/airflow/.local/lib/python3.8/site-packages/airflow/example_dags/tutorial_taskflow_api.py
[2023-06-27T06:15:19.377+0000] {processor.py:826} INFO - Processing file /home/airflow/.local/lib/python3.8/site-packages/airflow/example_dags/tutorial_taskflow_api.py for tasks to queue
[2023-06-27T06:15:19.378+0000] {logging_mixin.py:149} INFO - [2023-06-27T06:15:19.378+0000] {dagbag.py:541} INFO - Filling up the DagBag from /home/airflow/.local/lib/python3.8/site-packages/airflow/example_dags/tutorial_taskflow_api.py
[2023-06-27T06:15:19.760+0000] {processor.py:836} INFO - DAG(s) dict_keys(['tutorial_taskflow_api']) retrieved from /home/airflow/.local/lib/python3.8/site-packages/airflow/example_dags/tutorial_taskflow_api.py
[2023-06-27T06:15:20.774+0000] {logging_mixin.py:149} INFO - [2023-06-27T06:15:20.774+0000] {dag.py:2726} INFO - Sync 1 DAGs
[2023-06-27T06:15:21.518+0000] {logging_mixin.py:149} INFO - [2023-06-27T06:15:21.518+0000] {dag.py:3486} INFO - Setting next_dagrun for tutorial_taskflow_api to None, run_after=None
[2023-06-27T06:15:22.390+0000] {processor.py:179} INFO - Processing /home/airflow/.local/lib/python3.8/site-packages/airflow/example_dags/tutorial_taskflow_api.py took 3.195 seconds
[2023-06-27T08:56:10.595+0000] {processor.py:157} INFO - Started process (PID=495) to work on /home/airflow/.local/lib/python3.8/site-packages/airflow/example_dags/tutorial_taskflow_api.py
[2023-06-27T08:56:10.753+0000] {processor.py:826} INFO - Processing file /home/airflow/.local/lib/python3.8/site-packages/airflow/example_dags/tutorial_taskflow_api.py for tasks to queue
[2023-06-27T08:56:10.754+0000] {logging_mixin.py:149} INFO - [2023-06-27T08:56:10.754+0000] {dagbag.py:541} INFO - Filling up the DagBag from /home/airflow/.local/lib/python3.8/site-packages/airflow/example_dags/tutorial_taskflow_api.py
[2023-06-27T08:56:10.777+0000] {processor.py:836} INFO - DAG(s) dict_keys(['tutorial_taskflow_api']) retrieved from /home/airflow/.local/lib/python3.8/site-packages/airflow/example_dags/tutorial_taskflow_api.py
[2023-06-27T08:56:10.841+0000] {logging_mixin.py:149} INFO - [2023-06-27T08:56:10.840+0000] {dag.py:2726} INFO - Sync 1 DAGs
[2023-06-27T08:56:10.899+0000] {logging_mixin.py:149} INFO - [2023-06-27T08:56:10.898+0000] {dag.py:3486} INFO - Setting next_dagrun for tutorial_taskflow_api to None, run_after=None
[2023-06-27T08:56:11.080+0000] {processor.py:179} INFO - Processing /home/airflow/.local/lib/python3.8/site-packages/airflow/example_dags/tutorial_taskflow_api.py took 0.500 seconds
[2023-06-27T08:56:44.040+0000] {processor.py:157} INFO - Started process (PID=548) to work on /home/airflow/.local/lib/python3.8/site-packages/airflow/example_dags/tutorial_taskflow_api.py
[2023-06-27T08:56:44.078+0000] {processor.py:826} INFO - Processing file /home/airflow/.local/lib/python3.8/site-packages/airflow/example_dags/tutorial_taskflow_api.py for tasks to queue
[2023-06-27T08:56:44.079+0000] {logging_mixin.py:149} INFO - [2023-06-27T08:56:44.078+0000] {dagbag.py:541} INFO - Filling up the DagBag from /home/airflow/.local/lib/python3.8/site-packages/airflow/example_dags/tutorial_taskflow_api.py
[2023-06-27T08:56:44.090+0000] {processor.py:836} INFO - DAG(s) dict_keys(['tutorial_taskflow_api']) retrieved from /home/airflow/.local/lib/python3.8/site-packages/airflow/example_dags/tutorial_taskflow_api.py
[2023-06-27T08:56:44.123+0000] {logging_mixin.py:149} INFO - [2023-06-27T08:56:44.123+0000] {dag.py:2726} INFO - Sync 1 DAGs
[2023-06-27T08:56:44.148+0000] {logging_mixin.py:149} INFO - [2023-06-27T08:56:44.148+0000] {dag.py:3486} INFO - Setting next_dagrun for tutorial_taskflow_api to None, run_after=None
[2023-06-27T08:56:44.277+0000] {processor.py:179} INFO - Processing /home/airflow/.local/lib/python3.8/site-packages/airflow/example_dags/tutorial_taskflow_api.py took 0.242 seconds
[2023-06-27T08:57:26.096+0000] {processor.py:157} INFO - Started process (PID=622) to work on /home/airflow/.local/lib/python3.8/site-packages/airflow/example_dags/tutorial_taskflow_api.py
[2023-06-27T08:57:26.114+0000] {processor.py:826} INFO - Processing file /home/airflow/.local/lib/python3.8/site-packages/airflow/example_dags/tutorial_taskflow_api.py for tasks to queue
[2023-06-27T08:57:26.156+0000] {logging_mixin.py:149} INFO - [2023-06-27T08:57:26.156+0000] {dagbag.py:541} INFO - Filling up the DagBag from /home/airflow/.local/lib/python3.8/site-packages/airflow/example_dags/tutorial_taskflow_api.py
[2023-06-27T08:57:26.537+0000] {processor.py:836} INFO - DAG(s) dict_keys(['tutorial_taskflow_api']) retrieved from /home/airflow/.local/lib/python3.8/site-packages/airflow/example_dags/tutorial_taskflow_api.py
[2023-06-27T08:57:27.441+0000] {logging_mixin.py:149} INFO - [2023-06-27T08:57:27.440+0000] {dag.py:2726} INFO - Sync 1 DAGs
[2023-06-27T08:57:28.462+0000] {logging_mixin.py:149} INFO - [2023-06-27T08:57:28.462+0000] {dag.py:3486} INFO - Setting next_dagrun for tutorial_taskflow_api to None, run_after=None
[2023-06-27T08:57:29.224+0000] {processor.py:179} INFO - Processing /home/airflow/.local/lib/python3.8/site-packages/airflow/example_dags/tutorial_taskflow_api.py took 3.307 seconds
[2023-06-27T08:59:00.655+0000] {processor.py:157} INFO - Started process (PID=675) to work on /home/airflow/.local/lib/python3.8/site-packages/airflow/example_dags/tutorial_taskflow_api.py
[2023-06-27T08:59:00.735+0000] {processor.py:826} INFO - Processing file /home/airflow/.local/lib/python3.8/site-packages/airflow/example_dags/tutorial_taskflow_api.py for tasks to queue
[2023-06-27T08:59:00.737+0000] {logging_mixin.py:149} INFO - [2023-06-27T08:59:00.737+0000] {dagbag.py:541} INFO - Filling up the DagBag from /home/airflow/.local/lib/python3.8/site-packages/airflow/example_dags/tutorial_taskflow_api.py
[2023-06-27T08:59:02.762+0000] {processor.py:836} INFO - DAG(s) dict_keys(['tutorial_taskflow_api']) retrieved from /home/airflow/.local/lib/python3.8/site-packages/airflow/example_dags/tutorial_taskflow_api.py
[2023-06-27T08:59:06.899+0000] {logging_mixin.py:149} INFO - [2023-06-27T08:59:06.899+0000] {dag.py:2726} INFO - Sync 1 DAGs
[2023-06-27T08:59:46.360+0000] {logging_mixin.py:149} INFO - [2023-06-27T08:59:46.359+0000] {dag.py:3486} INFO - Setting next_dagrun for tutorial_taskflow_api to None, run_after=None
[2023-06-27T08:59:48.551+0000] {processor.py:179} INFO - Processing /home/airflow/.local/lib/python3.8/site-packages/airflow/example_dags/tutorial_taskflow_api.py took 48.972 seconds
[2023-06-27T09:00:42.273+0000] {processor.py:157} INFO - Started process (PID=760) to work on /home/airflow/.local/lib/python3.8/site-packages/airflow/example_dags/tutorial_taskflow_api.py
[2023-06-27T09:00:42.436+0000] {processor.py:826} INFO - Processing file /home/airflow/.local/lib/python3.8/site-packages/airflow/example_dags/tutorial_taskflow_api.py for tasks to queue
[2023-06-27T09:00:42.439+0000] {logging_mixin.py:149} INFO - [2023-06-27T09:00:42.438+0000] {dagbag.py:541} INFO - Filling up the DagBag from /home/airflow/.local/lib/python3.8/site-packages/airflow/example_dags/tutorial_taskflow_api.py
[2023-06-27T09:00:42.582+0000] {processor.py:836} INFO - DAG(s) dict_keys(['tutorial_taskflow_api']) retrieved from /home/airflow/.local/lib/python3.8/site-packages/airflow/example_dags/tutorial_taskflow_api.py
[2023-06-27T09:00:42.841+0000] {logging_mixin.py:149} INFO - [2023-06-27T09:00:42.841+0000] {dag.py:2726} INFO - Sync 1 DAGs
[2023-06-27T09:00:42.944+0000] {logging_mixin.py:149} INFO - [2023-06-27T09:00:42.944+0000] {dag.py:3486} INFO - Setting next_dagrun for tutorial_taskflow_api to None, run_after=None
[2023-06-27T09:00:43.192+0000] {processor.py:179} INFO - Processing /home/airflow/.local/lib/python3.8/site-packages/airflow/example_dags/tutorial_taskflow_api.py took 0.989 seconds
[2023-06-27T09:04:47.738+0000] {processor.py:157} INFO - Started process (PID=864) to work on /home/airflow/.local/lib/python3.8/site-packages/airflow/example_dags/tutorial_taskflow_api.py
[2023-06-27T09:04:47.957+0000] {processor.py:826} INFO - Processing file /home/airflow/.local/lib/python3.8/site-packages/airflow/example_dags/tutorial_taskflow_api.py for tasks to queue
[2023-06-27T09:04:47.958+0000] {logging_mixin.py:149} INFO - [2023-06-27T09:04:47.958+0000] {dagbag.py:541} INFO - Filling up the DagBag from /home/airflow/.local/lib/python3.8/site-packages/airflow/example_dags/tutorial_taskflow_api.py
[2023-06-27T09:04:50.827+0000] {processor.py:836} INFO - DAG(s) dict_keys(['tutorial_taskflow_api']) retrieved from /home/airflow/.local/lib/python3.8/site-packages/airflow/example_dags/tutorial_taskflow_api.py
[2023-06-27T09:04:58.312+0000] {logging_mixin.py:149} INFO - [2023-06-27T09:04:58.311+0000] {dag.py:2726} INFO - Sync 1 DAGs
[2023-06-27T09:05:03.006+0000] {logging_mixin.py:149} INFO - [2023-06-27T09:05:03.005+0000] {dag.py:3486} INFO - Setting next_dagrun for tutorial_taskflow_api to None, run_after=None
[2023-06-27T09:05:05.939+0000] {processor.py:179} INFO - Processing /home/airflow/.local/lib/python3.8/site-packages/airflow/example_dags/tutorial_taskflow_api.py took 19.043 seconds
[2023-06-27T09:20:38.145+0000] {processor.py:157} INFO - Started process (PID=49) to work on /home/airflow/.local/lib/python3.8/site-packages/airflow/example_dags/tutorial_taskflow_api.py
[2023-06-27T09:20:38.167+0000] {processor.py:826} INFO - Processing file /home/airflow/.local/lib/python3.8/site-packages/airflow/example_dags/tutorial_taskflow_api.py for tasks to queue
[2023-06-27T09:20:38.168+0000] {logging_mixin.py:149} INFO - [2023-06-27T09:20:38.168+0000] {dagbag.py:541} INFO - Filling up the DagBag from /home/airflow/.local/lib/python3.8/site-packages/airflow/example_dags/tutorial_taskflow_api.py
[2023-06-27T09:20:38.239+0000] {processor.py:836} INFO - DAG(s) dict_keys(['tutorial_taskflow_api']) retrieved from /home/airflow/.local/lib/python3.8/site-packages/airflow/example_dags/tutorial_taskflow_api.py
[2023-06-27T09:20:38.483+0000] {logging_mixin.py:149} INFO - [2023-06-27T09:20:38.483+0000] {dag.py:2726} INFO - Sync 1 DAGs
[2023-06-27T09:20:38.747+0000] {logging_mixin.py:149} INFO - [2023-06-27T09:20:38.746+0000] {dag.py:3486} INFO - Setting next_dagrun for tutorial_taskflow_api to None, run_after=None
[2023-06-27T09:20:38.892+0000] {processor.py:179} INFO - Processing /home/airflow/.local/lib/python3.8/site-packages/airflow/example_dags/tutorial_taskflow_api.py took 0.784 seconds
[2023-06-27T09:21:09.159+0000] {processor.py:157} INFO - Started process (PID=108) to work on /home/airflow/.local/lib/python3.8/site-packages/airflow/example_dags/tutorial_taskflow_api.py
[2023-06-27T09:21:09.171+0000] {processor.py:826} INFO - Processing file /home/airflow/.local/lib/python3.8/site-packages/airflow/example_dags/tutorial_taskflow_api.py for tasks to queue
[2023-06-27T09:21:09.173+0000] {logging_mixin.py:149} INFO - [2023-06-27T09:21:09.173+0000] {dagbag.py:541} INFO - Filling up the DagBag from /home/airflow/.local/lib/python3.8/site-packages/airflow/example_dags/tutorial_taskflow_api.py
[2023-06-27T09:21:09.215+0000] {processor.py:836} INFO - DAG(s) dict_keys(['tutorial_taskflow_api']) retrieved from /home/airflow/.local/lib/python3.8/site-packages/airflow/example_dags/tutorial_taskflow_api.py
[2023-06-27T09:21:09.304+0000] {logging_mixin.py:149} INFO - [2023-06-27T09:21:09.303+0000] {dag.py:2726} INFO - Sync 1 DAGs
[2023-06-27T09:21:09.397+0000] {logging_mixin.py:149} INFO - [2023-06-27T09:21:09.397+0000] {dag.py:3486} INFO - Setting next_dagrun for tutorial_taskflow_api to None, run_after=None
[2023-06-27T09:21:09.459+0000] {processor.py:179} INFO - Processing /home/airflow/.local/lib/python3.8/site-packages/airflow/example_dags/tutorial_taskflow_api.py took 0.305 seconds
[2023-06-27T09:21:40.245+0000] {processor.py:157} INFO - Started process (PID=175) to work on /home/airflow/.local/lib/python3.8/site-packages/airflow/example_dags/tutorial_taskflow_api.py
[2023-06-27T09:21:40.246+0000] {processor.py:826} INFO - Processing file /home/airflow/.local/lib/python3.8/site-packages/airflow/example_dags/tutorial_taskflow_api.py for tasks to queue
[2023-06-27T09:21:40.248+0000] {logging_mixin.py:149} INFO - [2023-06-27T09:21:40.248+0000] {dagbag.py:541} INFO - Filling up the DagBag from /home/airflow/.local/lib/python3.8/site-packages/airflow/example_dags/tutorial_taskflow_api.py
[2023-06-27T09:21:40.257+0000] {processor.py:836} INFO - DAG(s) dict_keys(['tutorial_taskflow_api']) retrieved from /home/airflow/.local/lib/python3.8/site-packages/airflow/example_dags/tutorial_taskflow_api.py
[2023-06-27T09:21:40.288+0000] {logging_mixin.py:149} INFO - [2023-06-27T09:21:40.287+0000] {dag.py:2726} INFO - Sync 1 DAGs
[2023-06-27T09:21:40.317+0000] {logging_mixin.py:149} INFO - [2023-06-27T09:21:40.316+0000] {dag.py:3486} INFO - Setting next_dagrun for tutorial_taskflow_api to None, run_after=None
[2023-06-27T09:21:40.342+0000] {processor.py:179} INFO - Processing /home/airflow/.local/lib/python3.8/site-packages/airflow/example_dags/tutorial_taskflow_api.py took 0.100 seconds
[2023-06-27T09:22:10.552+0000] {processor.py:157} INFO - Started process (PID=242) to work on /home/airflow/.local/lib/python3.8/site-packages/airflow/example_dags/tutorial_taskflow_api.py
[2023-06-27T09:22:10.554+0000] {processor.py:826} INFO - Processing file /home/airflow/.local/lib/python3.8/site-packages/airflow/example_dags/tutorial_taskflow_api.py for tasks to queue
[2023-06-27T09:22:10.556+0000] {logging_mixin.py:149} INFO - [2023-06-27T09:22:10.556+0000] {dagbag.py:541} INFO - Filling up the DagBag from /home/airflow/.local/lib/python3.8/site-packages/airflow/example_dags/tutorial_taskflow_api.py
[2023-06-27T09:22:10.565+0000] {processor.py:836} INFO - DAG(s) dict_keys(['tutorial_taskflow_api']) retrieved from /home/airflow/.local/lib/python3.8/site-packages/airflow/example_dags/tutorial_taskflow_api.py
[2023-06-27T09:22:10.628+0000] {logging_mixin.py:149} INFO - [2023-06-27T09:22:10.627+0000] {dag.py:2726} INFO - Sync 1 DAGs
[2023-06-27T09:22:10.664+0000] {logging_mixin.py:149} INFO - [2023-06-27T09:22:10.664+0000] {dag.py:3486} INFO - Setting next_dagrun for tutorial_taskflow_api to None, run_after=None
[2023-06-27T09:22:10.704+0000] {processor.py:179} INFO - Processing /home/airflow/.local/lib/python3.8/site-packages/airflow/example_dags/tutorial_taskflow_api.py took 0.161 seconds
[2023-06-27T09:22:40.793+0000] {processor.py:157} INFO - Started process (PID=310) to work on /home/airflow/.local/lib/python3.8/site-packages/airflow/example_dags/tutorial_taskflow_api.py
[2023-06-27T09:22:40.794+0000] {processor.py:826} INFO - Processing file /home/airflow/.local/lib/python3.8/site-packages/airflow/example_dags/tutorial_taskflow_api.py for tasks to queue
[2023-06-27T09:22:40.797+0000] {logging_mixin.py:149} INFO - [2023-06-27T09:22:40.797+0000] {dagbag.py:541} INFO - Filling up the DagBag from /home/airflow/.local/lib/python3.8/site-packages/airflow/example_dags/tutorial_taskflow_api.py
[2023-06-27T09:22:40.805+0000] {processor.py:836} INFO - DAG(s) dict_keys(['tutorial_taskflow_api']) retrieved from /home/airflow/.local/lib/python3.8/site-packages/airflow/example_dags/tutorial_taskflow_api.py
[2023-06-27T09:22:40.836+0000] {logging_mixin.py:149} INFO - [2023-06-27T09:22:40.836+0000] {dag.py:2726} INFO - Sync 1 DAGs
[2023-06-27T09:22:40.866+0000] {logging_mixin.py:149} INFO - [2023-06-27T09:22:40.866+0000] {dag.py:3486} INFO - Setting next_dagrun for tutorial_taskflow_api to None, run_after=None
[2023-06-27T09:22:40.888+0000] {processor.py:179} INFO - Processing /home/airflow/.local/lib/python3.8/site-packages/airflow/example_dags/tutorial_taskflow_api.py took 0.100 seconds
[2023-06-27T09:23:11.188+0000] {processor.py:157} INFO - Started process (PID=377) to work on /home/airflow/.local/lib/python3.8/site-packages/airflow/example_dags/tutorial_taskflow_api.py
[2023-06-27T09:23:11.191+0000] {processor.py:826} INFO - Processing file /home/airflow/.local/lib/python3.8/site-packages/airflow/example_dags/tutorial_taskflow_api.py for tasks to queue
[2023-06-27T09:23:11.193+0000] {logging_mixin.py:149} INFO - [2023-06-27T09:23:11.192+0000] {dagbag.py:541} INFO - Filling up the DagBag from /home/airflow/.local/lib/python3.8/site-packages/airflow/example_dags/tutorial_taskflow_api.py
[2023-06-27T09:23:11.213+0000] {processor.py:836} INFO - DAG(s) dict_keys(['tutorial_taskflow_api']) retrieved from /home/airflow/.local/lib/python3.8/site-packages/airflow/example_dags/tutorial_taskflow_api.py
[2023-06-27T09:23:11.272+0000] {logging_mixin.py:149} INFO - [2023-06-27T09:23:11.272+0000] {dag.py:2726} INFO - Sync 1 DAGs
[2023-06-27T09:23:11.302+0000] {logging_mixin.py:149} INFO - [2023-06-27T09:23:11.301+0000] {dag.py:3486} INFO - Setting next_dagrun for tutorial_taskflow_api to None, run_after=None
[2023-06-27T09:23:11.324+0000] {processor.py:179} INFO - Processing /home/airflow/.local/lib/python3.8/site-packages/airflow/example_dags/tutorial_taskflow_api.py took 0.145 seconds
[2023-06-27T09:23:42.011+0000] {processor.py:157} INFO - Started process (PID=443) to work on /home/airflow/.local/lib/python3.8/site-packages/airflow/example_dags/tutorial_taskflow_api.py
[2023-06-27T09:23:42.013+0000] {processor.py:826} INFO - Processing file /home/airflow/.local/lib/python3.8/site-packages/airflow/example_dags/tutorial_taskflow_api.py for tasks to queue
[2023-06-27T09:23:42.015+0000] {logging_mixin.py:149} INFO - [2023-06-27T09:23:42.015+0000] {dagbag.py:541} INFO - Filling up the DagBag from /home/airflow/.local/lib/python3.8/site-packages/airflow/example_dags/tutorial_taskflow_api.py
[2023-06-27T09:23:42.025+0000] {processor.py:836} INFO - DAG(s) dict_keys(['tutorial_taskflow_api']) retrieved from /home/airflow/.local/lib/python3.8/site-packages/airflow/example_dags/tutorial_taskflow_api.py
[2023-06-27T09:23:42.065+0000] {logging_mixin.py:149} INFO - [2023-06-27T09:23:42.065+0000] {dag.py:2726} INFO - Sync 1 DAGs
[2023-06-27T09:23:42.112+0000] {logging_mixin.py:149} INFO - [2023-06-27T09:23:42.111+0000] {dag.py:3486} INFO - Setting next_dagrun for tutorial_taskflow_api to None, run_after=None
[2023-06-27T09:23:42.135+0000] {processor.py:179} INFO - Processing /home/airflow/.local/lib/python3.8/site-packages/airflow/example_dags/tutorial_taskflow_api.py took 0.129 seconds
[2023-06-27T09:25:44.719+0000] {processor.py:157} INFO - Started process (PID=46) to work on /home/airflow/.local/lib/python3.8/site-packages/airflow/example_dags/tutorial_taskflow_api.py
[2023-06-27T09:25:44.727+0000] {processor.py:826} INFO - Processing file /home/airflow/.local/lib/python3.8/site-packages/airflow/example_dags/tutorial_taskflow_api.py for tasks to queue
[2023-06-27T09:25:44.728+0000] {logging_mixin.py:149} INFO - [2023-06-27T09:25:44.727+0000] {dagbag.py:541} INFO - Filling up the DagBag from /home/airflow/.local/lib/python3.8/site-packages/airflow/example_dags/tutorial_taskflow_api.py
[2023-06-27T09:25:44.806+0000] {processor.py:836} INFO - DAG(s) dict_keys(['tutorial_taskflow_api']) retrieved from /home/airflow/.local/lib/python3.8/site-packages/airflow/example_dags/tutorial_taskflow_api.py
[2023-06-27T09:25:45.008+0000] {logging_mixin.py:149} INFO - [2023-06-27T09:25:45.007+0000] {dag.py:2726} INFO - Sync 1 DAGs
[2023-06-27T09:25:45.191+0000] {logging_mixin.py:149} INFO - [2023-06-27T09:25:45.191+0000] {dag.py:3486} INFO - Setting next_dagrun for tutorial_taskflow_api to None, run_after=None
[2023-06-27T09:25:45.320+0000] {processor.py:179} INFO - Processing /home/airflow/.local/lib/python3.8/site-packages/airflow/example_dags/tutorial_taskflow_api.py took 0.646 seconds
[2023-06-27T09:26:15.705+0000] {processor.py:157} INFO - Started process (PID=103) to work on /home/airflow/.local/lib/python3.8/site-packages/airflow/example_dags/tutorial_taskflow_api.py
[2023-06-27T09:26:15.710+0000] {processor.py:826} INFO - Processing file /home/airflow/.local/lib/python3.8/site-packages/airflow/example_dags/tutorial_taskflow_api.py for tasks to queue
[2023-06-27T09:26:15.712+0000] {logging_mixin.py:149} INFO - [2023-06-27T09:26:15.712+0000] {dagbag.py:541} INFO - Filling up the DagBag from /home/airflow/.local/lib/python3.8/site-packages/airflow/example_dags/tutorial_taskflow_api.py
[2023-06-27T09:26:15.750+0000] {processor.py:836} INFO - DAG(s) dict_keys(['tutorial_taskflow_api']) retrieved from /home/airflow/.local/lib/python3.8/site-packages/airflow/example_dags/tutorial_taskflow_api.py
[2023-06-27T09:26:15.819+0000] {logging_mixin.py:149} INFO - [2023-06-27T09:26:15.819+0000] {dag.py:2726} INFO - Sync 1 DAGs
[2023-06-27T09:26:15.875+0000] {logging_mixin.py:149} INFO - [2023-06-27T09:26:15.875+0000] {dag.py:3486} INFO - Setting next_dagrun for tutorial_taskflow_api to None, run_after=None
[2023-06-27T09:26:15.916+0000] {processor.py:179} INFO - Processing /home/airflow/.local/lib/python3.8/site-packages/airflow/example_dags/tutorial_taskflow_api.py took 0.228 seconds
[2023-06-27T09:26:46.757+0000] {processor.py:157} INFO - Started process (PID=178) to work on /home/airflow/.local/lib/python3.8/site-packages/airflow/example_dags/tutorial_taskflow_api.py
[2023-06-27T09:26:46.760+0000] {processor.py:826} INFO - Processing file /home/airflow/.local/lib/python3.8/site-packages/airflow/example_dags/tutorial_taskflow_api.py for tasks to queue
[2023-06-27T09:26:46.762+0000] {logging_mixin.py:149} INFO - [2023-06-27T09:26:46.762+0000] {dagbag.py:541} INFO - Filling up the DagBag from /home/airflow/.local/lib/python3.8/site-packages/airflow/example_dags/tutorial_taskflow_api.py
[2023-06-27T09:26:46.782+0000] {processor.py:836} INFO - DAG(s) dict_keys(['tutorial_taskflow_api']) retrieved from /home/airflow/.local/lib/python3.8/site-packages/airflow/example_dags/tutorial_taskflow_api.py
[2023-06-27T09:26:46.815+0000] {logging_mixin.py:149} INFO - [2023-06-27T09:26:46.815+0000] {dag.py:2726} INFO - Sync 1 DAGs
[2023-06-27T09:26:46.844+0000] {logging_mixin.py:149} INFO - [2023-06-27T09:26:46.844+0000] {dag.py:3486} INFO - Setting next_dagrun for tutorial_taskflow_api to None, run_after=None
[2023-06-27T09:26:46.868+0000] {processor.py:179} INFO - Processing /home/airflow/.local/lib/python3.8/site-packages/airflow/example_dags/tutorial_taskflow_api.py took 0.118 seconds
[2023-06-27T09:27:17.155+0000] {processor.py:157} INFO - Started process (PID=242) to work on /home/airflow/.local/lib/python3.8/site-packages/airflow/example_dags/tutorial_taskflow_api.py
[2023-06-27T09:27:17.156+0000] {processor.py:826} INFO - Processing file /home/airflow/.local/lib/python3.8/site-packages/airflow/example_dags/tutorial_taskflow_api.py for tasks to queue
[2023-06-27T09:27:17.158+0000] {logging_mixin.py:149} INFO - [2023-06-27T09:27:17.158+0000] {dagbag.py:541} INFO - Filling up the DagBag from /home/airflow/.local/lib/python3.8/site-packages/airflow/example_dags/tutorial_taskflow_api.py
[2023-06-27T09:27:17.167+0000] {processor.py:836} INFO - DAG(s) dict_keys(['tutorial_taskflow_api']) retrieved from /home/airflow/.local/lib/python3.8/site-packages/airflow/example_dags/tutorial_taskflow_api.py
[2023-06-27T09:27:17.198+0000] {logging_mixin.py:149} INFO - [2023-06-27T09:27:17.198+0000] {dag.py:2726} INFO - Sync 1 DAGs
[2023-06-27T09:27:17.225+0000] {logging_mixin.py:149} INFO - [2023-06-27T09:27:17.225+0000] {dag.py:3486} INFO - Setting next_dagrun for tutorial_taskflow_api to None, run_after=None
[2023-06-27T09:27:17.247+0000] {processor.py:179} INFO - Processing /home/airflow/.local/lib/python3.8/site-packages/airflow/example_dags/tutorial_taskflow_api.py took 0.096 seconds
[2023-06-27T09:27:47.601+0000] {processor.py:157} INFO - Started process (PID=308) to work on /home/airflow/.local/lib/python3.8/site-packages/airflow/example_dags/tutorial_taskflow_api.py
[2023-06-27T09:27:47.602+0000] {processor.py:826} INFO - Processing file /home/airflow/.local/lib/python3.8/site-packages/airflow/example_dags/tutorial_taskflow_api.py for tasks to queue
[2023-06-27T09:27:47.604+0000] {logging_mixin.py:149} INFO - [2023-06-27T09:27:47.604+0000] {dagbag.py:541} INFO - Filling up the DagBag from /home/airflow/.local/lib/python3.8/site-packages/airflow/example_dags/tutorial_taskflow_api.py
[2023-06-27T09:27:47.613+0000] {processor.py:836} INFO - DAG(s) dict_keys(['tutorial_taskflow_api']) retrieved from /home/airflow/.local/lib/python3.8/site-packages/airflow/example_dags/tutorial_taskflow_api.py
[2023-06-27T09:27:47.643+0000] {logging_mixin.py:149} INFO - [2023-06-27T09:27:47.643+0000] {dag.py:2726} INFO - Sync 1 DAGs
[2023-06-27T09:27:47.671+0000] {logging_mixin.py:149} INFO - [2023-06-27T09:27:47.671+0000] {dag.py:3486} INFO - Setting next_dagrun for tutorial_taskflow_api to None, run_after=None
[2023-06-27T09:27:47.692+0000] {processor.py:179} INFO - Processing /home/airflow/.local/lib/python3.8/site-packages/airflow/example_dags/tutorial_taskflow_api.py took 0.096 seconds
[2023-06-27T09:28:18.205+0000] {processor.py:157} INFO - Started process (PID=375) to work on /home/airflow/.local/lib/python3.8/site-packages/airflow/example_dags/tutorial_taskflow_api.py
[2023-06-27T09:28:18.206+0000] {processor.py:826} INFO - Processing file /home/airflow/.local/lib/python3.8/site-packages/airflow/example_dags/tutorial_taskflow_api.py for tasks to queue
[2023-06-27T09:28:18.208+0000] {logging_mixin.py:149} INFO - [2023-06-27T09:28:18.208+0000] {dagbag.py:541} INFO - Filling up the DagBag from /home/airflow/.local/lib/python3.8/site-packages/airflow/example_dags/tutorial_taskflow_api.py
[2023-06-27T09:28:18.217+0000] {processor.py:836} INFO - DAG(s) dict_keys(['tutorial_taskflow_api']) retrieved from /home/airflow/.local/lib/python3.8/site-packages/airflow/example_dags/tutorial_taskflow_api.py
[2023-06-27T09:28:18.251+0000] {logging_mixin.py:149} INFO - [2023-06-27T09:28:18.250+0000] {dag.py:2726} INFO - Sync 1 DAGs
[2023-06-27T09:28:18.279+0000] {logging_mixin.py:149} INFO - [2023-06-27T09:28:18.279+0000] {dag.py:3486} INFO - Setting next_dagrun for tutorial_taskflow_api to None, run_after=None
[2023-06-27T09:28:18.316+0000] {processor.py:179} INFO - Processing /home/airflow/.local/lib/python3.8/site-packages/airflow/example_dags/tutorial_taskflow_api.py took 0.116 seconds
[2023-06-27T09:28:48.460+0000] {processor.py:157} INFO - Started process (PID=450) to work on /home/airflow/.local/lib/python3.8/site-packages/airflow/example_dags/tutorial_taskflow_api.py
[2023-06-27T09:28:48.464+0000] {processor.py:826} INFO - Processing file /home/airflow/.local/lib/python3.8/site-packages/airflow/example_dags/tutorial_taskflow_api.py for tasks to queue
[2023-06-27T09:28:48.466+0000] {logging_mixin.py:149} INFO - [2023-06-27T09:28:48.466+0000] {dagbag.py:541} INFO - Filling up the DagBag from /home/airflow/.local/lib/python3.8/site-packages/airflow/example_dags/tutorial_taskflow_api.py
[2023-06-27T09:28:48.474+0000] {processor.py:836} INFO - DAG(s) dict_keys(['tutorial_taskflow_api']) retrieved from /home/airflow/.local/lib/python3.8/site-packages/airflow/example_dags/tutorial_taskflow_api.py
[2023-06-27T09:28:48.508+0000] {logging_mixin.py:149} INFO - [2023-06-27T09:28:48.508+0000] {dag.py:2726} INFO - Sync 1 DAGs
[2023-06-27T09:28:48.537+0000] {logging_mixin.py:149} INFO - [2023-06-27T09:28:48.536+0000] {dag.py:3486} INFO - Setting next_dagrun for tutorial_taskflow_api to None, run_after=None
[2023-06-27T09:28:48.558+0000] {processor.py:179} INFO - Processing /home/airflow/.local/lib/python3.8/site-packages/airflow/example_dags/tutorial_taskflow_api.py took 0.105 seconds
[2023-06-27T09:29:18.708+0000] {processor.py:157} INFO - Started process (PID=518) to work on /home/airflow/.local/lib/python3.8/site-packages/airflow/example_dags/tutorial_taskflow_api.py
[2023-06-27T09:29:18.709+0000] {processor.py:826} INFO - Processing file /home/airflow/.local/lib/python3.8/site-packages/airflow/example_dags/tutorial_taskflow_api.py for tasks to queue
[2023-06-27T09:29:18.711+0000] {logging_mixin.py:149} INFO - [2023-06-27T09:29:18.711+0000] {dagbag.py:541} INFO - Filling up the DagBag from /home/airflow/.local/lib/python3.8/site-packages/airflow/example_dags/tutorial_taskflow_api.py
[2023-06-27T09:29:18.719+0000] {processor.py:836} INFO - DAG(s) dict_keys(['tutorial_taskflow_api']) retrieved from /home/airflow/.local/lib/python3.8/site-packages/airflow/example_dags/tutorial_taskflow_api.py
[2023-06-27T09:29:18.751+0000] {logging_mixin.py:149} INFO - [2023-06-27T09:29:18.751+0000] {dag.py:2726} INFO - Sync 1 DAGs
[2023-06-27T09:29:18.781+0000] {logging_mixin.py:149} INFO - [2023-06-27T09:29:18.781+0000] {dag.py:3486} INFO - Setting next_dagrun for tutorial_taskflow_api to None, run_after=None
[2023-06-27T09:29:18.805+0000] {processor.py:179} INFO - Processing /home/airflow/.local/lib/python3.8/site-packages/airflow/example_dags/tutorial_taskflow_api.py took 0.102 seconds
[2023-06-27T09:29:49.463+0000] {processor.py:157} INFO - Started process (PID=585) to work on /home/airflow/.local/lib/python3.8/site-packages/airflow/example_dags/tutorial_taskflow_api.py
[2023-06-27T09:29:49.464+0000] {processor.py:826} INFO - Processing file /home/airflow/.local/lib/python3.8/site-packages/airflow/example_dags/tutorial_taskflow_api.py for tasks to queue
[2023-06-27T09:29:49.466+0000] {logging_mixin.py:149} INFO - [2023-06-27T09:29:49.466+0000] {dagbag.py:541} INFO - Filling up the DagBag from /home/airflow/.local/lib/python3.8/site-packages/airflow/example_dags/tutorial_taskflow_api.py
[2023-06-27T09:29:49.474+0000] {processor.py:836} INFO - DAG(s) dict_keys(['tutorial_taskflow_api']) retrieved from /home/airflow/.local/lib/python3.8/site-packages/airflow/example_dags/tutorial_taskflow_api.py
[2023-06-27T09:29:49.506+0000] {logging_mixin.py:149} INFO - [2023-06-27T09:29:49.505+0000] {dag.py:2726} INFO - Sync 1 DAGs
[2023-06-27T09:29:49.536+0000] {logging_mixin.py:149} INFO - [2023-06-27T09:29:49.535+0000] {dag.py:3486} INFO - Setting next_dagrun for tutorial_taskflow_api to None, run_after=None
[2023-06-27T09:29:49.559+0000] {processor.py:179} INFO - Processing /home/airflow/.local/lib/python3.8/site-packages/airflow/example_dags/tutorial_taskflow_api.py took 0.101 seconds
[2023-06-27T09:30:20.327+0000] {processor.py:157} INFO - Started process (PID=656) to work on /home/airflow/.local/lib/python3.8/site-packages/airflow/example_dags/tutorial_taskflow_api.py
[2023-06-27T09:30:20.328+0000] {processor.py:826} INFO - Processing file /home/airflow/.local/lib/python3.8/site-packages/airflow/example_dags/tutorial_taskflow_api.py for tasks to queue
[2023-06-27T09:30:20.330+0000] {logging_mixin.py:149} INFO - [2023-06-27T09:30:20.330+0000] {dagbag.py:541} INFO - Filling up the DagBag from /home/airflow/.local/lib/python3.8/site-packages/airflow/example_dags/tutorial_taskflow_api.py
[2023-06-27T09:30:20.338+0000] {processor.py:836} INFO - DAG(s) dict_keys(['tutorial_taskflow_api']) retrieved from /home/airflow/.local/lib/python3.8/site-packages/airflow/example_dags/tutorial_taskflow_api.py
[2023-06-27T09:30:20.380+0000] {logging_mixin.py:149} INFO - [2023-06-27T09:30:20.379+0000] {dag.py:2726} INFO - Sync 1 DAGs
[2023-06-27T09:30:20.415+0000] {logging_mixin.py:149} INFO - [2023-06-27T09:30:20.415+0000] {dag.py:3486} INFO - Setting next_dagrun for tutorial_taskflow_api to None, run_after=None
[2023-06-27T09:30:20.436+0000] {processor.py:179} INFO - Processing /home/airflow/.local/lib/python3.8/site-packages/airflow/example_dags/tutorial_taskflow_api.py took 0.118 seconds
[2023-06-27T09:30:50.700+0000] {processor.py:157} INFO - Started process (PID=734) to work on /home/airflow/.local/lib/python3.8/site-packages/airflow/example_dags/tutorial_taskflow_api.py
[2023-06-27T09:30:50.701+0000] {processor.py:826} INFO - Processing file /home/airflow/.local/lib/python3.8/site-packages/airflow/example_dags/tutorial_taskflow_api.py for tasks to queue
[2023-06-27T09:30:50.703+0000] {logging_mixin.py:149} INFO - [2023-06-27T09:30:50.703+0000] {dagbag.py:541} INFO - Filling up the DagBag from /home/airflow/.local/lib/python3.8/site-packages/airflow/example_dags/tutorial_taskflow_api.py
[2023-06-27T09:30:50.712+0000] {processor.py:836} INFO - DAG(s) dict_keys(['tutorial_taskflow_api']) retrieved from /home/airflow/.local/lib/python3.8/site-packages/airflow/example_dags/tutorial_taskflow_api.py
[2023-06-27T09:30:50.742+0000] {logging_mixin.py:149} INFO - [2023-06-27T09:30:50.742+0000] {dag.py:2726} INFO - Sync 1 DAGs
[2023-06-27T09:30:50.771+0000] {logging_mixin.py:149} INFO - [2023-06-27T09:30:50.771+0000] {dag.py:3486} INFO - Setting next_dagrun for tutorial_taskflow_api to None, run_after=None
[2023-06-27T09:30:50.792+0000] {processor.py:179} INFO - Processing /home/airflow/.local/lib/python3.8/site-packages/airflow/example_dags/tutorial_taskflow_api.py took 0.096 seconds
[2023-06-27T09:31:21.725+0000] {processor.py:157} INFO - Started process (PID=801) to work on /home/airflow/.local/lib/python3.8/site-packages/airflow/example_dags/tutorial_taskflow_api.py
[2023-06-27T09:31:21.735+0000] {processor.py:826} INFO - Processing file /home/airflow/.local/lib/python3.8/site-packages/airflow/example_dags/tutorial_taskflow_api.py for tasks to queue
[2023-06-27T09:31:21.738+0000] {logging_mixin.py:149} INFO - [2023-06-27T09:31:21.738+0000] {dagbag.py:541} INFO - Filling up the DagBag from /home/airflow/.local/lib/python3.8/site-packages/airflow/example_dags/tutorial_taskflow_api.py
[2023-06-27T09:31:21.770+0000] {processor.py:836} INFO - DAG(s) dict_keys(['tutorial_taskflow_api']) retrieved from /home/airflow/.local/lib/python3.8/site-packages/airflow/example_dags/tutorial_taskflow_api.py
[2023-06-27T09:31:21.834+0000] {logging_mixin.py:149} INFO - [2023-06-27T09:31:21.834+0000] {dag.py:2726} INFO - Sync 1 DAGs
[2023-06-27T09:31:21.864+0000] {logging_mixin.py:149} INFO - [2023-06-27T09:31:21.864+0000] {dag.py:3486} INFO - Setting next_dagrun for tutorial_taskflow_api to None, run_after=None
[2023-06-27T09:31:21.886+0000] {processor.py:179} INFO - Processing /home/airflow/.local/lib/python3.8/site-packages/airflow/example_dags/tutorial_taskflow_api.py took 0.170 seconds
[2023-06-27T09:31:51.920+0000] {processor.py:157} INFO - Started process (PID=868) to work on /home/airflow/.local/lib/python3.8/site-packages/airflow/example_dags/tutorial_taskflow_api.py
[2023-06-27T09:31:51.921+0000] {processor.py:826} INFO - Processing file /home/airflow/.local/lib/python3.8/site-packages/airflow/example_dags/tutorial_taskflow_api.py for tasks to queue
[2023-06-27T09:31:51.922+0000] {logging_mixin.py:149} INFO - [2023-06-27T09:31:51.922+0000] {dagbag.py:541} INFO - Filling up the DagBag from /home/airflow/.local/lib/python3.8/site-packages/airflow/example_dags/tutorial_taskflow_api.py
[2023-06-27T09:31:51.930+0000] {processor.py:836} INFO - DAG(s) dict_keys(['tutorial_taskflow_api']) retrieved from /home/airflow/.local/lib/python3.8/site-packages/airflow/example_dags/tutorial_taskflow_api.py
[2023-06-27T09:31:51.960+0000] {logging_mixin.py:149} INFO - [2023-06-27T09:31:51.959+0000] {dag.py:2726} INFO - Sync 1 DAGs
[2023-06-27T09:31:51.987+0000] {logging_mixin.py:149} INFO - [2023-06-27T09:31:51.987+0000] {dag.py:3486} INFO - Setting next_dagrun for tutorial_taskflow_api to None, run_after=None
[2023-06-27T09:31:52.022+0000] {processor.py:179} INFO - Processing /home/airflow/.local/lib/python3.8/site-packages/airflow/example_dags/tutorial_taskflow_api.py took 0.107 seconds
[2023-06-27T09:32:22.483+0000] {processor.py:157} INFO - Started process (PID=941) to work on /home/airflow/.local/lib/python3.8/site-packages/airflow/example_dags/tutorial_taskflow_api.py
[2023-06-27T09:32:22.484+0000] {processor.py:826} INFO - Processing file /home/airflow/.local/lib/python3.8/site-packages/airflow/example_dags/tutorial_taskflow_api.py for tasks to queue
[2023-06-27T09:32:22.486+0000] {logging_mixin.py:149} INFO - [2023-06-27T09:32:22.486+0000] {dagbag.py:541} INFO - Filling up the DagBag from /home/airflow/.local/lib/python3.8/site-packages/airflow/example_dags/tutorial_taskflow_api.py
[2023-06-27T09:32:22.494+0000] {processor.py:836} INFO - DAG(s) dict_keys(['tutorial_taskflow_api']) retrieved from /home/airflow/.local/lib/python3.8/site-packages/airflow/example_dags/tutorial_taskflow_api.py
[2023-06-27T09:32:22.524+0000] {logging_mixin.py:149} INFO - [2023-06-27T09:32:22.523+0000] {dag.py:2726} INFO - Sync 1 DAGs
[2023-06-27T09:32:22.551+0000] {logging_mixin.py:149} INFO - [2023-06-27T09:32:22.551+0000] {dag.py:3486} INFO - Setting next_dagrun for tutorial_taskflow_api to None, run_after=None
[2023-06-27T09:32:22.571+0000] {processor.py:179} INFO - Processing /home/airflow/.local/lib/python3.8/site-packages/airflow/example_dags/tutorial_taskflow_api.py took 0.093 seconds
[2023-06-27T09:32:53.640+0000] {processor.py:157} INFO - Started process (PID=1010) to work on /home/airflow/.local/lib/python3.8/site-packages/airflow/example_dags/tutorial_taskflow_api.py
[2023-06-27T09:32:53.641+0000] {processor.py:826} INFO - Processing file /home/airflow/.local/lib/python3.8/site-packages/airflow/example_dags/tutorial_taskflow_api.py for tasks to queue
[2023-06-27T09:32:53.645+0000] {logging_mixin.py:149} INFO - [2023-06-27T09:32:53.644+0000] {dagbag.py:541} INFO - Filling up the DagBag from /home/airflow/.local/lib/python3.8/site-packages/airflow/example_dags/tutorial_taskflow_api.py
[2023-06-27T09:32:53.666+0000] {processor.py:836} INFO - DAG(s) dict_keys(['tutorial_taskflow_api']) retrieved from /home/airflow/.local/lib/python3.8/site-packages/airflow/example_dags/tutorial_taskflow_api.py
[2023-06-27T09:32:53.773+0000] {logging_mixin.py:149} INFO - [2023-06-27T09:32:53.772+0000] {dag.py:2726} INFO - Sync 1 DAGs
[2023-06-27T09:32:53.859+0000] {logging_mixin.py:149} INFO - [2023-06-27T09:32:53.859+0000] {dag.py:3486} INFO - Setting next_dagrun for tutorial_taskflow_api to None, run_after=None
[2023-06-27T09:32:53.937+0000] {processor.py:179} INFO - Processing /home/airflow/.local/lib/python3.8/site-packages/airflow/example_dags/tutorial_taskflow_api.py took 0.315 seconds
[2023-06-27T09:33:24.230+0000] {processor.py:157} INFO - Started process (PID=1078) to work on /home/airflow/.local/lib/python3.8/site-packages/airflow/example_dags/tutorial_taskflow_api.py
[2023-06-27T09:33:24.245+0000] {processor.py:826} INFO - Processing file /home/airflow/.local/lib/python3.8/site-packages/airflow/example_dags/tutorial_taskflow_api.py for tasks to queue
[2023-06-27T09:33:24.253+0000] {logging_mixin.py:149} INFO - [2023-06-27T09:33:24.252+0000] {dagbag.py:541} INFO - Filling up the DagBag from /home/airflow/.local/lib/python3.8/site-packages/airflow/example_dags/tutorial_taskflow_api.py
[2023-06-27T09:33:24.294+0000] {processor.py:836} INFO - DAG(s) dict_keys(['tutorial_taskflow_api']) retrieved from /home/airflow/.local/lib/python3.8/site-packages/airflow/example_dags/tutorial_taskflow_api.py
[2023-06-27T09:33:24.424+0000] {logging_mixin.py:149} INFO - [2023-06-27T09:33:24.423+0000] {dag.py:2726} INFO - Sync 1 DAGs
[2023-06-27T09:33:24.538+0000] {logging_mixin.py:149} INFO - [2023-06-27T09:33:24.537+0000] {dag.py:3486} INFO - Setting next_dagrun for tutorial_taskflow_api to None, run_after=None
[2023-06-27T09:33:24.613+0000] {processor.py:179} INFO - Processing /home/airflow/.local/lib/python3.8/site-packages/airflow/example_dags/tutorial_taskflow_api.py took 0.395 seconds
[2023-06-27T09:33:54.833+0000] {processor.py:157} INFO - Started process (PID=1145) to work on /home/airflow/.local/lib/python3.8/site-packages/airflow/example_dags/tutorial_taskflow_api.py
[2023-06-27T09:33:54.843+0000] {processor.py:826} INFO - Processing file /home/airflow/.local/lib/python3.8/site-packages/airflow/example_dags/tutorial_taskflow_api.py for tasks to queue
[2023-06-27T09:33:54.845+0000] {logging_mixin.py:149} INFO - [2023-06-27T09:33:54.845+0000] {dagbag.py:541} INFO - Filling up the DagBag from /home/airflow/.local/lib/python3.8/site-packages/airflow/example_dags/tutorial_taskflow_api.py
[2023-06-27T09:33:54.869+0000] {processor.py:836} INFO - DAG(s) dict_keys(['tutorial_taskflow_api']) retrieved from /home/airflow/.local/lib/python3.8/site-packages/airflow/example_dags/tutorial_taskflow_api.py
[2023-06-27T09:33:54.905+0000] {logging_mixin.py:149} INFO - [2023-06-27T09:33:54.904+0000] {dag.py:2726} INFO - Sync 1 DAGs
[2023-06-27T09:33:54.932+0000] {logging_mixin.py:149} INFO - [2023-06-27T09:33:54.932+0000] {dag.py:3486} INFO - Setting next_dagrun for tutorial_taskflow_api to None, run_after=None
[2023-06-27T09:33:54.952+0000] {processor.py:179} INFO - Processing /home/airflow/.local/lib/python3.8/site-packages/airflow/example_dags/tutorial_taskflow_api.py took 0.132 seconds
[2023-06-27T09:34:25.717+0000] {processor.py:157} INFO - Started process (PID=1212) to work on /home/airflow/.local/lib/python3.8/site-packages/airflow/example_dags/tutorial_taskflow_api.py
[2023-06-27T09:34:25.719+0000] {processor.py:826} INFO - Processing file /home/airflow/.local/lib/python3.8/site-packages/airflow/example_dags/tutorial_taskflow_api.py for tasks to queue
[2023-06-27T09:34:25.720+0000] {logging_mixin.py:149} INFO - [2023-06-27T09:34:25.720+0000] {dagbag.py:541} INFO - Filling up the DagBag from /home/airflow/.local/lib/python3.8/site-packages/airflow/example_dags/tutorial_taskflow_api.py
[2023-06-27T09:34:25.728+0000] {processor.py:836} INFO - DAG(s) dict_keys(['tutorial_taskflow_api']) retrieved from /home/airflow/.local/lib/python3.8/site-packages/airflow/example_dags/tutorial_taskflow_api.py
[2023-06-27T09:34:25.759+0000] {logging_mixin.py:149} INFO - [2023-06-27T09:34:25.758+0000] {dag.py:2726} INFO - Sync 1 DAGs
[2023-06-27T09:34:25.786+0000] {logging_mixin.py:149} INFO - [2023-06-27T09:34:25.786+0000] {dag.py:3486} INFO - Setting next_dagrun for tutorial_taskflow_api to None, run_after=None
[2023-06-27T09:34:25.807+0000] {processor.py:179} INFO - Processing /home/airflow/.local/lib/python3.8/site-packages/airflow/example_dags/tutorial_taskflow_api.py took 0.095 seconds
